[2025-10-16T13:33:43.345+0000] {taskinstance.py:1103} INFO - Dependencies all met for dep_context=non-requeueable deps ti=<TaskInstance: csv_etl_pipeline.load_data scheduled__2025-10-15T20:00:00+00:00 [queued]>
[2025-10-16T13:33:43.351+0000] {taskinstance.py:1103} INFO - Dependencies all met for dep_context=requeueable deps ti=<TaskInstance: csv_etl_pipeline.load_data scheduled__2025-10-15T20:00:00+00:00 [queued]>
[2025-10-16T13:33:43.352+0000] {taskinstance.py:1308} INFO - Starting attempt 1 of 1
[2025-10-16T13:33:43.363+0000] {taskinstance.py:1327} INFO - Executing <Task(PythonOperator): load_data> on 2025-10-15 20:00:00+00:00
[2025-10-16T13:33:43.368+0000] {standard_task_runner.py:57} INFO - Started process 89 to run task
[2025-10-16T13:33:43.372+0000] {standard_task_runner.py:84} INFO - Running: ['***', 'tasks', 'run', 'csv_etl_pipeline', 'load_data', 'scheduled__2025-10-15T20:00:00+00:00', '--job-id', '6', '--raw', '--subdir', 'DAGS_FOLDER/etl.py', '--cfg-path', '/tmp/tmp1tjvpc09']
[2025-10-16T13:33:43.372+0000] {standard_task_runner.py:85} INFO - Job 6: Subtask load_data
[2025-10-16T13:33:43.418+0000] {task_command.py:410} INFO - Running <TaskInstance: csv_etl_pipeline.load_data scheduled__2025-10-15T20:00:00+00:00 [running]> on host 977278e068a9
[2025-10-16T13:33:43.485+0000] {taskinstance.py:1547} INFO - Exporting env vars: AIRFLOW_CTX_DAG_OWNER='***' AIRFLOW_CTX_DAG_ID='csv_etl_pipeline' AIRFLOW_CTX_TASK_ID='load_data' AIRFLOW_CTX_EXECUTION_DATE='2025-10-15T20:00:00+00:00' AIRFLOW_CTX_TRY_NUMBER='1' AIRFLOW_CTX_DAG_RUN_ID='scheduled__2025-10-15T20:00:00+00:00'
[2025-10-16T13:33:43.513+0000] {python.py:183} INFO - Done. Returned value was: None
[2025-10-16T13:33:43.522+0000] {taskinstance.py:1350} INFO - Marking task as SUCCESS. dag_id=csv_etl_pipeline, task_id=load_data, execution_date=20251015T200000, start_date=20251016T133343, end_date=20251016T133343
[2025-10-16T13:33:43.543+0000] {local_task_job_runner.py:225} INFO - Task exited with return code 0
[2025-10-16T13:33:43.558+0000] {taskinstance.py:2651} INFO - 0 downstream tasks scheduled from follow-on schedule check
[2025-10-16T15:17:58.682+0000] {taskinstance.py:1159} INFO - Dependencies all met for dep_context=non-requeueable deps ti=<TaskInstance: csv_etl_pipeline.load_data scheduled__2025-10-15T20:00:00+00:00 [queued]>
[2025-10-16T15:17:58.689+0000] {taskinstance.py:1159} INFO - Dependencies all met for dep_context=requeueable deps ti=<TaskInstance: csv_etl_pipeline.load_data scheduled__2025-10-15T20:00:00+00:00 [queued]>
[2025-10-16T15:17:58.689+0000] {taskinstance.py:1361} INFO - Starting attempt 1 of 1
[2025-10-16T15:17:58.703+0000] {taskinstance.py:1382} INFO - Executing <Task(PythonOperator): load_data> on 2025-10-15 20:00:00+00:00
[2025-10-16T15:17:58.709+0000] {standard_task_runner.py:57} INFO - Started process 94 to run task
[2025-10-16T15:17:58.712+0000] {standard_task_runner.py:84} INFO - Running: ['***', 'tasks', 'run', 'csv_etl_pipeline', 'load_data', 'scheduled__2025-10-15T20:00:00+00:00', '--job-id', '7', '--raw', '--subdir', 'DAGS_FOLDER/etl.py', '--cfg-path', '/tmp/tmpfotbvev7']
[2025-10-16T15:17:58.713+0000] {standard_task_runner.py:85} INFO - Job 7: Subtask load_data
[2025-10-16T15:17:58.754+0000] {task_command.py:416} INFO - Running <TaskInstance: csv_etl_pipeline.load_data scheduled__2025-10-15T20:00:00+00:00 [running]> on host b4e3001b90ac
[2025-10-16T15:17:58.813+0000] {taskinstance.py:1662} INFO - Exporting env vars: AIRFLOW_CTX_DAG_OWNER='***' AIRFLOW_CTX_DAG_ID='csv_etl_pipeline' AIRFLOW_CTX_TASK_ID='load_data' AIRFLOW_CTX_EXECUTION_DATE='2025-10-15T20:00:00+00:00' AIRFLOW_CTX_TRY_NUMBER='1' AIRFLOW_CTX_DAG_RUN_ID='scheduled__2025-10-15T20:00:00+00:00'
[2025-10-16T15:17:58.839+0000] {python.py:194} INFO - Done. Returned value was: None
[2025-10-16T15:17:58.846+0000] {taskinstance.py:1400} INFO - Marking task as SUCCESS. dag_id=csv_etl_pipeline, task_id=load_data, execution_date=20251015T200000, start_date=20251016T151758, end_date=20251016T151758
[2025-10-16T15:17:58.884+0000] {local_task_job_runner.py:228} INFO - Task exited with return code 0
[2025-10-16T15:17:58.897+0000] {taskinstance.py:2778} INFO - 0 downstream tasks scheduled from follow-on schedule check
