[2025-10-17T08:08:57.996+0000] {taskinstance.py:1159} INFO - Dependencies all met for dep_context=non-requeueable deps ti=<TaskInstance: csv_etl_pipeline.request_api scheduled__2025-10-16T20:00:00+00:00 [queued]>
[2025-10-17T08:08:58.006+0000] {taskinstance.py:1159} INFO - Dependencies all met for dep_context=requeueable deps ti=<TaskInstance: csv_etl_pipeline.request_api scheduled__2025-10-16T20:00:00+00:00 [queued]>
[2025-10-17T08:08:58.006+0000] {taskinstance.py:1361} INFO - Starting attempt 1 of 1
[2025-10-17T08:08:58.018+0000] {taskinstance.py:1382} INFO - Executing <Task(PythonOperator): request_api> on 2025-10-16 20:00:00+00:00
[2025-10-17T08:08:58.024+0000] {standard_task_runner.py:57} INFO - Started process 77 to run task
[2025-10-17T08:08:58.029+0000] {standard_task_runner.py:84} INFO - Running: ['***', 'tasks', 'run', 'csv_etl_pipeline', 'request_api', 'scheduled__2025-10-16T20:00:00+00:00', '--job-id', '4', '--raw', '--subdir', 'DAGS_FOLDER/etl.py', '--cfg-path', '/tmp/tmphp0hpm6x']
[2025-10-17T08:08:58.030+0000] {standard_task_runner.py:85} INFO - Job 4: Subtask request_api
[2025-10-17T08:08:58.098+0000] {task_command.py:416} INFO - Running <TaskInstance: csv_etl_pipeline.request_api scheduled__2025-10-16T20:00:00+00:00 [running]> on host b7bfdf78a159
[2025-10-17T08:08:58.172+0000] {taskinstance.py:1662} INFO - Exporting env vars: AIRFLOW_CTX_DAG_OWNER='***' AIRFLOW_CTX_DAG_ID='csv_etl_pipeline' AIRFLOW_CTX_TASK_ID='request_api' AIRFLOW_CTX_EXECUTION_DATE='2025-10-16T20:00:00+00:00' AIRFLOW_CTX_TRY_NUMBER='1' AIRFLOW_CTX_DAG_RUN_ID='scheduled__2025-10-16T20:00:00+00:00'
[2025-10-17T08:08:58.185+0000] {logging_mixin.py:154} INFO - {"id":{"0":1,"1":2,"2":3},"urlgame":{"0":"https:\/\/www.instant-gaming.com\/en\/8003-buy-celeste-pc-mac-game-steam\/","1":"https:\/\/www.instant-gaming.com\/en\/2198-buy-hollow-knight-pc-mac-steam\/","2":"https:\/\/www.instant-gaming.com\/en\/4824-buy-elden-ring-pc-steam\/"},"game":{"0":"Celeste","1":"Hollow Knight","2":"Elden ring"}}
[2025-10-17T08:09:00.065+0000] {python.py:194} INFO - Done. Returned value was: {"id":{"0":1,"1":2,"2":3},"prix":{"0":6.65,"1":12.99,"2":28.59},"logdate":{"0":"2025-10-17T08:09:00.054235","1":"2025-10-17T08:09:00.054235","2":"2025-10-17T08:09:00.054235"}}
[2025-10-17T08:09:00.106+0000] {taskinstance.py:1400} INFO - Marking task as SUCCESS. dag_id=csv_etl_pipeline, task_id=request_api, execution_date=20251016T200000, start_date=20251017T080857, end_date=20251017T080900
[2025-10-17T08:09:00.167+0000] {local_task_job_runner.py:228} INFO - Task exited with return code 0
[2025-10-17T08:09:00.197+0000] {taskinstance.py:2778} INFO - 1 downstream tasks scheduled from follow-on schedule check
[2025-10-17T08:12:39.823+0000] {taskinstance.py:1159} INFO - Dependencies all met for dep_context=non-requeueable deps ti=<TaskInstance: csv_etl_pipeline.request_api scheduled__2025-10-16T20:00:00+00:00 [queued]>
[2025-10-17T08:12:39.832+0000] {taskinstance.py:1159} INFO - Dependencies all met for dep_context=requeueable deps ti=<TaskInstance: csv_etl_pipeline.request_api scheduled__2025-10-16T20:00:00+00:00 [queued]>
[2025-10-17T08:12:39.832+0000] {taskinstance.py:1361} INFO - Starting attempt 1 of 1
[2025-10-17T08:12:39.842+0000] {taskinstance.py:1382} INFO - Executing <Task(PythonOperator): request_api> on 2025-10-16 20:00:00+00:00
[2025-10-17T08:12:39.850+0000] {standard_task_runner.py:57} INFO - Started process 77 to run task
[2025-10-17T08:12:39.853+0000] {standard_task_runner.py:84} INFO - Running: ['***', 'tasks', 'run', 'csv_etl_pipeline', 'request_api', 'scheduled__2025-10-16T20:00:00+00:00', '--job-id', '4', '--raw', '--subdir', 'DAGS_FOLDER/etl.py', '--cfg-path', '/tmp/tmp961fahq7']
[2025-10-17T08:12:39.854+0000] {standard_task_runner.py:85} INFO - Job 4: Subtask request_api
[2025-10-17T08:12:39.906+0000] {task_command.py:416} INFO - Running <TaskInstance: csv_etl_pipeline.request_api scheduled__2025-10-16T20:00:00+00:00 [running]> on host 532d771fe9a3
[2025-10-17T08:12:40.008+0000] {taskinstance.py:1662} INFO - Exporting env vars: AIRFLOW_CTX_DAG_OWNER='***' AIRFLOW_CTX_DAG_ID='csv_etl_pipeline' AIRFLOW_CTX_TASK_ID='request_api' AIRFLOW_CTX_EXECUTION_DATE='2025-10-16T20:00:00+00:00' AIRFLOW_CTX_TRY_NUMBER='1' AIRFLOW_CTX_DAG_RUN_ID='scheduled__2025-10-16T20:00:00+00:00'
[2025-10-17T08:12:40.022+0000] {logging_mixin.py:154} INFO - {"id":{"0":1,"1":2,"2":3},"urlgame":{"0":"https:\/\/www.instant-gaming.com\/en\/8003-buy-celeste-pc-mac-game-steam\/","1":"https:\/\/www.instant-gaming.com\/en\/2198-buy-hollow-knight-pc-mac-steam\/","2":"https:\/\/www.instant-gaming.com\/en\/4824-buy-elden-ring-pc-steam\/"},"game":{"0":"Celeste","1":"Hollow Knight","2":"Elden ring"}}
[2025-10-17T08:12:42.228+0000] {python.py:194} INFO - Done. Returned value was: {"id":{"0":1,"1":2,"2":3},"prix":{"0":6.65,"1":12.99,"2":28.59},"logdate":{"0":"2025-10-17T08:12:42.225806","1":"2025-10-17T08:12:42.225806","2":"2025-10-17T08:12:42.225806"}}
[2025-10-17T08:12:42.254+0000] {taskinstance.py:1400} INFO - Marking task as SUCCESS. dag_id=csv_etl_pipeline, task_id=request_api, execution_date=20251016T200000, start_date=20251017T081239, end_date=20251017T081242
[2025-10-17T08:12:42.314+0000] {local_task_job_runner.py:228} INFO - Task exited with return code 0
[2025-10-17T08:12:42.343+0000] {taskinstance.py:2778} INFO - 1 downstream tasks scheduled from follow-on schedule check
[2025-10-17T08:14:53.610+0000] {taskinstance.py:1159} INFO - Dependencies all met for dep_context=non-requeueable deps ti=<TaskInstance: csv_etl_pipeline.request_api scheduled__2025-10-16T20:00:00+00:00 [queued]>
[2025-10-17T08:14:53.618+0000] {taskinstance.py:1159} INFO - Dependencies all met for dep_context=requeueable deps ti=<TaskInstance: csv_etl_pipeline.request_api scheduled__2025-10-16T20:00:00+00:00 [queued]>
[2025-10-17T08:14:53.619+0000] {taskinstance.py:1361} INFO - Starting attempt 1 of 1
[2025-10-17T08:14:53.628+0000] {taskinstance.py:1382} INFO - Executing <Task(PythonOperator): request_api> on 2025-10-16 20:00:00+00:00
[2025-10-17T08:14:53.633+0000] {standard_task_runner.py:57} INFO - Started process 76 to run task
[2025-10-17T08:14:53.637+0000] {standard_task_runner.py:84} INFO - Running: ['***', 'tasks', 'run', 'csv_etl_pipeline', 'request_api', 'scheduled__2025-10-16T20:00:00+00:00', '--job-id', '4', '--raw', '--subdir', 'DAGS_FOLDER/etl.py', '--cfg-path', '/tmp/tmpqbkk9ita']
[2025-10-17T08:14:53.640+0000] {standard_task_runner.py:85} INFO - Job 4: Subtask request_api
[2025-10-17T08:14:53.688+0000] {task_command.py:416} INFO - Running <TaskInstance: csv_etl_pipeline.request_api scheduled__2025-10-16T20:00:00+00:00 [running]> on host e82aa66f271e
[2025-10-17T08:14:53.750+0000] {taskinstance.py:1662} INFO - Exporting env vars: AIRFLOW_CTX_DAG_OWNER='***' AIRFLOW_CTX_DAG_ID='csv_etl_pipeline' AIRFLOW_CTX_TASK_ID='request_api' AIRFLOW_CTX_EXECUTION_DATE='2025-10-16T20:00:00+00:00' AIRFLOW_CTX_TRY_NUMBER='1' AIRFLOW_CTX_DAG_RUN_ID='scheduled__2025-10-16T20:00:00+00:00'
[2025-10-17T08:14:53.762+0000] {logging_mixin.py:154} INFO - {"id":{"0":1,"1":2,"2":3},"urlgame":{"0":"https:\/\/www.instant-gaming.com\/en\/8003-buy-celeste-pc-mac-game-steam\/","1":"https:\/\/www.instant-gaming.com\/en\/2198-buy-hollow-knight-pc-mac-steam\/","2":"https:\/\/www.instant-gaming.com\/en\/4824-buy-elden-ring-pc-steam\/"},"game":{"0":"Celeste","1":"Hollow Knight","2":"Elden ring"}}
[2025-10-17T08:14:55.640+0000] {python.py:194} INFO - Done. Returned value was: {"id":{"0":1,"1":2,"2":3},"prix":{"0":6.65,"1":12.99,"2":28.59},"logdate":{"0":"2025-10-17T08:14:55.637111","1":"2025-10-17T08:14:55.637111","2":"2025-10-17T08:14:55.637111"}}
[2025-10-17T08:14:55.664+0000] {taskinstance.py:1400} INFO - Marking task as SUCCESS. dag_id=csv_etl_pipeline, task_id=request_api, execution_date=20251016T200000, start_date=20251017T081453, end_date=20251017T081455
[2025-10-17T08:14:55.698+0000] {local_task_job_runner.py:228} INFO - Task exited with return code 0
[2025-10-17T08:14:55.720+0000] {taskinstance.py:2778} INFO - 1 downstream tasks scheduled from follow-on schedule check
[2025-10-17T08:28:18.893+0000] {taskinstance.py:1159} INFO - Dependencies all met for dep_context=non-requeueable deps ti=<TaskInstance: csv_etl_pipeline.request_api scheduled__2025-10-16T20:00:00+00:00 [queued]>
[2025-10-17T08:28:18.901+0000] {taskinstance.py:1159} INFO - Dependencies all met for dep_context=requeueable deps ti=<TaskInstance: csv_etl_pipeline.request_api scheduled__2025-10-16T20:00:00+00:00 [queued]>
[2025-10-17T08:28:18.901+0000] {taskinstance.py:1361} INFO - Starting attempt 1 of 1
[2025-10-17T08:28:18.912+0000] {taskinstance.py:1382} INFO - Executing <Task(PythonOperator): request_api> on 2025-10-16 20:00:00+00:00
[2025-10-17T08:28:18.917+0000] {standard_task_runner.py:57} INFO - Started process 77 to run task
[2025-10-17T08:28:18.922+0000] {standard_task_runner.py:84} INFO - Running: ['***', 'tasks', 'run', 'csv_etl_pipeline', 'request_api', 'scheduled__2025-10-16T20:00:00+00:00', '--job-id', '4', '--raw', '--subdir', 'DAGS_FOLDER/etl.py', '--cfg-path', '/tmp/tmp6ucq5az8']
[2025-10-17T08:28:18.926+0000] {standard_task_runner.py:85} INFO - Job 4: Subtask request_api
[2025-10-17T08:28:18.976+0000] {task_command.py:416} INFO - Running <TaskInstance: csv_etl_pipeline.request_api scheduled__2025-10-16T20:00:00+00:00 [running]> on host 0912e2f8d1fc
[2025-10-17T08:28:19.042+0000] {taskinstance.py:1662} INFO - Exporting env vars: AIRFLOW_CTX_DAG_OWNER='***' AIRFLOW_CTX_DAG_ID='csv_etl_pipeline' AIRFLOW_CTX_TASK_ID='request_api' AIRFLOW_CTX_EXECUTION_DATE='2025-10-16T20:00:00+00:00' AIRFLOW_CTX_TRY_NUMBER='1' AIRFLOW_CTX_DAG_RUN_ID='scheduled__2025-10-16T20:00:00+00:00'
[2025-10-17T08:28:19.054+0000] {logging_mixin.py:154} INFO - {"id":{"0":1,"1":2,"2":3},"urlgame":{"0":"https:\/\/www.instant-gaming.com\/en\/8003-buy-celeste-pc-mac-game-steam\/","1":"https:\/\/www.instant-gaming.com\/en\/2198-buy-hollow-knight-pc-mac-steam\/","2":"https:\/\/www.instant-gaming.com\/en\/4824-buy-elden-ring-pc-steam\/"},"game":{"0":"Celeste","1":"Hollow Knight","2":"Elden ring"}}
[2025-10-17T08:28:20.585+0000] {python.py:194} INFO - Done. Returned value was: {"id":{"0":1,"1":2,"2":3},"prix":{"0":6.65,"1":12.99,"2":28.59},"logdate":{"0":"2025-10-17T08:28:20.581972","1":"2025-10-17T08:28:20.581972","2":"2025-10-17T08:28:20.581972"}}
[2025-10-17T08:28:20.603+0000] {taskinstance.py:1400} INFO - Marking task as SUCCESS. dag_id=csv_etl_pipeline, task_id=request_api, execution_date=20251016T200000, start_date=20251017T082818, end_date=20251017T082820
[2025-10-17T08:28:20.619+0000] {local_task_job_runner.py:228} INFO - Task exited with return code 0
[2025-10-17T08:28:20.640+0000] {taskinstance.py:2778} INFO - 1 downstream tasks scheduled from follow-on schedule check
[2025-10-17T08:41:49.868+0000] {taskinstance.py:1159} INFO - Dependencies all met for dep_context=non-requeueable deps ti=<TaskInstance: csv_etl_pipeline.request_api scheduled__2025-10-16T20:00:00+00:00 [queued]>
[2025-10-17T08:41:49.877+0000] {taskinstance.py:1159} INFO - Dependencies all met for dep_context=requeueable deps ti=<TaskInstance: csv_etl_pipeline.request_api scheduled__2025-10-16T20:00:00+00:00 [queued]>
[2025-10-17T08:41:49.877+0000] {taskinstance.py:1361} INFO - Starting attempt 1 of 1
[2025-10-17T08:41:49.889+0000] {taskinstance.py:1382} INFO - Executing <Task(PythonOperator): request_api> on 2025-10-16 20:00:00+00:00
[2025-10-17T08:41:49.895+0000] {standard_task_runner.py:57} INFO - Started process 77 to run task
[2025-10-17T08:41:49.900+0000] {standard_task_runner.py:84} INFO - Running: ['***', 'tasks', 'run', 'csv_etl_pipeline', 'request_api', 'scheduled__2025-10-16T20:00:00+00:00', '--job-id', '4', '--raw', '--subdir', 'DAGS_FOLDER/etl.py', '--cfg-path', '/tmp/tmps3h7ffz7']
[2025-10-17T08:41:49.904+0000] {standard_task_runner.py:85} INFO - Job 4: Subtask request_api
[2025-10-17T08:41:49.955+0000] {task_command.py:416} INFO - Running <TaskInstance: csv_etl_pipeline.request_api scheduled__2025-10-16T20:00:00+00:00 [running]> on host c22c7f7cd908
[2025-10-17T08:41:50.030+0000] {taskinstance.py:1662} INFO - Exporting env vars: AIRFLOW_CTX_DAG_OWNER='***' AIRFLOW_CTX_DAG_ID='csv_etl_pipeline' AIRFLOW_CTX_TASK_ID='request_api' AIRFLOW_CTX_EXECUTION_DATE='2025-10-16T20:00:00+00:00' AIRFLOW_CTX_TRY_NUMBER='1' AIRFLOW_CTX_DAG_RUN_ID='scheduled__2025-10-16T20:00:00+00:00'
[2025-10-17T08:41:50.050+0000] {logging_mixin.py:154} INFO - {"id":{"0":1,"1":2,"2":3},"urlgame":{"0":"https:\/\/www.instant-gaming.com\/en\/8003-buy-celeste-pc-mac-game-steam\/","1":"https:\/\/www.instant-gaming.com\/en\/2198-buy-hollow-knight-pc-mac-steam\/","2":"https:\/\/www.instant-gaming.com\/en\/4824-buy-elden-ring-pc-steam\/"},"game":{"0":"Celeste","1":"Hollow Knight","2":"Elden ring"}}
[2025-10-17T08:41:51.670+0000] {python.py:194} INFO - Done. Returned value was: {"id":{"0":1,"1":2,"2":3},"prix":{"0":6.65,"1":12.99,"2":28.59},"logdate":{"0":"2025-10-17T08:41:51.665729","1":"2025-10-17T08:41:51.665729","2":"2025-10-17T08:41:51.665729"}}
[2025-10-17T08:41:51.690+0000] {taskinstance.py:1400} INFO - Marking task as SUCCESS. dag_id=csv_etl_pipeline, task_id=request_api, execution_date=20251016T200000, start_date=20251017T084149, end_date=20251017T084151
[2025-10-17T08:41:51.718+0000] {local_task_job_runner.py:228} INFO - Task exited with return code 0
[2025-10-17T08:41:51.741+0000] {taskinstance.py:2778} INFO - 1 downstream tasks scheduled from follow-on schedule check
[2025-10-17T08:44:05.388+0000] {taskinstance.py:1159} INFO - Dependencies all met for dep_context=non-requeueable deps ti=<TaskInstance: csv_etl_pipeline.request_api scheduled__2025-10-16T20:00:00+00:00 [queued]>
[2025-10-17T08:44:05.396+0000] {taskinstance.py:1159} INFO - Dependencies all met for dep_context=requeueable deps ti=<TaskInstance: csv_etl_pipeline.request_api scheduled__2025-10-16T20:00:00+00:00 [queued]>
[2025-10-17T08:44:05.396+0000] {taskinstance.py:1361} INFO - Starting attempt 1 of 1
[2025-10-17T08:44:05.406+0000] {taskinstance.py:1382} INFO - Executing <Task(PythonOperator): request_api> on 2025-10-16 20:00:00+00:00
[2025-10-17T08:44:05.411+0000] {standard_task_runner.py:57} INFO - Started process 77 to run task
[2025-10-17T08:44:05.414+0000] {standard_task_runner.py:84} INFO - Running: ['***', 'tasks', 'run', 'csv_etl_pipeline', 'request_api', 'scheduled__2025-10-16T20:00:00+00:00', '--job-id', '4', '--raw', '--subdir', 'DAGS_FOLDER/etl.py', '--cfg-path', '/tmp/tmpgmw9zwvn']
[2025-10-17T08:44:05.417+0000] {standard_task_runner.py:85} INFO - Job 4: Subtask request_api
[2025-10-17T08:44:05.460+0000] {task_command.py:416} INFO - Running <TaskInstance: csv_etl_pipeline.request_api scheduled__2025-10-16T20:00:00+00:00 [running]> on host 41c1f4dd29f1
[2025-10-17T08:44:05.523+0000] {taskinstance.py:1662} INFO - Exporting env vars: AIRFLOW_CTX_DAG_OWNER='***' AIRFLOW_CTX_DAG_ID='csv_etl_pipeline' AIRFLOW_CTX_TASK_ID='request_api' AIRFLOW_CTX_EXECUTION_DATE='2025-10-16T20:00:00+00:00' AIRFLOW_CTX_TRY_NUMBER='1' AIRFLOW_CTX_DAG_RUN_ID='scheduled__2025-10-16T20:00:00+00:00'
[2025-10-17T08:44:05.534+0000] {logging_mixin.py:154} INFO - {"id":{"0":1,"1":2,"2":3},"urlgame":{"0":"https:\/\/www.instant-gaming.com\/en\/8003-buy-celeste-pc-mac-game-steam\/","1":"https:\/\/www.instant-gaming.com\/en\/2198-buy-hollow-knight-pc-mac-steam\/","2":"https:\/\/www.instant-gaming.com\/en\/4824-buy-elden-ring-pc-steam\/"},"game":{"0":"Celeste","1":"Hollow Knight","2":"Elden ring"}}
[2025-10-17T08:44:07.258+0000] {python.py:194} INFO - Done. Returned value was: {"id":{"0":1,"1":2,"2":3},"prix":{"0":6.65,"1":12.99,"2":28.59},"logdate":{"0":"2025-10-17T08:44:07.256284","1":"2025-10-17T08:44:07.256284","2":"2025-10-17T08:44:07.256284"}}
[2025-10-17T08:44:07.281+0000] {taskinstance.py:1400} INFO - Marking task as SUCCESS. dag_id=csv_etl_pipeline, task_id=request_api, execution_date=20251016T200000, start_date=20251017T084405, end_date=20251017T084407
[2025-10-17T08:44:07.313+0000] {local_task_job_runner.py:228} INFO - Task exited with return code 0
[2025-10-17T08:44:07.335+0000] {taskinstance.py:2778} INFO - 1 downstream tasks scheduled from follow-on schedule check
[2025-10-17T08:45:22.120+0000] {taskinstance.py:1159} INFO - Dependencies all met for dep_context=non-requeueable deps ti=<TaskInstance: csv_etl_pipeline.request_api scheduled__2025-10-16T20:00:00+00:00 [queued]>
[2025-10-17T08:45:22.132+0000] {taskinstance.py:1159} INFO - Dependencies all met for dep_context=requeueable deps ti=<TaskInstance: csv_etl_pipeline.request_api scheduled__2025-10-16T20:00:00+00:00 [queued]>
[2025-10-17T08:45:22.133+0000] {taskinstance.py:1361} INFO - Starting attempt 1 of 1
[2025-10-17T08:45:22.144+0000] {taskinstance.py:1382} INFO - Executing <Task(PythonOperator): request_api> on 2025-10-16 20:00:00+00:00
[2025-10-17T08:45:22.149+0000] {standard_task_runner.py:57} INFO - Started process 77 to run task
[2025-10-17T08:45:22.154+0000] {standard_task_runner.py:84} INFO - Running: ['***', 'tasks', 'run', 'csv_etl_pipeline', 'request_api', 'scheduled__2025-10-16T20:00:00+00:00', '--job-id', '4', '--raw', '--subdir', 'DAGS_FOLDER/etl.py', '--cfg-path', '/tmp/tmp2u6_aa9c']
[2025-10-17T08:45:22.159+0000] {standard_task_runner.py:85} INFO - Job 4: Subtask request_api
[2025-10-17T08:45:22.212+0000] {task_command.py:416} INFO - Running <TaskInstance: csv_etl_pipeline.request_api scheduled__2025-10-16T20:00:00+00:00 [running]> on host e6d798efe4b0
[2025-10-17T08:45:22.292+0000] {taskinstance.py:1662} INFO - Exporting env vars: AIRFLOW_CTX_DAG_OWNER='***' AIRFLOW_CTX_DAG_ID='csv_etl_pipeline' AIRFLOW_CTX_TASK_ID='request_api' AIRFLOW_CTX_EXECUTION_DATE='2025-10-16T20:00:00+00:00' AIRFLOW_CTX_TRY_NUMBER='1' AIRFLOW_CTX_DAG_RUN_ID='scheduled__2025-10-16T20:00:00+00:00'
[2025-10-17T08:45:22.306+0000] {logging_mixin.py:154} INFO - {"id":{"0":1,"1":2,"2":3},"urlgame":{"0":"https:\/\/www.instant-gaming.com\/en\/8003-buy-celeste-pc-mac-game-steam\/","1":"https:\/\/www.instant-gaming.com\/en\/2198-buy-hollow-knight-pc-mac-steam\/","2":"https:\/\/www.instant-gaming.com\/en\/4824-buy-elden-ring-pc-steam\/"},"game":{"0":"Celeste","1":"Hollow Knight","2":"Elden ring"}}
[2025-10-17T08:45:23.804+0000] {python.py:194} INFO - Done. Returned value was: {"id":{"0":1,"1":2,"2":3},"prix":{"0":6.65,"1":12.99,"2":28.59},"logdate":{"0":"2025-10-17T08:45:23.802013","1":"2025-10-17T08:45:23.802013","2":"2025-10-17T08:45:23.802013"}}
[2025-10-17T08:45:23.826+0000] {taskinstance.py:1400} INFO - Marking task as SUCCESS. dag_id=csv_etl_pipeline, task_id=request_api, execution_date=20251016T200000, start_date=20251017T084522, end_date=20251017T084523
[2025-10-17T08:45:23.852+0000] {local_task_job_runner.py:228} INFO - Task exited with return code 0
[2025-10-17T08:45:23.874+0000] {taskinstance.py:2778} INFO - 1 downstream tasks scheduled from follow-on schedule check
[2025-10-17T08:47:15.442+0000] {taskinstance.py:1159} INFO - Dependencies all met for dep_context=non-requeueable deps ti=<TaskInstance: csv_etl_pipeline.request_api scheduled__2025-10-16T20:00:00+00:00 [queued]>
[2025-10-17T08:47:15.451+0000] {taskinstance.py:1159} INFO - Dependencies all met for dep_context=requeueable deps ti=<TaskInstance: csv_etl_pipeline.request_api scheduled__2025-10-16T20:00:00+00:00 [queued]>
[2025-10-17T08:47:15.451+0000] {taskinstance.py:1361} INFO - Starting attempt 1 of 1
[2025-10-17T08:47:15.462+0000] {taskinstance.py:1382} INFO - Executing <Task(PythonOperator): request_api> on 2025-10-16 20:00:00+00:00
[2025-10-17T08:47:15.468+0000] {standard_task_runner.py:57} INFO - Started process 77 to run task
[2025-10-17T08:47:15.472+0000] {standard_task_runner.py:84} INFO - Running: ['***', 'tasks', 'run', 'csv_etl_pipeline', 'request_api', 'scheduled__2025-10-16T20:00:00+00:00', '--job-id', '4', '--raw', '--subdir', 'DAGS_FOLDER/etl.py', '--cfg-path', '/tmp/tmp8xb6n_1o']
[2025-10-17T08:47:15.476+0000] {standard_task_runner.py:85} INFO - Job 4: Subtask request_api
[2025-10-17T08:47:15.524+0000] {task_command.py:416} INFO - Running <TaskInstance: csv_etl_pipeline.request_api scheduled__2025-10-16T20:00:00+00:00 [running]> on host e39668730f63
[2025-10-17T08:47:15.592+0000] {taskinstance.py:1662} INFO - Exporting env vars: AIRFLOW_CTX_DAG_OWNER='***' AIRFLOW_CTX_DAG_ID='csv_etl_pipeline' AIRFLOW_CTX_TASK_ID='request_api' AIRFLOW_CTX_EXECUTION_DATE='2025-10-16T20:00:00+00:00' AIRFLOW_CTX_TRY_NUMBER='1' AIRFLOW_CTX_DAG_RUN_ID='scheduled__2025-10-16T20:00:00+00:00'
[2025-10-17T08:47:15.604+0000] {logging_mixin.py:154} INFO - {"id":{"0":1,"1":2,"2":3},"urlgame":{"0":"https:\/\/www.instant-gaming.com\/en\/8003-buy-celeste-pc-mac-game-steam\/","1":"https:\/\/www.instant-gaming.com\/en\/2198-buy-hollow-knight-pc-mac-steam\/","2":"https:\/\/www.instant-gaming.com\/en\/4824-buy-elden-ring-pc-steam\/"},"game":{"0":"Celeste","1":"Hollow Knight","2":"Elden ring"}}
[2025-10-17T08:47:20.007+0000] {python.py:194} INFO - Done. Returned value was: {"id":{"0":1,"1":2,"2":3},"prix":{"0":6.65,"1":12.99,"2":28.59},"logdate":{"0":"2025-10-17T08:47:20.001489","1":"2025-10-17T08:47:20.001489","2":"2025-10-17T08:47:20.001489"}}
[2025-10-17T08:47:20.028+0000] {taskinstance.py:1400} INFO - Marking task as SUCCESS. dag_id=csv_etl_pipeline, task_id=request_api, execution_date=20251016T200000, start_date=20251017T084715, end_date=20251017T084720
[2025-10-17T08:47:20.061+0000] {local_task_job_runner.py:228} INFO - Task exited with return code 0
[2025-10-17T08:47:20.092+0000] {taskinstance.py:2778} INFO - 1 downstream tasks scheduled from follow-on schedule check
[2025-10-17T08:51:30.544+0000] {taskinstance.py:1159} INFO - Dependencies all met for dep_context=non-requeueable deps ti=<TaskInstance: csv_etl_pipeline.request_api scheduled__2025-10-16T20:00:00+00:00 [queued]>
[2025-10-17T08:51:30.556+0000] {taskinstance.py:1159} INFO - Dependencies all met for dep_context=requeueable deps ti=<TaskInstance: csv_etl_pipeline.request_api scheduled__2025-10-16T20:00:00+00:00 [queued]>
[2025-10-17T08:51:30.557+0000] {taskinstance.py:1361} INFO - Starting attempt 1 of 1
[2025-10-17T08:51:30.570+0000] {taskinstance.py:1382} INFO - Executing <Task(PythonOperator): request_api> on 2025-10-16 20:00:00+00:00
[2025-10-17T08:51:30.576+0000] {standard_task_runner.py:57} INFO - Started process 77 to run task
[2025-10-17T08:51:30.579+0000] {standard_task_runner.py:84} INFO - Running: ['***', 'tasks', 'run', 'csv_etl_pipeline', 'request_api', 'scheduled__2025-10-16T20:00:00+00:00', '--job-id', '4', '--raw', '--subdir', 'DAGS_FOLDER/etl.py', '--cfg-path', '/tmp/tmpnnfi65m6']
[2025-10-17T08:51:30.583+0000] {standard_task_runner.py:85} INFO - Job 4: Subtask request_api
[2025-10-17T08:51:30.629+0000] {task_command.py:416} INFO - Running <TaskInstance: csv_etl_pipeline.request_api scheduled__2025-10-16T20:00:00+00:00 [running]> on host 37d538dfd0b6
[2025-10-17T08:51:30.690+0000] {taskinstance.py:1662} INFO - Exporting env vars: AIRFLOW_CTX_DAG_OWNER='***' AIRFLOW_CTX_DAG_ID='csv_etl_pipeline' AIRFLOW_CTX_TASK_ID='request_api' AIRFLOW_CTX_EXECUTION_DATE='2025-10-16T20:00:00+00:00' AIRFLOW_CTX_TRY_NUMBER='1' AIRFLOW_CTX_DAG_RUN_ID='scheduled__2025-10-16T20:00:00+00:00'
[2025-10-17T08:51:30.703+0000] {logging_mixin.py:154} INFO - {"id":{"0":1,"1":2,"2":3},"urlgame":{"0":"https:\/\/www.instant-gaming.com\/en\/8003-buy-celeste-pc-mac-game-steam\/","1":"https:\/\/www.instant-gaming.com\/en\/2198-buy-hollow-knight-pc-mac-steam\/","2":"https:\/\/www.instant-gaming.com\/en\/4824-buy-elden-ring-pc-steam\/"},"game":{"0":"Celeste","1":"Hollow Knight","2":"Elden ring"}}
[2025-10-17T08:51:32.353+0000] {python.py:194} INFO - Done. Returned value was: {"id":{"0":1,"1":2,"2":3},"prix":{"0":6.65,"1":12.99,"2":28.59},"logdate":{"0":"2025-10-17T08:51:32.350872","1":"2025-10-17T08:51:32.350872","2":"2025-10-17T08:51:32.350872"}}
[2025-10-17T08:51:32.373+0000] {taskinstance.py:1400} INFO - Marking task as SUCCESS. dag_id=csv_etl_pipeline, task_id=request_api, execution_date=20251016T200000, start_date=20251017T085130, end_date=20251017T085132
[2025-10-17T08:51:32.394+0000] {local_task_job_runner.py:228} INFO - Task exited with return code 0
[2025-10-17T08:51:32.424+0000] {taskinstance.py:2778} INFO - 1 downstream tasks scheduled from follow-on schedule check
[2025-10-17T08:54:51.799+0000] {taskinstance.py:1159} INFO - Dependencies all met for dep_context=non-requeueable deps ti=<TaskInstance: csv_etl_pipeline.request_api scheduled__2025-10-16T20:00:00+00:00 [queued]>
[2025-10-17T08:54:51.806+0000] {taskinstance.py:1159} INFO - Dependencies all met for dep_context=requeueable deps ti=<TaskInstance: csv_etl_pipeline.request_api scheduled__2025-10-16T20:00:00+00:00 [queued]>
[2025-10-17T08:54:51.807+0000] {taskinstance.py:1361} INFO - Starting attempt 1 of 1
[2025-10-17T08:54:51.817+0000] {taskinstance.py:1382} INFO - Executing <Task(PythonOperator): request_api> on 2025-10-16 20:00:00+00:00
[2025-10-17T08:54:51.823+0000] {standard_task_runner.py:57} INFO - Started process 77 to run task
[2025-10-17T08:54:51.827+0000] {standard_task_runner.py:84} INFO - Running: ['***', 'tasks', 'run', 'csv_etl_pipeline', 'request_api', 'scheduled__2025-10-16T20:00:00+00:00', '--job-id', '4', '--raw', '--subdir', 'DAGS_FOLDER/etl.py', '--cfg-path', '/tmp/tmpp4euh2ld']
[2025-10-17T08:54:51.831+0000] {standard_task_runner.py:85} INFO - Job 4: Subtask request_api
[2025-10-17T08:54:51.881+0000] {task_command.py:416} INFO - Running <TaskInstance: csv_etl_pipeline.request_api scheduled__2025-10-16T20:00:00+00:00 [running]> on host 7a3806afa772
[2025-10-17T08:54:51.943+0000] {taskinstance.py:1662} INFO - Exporting env vars: AIRFLOW_CTX_DAG_OWNER='***' AIRFLOW_CTX_DAG_ID='csv_etl_pipeline' AIRFLOW_CTX_TASK_ID='request_api' AIRFLOW_CTX_EXECUTION_DATE='2025-10-16T20:00:00+00:00' AIRFLOW_CTX_TRY_NUMBER='1' AIRFLOW_CTX_DAG_RUN_ID='scheduled__2025-10-16T20:00:00+00:00'
[2025-10-17T08:54:51.955+0000] {logging_mixin.py:154} INFO - {"id":{"0":1,"1":2,"2":3},"urlgame":{"0":"https:\/\/www.instant-gaming.com\/en\/8003-buy-celeste-pc-mac-game-steam\/","1":"https:\/\/www.instant-gaming.com\/en\/2198-buy-hollow-knight-pc-mac-steam\/","2":"https:\/\/www.instant-gaming.com\/en\/4824-buy-elden-ring-pc-steam\/"},"game":{"0":"Celeste","1":"Hollow Knight","2":"Elden ring"}}
[2025-10-17T08:54:53.385+0000] {python.py:194} INFO - Done. Returned value was: {"id":{"0":1,"1":2,"2":3},"prix":{"0":6.65,"1":12.99,"2":28.59},"logdate":{"0":"2025-10-17T08:54:53.381717","1":"2025-10-17T08:54:53.381717","2":"2025-10-17T08:54:53.381717"}}
[2025-10-17T08:54:53.404+0000] {taskinstance.py:1400} INFO - Marking task as SUCCESS. dag_id=csv_etl_pipeline, task_id=request_api, execution_date=20251016T200000, start_date=20251017T085451, end_date=20251017T085453
[2025-10-17T08:54:53.444+0000] {local_task_job_runner.py:228} INFO - Task exited with return code 0
[2025-10-17T08:54:53.466+0000] {taskinstance.py:2778} INFO - 1 downstream tasks scheduled from follow-on schedule check
[2025-10-17T09:02:32.118+0000] {taskinstance.py:1159} INFO - Dependencies all met for dep_context=non-requeueable deps ti=<TaskInstance: csv_etl_pipeline.request_api scheduled__2025-10-16T20:00:00+00:00 [queued]>
[2025-10-17T09:02:32.125+0000] {taskinstance.py:1159} INFO - Dependencies all met for dep_context=requeueable deps ti=<TaskInstance: csv_etl_pipeline.request_api scheduled__2025-10-16T20:00:00+00:00 [queued]>
[2025-10-17T09:02:32.125+0000] {taskinstance.py:1361} INFO - Starting attempt 1 of 1
[2025-10-17T09:02:32.135+0000] {taskinstance.py:1382} INFO - Executing <Task(PythonOperator): request_api> on 2025-10-16 20:00:00+00:00
[2025-10-17T09:02:32.140+0000] {standard_task_runner.py:57} INFO - Started process 77 to run task
[2025-10-17T09:02:32.143+0000] {standard_task_runner.py:84} INFO - Running: ['***', 'tasks', 'run', 'csv_etl_pipeline', 'request_api', 'scheduled__2025-10-16T20:00:00+00:00', '--job-id', '4', '--raw', '--subdir', 'DAGS_FOLDER/etl.py', '--cfg-path', '/tmp/tmpvz945rcq']
[2025-10-17T09:02:32.148+0000] {standard_task_runner.py:85} INFO - Job 4: Subtask request_api
[2025-10-17T09:02:32.196+0000] {task_command.py:416} INFO - Running <TaskInstance: csv_etl_pipeline.request_api scheduled__2025-10-16T20:00:00+00:00 [running]> on host 53e08e0285d6
[2025-10-17T09:02:32.262+0000] {taskinstance.py:1662} INFO - Exporting env vars: AIRFLOW_CTX_DAG_OWNER='***' AIRFLOW_CTX_DAG_ID='csv_etl_pipeline' AIRFLOW_CTX_TASK_ID='request_api' AIRFLOW_CTX_EXECUTION_DATE='2025-10-16T20:00:00+00:00' AIRFLOW_CTX_TRY_NUMBER='1' AIRFLOW_CTX_DAG_RUN_ID='scheduled__2025-10-16T20:00:00+00:00'
[2025-10-17T09:02:32.274+0000] {logging_mixin.py:154} INFO - {"id":{"0":1,"1":2,"2":3},"urlgame":{"0":"https:\/\/www.instant-gaming.com\/en\/8003-buy-celeste-pc-mac-game-steam\/","1":"https:\/\/www.instant-gaming.com\/en\/2198-buy-hollow-knight-pc-mac-steam\/","2":"https:\/\/www.instant-gaming.com\/en\/4824-buy-elden-ring-pc-steam\/"},"game":{"0":"Celeste","1":"Hollow Knight","2":"Elden ring"}}
[2025-10-17T09:02:33.936+0000] {python.py:194} INFO - Done. Returned value was: {"id":{"0":1,"1":2,"2":3},"prix":{"0":6.65,"1":12.99,"2":28.59},"logdate":{"0":"2025-10-17T09:02:33.933268","1":"2025-10-17T09:02:33.933268","2":"2025-10-17T09:02:33.933268"}}
[2025-10-17T09:02:33.957+0000] {taskinstance.py:1400} INFO - Marking task as SUCCESS. dag_id=csv_etl_pipeline, task_id=request_api, execution_date=20251016T200000, start_date=20251017T090232, end_date=20251017T090233
[2025-10-17T09:02:34.002+0000] {local_task_job_runner.py:228} INFO - Task exited with return code 0
[2025-10-17T09:02:34.024+0000] {taskinstance.py:2778} INFO - 1 downstream tasks scheduled from follow-on schedule check
[2025-10-17T09:09:03.350+0000] {taskinstance.py:1159} INFO - Dependencies all met for dep_context=non-requeueable deps ti=<TaskInstance: csv_etl_pipeline.request_api scheduled__2025-10-16T20:00:00+00:00 [queued]>
[2025-10-17T09:09:03.359+0000] {taskinstance.py:1159} INFO - Dependencies all met for dep_context=requeueable deps ti=<TaskInstance: csv_etl_pipeline.request_api scheduled__2025-10-16T20:00:00+00:00 [queued]>
[2025-10-17T09:09:03.360+0000] {taskinstance.py:1361} INFO - Starting attempt 1 of 1
[2025-10-17T09:09:03.374+0000] {taskinstance.py:1382} INFO - Executing <Task(PythonOperator): request_api> on 2025-10-16 20:00:00+00:00
[2025-10-17T09:09:03.381+0000] {standard_task_runner.py:57} INFO - Started process 81 to run task
[2025-10-17T09:09:03.385+0000] {standard_task_runner.py:84} INFO - Running: ['***', 'tasks', 'run', 'csv_etl_pipeline', 'request_api', 'scheduled__2025-10-16T20:00:00+00:00', '--job-id', '5', '--raw', '--subdir', 'DAGS_FOLDER/etl.py', '--cfg-path', '/tmp/tmpffm2vtmi']
[2025-10-17T09:09:03.389+0000] {standard_task_runner.py:85} INFO - Job 5: Subtask request_api
[2025-10-17T09:09:03.468+0000] {task_command.py:416} INFO - Running <TaskInstance: csv_etl_pipeline.request_api scheduled__2025-10-16T20:00:00+00:00 [running]> on host 0c9ee2dc6164
[2025-10-17T09:09:03.575+0000] {taskinstance.py:1662} INFO - Exporting env vars: AIRFLOW_CTX_DAG_OWNER='***' AIRFLOW_CTX_DAG_ID='csv_etl_pipeline' AIRFLOW_CTX_TASK_ID='request_api' AIRFLOW_CTX_EXECUTION_DATE='2025-10-16T20:00:00+00:00' AIRFLOW_CTX_TRY_NUMBER='1' AIRFLOW_CTX_DAG_RUN_ID='scheduled__2025-10-16T20:00:00+00:00'
[2025-10-17T09:09:03.593+0000] {logging_mixin.py:154} INFO - {"id":{"0":1,"1":2,"2":3},"urlgame":{"0":"https:\/\/www.instant-gaming.com\/en\/8003-buy-celeste-pc-mac-game-steam\/","1":"https:\/\/www.instant-gaming.com\/en\/2198-buy-hollow-knight-pc-mac-steam\/","2":"https:\/\/www.instant-gaming.com\/en\/4824-buy-elden-ring-pc-steam\/"},"game":{"0":"Celeste","1":"Hollow Knight","2":"Elden ring"}}
[2025-10-17T09:09:05.117+0000] {python.py:194} INFO - Done. Returned value was: {"id":{"0":1,"1":2,"2":3},"prix":{"0":6.65,"1":12.99,"2":28.59},"logdate":{"0":"2025-10-17T09:09:05.109923","1":"2025-10-17T09:09:05.109923","2":"2025-10-17T09:09:05.109923"}}
[2025-10-17T09:09:05.137+0000] {taskinstance.py:1400} INFO - Marking task as SUCCESS. dag_id=csv_etl_pipeline, task_id=request_api, execution_date=20251016T200000, start_date=20251017T090903, end_date=20251017T090905
[2025-10-17T09:09:05.162+0000] {local_task_job_runner.py:228} INFO - Task exited with return code 0
[2025-10-17T09:09:05.188+0000] {taskinstance.py:2778} INFO - 1 downstream tasks scheduled from follow-on schedule check
