[2025-10-17T07:19:46.501+0000] {taskinstance.py:1159} INFO - Dependencies all met for dep_context=non-requeueable deps ti=<TaskInstance: csv_etl_pipeline.init_pipline scheduled__2025-10-16T08:00:00+00:00 [queued]>
[2025-10-17T07:19:46.517+0000] {taskinstance.py:1159} INFO - Dependencies all met for dep_context=requeueable deps ti=<TaskInstance: csv_etl_pipeline.init_pipline scheduled__2025-10-16T08:00:00+00:00 [queued]>
[2025-10-17T07:19:46.518+0000] {taskinstance.py:1361} INFO - Starting attempt 1 of 1
[2025-10-17T07:19:46.555+0000] {taskinstance.py:1382} INFO - Executing <Task(PythonOperator): init_pipline> on 2025-10-16 08:00:00+00:00
[2025-10-17T07:19:46.570+0000] {standard_task_runner.py:57} INFO - Started process 163 to run task
[2025-10-17T07:19:46.575+0000] {standard_task_runner.py:84} INFO - Running: ['***', 'tasks', 'run', 'csv_etl_pipeline', 'init_pipline', 'scheduled__2025-10-16T08:00:00+00:00', '--job-id', '8', '--raw', '--subdir', 'DAGS_FOLDER/etl.py', '--cfg-path', '/tmp/tmp3kcbs4zu']
[2025-10-17T07:19:46.577+0000] {standard_task_runner.py:85} INFO - Job 8: Subtask init_pipline
[2025-10-17T07:19:46.702+0000] {task_command.py:416} INFO - Running <TaskInstance: csv_etl_pipeline.init_pipline scheduled__2025-10-16T08:00:00+00:00 [running]> on host b4e3001b90ac
[2025-10-17T07:19:46.914+0000] {taskinstance.py:1662} INFO - Exporting env vars: AIRFLOW_CTX_DAG_OWNER='***' AIRFLOW_CTX_DAG_ID='csv_etl_pipeline' AIRFLOW_CTX_TASK_ID='init_pipline' AIRFLOW_CTX_EXECUTION_DATE='2025-10-16T08:00:00+00:00' AIRFLOW_CTX_TRY_NUMBER='1' AIRFLOW_CTX_DAG_RUN_ID='scheduled__2025-10-16T08:00:00+00:00'
[2025-10-17T07:19:46.930+0000] {logging_mixin.py:154} INFO - Nombre de jeux : 3
[2025-10-17T07:19:46.933+0000] {python.py:194} INFO - Done. Returned value was: {"id":{"0":1,"1":2,"2":3},"urlgame":{"0":"https:\/\/www.instant-gaming.com\/en\/8003-buy-celeste-pc-mac-game-steam\/","1":"https:\/\/www.instant-gaming.com\/en\/2198-buy-hollow-knight-pc-mac-steam\/","2":"https:\/\/www.instant-gaming.com\/en\/4824-buy-elden-ring-pc-steam\/"},"game":{"0":"Celeste","1":"Hollow Knight","2":"Elden ring"}}
[2025-10-17T07:19:46.990+0000] {taskinstance.py:1400} INFO - Marking task as SUCCESS. dag_id=csv_etl_pipeline, task_id=init_pipline, execution_date=20251016T080000, start_date=20251017T071946, end_date=20251017T071946
[2025-10-17T07:19:47.034+0000] {local_task_job_runner.py:228} INFO - Task exited with return code 0
[2025-10-17T07:19:47.153+0000] {taskinstance.py:2778} INFO - 1 downstream tasks scheduled from follow-on schedule check
[2025-10-17T07:30:25.079+0000] {taskinstance.py:1159} INFO - Dependencies all met for dep_context=non-requeueable deps ti=<TaskInstance: csv_etl_pipeline.init_pipline scheduled__2025-10-16T08:00:00+00:00 [queued]>
[2025-10-17T07:30:25.103+0000] {taskinstance.py:1159} INFO - Dependencies all met for dep_context=requeueable deps ti=<TaskInstance: csv_etl_pipeline.init_pipline scheduled__2025-10-16T08:00:00+00:00 [queued]>
[2025-10-17T07:30:25.103+0000] {taskinstance.py:1361} INFO - Starting attempt 1 of 1
[2025-10-17T07:30:25.128+0000] {taskinstance.py:1382} INFO - Executing <Task(PythonOperator): init_pipline> on 2025-10-16 08:00:00+00:00
[2025-10-17T07:30:25.141+0000] {standard_task_runner.py:57} INFO - Started process 77 to run task
[2025-10-17T07:30:25.150+0000] {standard_task_runner.py:84} INFO - Running: ['***', 'tasks', 'run', 'csv_etl_pipeline', 'init_pipline', 'scheduled__2025-10-16T08:00:00+00:00', '--job-id', '4', '--raw', '--subdir', 'DAGS_FOLDER/etl.py', '--cfg-path', '/tmp/tmpobfdfe_j']
[2025-10-17T07:30:25.152+0000] {standard_task_runner.py:85} INFO - Job 4: Subtask init_pipline
[2025-10-17T07:30:25.297+0000] {task_command.py:416} INFO - Running <TaskInstance: csv_etl_pipeline.init_pipline scheduled__2025-10-16T08:00:00+00:00 [running]> on host 3e9356fa6f1e
[2025-10-17T07:30:25.461+0000] {taskinstance.py:1662} INFO - Exporting env vars: AIRFLOW_CTX_DAG_OWNER='***' AIRFLOW_CTX_DAG_ID='csv_etl_pipeline' AIRFLOW_CTX_TASK_ID='init_pipline' AIRFLOW_CTX_EXECUTION_DATE='2025-10-16T08:00:00+00:00' AIRFLOW_CTX_TRY_NUMBER='1' AIRFLOW_CTX_DAG_RUN_ID='scheduled__2025-10-16T08:00:00+00:00'
[2025-10-17T07:30:25.483+0000] {logging_mixin.py:154} INFO - Nombre de jeux : 3
[2025-10-17T07:30:25.489+0000] {python.py:194} INFO - Done. Returned value was: {"id":{"0":1,"1":2,"2":3},"urlgame":{"0":"https:\/\/www.instant-gaming.com\/en\/8003-buy-celeste-pc-mac-game-steam\/","1":"https:\/\/www.instant-gaming.com\/en\/2198-buy-hollow-knight-pc-mac-steam\/","2":"https:\/\/www.instant-gaming.com\/en\/4824-buy-elden-ring-pc-steam\/"},"game":{"0":"Celeste","1":"Hollow Knight","2":"Elden ring"}}
[2025-10-17T07:30:25.543+0000] {taskinstance.py:1400} INFO - Marking task as SUCCESS. dag_id=csv_etl_pipeline, task_id=init_pipline, execution_date=20251016T080000, start_date=20251017T073025, end_date=20251017T073025
[2025-10-17T07:30:25.605+0000] {local_task_job_runner.py:228} INFO - Task exited with return code 0
[2025-10-17T07:30:25.651+0000] {taskinstance.py:2778} INFO - 0 downstream tasks scheduled from follow-on schedule check
[2025-10-17T07:35:46.576+0000] {taskinstance.py:1159} INFO - Dependencies all met for dep_context=non-requeueable deps ti=<TaskInstance: csv_etl_pipeline.init_pipline scheduled__2025-10-16T08:00:00+00:00 [queued]>
[2025-10-17T07:35:46.586+0000] {taskinstance.py:1159} INFO - Dependencies all met for dep_context=requeueable deps ti=<TaskInstance: csv_etl_pipeline.init_pipline scheduled__2025-10-16T08:00:00+00:00 [queued]>
[2025-10-17T07:35:46.586+0000] {taskinstance.py:1361} INFO - Starting attempt 1 of 1
[2025-10-17T07:35:46.598+0000] {taskinstance.py:1382} INFO - Executing <Task(PythonOperator): init_pipline> on 2025-10-16 08:00:00+00:00
[2025-10-17T07:35:46.607+0000] {standard_task_runner.py:57} INFO - Started process 74 to run task
[2025-10-17T07:35:46.610+0000] {standard_task_runner.py:84} INFO - Running: ['***', 'tasks', 'run', 'csv_etl_pipeline', 'init_pipline', 'scheduled__2025-10-16T08:00:00+00:00', '--job-id', '3', '--raw', '--subdir', 'DAGS_FOLDER/etl.py', '--cfg-path', '/tmp/tmpvf5vlysv']
[2025-10-17T07:35:46.612+0000] {standard_task_runner.py:85} INFO - Job 3: Subtask init_pipline
[2025-10-17T07:35:46.669+0000] {task_command.py:416} INFO - Running <TaskInstance: csv_etl_pipeline.init_pipline scheduled__2025-10-16T08:00:00+00:00 [running]> on host 61152302af13
[2025-10-17T07:35:46.738+0000] {taskinstance.py:1662} INFO - Exporting env vars: AIRFLOW_CTX_DAG_OWNER='***' AIRFLOW_CTX_DAG_ID='csv_etl_pipeline' AIRFLOW_CTX_TASK_ID='init_pipline' AIRFLOW_CTX_EXECUTION_DATE='2025-10-16T08:00:00+00:00' AIRFLOW_CTX_TRY_NUMBER='1' AIRFLOW_CTX_DAG_RUN_ID='scheduled__2025-10-16T08:00:00+00:00'
[2025-10-17T07:35:46.748+0000] {logging_mixin.py:154} INFO - Nombre de jeux : 3
[2025-10-17T07:35:46.749+0000] {python.py:194} INFO - Done. Returned value was: {"id":{"0":1,"1":2,"2":3},"urlgame":{"0":"https:\/\/www.instant-gaming.com\/en\/8003-buy-celeste-pc-mac-game-steam\/","1":"https:\/\/www.instant-gaming.com\/en\/2198-buy-hollow-knight-pc-mac-steam\/","2":"https:\/\/www.instant-gaming.com\/en\/4824-buy-elden-ring-pc-steam\/"},"game":{"0":"Celeste","1":"Hollow Knight","2":"Elden ring"}}
[2025-10-17T07:35:46.770+0000] {taskinstance.py:1400} INFO - Marking task as SUCCESS. dag_id=csv_etl_pipeline, task_id=init_pipline, execution_date=20251016T080000, start_date=20251017T073546, end_date=20251017T073546
[2025-10-17T07:35:46.823+0000] {local_task_job_runner.py:228} INFO - Task exited with return code 0
[2025-10-17T07:35:46.854+0000] {taskinstance.py:2778} INFO - 1 downstream tasks scheduled from follow-on schedule check
[2025-10-17T07:38:47.664+0000] {taskinstance.py:1159} INFO - Dependencies all met for dep_context=non-requeueable deps ti=<TaskInstance: csv_etl_pipeline.init_pipline scheduled__2025-10-16T08:00:00+00:00 [queued]>
[2025-10-17T07:38:47.673+0000] {taskinstance.py:1159} INFO - Dependencies all met for dep_context=requeueable deps ti=<TaskInstance: csv_etl_pipeline.init_pipline scheduled__2025-10-16T08:00:00+00:00 [queued]>
[2025-10-17T07:38:47.674+0000] {taskinstance.py:1361} INFO - Starting attempt 1 of 1
[2025-10-17T07:38:47.685+0000] {taskinstance.py:1382} INFO - Executing <Task(PythonOperator): init_pipline> on 2025-10-16 08:00:00+00:00
[2025-10-17T07:38:47.691+0000] {standard_task_runner.py:57} INFO - Started process 75 to run task
[2025-10-17T07:38:47.695+0000] {standard_task_runner.py:84} INFO - Running: ['***', 'tasks', 'run', 'csv_etl_pipeline', 'init_pipline', 'scheduled__2025-10-16T08:00:00+00:00', '--job-id', '3', '--raw', '--subdir', 'DAGS_FOLDER/etl.py', '--cfg-path', '/tmp/tmpuvkh328f']
[2025-10-17T07:38:47.696+0000] {standard_task_runner.py:85} INFO - Job 3: Subtask init_pipline
[2025-10-17T07:38:47.748+0000] {task_command.py:416} INFO - Running <TaskInstance: csv_etl_pipeline.init_pipline scheduled__2025-10-16T08:00:00+00:00 [running]> on host 5c52d2b137c6
[2025-10-17T07:38:47.815+0000] {taskinstance.py:1662} INFO - Exporting env vars: AIRFLOW_CTX_DAG_OWNER='***' AIRFLOW_CTX_DAG_ID='csv_etl_pipeline' AIRFLOW_CTX_TASK_ID='init_pipline' AIRFLOW_CTX_EXECUTION_DATE='2025-10-16T08:00:00+00:00' AIRFLOW_CTX_TRY_NUMBER='1' AIRFLOW_CTX_DAG_RUN_ID='scheduled__2025-10-16T08:00:00+00:00'
[2025-10-17T07:38:47.824+0000] {logging_mixin.py:154} INFO - Nombre de jeux : 3
[2025-10-17T07:38:47.825+0000] {python.py:194} INFO - Done. Returned value was: {"id":{"0":1,"1":2,"2":3},"urlgame":{"0":"https:\/\/www.instant-gaming.com\/en\/8003-buy-celeste-pc-mac-game-steam\/","1":"https:\/\/www.instant-gaming.com\/en\/2198-buy-hollow-knight-pc-mac-steam\/","2":"https:\/\/www.instant-gaming.com\/en\/4824-buy-elden-ring-pc-steam\/"},"game":{"0":"Celeste","1":"Hollow Knight","2":"Elden ring"}}
[2025-10-17T07:38:47.849+0000] {taskinstance.py:1400} INFO - Marking task as SUCCESS. dag_id=csv_etl_pipeline, task_id=init_pipline, execution_date=20251016T080000, start_date=20251017T073847, end_date=20251017T073847
[2025-10-17T07:38:47.866+0000] {local_task_job_runner.py:228} INFO - Task exited with return code 0
[2025-10-17T07:38:47.890+0000] {taskinstance.py:2778} INFO - 1 downstream tasks scheduled from follow-on schedule check
[2025-10-17T07:42:31.061+0000] {taskinstance.py:1159} INFO - Dependencies all met for dep_context=non-requeueable deps ti=<TaskInstance: csv_etl_pipeline.init_pipline scheduled__2025-10-16T08:00:00+00:00 [queued]>
[2025-10-17T07:42:31.071+0000] {taskinstance.py:1159} INFO - Dependencies all met for dep_context=requeueable deps ti=<TaskInstance: csv_etl_pipeline.init_pipline scheduled__2025-10-16T08:00:00+00:00 [queued]>
[2025-10-17T07:42:31.071+0000] {taskinstance.py:1361} INFO - Starting attempt 1 of 1
[2025-10-17T07:42:31.083+0000] {taskinstance.py:1382} INFO - Executing <Task(PythonOperator): init_pipline> on 2025-10-16 08:00:00+00:00
[2025-10-17T07:42:31.090+0000] {standard_task_runner.py:57} INFO - Started process 74 to run task
[2025-10-17T07:42:31.094+0000] {standard_task_runner.py:84} INFO - Running: ['***', 'tasks', 'run', 'csv_etl_pipeline', 'init_pipline', 'scheduled__2025-10-16T08:00:00+00:00', '--job-id', '3', '--raw', '--subdir', 'DAGS_FOLDER/etl.py', '--cfg-path', '/tmp/tmp2ekfhili']
[2025-10-17T07:42:31.095+0000] {standard_task_runner.py:85} INFO - Job 3: Subtask init_pipline
[2025-10-17T07:42:31.141+0000] {task_command.py:416} INFO - Running <TaskInstance: csv_etl_pipeline.init_pipline scheduled__2025-10-16T08:00:00+00:00 [running]> on host 594a58f6e02c
[2025-10-17T07:42:31.204+0000] {taskinstance.py:1662} INFO - Exporting env vars: AIRFLOW_CTX_DAG_OWNER='***' AIRFLOW_CTX_DAG_ID='csv_etl_pipeline' AIRFLOW_CTX_TASK_ID='init_pipline' AIRFLOW_CTX_EXECUTION_DATE='2025-10-16T08:00:00+00:00' AIRFLOW_CTX_TRY_NUMBER='1' AIRFLOW_CTX_DAG_RUN_ID='scheduled__2025-10-16T08:00:00+00:00'
[2025-10-17T07:42:31.213+0000] {logging_mixin.py:154} INFO - Nombre de jeux : 3
[2025-10-17T07:42:31.214+0000] {python.py:194} INFO - Done. Returned value was: {"id":{"0":1,"1":2,"2":3},"urlgame":{"0":"https:\/\/www.instant-gaming.com\/en\/8003-buy-celeste-pc-mac-game-steam\/","1":"https:\/\/www.instant-gaming.com\/en\/2198-buy-hollow-knight-pc-mac-steam\/","2":"https:\/\/www.instant-gaming.com\/en\/4824-buy-elden-ring-pc-steam\/"},"game":{"0":"Celeste","1":"Hollow Knight","2":"Elden ring"}}
[2025-10-17T07:42:31.234+0000] {taskinstance.py:1400} INFO - Marking task as SUCCESS. dag_id=csv_etl_pipeline, task_id=init_pipline, execution_date=20251016T080000, start_date=20251017T074231, end_date=20251017T074231
[2025-10-17T07:42:31.266+0000] {local_task_job_runner.py:228} INFO - Task exited with return code 0
[2025-10-17T07:42:31.289+0000] {taskinstance.py:2778} INFO - 1 downstream tasks scheduled from follow-on schedule check
[2025-10-17T07:44:28.376+0000] {taskinstance.py:1159} INFO - Dependencies all met for dep_context=non-requeueable deps ti=<TaskInstance: csv_etl_pipeline.init_pipline scheduled__2025-10-16T08:00:00+00:00 [queued]>
[2025-10-17T07:44:28.388+0000] {taskinstance.py:1159} INFO - Dependencies all met for dep_context=requeueable deps ti=<TaskInstance: csv_etl_pipeline.init_pipline scheduled__2025-10-16T08:00:00+00:00 [queued]>
[2025-10-17T07:44:28.389+0000] {taskinstance.py:1361} INFO - Starting attempt 1 of 1
[2025-10-17T07:44:28.405+0000] {taskinstance.py:1382} INFO - Executing <Task(PythonOperator): init_pipline> on 2025-10-16 08:00:00+00:00
[2025-10-17T07:44:28.413+0000] {standard_task_runner.py:57} INFO - Started process 74 to run task
[2025-10-17T07:44:28.418+0000] {standard_task_runner.py:84} INFO - Running: ['***', 'tasks', 'run', 'csv_etl_pipeline', 'init_pipline', 'scheduled__2025-10-16T08:00:00+00:00', '--job-id', '3', '--raw', '--subdir', 'DAGS_FOLDER/etl.py', '--cfg-path', '/tmp/tmpoy83evhl']
[2025-10-17T07:44:28.420+0000] {standard_task_runner.py:85} INFO - Job 3: Subtask init_pipline
[2025-10-17T07:44:28.475+0000] {task_command.py:416} INFO - Running <TaskInstance: csv_etl_pipeline.init_pipline scheduled__2025-10-16T08:00:00+00:00 [running]> on host 2c9472be3d90
[2025-10-17T07:44:28.552+0000] {taskinstance.py:1662} INFO - Exporting env vars: AIRFLOW_CTX_DAG_OWNER='***' AIRFLOW_CTX_DAG_ID='csv_etl_pipeline' AIRFLOW_CTX_TASK_ID='init_pipline' AIRFLOW_CTX_EXECUTION_DATE='2025-10-16T08:00:00+00:00' AIRFLOW_CTX_TRY_NUMBER='1' AIRFLOW_CTX_DAG_RUN_ID='scheduled__2025-10-16T08:00:00+00:00'
[2025-10-17T07:44:28.563+0000] {logging_mixin.py:154} INFO - Nombre de jeux : 3
[2025-10-17T07:44:28.564+0000] {python.py:194} INFO - Done. Returned value was: {"id":{"0":1,"1":2,"2":3},"urlgame":{"0":"https:\/\/www.instant-gaming.com\/en\/8003-buy-celeste-pc-mac-game-steam\/","1":"https:\/\/www.instant-gaming.com\/en\/2198-buy-hollow-knight-pc-mac-steam\/","2":"https:\/\/www.instant-gaming.com\/en\/4824-buy-elden-ring-pc-steam\/"},"game":{"0":"Celeste","1":"Hollow Knight","2":"Elden ring"}}
[2025-10-17T07:44:28.601+0000] {taskinstance.py:1400} INFO - Marking task as SUCCESS. dag_id=csv_etl_pipeline, task_id=init_pipline, execution_date=20251016T080000, start_date=20251017T074428, end_date=20251017T074428
[2025-10-17T07:44:28.630+0000] {local_task_job_runner.py:228} INFO - Task exited with return code 0
[2025-10-17T07:44:28.652+0000] {taskinstance.py:2778} INFO - 1 downstream tasks scheduled from follow-on schedule check
[2025-10-17T07:46:23.211+0000] {taskinstance.py:1159} INFO - Dependencies all met for dep_context=non-requeueable deps ti=<TaskInstance: csv_etl_pipeline.init_pipline scheduled__2025-10-16T08:00:00+00:00 [queued]>
[2025-10-17T07:46:23.220+0000] {taskinstance.py:1159} INFO - Dependencies all met for dep_context=requeueable deps ti=<TaskInstance: csv_etl_pipeline.init_pipline scheduled__2025-10-16T08:00:00+00:00 [queued]>
[2025-10-17T07:46:23.220+0000] {taskinstance.py:1361} INFO - Starting attempt 1 of 1
[2025-10-17T07:46:23.231+0000] {taskinstance.py:1382} INFO - Executing <Task(PythonOperator): init_pipline> on 2025-10-16 08:00:00+00:00
[2025-10-17T07:46:23.237+0000] {standard_task_runner.py:57} INFO - Started process 74 to run task
[2025-10-17T07:46:23.240+0000] {standard_task_runner.py:84} INFO - Running: ['***', 'tasks', 'run', 'csv_etl_pipeline', 'init_pipline', 'scheduled__2025-10-16T08:00:00+00:00', '--job-id', '3', '--raw', '--subdir', 'DAGS_FOLDER/etl.py', '--cfg-path', '/tmp/tmpq_4r273x']
[2025-10-17T07:46:23.242+0000] {standard_task_runner.py:85} INFO - Job 3: Subtask init_pipline
[2025-10-17T07:46:23.288+0000] {task_command.py:416} INFO - Running <TaskInstance: csv_etl_pipeline.init_pipline scheduled__2025-10-16T08:00:00+00:00 [running]> on host f3df47fa4574
[2025-10-17T07:46:23.353+0000] {taskinstance.py:1662} INFO - Exporting env vars: AIRFLOW_CTX_DAG_OWNER='***' AIRFLOW_CTX_DAG_ID='csv_etl_pipeline' AIRFLOW_CTX_TASK_ID='init_pipline' AIRFLOW_CTX_EXECUTION_DATE='2025-10-16T08:00:00+00:00' AIRFLOW_CTX_TRY_NUMBER='1' AIRFLOW_CTX_DAG_RUN_ID='scheduled__2025-10-16T08:00:00+00:00'
[2025-10-17T07:46:23.361+0000] {logging_mixin.py:154} INFO - Nombre de jeux : 3
[2025-10-17T07:46:23.362+0000] {python.py:194} INFO - Done. Returned value was: {"id":{"0":1,"1":2,"2":3},"urlgame":{"0":"https:\/\/www.instant-gaming.com\/en\/8003-buy-celeste-pc-mac-game-steam\/","1":"https:\/\/www.instant-gaming.com\/en\/2198-buy-hollow-knight-pc-mac-steam\/","2":"https:\/\/www.instant-gaming.com\/en\/4824-buy-elden-ring-pc-steam\/"},"game":{"0":"Celeste","1":"Hollow Knight","2":"Elden ring"}}
[2025-10-17T07:46:23.382+0000] {taskinstance.py:1400} INFO - Marking task as SUCCESS. dag_id=csv_etl_pipeline, task_id=init_pipline, execution_date=20251016T080000, start_date=20251017T074623, end_date=20251017T074623
[2025-10-17T07:46:23.412+0000] {local_task_job_runner.py:228} INFO - Task exited with return code 0
[2025-10-17T07:46:23.433+0000] {taskinstance.py:2778} INFO - 1 downstream tasks scheduled from follow-on schedule check
[2025-10-17T07:53:21.066+0000] {taskinstance.py:1159} INFO - Dependencies all met for dep_context=non-requeueable deps ti=<TaskInstance: csv_etl_pipeline.init_pipline scheduled__2025-10-16T08:00:00+00:00 [queued]>
[2025-10-17T07:53:21.073+0000] {taskinstance.py:1159} INFO - Dependencies all met for dep_context=requeueable deps ti=<TaskInstance: csv_etl_pipeline.init_pipline scheduled__2025-10-16T08:00:00+00:00 [queued]>
[2025-10-17T07:53:21.074+0000] {taskinstance.py:1361} INFO - Starting attempt 1 of 1
[2025-10-17T07:53:21.083+0000] {taskinstance.py:1382} INFO - Executing <Task(PythonOperator): init_pipline> on 2025-10-16 08:00:00+00:00
[2025-10-17T07:53:21.090+0000] {standard_task_runner.py:57} INFO - Started process 74 to run task
[2025-10-17T07:53:21.094+0000] {standard_task_runner.py:84} INFO - Running: ['***', 'tasks', 'run', 'csv_etl_pipeline', 'init_pipline', 'scheduled__2025-10-16T08:00:00+00:00', '--job-id', '3', '--raw', '--subdir', 'DAGS_FOLDER/etl.py', '--cfg-path', '/tmp/tmpy1bnjfqb']
[2025-10-17T07:53:21.097+0000] {standard_task_runner.py:85} INFO - Job 3: Subtask init_pipline
[2025-10-17T07:53:21.147+0000] {task_command.py:416} INFO - Running <TaskInstance: csv_etl_pipeline.init_pipline scheduled__2025-10-16T08:00:00+00:00 [running]> on host b75e03269a58
[2025-10-17T07:53:21.211+0000] {taskinstance.py:1662} INFO - Exporting env vars: AIRFLOW_CTX_DAG_OWNER='***' AIRFLOW_CTX_DAG_ID='csv_etl_pipeline' AIRFLOW_CTX_TASK_ID='init_pipline' AIRFLOW_CTX_EXECUTION_DATE='2025-10-16T08:00:00+00:00' AIRFLOW_CTX_TRY_NUMBER='1' AIRFLOW_CTX_DAG_RUN_ID='scheduled__2025-10-16T08:00:00+00:00'
[2025-10-17T07:53:21.218+0000] {logging_mixin.py:154} INFO - Nombre de jeux : 3
[2025-10-17T07:53:21.219+0000] {python.py:194} INFO - Done. Returned value was: {"id":{"0":1,"1":2,"2":3},"urlgame":{"0":"https:\/\/www.instant-gaming.com\/en\/8003-buy-celeste-pc-mac-game-steam\/","1":"https:\/\/www.instant-gaming.com\/en\/2198-buy-hollow-knight-pc-mac-steam\/","2":"https:\/\/www.instant-gaming.com\/en\/4824-buy-elden-ring-pc-steam\/"},"game":{"0":"Celeste","1":"Hollow Knight","2":"Elden ring"}}
[2025-10-17T07:53:21.237+0000] {taskinstance.py:1400} INFO - Marking task as SUCCESS. dag_id=csv_etl_pipeline, task_id=init_pipline, execution_date=20251016T080000, start_date=20251017T075321, end_date=20251017T075321
[2025-10-17T07:53:21.266+0000] {local_task_job_runner.py:228} INFO - Task exited with return code 0
[2025-10-17T07:53:21.291+0000] {taskinstance.py:2778} INFO - 1 downstream tasks scheduled from follow-on schedule check
