[2025-10-17T07:19:50.178+0000] {taskinstance.py:1159} INFO - Dependencies all met for dep_context=non-requeueable deps ti=<TaskInstance: csv_etl_pipeline.request_api scheduled__2025-10-16T08:00:00+00:00 [queued]>
[2025-10-17T07:19:50.201+0000] {taskinstance.py:1159} INFO - Dependencies all met for dep_context=requeueable deps ti=<TaskInstance: csv_etl_pipeline.request_api scheduled__2025-10-16T08:00:00+00:00 [queued]>
[2025-10-17T07:19:50.203+0000] {taskinstance.py:1361} INFO - Starting attempt 1 of 1
[2025-10-17T07:19:50.236+0000] {taskinstance.py:1382} INFO - Executing <Task(PythonOperator): request_api> on 2025-10-16 08:00:00+00:00
[2025-10-17T07:19:50.262+0000] {standard_task_runner.py:57} INFO - Started process 166 to run task
[2025-10-17T07:19:50.271+0000] {standard_task_runner.py:84} INFO - Running: ['***', 'tasks', 'run', 'csv_etl_pipeline', 'request_api', 'scheduled__2025-10-16T08:00:00+00:00', '--job-id', '9', '--raw', '--subdir', 'DAGS_FOLDER/etl.py', '--cfg-path', '/tmp/tmpuupnjm5o']
[2025-10-17T07:19:50.273+0000] {standard_task_runner.py:85} INFO - Job 9: Subtask request_api
[2025-10-17T07:19:50.361+0000] {task_command.py:416} INFO - Running <TaskInstance: csv_etl_pipeline.request_api scheduled__2025-10-16T08:00:00+00:00 [running]> on host b4e3001b90ac
[2025-10-17T07:19:50.474+0000] {taskinstance.py:1662} INFO - Exporting env vars: AIRFLOW_CTX_DAG_OWNER='***' AIRFLOW_CTX_DAG_ID='csv_etl_pipeline' AIRFLOW_CTX_TASK_ID='request_api' AIRFLOW_CTX_EXECUTION_DATE='2025-10-16T08:00:00+00:00' AIRFLOW_CTX_TRY_NUMBER='1' AIRFLOW_CTX_DAG_RUN_ID='scheduled__2025-10-16T08:00:00+00:00'
[2025-10-17T07:19:50.493+0000] {logging_mixin.py:154} INFO - {"id":{"0":1,"1":2,"2":3},"urlgame":{"0":"https:\/\/www.instant-gaming.com\/en\/8003-buy-celeste-pc-mac-game-steam\/","1":"https:\/\/www.instant-gaming.com\/en\/2198-buy-hollow-knight-pc-mac-steam\/","2":"https:\/\/www.instant-gaming.com\/en\/4824-buy-elden-ring-pc-steam\/"},"game":{"0":"Celeste","1":"Hollow Knight","2":"Elden ring"}}
[2025-10-17T07:19:52.635+0000] {python.py:194} INFO - Done. Returned value was: {"id":{"0":1,"1":2,"2":3},"prix":{"0":6.65,"1":12.99,"2":28.59},"logdate":{"0":"2025-10-17T07:19:52.631962","1":"2025-10-17T07:19:52.631962","2":"2025-10-17T07:19:52.631962"}}
[2025-10-17T07:19:52.659+0000] {taskinstance.py:1400} INFO - Marking task as SUCCESS. dag_id=csv_etl_pipeline, task_id=request_api, execution_date=20251016T080000, start_date=20251017T071950, end_date=20251017T071952
[2025-10-17T07:19:52.705+0000] {local_task_job_runner.py:228} INFO - Task exited with return code 0
[2025-10-17T07:19:52.727+0000] {taskinstance.py:2778} INFO - 1 downstream tasks scheduled from follow-on schedule check
[2025-10-17T07:30:27.875+0000] {taskinstance.py:1159} INFO - Dependencies all met for dep_context=non-requeueable deps ti=<TaskInstance: csv_etl_pipeline.request_api scheduled__2025-10-16T08:00:00+00:00 [queued]>
[2025-10-17T07:30:27.897+0000] {taskinstance.py:1159} INFO - Dependencies all met for dep_context=requeueable deps ti=<TaskInstance: csv_etl_pipeline.request_api scheduled__2025-10-16T08:00:00+00:00 [queued]>
[2025-10-17T07:30:27.898+0000] {taskinstance.py:1361} INFO - Starting attempt 1 of 1
[2025-10-17T07:30:27.932+0000] {taskinstance.py:1382} INFO - Executing <Task(PythonOperator): request_api> on 2025-10-16 08:00:00+00:00
[2025-10-17T07:30:27.948+0000] {standard_task_runner.py:57} INFO - Started process 95 to run task
[2025-10-17T07:30:27.955+0000] {standard_task_runner.py:84} INFO - Running: ['***', 'tasks', 'run', 'csv_etl_pipeline', 'request_api', 'scheduled__2025-10-16T08:00:00+00:00', '--job-id', '5', '--raw', '--subdir', 'DAGS_FOLDER/etl.py', '--cfg-path', '/tmp/tmpmp74s0vz']
[2025-10-17T07:30:27.957+0000] {standard_task_runner.py:85} INFO - Job 5: Subtask request_api
[2025-10-17T07:30:28.051+0000] {task_command.py:416} INFO - Running <TaskInstance: csv_etl_pipeline.request_api scheduled__2025-10-16T08:00:00+00:00 [running]> on host 3e9356fa6f1e
[2025-10-17T07:30:28.178+0000] {taskinstance.py:1662} INFO - Exporting env vars: AIRFLOW_CTX_DAG_OWNER='***' AIRFLOW_CTX_DAG_ID='csv_etl_pipeline' AIRFLOW_CTX_TASK_ID='request_api' AIRFLOW_CTX_EXECUTION_DATE='2025-10-16T08:00:00+00:00' AIRFLOW_CTX_TRY_NUMBER='1' AIRFLOW_CTX_DAG_RUN_ID='scheduled__2025-10-16T08:00:00+00:00'
[2025-10-17T07:30:28.203+0000] {logging_mixin.py:154} INFO - {"id":{"0":1,"1":2,"2":3},"urlgame":{"0":"https:\/\/www.instant-gaming.com\/en\/8003-buy-celeste-pc-mac-game-steam\/","1":"https:\/\/www.instant-gaming.com\/en\/2198-buy-hollow-knight-pc-mac-steam\/","2":"https:\/\/www.instant-gaming.com\/en\/4824-buy-elden-ring-pc-steam\/"},"game":{"0":"Celeste","1":"Hollow Knight","2":"Elden ring"}}
[2025-10-17T07:30:30.300+0000] {python.py:194} INFO - Done. Returned value was: {"id":{"0":1,"1":2,"2":3},"prix":{"0":6.65,"1":12.99,"2":28.59},"logdate":{"0":"2025-10-17T07:30:30.288618","1":"2025-10-17T07:30:30.288618","2":"2025-10-17T07:30:30.288618"}}
[2025-10-17T07:30:30.334+0000] {taskinstance.py:1400} INFO - Marking task as SUCCESS. dag_id=csv_etl_pipeline, task_id=request_api, execution_date=20251016T080000, start_date=20251017T073027, end_date=20251017T073030
[2025-10-17T07:30:30.378+0000] {local_task_job_runner.py:228} INFO - Task exited with return code 0
[2025-10-17T07:30:30.419+0000] {taskinstance.py:2778} INFO - 1 downstream tasks scheduled from follow-on schedule check
[2025-10-17T07:35:48.278+0000] {taskinstance.py:1159} INFO - Dependencies all met for dep_context=non-requeueable deps ti=<TaskInstance: csv_etl_pipeline.request_api scheduled__2025-10-16T08:00:00+00:00 [queued]>
[2025-10-17T07:35:48.285+0000] {taskinstance.py:1159} INFO - Dependencies all met for dep_context=requeueable deps ti=<TaskInstance: csv_etl_pipeline.request_api scheduled__2025-10-16T08:00:00+00:00 [queued]>
[2025-10-17T07:35:48.285+0000] {taskinstance.py:1361} INFO - Starting attempt 1 of 1
[2025-10-17T07:35:48.295+0000] {taskinstance.py:1382} INFO - Executing <Task(PythonOperator): request_api> on 2025-10-16 08:00:00+00:00
[2025-10-17T07:35:48.301+0000] {standard_task_runner.py:57} INFO - Started process 77 to run task
[2025-10-17T07:35:48.304+0000] {standard_task_runner.py:84} INFO - Running: ['***', 'tasks', 'run', 'csv_etl_pipeline', 'request_api', 'scheduled__2025-10-16T08:00:00+00:00', '--job-id', '4', '--raw', '--subdir', 'DAGS_FOLDER/etl.py', '--cfg-path', '/tmp/tmplrjs6cxc']
[2025-10-17T07:35:48.305+0000] {standard_task_runner.py:85} INFO - Job 4: Subtask request_api
[2025-10-17T07:35:48.348+0000] {task_command.py:416} INFO - Running <TaskInstance: csv_etl_pipeline.request_api scheduled__2025-10-16T08:00:00+00:00 [running]> on host 61152302af13
[2025-10-17T07:35:48.427+0000] {taskinstance.py:1662} INFO - Exporting env vars: AIRFLOW_CTX_DAG_OWNER='***' AIRFLOW_CTX_DAG_ID='csv_etl_pipeline' AIRFLOW_CTX_TASK_ID='request_api' AIRFLOW_CTX_EXECUTION_DATE='2025-10-16T08:00:00+00:00' AIRFLOW_CTX_TRY_NUMBER='1' AIRFLOW_CTX_DAG_RUN_ID='scheduled__2025-10-16T08:00:00+00:00'
[2025-10-17T07:35:48.445+0000] {logging_mixin.py:154} INFO - {"id":{"0":1,"1":2,"2":3},"urlgame":{"0":"https:\/\/www.instant-gaming.com\/en\/8003-buy-celeste-pc-mac-game-steam\/","1":"https:\/\/www.instant-gaming.com\/en\/2198-buy-hollow-knight-pc-mac-steam\/","2":"https:\/\/www.instant-gaming.com\/en\/4824-buy-elden-ring-pc-steam\/"},"game":{"0":"Celeste","1":"Hollow Knight","2":"Elden ring"}}
[2025-10-17T07:35:50.607+0000] {python.py:194} INFO - Done. Returned value was: {"id":{"0":1,"1":2,"2":3},"prix":{"0":6.65,"1":12.99,"2":28.59},"logdate":{"0":"2025-10-17T07:35:50.603587","1":"2025-10-17T07:35:50.603587","2":"2025-10-17T07:35:50.603587"}}
[2025-10-17T07:35:50.633+0000] {taskinstance.py:1400} INFO - Marking task as SUCCESS. dag_id=csv_etl_pipeline, task_id=request_api, execution_date=20251016T080000, start_date=20251017T073548, end_date=20251017T073550
[2025-10-17T07:35:50.684+0000] {local_task_job_runner.py:228} INFO - Task exited with return code 0
[2025-10-17T07:35:50.710+0000] {taskinstance.py:2778} INFO - 1 downstream tasks scheduled from follow-on schedule check
[2025-10-17T07:38:49.493+0000] {taskinstance.py:1159} INFO - Dependencies all met for dep_context=non-requeueable deps ti=<TaskInstance: csv_etl_pipeline.request_api scheduled__2025-10-16T08:00:00+00:00 [queued]>
[2025-10-17T07:38:49.499+0000] {taskinstance.py:1159} INFO - Dependencies all met for dep_context=requeueable deps ti=<TaskInstance: csv_etl_pipeline.request_api scheduled__2025-10-16T08:00:00+00:00 [queued]>
[2025-10-17T07:38:49.500+0000] {taskinstance.py:1361} INFO - Starting attempt 1 of 1
[2025-10-17T07:38:49.510+0000] {taskinstance.py:1382} INFO - Executing <Task(PythonOperator): request_api> on 2025-10-16 08:00:00+00:00
[2025-10-17T07:38:49.516+0000] {standard_task_runner.py:57} INFO - Started process 78 to run task
[2025-10-17T07:38:49.520+0000] {standard_task_runner.py:84} INFO - Running: ['***', 'tasks', 'run', 'csv_etl_pipeline', 'request_api', 'scheduled__2025-10-16T08:00:00+00:00', '--job-id', '4', '--raw', '--subdir', 'DAGS_FOLDER/etl.py', '--cfg-path', '/tmp/tmppot6biz7']
[2025-10-17T07:38:49.521+0000] {standard_task_runner.py:85} INFO - Job 4: Subtask request_api
[2025-10-17T07:38:49.565+0000] {task_command.py:416} INFO - Running <TaskInstance: csv_etl_pipeline.request_api scheduled__2025-10-16T08:00:00+00:00 [running]> on host 5c52d2b137c6
[2025-10-17T07:38:49.627+0000] {taskinstance.py:1662} INFO - Exporting env vars: AIRFLOW_CTX_DAG_OWNER='***' AIRFLOW_CTX_DAG_ID='csv_etl_pipeline' AIRFLOW_CTX_TASK_ID='request_api' AIRFLOW_CTX_EXECUTION_DATE='2025-10-16T08:00:00+00:00' AIRFLOW_CTX_TRY_NUMBER='1' AIRFLOW_CTX_DAG_RUN_ID='scheduled__2025-10-16T08:00:00+00:00'
[2025-10-17T07:38:49.638+0000] {logging_mixin.py:154} INFO - {"id":{"0":1,"1":2,"2":3},"urlgame":{"0":"https:\/\/www.instant-gaming.com\/en\/8003-buy-celeste-pc-mac-game-steam\/","1":"https:\/\/www.instant-gaming.com\/en\/2198-buy-hollow-knight-pc-mac-steam\/","2":"https:\/\/www.instant-gaming.com\/en\/4824-buy-elden-ring-pc-steam\/"},"game":{"0":"Celeste","1":"Hollow Knight","2":"Elden ring"}}
[2025-10-17T07:38:51.674+0000] {python.py:194} INFO - Done. Returned value was: {"id":{"0":1,"1":2,"2":3},"prix":{"0":6.65,"1":12.99,"2":28.59},"logdate":{"0":"2025-10-17T07:38:51.671563","1":"2025-10-17T07:38:51.671563","2":"2025-10-17T07:38:51.671563"}}
[2025-10-17T07:38:51.695+0000] {taskinstance.py:1400} INFO - Marking task as SUCCESS. dag_id=csv_etl_pipeline, task_id=request_api, execution_date=20251016T080000, start_date=20251017T073849, end_date=20251017T073851
[2025-10-17T07:38:51.739+0000] {local_task_job_runner.py:228} INFO - Task exited with return code 0
[2025-10-17T07:38:51.768+0000] {taskinstance.py:2778} INFO - 1 downstream tasks scheduled from follow-on schedule check
[2025-10-17T07:42:32.284+0000] {taskinstance.py:1159} INFO - Dependencies all met for dep_context=non-requeueable deps ti=<TaskInstance: csv_etl_pipeline.request_api scheduled__2025-10-16T08:00:00+00:00 [queued]>
[2025-10-17T07:42:32.291+0000] {taskinstance.py:1159} INFO - Dependencies all met for dep_context=requeueable deps ti=<TaskInstance: csv_etl_pipeline.request_api scheduled__2025-10-16T08:00:00+00:00 [queued]>
[2025-10-17T07:42:32.291+0000] {taskinstance.py:1361} INFO - Starting attempt 1 of 1
[2025-10-17T07:42:32.301+0000] {taskinstance.py:1382} INFO - Executing <Task(PythonOperator): request_api> on 2025-10-16 08:00:00+00:00
[2025-10-17T07:42:32.307+0000] {standard_task_runner.py:57} INFO - Started process 77 to run task
[2025-10-17T07:42:32.311+0000] {standard_task_runner.py:84} INFO - Running: ['***', 'tasks', 'run', 'csv_etl_pipeline', 'request_api', 'scheduled__2025-10-16T08:00:00+00:00', '--job-id', '4', '--raw', '--subdir', 'DAGS_FOLDER/etl.py', '--cfg-path', '/tmp/tmp2c99z1jn']
[2025-10-17T07:42:32.312+0000] {standard_task_runner.py:85} INFO - Job 4: Subtask request_api
[2025-10-17T07:42:32.354+0000] {task_command.py:416} INFO - Running <TaskInstance: csv_etl_pipeline.request_api scheduled__2025-10-16T08:00:00+00:00 [running]> on host 594a58f6e02c
[2025-10-17T07:42:32.421+0000] {taskinstance.py:1662} INFO - Exporting env vars: AIRFLOW_CTX_DAG_OWNER='***' AIRFLOW_CTX_DAG_ID='csv_etl_pipeline' AIRFLOW_CTX_TASK_ID='request_api' AIRFLOW_CTX_EXECUTION_DATE='2025-10-16T08:00:00+00:00' AIRFLOW_CTX_TRY_NUMBER='1' AIRFLOW_CTX_DAG_RUN_ID='scheduled__2025-10-16T08:00:00+00:00'
[2025-10-17T07:42:32.432+0000] {logging_mixin.py:154} INFO - {"id":{"0":1,"1":2,"2":3},"urlgame":{"0":"https:\/\/www.instant-gaming.com\/en\/8003-buy-celeste-pc-mac-game-steam\/","1":"https:\/\/www.instant-gaming.com\/en\/2198-buy-hollow-knight-pc-mac-steam\/","2":"https:\/\/www.instant-gaming.com\/en\/4824-buy-elden-ring-pc-steam\/"},"game":{"0":"Celeste","1":"Hollow Knight","2":"Elden ring"}}
[2025-10-17T07:42:34.513+0000] {python.py:194} INFO - Done. Returned value was: {"id":{"0":1,"1":2,"2":3},"prix":{"0":6.65,"1":12.99,"2":28.59},"logdate":{"0":"2025-10-17T07:42:34.510531","1":"2025-10-17T07:42:34.510531","2":"2025-10-17T07:42:34.510531"}}
[2025-10-17T07:42:34.533+0000] {taskinstance.py:1400} INFO - Marking task as SUCCESS. dag_id=csv_etl_pipeline, task_id=request_api, execution_date=20251016T080000, start_date=20251017T074232, end_date=20251017T074234
[2025-10-17T07:42:34.571+0000] {local_task_job_runner.py:228} INFO - Task exited with return code 0
[2025-10-17T07:42:34.591+0000] {taskinstance.py:2778} INFO - 0 downstream tasks scheduled from follow-on schedule check
[2025-10-17T07:44:36.112+0000] {taskinstance.py:1159} INFO - Dependencies all met for dep_context=non-requeueable deps ti=<TaskInstance: csv_etl_pipeline.request_api scheduled__2025-10-16T08:00:00+00:00 [queued]>
[2025-10-17T07:44:36.120+0000] {taskinstance.py:1159} INFO - Dependencies all met for dep_context=requeueable deps ti=<TaskInstance: csv_etl_pipeline.request_api scheduled__2025-10-16T08:00:00+00:00 [queued]>
[2025-10-17T07:44:36.121+0000] {taskinstance.py:1361} INFO - Starting attempt 1 of 1
[2025-10-17T07:44:36.132+0000] {taskinstance.py:1382} INFO - Executing <Task(PythonOperator): request_api> on 2025-10-16 08:00:00+00:00
[2025-10-17T07:44:36.137+0000] {standard_task_runner.py:57} INFO - Started process 77 to run task
[2025-10-17T07:44:36.141+0000] {standard_task_runner.py:84} INFO - Running: ['***', 'tasks', 'run', 'csv_etl_pipeline', 'request_api', 'scheduled__2025-10-16T08:00:00+00:00', '--job-id', '5', '--raw', '--subdir', 'DAGS_FOLDER/etl.py', '--cfg-path', '/tmp/tmp8ai2dm9u']
[2025-10-17T07:44:36.142+0000] {standard_task_runner.py:85} INFO - Job 5: Subtask request_api
[2025-10-17T07:44:36.186+0000] {task_command.py:416} INFO - Running <TaskInstance: csv_etl_pipeline.request_api scheduled__2025-10-16T08:00:00+00:00 [running]> on host 2c9472be3d90
[2025-10-17T07:44:36.250+0000] {taskinstance.py:1662} INFO - Exporting env vars: AIRFLOW_CTX_DAG_OWNER='***' AIRFLOW_CTX_DAG_ID='csv_etl_pipeline' AIRFLOW_CTX_TASK_ID='request_api' AIRFLOW_CTX_EXECUTION_DATE='2025-10-16T08:00:00+00:00' AIRFLOW_CTX_TRY_NUMBER='1' AIRFLOW_CTX_DAG_RUN_ID='scheduled__2025-10-16T08:00:00+00:00'
[2025-10-17T07:44:36.262+0000] {logging_mixin.py:154} INFO - {"id":{"0":1,"1":2,"2":3},"urlgame":{"0":"https:\/\/www.instant-gaming.com\/en\/8003-buy-celeste-pc-mac-game-steam\/","1":"https:\/\/www.instant-gaming.com\/en\/2198-buy-hollow-knight-pc-mac-steam\/","2":"https:\/\/www.instant-gaming.com\/en\/4824-buy-elden-ring-pc-steam\/"},"game":{"0":"Celeste","1":"Hollow Knight","2":"Elden ring"}}
[2025-10-17T07:44:38.182+0000] {python.py:194} INFO - Done. Returned value was: {"id":{"0":1,"1":2,"2":3},"prix":{"0":6.65,"1":12.99,"2":28.59},"logdate":{"0":"2025-10-17T07:44:38.179348","1":"2025-10-17T07:44:38.179348","2":"2025-10-17T07:44:38.179348"}}
[2025-10-17T07:44:38.206+0000] {taskinstance.py:1400} INFO - Marking task as SUCCESS. dag_id=csv_etl_pipeline, task_id=request_api, execution_date=20251016T080000, start_date=20251017T074436, end_date=20251017T074438
[2025-10-17T07:44:38.240+0000] {local_task_job_runner.py:228} INFO - Task exited with return code 0
[2025-10-17T07:44:38.265+0000] {taskinstance.py:2778} INFO - 1 downstream tasks scheduled from follow-on schedule check
[2025-10-17T07:46:24.468+0000] {taskinstance.py:1159} INFO - Dependencies all met for dep_context=non-requeueable deps ti=<TaskInstance: csv_etl_pipeline.request_api scheduled__2025-10-16T08:00:00+00:00 [queued]>
[2025-10-17T07:46:24.475+0000] {taskinstance.py:1159} INFO - Dependencies all met for dep_context=requeueable deps ti=<TaskInstance: csv_etl_pipeline.request_api scheduled__2025-10-16T08:00:00+00:00 [queued]>
[2025-10-17T07:46:24.475+0000] {taskinstance.py:1361} INFO - Starting attempt 1 of 1
[2025-10-17T07:46:24.485+0000] {taskinstance.py:1382} INFO - Executing <Task(PythonOperator): request_api> on 2025-10-16 08:00:00+00:00
[2025-10-17T07:46:24.491+0000] {standard_task_runner.py:57} INFO - Started process 77 to run task
[2025-10-17T07:46:24.494+0000] {standard_task_runner.py:84} INFO - Running: ['***', 'tasks', 'run', 'csv_etl_pipeline', 'request_api', 'scheduled__2025-10-16T08:00:00+00:00', '--job-id', '4', '--raw', '--subdir', 'DAGS_FOLDER/etl.py', '--cfg-path', '/tmp/tmprvt2ef4o']
[2025-10-17T07:46:24.495+0000] {standard_task_runner.py:85} INFO - Job 4: Subtask request_api
[2025-10-17T07:46:24.542+0000] {task_command.py:416} INFO - Running <TaskInstance: csv_etl_pipeline.request_api scheduled__2025-10-16T08:00:00+00:00 [running]> on host f3df47fa4574
[2025-10-17T07:46:24.625+0000] {taskinstance.py:1662} INFO - Exporting env vars: AIRFLOW_CTX_DAG_OWNER='***' AIRFLOW_CTX_DAG_ID='csv_etl_pipeline' AIRFLOW_CTX_TASK_ID='request_api' AIRFLOW_CTX_EXECUTION_DATE='2025-10-16T08:00:00+00:00' AIRFLOW_CTX_TRY_NUMBER='1' AIRFLOW_CTX_DAG_RUN_ID='scheduled__2025-10-16T08:00:00+00:00'
[2025-10-17T07:46:24.639+0000] {logging_mixin.py:154} INFO - {"id":{"0":1,"1":2,"2":3},"urlgame":{"0":"https:\/\/www.instant-gaming.com\/en\/8003-buy-celeste-pc-mac-game-steam\/","1":"https:\/\/www.instant-gaming.com\/en\/2198-buy-hollow-knight-pc-mac-steam\/","2":"https:\/\/www.instant-gaming.com\/en\/4824-buy-elden-ring-pc-steam\/"},"game":{"0":"Celeste","1":"Hollow Knight","2":"Elden ring"}}
[2025-10-17T07:46:26.492+0000] {python.py:194} INFO - Done. Returned value was: {"id":{"0":1,"1":2,"2":3},"prix":{"0":6.65,"1":12.99,"2":28.59},"logdate":{"0":"2025-10-17T07:46:26.490606","1":"2025-10-17T07:46:26.490606","2":"2025-10-17T07:46:26.490606"}}
[2025-10-17T07:46:26.516+0000] {taskinstance.py:1400} INFO - Marking task as SUCCESS. dag_id=csv_etl_pipeline, task_id=request_api, execution_date=20251016T080000, start_date=20251017T074624, end_date=20251017T074626
[2025-10-17T07:46:26.553+0000] {local_task_job_runner.py:228} INFO - Task exited with return code 0
[2025-10-17T07:46:26.575+0000] {taskinstance.py:2778} INFO - 1 downstream tasks scheduled from follow-on schedule check
[2025-10-17T07:53:22.587+0000] {taskinstance.py:1159} INFO - Dependencies all met for dep_context=non-requeueable deps ti=<TaskInstance: csv_etl_pipeline.request_api scheduled__2025-10-16T08:00:00+00:00 [queued]>
[2025-10-17T07:53:22.594+0000] {taskinstance.py:1159} INFO - Dependencies all met for dep_context=requeueable deps ti=<TaskInstance: csv_etl_pipeline.request_api scheduled__2025-10-16T08:00:00+00:00 [queued]>
[2025-10-17T07:53:22.594+0000] {taskinstance.py:1361} INFO - Starting attempt 1 of 1
[2025-10-17T07:53:22.604+0000] {taskinstance.py:1382} INFO - Executing <Task(PythonOperator): request_api> on 2025-10-16 08:00:00+00:00
[2025-10-17T07:53:22.609+0000] {standard_task_runner.py:57} INFO - Started process 77 to run task
[2025-10-17T07:53:22.612+0000] {standard_task_runner.py:84} INFO - Running: ['***', 'tasks', 'run', 'csv_etl_pipeline', 'request_api', 'scheduled__2025-10-16T08:00:00+00:00', '--job-id', '4', '--raw', '--subdir', 'DAGS_FOLDER/etl.py', '--cfg-path', '/tmp/tmp7zhw_iq8']
[2025-10-17T07:53:22.615+0000] {standard_task_runner.py:85} INFO - Job 4: Subtask request_api
[2025-10-17T07:53:22.656+0000] {task_command.py:416} INFO - Running <TaskInstance: csv_etl_pipeline.request_api scheduled__2025-10-16T08:00:00+00:00 [running]> on host b75e03269a58
[2025-10-17T07:53:22.717+0000] {taskinstance.py:1662} INFO - Exporting env vars: AIRFLOW_CTX_DAG_OWNER='***' AIRFLOW_CTX_DAG_ID='csv_etl_pipeline' AIRFLOW_CTX_TASK_ID='request_api' AIRFLOW_CTX_EXECUTION_DATE='2025-10-16T08:00:00+00:00' AIRFLOW_CTX_TRY_NUMBER='1' AIRFLOW_CTX_DAG_RUN_ID='scheduled__2025-10-16T08:00:00+00:00'
[2025-10-17T07:53:22.729+0000] {logging_mixin.py:154} INFO - {"id":{"0":1,"1":2,"2":3},"urlgame":{"0":"https:\/\/www.instant-gaming.com\/en\/8003-buy-celeste-pc-mac-game-steam\/","1":"https:\/\/www.instant-gaming.com\/en\/2198-buy-hollow-knight-pc-mac-steam\/","2":"https:\/\/www.instant-gaming.com\/en\/4824-buy-elden-ring-pc-steam\/"},"game":{"0":"Celeste","1":"Hollow Knight","2":"Elden ring"}}
[2025-10-17T07:53:24.542+0000] {python.py:194} INFO - Done. Returned value was: {"id":{"0":1,"1":2,"2":3},"prix":{"0":6.65,"1":12.99,"2":28.59},"logdate":{"0":"2025-10-17T07:53:24.538921","1":"2025-10-17T07:53:24.538921","2":"2025-10-17T07:53:24.538921"}}
[2025-10-17T07:53:24.567+0000] {taskinstance.py:1400} INFO - Marking task as SUCCESS. dag_id=csv_etl_pipeline, task_id=request_api, execution_date=20251016T080000, start_date=20251017T075322, end_date=20251017T075324
[2025-10-17T07:53:24.591+0000] {local_task_job_runner.py:228} INFO - Task exited with return code 0
[2025-10-17T07:53:24.612+0000] {taskinstance.py:2778} INFO - 1 downstream tasks scheduled from follow-on schedule check
