[2025-10-16T15:10:41.419+0000] {processor.py:157} INFO - Started process (PID=83) to work on /home/airflow/.local/lib/python3.8/site-packages/airflow/example_dags/example_dynamic_task_mapping_with_no_taskflow_operators.py
[2025-10-16T15:10:41.420+0000] {processor.py:829} INFO - Processing file /home/airflow/.local/lib/python3.8/site-packages/airflow/example_dags/example_dynamic_task_mapping_with_no_taskflow_operators.py for tasks to queue
[2025-10-16T15:10:41.422+0000] {logging_mixin.py:154} INFO - [2025-10-16T15:10:41.422+0000] {dagbag.py:536} INFO - Filling up the DagBag from /home/airflow/.local/lib/python3.8/site-packages/airflow/example_dags/example_dynamic_task_mapping_with_no_taskflow_operators.py
[2025-10-16T15:10:41.432+0000] {processor.py:839} INFO - DAG(s) dict_keys(['example_dynamic_task_mapping_with_no_taskflow_operators']) retrieved from /home/airflow/.local/lib/python3.8/site-packages/airflow/example_dags/example_dynamic_task_mapping_with_no_taskflow_operators.py
[2025-10-16T15:10:41.546+0000] {logging_mixin.py:154} INFO - [2025-10-16T15:10:41.545+0000] {manager.py:499} INFO - Created Permission View: %s
[2025-10-16T15:10:41.559+0000] {logging_mixin.py:154} INFO - [2025-10-16T15:10:41.558+0000] {manager.py:499} INFO - Created Permission View: %s
[2025-10-16T15:10:41.567+0000] {logging_mixin.py:154} INFO - [2025-10-16T15:10:41.567+0000] {manager.py:499} INFO - Created Permission View: %s
[2025-10-16T15:10:41.567+0000] {logging_mixin.py:154} INFO - [2025-10-16T15:10:41.567+0000] {dag.py:2941} INFO - Sync 1 DAGs
[2025-10-16T15:10:41.584+0000] {logging_mixin.py:154} INFO - [2025-10-16T15:10:41.584+0000] {dag.py:2963} INFO - Creating ORM DAG for example_dynamic_task_mapping_with_no_taskflow_operators
[2025-10-16T15:10:41.596+0000] {logging_mixin.py:154} INFO - [2025-10-16T15:10:41.596+0000] {dag.py:3722} INFO - Setting next_dagrun for example_dynamic_task_mapping_with_no_taskflow_operators to 2025-10-15T15:10:41.595921+00:00, run_after=2025-10-16T15:10:41.595921+00:00
[2025-10-16T15:10:41.617+0000] {processor.py:179} INFO - Processing /home/airflow/.local/lib/python3.8/site-packages/airflow/example_dags/example_dynamic_task_mapping_with_no_taskflow_operators.py took 0.202 seconds
[2025-10-16T15:11:12.070+0000] {processor.py:157} INFO - Started process (PID=139) to work on /home/airflow/.local/lib/python3.8/site-packages/airflow/example_dags/example_dynamic_task_mapping_with_no_taskflow_operators.py
[2025-10-16T15:11:12.071+0000] {processor.py:829} INFO - Processing file /home/airflow/.local/lib/python3.8/site-packages/airflow/example_dags/example_dynamic_task_mapping_with_no_taskflow_operators.py for tasks to queue
[2025-10-16T15:11:12.073+0000] {logging_mixin.py:154} INFO - [2025-10-16T15:11:12.073+0000] {dagbag.py:536} INFO - Filling up the DagBag from /home/airflow/.local/lib/python3.8/site-packages/airflow/example_dags/example_dynamic_task_mapping_with_no_taskflow_operators.py
[2025-10-16T15:11:12.079+0000] {processor.py:839} INFO - DAG(s) dict_keys(['example_dynamic_task_mapping_with_no_taskflow_operators']) retrieved from /home/airflow/.local/lib/python3.8/site-packages/airflow/example_dags/example_dynamic_task_mapping_with_no_taskflow_operators.py
[2025-10-16T15:11:12.098+0000] {logging_mixin.py:154} INFO - [2025-10-16T15:11:12.098+0000] {dag.py:2941} INFO - Sync 1 DAGs
[2025-10-16T15:11:12.117+0000] {logging_mixin.py:154} INFO - [2025-10-16T15:11:12.117+0000] {dag.py:3722} INFO - Setting next_dagrun for example_dynamic_task_mapping_with_no_taskflow_operators to 2025-10-15T15:11:12.116747+00:00, run_after=2025-10-16T15:11:12.116747+00:00
[2025-10-16T15:11:12.134+0000] {processor.py:179} INFO - Processing /home/airflow/.local/lib/python3.8/site-packages/airflow/example_dags/example_dynamic_task_mapping_with_no_taskflow_operators.py took 0.067 seconds
[2025-10-16T15:11:42.637+0000] {processor.py:157} INFO - Started process (PID=195) to work on /home/airflow/.local/lib/python3.8/site-packages/airflow/example_dags/example_dynamic_task_mapping_with_no_taskflow_operators.py
[2025-10-16T15:11:42.638+0000] {processor.py:829} INFO - Processing file /home/airflow/.local/lib/python3.8/site-packages/airflow/example_dags/example_dynamic_task_mapping_with_no_taskflow_operators.py for tasks to queue
[2025-10-16T15:11:42.640+0000] {logging_mixin.py:154} INFO - [2025-10-16T15:11:42.640+0000] {dagbag.py:536} INFO - Filling up the DagBag from /home/airflow/.local/lib/python3.8/site-packages/airflow/example_dags/example_dynamic_task_mapping_with_no_taskflow_operators.py
[2025-10-16T15:11:42.646+0000] {processor.py:839} INFO - DAG(s) dict_keys(['example_dynamic_task_mapping_with_no_taskflow_operators']) retrieved from /home/airflow/.local/lib/python3.8/site-packages/airflow/example_dags/example_dynamic_task_mapping_with_no_taskflow_operators.py
[2025-10-16T15:11:42.665+0000] {logging_mixin.py:154} INFO - [2025-10-16T15:11:42.665+0000] {dag.py:2941} INFO - Sync 1 DAGs
[2025-10-16T15:11:42.687+0000] {logging_mixin.py:154} INFO - [2025-10-16T15:11:42.687+0000] {dag.py:3722} INFO - Setting next_dagrun for example_dynamic_task_mapping_with_no_taskflow_operators to 2025-10-15T15:11:42.686911+00:00, run_after=2025-10-16T15:11:42.686911+00:00
[2025-10-16T15:11:42.704+0000] {processor.py:179} INFO - Processing /home/airflow/.local/lib/python3.8/site-packages/airflow/example_dags/example_dynamic_task_mapping_with_no_taskflow_operators.py took 0.070 seconds
[2025-10-16T15:12:13.288+0000] {processor.py:157} INFO - Started process (PID=251) to work on /home/airflow/.local/lib/python3.8/site-packages/airflow/example_dags/example_dynamic_task_mapping_with_no_taskflow_operators.py
[2025-10-16T15:12:13.289+0000] {processor.py:829} INFO - Processing file /home/airflow/.local/lib/python3.8/site-packages/airflow/example_dags/example_dynamic_task_mapping_with_no_taskflow_operators.py for tasks to queue
[2025-10-16T15:12:13.291+0000] {logging_mixin.py:154} INFO - [2025-10-16T15:12:13.291+0000] {dagbag.py:536} INFO - Filling up the DagBag from /home/airflow/.local/lib/python3.8/site-packages/airflow/example_dags/example_dynamic_task_mapping_with_no_taskflow_operators.py
[2025-10-16T15:12:13.298+0000] {processor.py:839} INFO - DAG(s) dict_keys(['example_dynamic_task_mapping_with_no_taskflow_operators']) retrieved from /home/airflow/.local/lib/python3.8/site-packages/airflow/example_dags/example_dynamic_task_mapping_with_no_taskflow_operators.py
[2025-10-16T15:12:13.321+0000] {logging_mixin.py:154} INFO - [2025-10-16T15:12:13.321+0000] {dag.py:2941} INFO - Sync 1 DAGs
[2025-10-16T15:12:13.346+0000] {logging_mixin.py:154} INFO - [2025-10-16T15:12:13.345+0000] {dag.py:3722} INFO - Setting next_dagrun for example_dynamic_task_mapping_with_no_taskflow_operators to 2025-10-15T15:12:13.345642+00:00, run_after=2025-10-16T15:12:13.345642+00:00
[2025-10-16T15:12:13.368+0000] {processor.py:179} INFO - Processing /home/airflow/.local/lib/python3.8/site-packages/airflow/example_dags/example_dynamic_task_mapping_with_no_taskflow_operators.py took 0.083 seconds
[2025-10-16T15:12:44.234+0000] {processor.py:157} INFO - Started process (PID=307) to work on /home/airflow/.local/lib/python3.8/site-packages/airflow/example_dags/example_dynamic_task_mapping_with_no_taskflow_operators.py
[2025-10-16T15:12:44.235+0000] {processor.py:829} INFO - Processing file /home/airflow/.local/lib/python3.8/site-packages/airflow/example_dags/example_dynamic_task_mapping_with_no_taskflow_operators.py for tasks to queue
[2025-10-16T15:12:44.238+0000] {logging_mixin.py:154} INFO - [2025-10-16T15:12:44.237+0000] {dagbag.py:536} INFO - Filling up the DagBag from /home/airflow/.local/lib/python3.8/site-packages/airflow/example_dags/example_dynamic_task_mapping_with_no_taskflow_operators.py
[2025-10-16T15:12:44.244+0000] {processor.py:839} INFO - DAG(s) dict_keys(['example_dynamic_task_mapping_with_no_taskflow_operators']) retrieved from /home/airflow/.local/lib/python3.8/site-packages/airflow/example_dags/example_dynamic_task_mapping_with_no_taskflow_operators.py
[2025-10-16T15:12:44.263+0000] {logging_mixin.py:154} INFO - [2025-10-16T15:12:44.263+0000] {dag.py:2941} INFO - Sync 1 DAGs
[2025-10-16T15:12:44.281+0000] {logging_mixin.py:154} INFO - [2025-10-16T15:12:44.281+0000] {dag.py:3722} INFO - Setting next_dagrun for example_dynamic_task_mapping_with_no_taskflow_operators to 2025-10-15T15:12:44.281366+00:00, run_after=2025-10-16T15:12:44.281366+00:00
[2025-10-16T15:12:44.296+0000] {processor.py:179} INFO - Processing /home/airflow/.local/lib/python3.8/site-packages/airflow/example_dags/example_dynamic_task_mapping_with_no_taskflow_operators.py took 0.066 seconds
[2025-10-16T15:13:14.980+0000] {processor.py:157} INFO - Started process (PID=363) to work on /home/airflow/.local/lib/python3.8/site-packages/airflow/example_dags/example_dynamic_task_mapping_with_no_taskflow_operators.py
[2025-10-16T15:13:14.981+0000] {processor.py:829} INFO - Processing file /home/airflow/.local/lib/python3.8/site-packages/airflow/example_dags/example_dynamic_task_mapping_with_no_taskflow_operators.py for tasks to queue
[2025-10-16T15:13:14.983+0000] {logging_mixin.py:154} INFO - [2025-10-16T15:13:14.983+0000] {dagbag.py:536} INFO - Filling up the DagBag from /home/airflow/.local/lib/python3.8/site-packages/airflow/example_dags/example_dynamic_task_mapping_with_no_taskflow_operators.py
[2025-10-16T15:13:14.988+0000] {processor.py:839} INFO - DAG(s) dict_keys(['example_dynamic_task_mapping_with_no_taskflow_operators']) retrieved from /home/airflow/.local/lib/python3.8/site-packages/airflow/example_dags/example_dynamic_task_mapping_with_no_taskflow_operators.py
[2025-10-16T15:13:15.007+0000] {logging_mixin.py:154} INFO - [2025-10-16T15:13:15.007+0000] {dag.py:2941} INFO - Sync 1 DAGs
[2025-10-16T15:13:15.027+0000] {logging_mixin.py:154} INFO - [2025-10-16T15:13:15.026+0000] {dag.py:3722} INFO - Setting next_dagrun for example_dynamic_task_mapping_with_no_taskflow_operators to 2025-10-15T15:13:15.026627+00:00, run_after=2025-10-16T15:13:15.026627+00:00
[2025-10-16T15:13:15.041+0000] {processor.py:179} INFO - Processing /home/airflow/.local/lib/python3.8/site-packages/airflow/example_dags/example_dynamic_task_mapping_with_no_taskflow_operators.py took 0.065 seconds
[2025-10-16T15:14:13.184+0000] {processor.py:157} INFO - Started process (PID=83) to work on /home/airflow/.local/lib/python3.8/site-packages/airflow/example_dags/example_dynamic_task_mapping_with_no_taskflow_operators.py
[2025-10-16T15:14:13.186+0000] {processor.py:829} INFO - Processing file /home/airflow/.local/lib/python3.8/site-packages/airflow/example_dags/example_dynamic_task_mapping_with_no_taskflow_operators.py for tasks to queue
[2025-10-16T15:14:13.189+0000] {logging_mixin.py:154} INFO - [2025-10-16T15:14:13.189+0000] {dagbag.py:536} INFO - Filling up the DagBag from /home/airflow/.local/lib/python3.8/site-packages/airflow/example_dags/example_dynamic_task_mapping_with_no_taskflow_operators.py
[2025-10-16T15:14:13.201+0000] {processor.py:839} INFO - DAG(s) dict_keys(['example_dynamic_task_mapping_with_no_taskflow_operators']) retrieved from /home/airflow/.local/lib/python3.8/site-packages/airflow/example_dags/example_dynamic_task_mapping_with_no_taskflow_operators.py
[2025-10-16T15:14:13.334+0000] {logging_mixin.py:154} INFO - [2025-10-16T15:14:13.334+0000] {manager.py:499} INFO - Created Permission View: %s
[2025-10-16T15:14:13.348+0000] {logging_mixin.py:154} INFO - [2025-10-16T15:14:13.348+0000] {manager.py:499} INFO - Created Permission View: %s
[2025-10-16T15:14:13.356+0000] {logging_mixin.py:154} INFO - [2025-10-16T15:14:13.356+0000] {manager.py:499} INFO - Created Permission View: %s
[2025-10-16T15:14:13.356+0000] {logging_mixin.py:154} INFO - [2025-10-16T15:14:13.356+0000] {dag.py:2941} INFO - Sync 1 DAGs
[2025-10-16T15:14:13.369+0000] {logging_mixin.py:154} INFO - [2025-10-16T15:14:13.369+0000] {dag.py:2963} INFO - Creating ORM DAG for example_dynamic_task_mapping_with_no_taskflow_operators
[2025-10-16T15:14:13.383+0000] {logging_mixin.py:154} INFO - [2025-10-16T15:14:13.382+0000] {dag.py:3722} INFO - Setting next_dagrun for example_dynamic_task_mapping_with_no_taskflow_operators to 2025-10-15T15:14:13.382499+00:00, run_after=2025-10-16T15:14:13.382499+00:00
[2025-10-16T15:14:13.401+0000] {processor.py:179} INFO - Processing /home/airflow/.local/lib/python3.8/site-packages/airflow/example_dags/example_dynamic_task_mapping_with_no_taskflow_operators.py took 0.222 seconds
[2025-10-16T15:14:43.481+0000] {processor.py:157} INFO - Started process (PID=139) to work on /home/airflow/.local/lib/python3.8/site-packages/airflow/example_dags/example_dynamic_task_mapping_with_no_taskflow_operators.py
[2025-10-16T15:14:43.482+0000] {processor.py:829} INFO - Processing file /home/airflow/.local/lib/python3.8/site-packages/airflow/example_dags/example_dynamic_task_mapping_with_no_taskflow_operators.py for tasks to queue
[2025-10-16T15:14:43.486+0000] {logging_mixin.py:154} INFO - [2025-10-16T15:14:43.485+0000] {dagbag.py:536} INFO - Filling up the DagBag from /home/airflow/.local/lib/python3.8/site-packages/airflow/example_dags/example_dynamic_task_mapping_with_no_taskflow_operators.py
[2025-10-16T15:14:43.494+0000] {processor.py:839} INFO - DAG(s) dict_keys(['example_dynamic_task_mapping_with_no_taskflow_operators']) retrieved from /home/airflow/.local/lib/python3.8/site-packages/airflow/example_dags/example_dynamic_task_mapping_with_no_taskflow_operators.py
[2025-10-16T15:14:43.522+0000] {logging_mixin.py:154} INFO - [2025-10-16T15:14:43.522+0000] {dag.py:2941} INFO - Sync 1 DAGs
[2025-10-16T15:14:43.549+0000] {logging_mixin.py:154} INFO - [2025-10-16T15:14:43.549+0000] {dag.py:3722} INFO - Setting next_dagrun for example_dynamic_task_mapping_with_no_taskflow_operators to 2025-10-15T15:14:43.549206+00:00, run_after=2025-10-16T15:14:43.549206+00:00
[2025-10-16T15:14:43.571+0000] {processor.py:179} INFO - Processing /home/airflow/.local/lib/python3.8/site-packages/airflow/example_dags/example_dynamic_task_mapping_with_no_taskflow_operators.py took 0.093 seconds
[2025-10-16T15:15:13.833+0000] {processor.py:157} INFO - Started process (PID=195) to work on /home/airflow/.local/lib/python3.8/site-packages/airflow/example_dags/example_dynamic_task_mapping_with_no_taskflow_operators.py
[2025-10-16T15:15:13.835+0000] {processor.py:829} INFO - Processing file /home/airflow/.local/lib/python3.8/site-packages/airflow/example_dags/example_dynamic_task_mapping_with_no_taskflow_operators.py for tasks to queue
[2025-10-16T15:15:13.839+0000] {logging_mixin.py:154} INFO - [2025-10-16T15:15:13.838+0000] {dagbag.py:536} INFO - Filling up the DagBag from /home/airflow/.local/lib/python3.8/site-packages/airflow/example_dags/example_dynamic_task_mapping_with_no_taskflow_operators.py
[2025-10-16T15:15:13.847+0000] {processor.py:839} INFO - DAG(s) dict_keys(['example_dynamic_task_mapping_with_no_taskflow_operators']) retrieved from /home/airflow/.local/lib/python3.8/site-packages/airflow/example_dags/example_dynamic_task_mapping_with_no_taskflow_operators.py
[2025-10-16T15:15:13.869+0000] {logging_mixin.py:154} INFO - [2025-10-16T15:15:13.869+0000] {dag.py:2941} INFO - Sync 1 DAGs
[2025-10-16T15:15:13.890+0000] {logging_mixin.py:154} INFO - [2025-10-16T15:15:13.890+0000] {dag.py:3722} INFO - Setting next_dagrun for example_dynamic_task_mapping_with_no_taskflow_operators to 2025-10-15T15:15:13.889895+00:00, run_after=2025-10-16T15:15:13.889895+00:00
[2025-10-16T15:15:13.908+0000] {processor.py:179} INFO - Processing /home/airflow/.local/lib/python3.8/site-packages/airflow/example_dags/example_dynamic_task_mapping_with_no_taskflow_operators.py took 0.078 seconds
[2025-10-16T15:15:45.174+0000] {processor.py:157} INFO - Started process (PID=251) to work on /home/airflow/.local/lib/python3.8/site-packages/airflow/example_dags/example_dynamic_task_mapping_with_no_taskflow_operators.py
[2025-10-16T15:15:45.175+0000] {processor.py:829} INFO - Processing file /home/airflow/.local/lib/python3.8/site-packages/airflow/example_dags/example_dynamic_task_mapping_with_no_taskflow_operators.py for tasks to queue
[2025-10-16T15:15:45.178+0000] {logging_mixin.py:154} INFO - [2025-10-16T15:15:45.178+0000] {dagbag.py:536} INFO - Filling up the DagBag from /home/airflow/.local/lib/python3.8/site-packages/airflow/example_dags/example_dynamic_task_mapping_with_no_taskflow_operators.py
[2025-10-16T15:15:45.184+0000] {processor.py:839} INFO - DAG(s) dict_keys(['example_dynamic_task_mapping_with_no_taskflow_operators']) retrieved from /home/airflow/.local/lib/python3.8/site-packages/airflow/example_dags/example_dynamic_task_mapping_with_no_taskflow_operators.py
[2025-10-16T15:15:45.203+0000] {logging_mixin.py:154} INFO - [2025-10-16T15:15:45.203+0000] {dag.py:2941} INFO - Sync 1 DAGs
[2025-10-16T15:15:45.221+0000] {logging_mixin.py:154} INFO - [2025-10-16T15:15:45.221+0000] {dag.py:3722} INFO - Setting next_dagrun for example_dynamic_task_mapping_with_no_taskflow_operators to 2025-10-15T15:15:45.221120+00:00, run_after=2025-10-16T15:15:45.221120+00:00
[2025-10-16T15:15:45.238+0000] {processor.py:179} INFO - Processing /home/airflow/.local/lib/python3.8/site-packages/airflow/example_dags/example_dynamic_task_mapping_with_no_taskflow_operators.py took 0.067 seconds
[2025-10-16T15:16:16.435+0000] {processor.py:157} INFO - Started process (PID=307) to work on /home/airflow/.local/lib/python3.8/site-packages/airflow/example_dags/example_dynamic_task_mapping_with_no_taskflow_operators.py
[2025-10-16T15:16:16.436+0000] {processor.py:829} INFO - Processing file /home/airflow/.local/lib/python3.8/site-packages/airflow/example_dags/example_dynamic_task_mapping_with_no_taskflow_operators.py for tasks to queue
[2025-10-16T15:16:16.439+0000] {logging_mixin.py:154} INFO - [2025-10-16T15:16:16.438+0000] {dagbag.py:536} INFO - Filling up the DagBag from /home/airflow/.local/lib/python3.8/site-packages/airflow/example_dags/example_dynamic_task_mapping_with_no_taskflow_operators.py
[2025-10-16T15:16:16.445+0000] {processor.py:839} INFO - DAG(s) dict_keys(['example_dynamic_task_mapping_with_no_taskflow_operators']) retrieved from /home/airflow/.local/lib/python3.8/site-packages/airflow/example_dags/example_dynamic_task_mapping_with_no_taskflow_operators.py
[2025-10-16T15:16:16.464+0000] {logging_mixin.py:154} INFO - [2025-10-16T15:16:16.464+0000] {dag.py:2941} INFO - Sync 1 DAGs
[2025-10-16T15:16:16.483+0000] {logging_mixin.py:154} INFO - [2025-10-16T15:16:16.483+0000] {dag.py:3722} INFO - Setting next_dagrun for example_dynamic_task_mapping_with_no_taskflow_operators to 2025-10-15T15:16:16.483321+00:00, run_after=2025-10-16T15:16:16.483321+00:00
[2025-10-16T15:16:16.500+0000] {processor.py:179} INFO - Processing /home/airflow/.local/lib/python3.8/site-packages/airflow/example_dags/example_dynamic_task_mapping_with_no_taskflow_operators.py took 0.068 seconds
[2025-10-16T15:16:47.450+0000] {processor.py:157} INFO - Started process (PID=363) to work on /home/airflow/.local/lib/python3.8/site-packages/airflow/example_dags/example_dynamic_task_mapping_with_no_taskflow_operators.py
[2025-10-16T15:16:47.451+0000] {processor.py:829} INFO - Processing file /home/airflow/.local/lib/python3.8/site-packages/airflow/example_dags/example_dynamic_task_mapping_with_no_taskflow_operators.py for tasks to queue
[2025-10-16T15:16:47.454+0000] {logging_mixin.py:154} INFO - [2025-10-16T15:16:47.453+0000] {dagbag.py:536} INFO - Filling up the DagBag from /home/airflow/.local/lib/python3.8/site-packages/airflow/example_dags/example_dynamic_task_mapping_with_no_taskflow_operators.py
[2025-10-16T15:16:47.461+0000] {processor.py:839} INFO - DAG(s) dict_keys(['example_dynamic_task_mapping_with_no_taskflow_operators']) retrieved from /home/airflow/.local/lib/python3.8/site-packages/airflow/example_dags/example_dynamic_task_mapping_with_no_taskflow_operators.py
[2025-10-16T15:16:47.481+0000] {logging_mixin.py:154} INFO - [2025-10-16T15:16:47.481+0000] {dag.py:2941} INFO - Sync 1 DAGs
[2025-10-16T15:16:47.501+0000] {logging_mixin.py:154} INFO - [2025-10-16T15:16:47.500+0000] {dag.py:3722} INFO - Setting next_dagrun for example_dynamic_task_mapping_with_no_taskflow_operators to 2025-10-15T15:16:47.500731+00:00, run_after=2025-10-16T15:16:47.500731+00:00
[2025-10-16T15:16:47.517+0000] {processor.py:179} INFO - Processing /home/airflow/.local/lib/python3.8/site-packages/airflow/example_dags/example_dynamic_task_mapping_with_no_taskflow_operators.py took 0.072 seconds
[2025-10-16T15:17:47.611+0000] {processor.py:157} INFO - Started process (PID=85) to work on /home/airflow/.local/lib/python3.8/site-packages/airflow/example_dags/example_dynamic_task_mapping_with_no_taskflow_operators.py
[2025-10-16T15:17:47.613+0000] {processor.py:829} INFO - Processing file /home/airflow/.local/lib/python3.8/site-packages/airflow/example_dags/example_dynamic_task_mapping_with_no_taskflow_operators.py for tasks to queue
[2025-10-16T15:17:47.616+0000] {logging_mixin.py:154} INFO - [2025-10-16T15:17:47.615+0000] {dagbag.py:536} INFO - Filling up the DagBag from /home/airflow/.local/lib/python3.8/site-packages/airflow/example_dags/example_dynamic_task_mapping_with_no_taskflow_operators.py
[2025-10-16T15:17:47.634+0000] {processor.py:839} INFO - DAG(s) dict_keys(['example_dynamic_task_mapping_with_no_taskflow_operators']) retrieved from /home/airflow/.local/lib/python3.8/site-packages/airflow/example_dags/example_dynamic_task_mapping_with_no_taskflow_operators.py
[2025-10-16T15:17:47.833+0000] {logging_mixin.py:154} INFO - [2025-10-16T15:17:47.833+0000] {manager.py:499} INFO - Created Permission View: %s
[2025-10-16T15:17:47.847+0000] {logging_mixin.py:154} INFO - [2025-10-16T15:17:47.847+0000] {manager.py:499} INFO - Created Permission View: %s
[2025-10-16T15:17:47.854+0000] {logging_mixin.py:154} INFO - [2025-10-16T15:17:47.854+0000] {manager.py:499} INFO - Created Permission View: %s
[2025-10-16T15:17:47.855+0000] {logging_mixin.py:154} INFO - [2025-10-16T15:17:47.854+0000] {dag.py:2941} INFO - Sync 1 DAGs
[2025-10-16T15:17:47.869+0000] {logging_mixin.py:154} INFO - [2025-10-16T15:17:47.869+0000] {dag.py:2963} INFO - Creating ORM DAG for example_dynamic_task_mapping_with_no_taskflow_operators
[2025-10-16T15:17:47.878+0000] {logging_mixin.py:154} INFO - [2025-10-16T15:17:47.878+0000] {dag.py:3722} INFO - Setting next_dagrun for example_dynamic_task_mapping_with_no_taskflow_operators to 2025-10-15T15:17:47.878171+00:00, run_after=2025-10-16T15:17:47.878171+00:00
[2025-10-16T15:17:47.900+0000] {processor.py:179} INFO - Processing /home/airflow/.local/lib/python3.8/site-packages/airflow/example_dags/example_dynamic_task_mapping_with_no_taskflow_operators.py took 0.302 seconds
[2025-10-16T15:18:18.557+0000] {processor.py:157} INFO - Started process (PID=141) to work on /home/airflow/.local/lib/python3.8/site-packages/airflow/example_dags/example_dynamic_task_mapping_with_no_taskflow_operators.py
[2025-10-16T15:18:18.559+0000] {processor.py:829} INFO - Processing file /home/airflow/.local/lib/python3.8/site-packages/airflow/example_dags/example_dynamic_task_mapping_with_no_taskflow_operators.py for tasks to queue
[2025-10-16T15:18:18.562+0000] {logging_mixin.py:154} INFO - [2025-10-16T15:18:18.561+0000] {dagbag.py:536} INFO - Filling up the DagBag from /home/airflow/.local/lib/python3.8/site-packages/airflow/example_dags/example_dynamic_task_mapping_with_no_taskflow_operators.py
[2025-10-16T15:18:18.569+0000] {processor.py:839} INFO - DAG(s) dict_keys(['example_dynamic_task_mapping_with_no_taskflow_operators']) retrieved from /home/airflow/.local/lib/python3.8/site-packages/airflow/example_dags/example_dynamic_task_mapping_with_no_taskflow_operators.py
[2025-10-16T15:18:18.600+0000] {logging_mixin.py:154} INFO - [2025-10-16T15:18:18.600+0000] {dag.py:2941} INFO - Sync 1 DAGs
[2025-10-16T15:18:18.633+0000] {logging_mixin.py:154} INFO - [2025-10-16T15:18:18.633+0000] {dag.py:3722} INFO - Setting next_dagrun for example_dynamic_task_mapping_with_no_taskflow_operators to 2025-10-15T15:18:18.633346+00:00, run_after=2025-10-16T15:18:18.633346+00:00
[2025-10-16T15:18:18.664+0000] {processor.py:179} INFO - Processing /home/airflow/.local/lib/python3.8/site-packages/airflow/example_dags/example_dynamic_task_mapping_with_no_taskflow_operators.py took 0.111 seconds
[2025-10-16T15:18:49.088+0000] {processor.py:157} INFO - Started process (PID=197) to work on /home/airflow/.local/lib/python3.8/site-packages/airflow/example_dags/example_dynamic_task_mapping_with_no_taskflow_operators.py
[2025-10-16T15:18:49.090+0000] {processor.py:829} INFO - Processing file /home/airflow/.local/lib/python3.8/site-packages/airflow/example_dags/example_dynamic_task_mapping_with_no_taskflow_operators.py for tasks to queue
[2025-10-16T15:18:49.093+0000] {logging_mixin.py:154} INFO - [2025-10-16T15:18:49.092+0000] {dagbag.py:536} INFO - Filling up the DagBag from /home/airflow/.local/lib/python3.8/site-packages/airflow/example_dags/example_dynamic_task_mapping_with_no_taskflow_operators.py
[2025-10-16T15:18:49.100+0000] {processor.py:839} INFO - DAG(s) dict_keys(['example_dynamic_task_mapping_with_no_taskflow_operators']) retrieved from /home/airflow/.local/lib/python3.8/site-packages/airflow/example_dags/example_dynamic_task_mapping_with_no_taskflow_operators.py
[2025-10-16T15:18:49.120+0000] {logging_mixin.py:154} INFO - [2025-10-16T15:18:49.120+0000] {dag.py:2941} INFO - Sync 1 DAGs
[2025-10-16T15:18:49.138+0000] {logging_mixin.py:154} INFO - [2025-10-16T15:18:49.138+0000] {dag.py:3722} INFO - Setting next_dagrun for example_dynamic_task_mapping_with_no_taskflow_operators to 2025-10-15T15:18:49.138320+00:00, run_after=2025-10-16T15:18:49.138320+00:00
[2025-10-16T15:18:49.154+0000] {processor.py:179} INFO - Processing /home/airflow/.local/lib/python3.8/site-packages/airflow/example_dags/example_dynamic_task_mapping_with_no_taskflow_operators.py took 0.070 seconds
[2025-10-16T15:19:19.235+0000] {processor.py:157} INFO - Started process (PID=253) to work on /home/airflow/.local/lib/python3.8/site-packages/airflow/example_dags/example_dynamic_task_mapping_with_no_taskflow_operators.py
[2025-10-16T15:19:19.237+0000] {processor.py:829} INFO - Processing file /home/airflow/.local/lib/python3.8/site-packages/airflow/example_dags/example_dynamic_task_mapping_with_no_taskflow_operators.py for tasks to queue
[2025-10-16T15:19:19.240+0000] {logging_mixin.py:154} INFO - [2025-10-16T15:19:19.240+0000] {dagbag.py:536} INFO - Filling up the DagBag from /home/airflow/.local/lib/python3.8/site-packages/airflow/example_dags/example_dynamic_task_mapping_with_no_taskflow_operators.py
[2025-10-16T15:19:19.248+0000] {processor.py:839} INFO - DAG(s) dict_keys(['example_dynamic_task_mapping_with_no_taskflow_operators']) retrieved from /home/airflow/.local/lib/python3.8/site-packages/airflow/example_dags/example_dynamic_task_mapping_with_no_taskflow_operators.py
[2025-10-16T15:19:19.273+0000] {logging_mixin.py:154} INFO - [2025-10-16T15:19:19.272+0000] {dag.py:2941} INFO - Sync 1 DAGs
[2025-10-16T15:19:19.299+0000] {logging_mixin.py:154} INFO - [2025-10-16T15:19:19.299+0000] {dag.py:3722} INFO - Setting next_dagrun for example_dynamic_task_mapping_with_no_taskflow_operators to 2025-10-15T15:19:19.299409+00:00, run_after=2025-10-16T15:19:19.299409+00:00
[2025-10-16T15:19:19.320+0000] {processor.py:179} INFO - Processing /home/airflow/.local/lib/python3.8/site-packages/airflow/example_dags/example_dynamic_task_mapping_with_no_taskflow_operators.py took 0.089 seconds
[2025-10-16T15:19:49.550+0000] {processor.py:157} INFO - Started process (PID=309) to work on /home/airflow/.local/lib/python3.8/site-packages/airflow/example_dags/example_dynamic_task_mapping_with_no_taskflow_operators.py
[2025-10-16T15:19:49.551+0000] {processor.py:829} INFO - Processing file /home/airflow/.local/lib/python3.8/site-packages/airflow/example_dags/example_dynamic_task_mapping_with_no_taskflow_operators.py for tasks to queue
[2025-10-16T15:19:49.553+0000] {logging_mixin.py:154} INFO - [2025-10-16T15:19:49.553+0000] {dagbag.py:536} INFO - Filling up the DagBag from /home/airflow/.local/lib/python3.8/site-packages/airflow/example_dags/example_dynamic_task_mapping_with_no_taskflow_operators.py
[2025-10-16T15:19:49.558+0000] {processor.py:839} INFO - DAG(s) dict_keys(['example_dynamic_task_mapping_with_no_taskflow_operators']) retrieved from /home/airflow/.local/lib/python3.8/site-packages/airflow/example_dags/example_dynamic_task_mapping_with_no_taskflow_operators.py
[2025-10-16T15:19:49.580+0000] {logging_mixin.py:154} INFO - [2025-10-16T15:19:49.579+0000] {dag.py:2941} INFO - Sync 1 DAGs
[2025-10-16T15:19:49.600+0000] {logging_mixin.py:154} INFO - [2025-10-16T15:19:49.599+0000] {dag.py:3722} INFO - Setting next_dagrun for example_dynamic_task_mapping_with_no_taskflow_operators to 2025-10-15T15:19:49.599659+00:00, run_after=2025-10-16T15:19:49.599659+00:00
[2025-10-16T15:19:49.619+0000] {processor.py:179} INFO - Processing /home/airflow/.local/lib/python3.8/site-packages/airflow/example_dags/example_dynamic_task_mapping_with_no_taskflow_operators.py took 0.073 seconds
[2025-10-16T15:20:20.882+0000] {processor.py:157} INFO - Started process (PID=365) to work on /home/airflow/.local/lib/python3.8/site-packages/airflow/example_dags/example_dynamic_task_mapping_with_no_taskflow_operators.py
[2025-10-16T15:20:20.883+0000] {processor.py:829} INFO - Processing file /home/airflow/.local/lib/python3.8/site-packages/airflow/example_dags/example_dynamic_task_mapping_with_no_taskflow_operators.py for tasks to queue
[2025-10-16T15:20:20.885+0000] {logging_mixin.py:154} INFO - [2025-10-16T15:20:20.885+0000] {dagbag.py:536} INFO - Filling up the DagBag from /home/airflow/.local/lib/python3.8/site-packages/airflow/example_dags/example_dynamic_task_mapping_with_no_taskflow_operators.py
[2025-10-16T15:20:20.892+0000] {processor.py:839} INFO - DAG(s) dict_keys(['example_dynamic_task_mapping_with_no_taskflow_operators']) retrieved from /home/airflow/.local/lib/python3.8/site-packages/airflow/example_dags/example_dynamic_task_mapping_with_no_taskflow_operators.py
[2025-10-16T15:20:20.911+0000] {logging_mixin.py:154} INFO - [2025-10-16T15:20:20.911+0000] {dag.py:2941} INFO - Sync 1 DAGs
[2025-10-16T15:20:20.933+0000] {logging_mixin.py:154} INFO - [2025-10-16T15:20:20.932+0000] {dag.py:3722} INFO - Setting next_dagrun for example_dynamic_task_mapping_with_no_taskflow_operators to 2025-10-15T15:20:20.932707+00:00, run_after=2025-10-16T15:20:20.932707+00:00
[2025-10-16T15:20:20.949+0000] {processor.py:179} INFO - Processing /home/airflow/.local/lib/python3.8/site-packages/airflow/example_dags/example_dynamic_task_mapping_with_no_taskflow_operators.py took 0.071 seconds
[2025-10-16T15:20:51.856+0000] {processor.py:157} INFO - Started process (PID=421) to work on /home/airflow/.local/lib/python3.8/site-packages/airflow/example_dags/example_dynamic_task_mapping_with_no_taskflow_operators.py
[2025-10-16T15:20:51.858+0000] {processor.py:829} INFO - Processing file /home/airflow/.local/lib/python3.8/site-packages/airflow/example_dags/example_dynamic_task_mapping_with_no_taskflow_operators.py for tasks to queue
[2025-10-16T15:20:51.860+0000] {logging_mixin.py:154} INFO - [2025-10-16T15:20:51.859+0000] {dagbag.py:536} INFO - Filling up the DagBag from /home/airflow/.local/lib/python3.8/site-packages/airflow/example_dags/example_dynamic_task_mapping_with_no_taskflow_operators.py
[2025-10-16T15:20:51.865+0000] {processor.py:839} INFO - DAG(s) dict_keys(['example_dynamic_task_mapping_with_no_taskflow_operators']) retrieved from /home/airflow/.local/lib/python3.8/site-packages/airflow/example_dags/example_dynamic_task_mapping_with_no_taskflow_operators.py
[2025-10-16T15:20:51.884+0000] {logging_mixin.py:154} INFO - [2025-10-16T15:20:51.884+0000] {dag.py:2941} INFO - Sync 1 DAGs
[2025-10-16T15:20:51.902+0000] {logging_mixin.py:154} INFO - [2025-10-16T15:20:51.902+0000] {dag.py:3722} INFO - Setting next_dagrun for example_dynamic_task_mapping_with_no_taskflow_operators to 2025-10-15T15:20:51.902597+00:00, run_after=2025-10-16T15:20:51.902597+00:00
[2025-10-16T15:20:51.919+0000] {processor.py:179} INFO - Processing /home/airflow/.local/lib/python3.8/site-packages/airflow/example_dags/example_dynamic_task_mapping_with_no_taskflow_operators.py took 0.066 seconds
[2025-10-16T15:21:23.240+0000] {processor.py:157} INFO - Started process (PID=477) to work on /home/airflow/.local/lib/python3.8/site-packages/airflow/example_dags/example_dynamic_task_mapping_with_no_taskflow_operators.py
[2025-10-16T15:21:23.241+0000] {processor.py:829} INFO - Processing file /home/airflow/.local/lib/python3.8/site-packages/airflow/example_dags/example_dynamic_task_mapping_with_no_taskflow_operators.py for tasks to queue
[2025-10-16T15:21:23.243+0000] {logging_mixin.py:154} INFO - [2025-10-16T15:21:23.243+0000] {dagbag.py:536} INFO - Filling up the DagBag from /home/airflow/.local/lib/python3.8/site-packages/airflow/example_dags/example_dynamic_task_mapping_with_no_taskflow_operators.py
[2025-10-16T15:21:23.249+0000] {processor.py:839} INFO - DAG(s) dict_keys(['example_dynamic_task_mapping_with_no_taskflow_operators']) retrieved from /home/airflow/.local/lib/python3.8/site-packages/airflow/example_dags/example_dynamic_task_mapping_with_no_taskflow_operators.py
[2025-10-16T15:21:23.268+0000] {logging_mixin.py:154} INFO - [2025-10-16T15:21:23.268+0000] {dag.py:2941} INFO - Sync 1 DAGs
[2025-10-16T15:21:23.285+0000] {logging_mixin.py:154} INFO - [2025-10-16T15:21:23.285+0000] {dag.py:3722} INFO - Setting next_dagrun for example_dynamic_task_mapping_with_no_taskflow_operators to 2025-10-15T15:21:23.285355+00:00, run_after=2025-10-16T15:21:23.285355+00:00
[2025-10-16T15:21:23.303+0000] {processor.py:179} INFO - Processing /home/airflow/.local/lib/python3.8/site-packages/airflow/example_dags/example_dynamic_task_mapping_with_no_taskflow_operators.py took 0.066 seconds
[2025-10-16T15:21:53.596+0000] {processor.py:157} INFO - Started process (PID=533) to work on /home/airflow/.local/lib/python3.8/site-packages/airflow/example_dags/example_dynamic_task_mapping_with_no_taskflow_operators.py
[2025-10-16T15:21:53.597+0000] {processor.py:829} INFO - Processing file /home/airflow/.local/lib/python3.8/site-packages/airflow/example_dags/example_dynamic_task_mapping_with_no_taskflow_operators.py for tasks to queue
[2025-10-16T15:21:53.599+0000] {logging_mixin.py:154} INFO - [2025-10-16T15:21:53.598+0000] {dagbag.py:536} INFO - Filling up the DagBag from /home/airflow/.local/lib/python3.8/site-packages/airflow/example_dags/example_dynamic_task_mapping_with_no_taskflow_operators.py
[2025-10-16T15:21:53.604+0000] {processor.py:839} INFO - DAG(s) dict_keys(['example_dynamic_task_mapping_with_no_taskflow_operators']) retrieved from /home/airflow/.local/lib/python3.8/site-packages/airflow/example_dags/example_dynamic_task_mapping_with_no_taskflow_operators.py
[2025-10-16T15:21:53.622+0000] {logging_mixin.py:154} INFO - [2025-10-16T15:21:53.622+0000] {dag.py:2941} INFO - Sync 1 DAGs
[2025-10-16T15:21:53.640+0000] {logging_mixin.py:154} INFO - [2025-10-16T15:21:53.639+0000] {dag.py:3722} INFO - Setting next_dagrun for example_dynamic_task_mapping_with_no_taskflow_operators to 2025-10-15T15:21:53.639751+00:00, run_after=2025-10-16T15:21:53.639751+00:00
[2025-10-16T15:21:53.655+0000] {processor.py:179} INFO - Processing /home/airflow/.local/lib/python3.8/site-packages/airflow/example_dags/example_dynamic_task_mapping_with_no_taskflow_operators.py took 0.062 seconds
