[2025-10-17T07:19:45.618+0000] {processor.py:157} INFO - Started process (PID=570) to work on /home/airflow/.local/lib/python3.8/site-packages/airflow/example_dags/example_branch_operator.py
[2025-10-17T07:19:45.621+0000] {processor.py:829} INFO - Processing file /home/airflow/.local/lib/python3.8/site-packages/airflow/example_dags/example_branch_operator.py for tasks to queue
[2025-10-17T07:19:45.628+0000] {logging_mixin.py:154} INFO - [2025-10-17T07:19:45.627+0000] {dagbag.py:536} INFO - Filling up the DagBag from /home/airflow/.local/lib/python3.8/site-packages/airflow/example_dags/example_branch_operator.py
[2025-10-17T07:19:45.651+0000] {processor.py:839} INFO - DAG(s) dict_keys(['example_branch_operator']) retrieved from /home/airflow/.local/lib/python3.8/site-packages/airflow/example_dags/example_branch_operator.py
[2025-10-17T07:19:45.715+0000] {logging_mixin.py:154} INFO - [2025-10-17T07:19:45.715+0000] {dag.py:2941} INFO - Sync 1 DAGs
[2025-10-17T07:19:45.781+0000] {logging_mixin.py:154} INFO - [2025-10-17T07:19:45.780+0000] {dag.py:3722} INFO - Setting next_dagrun for example_branch_operator to 2025-10-16T00:00:00+00:00, run_after=2025-10-17T00:00:00+00:00
[2025-10-17T07:19:45.832+0000] {processor.py:179} INFO - Processing /home/airflow/.local/lib/python3.8/site-packages/airflow/example_dags/example_branch_operator.py took 0.220 seconds
[2025-10-17T07:20:16.222+0000] {processor.py:157} INFO - Started process (PID=626) to work on /home/airflow/.local/lib/python3.8/site-packages/airflow/example_dags/example_branch_operator.py
[2025-10-17T07:20:16.224+0000] {processor.py:829} INFO - Processing file /home/airflow/.local/lib/python3.8/site-packages/airflow/example_dags/example_branch_operator.py for tasks to queue
[2025-10-17T07:20:16.226+0000] {logging_mixin.py:154} INFO - [2025-10-17T07:20:16.226+0000] {dagbag.py:536} INFO - Filling up the DagBag from /home/airflow/.local/lib/python3.8/site-packages/airflow/example_dags/example_branch_operator.py
[2025-10-17T07:20:16.235+0000] {processor.py:839} INFO - DAG(s) dict_keys(['example_branch_operator']) retrieved from /home/airflow/.local/lib/python3.8/site-packages/airflow/example_dags/example_branch_operator.py
[2025-10-17T07:20:16.258+0000] {logging_mixin.py:154} INFO - [2025-10-17T07:20:16.258+0000] {dag.py:2941} INFO - Sync 1 DAGs
[2025-10-17T07:20:16.284+0000] {logging_mixin.py:154} INFO - [2025-10-17T07:20:16.284+0000] {dag.py:3722} INFO - Setting next_dagrun for example_branch_operator to 2025-10-16T00:00:00+00:00, run_after=2025-10-17T00:00:00+00:00
[2025-10-17T07:20:16.307+0000] {processor.py:179} INFO - Processing /home/airflow/.local/lib/python3.8/site-packages/airflow/example_dags/example_branch_operator.py took 0.088 seconds
[2025-10-17T07:20:46.874+0000] {processor.py:157} INFO - Started process (PID=682) to work on /home/airflow/.local/lib/python3.8/site-packages/airflow/example_dags/example_branch_operator.py
[2025-10-17T07:20:46.876+0000] {processor.py:829} INFO - Processing file /home/airflow/.local/lib/python3.8/site-packages/airflow/example_dags/example_branch_operator.py for tasks to queue
[2025-10-17T07:20:46.879+0000] {logging_mixin.py:154} INFO - [2025-10-17T07:20:46.878+0000] {dagbag.py:536} INFO - Filling up the DagBag from /home/airflow/.local/lib/python3.8/site-packages/airflow/example_dags/example_branch_operator.py
[2025-10-17T07:20:46.888+0000] {processor.py:839} INFO - DAG(s) dict_keys(['example_branch_operator']) retrieved from /home/airflow/.local/lib/python3.8/site-packages/airflow/example_dags/example_branch_operator.py
[2025-10-17T07:20:46.914+0000] {logging_mixin.py:154} INFO - [2025-10-17T07:20:46.914+0000] {dag.py:2941} INFO - Sync 1 DAGs
[2025-10-17T07:20:46.948+0000] {logging_mixin.py:154} INFO - [2025-10-17T07:20:46.948+0000] {dag.py:3722} INFO - Setting next_dagrun for example_branch_operator to 2025-10-16T00:00:00+00:00, run_after=2025-10-17T00:00:00+00:00
[2025-10-17T07:20:46.981+0000] {processor.py:179} INFO - Processing /home/airflow/.local/lib/python3.8/site-packages/airflow/example_dags/example_branch_operator.py took 0.111 seconds
[2025-10-17T07:21:17.593+0000] {processor.py:157} INFO - Started process (PID=738) to work on /home/airflow/.local/lib/python3.8/site-packages/airflow/example_dags/example_branch_operator.py
[2025-10-17T07:21:17.598+0000] {processor.py:829} INFO - Processing file /home/airflow/.local/lib/python3.8/site-packages/airflow/example_dags/example_branch_operator.py for tasks to queue
[2025-10-17T07:21:17.601+0000] {logging_mixin.py:154} INFO - [2025-10-17T07:21:17.600+0000] {dagbag.py:536} INFO - Filling up the DagBag from /home/airflow/.local/lib/python3.8/site-packages/airflow/example_dags/example_branch_operator.py
[2025-10-17T07:21:17.612+0000] {processor.py:839} INFO - DAG(s) dict_keys(['example_branch_operator']) retrieved from /home/airflow/.local/lib/python3.8/site-packages/airflow/example_dags/example_branch_operator.py
[2025-10-17T07:21:17.665+0000] {logging_mixin.py:154} INFO - [2025-10-17T07:21:17.664+0000] {dag.py:2941} INFO - Sync 1 DAGs
[2025-10-17T07:21:17.699+0000] {logging_mixin.py:154} INFO - [2025-10-17T07:21:17.698+0000] {dag.py:3722} INFO - Setting next_dagrun for example_branch_operator to 2025-10-16T00:00:00+00:00, run_after=2025-10-17T00:00:00+00:00
[2025-10-17T07:21:17.736+0000] {processor.py:179} INFO - Processing /home/airflow/.local/lib/python3.8/site-packages/airflow/example_dags/example_branch_operator.py took 0.147 seconds
[2025-10-17T07:21:48.090+0000] {processor.py:157} INFO - Started process (PID=794) to work on /home/airflow/.local/lib/python3.8/site-packages/airflow/example_dags/example_branch_operator.py
[2025-10-17T07:21:48.091+0000] {processor.py:829} INFO - Processing file /home/airflow/.local/lib/python3.8/site-packages/airflow/example_dags/example_branch_operator.py for tasks to queue
[2025-10-17T07:21:48.095+0000] {logging_mixin.py:154} INFO - [2025-10-17T07:21:48.094+0000] {dagbag.py:536} INFO - Filling up the DagBag from /home/airflow/.local/lib/python3.8/site-packages/airflow/example_dags/example_branch_operator.py
[2025-10-17T07:21:48.106+0000] {processor.py:839} INFO - DAG(s) dict_keys(['example_branch_operator']) retrieved from /home/airflow/.local/lib/python3.8/site-packages/airflow/example_dags/example_branch_operator.py
[2025-10-17T07:21:48.133+0000] {logging_mixin.py:154} INFO - [2025-10-17T07:21:48.133+0000] {dag.py:2941} INFO - Sync 1 DAGs
[2025-10-17T07:21:48.159+0000] {logging_mixin.py:154} INFO - [2025-10-17T07:21:48.159+0000] {dag.py:3722} INFO - Setting next_dagrun for example_branch_operator to 2025-10-16T00:00:00+00:00, run_after=2025-10-17T00:00:00+00:00
[2025-10-17T07:21:48.184+0000] {processor.py:179} INFO - Processing /home/airflow/.local/lib/python3.8/site-packages/airflow/example_dags/example_branch_operator.py took 0.097 seconds
[2025-10-17T07:22:19.210+0000] {processor.py:157} INFO - Started process (PID=850) to work on /home/airflow/.local/lib/python3.8/site-packages/airflow/example_dags/example_branch_operator.py
[2025-10-17T07:22:19.211+0000] {processor.py:829} INFO - Processing file /home/airflow/.local/lib/python3.8/site-packages/airflow/example_dags/example_branch_operator.py for tasks to queue
[2025-10-17T07:22:19.213+0000] {logging_mixin.py:154} INFO - [2025-10-17T07:22:19.213+0000] {dagbag.py:536} INFO - Filling up the DagBag from /home/airflow/.local/lib/python3.8/site-packages/airflow/example_dags/example_branch_operator.py
[2025-10-17T07:22:19.222+0000] {processor.py:839} INFO - DAG(s) dict_keys(['example_branch_operator']) retrieved from /home/airflow/.local/lib/python3.8/site-packages/airflow/example_dags/example_branch_operator.py
[2025-10-17T07:22:19.243+0000] {logging_mixin.py:154} INFO - [2025-10-17T07:22:19.243+0000] {dag.py:2941} INFO - Sync 1 DAGs
[2025-10-17T07:22:19.263+0000] {logging_mixin.py:154} INFO - [2025-10-17T07:22:19.263+0000] {dag.py:3722} INFO - Setting next_dagrun for example_branch_operator to 2025-10-16T00:00:00+00:00, run_after=2025-10-17T00:00:00+00:00
[2025-10-17T07:22:19.283+0000] {processor.py:179} INFO - Processing /home/airflow/.local/lib/python3.8/site-packages/airflow/example_dags/example_branch_operator.py took 0.077 seconds
[2025-10-17T07:22:50.132+0000] {processor.py:157} INFO - Started process (PID=906) to work on /home/airflow/.local/lib/python3.8/site-packages/airflow/example_dags/example_branch_operator.py
[2025-10-17T07:22:50.134+0000] {processor.py:829} INFO - Processing file /home/airflow/.local/lib/python3.8/site-packages/airflow/example_dags/example_branch_operator.py for tasks to queue
[2025-10-17T07:22:50.137+0000] {logging_mixin.py:154} INFO - [2025-10-17T07:22:50.136+0000] {dagbag.py:536} INFO - Filling up the DagBag from /home/airflow/.local/lib/python3.8/site-packages/airflow/example_dags/example_branch_operator.py
[2025-10-17T07:22:50.151+0000] {processor.py:839} INFO - DAG(s) dict_keys(['example_branch_operator']) retrieved from /home/airflow/.local/lib/python3.8/site-packages/airflow/example_dags/example_branch_operator.py
[2025-10-17T07:22:50.174+0000] {logging_mixin.py:154} INFO - [2025-10-17T07:22:50.174+0000] {dag.py:2941} INFO - Sync 1 DAGs
[2025-10-17T07:22:50.197+0000] {logging_mixin.py:154} INFO - [2025-10-17T07:22:50.197+0000] {dag.py:3722} INFO - Setting next_dagrun for example_branch_operator to 2025-10-16T00:00:00+00:00, run_after=2025-10-17T00:00:00+00:00
[2025-10-17T07:22:50.365+0000] {processor.py:179} INFO - Processing /home/airflow/.local/lib/python3.8/site-packages/airflow/example_dags/example_branch_operator.py took 0.236 seconds
[2025-10-17T07:23:20.876+0000] {processor.py:157} INFO - Started process (PID=962) to work on /home/airflow/.local/lib/python3.8/site-packages/airflow/example_dags/example_branch_operator.py
[2025-10-17T07:23:20.877+0000] {processor.py:829} INFO - Processing file /home/airflow/.local/lib/python3.8/site-packages/airflow/example_dags/example_branch_operator.py for tasks to queue
[2025-10-17T07:23:20.879+0000] {logging_mixin.py:154} INFO - [2025-10-17T07:23:20.879+0000] {dagbag.py:536} INFO - Filling up the DagBag from /home/airflow/.local/lib/python3.8/site-packages/airflow/example_dags/example_branch_operator.py
[2025-10-17T07:23:20.888+0000] {processor.py:839} INFO - DAG(s) dict_keys(['example_branch_operator']) retrieved from /home/airflow/.local/lib/python3.8/site-packages/airflow/example_dags/example_branch_operator.py
[2025-10-17T07:23:20.909+0000] {logging_mixin.py:154} INFO - [2025-10-17T07:23:20.909+0000] {dag.py:2941} INFO - Sync 1 DAGs
[2025-10-17T07:23:20.930+0000] {logging_mixin.py:154} INFO - [2025-10-17T07:23:20.930+0000] {dag.py:3722} INFO - Setting next_dagrun for example_branch_operator to 2025-10-16T00:00:00+00:00, run_after=2025-10-17T00:00:00+00:00
[2025-10-17T07:23:20.950+0000] {processor.py:179} INFO - Processing /home/airflow/.local/lib/python3.8/site-packages/airflow/example_dags/example_branch_operator.py took 0.077 seconds
[2025-10-17T07:23:52.114+0000] {processor.py:157} INFO - Started process (PID=1018) to work on /home/airflow/.local/lib/python3.8/site-packages/airflow/example_dags/example_branch_operator.py
[2025-10-17T07:23:52.115+0000] {processor.py:829} INFO - Processing file /home/airflow/.local/lib/python3.8/site-packages/airflow/example_dags/example_branch_operator.py for tasks to queue
[2025-10-17T07:23:52.118+0000] {logging_mixin.py:154} INFO - [2025-10-17T07:23:52.117+0000] {dagbag.py:536} INFO - Filling up the DagBag from /home/airflow/.local/lib/python3.8/site-packages/airflow/example_dags/example_branch_operator.py
[2025-10-17T07:23:52.127+0000] {processor.py:839} INFO - DAG(s) dict_keys(['example_branch_operator']) retrieved from /home/airflow/.local/lib/python3.8/site-packages/airflow/example_dags/example_branch_operator.py
[2025-10-17T07:23:52.151+0000] {logging_mixin.py:154} INFO - [2025-10-17T07:23:52.151+0000] {dag.py:2941} INFO - Sync 1 DAGs
[2025-10-17T07:23:52.173+0000] {logging_mixin.py:154} INFO - [2025-10-17T07:23:52.172+0000] {dag.py:3722} INFO - Setting next_dagrun for example_branch_operator to 2025-10-16T00:00:00+00:00, run_after=2025-10-17T00:00:00+00:00
[2025-10-17T07:23:52.190+0000] {processor.py:179} INFO - Processing /home/airflow/.local/lib/python3.8/site-packages/airflow/example_dags/example_branch_operator.py took 0.081 seconds
[2025-10-17T07:24:23.318+0000] {processor.py:157} INFO - Started process (PID=1074) to work on /home/airflow/.local/lib/python3.8/site-packages/airflow/example_dags/example_branch_operator.py
[2025-10-17T07:24:23.319+0000] {processor.py:829} INFO - Processing file /home/airflow/.local/lib/python3.8/site-packages/airflow/example_dags/example_branch_operator.py for tasks to queue
[2025-10-17T07:24:23.322+0000] {logging_mixin.py:154} INFO - [2025-10-17T07:24:23.322+0000] {dagbag.py:536} INFO - Filling up the DagBag from /home/airflow/.local/lib/python3.8/site-packages/airflow/example_dags/example_branch_operator.py
[2025-10-17T07:24:23.332+0000] {processor.py:839} INFO - DAG(s) dict_keys(['example_branch_operator']) retrieved from /home/airflow/.local/lib/python3.8/site-packages/airflow/example_dags/example_branch_operator.py
[2025-10-17T07:24:23.361+0000] {logging_mixin.py:154} INFO - [2025-10-17T07:24:23.361+0000] {dag.py:2941} INFO - Sync 1 DAGs
[2025-10-17T07:24:23.386+0000] {logging_mixin.py:154} INFO - [2025-10-17T07:24:23.386+0000] {dag.py:3722} INFO - Setting next_dagrun for example_branch_operator to 2025-10-16T00:00:00+00:00, run_after=2025-10-17T00:00:00+00:00
[2025-10-17T07:24:23.405+0000] {processor.py:179} INFO - Processing /home/airflow/.local/lib/python3.8/site-packages/airflow/example_dags/example_branch_operator.py took 0.091 seconds
[2025-10-17T07:24:53.488+0000] {processor.py:157} INFO - Started process (PID=1137) to work on /home/airflow/.local/lib/python3.8/site-packages/airflow/example_dags/example_branch_operator.py
[2025-10-17T07:24:53.489+0000] {processor.py:829} INFO - Processing file /home/airflow/.local/lib/python3.8/site-packages/airflow/example_dags/example_branch_operator.py for tasks to queue
[2025-10-17T07:24:53.491+0000] {logging_mixin.py:154} INFO - [2025-10-17T07:24:53.491+0000] {dagbag.py:536} INFO - Filling up the DagBag from /home/airflow/.local/lib/python3.8/site-packages/airflow/example_dags/example_branch_operator.py
[2025-10-17T07:24:53.499+0000] {processor.py:839} INFO - DAG(s) dict_keys(['example_branch_operator']) retrieved from /home/airflow/.local/lib/python3.8/site-packages/airflow/example_dags/example_branch_operator.py
[2025-10-17T07:24:53.520+0000] {logging_mixin.py:154} INFO - [2025-10-17T07:24:53.519+0000] {dag.py:2941} INFO - Sync 1 DAGs
[2025-10-17T07:24:53.539+0000] {logging_mixin.py:154} INFO - [2025-10-17T07:24:53.539+0000] {dag.py:3722} INFO - Setting next_dagrun for example_branch_operator to 2025-10-16T00:00:00+00:00, run_after=2025-10-17T00:00:00+00:00
[2025-10-17T07:24:53.554+0000] {processor.py:179} INFO - Processing /home/airflow/.local/lib/python3.8/site-packages/airflow/example_dags/example_branch_operator.py took 0.069 seconds
[2025-10-17T07:25:24.374+0000] {processor.py:157} INFO - Started process (PID=1192) to work on /home/airflow/.local/lib/python3.8/site-packages/airflow/example_dags/example_branch_operator.py
[2025-10-17T07:25:24.375+0000] {processor.py:829} INFO - Processing file /home/airflow/.local/lib/python3.8/site-packages/airflow/example_dags/example_branch_operator.py for tasks to queue
[2025-10-17T07:25:24.377+0000] {logging_mixin.py:154} INFO - [2025-10-17T07:25:24.377+0000] {dagbag.py:536} INFO - Filling up the DagBag from /home/airflow/.local/lib/python3.8/site-packages/airflow/example_dags/example_branch_operator.py
[2025-10-17T07:25:24.385+0000] {processor.py:839} INFO - DAG(s) dict_keys(['example_branch_operator']) retrieved from /home/airflow/.local/lib/python3.8/site-packages/airflow/example_dags/example_branch_operator.py
[2025-10-17T07:25:24.406+0000] {logging_mixin.py:154} INFO - [2025-10-17T07:25:24.406+0000] {dag.py:2941} INFO - Sync 1 DAGs
[2025-10-17T07:25:24.425+0000] {logging_mixin.py:154} INFO - [2025-10-17T07:25:24.425+0000] {dag.py:3722} INFO - Setting next_dagrun for example_branch_operator to 2025-10-16T00:00:00+00:00, run_after=2025-10-17T00:00:00+00:00
[2025-10-17T07:25:24.442+0000] {processor.py:179} INFO - Processing /home/airflow/.local/lib/python3.8/site-packages/airflow/example_dags/example_branch_operator.py took 0.071 seconds
[2025-10-17T07:25:55.416+0000] {processor.py:157} INFO - Started process (PID=1255) to work on /home/airflow/.local/lib/python3.8/site-packages/airflow/example_dags/example_branch_operator.py
[2025-10-17T07:25:55.419+0000] {processor.py:829} INFO - Processing file /home/airflow/.local/lib/python3.8/site-packages/airflow/example_dags/example_branch_operator.py for tasks to queue
[2025-10-17T07:25:55.421+0000] {logging_mixin.py:154} INFO - [2025-10-17T07:25:55.420+0000] {dagbag.py:536} INFO - Filling up the DagBag from /home/airflow/.local/lib/python3.8/site-packages/airflow/example_dags/example_branch_operator.py
[2025-10-17T07:25:55.428+0000] {processor.py:839} INFO - DAG(s) dict_keys(['example_branch_operator']) retrieved from /home/airflow/.local/lib/python3.8/site-packages/airflow/example_dags/example_branch_operator.py
[2025-10-17T07:25:55.578+0000] {logging_mixin.py:154} INFO - [2025-10-17T07:25:55.578+0000] {dag.py:2941} INFO - Sync 1 DAGs
[2025-10-17T07:25:55.595+0000] {logging_mixin.py:154} INFO - [2025-10-17T07:25:55.594+0000] {dag.py:3722} INFO - Setting next_dagrun for example_branch_operator to 2025-10-16T00:00:00+00:00, run_after=2025-10-17T00:00:00+00:00
[2025-10-17T07:25:55.611+0000] {processor.py:179} INFO - Processing /home/airflow/.local/lib/python3.8/site-packages/airflow/example_dags/example_branch_operator.py took 0.198 seconds
[2025-10-17T07:26:26.053+0000] {processor.py:157} INFO - Started process (PID=1313) to work on /home/airflow/.local/lib/python3.8/site-packages/airflow/example_dags/example_branch_operator.py
[2025-10-17T07:26:26.055+0000] {processor.py:829} INFO - Processing file /home/airflow/.local/lib/python3.8/site-packages/airflow/example_dags/example_branch_operator.py for tasks to queue
[2025-10-17T07:26:26.057+0000] {logging_mixin.py:154} INFO - [2025-10-17T07:26:26.057+0000] {dagbag.py:536} INFO - Filling up the DagBag from /home/airflow/.local/lib/python3.8/site-packages/airflow/example_dags/example_branch_operator.py
[2025-10-17T07:26:26.065+0000] {processor.py:839} INFO - DAG(s) dict_keys(['example_branch_operator']) retrieved from /home/airflow/.local/lib/python3.8/site-packages/airflow/example_dags/example_branch_operator.py
[2025-10-17T07:26:26.085+0000] {logging_mixin.py:154} INFO - [2025-10-17T07:26:26.085+0000] {dag.py:2941} INFO - Sync 1 DAGs
[2025-10-17T07:26:26.105+0000] {logging_mixin.py:154} INFO - [2025-10-17T07:26:26.104+0000] {dag.py:3722} INFO - Setting next_dagrun for example_branch_operator to 2025-10-16T00:00:00+00:00, run_after=2025-10-17T00:00:00+00:00
[2025-10-17T07:26:26.123+0000] {processor.py:179} INFO - Processing /home/airflow/.local/lib/python3.8/site-packages/airflow/example_dags/example_branch_operator.py took 0.072 seconds
[2025-10-17T07:26:56.364+0000] {processor.py:157} INFO - Started process (PID=1368) to work on /home/airflow/.local/lib/python3.8/site-packages/airflow/example_dags/example_branch_operator.py
[2025-10-17T07:26:56.366+0000] {processor.py:829} INFO - Processing file /home/airflow/.local/lib/python3.8/site-packages/airflow/example_dags/example_branch_operator.py for tasks to queue
[2025-10-17T07:26:56.368+0000] {logging_mixin.py:154} INFO - [2025-10-17T07:26:56.367+0000] {dagbag.py:536} INFO - Filling up the DagBag from /home/airflow/.local/lib/python3.8/site-packages/airflow/example_dags/example_branch_operator.py
[2025-10-17T07:26:56.376+0000] {processor.py:839} INFO - DAG(s) dict_keys(['example_branch_operator']) retrieved from /home/airflow/.local/lib/python3.8/site-packages/airflow/example_dags/example_branch_operator.py
[2025-10-17T07:26:56.398+0000] {logging_mixin.py:154} INFO - [2025-10-17T07:26:56.398+0000] {dag.py:2941} INFO - Sync 1 DAGs
[2025-10-17T07:26:56.418+0000] {logging_mixin.py:154} INFO - [2025-10-17T07:26:56.417+0000] {dag.py:3722} INFO - Setting next_dagrun for example_branch_operator to 2025-10-16T00:00:00+00:00, run_after=2025-10-17T00:00:00+00:00
[2025-10-17T07:26:56.435+0000] {processor.py:179} INFO - Processing /home/airflow/.local/lib/python3.8/site-packages/airflow/example_dags/example_branch_operator.py took 0.074 seconds
[2025-10-17T07:27:26.482+0000] {processor.py:157} INFO - Started process (PID=1423) to work on /home/airflow/.local/lib/python3.8/site-packages/airflow/example_dags/example_branch_operator.py
[2025-10-17T07:27:26.483+0000] {processor.py:829} INFO - Processing file /home/airflow/.local/lib/python3.8/site-packages/airflow/example_dags/example_branch_operator.py for tasks to queue
[2025-10-17T07:27:26.486+0000] {logging_mixin.py:154} INFO - [2025-10-17T07:27:26.485+0000] {dagbag.py:536} INFO - Filling up the DagBag from /home/airflow/.local/lib/python3.8/site-packages/airflow/example_dags/example_branch_operator.py
[2025-10-17T07:27:26.493+0000] {processor.py:839} INFO - DAG(s) dict_keys(['example_branch_operator']) retrieved from /home/airflow/.local/lib/python3.8/site-packages/airflow/example_dags/example_branch_operator.py
[2025-10-17T07:27:26.514+0000] {logging_mixin.py:154} INFO - [2025-10-17T07:27:26.514+0000] {dag.py:2941} INFO - Sync 1 DAGs
[2025-10-17T07:27:26.532+0000] {logging_mixin.py:154} INFO - [2025-10-17T07:27:26.532+0000] {dag.py:3722} INFO - Setting next_dagrun for example_branch_operator to 2025-10-16T00:00:00+00:00, run_after=2025-10-17T00:00:00+00:00
[2025-10-17T07:27:26.548+0000] {processor.py:179} INFO - Processing /home/airflow/.local/lib/python3.8/site-packages/airflow/example_dags/example_branch_operator.py took 0.069 seconds
[2025-10-17T07:27:56.702+0000] {processor.py:157} INFO - Started process (PID=1478) to work on /home/airflow/.local/lib/python3.8/site-packages/airflow/example_dags/example_branch_operator.py
[2025-10-17T07:27:56.703+0000] {processor.py:829} INFO - Processing file /home/airflow/.local/lib/python3.8/site-packages/airflow/example_dags/example_branch_operator.py for tasks to queue
[2025-10-17T07:27:56.704+0000] {logging_mixin.py:154} INFO - [2025-10-17T07:27:56.703+0000] {dagbag.py:536} INFO - Filling up the DagBag from /home/airflow/.local/lib/python3.8/site-packages/airflow/example_dags/example_branch_operator.py
[2025-10-17T07:27:56.713+0000] {processor.py:839} INFO - DAG(s) dict_keys(['example_branch_operator']) retrieved from /home/airflow/.local/lib/python3.8/site-packages/airflow/example_dags/example_branch_operator.py
[2025-10-17T07:27:56.734+0000] {logging_mixin.py:154} INFO - [2025-10-17T07:27:56.734+0000] {dag.py:2941} INFO - Sync 1 DAGs
[2025-10-17T07:27:56.752+0000] {logging_mixin.py:154} INFO - [2025-10-17T07:27:56.752+0000] {dag.py:3722} INFO - Setting next_dagrun for example_branch_operator to 2025-10-16T00:00:00+00:00, run_after=2025-10-17T00:00:00+00:00
[2025-10-17T07:27:56.769+0000] {processor.py:179} INFO - Processing /home/airflow/.local/lib/python3.8/site-packages/airflow/example_dags/example_branch_operator.py took 0.071 seconds
[2025-10-17T07:28:27.054+0000] {processor.py:157} INFO - Started process (PID=1536) to work on /home/airflow/.local/lib/python3.8/site-packages/airflow/example_dags/example_branch_operator.py
[2025-10-17T07:28:27.056+0000] {processor.py:829} INFO - Processing file /home/airflow/.local/lib/python3.8/site-packages/airflow/example_dags/example_branch_operator.py for tasks to queue
[2025-10-17T07:28:27.056+0000] {logging_mixin.py:154} INFO - [2025-10-17T07:28:27.056+0000] {dagbag.py:536} INFO - Filling up the DagBag from /home/airflow/.local/lib/python3.8/site-packages/airflow/example_dags/example_branch_operator.py
[2025-10-17T07:28:27.065+0000] {processor.py:839} INFO - DAG(s) dict_keys(['example_branch_operator']) retrieved from /home/airflow/.local/lib/python3.8/site-packages/airflow/example_dags/example_branch_operator.py
[2025-10-17T07:28:27.085+0000] {logging_mixin.py:154} INFO - [2025-10-17T07:28:27.085+0000] {dag.py:2941} INFO - Sync 1 DAGs
[2025-10-17T07:28:27.106+0000] {logging_mixin.py:154} INFO - [2025-10-17T07:28:27.105+0000] {dag.py:3722} INFO - Setting next_dagrun for example_branch_operator to 2025-10-16T00:00:00+00:00, run_after=2025-10-17T00:00:00+00:00
[2025-10-17T07:28:27.124+0000] {processor.py:179} INFO - Processing /home/airflow/.local/lib/python3.8/site-packages/airflow/example_dags/example_branch_operator.py took 0.073 seconds
[2025-10-17T07:28:57.394+0000] {processor.py:157} INFO - Started process (PID=1592) to work on /home/airflow/.local/lib/python3.8/site-packages/airflow/example_dags/example_branch_operator.py
[2025-10-17T07:28:57.395+0000] {processor.py:829} INFO - Processing file /home/airflow/.local/lib/python3.8/site-packages/airflow/example_dags/example_branch_operator.py for tasks to queue
[2025-10-17T07:28:57.396+0000] {logging_mixin.py:154} INFO - [2025-10-17T07:28:57.395+0000] {dagbag.py:536} INFO - Filling up the DagBag from /home/airflow/.local/lib/python3.8/site-packages/airflow/example_dags/example_branch_operator.py
[2025-10-17T07:28:57.404+0000] {processor.py:839} INFO - DAG(s) dict_keys(['example_branch_operator']) retrieved from /home/airflow/.local/lib/python3.8/site-packages/airflow/example_dags/example_branch_operator.py
[2025-10-17T07:28:57.426+0000] {logging_mixin.py:154} INFO - [2025-10-17T07:28:57.426+0000] {dag.py:2941} INFO - Sync 1 DAGs
[2025-10-17T07:28:57.447+0000] {logging_mixin.py:154} INFO - [2025-10-17T07:28:57.447+0000] {dag.py:3722} INFO - Setting next_dagrun for example_branch_operator to 2025-10-16T00:00:00+00:00, run_after=2025-10-17T00:00:00+00:00
[2025-10-17T07:28:57.473+0000] {processor.py:179} INFO - Processing /home/airflow/.local/lib/python3.8/site-packages/airflow/example_dags/example_branch_operator.py took 0.082 seconds
[2025-10-17T07:30:20.126+0000] {processor.py:157} INFO - Started process (PID=76) to work on /home/airflow/.local/lib/python3.8/site-packages/airflow/example_dags/example_branch_operator.py
[2025-10-17T07:30:20.128+0000] {processor.py:829} INFO - Processing file /home/airflow/.local/lib/python3.8/site-packages/airflow/example_dags/example_branch_operator.py for tasks to queue
[2025-10-17T07:30:20.133+0000] {logging_mixin.py:154} INFO - [2025-10-17T07:30:20.132+0000] {dagbag.py:536} INFO - Filling up the DagBag from /home/airflow/.local/lib/python3.8/site-packages/airflow/example_dags/example_branch_operator.py
[2025-10-17T07:30:20.161+0000] {processor.py:839} INFO - DAG(s) dict_keys(['example_branch_operator']) retrieved from /home/airflow/.local/lib/python3.8/site-packages/airflow/example_dags/example_branch_operator.py
[2025-10-17T07:30:20.346+0000] {logging_mixin.py:154} INFO - [2025-10-17T07:30:20.346+0000] {manager.py:499} INFO - Created Permission View: %s
[2025-10-17T07:30:20.362+0000] {logging_mixin.py:154} INFO - [2025-10-17T07:30:20.361+0000] {manager.py:499} INFO - Created Permission View: %s
[2025-10-17T07:30:20.370+0000] {logging_mixin.py:154} INFO - [2025-10-17T07:30:20.370+0000] {manager.py:499} INFO - Created Permission View: %s
[2025-10-17T07:30:20.371+0000] {logging_mixin.py:154} INFO - [2025-10-17T07:30:20.370+0000] {dag.py:2941} INFO - Sync 1 DAGs
[2025-10-17T07:30:20.382+0000] {logging_mixin.py:154} INFO - [2025-10-17T07:30:20.381+0000] {dag.py:2963} INFO - Creating ORM DAG for example_branch_operator
[2025-10-17T07:30:20.395+0000] {logging_mixin.py:154} INFO - [2025-10-17T07:30:20.395+0000] {dag.py:3722} INFO - Setting next_dagrun for example_branch_operator to 2025-10-16T00:00:00+00:00, run_after=2025-10-17T00:00:00+00:00
[2025-10-17T07:30:20.420+0000] {processor.py:179} INFO - Processing /home/airflow/.local/lib/python3.8/site-packages/airflow/example_dags/example_branch_operator.py took 0.301 seconds
[2025-10-17T07:30:50.537+0000] {processor.py:157} INFO - Started process (PID=132) to work on /home/airflow/.local/lib/python3.8/site-packages/airflow/example_dags/example_branch_operator.py
[2025-10-17T07:30:50.539+0000] {processor.py:829} INFO - Processing file /home/airflow/.local/lib/python3.8/site-packages/airflow/example_dags/example_branch_operator.py for tasks to queue
[2025-10-17T07:30:50.543+0000] {logging_mixin.py:154} INFO - [2025-10-17T07:30:50.542+0000] {dagbag.py:536} INFO - Filling up the DagBag from /home/airflow/.local/lib/python3.8/site-packages/airflow/example_dags/example_branch_operator.py
[2025-10-17T07:30:50.557+0000] {processor.py:839} INFO - DAG(s) dict_keys(['example_branch_operator']) retrieved from /home/airflow/.local/lib/python3.8/site-packages/airflow/example_dags/example_branch_operator.py
[2025-10-17T07:30:50.593+0000] {logging_mixin.py:154} INFO - [2025-10-17T07:30:50.592+0000] {dag.py:2941} INFO - Sync 1 DAGs
[2025-10-17T07:30:50.628+0000] {logging_mixin.py:154} INFO - [2025-10-17T07:30:50.628+0000] {dag.py:3722} INFO - Setting next_dagrun for example_branch_operator to 2025-10-16T00:00:00+00:00, run_after=2025-10-17T00:00:00+00:00
[2025-10-17T07:30:50.663+0000] {processor.py:179} INFO - Processing /home/airflow/.local/lib/python3.8/site-packages/airflow/example_dags/example_branch_operator.py took 0.131 seconds
[2025-10-17T07:31:21.642+0000] {processor.py:157} INFO - Started process (PID=188) to work on /home/airflow/.local/lib/python3.8/site-packages/airflow/example_dags/example_branch_operator.py
[2025-10-17T07:31:21.644+0000] {processor.py:829} INFO - Processing file /home/airflow/.local/lib/python3.8/site-packages/airflow/example_dags/example_branch_operator.py for tasks to queue
[2025-10-17T07:31:21.646+0000] {logging_mixin.py:154} INFO - [2025-10-17T07:31:21.646+0000] {dagbag.py:536} INFO - Filling up the DagBag from /home/airflow/.local/lib/python3.8/site-packages/airflow/example_dags/example_branch_operator.py
[2025-10-17T07:31:21.656+0000] {processor.py:839} INFO - DAG(s) dict_keys(['example_branch_operator']) retrieved from /home/airflow/.local/lib/python3.8/site-packages/airflow/example_dags/example_branch_operator.py
[2025-10-17T07:31:21.680+0000] {logging_mixin.py:154} INFO - [2025-10-17T07:31:21.680+0000] {dag.py:2941} INFO - Sync 1 DAGs
[2025-10-17T07:31:21.703+0000] {logging_mixin.py:154} INFO - [2025-10-17T07:31:21.703+0000] {dag.py:3722} INFO - Setting next_dagrun for example_branch_operator to 2025-10-16T00:00:00+00:00, run_after=2025-10-17T00:00:00+00:00
[2025-10-17T07:31:21.731+0000] {processor.py:179} INFO - Processing /home/airflow/.local/lib/python3.8/site-packages/airflow/example_dags/example_branch_operator.py took 0.092 seconds
[2025-10-17T07:31:52.106+0000] {processor.py:157} INFO - Started process (PID=244) to work on /home/airflow/.local/lib/python3.8/site-packages/airflow/example_dags/example_branch_operator.py
[2025-10-17T07:31:52.107+0000] {processor.py:829} INFO - Processing file /home/airflow/.local/lib/python3.8/site-packages/airflow/example_dags/example_branch_operator.py for tasks to queue
[2025-10-17T07:31:52.110+0000] {logging_mixin.py:154} INFO - [2025-10-17T07:31:52.110+0000] {dagbag.py:536} INFO - Filling up the DagBag from /home/airflow/.local/lib/python3.8/site-packages/airflow/example_dags/example_branch_operator.py
[2025-10-17T07:31:52.123+0000] {processor.py:839} INFO - DAG(s) dict_keys(['example_branch_operator']) retrieved from /home/airflow/.local/lib/python3.8/site-packages/airflow/example_dags/example_branch_operator.py
[2025-10-17T07:31:52.146+0000] {logging_mixin.py:154} INFO - [2025-10-17T07:31:52.146+0000] {dag.py:2941} INFO - Sync 1 DAGs
[2025-10-17T07:31:52.172+0000] {logging_mixin.py:154} INFO - [2025-10-17T07:31:52.171+0000] {dag.py:3722} INFO - Setting next_dagrun for example_branch_operator to 2025-10-16T00:00:00+00:00, run_after=2025-10-17T00:00:00+00:00
[2025-10-17T07:31:52.191+0000] {processor.py:179} INFO - Processing /home/airflow/.local/lib/python3.8/site-packages/airflow/example_dags/example_branch_operator.py took 0.089 seconds
[2025-10-17T07:32:23.016+0000] {processor.py:157} INFO - Started process (PID=300) to work on /home/airflow/.local/lib/python3.8/site-packages/airflow/example_dags/example_branch_operator.py
[2025-10-17T07:32:23.018+0000] {processor.py:829} INFO - Processing file /home/airflow/.local/lib/python3.8/site-packages/airflow/example_dags/example_branch_operator.py for tasks to queue
[2025-10-17T07:32:23.020+0000] {logging_mixin.py:154} INFO - [2025-10-17T07:32:23.020+0000] {dagbag.py:536} INFO - Filling up the DagBag from /home/airflow/.local/lib/python3.8/site-packages/airflow/example_dags/example_branch_operator.py
[2025-10-17T07:32:23.028+0000] {processor.py:839} INFO - DAG(s) dict_keys(['example_branch_operator']) retrieved from /home/airflow/.local/lib/python3.8/site-packages/airflow/example_dags/example_branch_operator.py
[2025-10-17T07:32:23.051+0000] {logging_mixin.py:154} INFO - [2025-10-17T07:32:23.050+0000] {dag.py:2941} INFO - Sync 1 DAGs
[2025-10-17T07:32:23.070+0000] {logging_mixin.py:154} INFO - [2025-10-17T07:32:23.070+0000] {dag.py:3722} INFO - Setting next_dagrun for example_branch_operator to 2025-10-16T00:00:00+00:00, run_after=2025-10-17T00:00:00+00:00
[2025-10-17T07:32:23.087+0000] {processor.py:179} INFO - Processing /home/airflow/.local/lib/python3.8/site-packages/airflow/example_dags/example_branch_operator.py took 0.074 seconds
[2025-10-17T07:35:42.827+0000] {processor.py:157} INFO - Started process (PID=65) to work on /home/airflow/.local/lib/python3.8/site-packages/airflow/example_dags/example_branch_operator.py
[2025-10-17T07:35:42.829+0000] {processor.py:829} INFO - Processing file /home/airflow/.local/lib/python3.8/site-packages/airflow/example_dags/example_branch_operator.py for tasks to queue
[2025-10-17T07:35:42.833+0000] {logging_mixin.py:154} INFO - [2025-10-17T07:35:42.832+0000] {dagbag.py:536} INFO - Filling up the DagBag from /home/airflow/.local/lib/python3.8/site-packages/airflow/example_dags/example_branch_operator.py
[2025-10-17T07:35:42.850+0000] {processor.py:839} INFO - DAG(s) dict_keys(['example_branch_operator']) retrieved from /home/airflow/.local/lib/python3.8/site-packages/airflow/example_dags/example_branch_operator.py
[2025-10-17T07:35:43.040+0000] {logging_mixin.py:154} INFO - [2025-10-17T07:35:43.040+0000] {manager.py:499} INFO - Created Permission View: %s
[2025-10-17T07:35:43.059+0000] {logging_mixin.py:154} INFO - [2025-10-17T07:35:43.058+0000] {manager.py:499} INFO - Created Permission View: %s
[2025-10-17T07:35:43.074+0000] {logging_mixin.py:154} INFO - [2025-10-17T07:35:43.074+0000] {manager.py:499} INFO - Created Permission View: %s
[2025-10-17T07:35:43.075+0000] {logging_mixin.py:154} INFO - [2025-10-17T07:35:43.075+0000] {dag.py:2941} INFO - Sync 1 DAGs
[2025-10-17T07:35:43.105+0000] {logging_mixin.py:154} INFO - [2025-10-17T07:35:43.105+0000] {dag.py:2963} INFO - Creating ORM DAG for example_branch_operator
[2025-10-17T07:35:43.128+0000] {logging_mixin.py:154} INFO - [2025-10-17T07:35:43.127+0000] {dag.py:3722} INFO - Setting next_dagrun for example_branch_operator to 2025-10-16T00:00:00+00:00, run_after=2025-10-17T00:00:00+00:00
[2025-10-17T07:35:43.164+0000] {processor.py:179} INFO - Processing /home/airflow/.local/lib/python3.8/site-packages/airflow/example_dags/example_branch_operator.py took 0.342 seconds
[2025-10-17T07:36:13.854+0000] {processor.py:157} INFO - Started process (PID=128) to work on /home/airflow/.local/lib/python3.8/site-packages/airflow/example_dags/example_branch_operator.py
[2025-10-17T07:36:13.855+0000] {processor.py:829} INFO - Processing file /home/airflow/.local/lib/python3.8/site-packages/airflow/example_dags/example_branch_operator.py for tasks to queue
[2025-10-17T07:36:13.858+0000] {logging_mixin.py:154} INFO - [2025-10-17T07:36:13.857+0000] {dagbag.py:536} INFO - Filling up the DagBag from /home/airflow/.local/lib/python3.8/site-packages/airflow/example_dags/example_branch_operator.py
[2025-10-17T07:36:13.866+0000] {processor.py:839} INFO - DAG(s) dict_keys(['example_branch_operator']) retrieved from /home/airflow/.local/lib/python3.8/site-packages/airflow/example_dags/example_branch_operator.py
[2025-10-17T07:36:13.888+0000] {logging_mixin.py:154} INFO - [2025-10-17T07:36:13.888+0000] {dag.py:2941} INFO - Sync 1 DAGs
[2025-10-17T07:36:13.908+0000] {logging_mixin.py:154} INFO - [2025-10-17T07:36:13.908+0000] {dag.py:3722} INFO - Setting next_dagrun for example_branch_operator to 2025-10-16T00:00:00+00:00, run_after=2025-10-17T00:00:00+00:00
[2025-10-17T07:36:13.927+0000] {processor.py:179} INFO - Processing /home/airflow/.local/lib/python3.8/site-packages/airflow/example_dags/example_branch_operator.py took 0.076 seconds
[2025-10-17T07:36:44.369+0000] {processor.py:157} INFO - Started process (PID=184) to work on /home/airflow/.local/lib/python3.8/site-packages/airflow/example_dags/example_branch_operator.py
[2025-10-17T07:36:44.370+0000] {processor.py:829} INFO - Processing file /home/airflow/.local/lib/python3.8/site-packages/airflow/example_dags/example_branch_operator.py for tasks to queue
[2025-10-17T07:36:44.373+0000] {logging_mixin.py:154} INFO - [2025-10-17T07:36:44.372+0000] {dagbag.py:536} INFO - Filling up the DagBag from /home/airflow/.local/lib/python3.8/site-packages/airflow/example_dags/example_branch_operator.py
[2025-10-17T07:36:44.382+0000] {processor.py:839} INFO - DAG(s) dict_keys(['example_branch_operator']) retrieved from /home/airflow/.local/lib/python3.8/site-packages/airflow/example_dags/example_branch_operator.py
[2025-10-17T07:36:44.403+0000] {logging_mixin.py:154} INFO - [2025-10-17T07:36:44.403+0000] {dag.py:2941} INFO - Sync 1 DAGs
[2025-10-17T07:36:44.423+0000] {logging_mixin.py:154} INFO - [2025-10-17T07:36:44.422+0000] {dag.py:3722} INFO - Setting next_dagrun for example_branch_operator to 2025-10-16T00:00:00+00:00, run_after=2025-10-17T00:00:00+00:00
[2025-10-17T07:36:44.442+0000] {processor.py:179} INFO - Processing /home/airflow/.local/lib/python3.8/site-packages/airflow/example_dags/example_branch_operator.py took 0.076 seconds
[2025-10-17T07:37:14.784+0000] {processor.py:157} INFO - Started process (PID=240) to work on /home/airflow/.local/lib/python3.8/site-packages/airflow/example_dags/example_branch_operator.py
[2025-10-17T07:37:14.785+0000] {processor.py:829} INFO - Processing file /home/airflow/.local/lib/python3.8/site-packages/airflow/example_dags/example_branch_operator.py for tasks to queue
[2025-10-17T07:37:14.787+0000] {logging_mixin.py:154} INFO - [2025-10-17T07:37:14.787+0000] {dagbag.py:536} INFO - Filling up the DagBag from /home/airflow/.local/lib/python3.8/site-packages/airflow/example_dags/example_branch_operator.py
[2025-10-17T07:37:14.796+0000] {processor.py:839} INFO - DAG(s) dict_keys(['example_branch_operator']) retrieved from /home/airflow/.local/lib/python3.8/site-packages/airflow/example_dags/example_branch_operator.py
[2025-10-17T07:37:14.817+0000] {logging_mixin.py:154} INFO - [2025-10-17T07:37:14.817+0000] {dag.py:2941} INFO - Sync 1 DAGs
[2025-10-17T07:37:14.835+0000] {logging_mixin.py:154} INFO - [2025-10-17T07:37:14.835+0000] {dag.py:3722} INFO - Setting next_dagrun for example_branch_operator to 2025-10-16T00:00:00+00:00, run_after=2025-10-17T00:00:00+00:00
[2025-10-17T07:37:14.854+0000] {processor.py:179} INFO - Processing /home/airflow/.local/lib/python3.8/site-packages/airflow/example_dags/example_branch_operator.py took 0.074 seconds
[2025-10-17T07:38:44.175+0000] {processor.py:157} INFO - Started process (PID=66) to work on /home/airflow/.local/lib/python3.8/site-packages/airflow/example_dags/example_branch_operator.py
[2025-10-17T07:38:44.176+0000] {processor.py:829} INFO - Processing file /home/airflow/.local/lib/python3.8/site-packages/airflow/example_dags/example_branch_operator.py for tasks to queue
[2025-10-17T07:38:44.179+0000] {logging_mixin.py:154} INFO - [2025-10-17T07:38:44.179+0000] {dagbag.py:536} INFO - Filling up the DagBag from /home/airflow/.local/lib/python3.8/site-packages/airflow/example_dags/example_branch_operator.py
[2025-10-17T07:38:44.193+0000] {processor.py:839} INFO - DAG(s) dict_keys(['example_branch_operator']) retrieved from /home/airflow/.local/lib/python3.8/site-packages/airflow/example_dags/example_branch_operator.py
[2025-10-17T07:38:44.340+0000] {logging_mixin.py:154} INFO - [2025-10-17T07:38:44.340+0000] {manager.py:499} INFO - Created Permission View: %s
[2025-10-17T07:38:44.358+0000] {logging_mixin.py:154} INFO - [2025-10-17T07:38:44.357+0000] {manager.py:499} INFO - Created Permission View: %s
[2025-10-17T07:38:44.372+0000] {logging_mixin.py:154} INFO - [2025-10-17T07:38:44.372+0000] {manager.py:499} INFO - Created Permission View: %s
[2025-10-17T07:38:44.373+0000] {logging_mixin.py:154} INFO - [2025-10-17T07:38:44.373+0000] {dag.py:2941} INFO - Sync 1 DAGs
[2025-10-17T07:38:44.393+0000] {logging_mixin.py:154} INFO - [2025-10-17T07:38:44.392+0000] {dag.py:2963} INFO - Creating ORM DAG for example_branch_operator
[2025-10-17T07:38:44.410+0000] {logging_mixin.py:154} INFO - [2025-10-17T07:38:44.409+0000] {dag.py:3722} INFO - Setting next_dagrun for example_branch_operator to 2025-10-16T00:00:00+00:00, run_after=2025-10-17T00:00:00+00:00
[2025-10-17T07:38:44.434+0000] {processor.py:179} INFO - Processing /home/airflow/.local/lib/python3.8/site-packages/airflow/example_dags/example_branch_operator.py took 0.263 seconds
[2025-10-17T07:39:15.158+0000] {processor.py:157} INFO - Started process (PID=129) to work on /home/airflow/.local/lib/python3.8/site-packages/airflow/example_dags/example_branch_operator.py
[2025-10-17T07:39:15.160+0000] {processor.py:829} INFO - Processing file /home/airflow/.local/lib/python3.8/site-packages/airflow/example_dags/example_branch_operator.py for tasks to queue
[2025-10-17T07:39:15.162+0000] {logging_mixin.py:154} INFO - [2025-10-17T07:39:15.162+0000] {dagbag.py:536} INFO - Filling up the DagBag from /home/airflow/.local/lib/python3.8/site-packages/airflow/example_dags/example_branch_operator.py
[2025-10-17T07:39:15.170+0000] {processor.py:839} INFO - DAG(s) dict_keys(['example_branch_operator']) retrieved from /home/airflow/.local/lib/python3.8/site-packages/airflow/example_dags/example_branch_operator.py
[2025-10-17T07:39:15.191+0000] {logging_mixin.py:154} INFO - [2025-10-17T07:39:15.190+0000] {dag.py:2941} INFO - Sync 1 DAGs
[2025-10-17T07:39:15.210+0000] {logging_mixin.py:154} INFO - [2025-10-17T07:39:15.210+0000] {dag.py:3722} INFO - Setting next_dagrun for example_branch_operator to 2025-10-16T00:00:00+00:00, run_after=2025-10-17T00:00:00+00:00
[2025-10-17T07:39:15.226+0000] {processor.py:179} INFO - Processing /home/airflow/.local/lib/python3.8/site-packages/airflow/example_dags/example_branch_operator.py took 0.072 seconds
[2025-10-17T07:39:45.316+0000] {processor.py:157} INFO - Started process (PID=185) to work on /home/airflow/.local/lib/python3.8/site-packages/airflow/example_dags/example_branch_operator.py
[2025-10-17T07:39:45.317+0000] {processor.py:829} INFO - Processing file /home/airflow/.local/lib/python3.8/site-packages/airflow/example_dags/example_branch_operator.py for tasks to queue
[2025-10-17T07:39:45.319+0000] {logging_mixin.py:154} INFO - [2025-10-17T07:39:45.319+0000] {dagbag.py:536} INFO - Filling up the DagBag from /home/airflow/.local/lib/python3.8/site-packages/airflow/example_dags/example_branch_operator.py
[2025-10-17T07:39:45.327+0000] {processor.py:839} INFO - DAG(s) dict_keys(['example_branch_operator']) retrieved from /home/airflow/.local/lib/python3.8/site-packages/airflow/example_dags/example_branch_operator.py
[2025-10-17T07:39:45.347+0000] {logging_mixin.py:154} INFO - [2025-10-17T07:39:45.347+0000] {dag.py:2941} INFO - Sync 1 DAGs
[2025-10-17T07:39:45.368+0000] {logging_mixin.py:154} INFO - [2025-10-17T07:39:45.368+0000] {dag.py:3722} INFO - Setting next_dagrun for example_branch_operator to 2025-10-16T00:00:00+00:00, run_after=2025-10-17T00:00:00+00:00
[2025-10-17T07:39:45.385+0000] {processor.py:179} INFO - Processing /home/airflow/.local/lib/python3.8/site-packages/airflow/example_dags/example_branch_operator.py took 0.073 seconds
[2025-10-17T07:40:16.693+0000] {processor.py:157} INFO - Started process (PID=241) to work on /home/airflow/.local/lib/python3.8/site-packages/airflow/example_dags/example_branch_operator.py
[2025-10-17T07:40:16.694+0000] {processor.py:829} INFO - Processing file /home/airflow/.local/lib/python3.8/site-packages/airflow/example_dags/example_branch_operator.py for tasks to queue
[2025-10-17T07:40:16.696+0000] {logging_mixin.py:154} INFO - [2025-10-17T07:40:16.696+0000] {dagbag.py:536} INFO - Filling up the DagBag from /home/airflow/.local/lib/python3.8/site-packages/airflow/example_dags/example_branch_operator.py
[2025-10-17T07:40:16.707+0000] {processor.py:839} INFO - DAG(s) dict_keys(['example_branch_operator']) retrieved from /home/airflow/.local/lib/python3.8/site-packages/airflow/example_dags/example_branch_operator.py
[2025-10-17T07:40:16.729+0000] {logging_mixin.py:154} INFO - [2025-10-17T07:40:16.729+0000] {dag.py:2941} INFO - Sync 1 DAGs
[2025-10-17T07:40:16.748+0000] {logging_mixin.py:154} INFO - [2025-10-17T07:40:16.748+0000] {dag.py:3722} INFO - Setting next_dagrun for example_branch_operator to 2025-10-16T00:00:00+00:00, run_after=2025-10-17T00:00:00+00:00
[2025-10-17T07:40:16.765+0000] {processor.py:179} INFO - Processing /home/airflow/.local/lib/python3.8/site-packages/airflow/example_dags/example_branch_operator.py took 0.075 seconds
[2025-10-17T07:40:47.413+0000] {processor.py:157} INFO - Started process (PID=298) to work on /home/airflow/.local/lib/python3.8/site-packages/airflow/example_dags/example_branch_operator.py
[2025-10-17T07:40:47.414+0000] {processor.py:829} INFO - Processing file /home/airflow/.local/lib/python3.8/site-packages/airflow/example_dags/example_branch_operator.py for tasks to queue
[2025-10-17T07:40:47.416+0000] {logging_mixin.py:154} INFO - [2025-10-17T07:40:47.416+0000] {dagbag.py:536} INFO - Filling up the DagBag from /home/airflow/.local/lib/python3.8/site-packages/airflow/example_dags/example_branch_operator.py
[2025-10-17T07:40:47.425+0000] {processor.py:839} INFO - DAG(s) dict_keys(['example_branch_operator']) retrieved from /home/airflow/.local/lib/python3.8/site-packages/airflow/example_dags/example_branch_operator.py
[2025-10-17T07:40:47.445+0000] {logging_mixin.py:154} INFO - [2025-10-17T07:40:47.444+0000] {dag.py:2941} INFO - Sync 1 DAGs
[2025-10-17T07:40:47.465+0000] {logging_mixin.py:154} INFO - [2025-10-17T07:40:47.465+0000] {dag.py:3722} INFO - Setting next_dagrun for example_branch_operator to 2025-10-16T00:00:00+00:00, run_after=2025-10-17T00:00:00+00:00
[2025-10-17T07:40:47.482+0000] {processor.py:179} INFO - Processing /home/airflow/.local/lib/python3.8/site-packages/airflow/example_dags/example_branch_operator.py took 0.072 seconds
[2025-10-17T07:41:17.716+0000] {processor.py:157} INFO - Started process (PID=352) to work on /home/airflow/.local/lib/python3.8/site-packages/airflow/example_dags/example_branch_operator.py
[2025-10-17T07:41:17.717+0000] {processor.py:829} INFO - Processing file /home/airflow/.local/lib/python3.8/site-packages/airflow/example_dags/example_branch_operator.py for tasks to queue
[2025-10-17T07:41:17.719+0000] {logging_mixin.py:154} INFO - [2025-10-17T07:41:17.719+0000] {dagbag.py:536} INFO - Filling up the DagBag from /home/airflow/.local/lib/python3.8/site-packages/airflow/example_dags/example_branch_operator.py
[2025-10-17T07:41:17.727+0000] {processor.py:839} INFO - DAG(s) dict_keys(['example_branch_operator']) retrieved from /home/airflow/.local/lib/python3.8/site-packages/airflow/example_dags/example_branch_operator.py
[2025-10-17T07:41:17.748+0000] {logging_mixin.py:154} INFO - [2025-10-17T07:41:17.748+0000] {dag.py:2941} INFO - Sync 1 DAGs
[2025-10-17T07:41:17.790+0000] {logging_mixin.py:154} INFO - [2025-10-17T07:41:17.790+0000] {dag.py:3722} INFO - Setting next_dagrun for example_branch_operator to 2025-10-16T00:00:00+00:00, run_after=2025-10-17T00:00:00+00:00
[2025-10-17T07:41:17.825+0000] {processor.py:179} INFO - Processing /home/airflow/.local/lib/python3.8/site-packages/airflow/example_dags/example_branch_operator.py took 0.112 seconds
[2025-10-17T07:42:27.370+0000] {processor.py:157} INFO - Started process (PID=65) to work on /home/airflow/.local/lib/python3.8/site-packages/airflow/example_dags/example_branch_operator.py
[2025-10-17T07:42:27.372+0000] {processor.py:829} INFO - Processing file /home/airflow/.local/lib/python3.8/site-packages/airflow/example_dags/example_branch_operator.py for tasks to queue
[2025-10-17T07:42:27.381+0000] {logging_mixin.py:154} INFO - [2025-10-17T07:42:27.379+0000] {dagbag.py:536} INFO - Filling up the DagBag from /home/airflow/.local/lib/python3.8/site-packages/airflow/example_dags/example_branch_operator.py
[2025-10-17T07:42:27.408+0000] {processor.py:839} INFO - DAG(s) dict_keys(['example_branch_operator']) retrieved from /home/airflow/.local/lib/python3.8/site-packages/airflow/example_dags/example_branch_operator.py
[2025-10-17T07:42:27.610+0000] {logging_mixin.py:154} INFO - [2025-10-17T07:42:27.610+0000] {manager.py:499} INFO - Created Permission View: %s
[2025-10-17T07:42:27.629+0000] {logging_mixin.py:154} INFO - [2025-10-17T07:42:27.628+0000] {manager.py:499} INFO - Created Permission View: %s
[2025-10-17T07:42:27.641+0000] {logging_mixin.py:154} INFO - [2025-10-17T07:42:27.640+0000] {manager.py:499} INFO - Created Permission View: %s
[2025-10-17T07:42:27.641+0000] {logging_mixin.py:154} INFO - [2025-10-17T07:42:27.641+0000] {dag.py:2941} INFO - Sync 1 DAGs
[2025-10-17T07:42:27.660+0000] {logging_mixin.py:154} INFO - [2025-10-17T07:42:27.660+0000] {dag.py:2963} INFO - Creating ORM DAG for example_branch_operator
[2025-10-17T07:42:27.677+0000] {logging_mixin.py:154} INFO - [2025-10-17T07:42:27.677+0000] {dag.py:3722} INFO - Setting next_dagrun for example_branch_operator to 2025-10-16T00:00:00+00:00, run_after=2025-10-17T00:00:00+00:00
[2025-10-17T07:42:27.705+0000] {processor.py:179} INFO - Processing /home/airflow/.local/lib/python3.8/site-packages/airflow/example_dags/example_branch_operator.py took 0.341 seconds
[2025-10-17T07:42:57.805+0000] {processor.py:157} INFO - Started process (PID=121) to work on /home/airflow/.local/lib/python3.8/site-packages/airflow/example_dags/example_branch_operator.py
[2025-10-17T07:42:57.806+0000] {processor.py:829} INFO - Processing file /home/airflow/.local/lib/python3.8/site-packages/airflow/example_dags/example_branch_operator.py for tasks to queue
[2025-10-17T07:42:57.808+0000] {logging_mixin.py:154} INFO - [2025-10-17T07:42:57.808+0000] {dagbag.py:536} INFO - Filling up the DagBag from /home/airflow/.local/lib/python3.8/site-packages/airflow/example_dags/example_branch_operator.py
[2025-10-17T07:42:57.817+0000] {processor.py:839} INFO - DAG(s) dict_keys(['example_branch_operator']) retrieved from /home/airflow/.local/lib/python3.8/site-packages/airflow/example_dags/example_branch_operator.py
[2025-10-17T07:42:57.837+0000] {logging_mixin.py:154} INFO - [2025-10-17T07:42:57.837+0000] {dag.py:2941} INFO - Sync 1 DAGs
[2025-10-17T07:42:57.856+0000] {logging_mixin.py:154} INFO - [2025-10-17T07:42:57.856+0000] {dag.py:3722} INFO - Setting next_dagrun for example_branch_operator to 2025-10-16T00:00:00+00:00, run_after=2025-10-17T00:00:00+00:00
[2025-10-17T07:42:57.874+0000] {processor.py:179} INFO - Processing /home/airflow/.local/lib/python3.8/site-packages/airflow/example_dags/example_branch_operator.py took 0.072 seconds
[2025-10-17T07:44:24.921+0000] {processor.py:157} INFO - Started process (PID=65) to work on /home/airflow/.local/lib/python3.8/site-packages/airflow/example_dags/example_branch_operator.py
[2025-10-17T07:44:24.923+0000] {processor.py:829} INFO - Processing file /home/airflow/.local/lib/python3.8/site-packages/airflow/example_dags/example_branch_operator.py for tasks to queue
[2025-10-17T07:44:24.925+0000] {logging_mixin.py:154} INFO - [2025-10-17T07:44:24.925+0000] {dagbag.py:536} INFO - Filling up the DagBag from /home/airflow/.local/lib/python3.8/site-packages/airflow/example_dags/example_branch_operator.py
[2025-10-17T07:44:24.940+0000] {processor.py:839} INFO - DAG(s) dict_keys(['example_branch_operator']) retrieved from /home/airflow/.local/lib/python3.8/site-packages/airflow/example_dags/example_branch_operator.py
[2025-10-17T07:44:25.063+0000] {logging_mixin.py:154} INFO - [2025-10-17T07:44:25.062+0000] {manager.py:499} INFO - Created Permission View: %s
[2025-10-17T07:44:25.072+0000] {logging_mixin.py:154} INFO - [2025-10-17T07:44:25.072+0000] {manager.py:499} INFO - Created Permission View: %s
[2025-10-17T07:44:25.079+0000] {logging_mixin.py:154} INFO - [2025-10-17T07:44:25.078+0000] {manager.py:499} INFO - Created Permission View: %s
[2025-10-17T07:44:25.079+0000] {logging_mixin.py:154} INFO - [2025-10-17T07:44:25.079+0000] {dag.py:2941} INFO - Sync 1 DAGs
[2025-10-17T07:44:25.091+0000] {logging_mixin.py:154} INFO - [2025-10-17T07:44:25.091+0000] {dag.py:2963} INFO - Creating ORM DAG for example_branch_operator
[2025-10-17T07:44:25.103+0000] {logging_mixin.py:154} INFO - [2025-10-17T07:44:25.102+0000] {dag.py:3722} INFO - Setting next_dagrun for example_branch_operator to 2025-10-16T00:00:00+00:00, run_after=2025-10-17T00:00:00+00:00
[2025-10-17T07:44:25.127+0000] {processor.py:179} INFO - Processing /home/airflow/.local/lib/python3.8/site-packages/airflow/example_dags/example_branch_operator.py took 0.209 seconds
[2025-10-17T07:44:35.829+0000] {processor.py:157} INFO - Started process (PID=57) to work on /home/airflow/.local/lib/python3.8/site-packages/airflow/example_dags/example_branch_operator.py
[2025-10-17T07:44:35.831+0000] {processor.py:829} INFO - Processing file /home/airflow/.local/lib/python3.8/site-packages/airflow/example_dags/example_branch_operator.py for tasks to queue
[2025-10-17T07:44:35.833+0000] {logging_mixin.py:154} INFO - [2025-10-17T07:44:35.833+0000] {dagbag.py:536} INFO - Filling up the DagBag from /home/airflow/.local/lib/python3.8/site-packages/airflow/example_dags/example_branch_operator.py
[2025-10-17T07:44:35.846+0000] {processor.py:839} INFO - DAG(s) dict_keys(['example_branch_operator']) retrieved from /home/airflow/.local/lib/python3.8/site-packages/airflow/example_dags/example_branch_operator.py
[2025-10-17T07:44:35.859+0000] {logging_mixin.py:154} INFO - [2025-10-17T07:44:35.858+0000] {dag.py:2941} INFO - Sync 1 DAGs
[2025-10-17T07:44:35.882+0000] {logging_mixin.py:154} INFO - [2025-10-17T07:44:35.882+0000] {dag.py:3722} INFO - Setting next_dagrun for example_branch_operator to 2025-10-16T00:00:00+00:00, run_after=2025-10-17T00:00:00+00:00
[2025-10-17T07:44:35.898+0000] {processor.py:179} INFO - Processing /home/airflow/.local/lib/python3.8/site-packages/airflow/example_dags/example_branch_operator.py took 0.071 seconds
[2025-10-17T07:45:06.392+0000] {processor.py:157} INFO - Started process (PID=113) to work on /home/airflow/.local/lib/python3.8/site-packages/airflow/example_dags/example_branch_operator.py
[2025-10-17T07:45:06.393+0000] {processor.py:829} INFO - Processing file /home/airflow/.local/lib/python3.8/site-packages/airflow/example_dags/example_branch_operator.py for tasks to queue
[2025-10-17T07:45:06.396+0000] {logging_mixin.py:154} INFO - [2025-10-17T07:45:06.395+0000] {dagbag.py:536} INFO - Filling up the DagBag from /home/airflow/.local/lib/python3.8/site-packages/airflow/example_dags/example_branch_operator.py
[2025-10-17T07:45:06.404+0000] {processor.py:839} INFO - DAG(s) dict_keys(['example_branch_operator']) retrieved from /home/airflow/.local/lib/python3.8/site-packages/airflow/example_dags/example_branch_operator.py
[2025-10-17T07:45:06.425+0000] {logging_mixin.py:154} INFO - [2025-10-17T07:45:06.425+0000] {dag.py:2941} INFO - Sync 1 DAGs
[2025-10-17T07:45:06.445+0000] {logging_mixin.py:154} INFO - [2025-10-17T07:45:06.445+0000] {dag.py:3722} INFO - Setting next_dagrun for example_branch_operator to 2025-10-16T00:00:00+00:00, run_after=2025-10-17T00:00:00+00:00
[2025-10-17T07:45:06.462+0000] {processor.py:179} INFO - Processing /home/airflow/.local/lib/python3.8/site-packages/airflow/example_dags/example_branch_operator.py took 0.073 seconds
[2025-10-17T07:46:19.528+0000] {processor.py:157} INFO - Started process (PID=65) to work on /home/airflow/.local/lib/python3.8/site-packages/airflow/example_dags/example_branch_operator.py
[2025-10-17T07:46:19.530+0000] {processor.py:829} INFO - Processing file /home/airflow/.local/lib/python3.8/site-packages/airflow/example_dags/example_branch_operator.py for tasks to queue
[2025-10-17T07:46:19.533+0000] {logging_mixin.py:154} INFO - [2025-10-17T07:46:19.533+0000] {dagbag.py:536} INFO - Filling up the DagBag from /home/airflow/.local/lib/python3.8/site-packages/airflow/example_dags/example_branch_operator.py
[2025-10-17T07:46:19.553+0000] {processor.py:839} INFO - DAG(s) dict_keys(['example_branch_operator']) retrieved from /home/airflow/.local/lib/python3.8/site-packages/airflow/example_dags/example_branch_operator.py
[2025-10-17T07:46:19.668+0000] {logging_mixin.py:154} INFO - [2025-10-17T07:46:19.668+0000] {manager.py:499} INFO - Created Permission View: %s
[2025-10-17T07:46:19.682+0000] {logging_mixin.py:154} INFO - [2025-10-17T07:46:19.682+0000] {manager.py:499} INFO - Created Permission View: %s
[2025-10-17T07:46:19.691+0000] {logging_mixin.py:154} INFO - [2025-10-17T07:46:19.691+0000] {manager.py:499} INFO - Created Permission View: %s
[2025-10-17T07:46:19.691+0000] {logging_mixin.py:154} INFO - [2025-10-17T07:46:19.691+0000] {dag.py:2941} INFO - Sync 1 DAGs
[2025-10-17T07:46:19.708+0000] {logging_mixin.py:154} INFO - [2025-10-17T07:46:19.707+0000] {dag.py:2963} INFO - Creating ORM DAG for example_branch_operator
[2025-10-17T07:46:19.721+0000] {logging_mixin.py:154} INFO - [2025-10-17T07:46:19.721+0000] {dag.py:3722} INFO - Setting next_dagrun for example_branch_operator to 2025-10-16T00:00:00+00:00, run_after=2025-10-17T00:00:00+00:00
[2025-10-17T07:46:19.742+0000] {processor.py:179} INFO - Processing /home/airflow/.local/lib/python3.8/site-packages/airflow/example_dags/example_branch_operator.py took 0.219 seconds
[2025-10-17T07:46:50.204+0000] {processor.py:157} INFO - Started process (PID=121) to work on /home/airflow/.local/lib/python3.8/site-packages/airflow/example_dags/example_branch_operator.py
[2025-10-17T07:46:50.206+0000] {processor.py:829} INFO - Processing file /home/airflow/.local/lib/python3.8/site-packages/airflow/example_dags/example_branch_operator.py for tasks to queue
[2025-10-17T07:46:50.208+0000] {logging_mixin.py:154} INFO - [2025-10-17T07:46:50.207+0000] {dagbag.py:536} INFO - Filling up the DagBag from /home/airflow/.local/lib/python3.8/site-packages/airflow/example_dags/example_branch_operator.py
[2025-10-17T07:46:50.216+0000] {processor.py:839} INFO - DAG(s) dict_keys(['example_branch_operator']) retrieved from /home/airflow/.local/lib/python3.8/site-packages/airflow/example_dags/example_branch_operator.py
[2025-10-17T07:46:50.237+0000] {logging_mixin.py:154} INFO - [2025-10-17T07:46:50.237+0000] {dag.py:2941} INFO - Sync 1 DAGs
[2025-10-17T07:46:50.257+0000] {logging_mixin.py:154} INFO - [2025-10-17T07:46:50.256+0000] {dag.py:3722} INFO - Setting next_dagrun for example_branch_operator to 2025-10-16T00:00:00+00:00, run_after=2025-10-17T00:00:00+00:00
[2025-10-17T07:46:50.275+0000] {processor.py:179} INFO - Processing /home/airflow/.local/lib/python3.8/site-packages/airflow/example_dags/example_branch_operator.py took 0.074 seconds
[2025-10-17T07:47:21.101+0000] {processor.py:157} INFO - Started process (PID=177) to work on /home/airflow/.local/lib/python3.8/site-packages/airflow/example_dags/example_branch_operator.py
[2025-10-17T07:47:21.102+0000] {processor.py:829} INFO - Processing file /home/airflow/.local/lib/python3.8/site-packages/airflow/example_dags/example_branch_operator.py for tasks to queue
[2025-10-17T07:47:21.105+0000] {logging_mixin.py:154} INFO - [2025-10-17T07:47:21.104+0000] {dagbag.py:536} INFO - Filling up the DagBag from /home/airflow/.local/lib/python3.8/site-packages/airflow/example_dags/example_branch_operator.py
[2025-10-17T07:47:21.115+0000] {processor.py:839} INFO - DAG(s) dict_keys(['example_branch_operator']) retrieved from /home/airflow/.local/lib/python3.8/site-packages/airflow/example_dags/example_branch_operator.py
[2025-10-17T07:47:21.141+0000] {logging_mixin.py:154} INFO - [2025-10-17T07:47:21.140+0000] {dag.py:2941} INFO - Sync 1 DAGs
[2025-10-17T07:47:21.168+0000] {logging_mixin.py:154} INFO - [2025-10-17T07:47:21.168+0000] {dag.py:3722} INFO - Setting next_dagrun for example_branch_operator to 2025-10-16T00:00:00+00:00, run_after=2025-10-17T00:00:00+00:00
[2025-10-17T07:47:21.191+0000] {processor.py:179} INFO - Processing /home/airflow/.local/lib/python3.8/site-packages/airflow/example_dags/example_branch_operator.py took 0.093 seconds
[2025-10-17T07:47:51.678+0000] {processor.py:157} INFO - Started process (PID=233) to work on /home/airflow/.local/lib/python3.8/site-packages/airflow/example_dags/example_branch_operator.py
[2025-10-17T07:47:51.679+0000] {processor.py:829} INFO - Processing file /home/airflow/.local/lib/python3.8/site-packages/airflow/example_dags/example_branch_operator.py for tasks to queue
[2025-10-17T07:47:51.682+0000] {logging_mixin.py:154} INFO - [2025-10-17T07:47:51.682+0000] {dagbag.py:536} INFO - Filling up the DagBag from /home/airflow/.local/lib/python3.8/site-packages/airflow/example_dags/example_branch_operator.py
[2025-10-17T07:47:51.697+0000] {processor.py:839} INFO - DAG(s) dict_keys(['example_branch_operator']) retrieved from /home/airflow/.local/lib/python3.8/site-packages/airflow/example_dags/example_branch_operator.py
[2025-10-17T07:47:51.725+0000] {logging_mixin.py:154} INFO - [2025-10-17T07:47:51.725+0000] {dag.py:2941} INFO - Sync 1 DAGs
[2025-10-17T07:47:51.754+0000] {logging_mixin.py:154} INFO - [2025-10-17T07:47:51.754+0000] {dag.py:3722} INFO - Setting next_dagrun for example_branch_operator to 2025-10-16T00:00:00+00:00, run_after=2025-10-17T00:00:00+00:00
[2025-10-17T07:47:51.771+0000] {processor.py:179} INFO - Processing /home/airflow/.local/lib/python3.8/site-packages/airflow/example_dags/example_branch_operator.py took 0.096 seconds
[2025-10-17T07:48:22.225+0000] {processor.py:157} INFO - Started process (PID=296) to work on /home/airflow/.local/lib/python3.8/site-packages/airflow/example_dags/example_branch_operator.py
[2025-10-17T07:48:22.226+0000] {processor.py:829} INFO - Processing file /home/airflow/.local/lib/python3.8/site-packages/airflow/example_dags/example_branch_operator.py for tasks to queue
[2025-10-17T07:48:22.228+0000] {logging_mixin.py:154} INFO - [2025-10-17T07:48:22.227+0000] {dagbag.py:536} INFO - Filling up the DagBag from /home/airflow/.local/lib/python3.8/site-packages/airflow/example_dags/example_branch_operator.py
[2025-10-17T07:48:22.235+0000] {processor.py:839} INFO - DAG(s) dict_keys(['example_branch_operator']) retrieved from /home/airflow/.local/lib/python3.8/site-packages/airflow/example_dags/example_branch_operator.py
[2025-10-17T07:48:22.256+0000] {logging_mixin.py:154} INFO - [2025-10-17T07:48:22.256+0000] {dag.py:2941} INFO - Sync 1 DAGs
[2025-10-17T07:48:22.275+0000] {logging_mixin.py:154} INFO - [2025-10-17T07:48:22.275+0000] {dag.py:3722} INFO - Setting next_dagrun for example_branch_operator to 2025-10-16T00:00:00+00:00, run_after=2025-10-17T00:00:00+00:00
[2025-10-17T07:48:22.291+0000] {processor.py:179} INFO - Processing /home/airflow/.local/lib/python3.8/site-packages/airflow/example_dags/example_branch_operator.py took 0.070 seconds
[2025-10-17T07:48:53.161+0000] {processor.py:157} INFO - Started process (PID=352) to work on /home/airflow/.local/lib/python3.8/site-packages/airflow/example_dags/example_branch_operator.py
[2025-10-17T07:48:53.162+0000] {processor.py:829} INFO - Processing file /home/airflow/.local/lib/python3.8/site-packages/airflow/example_dags/example_branch_operator.py for tasks to queue
[2025-10-17T07:48:53.164+0000] {logging_mixin.py:154} INFO - [2025-10-17T07:48:53.164+0000] {dagbag.py:536} INFO - Filling up the DagBag from /home/airflow/.local/lib/python3.8/site-packages/airflow/example_dags/example_branch_operator.py
[2025-10-17T07:48:53.172+0000] {processor.py:839} INFO - DAG(s) dict_keys(['example_branch_operator']) retrieved from /home/airflow/.local/lib/python3.8/site-packages/airflow/example_dags/example_branch_operator.py
[2025-10-17T07:48:53.194+0000] {logging_mixin.py:154} INFO - [2025-10-17T07:48:53.194+0000] {dag.py:2941} INFO - Sync 1 DAGs
[2025-10-17T07:48:53.214+0000] {logging_mixin.py:154} INFO - [2025-10-17T07:48:53.214+0000] {dag.py:3722} INFO - Setting next_dagrun for example_branch_operator to 2025-10-16T00:00:00+00:00, run_after=2025-10-17T00:00:00+00:00
[2025-10-17T07:48:53.233+0000] {processor.py:179} INFO - Processing /home/airflow/.local/lib/python3.8/site-packages/airflow/example_dags/example_branch_operator.py took 0.076 seconds
[2025-10-17T07:49:23.545+0000] {processor.py:157} INFO - Started process (PID=408) to work on /home/airflow/.local/lib/python3.8/site-packages/airflow/example_dags/example_branch_operator.py
[2025-10-17T07:49:23.547+0000] {processor.py:829} INFO - Processing file /home/airflow/.local/lib/python3.8/site-packages/airflow/example_dags/example_branch_operator.py for tasks to queue
[2025-10-17T07:49:23.549+0000] {logging_mixin.py:154} INFO - [2025-10-17T07:49:23.549+0000] {dagbag.py:536} INFO - Filling up the DagBag from /home/airflow/.local/lib/python3.8/site-packages/airflow/example_dags/example_branch_operator.py
[2025-10-17T07:49:23.557+0000] {processor.py:839} INFO - DAG(s) dict_keys(['example_branch_operator']) retrieved from /home/airflow/.local/lib/python3.8/site-packages/airflow/example_dags/example_branch_operator.py
[2025-10-17T07:49:23.578+0000] {logging_mixin.py:154} INFO - [2025-10-17T07:49:23.577+0000] {dag.py:2941} INFO - Sync 1 DAGs
[2025-10-17T07:49:23.596+0000] {logging_mixin.py:154} INFO - [2025-10-17T07:49:23.596+0000] {dag.py:3722} INFO - Setting next_dagrun for example_branch_operator to 2025-10-16T00:00:00+00:00, run_after=2025-10-17T00:00:00+00:00
[2025-10-17T07:49:23.611+0000] {processor.py:179} INFO - Processing /home/airflow/.local/lib/python3.8/site-packages/airflow/example_dags/example_branch_operator.py took 0.069 seconds
[2025-10-17T07:49:54.016+0000] {processor.py:157} INFO - Started process (PID=462) to work on /home/airflow/.local/lib/python3.8/site-packages/airflow/example_dags/example_branch_operator.py
[2025-10-17T07:49:54.017+0000] {processor.py:829} INFO - Processing file /home/airflow/.local/lib/python3.8/site-packages/airflow/example_dags/example_branch_operator.py for tasks to queue
[2025-10-17T07:49:54.021+0000] {logging_mixin.py:154} INFO - [2025-10-17T07:49:54.021+0000] {dagbag.py:536} INFO - Filling up the DagBag from /home/airflow/.local/lib/python3.8/site-packages/airflow/example_dags/example_branch_operator.py
[2025-10-17T07:49:54.031+0000] {processor.py:839} INFO - DAG(s) dict_keys(['example_branch_operator']) retrieved from /home/airflow/.local/lib/python3.8/site-packages/airflow/example_dags/example_branch_operator.py
[2025-10-17T07:49:54.058+0000] {logging_mixin.py:154} INFO - [2025-10-17T07:49:54.058+0000] {dag.py:2941} INFO - Sync 1 DAGs
[2025-10-17T07:49:54.081+0000] {logging_mixin.py:154} INFO - [2025-10-17T07:49:54.080+0000] {dag.py:3722} INFO - Setting next_dagrun for example_branch_operator to 2025-10-16T00:00:00+00:00, run_after=2025-10-17T00:00:00+00:00
[2025-10-17T07:49:54.100+0000] {processor.py:179} INFO - Processing /home/airflow/.local/lib/python3.8/site-packages/airflow/example_dags/example_branch_operator.py took 0.089 seconds
[2025-10-17T07:50:25.390+0000] {processor.py:157} INFO - Started process (PID=520) to work on /home/airflow/.local/lib/python3.8/site-packages/airflow/example_dags/example_branch_operator.py
[2025-10-17T07:50:25.392+0000] {processor.py:829} INFO - Processing file /home/airflow/.local/lib/python3.8/site-packages/airflow/example_dags/example_branch_operator.py for tasks to queue
[2025-10-17T07:50:25.394+0000] {logging_mixin.py:154} INFO - [2025-10-17T07:50:25.394+0000] {dagbag.py:536} INFO - Filling up the DagBag from /home/airflow/.local/lib/python3.8/site-packages/airflow/example_dags/example_branch_operator.py
[2025-10-17T07:50:25.402+0000] {processor.py:839} INFO - DAG(s) dict_keys(['example_branch_operator']) retrieved from /home/airflow/.local/lib/python3.8/site-packages/airflow/example_dags/example_branch_operator.py
[2025-10-17T07:50:25.425+0000] {logging_mixin.py:154} INFO - [2025-10-17T07:50:25.425+0000] {dag.py:2941} INFO - Sync 1 DAGs
[2025-10-17T07:50:25.448+0000] {logging_mixin.py:154} INFO - [2025-10-17T07:50:25.447+0000] {dag.py:3722} INFO - Setting next_dagrun for example_branch_operator to 2025-10-16T00:00:00+00:00, run_after=2025-10-17T00:00:00+00:00
[2025-10-17T07:50:25.466+0000] {processor.py:179} INFO - Processing /home/airflow/.local/lib/python3.8/site-packages/airflow/example_dags/example_branch_operator.py took 0.079 seconds
[2025-10-17T07:50:56.465+0000] {processor.py:157} INFO - Started process (PID=576) to work on /home/airflow/.local/lib/python3.8/site-packages/airflow/example_dags/example_branch_operator.py
[2025-10-17T07:50:56.466+0000] {processor.py:829} INFO - Processing file /home/airflow/.local/lib/python3.8/site-packages/airflow/example_dags/example_branch_operator.py for tasks to queue
[2025-10-17T07:50:56.468+0000] {logging_mixin.py:154} INFO - [2025-10-17T07:50:56.468+0000] {dagbag.py:536} INFO - Filling up the DagBag from /home/airflow/.local/lib/python3.8/site-packages/airflow/example_dags/example_branch_operator.py
[2025-10-17T07:50:56.476+0000] {processor.py:839} INFO - DAG(s) dict_keys(['example_branch_operator']) retrieved from /home/airflow/.local/lib/python3.8/site-packages/airflow/example_dags/example_branch_operator.py
[2025-10-17T07:50:56.498+0000] {logging_mixin.py:154} INFO - [2025-10-17T07:50:56.498+0000] {dag.py:2941} INFO - Sync 1 DAGs
[2025-10-17T07:50:56.522+0000] {logging_mixin.py:154} INFO - [2025-10-17T07:50:56.522+0000] {dag.py:3722} INFO - Setting next_dagrun for example_branch_operator to 2025-10-16T00:00:00+00:00, run_after=2025-10-17T00:00:00+00:00
[2025-10-17T07:50:56.541+0000] {processor.py:179} INFO - Processing /home/airflow/.local/lib/python3.8/site-packages/airflow/example_dags/example_branch_operator.py took 0.079 seconds
[2025-10-17T07:51:26.567+0000] {processor.py:157} INFO - Started process (PID=630) to work on /home/airflow/.local/lib/python3.8/site-packages/airflow/example_dags/example_branch_operator.py
[2025-10-17T07:51:26.568+0000] {processor.py:829} INFO - Processing file /home/airflow/.local/lib/python3.8/site-packages/airflow/example_dags/example_branch_operator.py for tasks to queue
[2025-10-17T07:51:26.571+0000] {logging_mixin.py:154} INFO - [2025-10-17T07:51:26.570+0000] {dagbag.py:536} INFO - Filling up the DagBag from /home/airflow/.local/lib/python3.8/site-packages/airflow/example_dags/example_branch_operator.py
[2025-10-17T07:51:26.579+0000] {processor.py:839} INFO - DAG(s) dict_keys(['example_branch_operator']) retrieved from /home/airflow/.local/lib/python3.8/site-packages/airflow/example_dags/example_branch_operator.py
[2025-10-17T07:51:26.601+0000] {logging_mixin.py:154} INFO - [2025-10-17T07:51:26.601+0000] {dag.py:2941} INFO - Sync 1 DAGs
[2025-10-17T07:51:26.622+0000] {logging_mixin.py:154} INFO - [2025-10-17T07:51:26.622+0000] {dag.py:3722} INFO - Setting next_dagrun for example_branch_operator to 2025-10-16T00:00:00+00:00, run_after=2025-10-17T00:00:00+00:00
[2025-10-17T07:51:26.641+0000] {processor.py:179} INFO - Processing /home/airflow/.local/lib/python3.8/site-packages/airflow/example_dags/example_branch_operator.py took 0.077 seconds
[2025-10-17T07:51:57.590+0000] {processor.py:157} INFO - Started process (PID=688) to work on /home/airflow/.local/lib/python3.8/site-packages/airflow/example_dags/example_branch_operator.py
[2025-10-17T07:51:57.591+0000] {processor.py:829} INFO - Processing file /home/airflow/.local/lib/python3.8/site-packages/airflow/example_dags/example_branch_operator.py for tasks to queue
[2025-10-17T07:51:57.593+0000] {logging_mixin.py:154} INFO - [2025-10-17T07:51:57.593+0000] {dagbag.py:536} INFO - Filling up the DagBag from /home/airflow/.local/lib/python3.8/site-packages/airflow/example_dags/example_branch_operator.py
[2025-10-17T07:51:57.601+0000] {processor.py:839} INFO - DAG(s) dict_keys(['example_branch_operator']) retrieved from /home/airflow/.local/lib/python3.8/site-packages/airflow/example_dags/example_branch_operator.py
[2025-10-17T07:51:57.622+0000] {logging_mixin.py:154} INFO - [2025-10-17T07:51:57.622+0000] {dag.py:2941} INFO - Sync 1 DAGs
[2025-10-17T07:51:57.642+0000] {logging_mixin.py:154} INFO - [2025-10-17T07:51:57.642+0000] {dag.py:3722} INFO - Setting next_dagrun for example_branch_operator to 2025-10-16T00:00:00+00:00, run_after=2025-10-17T00:00:00+00:00
[2025-10-17T07:51:57.658+0000] {processor.py:179} INFO - Processing /home/airflow/.local/lib/python3.8/site-packages/airflow/example_dags/example_branch_operator.py took 0.071 seconds
[2025-10-17T08:08:51.964+0000] {processor.py:157} INFO - Started process (PID=65) to work on /home/airflow/.local/lib/python3.8/site-packages/airflow/example_dags/example_branch_operator.py
[2025-10-17T08:08:51.965+0000] {processor.py:829} INFO - Processing file /home/airflow/.local/lib/python3.8/site-packages/airflow/example_dags/example_branch_operator.py for tasks to queue
[2025-10-17T08:08:51.968+0000] {logging_mixin.py:154} INFO - [2025-10-17T08:08:51.968+0000] {dagbag.py:536} INFO - Filling up the DagBag from /home/airflow/.local/lib/python3.8/site-packages/airflow/example_dags/example_branch_operator.py
[2025-10-17T08:08:51.984+0000] {processor.py:839} INFO - DAG(s) dict_keys(['example_branch_operator']) retrieved from /home/airflow/.local/lib/python3.8/site-packages/airflow/example_dags/example_branch_operator.py
[2025-10-17T08:08:52.144+0000] {logging_mixin.py:154} INFO - [2025-10-17T08:08:52.144+0000] {manager.py:499} INFO - Created Permission View: %s
[2025-10-17T08:08:52.160+0000] {logging_mixin.py:154} INFO - [2025-10-17T08:08:52.160+0000] {manager.py:499} INFO - Created Permission View: %s
[2025-10-17T08:08:52.175+0000] {logging_mixin.py:154} INFO - [2025-10-17T08:08:52.174+0000] {manager.py:499} INFO - Created Permission View: %s
[2025-10-17T08:08:52.175+0000] {logging_mixin.py:154} INFO - [2025-10-17T08:08:52.175+0000] {dag.py:2941} INFO - Sync 1 DAGs
[2025-10-17T08:08:52.201+0000] {logging_mixin.py:154} INFO - [2025-10-17T08:08:52.200+0000] {dag.py:2963} INFO - Creating ORM DAG for example_branch_operator
[2025-10-17T08:08:52.246+0000] {logging_mixin.py:154} INFO - [2025-10-17T08:08:52.246+0000] {dag.py:3722} INFO - Setting next_dagrun for example_branch_operator to 2025-10-16T00:00:00+00:00, run_after=2025-10-17T00:00:00+00:00
[2025-10-17T08:08:52.296+0000] {processor.py:179} INFO - Processing /home/airflow/.local/lib/python3.8/site-packages/airflow/example_dags/example_branch_operator.py took 0.337 seconds
[2025-10-17T08:09:23.271+0000] {processor.py:157} INFO - Started process (PID=129) to work on /home/airflow/.local/lib/python3.8/site-packages/airflow/example_dags/example_branch_operator.py
[2025-10-17T08:09:23.272+0000] {processor.py:829} INFO - Processing file /home/airflow/.local/lib/python3.8/site-packages/airflow/example_dags/example_branch_operator.py for tasks to queue
[2025-10-17T08:09:23.274+0000] {logging_mixin.py:154} INFO - [2025-10-17T08:09:23.274+0000] {dagbag.py:536} INFO - Filling up the DagBag from /home/airflow/.local/lib/python3.8/site-packages/airflow/example_dags/example_branch_operator.py
[2025-10-17T08:09:23.286+0000] {processor.py:839} INFO - DAG(s) dict_keys(['example_branch_operator']) retrieved from /home/airflow/.local/lib/python3.8/site-packages/airflow/example_dags/example_branch_operator.py
[2025-10-17T08:09:23.309+0000] {logging_mixin.py:154} INFO - [2025-10-17T08:09:23.308+0000] {dag.py:2941} INFO - Sync 1 DAGs
[2025-10-17T08:09:23.328+0000] {logging_mixin.py:154} INFO - [2025-10-17T08:09:23.328+0000] {dag.py:3722} INFO - Setting next_dagrun for example_branch_operator to 2025-10-16T00:00:00+00:00, run_after=2025-10-17T00:00:00+00:00
[2025-10-17T08:09:23.345+0000] {processor.py:179} INFO - Processing /home/airflow/.local/lib/python3.8/site-packages/airflow/example_dags/example_branch_operator.py took 0.078 seconds
[2025-10-17T08:09:54.167+0000] {processor.py:157} INFO - Started process (PID=185) to work on /home/airflow/.local/lib/python3.8/site-packages/airflow/example_dags/example_branch_operator.py
[2025-10-17T08:09:54.168+0000] {processor.py:829} INFO - Processing file /home/airflow/.local/lib/python3.8/site-packages/airflow/example_dags/example_branch_operator.py for tasks to queue
[2025-10-17T08:09:54.172+0000] {logging_mixin.py:154} INFO - [2025-10-17T08:09:54.171+0000] {dagbag.py:536} INFO - Filling up the DagBag from /home/airflow/.local/lib/python3.8/site-packages/airflow/example_dags/example_branch_operator.py
[2025-10-17T08:09:54.183+0000] {processor.py:839} INFO - DAG(s) dict_keys(['example_branch_operator']) retrieved from /home/airflow/.local/lib/python3.8/site-packages/airflow/example_dags/example_branch_operator.py
[2025-10-17T08:09:54.217+0000] {logging_mixin.py:154} INFO - [2025-10-17T08:09:54.216+0000] {dag.py:2941} INFO - Sync 1 DAGs
[2025-10-17T08:09:54.251+0000] {logging_mixin.py:154} INFO - [2025-10-17T08:09:54.250+0000] {dag.py:3722} INFO - Setting next_dagrun for example_branch_operator to 2025-10-16T00:00:00+00:00, run_after=2025-10-17T00:00:00+00:00
[2025-10-17T08:09:54.283+0000] {processor.py:179} INFO - Processing /home/airflow/.local/lib/python3.8/site-packages/airflow/example_dags/example_branch_operator.py took 0.121 seconds
[2025-10-17T08:10:24.342+0000] {processor.py:157} INFO - Started process (PID=241) to work on /home/airflow/.local/lib/python3.8/site-packages/airflow/example_dags/example_branch_operator.py
[2025-10-17T08:10:24.343+0000] {processor.py:829} INFO - Processing file /home/airflow/.local/lib/python3.8/site-packages/airflow/example_dags/example_branch_operator.py for tasks to queue
[2025-10-17T08:10:24.345+0000] {logging_mixin.py:154} INFO - [2025-10-17T08:10:24.345+0000] {dagbag.py:536} INFO - Filling up the DagBag from /home/airflow/.local/lib/python3.8/site-packages/airflow/example_dags/example_branch_operator.py
[2025-10-17T08:10:24.354+0000] {processor.py:839} INFO - DAG(s) dict_keys(['example_branch_operator']) retrieved from /home/airflow/.local/lib/python3.8/site-packages/airflow/example_dags/example_branch_operator.py
[2025-10-17T08:10:24.379+0000] {logging_mixin.py:154} INFO - [2025-10-17T08:10:24.379+0000] {dag.py:2941} INFO - Sync 1 DAGs
[2025-10-17T08:10:24.402+0000] {logging_mixin.py:154} INFO - [2025-10-17T08:10:24.402+0000] {dag.py:3722} INFO - Setting next_dagrun for example_branch_operator to 2025-10-16T00:00:00+00:00, run_after=2025-10-17T00:00:00+00:00
[2025-10-17T08:10:24.420+0000] {processor.py:179} INFO - Processing /home/airflow/.local/lib/python3.8/site-packages/airflow/example_dags/example_branch_operator.py took 0.082 seconds
[2025-10-17T08:10:55.089+0000] {processor.py:157} INFO - Started process (PID=297) to work on /home/airflow/.local/lib/python3.8/site-packages/airflow/example_dags/example_branch_operator.py
[2025-10-17T08:10:55.090+0000] {processor.py:829} INFO - Processing file /home/airflow/.local/lib/python3.8/site-packages/airflow/example_dags/example_branch_operator.py for tasks to queue
[2025-10-17T08:10:55.093+0000] {logging_mixin.py:154} INFO - [2025-10-17T08:10:55.092+0000] {dagbag.py:536} INFO - Filling up the DagBag from /home/airflow/.local/lib/python3.8/site-packages/airflow/example_dags/example_branch_operator.py
[2025-10-17T08:10:55.102+0000] {processor.py:839} INFO - DAG(s) dict_keys(['example_branch_operator']) retrieved from /home/airflow/.local/lib/python3.8/site-packages/airflow/example_dags/example_branch_operator.py
[2025-10-17T08:10:55.124+0000] {logging_mixin.py:154} INFO - [2025-10-17T08:10:55.124+0000] {dag.py:2941} INFO - Sync 1 DAGs
[2025-10-17T08:10:55.147+0000] {logging_mixin.py:154} INFO - [2025-10-17T08:10:55.147+0000] {dag.py:3722} INFO - Setting next_dagrun for example_branch_operator to 2025-10-16T00:00:00+00:00, run_after=2025-10-17T00:00:00+00:00
[2025-10-17T08:10:55.166+0000] {processor.py:179} INFO - Processing /home/airflow/.local/lib/python3.8/site-packages/airflow/example_dags/example_branch_operator.py took 0.082 seconds
[2025-10-17T08:11:26.046+0000] {processor.py:157} INFO - Started process (PID=353) to work on /home/airflow/.local/lib/python3.8/site-packages/airflow/example_dags/example_branch_operator.py
[2025-10-17T08:11:26.047+0000] {processor.py:829} INFO - Processing file /home/airflow/.local/lib/python3.8/site-packages/airflow/example_dags/example_branch_operator.py for tasks to queue
[2025-10-17T08:11:26.051+0000] {logging_mixin.py:154} INFO - [2025-10-17T08:11:26.051+0000] {dagbag.py:536} INFO - Filling up the DagBag from /home/airflow/.local/lib/python3.8/site-packages/airflow/example_dags/example_branch_operator.py
[2025-10-17T08:11:26.061+0000] {processor.py:839} INFO - DAG(s) dict_keys(['example_branch_operator']) retrieved from /home/airflow/.local/lib/python3.8/site-packages/airflow/example_dags/example_branch_operator.py
[2025-10-17T08:11:26.087+0000] {logging_mixin.py:154} INFO - [2025-10-17T08:11:26.087+0000] {dag.py:2941} INFO - Sync 1 DAGs
[2025-10-17T08:11:26.122+0000] {logging_mixin.py:154} INFO - [2025-10-17T08:11:26.122+0000] {dag.py:3722} INFO - Setting next_dagrun for example_branch_operator to 2025-10-16T00:00:00+00:00, run_after=2025-10-17T00:00:00+00:00
[2025-10-17T08:11:26.143+0000] {processor.py:179} INFO - Processing /home/airflow/.local/lib/python3.8/site-packages/airflow/example_dags/example_branch_operator.py took 0.103 seconds
[2025-10-17T08:12:34.446+0000] {processor.py:157} INFO - Started process (PID=74) to work on /home/airflow/.local/lib/python3.8/site-packages/airflow/example_dags/example_branch_operator.py
[2025-10-17T08:12:34.448+0000] {processor.py:829} INFO - Processing file /home/airflow/.local/lib/python3.8/site-packages/airflow/example_dags/example_branch_operator.py for tasks to queue
[2025-10-17T08:12:34.452+0000] {logging_mixin.py:154} INFO - [2025-10-17T08:12:34.451+0000] {dagbag.py:536} INFO - Filling up the DagBag from /home/airflow/.local/lib/python3.8/site-packages/airflow/example_dags/example_branch_operator.py
[2025-10-17T08:12:34.480+0000] {processor.py:839} INFO - DAG(s) dict_keys(['example_branch_operator']) retrieved from /home/airflow/.local/lib/python3.8/site-packages/airflow/example_dags/example_branch_operator.py
[2025-10-17T08:12:34.683+0000] {logging_mixin.py:154} INFO - [2025-10-17T08:12:34.683+0000] {manager.py:499} INFO - Created Permission View: %s
[2025-10-17T08:12:34.697+0000] {logging_mixin.py:154} INFO - [2025-10-17T08:12:34.697+0000] {manager.py:499} INFO - Created Permission View: %s
[2025-10-17T08:12:34.705+0000] {logging_mixin.py:154} INFO - [2025-10-17T08:12:34.705+0000] {manager.py:499} INFO - Created Permission View: %s
[2025-10-17T08:12:34.706+0000] {logging_mixin.py:154} INFO - [2025-10-17T08:12:34.706+0000] {dag.py:2941} INFO - Sync 1 DAGs
[2025-10-17T08:12:34.719+0000] {logging_mixin.py:154} INFO - [2025-10-17T08:12:34.719+0000] {dag.py:2963} INFO - Creating ORM DAG for example_branch_operator
[2025-10-17T08:12:34.731+0000] {logging_mixin.py:154} INFO - [2025-10-17T08:12:34.730+0000] {dag.py:3722} INFO - Setting next_dagrun for example_branch_operator to 2025-10-16T00:00:00+00:00, run_after=2025-10-17T00:00:00+00:00
[2025-10-17T08:12:34.750+0000] {processor.py:179} INFO - Processing /home/airflow/.local/lib/python3.8/site-packages/airflow/example_dags/example_branch_operator.py took 0.320 seconds
[2025-10-17T08:13:05.514+0000] {processor.py:157} INFO - Started process (PID=130) to work on /home/airflow/.local/lib/python3.8/site-packages/airflow/example_dags/example_branch_operator.py
[2025-10-17T08:13:05.515+0000] {processor.py:829} INFO - Processing file /home/airflow/.local/lib/python3.8/site-packages/airflow/example_dags/example_branch_operator.py for tasks to queue
[2025-10-17T08:13:05.517+0000] {logging_mixin.py:154} INFO - [2025-10-17T08:13:05.517+0000] {dagbag.py:536} INFO - Filling up the DagBag from /home/airflow/.local/lib/python3.8/site-packages/airflow/example_dags/example_branch_operator.py
[2025-10-17T08:13:05.525+0000] {processor.py:839} INFO - DAG(s) dict_keys(['example_branch_operator']) retrieved from /home/airflow/.local/lib/python3.8/site-packages/airflow/example_dags/example_branch_operator.py
[2025-10-17T08:13:05.547+0000] {logging_mixin.py:154} INFO - [2025-10-17T08:13:05.547+0000] {dag.py:2941} INFO - Sync 1 DAGs
[2025-10-17T08:13:05.572+0000] {logging_mixin.py:154} INFO - [2025-10-17T08:13:05.572+0000] {dag.py:3722} INFO - Setting next_dagrun for example_branch_operator to 2025-10-16T00:00:00+00:00, run_after=2025-10-17T00:00:00+00:00
[2025-10-17T08:13:05.592+0000] {processor.py:179} INFO - Processing /home/airflow/.local/lib/python3.8/site-packages/airflow/example_dags/example_branch_operator.py took 0.082 seconds
[2025-10-17T08:13:36.090+0000] {processor.py:157} INFO - Started process (PID=186) to work on /home/airflow/.local/lib/python3.8/site-packages/airflow/example_dags/example_branch_operator.py
[2025-10-17T08:13:36.091+0000] {processor.py:829} INFO - Processing file /home/airflow/.local/lib/python3.8/site-packages/airflow/example_dags/example_branch_operator.py for tasks to queue
[2025-10-17T08:13:36.092+0000] {logging_mixin.py:154} INFO - [2025-10-17T08:13:36.092+0000] {dagbag.py:536} INFO - Filling up the DagBag from /home/airflow/.local/lib/python3.8/site-packages/airflow/example_dags/example_branch_operator.py
[2025-10-17T08:13:36.101+0000] {processor.py:839} INFO - DAG(s) dict_keys(['example_branch_operator']) retrieved from /home/airflow/.local/lib/python3.8/site-packages/airflow/example_dags/example_branch_operator.py
[2025-10-17T08:13:36.123+0000] {logging_mixin.py:154} INFO - [2025-10-17T08:13:36.122+0000] {dag.py:2941} INFO - Sync 1 DAGs
[2025-10-17T08:13:36.141+0000] {logging_mixin.py:154} INFO - [2025-10-17T08:13:36.141+0000] {dag.py:3722} INFO - Setting next_dagrun for example_branch_operator to 2025-10-16T00:00:00+00:00, run_after=2025-10-17T00:00:00+00:00
[2025-10-17T08:13:36.156+0000] {processor.py:179} INFO - Processing /home/airflow/.local/lib/python3.8/site-packages/airflow/example_dags/example_branch_operator.py took 0.069 seconds
