[2025-10-17T07:19:45.905+0000] {processor.py:157} INFO - Started process (PID=572) to work on /home/airflow/.local/lib/python3.8/site-packages/airflow/example_dags/example_local_kubernetes_executor.py
[2025-10-17T07:19:45.906+0000] {processor.py:829} INFO - Processing file /home/airflow/.local/lib/python3.8/site-packages/airflow/example_dags/example_local_kubernetes_executor.py for tasks to queue
[2025-10-17T07:19:45.910+0000] {logging_mixin.py:154} INFO - [2025-10-17T07:19:45.910+0000] {dagbag.py:536} INFO - Filling up the DagBag from /home/airflow/.local/lib/python3.8/site-packages/airflow/example_dags/example_local_kubernetes_executor.py
[2025-10-17T07:19:45.926+0000] {processor.py:839} INFO - DAG(s) dict_keys(['example_local_kubernetes_executor']) retrieved from /home/airflow/.local/lib/python3.8/site-packages/airflow/example_dags/example_local_kubernetes_executor.py
[2025-10-17T07:19:46.003+0000] {logging_mixin.py:154} INFO - [2025-10-17T07:19:46.002+0000] {dag.py:2941} INFO - Sync 1 DAGs
[2025-10-17T07:19:46.038+0000] {logging_mixin.py:154} INFO - [2025-10-17T07:19:46.038+0000] {dag.py:3722} INFO - Setting next_dagrun for example_local_kubernetes_executor to None, run_after=None
[2025-10-17T07:19:46.089+0000] {processor.py:179} INFO - Processing /home/airflow/.local/lib/python3.8/site-packages/airflow/example_dags/example_local_kubernetes_executor.py took 0.196 seconds
[2025-10-17T07:20:16.331+0000] {processor.py:157} INFO - Started process (PID=628) to work on /home/airflow/.local/lib/python3.8/site-packages/airflow/example_dags/example_local_kubernetes_executor.py
[2025-10-17T07:20:16.332+0000] {processor.py:829} INFO - Processing file /home/airflow/.local/lib/python3.8/site-packages/airflow/example_dags/example_local_kubernetes_executor.py for tasks to queue
[2025-10-17T07:20:16.335+0000] {logging_mixin.py:154} INFO - [2025-10-17T07:20:16.335+0000] {dagbag.py:536} INFO - Filling up the DagBag from /home/airflow/.local/lib/python3.8/site-packages/airflow/example_dags/example_local_kubernetes_executor.py
[2025-10-17T07:20:16.344+0000] {processor.py:839} INFO - DAG(s) dict_keys(['example_local_kubernetes_executor']) retrieved from /home/airflow/.local/lib/python3.8/site-packages/airflow/example_dags/example_local_kubernetes_executor.py
[2025-10-17T07:20:16.391+0000] {logging_mixin.py:154} INFO - [2025-10-17T07:20:16.391+0000] {dag.py:2941} INFO - Sync 1 DAGs
[2025-10-17T07:20:16.409+0000] {logging_mixin.py:154} INFO - [2025-10-17T07:20:16.408+0000] {dag.py:3722} INFO - Setting next_dagrun for example_local_kubernetes_executor to None, run_after=None
[2025-10-17T07:20:16.431+0000] {processor.py:179} INFO - Processing /home/airflow/.local/lib/python3.8/site-packages/airflow/example_dags/example_local_kubernetes_executor.py took 0.104 seconds
[2025-10-17T07:20:47.007+0000] {processor.py:157} INFO - Started process (PID=684) to work on /home/airflow/.local/lib/python3.8/site-packages/airflow/example_dags/example_local_kubernetes_executor.py
[2025-10-17T07:20:47.008+0000] {processor.py:829} INFO - Processing file /home/airflow/.local/lib/python3.8/site-packages/airflow/example_dags/example_local_kubernetes_executor.py for tasks to queue
[2025-10-17T07:20:47.013+0000] {logging_mixin.py:154} INFO - [2025-10-17T07:20:47.012+0000] {dagbag.py:536} INFO - Filling up the DagBag from /home/airflow/.local/lib/python3.8/site-packages/airflow/example_dags/example_local_kubernetes_executor.py
[2025-10-17T07:20:47.024+0000] {processor.py:839} INFO - DAG(s) dict_keys(['example_local_kubernetes_executor']) retrieved from /home/airflow/.local/lib/python3.8/site-packages/airflow/example_dags/example_local_kubernetes_executor.py
[2025-10-17T07:20:47.121+0000] {logging_mixin.py:154} INFO - [2025-10-17T07:20:47.120+0000] {dag.py:2941} INFO - Sync 1 DAGs
[2025-10-17T07:20:47.180+0000] {logging_mixin.py:154} INFO - [2025-10-17T07:20:47.180+0000] {dag.py:3722} INFO - Setting next_dagrun for example_local_kubernetes_executor to None, run_after=None
[2025-10-17T07:20:47.223+0000] {processor.py:179} INFO - Processing /home/airflow/.local/lib/python3.8/site-packages/airflow/example_dags/example_local_kubernetes_executor.py took 0.220 seconds
[2025-10-17T07:21:17.764+0000] {processor.py:157} INFO - Started process (PID=740) to work on /home/airflow/.local/lib/python3.8/site-packages/airflow/example_dags/example_local_kubernetes_executor.py
[2025-10-17T07:21:17.765+0000] {processor.py:829} INFO - Processing file /home/airflow/.local/lib/python3.8/site-packages/airflow/example_dags/example_local_kubernetes_executor.py for tasks to queue
[2025-10-17T07:21:17.768+0000] {logging_mixin.py:154} INFO - [2025-10-17T07:21:17.768+0000] {dagbag.py:536} INFO - Filling up the DagBag from /home/airflow/.local/lib/python3.8/site-packages/airflow/example_dags/example_local_kubernetes_executor.py
[2025-10-17T07:21:17.777+0000] {processor.py:839} INFO - DAG(s) dict_keys(['example_local_kubernetes_executor']) retrieved from /home/airflow/.local/lib/python3.8/site-packages/airflow/example_dags/example_local_kubernetes_executor.py
[2025-10-17T07:21:17.822+0000] {logging_mixin.py:154} INFO - [2025-10-17T07:21:17.822+0000] {dag.py:2941} INFO - Sync 1 DAGs
[2025-10-17T07:21:17.837+0000] {logging_mixin.py:154} INFO - [2025-10-17T07:21:17.837+0000] {dag.py:3722} INFO - Setting next_dagrun for example_local_kubernetes_executor to None, run_after=None
[2025-10-17T07:21:17.864+0000] {processor.py:179} INFO - Processing /home/airflow/.local/lib/python3.8/site-packages/airflow/example_dags/example_local_kubernetes_executor.py took 0.103 seconds
[2025-10-17T07:21:48.209+0000] {processor.py:157} INFO - Started process (PID=796) to work on /home/airflow/.local/lib/python3.8/site-packages/airflow/example_dags/example_local_kubernetes_executor.py
[2025-10-17T07:21:48.210+0000] {processor.py:829} INFO - Processing file /home/airflow/.local/lib/python3.8/site-packages/airflow/example_dags/example_local_kubernetes_executor.py for tasks to queue
[2025-10-17T07:21:48.213+0000] {logging_mixin.py:154} INFO - [2025-10-17T07:21:48.212+0000] {dagbag.py:536} INFO - Filling up the DagBag from /home/airflow/.local/lib/python3.8/site-packages/airflow/example_dags/example_local_kubernetes_executor.py
[2025-10-17T07:21:48.220+0000] {processor.py:839} INFO - DAG(s) dict_keys(['example_local_kubernetes_executor']) retrieved from /home/airflow/.local/lib/python3.8/site-packages/airflow/example_dags/example_local_kubernetes_executor.py
[2025-10-17T07:21:48.250+0000] {logging_mixin.py:154} INFO - [2025-10-17T07:21:48.250+0000] {dag.py:2941} INFO - Sync 1 DAGs
[2025-10-17T07:21:48.261+0000] {logging_mixin.py:154} INFO - [2025-10-17T07:21:48.261+0000] {dag.py:3722} INFO - Setting next_dagrun for example_local_kubernetes_executor to None, run_after=None
[2025-10-17T07:21:48.280+0000] {processor.py:179} INFO - Processing /home/airflow/.local/lib/python3.8/site-packages/airflow/example_dags/example_local_kubernetes_executor.py took 0.074 seconds
[2025-10-17T07:22:19.304+0000] {processor.py:157} INFO - Started process (PID=852) to work on /home/airflow/.local/lib/python3.8/site-packages/airflow/example_dags/example_local_kubernetes_executor.py
[2025-10-17T07:22:19.305+0000] {processor.py:829} INFO - Processing file /home/airflow/.local/lib/python3.8/site-packages/airflow/example_dags/example_local_kubernetes_executor.py for tasks to queue
[2025-10-17T07:22:19.307+0000] {logging_mixin.py:154} INFO - [2025-10-17T07:22:19.307+0000] {dagbag.py:536} INFO - Filling up the DagBag from /home/airflow/.local/lib/python3.8/site-packages/airflow/example_dags/example_local_kubernetes_executor.py
[2025-10-17T07:22:19.315+0000] {processor.py:839} INFO - DAG(s) dict_keys(['example_local_kubernetes_executor']) retrieved from /home/airflow/.local/lib/python3.8/site-packages/airflow/example_dags/example_local_kubernetes_executor.py
[2025-10-17T07:22:19.345+0000] {logging_mixin.py:154} INFO - [2025-10-17T07:22:19.345+0000] {dag.py:2941} INFO - Sync 1 DAGs
[2025-10-17T07:22:19.357+0000] {logging_mixin.py:154} INFO - [2025-10-17T07:22:19.356+0000] {dag.py:3722} INFO - Setting next_dagrun for example_local_kubernetes_executor to None, run_after=None
[2025-10-17T07:22:19.377+0000] {processor.py:179} INFO - Processing /home/airflow/.local/lib/python3.8/site-packages/airflow/example_dags/example_local_kubernetes_executor.py took 0.076 seconds
[2025-10-17T07:22:50.400+0000] {processor.py:157} INFO - Started process (PID=908) to work on /home/airflow/.local/lib/python3.8/site-packages/airflow/example_dags/example_local_kubernetes_executor.py
[2025-10-17T07:22:50.401+0000] {processor.py:829} INFO - Processing file /home/airflow/.local/lib/python3.8/site-packages/airflow/example_dags/example_local_kubernetes_executor.py for tasks to queue
[2025-10-17T07:22:50.404+0000] {logging_mixin.py:154} INFO - [2025-10-17T07:22:50.403+0000] {dagbag.py:536} INFO - Filling up the DagBag from /home/airflow/.local/lib/python3.8/site-packages/airflow/example_dags/example_local_kubernetes_executor.py
[2025-10-17T07:22:50.413+0000] {processor.py:839} INFO - DAG(s) dict_keys(['example_local_kubernetes_executor']) retrieved from /home/airflow/.local/lib/python3.8/site-packages/airflow/example_dags/example_local_kubernetes_executor.py
[2025-10-17T07:22:50.448+0000] {logging_mixin.py:154} INFO - [2025-10-17T07:22:50.448+0000] {dag.py:2941} INFO - Sync 1 DAGs
[2025-10-17T07:22:50.463+0000] {logging_mixin.py:154} INFO - [2025-10-17T07:22:50.462+0000] {dag.py:3722} INFO - Setting next_dagrun for example_local_kubernetes_executor to None, run_after=None
[2025-10-17T07:22:50.485+0000] {processor.py:179} INFO - Processing /home/airflow/.local/lib/python3.8/site-packages/airflow/example_dags/example_local_kubernetes_executor.py took 0.090 seconds
[2025-10-17T07:23:20.969+0000] {processor.py:157} INFO - Started process (PID=964) to work on /home/airflow/.local/lib/python3.8/site-packages/airflow/example_dags/example_local_kubernetes_executor.py
[2025-10-17T07:23:20.970+0000] {processor.py:829} INFO - Processing file /home/airflow/.local/lib/python3.8/site-packages/airflow/example_dags/example_local_kubernetes_executor.py for tasks to queue
[2025-10-17T07:23:20.972+0000] {logging_mixin.py:154} INFO - [2025-10-17T07:23:20.972+0000] {dagbag.py:536} INFO - Filling up the DagBag from /home/airflow/.local/lib/python3.8/site-packages/airflow/example_dags/example_local_kubernetes_executor.py
[2025-10-17T07:23:20.980+0000] {processor.py:839} INFO - DAG(s) dict_keys(['example_local_kubernetes_executor']) retrieved from /home/airflow/.local/lib/python3.8/site-packages/airflow/example_dags/example_local_kubernetes_executor.py
[2025-10-17T07:23:21.012+0000] {logging_mixin.py:154} INFO - [2025-10-17T07:23:21.012+0000] {dag.py:2941} INFO - Sync 1 DAGs
[2025-10-17T07:23:21.026+0000] {logging_mixin.py:154} INFO - [2025-10-17T07:23:21.026+0000] {dag.py:3722} INFO - Setting next_dagrun for example_local_kubernetes_executor to None, run_after=None
[2025-10-17T07:23:21.048+0000] {processor.py:179} INFO - Processing /home/airflow/.local/lib/python3.8/site-packages/airflow/example_dags/example_local_kubernetes_executor.py took 0.082 seconds
[2025-10-17T07:23:52.213+0000] {processor.py:157} INFO - Started process (PID=1020) to work on /home/airflow/.local/lib/python3.8/site-packages/airflow/example_dags/example_local_kubernetes_executor.py
[2025-10-17T07:23:52.214+0000] {processor.py:829} INFO - Processing file /home/airflow/.local/lib/python3.8/site-packages/airflow/example_dags/example_local_kubernetes_executor.py for tasks to queue
[2025-10-17T07:23:52.217+0000] {logging_mixin.py:154} INFO - [2025-10-17T07:23:52.217+0000] {dagbag.py:536} INFO - Filling up the DagBag from /home/airflow/.local/lib/python3.8/site-packages/airflow/example_dags/example_local_kubernetes_executor.py
[2025-10-17T07:23:52.225+0000] {processor.py:839} INFO - DAG(s) dict_keys(['example_local_kubernetes_executor']) retrieved from /home/airflow/.local/lib/python3.8/site-packages/airflow/example_dags/example_local_kubernetes_executor.py
[2025-10-17T07:23:52.257+0000] {logging_mixin.py:154} INFO - [2025-10-17T07:23:52.256+0000] {dag.py:2941} INFO - Sync 1 DAGs
[2025-10-17T07:23:52.268+0000] {logging_mixin.py:154} INFO - [2025-10-17T07:23:52.268+0000] {dag.py:3722} INFO - Setting next_dagrun for example_local_kubernetes_executor to None, run_after=None
[2025-10-17T07:23:52.287+0000] {processor.py:179} INFO - Processing /home/airflow/.local/lib/python3.8/site-packages/airflow/example_dags/example_local_kubernetes_executor.py took 0.077 seconds
[2025-10-17T07:24:23.424+0000] {processor.py:157} INFO - Started process (PID=1076) to work on /home/airflow/.local/lib/python3.8/site-packages/airflow/example_dags/example_local_kubernetes_executor.py
[2025-10-17T07:24:23.426+0000] {processor.py:829} INFO - Processing file /home/airflow/.local/lib/python3.8/site-packages/airflow/example_dags/example_local_kubernetes_executor.py for tasks to queue
[2025-10-17T07:24:23.428+0000] {logging_mixin.py:154} INFO - [2025-10-17T07:24:23.428+0000] {dagbag.py:536} INFO - Filling up the DagBag from /home/airflow/.local/lib/python3.8/site-packages/airflow/example_dags/example_local_kubernetes_executor.py
[2025-10-17T07:24:23.436+0000] {processor.py:839} INFO - DAG(s) dict_keys(['example_local_kubernetes_executor']) retrieved from /home/airflow/.local/lib/python3.8/site-packages/airflow/example_dags/example_local_kubernetes_executor.py
[2025-10-17T07:24:23.470+0000] {logging_mixin.py:154} INFO - [2025-10-17T07:24:23.470+0000] {dag.py:2941} INFO - Sync 1 DAGs
[2025-10-17T07:24:23.483+0000] {logging_mixin.py:154} INFO - [2025-10-17T07:24:23.483+0000] {dag.py:3722} INFO - Setting next_dagrun for example_local_kubernetes_executor to None, run_after=None
[2025-10-17T07:24:23.506+0000] {processor.py:179} INFO - Processing /home/airflow/.local/lib/python3.8/site-packages/airflow/example_dags/example_local_kubernetes_executor.py took 0.085 seconds
[2025-10-17T07:24:53.572+0000] {processor.py:157} INFO - Started process (PID=1138) to work on /home/airflow/.local/lib/python3.8/site-packages/airflow/example_dags/example_local_kubernetes_executor.py
[2025-10-17T07:24:53.573+0000] {processor.py:829} INFO - Processing file /home/airflow/.local/lib/python3.8/site-packages/airflow/example_dags/example_local_kubernetes_executor.py for tasks to queue
[2025-10-17T07:24:53.575+0000] {logging_mixin.py:154} INFO - [2025-10-17T07:24:53.575+0000] {dagbag.py:536} INFO - Filling up the DagBag from /home/airflow/.local/lib/python3.8/site-packages/airflow/example_dags/example_local_kubernetes_executor.py
[2025-10-17T07:24:53.582+0000] {processor.py:839} INFO - DAG(s) dict_keys(['example_local_kubernetes_executor']) retrieved from /home/airflow/.local/lib/python3.8/site-packages/airflow/example_dags/example_local_kubernetes_executor.py
[2025-10-17T07:24:53.612+0000] {logging_mixin.py:154} INFO - [2025-10-17T07:24:53.612+0000] {dag.py:2941} INFO - Sync 1 DAGs
[2025-10-17T07:24:53.623+0000] {logging_mixin.py:154} INFO - [2025-10-17T07:24:53.623+0000] {dag.py:3722} INFO - Setting next_dagrun for example_local_kubernetes_executor to None, run_after=None
[2025-10-17T07:24:53.640+0000] {processor.py:179} INFO - Processing /home/airflow/.local/lib/python3.8/site-packages/airflow/example_dags/example_local_kubernetes_executor.py took 0.072 seconds
[2025-10-17T07:25:24.462+0000] {processor.py:157} INFO - Started process (PID=1194) to work on /home/airflow/.local/lib/python3.8/site-packages/airflow/example_dags/example_local_kubernetes_executor.py
[2025-10-17T07:25:24.463+0000] {processor.py:829} INFO - Processing file /home/airflow/.local/lib/python3.8/site-packages/airflow/example_dags/example_local_kubernetes_executor.py for tasks to queue
[2025-10-17T07:25:24.465+0000] {logging_mixin.py:154} INFO - [2025-10-17T07:25:24.465+0000] {dagbag.py:536} INFO - Filling up the DagBag from /home/airflow/.local/lib/python3.8/site-packages/airflow/example_dags/example_local_kubernetes_executor.py
[2025-10-17T07:25:24.473+0000] {processor.py:839} INFO - DAG(s) dict_keys(['example_local_kubernetes_executor']) retrieved from /home/airflow/.local/lib/python3.8/site-packages/airflow/example_dags/example_local_kubernetes_executor.py
[2025-10-17T07:25:24.504+0000] {logging_mixin.py:154} INFO - [2025-10-17T07:25:24.503+0000] {dag.py:2941} INFO - Sync 1 DAGs
[2025-10-17T07:25:24.514+0000] {logging_mixin.py:154} INFO - [2025-10-17T07:25:24.514+0000] {dag.py:3722} INFO - Setting next_dagrun for example_local_kubernetes_executor to None, run_after=None
[2025-10-17T07:25:24.532+0000] {processor.py:179} INFO - Processing /home/airflow/.local/lib/python3.8/site-packages/airflow/example_dags/example_local_kubernetes_executor.py took 0.073 seconds
[2025-10-17T07:25:55.636+0000] {processor.py:157} INFO - Started process (PID=1257) to work on /home/airflow/.local/lib/python3.8/site-packages/airflow/example_dags/example_local_kubernetes_executor.py
[2025-10-17T07:25:55.637+0000] {processor.py:829} INFO - Processing file /home/airflow/.local/lib/python3.8/site-packages/airflow/example_dags/example_local_kubernetes_executor.py for tasks to queue
[2025-10-17T07:25:55.639+0000] {logging_mixin.py:154} INFO - [2025-10-17T07:25:55.639+0000] {dagbag.py:536} INFO - Filling up the DagBag from /home/airflow/.local/lib/python3.8/site-packages/airflow/example_dags/example_local_kubernetes_executor.py
[2025-10-17T07:25:55.646+0000] {processor.py:839} INFO - DAG(s) dict_keys(['example_local_kubernetes_executor']) retrieved from /home/airflow/.local/lib/python3.8/site-packages/airflow/example_dags/example_local_kubernetes_executor.py
[2025-10-17T07:25:55.814+0000] {logging_mixin.py:154} INFO - [2025-10-17T07:25:55.814+0000] {dag.py:2941} INFO - Sync 1 DAGs
[2025-10-17T07:25:55.822+0000] {logging_mixin.py:154} INFO - [2025-10-17T07:25:55.822+0000] {dag.py:3722} INFO - Setting next_dagrun for example_local_kubernetes_executor to None, run_after=None
[2025-10-17T07:25:55.839+0000] {processor.py:179} INFO - Processing /home/airflow/.local/lib/python3.8/site-packages/airflow/example_dags/example_local_kubernetes_executor.py took 0.206 seconds
[2025-10-17T07:26:26.142+0000] {processor.py:157} INFO - Started process (PID=1315) to work on /home/airflow/.local/lib/python3.8/site-packages/airflow/example_dags/example_local_kubernetes_executor.py
[2025-10-17T07:26:26.143+0000] {processor.py:829} INFO - Processing file /home/airflow/.local/lib/python3.8/site-packages/airflow/example_dags/example_local_kubernetes_executor.py for tasks to queue
[2025-10-17T07:26:26.145+0000] {logging_mixin.py:154} INFO - [2025-10-17T07:26:26.145+0000] {dagbag.py:536} INFO - Filling up the DagBag from /home/airflow/.local/lib/python3.8/site-packages/airflow/example_dags/example_local_kubernetes_executor.py
[2025-10-17T07:26:26.153+0000] {processor.py:839} INFO - DAG(s) dict_keys(['example_local_kubernetes_executor']) retrieved from /home/airflow/.local/lib/python3.8/site-packages/airflow/example_dags/example_local_kubernetes_executor.py
[2025-10-17T07:26:26.183+0000] {logging_mixin.py:154} INFO - [2025-10-17T07:26:26.183+0000] {dag.py:2941} INFO - Sync 1 DAGs
[2025-10-17T07:26:26.193+0000] {logging_mixin.py:154} INFO - [2025-10-17T07:26:26.193+0000] {dag.py:3722} INFO - Setting next_dagrun for example_local_kubernetes_executor to None, run_after=None
[2025-10-17T07:26:26.211+0000] {processor.py:179} INFO - Processing /home/airflow/.local/lib/python3.8/site-packages/airflow/example_dags/example_local_kubernetes_executor.py took 0.072 seconds
[2025-10-17T07:26:56.455+0000] {processor.py:157} INFO - Started process (PID=1370) to work on /home/airflow/.local/lib/python3.8/site-packages/airflow/example_dags/example_local_kubernetes_executor.py
[2025-10-17T07:26:56.456+0000] {processor.py:829} INFO - Processing file /home/airflow/.local/lib/python3.8/site-packages/airflow/example_dags/example_local_kubernetes_executor.py for tasks to queue
[2025-10-17T07:26:56.458+0000] {logging_mixin.py:154} INFO - [2025-10-17T07:26:56.458+0000] {dagbag.py:536} INFO - Filling up the DagBag from /home/airflow/.local/lib/python3.8/site-packages/airflow/example_dags/example_local_kubernetes_executor.py
[2025-10-17T07:26:56.466+0000] {processor.py:839} INFO - DAG(s) dict_keys(['example_local_kubernetes_executor']) retrieved from /home/airflow/.local/lib/python3.8/site-packages/airflow/example_dags/example_local_kubernetes_executor.py
[2025-10-17T07:26:56.497+0000] {logging_mixin.py:154} INFO - [2025-10-17T07:26:56.496+0000] {dag.py:2941} INFO - Sync 1 DAGs
[2025-10-17T07:26:56.509+0000] {logging_mixin.py:154} INFO - [2025-10-17T07:26:56.509+0000] {dag.py:3722} INFO - Setting next_dagrun for example_local_kubernetes_executor to None, run_after=None
[2025-10-17T07:26:56.526+0000] {processor.py:179} INFO - Processing /home/airflow/.local/lib/python3.8/site-packages/airflow/example_dags/example_local_kubernetes_executor.py took 0.075 seconds
[2025-10-17T07:27:26.570+0000] {processor.py:157} INFO - Started process (PID=1425) to work on /home/airflow/.local/lib/python3.8/site-packages/airflow/example_dags/example_local_kubernetes_executor.py
[2025-10-17T07:27:26.571+0000] {processor.py:829} INFO - Processing file /home/airflow/.local/lib/python3.8/site-packages/airflow/example_dags/example_local_kubernetes_executor.py for tasks to queue
[2025-10-17T07:27:26.573+0000] {logging_mixin.py:154} INFO - [2025-10-17T07:27:26.573+0000] {dagbag.py:536} INFO - Filling up the DagBag from /home/airflow/.local/lib/python3.8/site-packages/airflow/example_dags/example_local_kubernetes_executor.py
[2025-10-17T07:27:26.579+0000] {processor.py:839} INFO - DAG(s) dict_keys(['example_local_kubernetes_executor']) retrieved from /home/airflow/.local/lib/python3.8/site-packages/airflow/example_dags/example_local_kubernetes_executor.py
[2025-10-17T07:27:26.610+0000] {logging_mixin.py:154} INFO - [2025-10-17T07:27:26.610+0000] {dag.py:2941} INFO - Sync 1 DAGs
[2025-10-17T07:27:26.621+0000] {logging_mixin.py:154} INFO - [2025-10-17T07:27:26.621+0000] {dag.py:3722} INFO - Setting next_dagrun for example_local_kubernetes_executor to None, run_after=None
[2025-10-17T07:27:26.637+0000] {processor.py:179} INFO - Processing /home/airflow/.local/lib/python3.8/site-packages/airflow/example_dags/example_local_kubernetes_executor.py took 0.070 seconds
[2025-10-17T07:27:56.790+0000] {processor.py:157} INFO - Started process (PID=1480) to work on /home/airflow/.local/lib/python3.8/site-packages/airflow/example_dags/example_local_kubernetes_executor.py
[2025-10-17T07:27:56.791+0000] {processor.py:829} INFO - Processing file /home/airflow/.local/lib/python3.8/site-packages/airflow/example_dags/example_local_kubernetes_executor.py for tasks to queue
[2025-10-17T07:27:56.792+0000] {logging_mixin.py:154} INFO - [2025-10-17T07:27:56.791+0000] {dagbag.py:536} INFO - Filling up the DagBag from /home/airflow/.local/lib/python3.8/site-packages/airflow/example_dags/example_local_kubernetes_executor.py
[2025-10-17T07:27:56.799+0000] {processor.py:839} INFO - DAG(s) dict_keys(['example_local_kubernetes_executor']) retrieved from /home/airflow/.local/lib/python3.8/site-packages/airflow/example_dags/example_local_kubernetes_executor.py
[2025-10-17T07:27:56.830+0000] {logging_mixin.py:154} INFO - [2025-10-17T07:27:56.830+0000] {dag.py:2941} INFO - Sync 1 DAGs
[2025-10-17T07:27:56.841+0000] {logging_mixin.py:154} INFO - [2025-10-17T07:27:56.840+0000] {dag.py:3722} INFO - Setting next_dagrun for example_local_kubernetes_executor to None, run_after=None
[2025-10-17T07:27:56.859+0000] {processor.py:179} INFO - Processing /home/airflow/.local/lib/python3.8/site-packages/airflow/example_dags/example_local_kubernetes_executor.py took 0.072 seconds
[2025-10-17T07:28:27.144+0000] {processor.py:157} INFO - Started process (PID=1538) to work on /home/airflow/.local/lib/python3.8/site-packages/airflow/example_dags/example_local_kubernetes_executor.py
[2025-10-17T07:28:27.145+0000] {processor.py:829} INFO - Processing file /home/airflow/.local/lib/python3.8/site-packages/airflow/example_dags/example_local_kubernetes_executor.py for tasks to queue
[2025-10-17T07:28:27.146+0000] {logging_mixin.py:154} INFO - [2025-10-17T07:28:27.146+0000] {dagbag.py:536} INFO - Filling up the DagBag from /home/airflow/.local/lib/python3.8/site-packages/airflow/example_dags/example_local_kubernetes_executor.py
[2025-10-17T07:28:27.153+0000] {processor.py:839} INFO - DAG(s) dict_keys(['example_local_kubernetes_executor']) retrieved from /home/airflow/.local/lib/python3.8/site-packages/airflow/example_dags/example_local_kubernetes_executor.py
[2025-10-17T07:28:27.184+0000] {logging_mixin.py:154} INFO - [2025-10-17T07:28:27.183+0000] {dag.py:2941} INFO - Sync 1 DAGs
[2025-10-17T07:28:27.193+0000] {logging_mixin.py:154} INFO - [2025-10-17T07:28:27.193+0000] {dag.py:3722} INFO - Setting next_dagrun for example_local_kubernetes_executor to None, run_after=None
[2025-10-17T07:28:27.211+0000] {processor.py:179} INFO - Processing /home/airflow/.local/lib/python3.8/site-packages/airflow/example_dags/example_local_kubernetes_executor.py took 0.070 seconds
[2025-10-17T07:28:57.499+0000] {processor.py:157} INFO - Started process (PID=1594) to work on /home/airflow/.local/lib/python3.8/site-packages/airflow/example_dags/example_local_kubernetes_executor.py
[2025-10-17T07:28:57.500+0000] {processor.py:829} INFO - Processing file /home/airflow/.local/lib/python3.8/site-packages/airflow/example_dags/example_local_kubernetes_executor.py for tasks to queue
[2025-10-17T07:28:57.501+0000] {logging_mixin.py:154} INFO - [2025-10-17T07:28:57.501+0000] {dagbag.py:536} INFO - Filling up the DagBag from /home/airflow/.local/lib/python3.8/site-packages/airflow/example_dags/example_local_kubernetes_executor.py
[2025-10-17T07:28:57.510+0000] {processor.py:839} INFO - DAG(s) dict_keys(['example_local_kubernetes_executor']) retrieved from /home/airflow/.local/lib/python3.8/site-packages/airflow/example_dags/example_local_kubernetes_executor.py
[2025-10-17T07:28:57.548+0000] {logging_mixin.py:154} INFO - [2025-10-17T07:28:57.548+0000] {dag.py:2941} INFO - Sync 1 DAGs
[2025-10-17T07:28:57.560+0000] {logging_mixin.py:154} INFO - [2025-10-17T07:28:57.560+0000] {dag.py:3722} INFO - Setting next_dagrun for example_local_kubernetes_executor to None, run_after=None
[2025-10-17T07:28:57.578+0000] {processor.py:179} INFO - Processing /home/airflow/.local/lib/python3.8/site-packages/airflow/example_dags/example_local_kubernetes_executor.py took 0.083 seconds
[2025-10-17T07:30:20.461+0000] {processor.py:157} INFO - Started process (PID=78) to work on /home/airflow/.local/lib/python3.8/site-packages/airflow/example_dags/example_local_kubernetes_executor.py
[2025-10-17T07:30:20.462+0000] {processor.py:829} INFO - Processing file /home/airflow/.local/lib/python3.8/site-packages/airflow/example_dags/example_local_kubernetes_executor.py for tasks to queue
[2025-10-17T07:30:20.466+0000] {logging_mixin.py:154} INFO - [2025-10-17T07:30:20.465+0000] {dagbag.py:536} INFO - Filling up the DagBag from /home/airflow/.local/lib/python3.8/site-packages/airflow/example_dags/example_local_kubernetes_executor.py
[2025-10-17T07:30:20.477+0000] {processor.py:839} INFO - DAG(s) dict_keys(['example_local_kubernetes_executor']) retrieved from /home/airflow/.local/lib/python3.8/site-packages/airflow/example_dags/example_local_kubernetes_executor.py
[2025-10-17T07:30:20.605+0000] {logging_mixin.py:154} INFO - [2025-10-17T07:30:20.605+0000] {manager.py:499} INFO - Created Permission View: %s
[2025-10-17T07:30:20.615+0000] {logging_mixin.py:154} INFO - [2025-10-17T07:30:20.615+0000] {manager.py:499} INFO - Created Permission View: %s
[2025-10-17T07:30:20.621+0000] {logging_mixin.py:154} INFO - [2025-10-17T07:30:20.621+0000] {manager.py:499} INFO - Created Permission View: %s
[2025-10-17T07:30:20.621+0000] {logging_mixin.py:154} INFO - [2025-10-17T07:30:20.621+0000] {dag.py:2941} INFO - Sync 1 DAGs
[2025-10-17T07:30:20.631+0000] {logging_mixin.py:154} INFO - [2025-10-17T07:30:20.631+0000] {dag.py:2963} INFO - Creating ORM DAG for example_local_kubernetes_executor
[2025-10-17T07:30:20.632+0000] {logging_mixin.py:154} INFO - [2025-10-17T07:30:20.632+0000] {dag.py:3722} INFO - Setting next_dagrun for example_local_kubernetes_executor to None, run_after=None
[2025-10-17T07:30:20.650+0000] {processor.py:179} INFO - Processing /home/airflow/.local/lib/python3.8/site-packages/airflow/example_dags/example_local_kubernetes_executor.py took 0.196 seconds
[2025-10-17T07:30:50.695+0000] {processor.py:157} INFO - Started process (PID=134) to work on /home/airflow/.local/lib/python3.8/site-packages/airflow/example_dags/example_local_kubernetes_executor.py
[2025-10-17T07:30:50.698+0000] {processor.py:829} INFO - Processing file /home/airflow/.local/lib/python3.8/site-packages/airflow/example_dags/example_local_kubernetes_executor.py for tasks to queue
[2025-10-17T07:30:50.701+0000] {logging_mixin.py:154} INFO - [2025-10-17T07:30:50.701+0000] {dagbag.py:536} INFO - Filling up the DagBag from /home/airflow/.local/lib/python3.8/site-packages/airflow/example_dags/example_local_kubernetes_executor.py
[2025-10-17T07:30:50.713+0000] {processor.py:839} INFO - DAG(s) dict_keys(['example_local_kubernetes_executor']) retrieved from /home/airflow/.local/lib/python3.8/site-packages/airflow/example_dags/example_local_kubernetes_executor.py
[2025-10-17T07:30:50.764+0000] {logging_mixin.py:154} INFO - [2025-10-17T07:30:50.763+0000] {dag.py:2941} INFO - Sync 1 DAGs
[2025-10-17T07:30:50.787+0000] {logging_mixin.py:154} INFO - [2025-10-17T07:30:50.786+0000] {dag.py:3722} INFO - Setting next_dagrun for example_local_kubernetes_executor to None, run_after=None
[2025-10-17T07:30:50.823+0000] {processor.py:179} INFO - Processing /home/airflow/.local/lib/python3.8/site-packages/airflow/example_dags/example_local_kubernetes_executor.py took 0.132 seconds
[2025-10-17T07:31:21.754+0000] {processor.py:157} INFO - Started process (PID=190) to work on /home/airflow/.local/lib/python3.8/site-packages/airflow/example_dags/example_local_kubernetes_executor.py
[2025-10-17T07:31:21.755+0000] {processor.py:829} INFO - Processing file /home/airflow/.local/lib/python3.8/site-packages/airflow/example_dags/example_local_kubernetes_executor.py for tasks to queue
[2025-10-17T07:31:21.758+0000] {logging_mixin.py:154} INFO - [2025-10-17T07:31:21.757+0000] {dagbag.py:536} INFO - Filling up the DagBag from /home/airflow/.local/lib/python3.8/site-packages/airflow/example_dags/example_local_kubernetes_executor.py
[2025-10-17T07:31:21.770+0000] {processor.py:839} INFO - DAG(s) dict_keys(['example_local_kubernetes_executor']) retrieved from /home/airflow/.local/lib/python3.8/site-packages/airflow/example_dags/example_local_kubernetes_executor.py
[2025-10-17T07:31:21.817+0000] {logging_mixin.py:154} INFO - [2025-10-17T07:31:21.817+0000] {dag.py:2941} INFO - Sync 1 DAGs
[2025-10-17T07:31:21.832+0000] {logging_mixin.py:154} INFO - [2025-10-17T07:31:21.831+0000] {dag.py:3722} INFO - Setting next_dagrun for example_local_kubernetes_executor to None, run_after=None
[2025-10-17T07:31:21.857+0000] {processor.py:179} INFO - Processing /home/airflow/.local/lib/python3.8/site-packages/airflow/example_dags/example_local_kubernetes_executor.py took 0.107 seconds
[2025-10-17T07:31:52.229+0000] {processor.py:157} INFO - Started process (PID=246) to work on /home/airflow/.local/lib/python3.8/site-packages/airflow/example_dags/example_local_kubernetes_executor.py
[2025-10-17T07:31:52.231+0000] {processor.py:829} INFO - Processing file /home/airflow/.local/lib/python3.8/site-packages/airflow/example_dags/example_local_kubernetes_executor.py for tasks to queue
[2025-10-17T07:31:52.233+0000] {logging_mixin.py:154} INFO - [2025-10-17T07:31:52.233+0000] {dagbag.py:536} INFO - Filling up the DagBag from /home/airflow/.local/lib/python3.8/site-packages/airflow/example_dags/example_local_kubernetes_executor.py
[2025-10-17T07:31:52.247+0000] {processor.py:839} INFO - DAG(s) dict_keys(['example_local_kubernetes_executor']) retrieved from /home/airflow/.local/lib/python3.8/site-packages/airflow/example_dags/example_local_kubernetes_executor.py
[2025-10-17T07:31:52.291+0000] {logging_mixin.py:154} INFO - [2025-10-17T07:31:52.291+0000] {dag.py:2941} INFO - Sync 1 DAGs
[2025-10-17T07:31:52.306+0000] {logging_mixin.py:154} INFO - [2025-10-17T07:31:52.305+0000] {dag.py:3722} INFO - Setting next_dagrun for example_local_kubernetes_executor to None, run_after=None
[2025-10-17T07:31:52.328+0000] {processor.py:179} INFO - Processing /home/airflow/.local/lib/python3.8/site-packages/airflow/example_dags/example_local_kubernetes_executor.py took 0.103 seconds
[2025-10-17T07:32:23.206+0000] {processor.py:157} INFO - Started process (PID=302) to work on /home/airflow/.local/lib/python3.8/site-packages/airflow/example_dags/example_local_kubernetes_executor.py
[2025-10-17T07:32:23.207+0000] {processor.py:829} INFO - Processing file /home/airflow/.local/lib/python3.8/site-packages/airflow/example_dags/example_local_kubernetes_executor.py for tasks to queue
[2025-10-17T07:32:23.210+0000] {logging_mixin.py:154} INFO - [2025-10-17T07:32:23.210+0000] {dagbag.py:536} INFO - Filling up the DagBag from /home/airflow/.local/lib/python3.8/site-packages/airflow/example_dags/example_local_kubernetes_executor.py
[2025-10-17T07:32:23.218+0000] {processor.py:839} INFO - DAG(s) dict_keys(['example_local_kubernetes_executor']) retrieved from /home/airflow/.local/lib/python3.8/site-packages/airflow/example_dags/example_local_kubernetes_executor.py
[2025-10-17T07:32:23.251+0000] {logging_mixin.py:154} INFO - [2025-10-17T07:32:23.251+0000] {dag.py:2941} INFO - Sync 1 DAGs
[2025-10-17T07:32:23.262+0000] {logging_mixin.py:154} INFO - [2025-10-17T07:32:23.262+0000] {dag.py:3722} INFO - Setting next_dagrun for example_local_kubernetes_executor to None, run_after=None
[2025-10-17T07:32:23.279+0000] {processor.py:179} INFO - Processing /home/airflow/.local/lib/python3.8/site-packages/airflow/example_dags/example_local_kubernetes_executor.py took 0.076 seconds
[2025-10-17T07:35:43.198+0000] {processor.py:157} INFO - Started process (PID=74) to work on /home/airflow/.local/lib/python3.8/site-packages/airflow/example_dags/example_local_kubernetes_executor.py
[2025-10-17T07:35:43.200+0000] {processor.py:829} INFO - Processing file /home/airflow/.local/lib/python3.8/site-packages/airflow/example_dags/example_local_kubernetes_executor.py for tasks to queue
[2025-10-17T07:35:43.204+0000] {logging_mixin.py:154} INFO - [2025-10-17T07:35:43.204+0000] {dagbag.py:536} INFO - Filling up the DagBag from /home/airflow/.local/lib/python3.8/site-packages/airflow/example_dags/example_local_kubernetes_executor.py
[2025-10-17T07:35:43.229+0000] {processor.py:839} INFO - DAG(s) dict_keys(['example_local_kubernetes_executor']) retrieved from /home/airflow/.local/lib/python3.8/site-packages/airflow/example_dags/example_local_kubernetes_executor.py
[2025-10-17T07:35:43.429+0000] {logging_mixin.py:154} INFO - [2025-10-17T07:35:43.429+0000] {manager.py:499} INFO - Created Permission View: %s
[2025-10-17T07:35:43.443+0000] {logging_mixin.py:154} INFO - [2025-10-17T07:35:43.443+0000] {manager.py:499} INFO - Created Permission View: %s
[2025-10-17T07:35:43.457+0000] {logging_mixin.py:154} INFO - [2025-10-17T07:35:43.456+0000] {manager.py:499} INFO - Created Permission View: %s
[2025-10-17T07:35:43.459+0000] {logging_mixin.py:154} INFO - [2025-10-17T07:35:43.459+0000] {dag.py:2941} INFO - Sync 1 DAGs
[2025-10-17T07:35:43.493+0000] {logging_mixin.py:154} INFO - [2025-10-17T07:35:43.491+0000] {dag.py:2963} INFO - Creating ORM DAG for example_local_kubernetes_executor
[2025-10-17T07:35:43.495+0000] {logging_mixin.py:154} INFO - [2025-10-17T07:35:43.494+0000] {dag.py:3722} INFO - Setting next_dagrun for example_local_kubernetes_executor to None, run_after=None
[2025-10-17T07:35:43.534+0000] {processor.py:179} INFO - Processing /home/airflow/.local/lib/python3.8/site-packages/airflow/example_dags/example_local_kubernetes_executor.py took 0.341 seconds
[2025-10-17T07:36:13.950+0000] {processor.py:157} INFO - Started process (PID=130) to work on /home/airflow/.local/lib/python3.8/site-packages/airflow/example_dags/example_local_kubernetes_executor.py
[2025-10-17T07:36:13.951+0000] {processor.py:829} INFO - Processing file /home/airflow/.local/lib/python3.8/site-packages/airflow/example_dags/example_local_kubernetes_executor.py for tasks to queue
[2025-10-17T07:36:13.954+0000] {logging_mixin.py:154} INFO - [2025-10-17T07:36:13.953+0000] {dagbag.py:536} INFO - Filling up the DagBag from /home/airflow/.local/lib/python3.8/site-packages/airflow/example_dags/example_local_kubernetes_executor.py
[2025-10-17T07:36:13.961+0000] {processor.py:839} INFO - DAG(s) dict_keys(['example_local_kubernetes_executor']) retrieved from /home/airflow/.local/lib/python3.8/site-packages/airflow/example_dags/example_local_kubernetes_executor.py
[2025-10-17T07:36:13.991+0000] {logging_mixin.py:154} INFO - [2025-10-17T07:36:13.991+0000] {dag.py:2941} INFO - Sync 1 DAGs
[2025-10-17T07:36:14.003+0000] {logging_mixin.py:154} INFO - [2025-10-17T07:36:14.003+0000] {dag.py:3722} INFO - Setting next_dagrun for example_local_kubernetes_executor to None, run_after=None
[2025-10-17T07:36:14.020+0000] {processor.py:179} INFO - Processing /home/airflow/.local/lib/python3.8/site-packages/airflow/example_dags/example_local_kubernetes_executor.py took 0.073 seconds
[2025-10-17T07:36:44.463+0000] {processor.py:157} INFO - Started process (PID=186) to work on /home/airflow/.local/lib/python3.8/site-packages/airflow/example_dags/example_local_kubernetes_executor.py
[2025-10-17T07:36:44.464+0000] {processor.py:829} INFO - Processing file /home/airflow/.local/lib/python3.8/site-packages/airflow/example_dags/example_local_kubernetes_executor.py for tasks to queue
[2025-10-17T07:36:44.466+0000] {logging_mixin.py:154} INFO - [2025-10-17T07:36:44.466+0000] {dagbag.py:536} INFO - Filling up the DagBag from /home/airflow/.local/lib/python3.8/site-packages/airflow/example_dags/example_local_kubernetes_executor.py
[2025-10-17T07:36:44.473+0000] {processor.py:839} INFO - DAG(s) dict_keys(['example_local_kubernetes_executor']) retrieved from /home/airflow/.local/lib/python3.8/site-packages/airflow/example_dags/example_local_kubernetes_executor.py
[2025-10-17T07:36:44.506+0000] {logging_mixin.py:154} INFO - [2025-10-17T07:36:44.505+0000] {dag.py:2941} INFO - Sync 1 DAGs
[2025-10-17T07:36:44.517+0000] {logging_mixin.py:154} INFO - [2025-10-17T07:36:44.517+0000] {dag.py:3722} INFO - Setting next_dagrun for example_local_kubernetes_executor to None, run_after=None
[2025-10-17T07:36:44.533+0000] {processor.py:179} INFO - Processing /home/airflow/.local/lib/python3.8/site-packages/airflow/example_dags/example_local_kubernetes_executor.py took 0.074 seconds
[2025-10-17T07:37:14.876+0000] {processor.py:157} INFO - Started process (PID=242) to work on /home/airflow/.local/lib/python3.8/site-packages/airflow/example_dags/example_local_kubernetes_executor.py
[2025-10-17T07:37:14.878+0000] {processor.py:829} INFO - Processing file /home/airflow/.local/lib/python3.8/site-packages/airflow/example_dags/example_local_kubernetes_executor.py for tasks to queue
[2025-10-17T07:37:14.880+0000] {logging_mixin.py:154} INFO - [2025-10-17T07:37:14.879+0000] {dagbag.py:536} INFO - Filling up the DagBag from /home/airflow/.local/lib/python3.8/site-packages/airflow/example_dags/example_local_kubernetes_executor.py
[2025-10-17T07:37:14.887+0000] {processor.py:839} INFO - DAG(s) dict_keys(['example_local_kubernetes_executor']) retrieved from /home/airflow/.local/lib/python3.8/site-packages/airflow/example_dags/example_local_kubernetes_executor.py
[2025-10-17T07:37:14.917+0000] {logging_mixin.py:154} INFO - [2025-10-17T07:37:14.917+0000] {dag.py:2941} INFO - Sync 1 DAGs
[2025-10-17T07:37:14.930+0000] {logging_mixin.py:154} INFO - [2025-10-17T07:37:14.930+0000] {dag.py:3722} INFO - Setting next_dagrun for example_local_kubernetes_executor to None, run_after=None
[2025-10-17T07:37:14.949+0000] {processor.py:179} INFO - Processing /home/airflow/.local/lib/python3.8/site-packages/airflow/example_dags/example_local_kubernetes_executor.py took 0.076 seconds
[2025-10-17T07:38:44.469+0000] {processor.py:157} INFO - Started process (PID=75) to work on /home/airflow/.local/lib/python3.8/site-packages/airflow/example_dags/example_local_kubernetes_executor.py
[2025-10-17T07:38:44.471+0000] {processor.py:829} INFO - Processing file /home/airflow/.local/lib/python3.8/site-packages/airflow/example_dags/example_local_kubernetes_executor.py for tasks to queue
[2025-10-17T07:38:44.474+0000] {logging_mixin.py:154} INFO - [2025-10-17T07:38:44.474+0000] {dagbag.py:536} INFO - Filling up the DagBag from /home/airflow/.local/lib/python3.8/site-packages/airflow/example_dags/example_local_kubernetes_executor.py
[2025-10-17T07:38:44.490+0000] {processor.py:839} INFO - DAG(s) dict_keys(['example_local_kubernetes_executor']) retrieved from /home/airflow/.local/lib/python3.8/site-packages/airflow/example_dags/example_local_kubernetes_executor.py
[2025-10-17T07:38:44.689+0000] {logging_mixin.py:154} INFO - [2025-10-17T07:38:44.689+0000] {manager.py:499} INFO - Created Permission View: %s
[2025-10-17T07:38:44.707+0000] {logging_mixin.py:154} INFO - [2025-10-17T07:38:44.706+0000] {manager.py:499} INFO - Created Permission View: %s
[2025-10-17T07:38:44.718+0000] {logging_mixin.py:154} INFO - [2025-10-17T07:38:44.718+0000] {manager.py:499} INFO - Created Permission View: %s
[2025-10-17T07:38:44.719+0000] {logging_mixin.py:154} INFO - [2025-10-17T07:38:44.719+0000] {dag.py:2941} INFO - Sync 1 DAGs
[2025-10-17T07:38:44.739+0000] {logging_mixin.py:154} INFO - [2025-10-17T07:38:44.738+0000] {dag.py:2963} INFO - Creating ORM DAG for example_local_kubernetes_executor
[2025-10-17T07:38:44.740+0000] {logging_mixin.py:154} INFO - [2025-10-17T07:38:44.740+0000] {dag.py:3722} INFO - Setting next_dagrun for example_local_kubernetes_executor to None, run_after=None
[2025-10-17T07:38:44.772+0000] {processor.py:179} INFO - Processing /home/airflow/.local/lib/python3.8/site-packages/airflow/example_dags/example_local_kubernetes_executor.py took 0.307 seconds
[2025-10-17T07:39:15.252+0000] {processor.py:157} INFO - Started process (PID=131) to work on /home/airflow/.local/lib/python3.8/site-packages/airflow/example_dags/example_local_kubernetes_executor.py
[2025-10-17T07:39:15.253+0000] {processor.py:829} INFO - Processing file /home/airflow/.local/lib/python3.8/site-packages/airflow/example_dags/example_local_kubernetes_executor.py for tasks to queue
[2025-10-17T07:39:15.255+0000] {logging_mixin.py:154} INFO - [2025-10-17T07:39:15.255+0000] {dagbag.py:536} INFO - Filling up the DagBag from /home/airflow/.local/lib/python3.8/site-packages/airflow/example_dags/example_local_kubernetes_executor.py
[2025-10-17T07:39:15.263+0000] {processor.py:839} INFO - DAG(s) dict_keys(['example_local_kubernetes_executor']) retrieved from /home/airflow/.local/lib/python3.8/site-packages/airflow/example_dags/example_local_kubernetes_executor.py
[2025-10-17T07:39:15.299+0000] {logging_mixin.py:154} INFO - [2025-10-17T07:39:15.298+0000] {dag.py:2941} INFO - Sync 1 DAGs
[2025-10-17T07:39:15.312+0000] {logging_mixin.py:154} INFO - [2025-10-17T07:39:15.311+0000] {dag.py:3722} INFO - Setting next_dagrun for example_local_kubernetes_executor to None, run_after=None
[2025-10-17T07:39:15.342+0000] {processor.py:179} INFO - Processing /home/airflow/.local/lib/python3.8/site-packages/airflow/example_dags/example_local_kubernetes_executor.py took 0.094 seconds
[2025-10-17T07:39:45.406+0000] {processor.py:157} INFO - Started process (PID=187) to work on /home/airflow/.local/lib/python3.8/site-packages/airflow/example_dags/example_local_kubernetes_executor.py
[2025-10-17T07:39:45.407+0000] {processor.py:829} INFO - Processing file /home/airflow/.local/lib/python3.8/site-packages/airflow/example_dags/example_local_kubernetes_executor.py for tasks to queue
[2025-10-17T07:39:45.409+0000] {logging_mixin.py:154} INFO - [2025-10-17T07:39:45.409+0000] {dagbag.py:536} INFO - Filling up the DagBag from /home/airflow/.local/lib/python3.8/site-packages/airflow/example_dags/example_local_kubernetes_executor.py
[2025-10-17T07:39:45.416+0000] {processor.py:839} INFO - DAG(s) dict_keys(['example_local_kubernetes_executor']) retrieved from /home/airflow/.local/lib/python3.8/site-packages/airflow/example_dags/example_local_kubernetes_executor.py
[2025-10-17T07:39:45.449+0000] {logging_mixin.py:154} INFO - [2025-10-17T07:39:45.449+0000] {dag.py:2941} INFO - Sync 1 DAGs
[2025-10-17T07:39:45.459+0000] {logging_mixin.py:154} INFO - [2025-10-17T07:39:45.459+0000] {dag.py:3722} INFO - Setting next_dagrun for example_local_kubernetes_executor to None, run_after=None
[2025-10-17T07:39:45.475+0000] {processor.py:179} INFO - Processing /home/airflow/.local/lib/python3.8/site-packages/airflow/example_dags/example_local_kubernetes_executor.py took 0.073 seconds
[2025-10-17T07:40:16.783+0000] {processor.py:157} INFO - Started process (PID=243) to work on /home/airflow/.local/lib/python3.8/site-packages/airflow/example_dags/example_local_kubernetes_executor.py
[2025-10-17T07:40:16.784+0000] {processor.py:829} INFO - Processing file /home/airflow/.local/lib/python3.8/site-packages/airflow/example_dags/example_local_kubernetes_executor.py for tasks to queue
[2025-10-17T07:40:16.786+0000] {logging_mixin.py:154} INFO - [2025-10-17T07:40:16.786+0000] {dagbag.py:536} INFO - Filling up the DagBag from /home/airflow/.local/lib/python3.8/site-packages/airflow/example_dags/example_local_kubernetes_executor.py
[2025-10-17T07:40:16.793+0000] {processor.py:839} INFO - DAG(s) dict_keys(['example_local_kubernetes_executor']) retrieved from /home/airflow/.local/lib/python3.8/site-packages/airflow/example_dags/example_local_kubernetes_executor.py
[2025-10-17T07:40:16.823+0000] {logging_mixin.py:154} INFO - [2025-10-17T07:40:16.822+0000] {dag.py:2941} INFO - Sync 1 DAGs
[2025-10-17T07:40:16.833+0000] {logging_mixin.py:154} INFO - [2025-10-17T07:40:16.832+0000] {dag.py:3722} INFO - Setting next_dagrun for example_local_kubernetes_executor to None, run_after=None
[2025-10-17T07:40:16.848+0000] {processor.py:179} INFO - Processing /home/airflow/.local/lib/python3.8/site-packages/airflow/example_dags/example_local_kubernetes_executor.py took 0.068 seconds
[2025-10-17T07:40:47.436+0000] {processor.py:157} INFO - Started process (PID=299) to work on /home/airflow/.local/lib/python3.8/site-packages/airflow/example_dags/example_local_kubernetes_executor.py
[2025-10-17T07:40:47.438+0000] {processor.py:829} INFO - Processing file /home/airflow/.local/lib/python3.8/site-packages/airflow/example_dags/example_local_kubernetes_executor.py for tasks to queue
[2025-10-17T07:40:47.440+0000] {logging_mixin.py:154} INFO - [2025-10-17T07:40:47.439+0000] {dagbag.py:536} INFO - Filling up the DagBag from /home/airflow/.local/lib/python3.8/site-packages/airflow/example_dags/example_local_kubernetes_executor.py
[2025-10-17T07:40:47.447+0000] {processor.py:839} INFO - DAG(s) dict_keys(['example_local_kubernetes_executor']) retrieved from /home/airflow/.local/lib/python3.8/site-packages/airflow/example_dags/example_local_kubernetes_executor.py
[2025-10-17T07:40:47.476+0000] {logging_mixin.py:154} INFO - [2025-10-17T07:40:47.476+0000] {dag.py:2941} INFO - Sync 1 DAGs
[2025-10-17T07:40:47.487+0000] {logging_mixin.py:154} INFO - [2025-10-17T07:40:47.487+0000] {dag.py:3722} INFO - Setting next_dagrun for example_local_kubernetes_executor to None, run_after=None
[2025-10-17T07:40:47.502+0000] {processor.py:179} INFO - Processing /home/airflow/.local/lib/python3.8/site-packages/airflow/example_dags/example_local_kubernetes_executor.py took 0.069 seconds
[2025-10-17T07:41:17.948+0000] {processor.py:157} INFO - Started process (PID=355) to work on /home/airflow/.local/lib/python3.8/site-packages/airflow/example_dags/example_local_kubernetes_executor.py
[2025-10-17T07:41:17.950+0000] {processor.py:829} INFO - Processing file /home/airflow/.local/lib/python3.8/site-packages/airflow/example_dags/example_local_kubernetes_executor.py for tasks to queue
[2025-10-17T07:41:17.952+0000] {logging_mixin.py:154} INFO - [2025-10-17T07:41:17.952+0000] {dagbag.py:536} INFO - Filling up the DagBag from /home/airflow/.local/lib/python3.8/site-packages/airflow/example_dags/example_local_kubernetes_executor.py
[2025-10-17T07:41:17.959+0000] {processor.py:839} INFO - DAG(s) dict_keys(['example_local_kubernetes_executor']) retrieved from /home/airflow/.local/lib/python3.8/site-packages/airflow/example_dags/example_local_kubernetes_executor.py
[2025-10-17T07:41:17.990+0000] {logging_mixin.py:154} INFO - [2025-10-17T07:41:17.990+0000] {dag.py:2941} INFO - Sync 1 DAGs
[2025-10-17T07:41:18.002+0000] {logging_mixin.py:154} INFO - [2025-10-17T07:41:18.002+0000] {dag.py:3722} INFO - Setting next_dagrun for example_local_kubernetes_executor to None, run_after=None
[2025-10-17T07:41:18.021+0000] {processor.py:179} INFO - Processing /home/airflow/.local/lib/python3.8/site-packages/airflow/example_dags/example_local_kubernetes_executor.py took 0.077 seconds
[2025-10-17T07:42:27.742+0000] {processor.py:157} INFO - Started process (PID=67) to work on /home/airflow/.local/lib/python3.8/site-packages/airflow/example_dags/example_local_kubernetes_executor.py
[2025-10-17T07:42:27.744+0000] {processor.py:829} INFO - Processing file /home/airflow/.local/lib/python3.8/site-packages/airflow/example_dags/example_local_kubernetes_executor.py for tasks to queue
[2025-10-17T07:42:27.747+0000] {logging_mixin.py:154} INFO - [2025-10-17T07:42:27.746+0000] {dagbag.py:536} INFO - Filling up the DagBag from /home/airflow/.local/lib/python3.8/site-packages/airflow/example_dags/example_local_kubernetes_executor.py
[2025-10-17T07:42:27.762+0000] {processor.py:839} INFO - DAG(s) dict_keys(['example_local_kubernetes_executor']) retrieved from /home/airflow/.local/lib/python3.8/site-packages/airflow/example_dags/example_local_kubernetes_executor.py
[2025-10-17T07:42:27.936+0000] {logging_mixin.py:154} INFO - [2025-10-17T07:42:27.936+0000] {manager.py:499} INFO - Created Permission View: %s
[2025-10-17T07:42:27.956+0000] {logging_mixin.py:154} INFO - [2025-10-17T07:42:27.955+0000] {manager.py:499} INFO - Created Permission View: %s
[2025-10-17T07:42:27.966+0000] {logging_mixin.py:154} INFO - [2025-10-17T07:42:27.966+0000] {manager.py:499} INFO - Created Permission View: %s
[2025-10-17T07:42:27.967+0000] {logging_mixin.py:154} INFO - [2025-10-17T07:42:27.967+0000] {dag.py:2941} INFO - Sync 1 DAGs
[2025-10-17T07:42:27.982+0000] {logging_mixin.py:154} INFO - [2025-10-17T07:42:27.982+0000] {dag.py:2963} INFO - Creating ORM DAG for example_local_kubernetes_executor
[2025-10-17T07:42:27.983+0000] {logging_mixin.py:154} INFO - [2025-10-17T07:42:27.983+0000] {dag.py:3722} INFO - Setting next_dagrun for example_local_kubernetes_executor to None, run_after=None
[2025-10-17T07:42:28.007+0000] {processor.py:179} INFO - Processing /home/airflow/.local/lib/python3.8/site-packages/airflow/example_dags/example_local_kubernetes_executor.py took 0.270 seconds
[2025-10-17T07:42:58.901+0000] {processor.py:157} INFO - Started process (PID=130) to work on /home/airflow/.local/lib/python3.8/site-packages/airflow/example_dags/example_local_kubernetes_executor.py
[2025-10-17T07:42:58.902+0000] {processor.py:829} INFO - Processing file /home/airflow/.local/lib/python3.8/site-packages/airflow/example_dags/example_local_kubernetes_executor.py for tasks to queue
[2025-10-17T07:42:58.904+0000] {logging_mixin.py:154} INFO - [2025-10-17T07:42:58.904+0000] {dagbag.py:536} INFO - Filling up the DagBag from /home/airflow/.local/lib/python3.8/site-packages/airflow/example_dags/example_local_kubernetes_executor.py
[2025-10-17T07:42:58.911+0000] {processor.py:839} INFO - DAG(s) dict_keys(['example_local_kubernetes_executor']) retrieved from /home/airflow/.local/lib/python3.8/site-packages/airflow/example_dags/example_local_kubernetes_executor.py
[2025-10-17T07:42:58.941+0000] {logging_mixin.py:154} INFO - [2025-10-17T07:42:58.941+0000] {dag.py:2941} INFO - Sync 1 DAGs
[2025-10-17T07:42:58.953+0000] {logging_mixin.py:154} INFO - [2025-10-17T07:42:58.953+0000] {dag.py:3722} INFO - Setting next_dagrun for example_local_kubernetes_executor to None, run_after=None
[2025-10-17T07:42:58.970+0000] {processor.py:179} INFO - Processing /home/airflow/.local/lib/python3.8/site-packages/airflow/example_dags/example_local_kubernetes_executor.py took 0.072 seconds
[2025-10-17T07:44:25.161+0000] {processor.py:157} INFO - Started process (PID=67) to work on /home/airflow/.local/lib/python3.8/site-packages/airflow/example_dags/example_local_kubernetes_executor.py
[2025-10-17T07:44:25.162+0000] {processor.py:829} INFO - Processing file /home/airflow/.local/lib/python3.8/site-packages/airflow/example_dags/example_local_kubernetes_executor.py for tasks to queue
[2025-10-17T07:44:25.166+0000] {logging_mixin.py:154} INFO - [2025-10-17T07:44:25.166+0000] {dagbag.py:536} INFO - Filling up the DagBag from /home/airflow/.local/lib/python3.8/site-packages/airflow/example_dags/example_local_kubernetes_executor.py
[2025-10-17T07:44:25.179+0000] {processor.py:839} INFO - DAG(s) dict_keys(['example_local_kubernetes_executor']) retrieved from /home/airflow/.local/lib/python3.8/site-packages/airflow/example_dags/example_local_kubernetes_executor.py
[2025-10-17T07:44:25.315+0000] {logging_mixin.py:154} INFO - [2025-10-17T07:44:25.315+0000] {manager.py:499} INFO - Created Permission View: %s
[2025-10-17T07:44:25.324+0000] {logging_mixin.py:154} INFO - [2025-10-17T07:44:25.324+0000] {manager.py:499} INFO - Created Permission View: %s
[2025-10-17T07:44:25.331+0000] {logging_mixin.py:154} INFO - [2025-10-17T07:44:25.331+0000] {manager.py:499} INFO - Created Permission View: %s
[2025-10-17T07:44:25.331+0000] {logging_mixin.py:154} INFO - [2025-10-17T07:44:25.331+0000] {dag.py:2941} INFO - Sync 1 DAGs
[2025-10-17T07:44:25.343+0000] {logging_mixin.py:154} INFO - [2025-10-17T07:44:25.343+0000] {dag.py:2963} INFO - Creating ORM DAG for example_local_kubernetes_executor
[2025-10-17T07:44:25.344+0000] {logging_mixin.py:154} INFO - [2025-10-17T07:44:25.344+0000] {dag.py:3722} INFO - Setting next_dagrun for example_local_kubernetes_executor to None, run_after=None
[2025-10-17T07:44:25.360+0000] {processor.py:179} INFO - Processing /home/airflow/.local/lib/python3.8/site-packages/airflow/example_dags/example_local_kubernetes_executor.py took 0.205 seconds
[2025-10-17T07:44:35.926+0000] {processor.py:157} INFO - Started process (PID=59) to work on /home/airflow/.local/lib/python3.8/site-packages/airflow/example_dags/example_local_kubernetes_executor.py
[2025-10-17T07:44:35.930+0000] {processor.py:829} INFO - Processing file /home/airflow/.local/lib/python3.8/site-packages/airflow/example_dags/example_local_kubernetes_executor.py for tasks to queue
[2025-10-17T07:44:35.933+0000] {logging_mixin.py:154} INFO - [2025-10-17T07:44:35.932+0000] {dagbag.py:536} INFO - Filling up the DagBag from /home/airflow/.local/lib/python3.8/site-packages/airflow/example_dags/example_local_kubernetes_executor.py
[2025-10-17T07:44:35.947+0000] {processor.py:839} INFO - DAG(s) dict_keys(['example_local_kubernetes_executor']) retrieved from /home/airflow/.local/lib/python3.8/site-packages/airflow/example_dags/example_local_kubernetes_executor.py
[2025-10-17T07:44:35.964+0000] {logging_mixin.py:154} INFO - [2025-10-17T07:44:35.963+0000] {dag.py:2941} INFO - Sync 1 DAGs
[2025-10-17T07:44:35.983+0000] {logging_mixin.py:154} INFO - [2025-10-17T07:44:35.983+0000] {dag.py:3722} INFO - Setting next_dagrun for example_local_kubernetes_executor to None, run_after=None
[2025-10-17T07:44:36.010+0000] {processor.py:179} INFO - Processing /home/airflow/.local/lib/python3.8/site-packages/airflow/example_dags/example_local_kubernetes_executor.py took 0.093 seconds
[2025-10-17T07:45:06.487+0000] {processor.py:157} INFO - Started process (PID=115) to work on /home/airflow/.local/lib/python3.8/site-packages/airflow/example_dags/example_local_kubernetes_executor.py
[2025-10-17T07:45:06.488+0000] {processor.py:829} INFO - Processing file /home/airflow/.local/lib/python3.8/site-packages/airflow/example_dags/example_local_kubernetes_executor.py for tasks to queue
[2025-10-17T07:45:06.491+0000] {logging_mixin.py:154} INFO - [2025-10-17T07:45:06.491+0000] {dagbag.py:536} INFO - Filling up the DagBag from /home/airflow/.local/lib/python3.8/site-packages/airflow/example_dags/example_local_kubernetes_executor.py
[2025-10-17T07:45:06.498+0000] {processor.py:839} INFO - DAG(s) dict_keys(['example_local_kubernetes_executor']) retrieved from /home/airflow/.local/lib/python3.8/site-packages/airflow/example_dags/example_local_kubernetes_executor.py
[2025-10-17T07:45:06.530+0000] {logging_mixin.py:154} INFO - [2025-10-17T07:45:06.530+0000] {dag.py:2941} INFO - Sync 1 DAGs
[2025-10-17T07:45:06.541+0000] {logging_mixin.py:154} INFO - [2025-10-17T07:45:06.541+0000] {dag.py:3722} INFO - Setting next_dagrun for example_local_kubernetes_executor to None, run_after=None
[2025-10-17T07:45:06.561+0000] {processor.py:179} INFO - Processing /home/airflow/.local/lib/python3.8/site-packages/airflow/example_dags/example_local_kubernetes_executor.py took 0.078 seconds
[2025-10-17T07:46:19.771+0000] {processor.py:157} INFO - Started process (PID=67) to work on /home/airflow/.local/lib/python3.8/site-packages/airflow/example_dags/example_local_kubernetes_executor.py
[2025-10-17T07:46:19.773+0000] {processor.py:829} INFO - Processing file /home/airflow/.local/lib/python3.8/site-packages/airflow/example_dags/example_local_kubernetes_executor.py for tasks to queue
[2025-10-17T07:46:19.777+0000] {logging_mixin.py:154} INFO - [2025-10-17T07:46:19.776+0000] {dagbag.py:536} INFO - Filling up the DagBag from /home/airflow/.local/lib/python3.8/site-packages/airflow/example_dags/example_local_kubernetes_executor.py
[2025-10-17T07:46:19.794+0000] {processor.py:839} INFO - DAG(s) dict_keys(['example_local_kubernetes_executor']) retrieved from /home/airflow/.local/lib/python3.8/site-packages/airflow/example_dags/example_local_kubernetes_executor.py
[2025-10-17T07:46:19.995+0000] {logging_mixin.py:154} INFO - [2025-10-17T07:46:19.995+0000] {manager.py:499} INFO - Created Permission View: %s
[2025-10-17T07:46:20.012+0000] {logging_mixin.py:154} INFO - [2025-10-17T07:46:20.012+0000] {manager.py:499} INFO - Created Permission View: %s
[2025-10-17T07:46:20.022+0000] {logging_mixin.py:154} INFO - [2025-10-17T07:46:20.021+0000] {manager.py:499} INFO - Created Permission View: %s
[2025-10-17T07:46:20.022+0000] {logging_mixin.py:154} INFO - [2025-10-17T07:46:20.022+0000] {dag.py:2941} INFO - Sync 1 DAGs
[2025-10-17T07:46:20.038+0000] {logging_mixin.py:154} INFO - [2025-10-17T07:46:20.038+0000] {dag.py:2963} INFO - Creating ORM DAG for example_local_kubernetes_executor
[2025-10-17T07:46:20.039+0000] {logging_mixin.py:154} INFO - [2025-10-17T07:46:20.038+0000] {dag.py:3722} INFO - Setting next_dagrun for example_local_kubernetes_executor to None, run_after=None
[2025-10-17T07:46:20.060+0000] {processor.py:179} INFO - Processing /home/airflow/.local/lib/python3.8/site-packages/airflow/example_dags/example_local_kubernetes_executor.py took 0.292 seconds
[2025-10-17T07:46:50.294+0000] {processor.py:157} INFO - Started process (PID=123) to work on /home/airflow/.local/lib/python3.8/site-packages/airflow/example_dags/example_local_kubernetes_executor.py
[2025-10-17T07:46:50.296+0000] {processor.py:829} INFO - Processing file /home/airflow/.local/lib/python3.8/site-packages/airflow/example_dags/example_local_kubernetes_executor.py for tasks to queue
[2025-10-17T07:46:50.298+0000] {logging_mixin.py:154} INFO - [2025-10-17T07:46:50.298+0000] {dagbag.py:536} INFO - Filling up the DagBag from /home/airflow/.local/lib/python3.8/site-packages/airflow/example_dags/example_local_kubernetes_executor.py
[2025-10-17T07:46:50.305+0000] {processor.py:839} INFO - DAG(s) dict_keys(['example_local_kubernetes_executor']) retrieved from /home/airflow/.local/lib/python3.8/site-packages/airflow/example_dags/example_local_kubernetes_executor.py
[2025-10-17T07:46:50.335+0000] {logging_mixin.py:154} INFO - [2025-10-17T07:46:50.334+0000] {dag.py:2941} INFO - Sync 1 DAGs
[2025-10-17T07:46:50.347+0000] {logging_mixin.py:154} INFO - [2025-10-17T07:46:50.347+0000] {dag.py:3722} INFO - Setting next_dagrun for example_local_kubernetes_executor to None, run_after=None
[2025-10-17T07:46:50.364+0000] {processor.py:179} INFO - Processing /home/airflow/.local/lib/python3.8/site-packages/airflow/example_dags/example_local_kubernetes_executor.py took 0.073 seconds
[2025-10-17T07:47:21.217+0000] {processor.py:157} INFO - Started process (PID=179) to work on /home/airflow/.local/lib/python3.8/site-packages/airflow/example_dags/example_local_kubernetes_executor.py
[2025-10-17T07:47:21.218+0000] {processor.py:829} INFO - Processing file /home/airflow/.local/lib/python3.8/site-packages/airflow/example_dags/example_local_kubernetes_executor.py for tasks to queue
[2025-10-17T07:47:21.221+0000] {logging_mixin.py:154} INFO - [2025-10-17T07:47:21.221+0000] {dagbag.py:536} INFO - Filling up the DagBag from /home/airflow/.local/lib/python3.8/site-packages/airflow/example_dags/example_local_kubernetes_executor.py
[2025-10-17T07:47:21.229+0000] {processor.py:839} INFO - DAG(s) dict_keys(['example_local_kubernetes_executor']) retrieved from /home/airflow/.local/lib/python3.8/site-packages/airflow/example_dags/example_local_kubernetes_executor.py
[2025-10-17T07:47:21.268+0000] {logging_mixin.py:154} INFO - [2025-10-17T07:47:21.267+0000] {dag.py:2941} INFO - Sync 1 DAGs
[2025-10-17T07:47:21.281+0000] {logging_mixin.py:154} INFO - [2025-10-17T07:47:21.281+0000] {dag.py:3722} INFO - Setting next_dagrun for example_local_kubernetes_executor to None, run_after=None
[2025-10-17T07:47:21.301+0000] {processor.py:179} INFO - Processing /home/airflow/.local/lib/python3.8/site-packages/airflow/example_dags/example_local_kubernetes_executor.py took 0.087 seconds
[2025-10-17T07:47:51.793+0000] {processor.py:157} INFO - Started process (PID=241) to work on /home/airflow/.local/lib/python3.8/site-packages/airflow/example_dags/example_local_kubernetes_executor.py
[2025-10-17T07:47:51.794+0000] {processor.py:829} INFO - Processing file /home/airflow/.local/lib/python3.8/site-packages/airflow/example_dags/example_local_kubernetes_executor.py for tasks to queue
[2025-10-17T07:47:51.796+0000] {logging_mixin.py:154} INFO - [2025-10-17T07:47:51.796+0000] {dagbag.py:536} INFO - Filling up the DagBag from /home/airflow/.local/lib/python3.8/site-packages/airflow/example_dags/example_local_kubernetes_executor.py
[2025-10-17T07:47:51.806+0000] {processor.py:839} INFO - DAG(s) dict_keys(['example_local_kubernetes_executor']) retrieved from /home/airflow/.local/lib/python3.8/site-packages/airflow/example_dags/example_local_kubernetes_executor.py
[2025-10-17T07:47:51.849+0000] {logging_mixin.py:154} INFO - [2025-10-17T07:47:51.849+0000] {dag.py:2941} INFO - Sync 1 DAGs
[2025-10-17T07:47:51.862+0000] {logging_mixin.py:154} INFO - [2025-10-17T07:47:51.862+0000] {dag.py:3722} INFO - Setting next_dagrun for example_local_kubernetes_executor to None, run_after=None
[2025-10-17T07:47:51.879+0000] {processor.py:179} INFO - Processing /home/airflow/.local/lib/python3.8/site-packages/airflow/example_dags/example_local_kubernetes_executor.py took 0.090 seconds
[2025-10-17T07:48:22.313+0000] {processor.py:157} INFO - Started process (PID=298) to work on /home/airflow/.local/lib/python3.8/site-packages/airflow/example_dags/example_local_kubernetes_executor.py
[2025-10-17T07:48:22.314+0000] {processor.py:829} INFO - Processing file /home/airflow/.local/lib/python3.8/site-packages/airflow/example_dags/example_local_kubernetes_executor.py for tasks to queue
[2025-10-17T07:48:22.316+0000] {logging_mixin.py:154} INFO - [2025-10-17T07:48:22.316+0000] {dagbag.py:536} INFO - Filling up the DagBag from /home/airflow/.local/lib/python3.8/site-packages/airflow/example_dags/example_local_kubernetes_executor.py
[2025-10-17T07:48:22.324+0000] {processor.py:839} INFO - DAG(s) dict_keys(['example_local_kubernetes_executor']) retrieved from /home/airflow/.local/lib/python3.8/site-packages/airflow/example_dags/example_local_kubernetes_executor.py
[2025-10-17T07:48:22.356+0000] {logging_mixin.py:154} INFO - [2025-10-17T07:48:22.356+0000] {dag.py:2941} INFO - Sync 1 DAGs
[2025-10-17T07:48:22.367+0000] {logging_mixin.py:154} INFO - [2025-10-17T07:48:22.367+0000] {dag.py:3722} INFO - Setting next_dagrun for example_local_kubernetes_executor to None, run_after=None
[2025-10-17T07:48:22.384+0000] {processor.py:179} INFO - Processing /home/airflow/.local/lib/python3.8/site-packages/airflow/example_dags/example_local_kubernetes_executor.py took 0.074 seconds
[2025-10-17T07:48:53.253+0000] {processor.py:157} INFO - Started process (PID=354) to work on /home/airflow/.local/lib/python3.8/site-packages/airflow/example_dags/example_local_kubernetes_executor.py
[2025-10-17T07:48:53.254+0000] {processor.py:829} INFO - Processing file /home/airflow/.local/lib/python3.8/site-packages/airflow/example_dags/example_local_kubernetes_executor.py for tasks to queue
[2025-10-17T07:48:53.256+0000] {logging_mixin.py:154} INFO - [2025-10-17T07:48:53.256+0000] {dagbag.py:536} INFO - Filling up the DagBag from /home/airflow/.local/lib/python3.8/site-packages/airflow/example_dags/example_local_kubernetes_executor.py
[2025-10-17T07:48:53.263+0000] {processor.py:839} INFO - DAG(s) dict_keys(['example_local_kubernetes_executor']) retrieved from /home/airflow/.local/lib/python3.8/site-packages/airflow/example_dags/example_local_kubernetes_executor.py
[2025-10-17T07:48:53.293+0000] {logging_mixin.py:154} INFO - [2025-10-17T07:48:53.293+0000] {dag.py:2941} INFO - Sync 1 DAGs
[2025-10-17T07:48:53.305+0000] {logging_mixin.py:154} INFO - [2025-10-17T07:48:53.305+0000] {dag.py:3722} INFO - Setting next_dagrun for example_local_kubernetes_executor to None, run_after=None
[2025-10-17T07:48:53.322+0000] {processor.py:179} INFO - Processing /home/airflow/.local/lib/python3.8/site-packages/airflow/example_dags/example_local_kubernetes_executor.py took 0.072 seconds
[2025-10-17T07:49:23.714+0000] {processor.py:157} INFO - Started process (PID=410) to work on /home/airflow/.local/lib/python3.8/site-packages/airflow/example_dags/example_local_kubernetes_executor.py
[2025-10-17T07:49:23.716+0000] {processor.py:829} INFO - Processing file /home/airflow/.local/lib/python3.8/site-packages/airflow/example_dags/example_local_kubernetes_executor.py for tasks to queue
[2025-10-17T07:49:23.718+0000] {logging_mixin.py:154} INFO - [2025-10-17T07:49:23.718+0000] {dagbag.py:536} INFO - Filling up the DagBag from /home/airflow/.local/lib/python3.8/site-packages/airflow/example_dags/example_local_kubernetes_executor.py
[2025-10-17T07:49:23.725+0000] {processor.py:839} INFO - DAG(s) dict_keys(['example_local_kubernetes_executor']) retrieved from /home/airflow/.local/lib/python3.8/site-packages/airflow/example_dags/example_local_kubernetes_executor.py
[2025-10-17T07:49:23.757+0000] {logging_mixin.py:154} INFO - [2025-10-17T07:49:23.757+0000] {dag.py:2941} INFO - Sync 1 DAGs
[2025-10-17T07:49:23.769+0000] {logging_mixin.py:154} INFO - [2025-10-17T07:49:23.769+0000] {dag.py:3722} INFO - Setting next_dagrun for example_local_kubernetes_executor to None, run_after=None
[2025-10-17T07:49:23.788+0000] {processor.py:179} INFO - Processing /home/airflow/.local/lib/python3.8/site-packages/airflow/example_dags/example_local_kubernetes_executor.py took 0.077 seconds
[2025-10-17T07:49:54.213+0000] {processor.py:157} INFO - Started process (PID=465) to work on /home/airflow/.local/lib/python3.8/site-packages/airflow/example_dags/example_local_kubernetes_executor.py
[2025-10-17T07:49:54.215+0000] {processor.py:829} INFO - Processing file /home/airflow/.local/lib/python3.8/site-packages/airflow/example_dags/example_local_kubernetes_executor.py for tasks to queue
[2025-10-17T07:49:54.217+0000] {logging_mixin.py:154} INFO - [2025-10-17T07:49:54.217+0000] {dagbag.py:536} INFO - Filling up the DagBag from /home/airflow/.local/lib/python3.8/site-packages/airflow/example_dags/example_local_kubernetes_executor.py
[2025-10-17T07:49:54.225+0000] {processor.py:839} INFO - DAG(s) dict_keys(['example_local_kubernetes_executor']) retrieved from /home/airflow/.local/lib/python3.8/site-packages/airflow/example_dags/example_local_kubernetes_executor.py
[2025-10-17T07:49:54.256+0000] {logging_mixin.py:154} INFO - [2025-10-17T07:49:54.256+0000] {dag.py:2941} INFO - Sync 1 DAGs
[2025-10-17T07:49:54.268+0000] {logging_mixin.py:154} INFO - [2025-10-17T07:49:54.267+0000] {dag.py:3722} INFO - Setting next_dagrun for example_local_kubernetes_executor to None, run_after=None
[2025-10-17T07:49:54.287+0000] {processor.py:179} INFO - Processing /home/airflow/.local/lib/python3.8/site-packages/airflow/example_dags/example_local_kubernetes_executor.py took 0.077 seconds
[2025-10-17T07:50:25.582+0000] {processor.py:157} INFO - Started process (PID=522) to work on /home/airflow/.local/lib/python3.8/site-packages/airflow/example_dags/example_local_kubernetes_executor.py
[2025-10-17T07:50:25.583+0000] {processor.py:829} INFO - Processing file /home/airflow/.local/lib/python3.8/site-packages/airflow/example_dags/example_local_kubernetes_executor.py for tasks to queue
[2025-10-17T07:50:25.586+0000] {logging_mixin.py:154} INFO - [2025-10-17T07:50:25.585+0000] {dagbag.py:536} INFO - Filling up the DagBag from /home/airflow/.local/lib/python3.8/site-packages/airflow/example_dags/example_local_kubernetes_executor.py
[2025-10-17T07:50:25.593+0000] {processor.py:839} INFO - DAG(s) dict_keys(['example_local_kubernetes_executor']) retrieved from /home/airflow/.local/lib/python3.8/site-packages/airflow/example_dags/example_local_kubernetes_executor.py
[2025-10-17T07:50:25.625+0000] {logging_mixin.py:154} INFO - [2025-10-17T07:50:25.624+0000] {dag.py:2941} INFO - Sync 1 DAGs
[2025-10-17T07:50:25.635+0000] {logging_mixin.py:154} INFO - [2025-10-17T07:50:25.635+0000] {dag.py:3722} INFO - Setting next_dagrun for example_local_kubernetes_executor to None, run_after=None
[2025-10-17T07:50:25.651+0000] {processor.py:179} INFO - Processing /home/airflow/.local/lib/python3.8/site-packages/airflow/example_dags/example_local_kubernetes_executor.py took 0.073 seconds
[2025-10-17T07:50:56.626+0000] {processor.py:157} INFO - Started process (PID=578) to work on /home/airflow/.local/lib/python3.8/site-packages/airflow/example_dags/example_local_kubernetes_executor.py
[2025-10-17T07:50:56.627+0000] {processor.py:829} INFO - Processing file /home/airflow/.local/lib/python3.8/site-packages/airflow/example_dags/example_local_kubernetes_executor.py for tasks to queue
[2025-10-17T07:50:56.629+0000] {logging_mixin.py:154} INFO - [2025-10-17T07:50:56.629+0000] {dagbag.py:536} INFO - Filling up the DagBag from /home/airflow/.local/lib/python3.8/site-packages/airflow/example_dags/example_local_kubernetes_executor.py
[2025-10-17T07:50:56.637+0000] {processor.py:839} INFO - DAG(s) dict_keys(['example_local_kubernetes_executor']) retrieved from /home/airflow/.local/lib/python3.8/site-packages/airflow/example_dags/example_local_kubernetes_executor.py
[2025-10-17T07:50:56.666+0000] {logging_mixin.py:154} INFO - [2025-10-17T07:50:56.666+0000] {dag.py:2941} INFO - Sync 1 DAGs
[2025-10-17T07:50:56.676+0000] {logging_mixin.py:154} INFO - [2025-10-17T07:50:56.676+0000] {dag.py:3722} INFO - Setting next_dagrun for example_local_kubernetes_executor to None, run_after=None
[2025-10-17T07:50:56.692+0000] {processor.py:179} INFO - Processing /home/airflow/.local/lib/python3.8/site-packages/airflow/example_dags/example_local_kubernetes_executor.py took 0.069 seconds
[2025-10-17T07:51:27.047+0000] {processor.py:157} INFO - Started process (PID=634) to work on /home/airflow/.local/lib/python3.8/site-packages/airflow/example_dags/example_local_kubernetes_executor.py
[2025-10-17T07:51:27.048+0000] {processor.py:829} INFO - Processing file /home/airflow/.local/lib/python3.8/site-packages/airflow/example_dags/example_local_kubernetes_executor.py for tasks to queue
[2025-10-17T07:51:27.051+0000] {logging_mixin.py:154} INFO - [2025-10-17T07:51:27.050+0000] {dagbag.py:536} INFO - Filling up the DagBag from /home/airflow/.local/lib/python3.8/site-packages/airflow/example_dags/example_local_kubernetes_executor.py
[2025-10-17T07:51:27.058+0000] {processor.py:839} INFO - DAG(s) dict_keys(['example_local_kubernetes_executor']) retrieved from /home/airflow/.local/lib/python3.8/site-packages/airflow/example_dags/example_local_kubernetes_executor.py
[2025-10-17T07:51:27.090+0000] {logging_mixin.py:154} INFO - [2025-10-17T07:51:27.089+0000] {dag.py:2941} INFO - Sync 1 DAGs
[2025-10-17T07:51:27.100+0000] {logging_mixin.py:154} INFO - [2025-10-17T07:51:27.100+0000] {dag.py:3722} INFO - Setting next_dagrun for example_local_kubernetes_executor to None, run_after=None
[2025-10-17T07:51:27.118+0000] {processor.py:179} INFO - Processing /home/airflow/.local/lib/python3.8/site-packages/airflow/example_dags/example_local_kubernetes_executor.py took 0.075 seconds
[2025-10-17T07:51:57.755+0000] {processor.py:157} INFO - Started process (PID=690) to work on /home/airflow/.local/lib/python3.8/site-packages/airflow/example_dags/example_local_kubernetes_executor.py
[2025-10-17T07:51:57.756+0000] {processor.py:829} INFO - Processing file /home/airflow/.local/lib/python3.8/site-packages/airflow/example_dags/example_local_kubernetes_executor.py for tasks to queue
[2025-10-17T07:51:57.758+0000] {logging_mixin.py:154} INFO - [2025-10-17T07:51:57.758+0000] {dagbag.py:536} INFO - Filling up the DagBag from /home/airflow/.local/lib/python3.8/site-packages/airflow/example_dags/example_local_kubernetes_executor.py
[2025-10-17T07:51:57.765+0000] {processor.py:839} INFO - DAG(s) dict_keys(['example_local_kubernetes_executor']) retrieved from /home/airflow/.local/lib/python3.8/site-packages/airflow/example_dags/example_local_kubernetes_executor.py
[2025-10-17T07:51:57.795+0000] {logging_mixin.py:154} INFO - [2025-10-17T07:51:57.795+0000] {dag.py:2941} INFO - Sync 1 DAGs
[2025-10-17T07:51:57.807+0000] {logging_mixin.py:154} INFO - [2025-10-17T07:51:57.806+0000] {dag.py:3722} INFO - Setting next_dagrun for example_local_kubernetes_executor to None, run_after=None
[2025-10-17T07:51:57.822+0000] {processor.py:179} INFO - Processing /home/airflow/.local/lib/python3.8/site-packages/airflow/example_dags/example_local_kubernetes_executor.py took 0.071 seconds
[2025-10-17T08:08:52.345+0000] {processor.py:157} INFO - Started process (PID=67) to work on /home/airflow/.local/lib/python3.8/site-packages/airflow/example_dags/example_local_kubernetes_executor.py
[2025-10-17T08:08:52.348+0000] {processor.py:829} INFO - Processing file /home/airflow/.local/lib/python3.8/site-packages/airflow/example_dags/example_local_kubernetes_executor.py for tasks to queue
[2025-10-17T08:08:52.353+0000] {logging_mixin.py:154} INFO - [2025-10-17T08:08:52.352+0000] {dagbag.py:536} INFO - Filling up the DagBag from /home/airflow/.local/lib/python3.8/site-packages/airflow/example_dags/example_local_kubernetes_executor.py
[2025-10-17T08:08:52.384+0000] {processor.py:839} INFO - DAG(s) dict_keys(['example_local_kubernetes_executor']) retrieved from /home/airflow/.local/lib/python3.8/site-packages/airflow/example_dags/example_local_kubernetes_executor.py
[2025-10-17T08:08:52.713+0000] {logging_mixin.py:154} INFO - [2025-10-17T08:08:52.712+0000] {manager.py:499} INFO - Created Permission View: %s
[2025-10-17T08:08:52.739+0000] {logging_mixin.py:154} INFO - [2025-10-17T08:08:52.739+0000] {manager.py:499} INFO - Created Permission View: %s
[2025-10-17T08:08:52.755+0000] {logging_mixin.py:154} INFO - [2025-10-17T08:08:52.754+0000] {manager.py:499} INFO - Created Permission View: %s
[2025-10-17T08:08:52.756+0000] {logging_mixin.py:154} INFO - [2025-10-17T08:08:52.755+0000] {dag.py:2941} INFO - Sync 1 DAGs
[2025-10-17T08:08:52.791+0000] {logging_mixin.py:154} INFO - [2025-10-17T08:08:52.790+0000] {dag.py:2963} INFO - Creating ORM DAG for example_local_kubernetes_executor
[2025-10-17T08:08:52.793+0000] {logging_mixin.py:154} INFO - [2025-10-17T08:08:52.793+0000] {dag.py:3722} INFO - Setting next_dagrun for example_local_kubernetes_executor to None, run_after=None
[2025-10-17T08:08:52.839+0000] {processor.py:179} INFO - Processing /home/airflow/.local/lib/python3.8/site-packages/airflow/example_dags/example_local_kubernetes_executor.py took 0.501 seconds
[2025-10-17T08:09:23.364+0000] {processor.py:157} INFO - Started process (PID=131) to work on /home/airflow/.local/lib/python3.8/site-packages/airflow/example_dags/example_local_kubernetes_executor.py
[2025-10-17T08:09:23.365+0000] {processor.py:829} INFO - Processing file /home/airflow/.local/lib/python3.8/site-packages/airflow/example_dags/example_local_kubernetes_executor.py for tasks to queue
[2025-10-17T08:09:23.368+0000] {logging_mixin.py:154} INFO - [2025-10-17T08:09:23.367+0000] {dagbag.py:536} INFO - Filling up the DagBag from /home/airflow/.local/lib/python3.8/site-packages/airflow/example_dags/example_local_kubernetes_executor.py
[2025-10-17T08:09:23.375+0000] {processor.py:839} INFO - DAG(s) dict_keys(['example_local_kubernetes_executor']) retrieved from /home/airflow/.local/lib/python3.8/site-packages/airflow/example_dags/example_local_kubernetes_executor.py
[2025-10-17T08:09:23.407+0000] {logging_mixin.py:154} INFO - [2025-10-17T08:09:23.407+0000] {dag.py:2941} INFO - Sync 1 DAGs
[2025-10-17T08:09:23.420+0000] {logging_mixin.py:154} INFO - [2025-10-17T08:09:23.419+0000] {dag.py:3722} INFO - Setting next_dagrun for example_local_kubernetes_executor to None, run_after=None
[2025-10-17T08:09:23.437+0000] {processor.py:179} INFO - Processing /home/airflow/.local/lib/python3.8/site-packages/airflow/example_dags/example_local_kubernetes_executor.py took 0.078 seconds
[2025-10-17T08:09:54.305+0000] {processor.py:157} INFO - Started process (PID=187) to work on /home/airflow/.local/lib/python3.8/site-packages/airflow/example_dags/example_local_kubernetes_executor.py
[2025-10-17T08:09:54.307+0000] {processor.py:829} INFO - Processing file /home/airflow/.local/lib/python3.8/site-packages/airflow/example_dags/example_local_kubernetes_executor.py for tasks to queue
[2025-10-17T08:09:54.310+0000] {logging_mixin.py:154} INFO - [2025-10-17T08:09:54.309+0000] {dagbag.py:536} INFO - Filling up the DagBag from /home/airflow/.local/lib/python3.8/site-packages/airflow/example_dags/example_local_kubernetes_executor.py
[2025-10-17T08:09:54.319+0000] {processor.py:839} INFO - DAG(s) dict_keys(['example_local_kubernetes_executor']) retrieved from /home/airflow/.local/lib/python3.8/site-packages/airflow/example_dags/example_local_kubernetes_executor.py
[2025-10-17T08:09:54.367+0000] {logging_mixin.py:154} INFO - [2025-10-17T08:09:54.366+0000] {dag.py:2941} INFO - Sync 1 DAGs
[2025-10-17T08:09:54.383+0000] {logging_mixin.py:154} INFO - [2025-10-17T08:09:54.382+0000] {dag.py:3722} INFO - Setting next_dagrun for example_local_kubernetes_executor to None, run_after=None
[2025-10-17T08:09:54.412+0000] {processor.py:179} INFO - Processing /home/airflow/.local/lib/python3.8/site-packages/airflow/example_dags/example_local_kubernetes_executor.py took 0.111 seconds
[2025-10-17T08:10:24.439+0000] {processor.py:157} INFO - Started process (PID=243) to work on /home/airflow/.local/lib/python3.8/site-packages/airflow/example_dags/example_local_kubernetes_executor.py
[2025-10-17T08:10:24.440+0000] {processor.py:829} INFO - Processing file /home/airflow/.local/lib/python3.8/site-packages/airflow/example_dags/example_local_kubernetes_executor.py for tasks to queue
[2025-10-17T08:10:24.443+0000] {logging_mixin.py:154} INFO - [2025-10-17T08:10:24.442+0000] {dagbag.py:536} INFO - Filling up the DagBag from /home/airflow/.local/lib/python3.8/site-packages/airflow/example_dags/example_local_kubernetes_executor.py
[2025-10-17T08:10:24.450+0000] {processor.py:839} INFO - DAG(s) dict_keys(['example_local_kubernetes_executor']) retrieved from /home/airflow/.local/lib/python3.8/site-packages/airflow/example_dags/example_local_kubernetes_executor.py
[2025-10-17T08:10:24.480+0000] {logging_mixin.py:154} INFO - [2025-10-17T08:10:24.479+0000] {dag.py:2941} INFO - Sync 1 DAGs
[2025-10-17T08:10:24.490+0000] {logging_mixin.py:154} INFO - [2025-10-17T08:10:24.490+0000] {dag.py:3722} INFO - Setting next_dagrun for example_local_kubernetes_executor to None, run_after=None
[2025-10-17T08:10:24.509+0000] {processor.py:179} INFO - Processing /home/airflow/.local/lib/python3.8/site-packages/airflow/example_dags/example_local_kubernetes_executor.py took 0.073 seconds
[2025-10-17T08:10:55.190+0000] {processor.py:157} INFO - Started process (PID=299) to work on /home/airflow/.local/lib/python3.8/site-packages/airflow/example_dags/example_local_kubernetes_executor.py
[2025-10-17T08:10:55.191+0000] {processor.py:829} INFO - Processing file /home/airflow/.local/lib/python3.8/site-packages/airflow/example_dags/example_local_kubernetes_executor.py for tasks to queue
[2025-10-17T08:10:55.193+0000] {logging_mixin.py:154} INFO - [2025-10-17T08:10:55.193+0000] {dagbag.py:536} INFO - Filling up the DagBag from /home/airflow/.local/lib/python3.8/site-packages/airflow/example_dags/example_local_kubernetes_executor.py
[2025-10-17T08:10:55.202+0000] {processor.py:839} INFO - DAG(s) dict_keys(['example_local_kubernetes_executor']) retrieved from /home/airflow/.local/lib/python3.8/site-packages/airflow/example_dags/example_local_kubernetes_executor.py
[2025-10-17T08:10:55.234+0000] {logging_mixin.py:154} INFO - [2025-10-17T08:10:55.234+0000] {dag.py:2941} INFO - Sync 1 DAGs
[2025-10-17T08:10:55.246+0000] {logging_mixin.py:154} INFO - [2025-10-17T08:10:55.245+0000] {dag.py:3722} INFO - Setting next_dagrun for example_local_kubernetes_executor to None, run_after=None
[2025-10-17T08:10:55.264+0000] {processor.py:179} INFO - Processing /home/airflow/.local/lib/python3.8/site-packages/airflow/example_dags/example_local_kubernetes_executor.py took 0.079 seconds
[2025-10-17T08:11:26.234+0000] {processor.py:157} INFO - Started process (PID=355) to work on /home/airflow/.local/lib/python3.8/site-packages/airflow/example_dags/example_local_kubernetes_executor.py
[2025-10-17T08:11:26.235+0000] {processor.py:829} INFO - Processing file /home/airflow/.local/lib/python3.8/site-packages/airflow/example_dags/example_local_kubernetes_executor.py for tasks to queue
[2025-10-17T08:11:26.237+0000] {logging_mixin.py:154} INFO - [2025-10-17T08:11:26.237+0000] {dagbag.py:536} INFO - Filling up the DagBag from /home/airflow/.local/lib/python3.8/site-packages/airflow/example_dags/example_local_kubernetes_executor.py
[2025-10-17T08:11:26.246+0000] {processor.py:839} INFO - DAG(s) dict_keys(['example_local_kubernetes_executor']) retrieved from /home/airflow/.local/lib/python3.8/site-packages/airflow/example_dags/example_local_kubernetes_executor.py
[2025-10-17T08:11:26.280+0000] {logging_mixin.py:154} INFO - [2025-10-17T08:11:26.279+0000] {dag.py:2941} INFO - Sync 1 DAGs
[2025-10-17T08:11:26.292+0000] {logging_mixin.py:154} INFO - [2025-10-17T08:11:26.292+0000] {dag.py:3722} INFO - Setting next_dagrun for example_local_kubernetes_executor to None, run_after=None
[2025-10-17T08:11:26.310+0000] {processor.py:179} INFO - Processing /home/airflow/.local/lib/python3.8/site-packages/airflow/example_dags/example_local_kubernetes_executor.py took 0.080 seconds
[2025-10-17T08:12:34.778+0000] {processor.py:157} INFO - Started process (PID=76) to work on /home/airflow/.local/lib/python3.8/site-packages/airflow/example_dags/example_local_kubernetes_executor.py
[2025-10-17T08:12:34.780+0000] {processor.py:829} INFO - Processing file /home/airflow/.local/lib/python3.8/site-packages/airflow/example_dags/example_local_kubernetes_executor.py for tasks to queue
[2025-10-17T08:12:34.783+0000] {logging_mixin.py:154} INFO - [2025-10-17T08:12:34.783+0000] {dagbag.py:536} INFO - Filling up the DagBag from /home/airflow/.local/lib/python3.8/site-packages/airflow/example_dags/example_local_kubernetes_executor.py
[2025-10-17T08:12:34.798+0000] {processor.py:839} INFO - DAG(s) dict_keys(['example_local_kubernetes_executor']) retrieved from /home/airflow/.local/lib/python3.8/site-packages/airflow/example_dags/example_local_kubernetes_executor.py
[2025-10-17T08:12:34.935+0000] {logging_mixin.py:154} INFO - [2025-10-17T08:12:34.935+0000] {manager.py:499} INFO - Created Permission View: %s
[2025-10-17T08:12:34.951+0000] {logging_mixin.py:154} INFO - [2025-10-17T08:12:34.951+0000] {manager.py:499} INFO - Created Permission View: %s
[2025-10-17T08:12:34.961+0000] {logging_mixin.py:154} INFO - [2025-10-17T08:12:34.961+0000] {manager.py:499} INFO - Created Permission View: %s
[2025-10-17T08:12:34.962+0000] {logging_mixin.py:154} INFO - [2025-10-17T08:12:34.962+0000] {dag.py:2941} INFO - Sync 1 DAGs
[2025-10-17T08:12:34.975+0000] {logging_mixin.py:154} INFO - [2025-10-17T08:12:34.975+0000] {dag.py:2963} INFO - Creating ORM DAG for example_local_kubernetes_executor
[2025-10-17T08:12:34.976+0000] {logging_mixin.py:154} INFO - [2025-10-17T08:12:34.976+0000] {dag.py:3722} INFO - Setting next_dagrun for example_local_kubernetes_executor to None, run_after=None
[2025-10-17T08:12:34.993+0000] {processor.py:179} INFO - Processing /home/airflow/.local/lib/python3.8/site-packages/airflow/example_dags/example_local_kubernetes_executor.py took 0.219 seconds
[2025-10-17T08:13:05.618+0000] {processor.py:157} INFO - Started process (PID=132) to work on /home/airflow/.local/lib/python3.8/site-packages/airflow/example_dags/example_local_kubernetes_executor.py
[2025-10-17T08:13:05.619+0000] {processor.py:829} INFO - Processing file /home/airflow/.local/lib/python3.8/site-packages/airflow/example_dags/example_local_kubernetes_executor.py for tasks to queue
[2025-10-17T08:13:05.621+0000] {logging_mixin.py:154} INFO - [2025-10-17T08:13:05.621+0000] {dagbag.py:536} INFO - Filling up the DagBag from /home/airflow/.local/lib/python3.8/site-packages/airflow/example_dags/example_local_kubernetes_executor.py
[2025-10-17T08:13:05.628+0000] {processor.py:839} INFO - DAG(s) dict_keys(['example_local_kubernetes_executor']) retrieved from /home/airflow/.local/lib/python3.8/site-packages/airflow/example_dags/example_local_kubernetes_executor.py
[2025-10-17T08:13:05.660+0000] {logging_mixin.py:154} INFO - [2025-10-17T08:13:05.660+0000] {dag.py:2941} INFO - Sync 1 DAGs
[2025-10-17T08:13:05.673+0000] {logging_mixin.py:154} INFO - [2025-10-17T08:13:05.673+0000] {dag.py:3722} INFO - Setting next_dagrun for example_local_kubernetes_executor to None, run_after=None
[2025-10-17T08:13:05.690+0000] {processor.py:179} INFO - Processing /home/airflow/.local/lib/python3.8/site-packages/airflow/example_dags/example_local_kubernetes_executor.py took 0.076 seconds
[2025-10-17T08:13:36.182+0000] {processor.py:157} INFO - Started process (PID=188) to work on /home/airflow/.local/lib/python3.8/site-packages/airflow/example_dags/example_local_kubernetes_executor.py
[2025-10-17T08:13:36.183+0000] {processor.py:829} INFO - Processing file /home/airflow/.local/lib/python3.8/site-packages/airflow/example_dags/example_local_kubernetes_executor.py for tasks to queue
[2025-10-17T08:13:36.186+0000] {logging_mixin.py:154} INFO - [2025-10-17T08:13:36.185+0000] {dagbag.py:536} INFO - Filling up the DagBag from /home/airflow/.local/lib/python3.8/site-packages/airflow/example_dags/example_local_kubernetes_executor.py
[2025-10-17T08:13:36.192+0000] {processor.py:839} INFO - DAG(s) dict_keys(['example_local_kubernetes_executor']) retrieved from /home/airflow/.local/lib/python3.8/site-packages/airflow/example_dags/example_local_kubernetes_executor.py
[2025-10-17T08:13:36.230+0000] {logging_mixin.py:154} INFO - [2025-10-17T08:13:36.230+0000] {dag.py:2941} INFO - Sync 1 DAGs
[2025-10-17T08:13:36.240+0000] {logging_mixin.py:154} INFO - [2025-10-17T08:13:36.240+0000] {dag.py:3722} INFO - Setting next_dagrun for example_local_kubernetes_executor to None, run_after=None
[2025-10-17T08:13:36.258+0000] {processor.py:179} INFO - Processing /home/airflow/.local/lib/python3.8/site-packages/airflow/example_dags/example_local_kubernetes_executor.py took 0.079 seconds
