[2025-10-17T07:19:46.171+0000] {processor.py:157} INFO - Started process (PID=575) to work on /home/airflow/.local/lib/python3.8/site-packages/airflow/example_dags/example_branch_labels.py
[2025-10-17T07:19:46.172+0000] {processor.py:829} INFO - Processing file /home/airflow/.local/lib/python3.8/site-packages/airflow/example_dags/example_branch_labels.py for tasks to queue
[2025-10-17T07:19:46.177+0000] {logging_mixin.py:154} INFO - [2025-10-17T07:19:46.177+0000] {dagbag.py:536} INFO - Filling up the DagBag from /home/airflow/.local/lib/python3.8/site-packages/airflow/example_dags/example_branch_labels.py
[2025-10-17T07:19:46.200+0000] {processor.py:839} INFO - DAG(s) dict_keys(['example_branch_labels']) retrieved from /home/airflow/.local/lib/python3.8/site-packages/airflow/example_dags/example_branch_labels.py
[2025-10-17T07:19:46.240+0000] {logging_mixin.py:154} INFO - [2025-10-17T07:19:46.239+0000] {dag.py:2941} INFO - Sync 1 DAGs
[2025-10-17T07:19:46.287+0000] {logging_mixin.py:154} INFO - [2025-10-17T07:19:46.287+0000] {dag.py:3722} INFO - Setting next_dagrun for example_branch_labels to 2025-10-16T00:00:00+00:00, run_after=2025-10-17T00:00:00+00:00
[2025-10-17T07:19:46.334+0000] {processor.py:179} INFO - Processing /home/airflow/.local/lib/python3.8/site-packages/airflow/example_dags/example_branch_labels.py took 0.170 seconds
[2025-10-17T07:20:16.515+0000] {processor.py:157} INFO - Started process (PID=631) to work on /home/airflow/.local/lib/python3.8/site-packages/airflow/example_dags/example_branch_labels.py
[2025-10-17T07:20:16.516+0000] {processor.py:829} INFO - Processing file /home/airflow/.local/lib/python3.8/site-packages/airflow/example_dags/example_branch_labels.py for tasks to queue
[2025-10-17T07:20:16.519+0000] {logging_mixin.py:154} INFO - [2025-10-17T07:20:16.518+0000] {dagbag.py:536} INFO - Filling up the DagBag from /home/airflow/.local/lib/python3.8/site-packages/airflow/example_dags/example_branch_labels.py
[2025-10-17T07:20:16.527+0000] {processor.py:839} INFO - DAG(s) dict_keys(['example_branch_labels']) retrieved from /home/airflow/.local/lib/python3.8/site-packages/airflow/example_dags/example_branch_labels.py
[2025-10-17T07:20:16.551+0000] {logging_mixin.py:154} INFO - [2025-10-17T07:20:16.550+0000] {dag.py:2941} INFO - Sync 1 DAGs
[2025-10-17T07:20:16.580+0000] {logging_mixin.py:154} INFO - [2025-10-17T07:20:16.580+0000] {dag.py:3722} INFO - Setting next_dagrun for example_branch_labels to 2025-10-16T00:00:00+00:00, run_after=2025-10-17T00:00:00+00:00
[2025-10-17T07:20:16.600+0000] {processor.py:179} INFO - Processing /home/airflow/.local/lib/python3.8/site-packages/airflow/example_dags/example_branch_labels.py took 0.089 seconds
[2025-10-17T07:20:47.527+0000] {processor.py:157} INFO - Started process (PID=687) to work on /home/airflow/.local/lib/python3.8/site-packages/airflow/example_dags/example_branch_labels.py
[2025-10-17T07:20:47.531+0000] {processor.py:829} INFO - Processing file /home/airflow/.local/lib/python3.8/site-packages/airflow/example_dags/example_branch_labels.py for tasks to queue
[2025-10-17T07:20:47.536+0000] {logging_mixin.py:154} INFO - [2025-10-17T07:20:47.536+0000] {dagbag.py:536} INFO - Filling up the DagBag from /home/airflow/.local/lib/python3.8/site-packages/airflow/example_dags/example_branch_labels.py
[2025-10-17T07:20:47.579+0000] {processor.py:839} INFO - DAG(s) dict_keys(['example_branch_labels']) retrieved from /home/airflow/.local/lib/python3.8/site-packages/airflow/example_dags/example_branch_labels.py
[2025-10-17T07:20:47.619+0000] {logging_mixin.py:154} INFO - [2025-10-17T07:20:47.618+0000] {dag.py:2941} INFO - Sync 1 DAGs
[2025-10-17T07:20:47.668+0000] {logging_mixin.py:154} INFO - [2025-10-17T07:20:47.668+0000] {dag.py:3722} INFO - Setting next_dagrun for example_branch_labels to 2025-10-16T00:00:00+00:00, run_after=2025-10-17T00:00:00+00:00
[2025-10-17T07:20:47.714+0000] {processor.py:179} INFO - Processing /home/airflow/.local/lib/python3.8/site-packages/airflow/example_dags/example_branch_labels.py took 0.195 seconds
[2025-10-17T07:21:17.991+0000] {processor.py:157} INFO - Started process (PID=743) to work on /home/airflow/.local/lib/python3.8/site-packages/airflow/example_dags/example_branch_labels.py
[2025-10-17T07:21:17.992+0000] {processor.py:829} INFO - Processing file /home/airflow/.local/lib/python3.8/site-packages/airflow/example_dags/example_branch_labels.py for tasks to queue
[2025-10-17T07:21:17.996+0000] {logging_mixin.py:154} INFO - [2025-10-17T07:21:17.995+0000] {dagbag.py:536} INFO - Filling up the DagBag from /home/airflow/.local/lib/python3.8/site-packages/airflow/example_dags/example_branch_labels.py
[2025-10-17T07:21:18.006+0000] {processor.py:839} INFO - DAG(s) dict_keys(['example_branch_labels']) retrieved from /home/airflow/.local/lib/python3.8/site-packages/airflow/example_dags/example_branch_labels.py
[2025-10-17T07:21:18.035+0000] {logging_mixin.py:154} INFO - [2025-10-17T07:21:18.035+0000] {dag.py:2941} INFO - Sync 1 DAGs
[2025-10-17T07:21:18.061+0000] {logging_mixin.py:154} INFO - [2025-10-17T07:21:18.061+0000] {dag.py:3722} INFO - Setting next_dagrun for example_branch_labels to 2025-10-16T00:00:00+00:00, run_after=2025-10-17T00:00:00+00:00
[2025-10-17T07:21:18.088+0000] {processor.py:179} INFO - Processing /home/airflow/.local/lib/python3.8/site-packages/airflow/example_dags/example_branch_labels.py took 0.102 seconds
[2025-10-17T07:21:48.352+0000] {processor.py:157} INFO - Started process (PID=799) to work on /home/airflow/.local/lib/python3.8/site-packages/airflow/example_dags/example_branch_labels.py
[2025-10-17T07:21:48.353+0000] {processor.py:829} INFO - Processing file /home/airflow/.local/lib/python3.8/site-packages/airflow/example_dags/example_branch_labels.py for tasks to queue
[2025-10-17T07:21:48.356+0000] {logging_mixin.py:154} INFO - [2025-10-17T07:21:48.355+0000] {dagbag.py:536} INFO - Filling up the DagBag from /home/airflow/.local/lib/python3.8/site-packages/airflow/example_dags/example_branch_labels.py
[2025-10-17T07:21:48.363+0000] {processor.py:839} INFO - DAG(s) dict_keys(['example_branch_labels']) retrieved from /home/airflow/.local/lib/python3.8/site-packages/airflow/example_dags/example_branch_labels.py
[2025-10-17T07:21:48.386+0000] {logging_mixin.py:154} INFO - [2025-10-17T07:21:48.385+0000] {dag.py:2941} INFO - Sync 1 DAGs
[2025-10-17T07:21:48.406+0000] {logging_mixin.py:154} INFO - [2025-10-17T07:21:48.406+0000] {dag.py:3722} INFO - Setting next_dagrun for example_branch_labels to 2025-10-16T00:00:00+00:00, run_after=2025-10-17T00:00:00+00:00
[2025-10-17T07:21:48.424+0000] {processor.py:179} INFO - Processing /home/airflow/.local/lib/python3.8/site-packages/airflow/example_dags/example_branch_labels.py took 0.076 seconds
[2025-10-17T07:22:19.459+0000] {processor.py:157} INFO - Started process (PID=855) to work on /home/airflow/.local/lib/python3.8/site-packages/airflow/example_dags/example_branch_labels.py
[2025-10-17T07:22:19.460+0000] {processor.py:829} INFO - Processing file /home/airflow/.local/lib/python3.8/site-packages/airflow/example_dags/example_branch_labels.py for tasks to queue
[2025-10-17T07:22:19.463+0000] {logging_mixin.py:154} INFO - [2025-10-17T07:22:19.463+0000] {dagbag.py:536} INFO - Filling up the DagBag from /home/airflow/.local/lib/python3.8/site-packages/airflow/example_dags/example_branch_labels.py
[2025-10-17T07:22:19.470+0000] {processor.py:839} INFO - DAG(s) dict_keys(['example_branch_labels']) retrieved from /home/airflow/.local/lib/python3.8/site-packages/airflow/example_dags/example_branch_labels.py
[2025-10-17T07:22:19.490+0000] {logging_mixin.py:154} INFO - [2025-10-17T07:22:19.489+0000] {dag.py:2941} INFO - Sync 1 DAGs
[2025-10-17T07:22:19.510+0000] {logging_mixin.py:154} INFO - [2025-10-17T07:22:19.510+0000] {dag.py:3722} INFO - Setting next_dagrun for example_branch_labels to 2025-10-16T00:00:00+00:00, run_after=2025-10-17T00:00:00+00:00
[2025-10-17T07:22:19.528+0000] {processor.py:179} INFO - Processing /home/airflow/.local/lib/python3.8/site-packages/airflow/example_dags/example_branch_labels.py took 0.072 seconds
[2025-10-17T07:22:50.788+0000] {processor.py:157} INFO - Started process (PID=911) to work on /home/airflow/.local/lib/python3.8/site-packages/airflow/example_dags/example_branch_labels.py
[2025-10-17T07:22:50.790+0000] {processor.py:829} INFO - Processing file /home/airflow/.local/lib/python3.8/site-packages/airflow/example_dags/example_branch_labels.py for tasks to queue
[2025-10-17T07:22:50.794+0000] {logging_mixin.py:154} INFO - [2025-10-17T07:22:50.794+0000] {dagbag.py:536} INFO - Filling up the DagBag from /home/airflow/.local/lib/python3.8/site-packages/airflow/example_dags/example_branch_labels.py
[2025-10-17T07:22:50.804+0000] {processor.py:839} INFO - DAG(s) dict_keys(['example_branch_labels']) retrieved from /home/airflow/.local/lib/python3.8/site-packages/airflow/example_dags/example_branch_labels.py
[2025-10-17T07:22:50.831+0000] {logging_mixin.py:154} INFO - [2025-10-17T07:22:50.831+0000] {dag.py:2941} INFO - Sync 1 DAGs
[2025-10-17T07:22:50.858+0000] {logging_mixin.py:154} INFO - [2025-10-17T07:22:50.857+0000] {dag.py:3722} INFO - Setting next_dagrun for example_branch_labels to 2025-10-16T00:00:00+00:00, run_after=2025-10-17T00:00:00+00:00
[2025-10-17T07:22:51.050+0000] {processor.py:179} INFO - Processing /home/airflow/.local/lib/python3.8/site-packages/airflow/example_dags/example_branch_labels.py took 0.267 seconds
[2025-10-17T07:23:21.119+0000] {processor.py:157} INFO - Started process (PID=967) to work on /home/airflow/.local/lib/python3.8/site-packages/airflow/example_dags/example_branch_labels.py
[2025-10-17T07:23:21.120+0000] {processor.py:829} INFO - Processing file /home/airflow/.local/lib/python3.8/site-packages/airflow/example_dags/example_branch_labels.py for tasks to queue
[2025-10-17T07:23:21.123+0000] {logging_mixin.py:154} INFO - [2025-10-17T07:23:21.122+0000] {dagbag.py:536} INFO - Filling up the DagBag from /home/airflow/.local/lib/python3.8/site-packages/airflow/example_dags/example_branch_labels.py
[2025-10-17T07:23:21.129+0000] {processor.py:839} INFO - DAG(s) dict_keys(['example_branch_labels']) retrieved from /home/airflow/.local/lib/python3.8/site-packages/airflow/example_dags/example_branch_labels.py
[2025-10-17T07:23:21.149+0000] {logging_mixin.py:154} INFO - [2025-10-17T07:23:21.149+0000] {dag.py:2941} INFO - Sync 1 DAGs
[2025-10-17T07:23:21.168+0000] {logging_mixin.py:154} INFO - [2025-10-17T07:23:21.168+0000] {dag.py:3722} INFO - Setting next_dagrun for example_branch_labels to 2025-10-16T00:00:00+00:00, run_after=2025-10-17T00:00:00+00:00
[2025-10-17T07:23:21.183+0000] {processor.py:179} INFO - Processing /home/airflow/.local/lib/python3.8/site-packages/airflow/example_dags/example_branch_labels.py took 0.067 seconds
[2025-10-17T07:23:52.415+0000] {processor.py:157} INFO - Started process (PID=1023) to work on /home/airflow/.local/lib/python3.8/site-packages/airflow/example_dags/example_branch_labels.py
[2025-10-17T07:23:52.416+0000] {processor.py:829} INFO - Processing file /home/airflow/.local/lib/python3.8/site-packages/airflow/example_dags/example_branch_labels.py for tasks to queue
[2025-10-17T07:23:52.419+0000] {logging_mixin.py:154} INFO - [2025-10-17T07:23:52.419+0000] {dagbag.py:536} INFO - Filling up the DagBag from /home/airflow/.local/lib/python3.8/site-packages/airflow/example_dags/example_branch_labels.py
[2025-10-17T07:23:52.426+0000] {processor.py:839} INFO - DAG(s) dict_keys(['example_branch_labels']) retrieved from /home/airflow/.local/lib/python3.8/site-packages/airflow/example_dags/example_branch_labels.py
[2025-10-17T07:23:52.450+0000] {logging_mixin.py:154} INFO - [2025-10-17T07:23:52.449+0000] {dag.py:2941} INFO - Sync 1 DAGs
[2025-10-17T07:23:52.474+0000] {logging_mixin.py:154} INFO - [2025-10-17T07:23:52.473+0000] {dag.py:3722} INFO - Setting next_dagrun for example_branch_labels to 2025-10-16T00:00:00+00:00, run_after=2025-10-17T00:00:00+00:00
[2025-10-17T07:23:52.493+0000] {processor.py:179} INFO - Processing /home/airflow/.local/lib/python3.8/site-packages/airflow/example_dags/example_branch_labels.py took 0.082 seconds
[2025-10-17T07:24:23.634+0000] {processor.py:157} INFO - Started process (PID=1079) to work on /home/airflow/.local/lib/python3.8/site-packages/airflow/example_dags/example_branch_labels.py
[2025-10-17T07:24:23.635+0000] {processor.py:829} INFO - Processing file /home/airflow/.local/lib/python3.8/site-packages/airflow/example_dags/example_branch_labels.py for tasks to queue
[2025-10-17T07:24:23.639+0000] {logging_mixin.py:154} INFO - [2025-10-17T07:24:23.639+0000] {dagbag.py:536} INFO - Filling up the DagBag from /home/airflow/.local/lib/python3.8/site-packages/airflow/example_dags/example_branch_labels.py
[2025-10-17T07:24:23.648+0000] {processor.py:839} INFO - DAG(s) dict_keys(['example_branch_labels']) retrieved from /home/airflow/.local/lib/python3.8/site-packages/airflow/example_dags/example_branch_labels.py
[2025-10-17T07:24:23.670+0000] {logging_mixin.py:154} INFO - [2025-10-17T07:24:23.669+0000] {dag.py:2941} INFO - Sync 1 DAGs
[2025-10-17T07:24:23.691+0000] {logging_mixin.py:154} INFO - [2025-10-17T07:24:23.691+0000] {dag.py:3722} INFO - Setting next_dagrun for example_branch_labels to 2025-10-16T00:00:00+00:00, run_after=2025-10-17T00:00:00+00:00
[2025-10-17T07:24:23.710+0000] {processor.py:179} INFO - Processing /home/airflow/.local/lib/python3.8/site-packages/airflow/example_dags/example_branch_labels.py took 0.081 seconds
[2025-10-17T07:24:53.748+0000] {processor.py:157} INFO - Started process (PID=1141) to work on /home/airflow/.local/lib/python3.8/site-packages/airflow/example_dags/example_branch_labels.py
[2025-10-17T07:24:53.749+0000] {processor.py:829} INFO - Processing file /home/airflow/.local/lib/python3.8/site-packages/airflow/example_dags/example_branch_labels.py for tasks to queue
[2025-10-17T07:24:53.752+0000] {logging_mixin.py:154} INFO - [2025-10-17T07:24:53.751+0000] {dagbag.py:536} INFO - Filling up the DagBag from /home/airflow/.local/lib/python3.8/site-packages/airflow/example_dags/example_branch_labels.py
[2025-10-17T07:24:53.759+0000] {processor.py:839} INFO - DAG(s) dict_keys(['example_branch_labels']) retrieved from /home/airflow/.local/lib/python3.8/site-packages/airflow/example_dags/example_branch_labels.py
[2025-10-17T07:24:53.778+0000] {logging_mixin.py:154} INFO - [2025-10-17T07:24:53.778+0000] {dag.py:2941} INFO - Sync 1 DAGs
[2025-10-17T07:24:53.797+0000] {logging_mixin.py:154} INFO - [2025-10-17T07:24:53.796+0000] {dag.py:3722} INFO - Setting next_dagrun for example_branch_labels to 2025-10-16T00:00:00+00:00, run_after=2025-10-17T00:00:00+00:00
[2025-10-17T07:24:53.812+0000] {processor.py:179} INFO - Processing /home/airflow/.local/lib/python3.8/site-packages/airflow/example_dags/example_branch_labels.py took 0.067 seconds
[2025-10-17T07:25:24.642+0000] {processor.py:157} INFO - Started process (PID=1203) to work on /home/airflow/.local/lib/python3.8/site-packages/airflow/example_dags/example_branch_labels.py
[2025-10-17T07:25:24.644+0000] {processor.py:829} INFO - Processing file /home/airflow/.local/lib/python3.8/site-packages/airflow/example_dags/example_branch_labels.py for tasks to queue
[2025-10-17T07:25:24.646+0000] {logging_mixin.py:154} INFO - [2025-10-17T07:25:24.646+0000] {dagbag.py:536} INFO - Filling up the DagBag from /home/airflow/.local/lib/python3.8/site-packages/airflow/example_dags/example_branch_labels.py
[2025-10-17T07:25:24.654+0000] {processor.py:839} INFO - DAG(s) dict_keys(['example_branch_labels']) retrieved from /home/airflow/.local/lib/python3.8/site-packages/airflow/example_dags/example_branch_labels.py
[2025-10-17T07:25:24.675+0000] {logging_mixin.py:154} INFO - [2025-10-17T07:25:24.675+0000] {dag.py:2941} INFO - Sync 1 DAGs
[2025-10-17T07:25:24.695+0000] {logging_mixin.py:154} INFO - [2025-10-17T07:25:24.694+0000] {dag.py:3722} INFO - Setting next_dagrun for example_branch_labels to 2025-10-16T00:00:00+00:00, run_after=2025-10-17T00:00:00+00:00
[2025-10-17T07:25:24.710+0000] {processor.py:179} INFO - Processing /home/airflow/.local/lib/python3.8/site-packages/airflow/example_dags/example_branch_labels.py took 0.071 seconds
[2025-10-17T07:25:55.904+0000] {processor.py:157} INFO - Started process (PID=1260) to work on /home/airflow/.local/lib/python3.8/site-packages/airflow/example_dags/example_branch_labels.py
[2025-10-17T07:25:55.905+0000] {processor.py:829} INFO - Processing file /home/airflow/.local/lib/python3.8/site-packages/airflow/example_dags/example_branch_labels.py for tasks to queue
[2025-10-17T07:25:55.908+0000] {logging_mixin.py:154} INFO - [2025-10-17T07:25:55.907+0000] {dagbag.py:536} INFO - Filling up the DagBag from /home/airflow/.local/lib/python3.8/site-packages/airflow/example_dags/example_branch_labels.py
[2025-10-17T07:25:55.914+0000] {processor.py:839} INFO - DAG(s) dict_keys(['example_branch_labels']) retrieved from /home/airflow/.local/lib/python3.8/site-packages/airflow/example_dags/example_branch_labels.py
[2025-10-17T07:25:56.058+0000] {logging_mixin.py:154} INFO - [2025-10-17T07:25:56.058+0000] {dag.py:2941} INFO - Sync 1 DAGs
[2025-10-17T07:25:56.075+0000] {logging_mixin.py:154} INFO - [2025-10-17T07:25:56.074+0000] {dag.py:3722} INFO - Setting next_dagrun for example_branch_labels to 2025-10-16T00:00:00+00:00, run_after=2025-10-17T00:00:00+00:00
[2025-10-17T07:25:56.091+0000] {processor.py:179} INFO - Processing /home/airflow/.local/lib/python3.8/site-packages/airflow/example_dags/example_branch_labels.py took 0.189 seconds
[2025-10-17T07:26:26.280+0000] {processor.py:157} INFO - Started process (PID=1318) to work on /home/airflow/.local/lib/python3.8/site-packages/airflow/example_dags/example_branch_labels.py
[2025-10-17T07:26:26.281+0000] {processor.py:829} INFO - Processing file /home/airflow/.local/lib/python3.8/site-packages/airflow/example_dags/example_branch_labels.py for tasks to queue
[2025-10-17T07:26:26.284+0000] {logging_mixin.py:154} INFO - [2025-10-17T07:26:26.284+0000] {dagbag.py:536} INFO - Filling up the DagBag from /home/airflow/.local/lib/python3.8/site-packages/airflow/example_dags/example_branch_labels.py
[2025-10-17T07:26:26.291+0000] {processor.py:839} INFO - DAG(s) dict_keys(['example_branch_labels']) retrieved from /home/airflow/.local/lib/python3.8/site-packages/airflow/example_dags/example_branch_labels.py
[2025-10-17T07:26:26.312+0000] {logging_mixin.py:154} INFO - [2025-10-17T07:26:26.312+0000] {dag.py:2941} INFO - Sync 1 DAGs
[2025-10-17T07:26:26.331+0000] {logging_mixin.py:154} INFO - [2025-10-17T07:26:26.331+0000] {dag.py:3722} INFO - Setting next_dagrun for example_branch_labels to 2025-10-16T00:00:00+00:00, run_after=2025-10-17T00:00:00+00:00
[2025-10-17T07:26:26.346+0000] {processor.py:179} INFO - Processing /home/airflow/.local/lib/python3.8/site-packages/airflow/example_dags/example_branch_labels.py took 0.069 seconds
[2025-10-17T07:26:56.636+0000] {processor.py:157} INFO - Started process (PID=1373) to work on /home/airflow/.local/lib/python3.8/site-packages/airflow/example_dags/example_branch_labels.py
[2025-10-17T07:26:56.637+0000] {processor.py:829} INFO - Processing file /home/airflow/.local/lib/python3.8/site-packages/airflow/example_dags/example_branch_labels.py for tasks to queue
[2025-10-17T07:26:56.639+0000] {logging_mixin.py:154} INFO - [2025-10-17T07:26:56.639+0000] {dagbag.py:536} INFO - Filling up the DagBag from /home/airflow/.local/lib/python3.8/site-packages/airflow/example_dags/example_branch_labels.py
[2025-10-17T07:26:56.647+0000] {processor.py:839} INFO - DAG(s) dict_keys(['example_branch_labels']) retrieved from /home/airflow/.local/lib/python3.8/site-packages/airflow/example_dags/example_branch_labels.py
[2025-10-17T07:26:56.666+0000] {logging_mixin.py:154} INFO - [2025-10-17T07:26:56.666+0000] {dag.py:2941} INFO - Sync 1 DAGs
[2025-10-17T07:26:56.684+0000] {logging_mixin.py:154} INFO - [2025-10-17T07:26:56.683+0000] {dag.py:3722} INFO - Setting next_dagrun for example_branch_labels to 2025-10-16T00:00:00+00:00, run_after=2025-10-17T00:00:00+00:00
[2025-10-17T07:26:56.697+0000] {processor.py:179} INFO - Processing /home/airflow/.local/lib/python3.8/site-packages/airflow/example_dags/example_branch_labels.py took 0.064 seconds
[2025-10-17T07:27:26.742+0000] {processor.py:157} INFO - Started process (PID=1428) to work on /home/airflow/.local/lib/python3.8/site-packages/airflow/example_dags/example_branch_labels.py
[2025-10-17T07:27:26.744+0000] {processor.py:829} INFO - Processing file /home/airflow/.local/lib/python3.8/site-packages/airflow/example_dags/example_branch_labels.py for tasks to queue
[2025-10-17T07:27:26.746+0000] {logging_mixin.py:154} INFO - [2025-10-17T07:27:26.745+0000] {dagbag.py:536} INFO - Filling up the DagBag from /home/airflow/.local/lib/python3.8/site-packages/airflow/example_dags/example_branch_labels.py
[2025-10-17T07:27:26.753+0000] {processor.py:839} INFO - DAG(s) dict_keys(['example_branch_labels']) retrieved from /home/airflow/.local/lib/python3.8/site-packages/airflow/example_dags/example_branch_labels.py
[2025-10-17T07:27:26.774+0000] {logging_mixin.py:154} INFO - [2025-10-17T07:27:26.774+0000] {dag.py:2941} INFO - Sync 1 DAGs
[2025-10-17T07:27:26.794+0000] {logging_mixin.py:154} INFO - [2025-10-17T07:27:26.794+0000] {dag.py:3722} INFO - Setting next_dagrun for example_branch_labels to 2025-10-16T00:00:00+00:00, run_after=2025-10-17T00:00:00+00:00
[2025-10-17T07:27:26.809+0000] {processor.py:179} INFO - Processing /home/airflow/.local/lib/python3.8/site-packages/airflow/example_dags/example_branch_labels.py took 0.070 seconds
[2025-10-17T07:27:56.939+0000] {processor.py:157} INFO - Started process (PID=1483) to work on /home/airflow/.local/lib/python3.8/site-packages/airflow/example_dags/example_branch_labels.py
[2025-10-17T07:27:56.940+0000] {processor.py:829} INFO - Processing file /home/airflow/.local/lib/python3.8/site-packages/airflow/example_dags/example_branch_labels.py for tasks to queue
[2025-10-17T07:27:56.941+0000] {logging_mixin.py:154} INFO - [2025-10-17T07:27:56.940+0000] {dagbag.py:536} INFO - Filling up the DagBag from /home/airflow/.local/lib/python3.8/site-packages/airflow/example_dags/example_branch_labels.py
[2025-10-17T07:27:56.948+0000] {processor.py:839} INFO - DAG(s) dict_keys(['example_branch_labels']) retrieved from /home/airflow/.local/lib/python3.8/site-packages/airflow/example_dags/example_branch_labels.py
[2025-10-17T07:27:56.970+0000] {logging_mixin.py:154} INFO - [2025-10-17T07:27:56.969+0000] {dag.py:2941} INFO - Sync 1 DAGs
[2025-10-17T07:27:56.988+0000] {logging_mixin.py:154} INFO - [2025-10-17T07:27:56.988+0000] {dag.py:3722} INFO - Setting next_dagrun for example_branch_labels to 2025-10-16T00:00:00+00:00, run_after=2025-10-17T00:00:00+00:00
[2025-10-17T07:27:57.003+0000] {processor.py:179} INFO - Processing /home/airflow/.local/lib/python3.8/site-packages/airflow/example_dags/example_branch_labels.py took 0.068 seconds
[2025-10-17T07:28:27.272+0000] {processor.py:157} INFO - Started process (PID=1541) to work on /home/airflow/.local/lib/python3.8/site-packages/airflow/example_dags/example_branch_labels.py
[2025-10-17T07:28:27.273+0000] {processor.py:829} INFO - Processing file /home/airflow/.local/lib/python3.8/site-packages/airflow/example_dags/example_branch_labels.py for tasks to queue
[2025-10-17T07:28:27.274+0000] {logging_mixin.py:154} INFO - [2025-10-17T07:28:27.274+0000] {dagbag.py:536} INFO - Filling up the DagBag from /home/airflow/.local/lib/python3.8/site-packages/airflow/example_dags/example_branch_labels.py
[2025-10-17T07:28:27.282+0000] {processor.py:839} INFO - DAG(s) dict_keys(['example_branch_labels']) retrieved from /home/airflow/.local/lib/python3.8/site-packages/airflow/example_dags/example_branch_labels.py
[2025-10-17T07:28:27.302+0000] {logging_mixin.py:154} INFO - [2025-10-17T07:28:27.302+0000] {dag.py:2941} INFO - Sync 1 DAGs
[2025-10-17T07:28:27.322+0000] {logging_mixin.py:154} INFO - [2025-10-17T07:28:27.321+0000] {dag.py:3722} INFO - Setting next_dagrun for example_branch_labels to 2025-10-16T00:00:00+00:00, run_after=2025-10-17T00:00:00+00:00
[2025-10-17T07:28:27.337+0000] {processor.py:179} INFO - Processing /home/airflow/.local/lib/python3.8/site-packages/airflow/example_dags/example_branch_labels.py took 0.068 seconds
[2025-10-17T07:28:57.621+0000] {processor.py:157} INFO - Started process (PID=1597) to work on /home/airflow/.local/lib/python3.8/site-packages/airflow/example_dags/example_branch_labels.py
[2025-10-17T07:28:57.622+0000] {processor.py:829} INFO - Processing file /home/airflow/.local/lib/python3.8/site-packages/airflow/example_dags/example_branch_labels.py for tasks to queue
[2025-10-17T07:28:57.623+0000] {logging_mixin.py:154} INFO - [2025-10-17T07:28:57.622+0000] {dagbag.py:536} INFO - Filling up the DagBag from /home/airflow/.local/lib/python3.8/site-packages/airflow/example_dags/example_branch_labels.py
[2025-10-17T07:28:57.630+0000] {processor.py:839} INFO - DAG(s) dict_keys(['example_branch_labels']) retrieved from /home/airflow/.local/lib/python3.8/site-packages/airflow/example_dags/example_branch_labels.py
[2025-10-17T07:28:57.651+0000] {logging_mixin.py:154} INFO - [2025-10-17T07:28:57.651+0000] {dag.py:2941} INFO - Sync 1 DAGs
[2025-10-17T07:28:57.670+0000] {logging_mixin.py:154} INFO - [2025-10-17T07:28:57.670+0000] {dag.py:3722} INFO - Setting next_dagrun for example_branch_labels to 2025-10-16T00:00:00+00:00, run_after=2025-10-17T00:00:00+00:00
[2025-10-17T07:28:57.687+0000] {processor.py:179} INFO - Processing /home/airflow/.local/lib/python3.8/site-packages/airflow/example_dags/example_branch_labels.py took 0.070 seconds
[2025-10-17T07:30:20.718+0000] {processor.py:157} INFO - Started process (PID=81) to work on /home/airflow/.local/lib/python3.8/site-packages/airflow/example_dags/example_branch_labels.py
[2025-10-17T07:30:20.720+0000] {processor.py:829} INFO - Processing file /home/airflow/.local/lib/python3.8/site-packages/airflow/example_dags/example_branch_labels.py for tasks to queue
[2025-10-17T07:30:20.725+0000] {logging_mixin.py:154} INFO - [2025-10-17T07:30:20.724+0000] {dagbag.py:536} INFO - Filling up the DagBag from /home/airflow/.local/lib/python3.8/site-packages/airflow/example_dags/example_branch_labels.py
[2025-10-17T07:30:20.739+0000] {processor.py:839} INFO - DAG(s) dict_keys(['example_branch_labels']) retrieved from /home/airflow/.local/lib/python3.8/site-packages/airflow/example_dags/example_branch_labels.py
[2025-10-17T07:30:20.907+0000] {logging_mixin.py:154} INFO - [2025-10-17T07:30:20.907+0000] {manager.py:499} INFO - Created Permission View: %s
[2025-10-17T07:30:20.927+0000] {logging_mixin.py:154} INFO - [2025-10-17T07:30:20.927+0000] {manager.py:499} INFO - Created Permission View: %s
[2025-10-17T07:30:20.943+0000] {logging_mixin.py:154} INFO - [2025-10-17T07:30:20.943+0000] {manager.py:499} INFO - Created Permission View: %s
[2025-10-17T07:30:20.944+0000] {logging_mixin.py:154} INFO - [2025-10-17T07:30:20.944+0000] {dag.py:2941} INFO - Sync 1 DAGs
[2025-10-17T07:30:20.973+0000] {logging_mixin.py:154} INFO - [2025-10-17T07:30:20.972+0000] {dag.py:2963} INFO - Creating ORM DAG for example_branch_labels
[2025-10-17T07:30:20.995+0000] {logging_mixin.py:154} INFO - [2025-10-17T07:30:20.995+0000] {dag.py:3722} INFO - Setting next_dagrun for example_branch_labels to 2025-10-16T00:00:00+00:00, run_after=2025-10-17T00:00:00+00:00
[2025-10-17T07:30:21.037+0000] {processor.py:179} INFO - Processing /home/airflow/.local/lib/python3.8/site-packages/airflow/example_dags/example_branch_labels.py took 0.325 seconds
[2025-10-17T07:30:51.150+0000] {processor.py:157} INFO - Started process (PID=137) to work on /home/airflow/.local/lib/python3.8/site-packages/airflow/example_dags/example_branch_labels.py
[2025-10-17T07:30:51.152+0000] {processor.py:829} INFO - Processing file /home/airflow/.local/lib/python3.8/site-packages/airflow/example_dags/example_branch_labels.py for tasks to queue
[2025-10-17T07:30:51.156+0000] {logging_mixin.py:154} INFO - [2025-10-17T07:30:51.155+0000] {dagbag.py:536} INFO - Filling up the DagBag from /home/airflow/.local/lib/python3.8/site-packages/airflow/example_dags/example_branch_labels.py
[2025-10-17T07:30:51.167+0000] {processor.py:839} INFO - DAG(s) dict_keys(['example_branch_labels']) retrieved from /home/airflow/.local/lib/python3.8/site-packages/airflow/example_dags/example_branch_labels.py
[2025-10-17T07:30:51.199+0000] {logging_mixin.py:154} INFO - [2025-10-17T07:30:51.199+0000] {dag.py:2941} INFO - Sync 1 DAGs
[2025-10-17T07:30:51.230+0000] {logging_mixin.py:154} INFO - [2025-10-17T07:30:51.229+0000] {dag.py:3722} INFO - Setting next_dagrun for example_branch_labels to 2025-10-16T00:00:00+00:00, run_after=2025-10-17T00:00:00+00:00
[2025-10-17T07:30:51.263+0000] {processor.py:179} INFO - Processing /home/airflow/.local/lib/python3.8/site-packages/airflow/example_dags/example_branch_labels.py took 0.118 seconds
[2025-10-17T07:31:22.022+0000] {processor.py:157} INFO - Started process (PID=193) to work on /home/airflow/.local/lib/python3.8/site-packages/airflow/example_dags/example_branch_labels.py
[2025-10-17T07:31:22.024+0000] {processor.py:829} INFO - Processing file /home/airflow/.local/lib/python3.8/site-packages/airflow/example_dags/example_branch_labels.py for tasks to queue
[2025-10-17T07:31:22.030+0000] {logging_mixin.py:154} INFO - [2025-10-17T07:31:22.029+0000] {dagbag.py:536} INFO - Filling up the DagBag from /home/airflow/.local/lib/python3.8/site-packages/airflow/example_dags/example_branch_labels.py
[2025-10-17T07:31:22.039+0000] {processor.py:839} INFO - DAG(s) dict_keys(['example_branch_labels']) retrieved from /home/airflow/.local/lib/python3.8/site-packages/airflow/example_dags/example_branch_labels.py
[2025-10-17T07:31:22.067+0000] {logging_mixin.py:154} INFO - [2025-10-17T07:31:22.066+0000] {dag.py:2941} INFO - Sync 1 DAGs
[2025-10-17T07:31:22.096+0000] {logging_mixin.py:154} INFO - [2025-10-17T07:31:22.095+0000] {dag.py:3722} INFO - Setting next_dagrun for example_branch_labels to 2025-10-16T00:00:00+00:00, run_after=2025-10-17T00:00:00+00:00
[2025-10-17T07:31:22.115+0000] {processor.py:179} INFO - Processing /home/airflow/.local/lib/python3.8/site-packages/airflow/example_dags/example_branch_labels.py took 0.098 seconds
[2025-10-17T07:31:52.466+0000] {processor.py:157} INFO - Started process (PID=249) to work on /home/airflow/.local/lib/python3.8/site-packages/airflow/example_dags/example_branch_labels.py
[2025-10-17T07:31:52.467+0000] {processor.py:829} INFO - Processing file /home/airflow/.local/lib/python3.8/site-packages/airflow/example_dags/example_branch_labels.py for tasks to queue
[2025-10-17T07:31:52.470+0000] {logging_mixin.py:154} INFO - [2025-10-17T07:31:52.470+0000] {dagbag.py:536} INFO - Filling up the DagBag from /home/airflow/.local/lib/python3.8/site-packages/airflow/example_dags/example_branch_labels.py
[2025-10-17T07:31:52.484+0000] {processor.py:839} INFO - DAG(s) dict_keys(['example_branch_labels']) retrieved from /home/airflow/.local/lib/python3.8/site-packages/airflow/example_dags/example_branch_labels.py
[2025-10-17T07:31:52.518+0000] {logging_mixin.py:154} INFO - [2025-10-17T07:31:52.517+0000] {dag.py:2941} INFO - Sync 1 DAGs
[2025-10-17T07:31:52.556+0000] {logging_mixin.py:154} INFO - [2025-10-17T07:31:52.556+0000] {dag.py:3722} INFO - Setting next_dagrun for example_branch_labels to 2025-10-16T00:00:00+00:00, run_after=2025-10-17T00:00:00+00:00
[2025-10-17T07:31:52.578+0000] {processor.py:179} INFO - Processing /home/airflow/.local/lib/python3.8/site-packages/airflow/example_dags/example_branch_labels.py took 0.118 seconds
[2025-10-17T07:32:23.327+0000] {processor.py:157} INFO - Started process (PID=305) to work on /home/airflow/.local/lib/python3.8/site-packages/airflow/example_dags/example_branch_labels.py
[2025-10-17T07:32:23.328+0000] {processor.py:829} INFO - Processing file /home/airflow/.local/lib/python3.8/site-packages/airflow/example_dags/example_branch_labels.py for tasks to queue
[2025-10-17T07:32:23.331+0000] {logging_mixin.py:154} INFO - [2025-10-17T07:32:23.330+0000] {dagbag.py:536} INFO - Filling up the DagBag from /home/airflow/.local/lib/python3.8/site-packages/airflow/example_dags/example_branch_labels.py
[2025-10-17T07:32:23.339+0000] {processor.py:839} INFO - DAG(s) dict_keys(['example_branch_labels']) retrieved from /home/airflow/.local/lib/python3.8/site-packages/airflow/example_dags/example_branch_labels.py
[2025-10-17T07:32:23.360+0000] {logging_mixin.py:154} INFO - [2025-10-17T07:32:23.359+0000] {dag.py:2941} INFO - Sync 1 DAGs
[2025-10-17T07:32:23.381+0000] {logging_mixin.py:154} INFO - [2025-10-17T07:32:23.381+0000] {dag.py:3722} INFO - Setting next_dagrun for example_branch_labels to 2025-10-16T00:00:00+00:00, run_after=2025-10-17T00:00:00+00:00
[2025-10-17T07:32:23.399+0000] {processor.py:179} INFO - Processing /home/airflow/.local/lib/python3.8/site-packages/airflow/example_dags/example_branch_labels.py took 0.075 seconds
[2025-10-17T07:35:43.668+0000] {processor.py:157} INFO - Started process (PID=77) to work on /home/airflow/.local/lib/python3.8/site-packages/airflow/example_dags/example_branch_labels.py
[2025-10-17T07:35:43.669+0000] {processor.py:829} INFO - Processing file /home/airflow/.local/lib/python3.8/site-packages/airflow/example_dags/example_branch_labels.py for tasks to queue
[2025-10-17T07:35:43.672+0000] {logging_mixin.py:154} INFO - [2025-10-17T07:35:43.671+0000] {dagbag.py:536} INFO - Filling up the DagBag from /home/airflow/.local/lib/python3.8/site-packages/airflow/example_dags/example_branch_labels.py
[2025-10-17T07:35:43.682+0000] {processor.py:839} INFO - DAG(s) dict_keys(['example_branch_labels']) retrieved from /home/airflow/.local/lib/python3.8/site-packages/airflow/example_dags/example_branch_labels.py
[2025-10-17T07:35:43.797+0000] {logging_mixin.py:154} INFO - [2025-10-17T07:35:43.797+0000] {manager.py:499} INFO - Created Permission View: %s
[2025-10-17T07:35:43.810+0000] {logging_mixin.py:154} INFO - [2025-10-17T07:35:43.810+0000] {manager.py:499} INFO - Created Permission View: %s
[2025-10-17T07:35:43.821+0000] {logging_mixin.py:154} INFO - [2025-10-17T07:35:43.821+0000] {manager.py:499} INFO - Created Permission View: %s
[2025-10-17T07:35:43.821+0000] {logging_mixin.py:154} INFO - [2025-10-17T07:35:43.821+0000] {dag.py:2941} INFO - Sync 1 DAGs
[2025-10-17T07:35:43.840+0000] {logging_mixin.py:154} INFO - [2025-10-17T07:35:43.840+0000] {dag.py:2963} INFO - Creating ORM DAG for example_branch_labels
[2025-10-17T07:35:43.859+0000] {logging_mixin.py:154} INFO - [2025-10-17T07:35:43.859+0000] {dag.py:3722} INFO - Setting next_dagrun for example_branch_labels to 2025-10-16T00:00:00+00:00, run_after=2025-10-17T00:00:00+00:00
[2025-10-17T07:35:43.888+0000] {processor.py:179} INFO - Processing /home/airflow/.local/lib/python3.8/site-packages/airflow/example_dags/example_branch_labels.py took 0.225 seconds
[2025-10-17T07:36:14.104+0000] {processor.py:157} INFO - Started process (PID=133) to work on /home/airflow/.local/lib/python3.8/site-packages/airflow/example_dags/example_branch_labels.py
[2025-10-17T07:36:14.105+0000] {processor.py:829} INFO - Processing file /home/airflow/.local/lib/python3.8/site-packages/airflow/example_dags/example_branch_labels.py for tasks to queue
[2025-10-17T07:36:14.108+0000] {logging_mixin.py:154} INFO - [2025-10-17T07:36:14.108+0000] {dagbag.py:536} INFO - Filling up the DagBag from /home/airflow/.local/lib/python3.8/site-packages/airflow/example_dags/example_branch_labels.py
[2025-10-17T07:36:14.115+0000] {processor.py:839} INFO - DAG(s) dict_keys(['example_branch_labels']) retrieved from /home/airflow/.local/lib/python3.8/site-packages/airflow/example_dags/example_branch_labels.py
[2025-10-17T07:36:14.136+0000] {logging_mixin.py:154} INFO - [2025-10-17T07:36:14.136+0000] {dag.py:2941} INFO - Sync 1 DAGs
[2025-10-17T07:36:14.156+0000] {logging_mixin.py:154} INFO - [2025-10-17T07:36:14.156+0000] {dag.py:3722} INFO - Setting next_dagrun for example_branch_labels to 2025-10-16T00:00:00+00:00, run_after=2025-10-17T00:00:00+00:00
[2025-10-17T07:36:14.174+0000] {processor.py:179} INFO - Processing /home/airflow/.local/lib/python3.8/site-packages/airflow/example_dags/example_branch_labels.py took 0.073 seconds
[2025-10-17T07:36:44.614+0000] {processor.py:157} INFO - Started process (PID=189) to work on /home/airflow/.local/lib/python3.8/site-packages/airflow/example_dags/example_branch_labels.py
[2025-10-17T07:36:44.615+0000] {processor.py:829} INFO - Processing file /home/airflow/.local/lib/python3.8/site-packages/airflow/example_dags/example_branch_labels.py for tasks to queue
[2025-10-17T07:36:44.618+0000] {logging_mixin.py:154} INFO - [2025-10-17T07:36:44.617+0000] {dagbag.py:536} INFO - Filling up the DagBag from /home/airflow/.local/lib/python3.8/site-packages/airflow/example_dags/example_branch_labels.py
[2025-10-17T07:36:44.625+0000] {processor.py:839} INFO - DAG(s) dict_keys(['example_branch_labels']) retrieved from /home/airflow/.local/lib/python3.8/site-packages/airflow/example_dags/example_branch_labels.py
[2025-10-17T07:36:44.644+0000] {logging_mixin.py:154} INFO - [2025-10-17T07:36:44.644+0000] {dag.py:2941} INFO - Sync 1 DAGs
[2025-10-17T07:36:44.664+0000] {logging_mixin.py:154} INFO - [2025-10-17T07:36:44.664+0000] {dag.py:3722} INFO - Setting next_dagrun for example_branch_labels to 2025-10-16T00:00:00+00:00, run_after=2025-10-17T00:00:00+00:00
[2025-10-17T07:36:44.681+0000] {processor.py:179} INFO - Processing /home/airflow/.local/lib/python3.8/site-packages/airflow/example_dags/example_branch_labels.py took 0.070 seconds
[2025-10-17T07:37:15.044+0000] {processor.py:157} INFO - Started process (PID=245) to work on /home/airflow/.local/lib/python3.8/site-packages/airflow/example_dags/example_branch_labels.py
[2025-10-17T07:37:15.045+0000] {processor.py:829} INFO - Processing file /home/airflow/.local/lib/python3.8/site-packages/airflow/example_dags/example_branch_labels.py for tasks to queue
[2025-10-17T07:37:15.048+0000] {logging_mixin.py:154} INFO - [2025-10-17T07:37:15.047+0000] {dagbag.py:536} INFO - Filling up the DagBag from /home/airflow/.local/lib/python3.8/site-packages/airflow/example_dags/example_branch_labels.py
[2025-10-17T07:37:15.056+0000] {processor.py:839} INFO - DAG(s) dict_keys(['example_branch_labels']) retrieved from /home/airflow/.local/lib/python3.8/site-packages/airflow/example_dags/example_branch_labels.py
[2025-10-17T07:37:15.076+0000] {logging_mixin.py:154} INFO - [2025-10-17T07:37:15.076+0000] {dag.py:2941} INFO - Sync 1 DAGs
[2025-10-17T07:37:15.095+0000] {logging_mixin.py:154} INFO - [2025-10-17T07:37:15.095+0000] {dag.py:3722} INFO - Setting next_dagrun for example_branch_labels to 2025-10-16T00:00:00+00:00, run_after=2025-10-17T00:00:00+00:00
[2025-10-17T07:37:15.113+0000] {processor.py:179} INFO - Processing /home/airflow/.local/lib/python3.8/site-packages/airflow/example_dags/example_branch_labels.py took 0.073 seconds
[2025-10-17T07:38:44.863+0000] {processor.py:157} INFO - Started process (PID=78) to work on /home/airflow/.local/lib/python3.8/site-packages/airflow/example_dags/example_branch_labels.py
[2025-10-17T07:38:44.865+0000] {processor.py:829} INFO - Processing file /home/airflow/.local/lib/python3.8/site-packages/airflow/example_dags/example_branch_labels.py for tasks to queue
[2025-10-17T07:38:44.869+0000] {logging_mixin.py:154} INFO - [2025-10-17T07:38:44.868+0000] {dagbag.py:536} INFO - Filling up the DagBag from /home/airflow/.local/lib/python3.8/site-packages/airflow/example_dags/example_branch_labels.py
[2025-10-17T07:38:44.883+0000] {processor.py:839} INFO - DAG(s) dict_keys(['example_branch_labels']) retrieved from /home/airflow/.local/lib/python3.8/site-packages/airflow/example_dags/example_branch_labels.py
[2025-10-17T07:38:45.027+0000] {logging_mixin.py:154} INFO - [2025-10-17T07:38:45.026+0000] {manager.py:499} INFO - Created Permission View: %s
[2025-10-17T07:38:45.044+0000] {logging_mixin.py:154} INFO - [2025-10-17T07:38:45.044+0000] {manager.py:499} INFO - Created Permission View: %s
[2025-10-17T07:38:45.059+0000] {logging_mixin.py:154} INFO - [2025-10-17T07:38:45.058+0000] {manager.py:499} INFO - Created Permission View: %s
[2025-10-17T07:38:45.059+0000] {logging_mixin.py:154} INFO - [2025-10-17T07:38:45.059+0000] {dag.py:2941} INFO - Sync 1 DAGs
[2025-10-17T07:38:45.077+0000] {logging_mixin.py:154} INFO - [2025-10-17T07:38:45.076+0000] {dag.py:2963} INFO - Creating ORM DAG for example_branch_labels
[2025-10-17T07:38:45.093+0000] {logging_mixin.py:154} INFO - [2025-10-17T07:38:45.093+0000] {dag.py:3722} INFO - Setting next_dagrun for example_branch_labels to 2025-10-16T00:00:00+00:00, run_after=2025-10-17T00:00:00+00:00
[2025-10-17T07:38:45.121+0000] {processor.py:179} INFO - Processing /home/airflow/.local/lib/python3.8/site-packages/airflow/example_dags/example_branch_labels.py took 0.263 seconds
[2025-10-17T07:39:15.469+0000] {processor.py:157} INFO - Started process (PID=134) to work on /home/airflow/.local/lib/python3.8/site-packages/airflow/example_dags/example_branch_labels.py
[2025-10-17T07:39:15.470+0000] {processor.py:829} INFO - Processing file /home/airflow/.local/lib/python3.8/site-packages/airflow/example_dags/example_branch_labels.py for tasks to queue
[2025-10-17T07:39:15.473+0000] {logging_mixin.py:154} INFO - [2025-10-17T07:39:15.473+0000] {dagbag.py:536} INFO - Filling up the DagBag from /home/airflow/.local/lib/python3.8/site-packages/airflow/example_dags/example_branch_labels.py
[2025-10-17T07:39:15.483+0000] {processor.py:839} INFO - DAG(s) dict_keys(['example_branch_labels']) retrieved from /home/airflow/.local/lib/python3.8/site-packages/airflow/example_dags/example_branch_labels.py
[2025-10-17T07:39:15.509+0000] {logging_mixin.py:154} INFO - [2025-10-17T07:39:15.509+0000] {dag.py:2941} INFO - Sync 1 DAGs
[2025-10-17T07:39:15.537+0000] {logging_mixin.py:154} INFO - [2025-10-17T07:39:15.537+0000] {dag.py:3722} INFO - Setting next_dagrun for example_branch_labels to 2025-10-16T00:00:00+00:00, run_after=2025-10-17T00:00:00+00:00
[2025-10-17T07:39:15.564+0000] {processor.py:179} INFO - Processing /home/airflow/.local/lib/python3.8/site-packages/airflow/example_dags/example_branch_labels.py took 0.099 seconds
[2025-10-17T07:39:45.585+0000] {processor.py:157} INFO - Started process (PID=190) to work on /home/airflow/.local/lib/python3.8/site-packages/airflow/example_dags/example_branch_labels.py
[2025-10-17T07:39:45.586+0000] {processor.py:829} INFO - Processing file /home/airflow/.local/lib/python3.8/site-packages/airflow/example_dags/example_branch_labels.py for tasks to queue
[2025-10-17T07:39:45.588+0000] {logging_mixin.py:154} INFO - [2025-10-17T07:39:45.588+0000] {dagbag.py:536} INFO - Filling up the DagBag from /home/airflow/.local/lib/python3.8/site-packages/airflow/example_dags/example_branch_labels.py
[2025-10-17T07:39:45.595+0000] {processor.py:839} INFO - DAG(s) dict_keys(['example_branch_labels']) retrieved from /home/airflow/.local/lib/python3.8/site-packages/airflow/example_dags/example_branch_labels.py
[2025-10-17T07:39:45.615+0000] {logging_mixin.py:154} INFO - [2025-10-17T07:39:45.615+0000] {dag.py:2941} INFO - Sync 1 DAGs
[2025-10-17T07:39:45.634+0000] {logging_mixin.py:154} INFO - [2025-10-17T07:39:45.634+0000] {dag.py:3722} INFO - Setting next_dagrun for example_branch_labels to 2025-10-16T00:00:00+00:00, run_after=2025-10-17T00:00:00+00:00
[2025-10-17T07:39:45.649+0000] {processor.py:179} INFO - Processing /home/airflow/.local/lib/python3.8/site-packages/airflow/example_dags/example_branch_labels.py took 0.068 seconds
[2025-10-17T07:40:16.955+0000] {processor.py:157} INFO - Started process (PID=246) to work on /home/airflow/.local/lib/python3.8/site-packages/airflow/example_dags/example_branch_labels.py
[2025-10-17T07:40:16.957+0000] {processor.py:829} INFO - Processing file /home/airflow/.local/lib/python3.8/site-packages/airflow/example_dags/example_branch_labels.py for tasks to queue
[2025-10-17T07:40:16.959+0000] {logging_mixin.py:154} INFO - [2025-10-17T07:40:16.959+0000] {dagbag.py:536} INFO - Filling up the DagBag from /home/airflow/.local/lib/python3.8/site-packages/airflow/example_dags/example_branch_labels.py
[2025-10-17T07:40:16.966+0000] {processor.py:839} INFO - DAG(s) dict_keys(['example_branch_labels']) retrieved from /home/airflow/.local/lib/python3.8/site-packages/airflow/example_dags/example_branch_labels.py
[2025-10-17T07:40:16.985+0000] {logging_mixin.py:154} INFO - [2025-10-17T07:40:16.985+0000] {dag.py:2941} INFO - Sync 1 DAGs
[2025-10-17T07:40:17.003+0000] {logging_mixin.py:154} INFO - [2025-10-17T07:40:17.003+0000] {dag.py:3722} INFO - Setting next_dagrun for example_branch_labels to 2025-10-16T00:00:00+00:00, run_after=2025-10-17T00:00:00+00:00
[2025-10-17T07:40:17.018+0000] {processor.py:179} INFO - Processing /home/airflow/.local/lib/python3.8/site-packages/airflow/example_dags/example_branch_labels.py took 0.066 seconds
[2025-10-17T07:40:47.592+0000] {processor.py:157} INFO - Started process (PID=302) to work on /home/airflow/.local/lib/python3.8/site-packages/airflow/example_dags/example_branch_labels.py
[2025-10-17T07:40:47.593+0000] {processor.py:829} INFO - Processing file /home/airflow/.local/lib/python3.8/site-packages/airflow/example_dags/example_branch_labels.py for tasks to queue
[2025-10-17T07:40:47.595+0000] {logging_mixin.py:154} INFO - [2025-10-17T07:40:47.595+0000] {dagbag.py:536} INFO - Filling up the DagBag from /home/airflow/.local/lib/python3.8/site-packages/airflow/example_dags/example_branch_labels.py
[2025-10-17T07:40:47.602+0000] {processor.py:839} INFO - DAG(s) dict_keys(['example_branch_labels']) retrieved from /home/airflow/.local/lib/python3.8/site-packages/airflow/example_dags/example_branch_labels.py
[2025-10-17T07:40:47.623+0000] {logging_mixin.py:154} INFO - [2025-10-17T07:40:47.623+0000] {dag.py:2941} INFO - Sync 1 DAGs
[2025-10-17T07:40:47.643+0000] {logging_mixin.py:154} INFO - [2025-10-17T07:40:47.642+0000] {dag.py:3722} INFO - Setting next_dagrun for example_branch_labels to 2025-10-16T00:00:00+00:00, run_after=2025-10-17T00:00:00+00:00
[2025-10-17T07:40:47.660+0000] {processor.py:179} INFO - Processing /home/airflow/.local/lib/python3.8/site-packages/airflow/example_dags/example_branch_labels.py took 0.071 seconds
[2025-10-17T07:41:18.134+0000] {processor.py:157} INFO - Started process (PID=358) to work on /home/airflow/.local/lib/python3.8/site-packages/airflow/example_dags/example_branch_labels.py
[2025-10-17T07:41:18.135+0000] {processor.py:829} INFO - Processing file /home/airflow/.local/lib/python3.8/site-packages/airflow/example_dags/example_branch_labels.py for tasks to queue
[2025-10-17T07:41:18.138+0000] {logging_mixin.py:154} INFO - [2025-10-17T07:41:18.138+0000] {dagbag.py:536} INFO - Filling up the DagBag from /home/airflow/.local/lib/python3.8/site-packages/airflow/example_dags/example_branch_labels.py
[2025-10-17T07:41:18.145+0000] {processor.py:839} INFO - DAG(s) dict_keys(['example_branch_labels']) retrieved from /home/airflow/.local/lib/python3.8/site-packages/airflow/example_dags/example_branch_labels.py
[2025-10-17T07:41:18.166+0000] {logging_mixin.py:154} INFO - [2025-10-17T07:41:18.165+0000] {dag.py:2941} INFO - Sync 1 DAGs
[2025-10-17T07:41:18.185+0000] {logging_mixin.py:154} INFO - [2025-10-17T07:41:18.185+0000] {dag.py:3722} INFO - Setting next_dagrun for example_branch_labels to 2025-10-16T00:00:00+00:00, run_after=2025-10-17T00:00:00+00:00
[2025-10-17T07:41:18.203+0000] {processor.py:179} INFO - Processing /home/airflow/.local/lib/python3.8/site-packages/airflow/example_dags/example_branch_labels.py took 0.072 seconds
[2025-10-17T07:42:28.159+0000] {processor.py:157} INFO - Started process (PID=70) to work on /home/airflow/.local/lib/python3.8/site-packages/airflow/example_dags/example_branch_labels.py
[2025-10-17T07:42:28.160+0000] {processor.py:829} INFO - Processing file /home/airflow/.local/lib/python3.8/site-packages/airflow/example_dags/example_branch_labels.py for tasks to queue
[2025-10-17T07:42:28.163+0000] {logging_mixin.py:154} INFO - [2025-10-17T07:42:28.163+0000] {dagbag.py:536} INFO - Filling up the DagBag from /home/airflow/.local/lib/python3.8/site-packages/airflow/example_dags/example_branch_labels.py
[2025-10-17T07:42:28.175+0000] {processor.py:839} INFO - DAG(s) dict_keys(['example_branch_labels']) retrieved from /home/airflow/.local/lib/python3.8/site-packages/airflow/example_dags/example_branch_labels.py
[2025-10-17T07:42:28.402+0000] {logging_mixin.py:154} INFO - [2025-10-17T07:42:28.402+0000] {manager.py:499} INFO - Created Permission View: %s
[2025-10-17T07:42:28.422+0000] {logging_mixin.py:154} INFO - [2025-10-17T07:42:28.421+0000] {manager.py:499} INFO - Created Permission View: %s
[2025-10-17T07:42:28.436+0000] {logging_mixin.py:154} INFO - [2025-10-17T07:42:28.435+0000] {manager.py:499} INFO - Created Permission View: %s
[2025-10-17T07:42:28.436+0000] {logging_mixin.py:154} INFO - [2025-10-17T07:42:28.436+0000] {dag.py:2941} INFO - Sync 1 DAGs
[2025-10-17T07:42:28.454+0000] {logging_mixin.py:154} INFO - [2025-10-17T07:42:28.453+0000] {dag.py:2963} INFO - Creating ORM DAG for example_branch_labels
[2025-10-17T07:42:28.470+0000] {logging_mixin.py:154} INFO - [2025-10-17T07:42:28.470+0000] {dag.py:3722} INFO - Setting next_dagrun for example_branch_labels to 2025-10-16T00:00:00+00:00, run_after=2025-10-17T00:00:00+00:00
[2025-10-17T07:42:28.491+0000] {processor.py:179} INFO - Processing /home/airflow/.local/lib/python3.8/site-packages/airflow/example_dags/example_branch_labels.py took 0.336 seconds
[2025-10-17T07:42:59.000+0000] {processor.py:157} INFO - Started process (PID=133) to work on /home/airflow/.local/lib/python3.8/site-packages/airflow/example_dags/example_branch_labels.py
[2025-10-17T07:42:59.002+0000] {processor.py:829} INFO - Processing file /home/airflow/.local/lib/python3.8/site-packages/airflow/example_dags/example_branch_labels.py for tasks to queue
[2025-10-17T07:42:59.004+0000] {logging_mixin.py:154} INFO - [2025-10-17T07:42:59.004+0000] {dagbag.py:536} INFO - Filling up the DagBag from /home/airflow/.local/lib/python3.8/site-packages/airflow/example_dags/example_branch_labels.py
[2025-10-17T07:42:59.012+0000] {processor.py:839} INFO - DAG(s) dict_keys(['example_branch_labels']) retrieved from /home/airflow/.local/lib/python3.8/site-packages/airflow/example_dags/example_branch_labels.py
[2025-10-17T07:42:59.037+0000] {logging_mixin.py:154} INFO - [2025-10-17T07:42:59.036+0000] {dag.py:2941} INFO - Sync 1 DAGs
[2025-10-17T07:42:59.062+0000] {logging_mixin.py:154} INFO - [2025-10-17T07:42:59.061+0000] {dag.py:3722} INFO - Setting next_dagrun for example_branch_labels to 2025-10-16T00:00:00+00:00, run_after=2025-10-17T00:00:00+00:00
[2025-10-17T07:42:59.079+0000] {processor.py:179} INFO - Processing /home/airflow/.local/lib/python3.8/site-packages/airflow/example_dags/example_branch_labels.py took 0.082 seconds
[2025-10-17T07:44:25.467+0000] {processor.py:157} INFO - Started process (PID=70) to work on /home/airflow/.local/lib/python3.8/site-packages/airflow/example_dags/example_branch_labels.py
[2025-10-17T07:44:25.469+0000] {processor.py:829} INFO - Processing file /home/airflow/.local/lib/python3.8/site-packages/airflow/example_dags/example_branch_labels.py for tasks to queue
[2025-10-17T07:44:25.472+0000] {logging_mixin.py:154} INFO - [2025-10-17T07:44:25.472+0000] {dagbag.py:536} INFO - Filling up the DagBag from /home/airflow/.local/lib/python3.8/site-packages/airflow/example_dags/example_branch_labels.py
[2025-10-17T07:44:25.484+0000] {processor.py:839} INFO - DAG(s) dict_keys(['example_branch_labels']) retrieved from /home/airflow/.local/lib/python3.8/site-packages/airflow/example_dags/example_branch_labels.py
[2025-10-17T07:44:25.644+0000] {logging_mixin.py:154} INFO - [2025-10-17T07:44:25.644+0000] {manager.py:499} INFO - Created Permission View: %s
[2025-10-17T07:44:25.656+0000] {logging_mixin.py:154} INFO - [2025-10-17T07:44:25.656+0000] {manager.py:499} INFO - Created Permission View: %s
[2025-10-17T07:44:25.664+0000] {logging_mixin.py:154} INFO - [2025-10-17T07:44:25.664+0000] {manager.py:499} INFO - Created Permission View: %s
[2025-10-17T07:44:25.664+0000] {logging_mixin.py:154} INFO - [2025-10-17T07:44:25.664+0000] {dag.py:2941} INFO - Sync 1 DAGs
[2025-10-17T07:44:25.676+0000] {logging_mixin.py:154} INFO - [2025-10-17T07:44:25.675+0000] {dag.py:2963} INFO - Creating ORM DAG for example_branch_labels
[2025-10-17T07:44:25.685+0000] {logging_mixin.py:154} INFO - [2025-10-17T07:44:25.685+0000] {dag.py:3722} INFO - Setting next_dagrun for example_branch_labels to 2025-10-16T00:00:00+00:00, run_after=2025-10-17T00:00:00+00:00
[2025-10-17T07:44:25.700+0000] {processor.py:179} INFO - Processing /home/airflow/.local/lib/python3.8/site-packages/airflow/example_dags/example_branch_labels.py took 0.237 seconds
[2025-10-17T07:44:36.117+0000] {processor.py:157} INFO - Started process (PID=62) to work on /home/airflow/.local/lib/python3.8/site-packages/airflow/example_dags/example_branch_labels.py
[2025-10-17T07:44:36.118+0000] {processor.py:829} INFO - Processing file /home/airflow/.local/lib/python3.8/site-packages/airflow/example_dags/example_branch_labels.py for tasks to queue
[2025-10-17T07:44:36.121+0000] {logging_mixin.py:154} INFO - [2025-10-17T07:44:36.120+0000] {dagbag.py:536} INFO - Filling up the DagBag from /home/airflow/.local/lib/python3.8/site-packages/airflow/example_dags/example_branch_labels.py
[2025-10-17T07:44:36.129+0000] {processor.py:839} INFO - DAG(s) dict_keys(['example_branch_labels']) retrieved from /home/airflow/.local/lib/python3.8/site-packages/airflow/example_dags/example_branch_labels.py
[2025-10-17T07:44:36.140+0000] {logging_mixin.py:154} INFO - [2025-10-17T07:44:36.140+0000] {dag.py:2941} INFO - Sync 1 DAGs
[2025-10-17T07:44:36.163+0000] {logging_mixin.py:154} INFO - [2025-10-17T07:44:36.163+0000] {dag.py:3722} INFO - Setting next_dagrun for example_branch_labels to 2025-10-16T00:00:00+00:00, run_after=2025-10-17T00:00:00+00:00
[2025-10-17T07:44:36.179+0000] {processor.py:179} INFO - Processing /home/airflow/.local/lib/python3.8/site-packages/airflow/example_dags/example_branch_labels.py took 0.066 seconds
[2025-10-17T07:45:06.630+0000] {processor.py:157} INFO - Started process (PID=118) to work on /home/airflow/.local/lib/python3.8/site-packages/airflow/example_dags/example_branch_labels.py
[2025-10-17T07:45:06.631+0000] {processor.py:829} INFO - Processing file /home/airflow/.local/lib/python3.8/site-packages/airflow/example_dags/example_branch_labels.py for tasks to queue
[2025-10-17T07:45:06.633+0000] {logging_mixin.py:154} INFO - [2025-10-17T07:45:06.633+0000] {dagbag.py:536} INFO - Filling up the DagBag from /home/airflow/.local/lib/python3.8/site-packages/airflow/example_dags/example_branch_labels.py
[2025-10-17T07:45:06.640+0000] {processor.py:839} INFO - DAG(s) dict_keys(['example_branch_labels']) retrieved from /home/airflow/.local/lib/python3.8/site-packages/airflow/example_dags/example_branch_labels.py
[2025-10-17T07:45:06.662+0000] {logging_mixin.py:154} INFO - [2025-10-17T07:45:06.662+0000] {dag.py:2941} INFO - Sync 1 DAGs
[2025-10-17T07:45:06.681+0000] {logging_mixin.py:154} INFO - [2025-10-17T07:45:06.681+0000] {dag.py:3722} INFO - Setting next_dagrun for example_branch_labels to 2025-10-16T00:00:00+00:00, run_after=2025-10-17T00:00:00+00:00
[2025-10-17T07:45:06.697+0000] {processor.py:179} INFO - Processing /home/airflow/.local/lib/python3.8/site-packages/airflow/example_dags/example_branch_labels.py took 0.070 seconds
[2025-10-17T07:46:20.175+0000] {processor.py:157} INFO - Started process (PID=70) to work on /home/airflow/.local/lib/python3.8/site-packages/airflow/example_dags/example_branch_labels.py
[2025-10-17T07:46:20.176+0000] {processor.py:829} INFO - Processing file /home/airflow/.local/lib/python3.8/site-packages/airflow/example_dags/example_branch_labels.py for tasks to queue
[2025-10-17T07:46:20.179+0000] {logging_mixin.py:154} INFO - [2025-10-17T07:46:20.179+0000] {dagbag.py:536} INFO - Filling up the DagBag from /home/airflow/.local/lib/python3.8/site-packages/airflow/example_dags/example_branch_labels.py
[2025-10-17T07:46:20.189+0000] {processor.py:839} INFO - DAG(s) dict_keys(['example_branch_labels']) retrieved from /home/airflow/.local/lib/python3.8/site-packages/airflow/example_dags/example_branch_labels.py
[2025-10-17T07:46:20.302+0000] {logging_mixin.py:154} INFO - [2025-10-17T07:46:20.301+0000] {manager.py:499} INFO - Created Permission View: %s
[2025-10-17T07:46:20.314+0000] {logging_mixin.py:154} INFO - [2025-10-17T07:46:20.313+0000] {manager.py:499} INFO - Created Permission View: %s
[2025-10-17T07:46:20.322+0000] {logging_mixin.py:154} INFO - [2025-10-17T07:46:20.322+0000] {manager.py:499} INFO - Created Permission View: %s
[2025-10-17T07:46:20.323+0000] {logging_mixin.py:154} INFO - [2025-10-17T07:46:20.323+0000] {dag.py:2941} INFO - Sync 1 DAGs
[2025-10-17T07:46:20.335+0000] {logging_mixin.py:154} INFO - [2025-10-17T07:46:20.335+0000] {dag.py:2963} INFO - Creating ORM DAG for example_branch_labels
[2025-10-17T07:46:20.348+0000] {logging_mixin.py:154} INFO - [2025-10-17T07:46:20.347+0000] {dag.py:3722} INFO - Setting next_dagrun for example_branch_labels to 2025-10-16T00:00:00+00:00, run_after=2025-10-17T00:00:00+00:00
[2025-10-17T07:46:20.364+0000] {processor.py:179} INFO - Processing /home/airflow/.local/lib/python3.8/site-packages/airflow/example_dags/example_branch_labels.py took 0.193 seconds
[2025-10-17T07:46:50.413+0000] {processor.py:157} INFO - Started process (PID=126) to work on /home/airflow/.local/lib/python3.8/site-packages/airflow/example_dags/example_branch_labels.py
[2025-10-17T07:46:50.414+0000] {processor.py:829} INFO - Processing file /home/airflow/.local/lib/python3.8/site-packages/airflow/example_dags/example_branch_labels.py for tasks to queue
[2025-10-17T07:46:50.416+0000] {logging_mixin.py:154} INFO - [2025-10-17T07:46:50.416+0000] {dagbag.py:536} INFO - Filling up the DagBag from /home/airflow/.local/lib/python3.8/site-packages/airflow/example_dags/example_branch_labels.py
[2025-10-17T07:46:50.423+0000] {processor.py:839} INFO - DAG(s) dict_keys(['example_branch_labels']) retrieved from /home/airflow/.local/lib/python3.8/site-packages/airflow/example_dags/example_branch_labels.py
[2025-10-17T07:46:50.446+0000] {logging_mixin.py:154} INFO - [2025-10-17T07:46:50.446+0000] {dag.py:2941} INFO - Sync 1 DAGs
[2025-10-17T07:46:50.466+0000] {logging_mixin.py:154} INFO - [2025-10-17T07:46:50.466+0000] {dag.py:3722} INFO - Setting next_dagrun for example_branch_labels to 2025-10-16T00:00:00+00:00, run_after=2025-10-17T00:00:00+00:00
[2025-10-17T07:46:50.483+0000] {processor.py:179} INFO - Processing /home/airflow/.local/lib/python3.8/site-packages/airflow/example_dags/example_branch_labels.py took 0.073 seconds
[2025-10-17T07:47:21.339+0000] {processor.py:157} INFO - Started process (PID=182) to work on /home/airflow/.local/lib/python3.8/site-packages/airflow/example_dags/example_branch_labels.py
[2025-10-17T07:47:21.340+0000] {processor.py:829} INFO - Processing file /home/airflow/.local/lib/python3.8/site-packages/airflow/example_dags/example_branch_labels.py for tasks to queue
[2025-10-17T07:47:21.342+0000] {logging_mixin.py:154} INFO - [2025-10-17T07:47:21.342+0000] {dagbag.py:536} INFO - Filling up the DagBag from /home/airflow/.local/lib/python3.8/site-packages/airflow/example_dags/example_branch_labels.py
[2025-10-17T07:47:21.350+0000] {processor.py:839} INFO - DAG(s) dict_keys(['example_branch_labels']) retrieved from /home/airflow/.local/lib/python3.8/site-packages/airflow/example_dags/example_branch_labels.py
[2025-10-17T07:47:21.371+0000] {logging_mixin.py:154} INFO - [2025-10-17T07:47:21.371+0000] {dag.py:2941} INFO - Sync 1 DAGs
[2025-10-17T07:47:21.393+0000] {logging_mixin.py:154} INFO - [2025-10-17T07:47:21.393+0000] {dag.py:3722} INFO - Setting next_dagrun for example_branch_labels to 2025-10-16T00:00:00+00:00, run_after=2025-10-17T00:00:00+00:00
[2025-10-17T07:47:21.413+0000] {processor.py:179} INFO - Processing /home/airflow/.local/lib/python3.8/site-packages/airflow/example_dags/example_branch_labels.py took 0.078 seconds
[2025-10-17T07:47:51.976+0000] {processor.py:157} INFO - Started process (PID=245) to work on /home/airflow/.local/lib/python3.8/site-packages/airflow/example_dags/example_branch_labels.py
[2025-10-17T07:47:51.977+0000] {processor.py:829} INFO - Processing file /home/airflow/.local/lib/python3.8/site-packages/airflow/example_dags/example_branch_labels.py for tasks to queue
[2025-10-17T07:47:51.979+0000] {logging_mixin.py:154} INFO - [2025-10-17T07:47:51.979+0000] {dagbag.py:536} INFO - Filling up the DagBag from /home/airflow/.local/lib/python3.8/site-packages/airflow/example_dags/example_branch_labels.py
[2025-10-17T07:47:51.986+0000] {processor.py:839} INFO - DAG(s) dict_keys(['example_branch_labels']) retrieved from /home/airflow/.local/lib/python3.8/site-packages/airflow/example_dags/example_branch_labels.py
[2025-10-17T07:47:52.007+0000] {logging_mixin.py:154} INFO - [2025-10-17T07:47:52.007+0000] {dag.py:2941} INFO - Sync 1 DAGs
[2025-10-17T07:47:52.028+0000] {logging_mixin.py:154} INFO - [2025-10-17T07:47:52.027+0000] {dag.py:3722} INFO - Setting next_dagrun for example_branch_labels to 2025-10-16T00:00:00+00:00, run_after=2025-10-17T00:00:00+00:00
[2025-10-17T07:47:52.049+0000] {processor.py:179} INFO - Processing /home/airflow/.local/lib/python3.8/site-packages/airflow/example_dags/example_branch_labels.py took 0.076 seconds
[2025-10-17T07:48:22.481+0000] {processor.py:157} INFO - Started process (PID=301) to work on /home/airflow/.local/lib/python3.8/site-packages/airflow/example_dags/example_branch_labels.py
[2025-10-17T07:48:22.483+0000] {processor.py:829} INFO - Processing file /home/airflow/.local/lib/python3.8/site-packages/airflow/example_dags/example_branch_labels.py for tasks to queue
[2025-10-17T07:48:22.486+0000] {logging_mixin.py:154} INFO - [2025-10-17T07:48:22.485+0000] {dagbag.py:536} INFO - Filling up the DagBag from /home/airflow/.local/lib/python3.8/site-packages/airflow/example_dags/example_branch_labels.py
[2025-10-17T07:48:22.494+0000] {processor.py:839} INFO - DAG(s) dict_keys(['example_branch_labels']) retrieved from /home/airflow/.local/lib/python3.8/site-packages/airflow/example_dags/example_branch_labels.py
[2025-10-17T07:48:22.517+0000] {logging_mixin.py:154} INFO - [2025-10-17T07:48:22.517+0000] {dag.py:2941} INFO - Sync 1 DAGs
[2025-10-17T07:48:22.542+0000] {logging_mixin.py:154} INFO - [2025-10-17T07:48:22.541+0000] {dag.py:3722} INFO - Setting next_dagrun for example_branch_labels to 2025-10-16T00:00:00+00:00, run_after=2025-10-17T00:00:00+00:00
[2025-10-17T07:48:22.563+0000] {processor.py:179} INFO - Processing /home/airflow/.local/lib/python3.8/site-packages/airflow/example_dags/example_branch_labels.py took 0.087 seconds
[2025-10-17T07:48:53.398+0000] {processor.py:157} INFO - Started process (PID=357) to work on /home/airflow/.local/lib/python3.8/site-packages/airflow/example_dags/example_branch_labels.py
[2025-10-17T07:48:53.400+0000] {processor.py:829} INFO - Processing file /home/airflow/.local/lib/python3.8/site-packages/airflow/example_dags/example_branch_labels.py for tasks to queue
[2025-10-17T07:48:53.402+0000] {logging_mixin.py:154} INFO - [2025-10-17T07:48:53.402+0000] {dagbag.py:536} INFO - Filling up the DagBag from /home/airflow/.local/lib/python3.8/site-packages/airflow/example_dags/example_branch_labels.py
[2025-10-17T07:48:53.409+0000] {processor.py:839} INFO - DAG(s) dict_keys(['example_branch_labels']) retrieved from /home/airflow/.local/lib/python3.8/site-packages/airflow/example_dags/example_branch_labels.py
[2025-10-17T07:48:53.428+0000] {logging_mixin.py:154} INFO - [2025-10-17T07:48:53.428+0000] {dag.py:2941} INFO - Sync 1 DAGs
[2025-10-17T07:48:53.448+0000] {logging_mixin.py:154} INFO - [2025-10-17T07:48:53.448+0000] {dag.py:3722} INFO - Setting next_dagrun for example_branch_labels to 2025-10-16T00:00:00+00:00, run_after=2025-10-17T00:00:00+00:00
[2025-10-17T07:48:53.463+0000] {processor.py:179} INFO - Processing /home/airflow/.local/lib/python3.8/site-packages/airflow/example_dags/example_branch_labels.py took 0.068 seconds
[2025-10-17T07:49:23.905+0000] {processor.py:157} INFO - Started process (PID=413) to work on /home/airflow/.local/lib/python3.8/site-packages/airflow/example_dags/example_branch_labels.py
[2025-10-17T07:49:23.906+0000] {processor.py:829} INFO - Processing file /home/airflow/.local/lib/python3.8/site-packages/airflow/example_dags/example_branch_labels.py for tasks to queue
[2025-10-17T07:49:23.908+0000] {logging_mixin.py:154} INFO - [2025-10-17T07:49:23.908+0000] {dagbag.py:536} INFO - Filling up the DagBag from /home/airflow/.local/lib/python3.8/site-packages/airflow/example_dags/example_branch_labels.py
[2025-10-17T07:49:23.916+0000] {processor.py:839} INFO - DAG(s) dict_keys(['example_branch_labels']) retrieved from /home/airflow/.local/lib/python3.8/site-packages/airflow/example_dags/example_branch_labels.py
[2025-10-17T07:49:23.936+0000] {logging_mixin.py:154} INFO - [2025-10-17T07:49:23.936+0000] {dag.py:2941} INFO - Sync 1 DAGs
[2025-10-17T07:49:23.956+0000] {logging_mixin.py:154} INFO - [2025-10-17T07:49:23.956+0000] {dag.py:3722} INFO - Setting next_dagrun for example_branch_labels to 2025-10-16T00:00:00+00:00, run_after=2025-10-17T00:00:00+00:00
[2025-10-17T07:49:23.974+0000] {processor.py:179} INFO - Processing /home/airflow/.local/lib/python3.8/site-packages/airflow/example_dags/example_branch_labels.py took 0.072 seconds
[2025-10-17T07:49:54.510+0000] {processor.py:157} INFO - Started process (PID=469) to work on /home/airflow/.local/lib/python3.8/site-packages/airflow/example_dags/example_branch_labels.py
[2025-10-17T07:49:54.511+0000] {processor.py:829} INFO - Processing file /home/airflow/.local/lib/python3.8/site-packages/airflow/example_dags/example_branch_labels.py for tasks to queue
[2025-10-17T07:49:54.513+0000] {logging_mixin.py:154} INFO - [2025-10-17T07:49:54.513+0000] {dagbag.py:536} INFO - Filling up the DagBag from /home/airflow/.local/lib/python3.8/site-packages/airflow/example_dags/example_branch_labels.py
[2025-10-17T07:49:54.522+0000] {processor.py:839} INFO - DAG(s) dict_keys(['example_branch_labels']) retrieved from /home/airflow/.local/lib/python3.8/site-packages/airflow/example_dags/example_branch_labels.py
[2025-10-17T07:49:54.546+0000] {logging_mixin.py:154} INFO - [2025-10-17T07:49:54.545+0000] {dag.py:2941} INFO - Sync 1 DAGs
[2025-10-17T07:49:54.574+0000] {logging_mixin.py:154} INFO - [2025-10-17T07:49:54.573+0000] {dag.py:3722} INFO - Setting next_dagrun for example_branch_labels to 2025-10-16T00:00:00+00:00, run_after=2025-10-17T00:00:00+00:00
[2025-10-17T07:49:54.593+0000] {processor.py:179} INFO - Processing /home/airflow/.local/lib/python3.8/site-packages/airflow/example_dags/example_branch_labels.py took 0.087 seconds
[2025-10-17T07:50:25.766+0000] {processor.py:157} INFO - Started process (PID=525) to work on /home/airflow/.local/lib/python3.8/site-packages/airflow/example_dags/example_branch_labels.py
[2025-10-17T07:50:25.767+0000] {processor.py:829} INFO - Processing file /home/airflow/.local/lib/python3.8/site-packages/airflow/example_dags/example_branch_labels.py for tasks to queue
[2025-10-17T07:50:25.770+0000] {logging_mixin.py:154} INFO - [2025-10-17T07:50:25.769+0000] {dagbag.py:536} INFO - Filling up the DagBag from /home/airflow/.local/lib/python3.8/site-packages/airflow/example_dags/example_branch_labels.py
[2025-10-17T07:50:25.777+0000] {processor.py:839} INFO - DAG(s) dict_keys(['example_branch_labels']) retrieved from /home/airflow/.local/lib/python3.8/site-packages/airflow/example_dags/example_branch_labels.py
[2025-10-17T07:50:25.799+0000] {logging_mixin.py:154} INFO - [2025-10-17T07:50:25.799+0000] {dag.py:2941} INFO - Sync 1 DAGs
[2025-10-17T07:50:25.819+0000] {logging_mixin.py:154} INFO - [2025-10-17T07:50:25.819+0000] {dag.py:3722} INFO - Setting next_dagrun for example_branch_labels to 2025-10-16T00:00:00+00:00, run_after=2025-10-17T00:00:00+00:00
[2025-10-17T07:50:25.837+0000] {processor.py:179} INFO - Processing /home/airflow/.local/lib/python3.8/site-packages/airflow/example_dags/example_branch_labels.py took 0.074 seconds
[2025-10-17T07:50:56.733+0000] {processor.py:157} INFO - Started process (PID=581) to work on /home/airflow/.local/lib/python3.8/site-packages/airflow/example_dags/example_branch_labels.py
[2025-10-17T07:50:56.735+0000] {processor.py:829} INFO - Processing file /home/airflow/.local/lib/python3.8/site-packages/airflow/example_dags/example_branch_labels.py for tasks to queue
[2025-10-17T07:50:56.737+0000] {logging_mixin.py:154} INFO - [2025-10-17T07:50:56.736+0000] {dagbag.py:536} INFO - Filling up the DagBag from /home/airflow/.local/lib/python3.8/site-packages/airflow/example_dags/example_branch_labels.py
[2025-10-17T07:50:56.743+0000] {processor.py:839} INFO - DAG(s) dict_keys(['example_branch_labels']) retrieved from /home/airflow/.local/lib/python3.8/site-packages/airflow/example_dags/example_branch_labels.py
[2025-10-17T07:50:56.764+0000] {logging_mixin.py:154} INFO - [2025-10-17T07:50:56.764+0000] {dag.py:2941} INFO - Sync 1 DAGs
[2025-10-17T07:50:56.783+0000] {logging_mixin.py:154} INFO - [2025-10-17T07:50:56.783+0000] {dag.py:3722} INFO - Setting next_dagrun for example_branch_labels to 2025-10-16T00:00:00+00:00, run_after=2025-10-17T00:00:00+00:00
[2025-10-17T07:50:56.799+0000] {processor.py:179} INFO - Processing /home/airflow/.local/lib/python3.8/site-packages/airflow/example_dags/example_branch_labels.py took 0.069 seconds
[2025-10-17T07:51:27.239+0000] {processor.py:157} INFO - Started process (PID=637) to work on /home/airflow/.local/lib/python3.8/site-packages/airflow/example_dags/example_branch_labels.py
[2025-10-17T07:51:27.241+0000] {processor.py:829} INFO - Processing file /home/airflow/.local/lib/python3.8/site-packages/airflow/example_dags/example_branch_labels.py for tasks to queue
[2025-10-17T07:51:27.243+0000] {logging_mixin.py:154} INFO - [2025-10-17T07:51:27.243+0000] {dagbag.py:536} INFO - Filling up the DagBag from /home/airflow/.local/lib/python3.8/site-packages/airflow/example_dags/example_branch_labels.py
[2025-10-17T07:51:27.252+0000] {processor.py:839} INFO - DAG(s) dict_keys(['example_branch_labels']) retrieved from /home/airflow/.local/lib/python3.8/site-packages/airflow/example_dags/example_branch_labels.py
[2025-10-17T07:51:27.277+0000] {logging_mixin.py:154} INFO - [2025-10-17T07:51:27.276+0000] {dag.py:2941} INFO - Sync 1 DAGs
[2025-10-17T07:51:27.303+0000] {logging_mixin.py:154} INFO - [2025-10-17T07:51:27.303+0000] {dag.py:3722} INFO - Setting next_dagrun for example_branch_labels to 2025-10-16T00:00:00+00:00, run_after=2025-10-17T00:00:00+00:00
[2025-10-17T07:51:27.325+0000] {processor.py:179} INFO - Processing /home/airflow/.local/lib/python3.8/site-packages/airflow/example_dags/example_branch_labels.py took 0.089 seconds
[2025-10-17T07:51:57.937+0000] {processor.py:157} INFO - Started process (PID=693) to work on /home/airflow/.local/lib/python3.8/site-packages/airflow/example_dags/example_branch_labels.py
[2025-10-17T07:51:57.938+0000] {processor.py:829} INFO - Processing file /home/airflow/.local/lib/python3.8/site-packages/airflow/example_dags/example_branch_labels.py for tasks to queue
[2025-10-17T07:51:57.940+0000] {logging_mixin.py:154} INFO - [2025-10-17T07:51:57.940+0000] {dagbag.py:536} INFO - Filling up the DagBag from /home/airflow/.local/lib/python3.8/site-packages/airflow/example_dags/example_branch_labels.py
[2025-10-17T07:51:57.947+0000] {processor.py:839} INFO - DAG(s) dict_keys(['example_branch_labels']) retrieved from /home/airflow/.local/lib/python3.8/site-packages/airflow/example_dags/example_branch_labels.py
[2025-10-17T07:51:57.966+0000] {logging_mixin.py:154} INFO - [2025-10-17T07:51:57.966+0000] {dag.py:2941} INFO - Sync 1 DAGs
[2025-10-17T07:51:57.986+0000] {logging_mixin.py:154} INFO - [2025-10-17T07:51:57.986+0000] {dag.py:3722} INFO - Setting next_dagrun for example_branch_labels to 2025-10-16T00:00:00+00:00, run_after=2025-10-17T00:00:00+00:00
[2025-10-17T07:51:58.002+0000] {processor.py:179} INFO - Processing /home/airflow/.local/lib/python3.8/site-packages/airflow/example_dags/example_branch_labels.py took 0.068 seconds
[2025-10-17T08:08:52.960+0000] {processor.py:157} INFO - Started process (PID=78) to work on /home/airflow/.local/lib/python3.8/site-packages/airflow/example_dags/example_branch_labels.py
[2025-10-17T08:08:52.963+0000] {processor.py:829} INFO - Processing file /home/airflow/.local/lib/python3.8/site-packages/airflow/example_dags/example_branch_labels.py for tasks to queue
[2025-10-17T08:08:52.968+0000] {logging_mixin.py:154} INFO - [2025-10-17T08:08:52.968+0000] {dagbag.py:536} INFO - Filling up the DagBag from /home/airflow/.local/lib/python3.8/site-packages/airflow/example_dags/example_branch_labels.py
[2025-10-17T08:08:52.985+0000] {processor.py:839} INFO - DAG(s) dict_keys(['example_branch_labels']) retrieved from /home/airflow/.local/lib/python3.8/site-packages/airflow/example_dags/example_branch_labels.py
[2025-10-17T08:08:53.205+0000] {logging_mixin.py:154} INFO - [2025-10-17T08:08:53.204+0000] {manager.py:499} INFO - Created Permission View: %s
[2025-10-17T08:08:53.223+0000] {logging_mixin.py:154} INFO - [2025-10-17T08:08:53.222+0000] {manager.py:499} INFO - Created Permission View: %s
[2025-10-17T08:08:53.235+0000] {logging_mixin.py:154} INFO - [2025-10-17T08:08:53.235+0000] {manager.py:499} INFO - Created Permission View: %s
[2025-10-17T08:08:53.236+0000] {logging_mixin.py:154} INFO - [2025-10-17T08:08:53.236+0000] {dag.py:2941} INFO - Sync 1 DAGs
[2025-10-17T08:08:53.249+0000] {logging_mixin.py:154} INFO - [2025-10-17T08:08:53.249+0000] {dag.py:2963} INFO - Creating ORM DAG for example_branch_labels
[2025-10-17T08:08:53.263+0000] {logging_mixin.py:154} INFO - [2025-10-17T08:08:53.262+0000] {dag.py:3722} INFO - Setting next_dagrun for example_branch_labels to 2025-10-16T00:00:00+00:00, run_after=2025-10-17T00:00:00+00:00
[2025-10-17T08:08:53.281+0000] {processor.py:179} INFO - Processing /home/airflow/.local/lib/python3.8/site-packages/airflow/example_dags/example_branch_labels.py took 0.329 seconds
[2025-10-17T08:09:23.552+0000] {processor.py:157} INFO - Started process (PID=134) to work on /home/airflow/.local/lib/python3.8/site-packages/airflow/example_dags/example_branch_labels.py
[2025-10-17T08:09:23.553+0000] {processor.py:829} INFO - Processing file /home/airflow/.local/lib/python3.8/site-packages/airflow/example_dags/example_branch_labels.py for tasks to queue
[2025-10-17T08:09:23.556+0000] {logging_mixin.py:154} INFO - [2025-10-17T08:09:23.556+0000] {dagbag.py:536} INFO - Filling up the DagBag from /home/airflow/.local/lib/python3.8/site-packages/airflow/example_dags/example_branch_labels.py
[2025-10-17T08:09:23.564+0000] {processor.py:839} INFO - DAG(s) dict_keys(['example_branch_labels']) retrieved from /home/airflow/.local/lib/python3.8/site-packages/airflow/example_dags/example_branch_labels.py
[2025-10-17T08:09:23.585+0000] {logging_mixin.py:154} INFO - [2025-10-17T08:09:23.585+0000] {dag.py:2941} INFO - Sync 1 DAGs
[2025-10-17T08:09:23.606+0000] {logging_mixin.py:154} INFO - [2025-10-17T08:09:23.606+0000] {dag.py:3722} INFO - Setting next_dagrun for example_branch_labels to 2025-10-16T00:00:00+00:00, run_after=2025-10-17T00:00:00+00:00
[2025-10-17T08:09:23.625+0000] {processor.py:179} INFO - Processing /home/airflow/.local/lib/python3.8/site-packages/airflow/example_dags/example_branch_labels.py took 0.077 seconds
[2025-10-17T08:09:54.555+0000] {processor.py:157} INFO - Started process (PID=190) to work on /home/airflow/.local/lib/python3.8/site-packages/airflow/example_dags/example_branch_labels.py
[2025-10-17T08:09:54.556+0000] {processor.py:829} INFO - Processing file /home/airflow/.local/lib/python3.8/site-packages/airflow/example_dags/example_branch_labels.py for tasks to queue
[2025-10-17T08:09:54.560+0000] {logging_mixin.py:154} INFO - [2025-10-17T08:09:54.560+0000] {dagbag.py:536} INFO - Filling up the DagBag from /home/airflow/.local/lib/python3.8/site-packages/airflow/example_dags/example_branch_labels.py
[2025-10-17T08:09:54.569+0000] {processor.py:839} INFO - DAG(s) dict_keys(['example_branch_labels']) retrieved from /home/airflow/.local/lib/python3.8/site-packages/airflow/example_dags/example_branch_labels.py
[2025-10-17T08:09:54.592+0000] {logging_mixin.py:154} INFO - [2025-10-17T08:09:54.592+0000] {dag.py:2941} INFO - Sync 1 DAGs
[2025-10-17T08:09:54.618+0000] {logging_mixin.py:154} INFO - [2025-10-17T08:09:54.618+0000] {dag.py:3722} INFO - Setting next_dagrun for example_branch_labels to 2025-10-16T00:00:00+00:00, run_after=2025-10-17T00:00:00+00:00
[2025-10-17T08:09:54.637+0000] {processor.py:179} INFO - Processing /home/airflow/.local/lib/python3.8/site-packages/airflow/example_dags/example_branch_labels.py took 0.086 seconds
[2025-10-17T08:10:25.539+0000] {processor.py:157} INFO - Started process (PID=246) to work on /home/airflow/.local/lib/python3.8/site-packages/airflow/example_dags/example_branch_labels.py
[2025-10-17T08:10:25.540+0000] {processor.py:829} INFO - Processing file /home/airflow/.local/lib/python3.8/site-packages/airflow/example_dags/example_branch_labels.py for tasks to queue
[2025-10-17T08:10:25.543+0000] {logging_mixin.py:154} INFO - [2025-10-17T08:10:25.543+0000] {dagbag.py:536} INFO - Filling up the DagBag from /home/airflow/.local/lib/python3.8/site-packages/airflow/example_dags/example_branch_labels.py
[2025-10-17T08:10:25.550+0000] {processor.py:839} INFO - DAG(s) dict_keys(['example_branch_labels']) retrieved from /home/airflow/.local/lib/python3.8/site-packages/airflow/example_dags/example_branch_labels.py
[2025-10-17T08:10:25.571+0000] {logging_mixin.py:154} INFO - [2025-10-17T08:10:25.571+0000] {dag.py:2941} INFO - Sync 1 DAGs
[2025-10-17T08:10:25.590+0000] {logging_mixin.py:154} INFO - [2025-10-17T08:10:25.590+0000] {dag.py:3722} INFO - Setting next_dagrun for example_branch_labels to 2025-10-16T00:00:00+00:00, run_after=2025-10-17T00:00:00+00:00
[2025-10-17T08:10:25.604+0000] {processor.py:179} INFO - Processing /home/airflow/.local/lib/python3.8/site-packages/airflow/example_dags/example_branch_labels.py took 0.068 seconds
[2025-10-17T08:10:56.304+0000] {processor.py:157} INFO - Started process (PID=302) to work on /home/airflow/.local/lib/python3.8/site-packages/airflow/example_dags/example_branch_labels.py
[2025-10-17T08:10:56.306+0000] {processor.py:829} INFO - Processing file /home/airflow/.local/lib/python3.8/site-packages/airflow/example_dags/example_branch_labels.py for tasks to queue
[2025-10-17T08:10:56.310+0000] {logging_mixin.py:154} INFO - [2025-10-17T08:10:56.310+0000] {dagbag.py:536} INFO - Filling up the DagBag from /home/airflow/.local/lib/python3.8/site-packages/airflow/example_dags/example_branch_labels.py
[2025-10-17T08:10:56.318+0000] {processor.py:839} INFO - DAG(s) dict_keys(['example_branch_labels']) retrieved from /home/airflow/.local/lib/python3.8/site-packages/airflow/example_dags/example_branch_labels.py
[2025-10-17T08:10:56.340+0000] {logging_mixin.py:154} INFO - [2025-10-17T08:10:56.340+0000] {dag.py:2941} INFO - Sync 1 DAGs
[2025-10-17T08:10:56.362+0000] {logging_mixin.py:154} INFO - [2025-10-17T08:10:56.361+0000] {dag.py:3722} INFO - Setting next_dagrun for example_branch_labels to 2025-10-16T00:00:00+00:00, run_after=2025-10-17T00:00:00+00:00
[2025-10-17T08:10:56.382+0000] {processor.py:179} INFO - Processing /home/airflow/.local/lib/python3.8/site-packages/airflow/example_dags/example_branch_labels.py took 0.081 seconds
[2025-10-17T08:11:26.446+0000] {processor.py:157} INFO - Started process (PID=358) to work on /home/airflow/.local/lib/python3.8/site-packages/airflow/example_dags/example_branch_labels.py
[2025-10-17T08:11:26.448+0000] {processor.py:829} INFO - Processing file /home/airflow/.local/lib/python3.8/site-packages/airflow/example_dags/example_branch_labels.py for tasks to queue
[2025-10-17T08:11:26.451+0000] {logging_mixin.py:154} INFO - [2025-10-17T08:11:26.451+0000] {dagbag.py:536} INFO - Filling up the DagBag from /home/airflow/.local/lib/python3.8/site-packages/airflow/example_dags/example_branch_labels.py
[2025-10-17T08:11:26.460+0000] {processor.py:839} INFO - DAG(s) dict_keys(['example_branch_labels']) retrieved from /home/airflow/.local/lib/python3.8/site-packages/airflow/example_dags/example_branch_labels.py
[2025-10-17T08:11:26.481+0000] {logging_mixin.py:154} INFO - [2025-10-17T08:11:26.481+0000] {dag.py:2941} INFO - Sync 1 DAGs
[2025-10-17T08:11:26.503+0000] {logging_mixin.py:154} INFO - [2025-10-17T08:11:26.503+0000] {dag.py:3722} INFO - Setting next_dagrun for example_branch_labels to 2025-10-16T00:00:00+00:00, run_after=2025-10-17T00:00:00+00:00
[2025-10-17T08:11:26.522+0000] {processor.py:179} INFO - Processing /home/airflow/.local/lib/python3.8/site-packages/airflow/example_dags/example_branch_labels.py took 0.080 seconds
[2025-10-17T08:12:35.082+0000] {processor.py:157} INFO - Started process (PID=79) to work on /home/airflow/.local/lib/python3.8/site-packages/airflow/example_dags/example_branch_labels.py
[2025-10-17T08:12:35.083+0000] {processor.py:829} INFO - Processing file /home/airflow/.local/lib/python3.8/site-packages/airflow/example_dags/example_branch_labels.py for tasks to queue
[2025-10-17T08:12:35.086+0000] {logging_mixin.py:154} INFO - [2025-10-17T08:12:35.085+0000] {dagbag.py:536} INFO - Filling up the DagBag from /home/airflow/.local/lib/python3.8/site-packages/airflow/example_dags/example_branch_labels.py
[2025-10-17T08:12:35.096+0000] {processor.py:839} INFO - DAG(s) dict_keys(['example_branch_labels']) retrieved from /home/airflow/.local/lib/python3.8/site-packages/airflow/example_dags/example_branch_labels.py
[2025-10-17T08:12:35.203+0000] {logging_mixin.py:154} INFO - [2025-10-17T08:12:35.203+0000] {manager.py:499} INFO - Created Permission View: %s
[2025-10-17T08:12:35.213+0000] {logging_mixin.py:154} INFO - [2025-10-17T08:12:35.213+0000] {manager.py:499} INFO - Created Permission View: %s
[2025-10-17T08:12:35.220+0000] {logging_mixin.py:154} INFO - [2025-10-17T08:12:35.220+0000] {manager.py:499} INFO - Created Permission View: %s
[2025-10-17T08:12:35.220+0000] {logging_mixin.py:154} INFO - [2025-10-17T08:12:35.220+0000] {dag.py:2941} INFO - Sync 1 DAGs
[2025-10-17T08:12:35.232+0000] {logging_mixin.py:154} INFO - [2025-10-17T08:12:35.232+0000] {dag.py:2963} INFO - Creating ORM DAG for example_branch_labels
[2025-10-17T08:12:35.242+0000] {logging_mixin.py:154} INFO - [2025-10-17T08:12:35.242+0000] {dag.py:3722} INFO - Setting next_dagrun for example_branch_labels to 2025-10-16T00:00:00+00:00, run_after=2025-10-17T00:00:00+00:00
[2025-10-17T08:12:35.258+0000] {processor.py:179} INFO - Processing /home/airflow/.local/lib/python3.8/site-packages/airflow/example_dags/example_branch_labels.py took 0.180 seconds
[2025-10-17T08:13:05.776+0000] {processor.py:157} INFO - Started process (PID=135) to work on /home/airflow/.local/lib/python3.8/site-packages/airflow/example_dags/example_branch_labels.py
[2025-10-17T08:13:05.778+0000] {processor.py:829} INFO - Processing file /home/airflow/.local/lib/python3.8/site-packages/airflow/example_dags/example_branch_labels.py for tasks to queue
[2025-10-17T08:13:05.780+0000] {logging_mixin.py:154} INFO - [2025-10-17T08:13:05.780+0000] {dagbag.py:536} INFO - Filling up the DagBag from /home/airflow/.local/lib/python3.8/site-packages/airflow/example_dags/example_branch_labels.py
[2025-10-17T08:13:05.788+0000] {processor.py:839} INFO - DAG(s) dict_keys(['example_branch_labels']) retrieved from /home/airflow/.local/lib/python3.8/site-packages/airflow/example_dags/example_branch_labels.py
[2025-10-17T08:13:05.808+0000] {logging_mixin.py:154} INFO - [2025-10-17T08:13:05.808+0000] {dag.py:2941} INFO - Sync 1 DAGs
[2025-10-17T08:13:05.827+0000] {logging_mixin.py:154} INFO - [2025-10-17T08:13:05.827+0000] {dag.py:3722} INFO - Setting next_dagrun for example_branch_labels to 2025-10-16T00:00:00+00:00, run_after=2025-10-17T00:00:00+00:00
[2025-10-17T08:13:05.846+0000] {processor.py:179} INFO - Processing /home/airflow/.local/lib/python3.8/site-packages/airflow/example_dags/example_branch_labels.py took 0.072 seconds
[2025-10-17T08:13:36.339+0000] {processor.py:157} INFO - Started process (PID=191) to work on /home/airflow/.local/lib/python3.8/site-packages/airflow/example_dags/example_branch_labels.py
[2025-10-17T08:13:36.340+0000] {processor.py:829} INFO - Processing file /home/airflow/.local/lib/python3.8/site-packages/airflow/example_dags/example_branch_labels.py for tasks to queue
[2025-10-17T08:13:36.343+0000] {logging_mixin.py:154} INFO - [2025-10-17T08:13:36.342+0000] {dagbag.py:536} INFO - Filling up the DagBag from /home/airflow/.local/lib/python3.8/site-packages/airflow/example_dags/example_branch_labels.py
[2025-10-17T08:13:36.350+0000] {processor.py:839} INFO - DAG(s) dict_keys(['example_branch_labels']) retrieved from /home/airflow/.local/lib/python3.8/site-packages/airflow/example_dags/example_branch_labels.py
[2025-10-17T08:13:36.371+0000] {logging_mixin.py:154} INFO - [2025-10-17T08:13:36.371+0000] {dag.py:2941} INFO - Sync 1 DAGs
[2025-10-17T08:13:36.390+0000] {logging_mixin.py:154} INFO - [2025-10-17T08:13:36.390+0000] {dag.py:3722} INFO - Setting next_dagrun for example_branch_labels to 2025-10-16T00:00:00+00:00, run_after=2025-10-17T00:00:00+00:00
[2025-10-17T08:13:36.408+0000] {processor.py:179} INFO - Processing /home/airflow/.local/lib/python3.8/site-packages/airflow/example_dags/example_branch_labels.py took 0.072 seconds
