[2025-10-17T07:19:45.674+0000] {processor.py:157} INFO - Started process (PID=571) to work on /home/airflow/.local/lib/python3.8/site-packages/airflow/example_dags/example_trigger_controller_dag.py
[2025-10-17T07:19:45.676+0000] {processor.py:829} INFO - Processing file /home/airflow/.local/lib/python3.8/site-packages/airflow/example_dags/example_trigger_controller_dag.py for tasks to queue
[2025-10-17T07:19:45.687+0000] {logging_mixin.py:154} INFO - [2025-10-17T07:19:45.686+0000] {dagbag.py:536} INFO - Filling up the DagBag from /home/airflow/.local/lib/python3.8/site-packages/airflow/example_dags/example_trigger_controller_dag.py
[2025-10-17T07:19:45.704+0000] {processor.py:839} INFO - DAG(s) dict_keys(['example_trigger_controller_dag']) retrieved from /home/airflow/.local/lib/python3.8/site-packages/airflow/example_dags/example_trigger_controller_dag.py
[2025-10-17T07:19:45.759+0000] {logging_mixin.py:154} INFO - [2025-10-17T07:19:45.758+0000] {dag.py:2941} INFO - Sync 1 DAGs
[2025-10-17T07:19:45.815+0000] {logging_mixin.py:154} INFO - [2025-10-17T07:19:45.814+0000] {dag.py:3722} INFO - Setting next_dagrun for example_trigger_controller_dag to 2021-01-01T00:00:00+00:00, run_after=2021-01-01T00:00:00+00:00
[2025-10-17T07:19:45.872+0000] {processor.py:179} INFO - Processing /home/airflow/.local/lib/python3.8/site-packages/airflow/example_dags/example_trigger_controller_dag.py took 0.203 seconds
[2025-10-17T07:20:16.284+0000] {processor.py:157} INFO - Started process (PID=627) to work on /home/airflow/.local/lib/python3.8/site-packages/airflow/example_dags/example_trigger_controller_dag.py
[2025-10-17T07:20:16.285+0000] {processor.py:829} INFO - Processing file /home/airflow/.local/lib/python3.8/site-packages/airflow/example_dags/example_trigger_controller_dag.py for tasks to queue
[2025-10-17T07:20:16.287+0000] {logging_mixin.py:154} INFO - [2025-10-17T07:20:16.287+0000] {dagbag.py:536} INFO - Filling up the DagBag from /home/airflow/.local/lib/python3.8/site-packages/airflow/example_dags/example_trigger_controller_dag.py
[2025-10-17T07:20:16.292+0000] {processor.py:839} INFO - DAG(s) dict_keys(['example_trigger_controller_dag']) retrieved from /home/airflow/.local/lib/python3.8/site-packages/airflow/example_dags/example_trigger_controller_dag.py
[2025-10-17T07:20:16.318+0000] {logging_mixin.py:154} INFO - [2025-10-17T07:20:16.318+0000] {dag.py:2941} INFO - Sync 1 DAGs
[2025-10-17T07:20:16.345+0000] {logging_mixin.py:154} INFO - [2025-10-17T07:20:16.345+0000] {dag.py:3722} INFO - Setting next_dagrun for example_trigger_controller_dag to 2021-01-01T00:00:00+00:00, run_after=2021-01-01T00:00:00+00:00
[2025-10-17T07:20:16.373+0000] {processor.py:179} INFO - Processing /home/airflow/.local/lib/python3.8/site-packages/airflow/example_dags/example_trigger_controller_dag.py took 0.093 seconds
[2025-10-17T07:20:46.956+0000] {processor.py:157} INFO - Started process (PID=683) to work on /home/airflow/.local/lib/python3.8/site-packages/airflow/example_dags/example_trigger_controller_dag.py
[2025-10-17T07:20:46.957+0000] {processor.py:829} INFO - Processing file /home/airflow/.local/lib/python3.8/site-packages/airflow/example_dags/example_trigger_controller_dag.py for tasks to queue
[2025-10-17T07:20:46.961+0000] {logging_mixin.py:154} INFO - [2025-10-17T07:20:46.961+0000] {dagbag.py:536} INFO - Filling up the DagBag from /home/airflow/.local/lib/python3.8/site-packages/airflow/example_dags/example_trigger_controller_dag.py
[2025-10-17T07:20:46.971+0000] {processor.py:839} INFO - DAG(s) dict_keys(['example_trigger_controller_dag']) retrieved from /home/airflow/.local/lib/python3.8/site-packages/airflow/example_dags/example_trigger_controller_dag.py
[2025-10-17T07:20:46.999+0000] {logging_mixin.py:154} INFO - [2025-10-17T07:20:46.998+0000] {dag.py:2941} INFO - Sync 1 DAGs
[2025-10-17T07:20:47.031+0000] {logging_mixin.py:154} INFO - [2025-10-17T07:20:47.030+0000] {dag.py:3722} INFO - Setting next_dagrun for example_trigger_controller_dag to 2021-01-01T00:00:00+00:00, run_after=2021-01-01T00:00:00+00:00
[2025-10-17T07:20:47.115+0000] {processor.py:179} INFO - Processing /home/airflow/.local/lib/python3.8/site-packages/airflow/example_dags/example_trigger_controller_dag.py took 0.164 seconds
[2025-10-17T07:21:17.737+0000] {processor.py:157} INFO - Started process (PID=739) to work on /home/airflow/.local/lib/python3.8/site-packages/airflow/example_dags/example_trigger_controller_dag.py
[2025-10-17T07:21:17.738+0000] {processor.py:829} INFO - Processing file /home/airflow/.local/lib/python3.8/site-packages/airflow/example_dags/example_trigger_controller_dag.py for tasks to queue
[2025-10-17T07:21:17.742+0000] {logging_mixin.py:154} INFO - [2025-10-17T07:21:17.741+0000] {dagbag.py:536} INFO - Filling up the DagBag from /home/airflow/.local/lib/python3.8/site-packages/airflow/example_dags/example_trigger_controller_dag.py
[2025-10-17T07:21:17.748+0000] {processor.py:839} INFO - DAG(s) dict_keys(['example_trigger_controller_dag']) retrieved from /home/airflow/.local/lib/python3.8/site-packages/airflow/example_dags/example_trigger_controller_dag.py
[2025-10-17T07:21:17.771+0000] {logging_mixin.py:154} INFO - [2025-10-17T07:21:17.771+0000] {dag.py:2941} INFO - Sync 1 DAGs
[2025-10-17T07:21:17.800+0000] {logging_mixin.py:154} INFO - [2025-10-17T07:21:17.800+0000] {dag.py:3722} INFO - Setting next_dagrun for example_trigger_controller_dag to 2021-01-01T00:00:00+00:00, run_after=2021-01-01T00:00:00+00:00
[2025-10-17T07:21:17.829+0000] {processor.py:179} INFO - Processing /home/airflow/.local/lib/python3.8/site-packages/airflow/example_dags/example_trigger_controller_dag.py took 0.097 seconds
[2025-10-17T07:21:48.156+0000] {processor.py:157} INFO - Started process (PID=795) to work on /home/airflow/.local/lib/python3.8/site-packages/airflow/example_dags/example_trigger_controller_dag.py
[2025-10-17T07:21:48.158+0000] {processor.py:829} INFO - Processing file /home/airflow/.local/lib/python3.8/site-packages/airflow/example_dags/example_trigger_controller_dag.py for tasks to queue
[2025-10-17T07:21:48.160+0000] {logging_mixin.py:154} INFO - [2025-10-17T07:21:48.160+0000] {dagbag.py:536} INFO - Filling up the DagBag from /home/airflow/.local/lib/python3.8/site-packages/airflow/example_dags/example_trigger_controller_dag.py
[2025-10-17T07:21:48.166+0000] {processor.py:839} INFO - DAG(s) dict_keys(['example_trigger_controller_dag']) retrieved from /home/airflow/.local/lib/python3.8/site-packages/airflow/example_dags/example_trigger_controller_dag.py
[2025-10-17T07:21:48.194+0000] {logging_mixin.py:154} INFO - [2025-10-17T07:21:48.193+0000] {dag.py:2941} INFO - Sync 1 DAGs
[2025-10-17T07:21:48.215+0000] {logging_mixin.py:154} INFO - [2025-10-17T07:21:48.215+0000] {dag.py:3722} INFO - Setting next_dagrun for example_trigger_controller_dag to 2021-01-01T00:00:00+00:00, run_after=2021-01-01T00:00:00+00:00
[2025-10-17T07:21:48.233+0000] {processor.py:179} INFO - Processing /home/airflow/.local/lib/python3.8/site-packages/airflow/example_dags/example_trigger_controller_dag.py took 0.080 seconds
[2025-10-17T07:22:19.276+0000] {processor.py:157} INFO - Started process (PID=851) to work on /home/airflow/.local/lib/python3.8/site-packages/airflow/example_dags/example_trigger_controller_dag.py
[2025-10-17T07:22:19.278+0000] {processor.py:829} INFO - Processing file /home/airflow/.local/lib/python3.8/site-packages/airflow/example_dags/example_trigger_controller_dag.py for tasks to queue
[2025-10-17T07:22:19.280+0000] {logging_mixin.py:154} INFO - [2025-10-17T07:22:19.280+0000] {dagbag.py:536} INFO - Filling up the DagBag from /home/airflow/.local/lib/python3.8/site-packages/airflow/example_dags/example_trigger_controller_dag.py
[2025-10-17T07:22:19.285+0000] {processor.py:839} INFO - DAG(s) dict_keys(['example_trigger_controller_dag']) retrieved from /home/airflow/.local/lib/python3.8/site-packages/airflow/example_dags/example_trigger_controller_dag.py
[2025-10-17T07:22:19.304+0000] {logging_mixin.py:154} INFO - [2025-10-17T07:22:19.304+0000] {dag.py:2941} INFO - Sync 1 DAGs
[2025-10-17T07:22:19.324+0000] {logging_mixin.py:154} INFO - [2025-10-17T07:22:19.324+0000] {dag.py:3722} INFO - Setting next_dagrun for example_trigger_controller_dag to 2021-01-01T00:00:00+00:00, run_after=2021-01-01T00:00:00+00:00
[2025-10-17T07:22:19.343+0000] {processor.py:179} INFO - Processing /home/airflow/.local/lib/python3.8/site-packages/airflow/example_dags/example_trigger_controller_dag.py took 0.071 seconds
[2025-10-17T07:22:50.208+0000] {processor.py:157} INFO - Started process (PID=907) to work on /home/airflow/.local/lib/python3.8/site-packages/airflow/example_dags/example_trigger_controller_dag.py
[2025-10-17T07:22:50.209+0000] {processor.py:829} INFO - Processing file /home/airflow/.local/lib/python3.8/site-packages/airflow/example_dags/example_trigger_controller_dag.py for tasks to queue
[2025-10-17T07:22:50.212+0000] {logging_mixin.py:154} INFO - [2025-10-17T07:22:50.211+0000] {dagbag.py:536} INFO - Filling up the DagBag from /home/airflow/.local/lib/python3.8/site-packages/airflow/example_dags/example_trigger_controller_dag.py
[2025-10-17T07:22:50.216+0000] {processor.py:839} INFO - DAG(s) dict_keys(['example_trigger_controller_dag']) retrieved from /home/airflow/.local/lib/python3.8/site-packages/airflow/example_dags/example_trigger_controller_dag.py
[2025-10-17T07:22:50.239+0000] {logging_mixin.py:154} INFO - [2025-10-17T07:22:50.239+0000] {dag.py:2941} INFO - Sync 1 DAGs
[2025-10-17T07:22:50.260+0000] {logging_mixin.py:154} INFO - [2025-10-17T07:22:50.260+0000] {dag.py:3722} INFO - Setting next_dagrun for example_trigger_controller_dag to 2021-01-01T00:00:00+00:00, run_after=2021-01-01T00:00:00+00:00
[2025-10-17T07:22:50.451+0000] {processor.py:179} INFO - Processing /home/airflow/.local/lib/python3.8/site-packages/airflow/example_dags/example_trigger_controller_dag.py took 0.246 seconds
[2025-10-17T07:23:20.937+0000] {processor.py:157} INFO - Started process (PID=963) to work on /home/airflow/.local/lib/python3.8/site-packages/airflow/example_dags/example_trigger_controller_dag.py
[2025-10-17T07:23:20.938+0000] {processor.py:829} INFO - Processing file /home/airflow/.local/lib/python3.8/site-packages/airflow/example_dags/example_trigger_controller_dag.py for tasks to queue
[2025-10-17T07:23:20.940+0000] {logging_mixin.py:154} INFO - [2025-10-17T07:23:20.940+0000] {dagbag.py:536} INFO - Filling up the DagBag from /home/airflow/.local/lib/python3.8/site-packages/airflow/example_dags/example_trigger_controller_dag.py
[2025-10-17T07:23:20.945+0000] {processor.py:839} INFO - DAG(s) dict_keys(['example_trigger_controller_dag']) retrieved from /home/airflow/.local/lib/python3.8/site-packages/airflow/example_dags/example_trigger_controller_dag.py
[2025-10-17T07:23:20.965+0000] {logging_mixin.py:154} INFO - [2025-10-17T07:23:20.965+0000] {dag.py:2941} INFO - Sync 1 DAGs
[2025-10-17T07:23:20.984+0000] {logging_mixin.py:154} INFO - [2025-10-17T07:23:20.984+0000] {dag.py:3722} INFO - Setting next_dagrun for example_trigger_controller_dag to 2021-01-01T00:00:00+00:00, run_after=2021-01-01T00:00:00+00:00
[2025-10-17T07:23:21.004+0000] {processor.py:179} INFO - Processing /home/airflow/.local/lib/python3.8/site-packages/airflow/example_dags/example_trigger_controller_dag.py took 0.070 seconds
[2025-10-17T07:23:52.120+0000] {processor.py:157} INFO - Started process (PID=1019) to work on /home/airflow/.local/lib/python3.8/site-packages/airflow/example_dags/example_trigger_controller_dag.py
[2025-10-17T07:23:52.122+0000] {processor.py:829} INFO - Processing file /home/airflow/.local/lib/python3.8/site-packages/airflow/example_dags/example_trigger_controller_dag.py for tasks to queue
[2025-10-17T07:23:52.124+0000] {logging_mixin.py:154} INFO - [2025-10-17T07:23:52.124+0000] {dagbag.py:536} INFO - Filling up the DagBag from /home/airflow/.local/lib/python3.8/site-packages/airflow/example_dags/example_trigger_controller_dag.py
[2025-10-17T07:23:52.129+0000] {processor.py:839} INFO - DAG(s) dict_keys(['example_trigger_controller_dag']) retrieved from /home/airflow/.local/lib/python3.8/site-packages/airflow/example_dags/example_trigger_controller_dag.py
[2025-10-17T07:23:52.150+0000] {logging_mixin.py:154} INFO - [2025-10-17T07:23:52.150+0000] {dag.py:2941} INFO - Sync 1 DAGs
[2025-10-17T07:23:52.171+0000] {logging_mixin.py:154} INFO - [2025-10-17T07:23:52.171+0000] {dag.py:3722} INFO - Setting next_dagrun for example_trigger_controller_dag to 2021-01-01T00:00:00+00:00, run_after=2021-01-01T00:00:00+00:00
[2025-10-17T07:23:52.190+0000] {processor.py:179} INFO - Processing /home/airflow/.local/lib/python3.8/site-packages/airflow/example_dags/example_trigger_controller_dag.py took 0.074 seconds
[2025-10-17T07:24:23.326+0000] {processor.py:157} INFO - Started process (PID=1075) to work on /home/airflow/.local/lib/python3.8/site-packages/airflow/example_dags/example_trigger_controller_dag.py
[2025-10-17T07:24:23.328+0000] {processor.py:829} INFO - Processing file /home/airflow/.local/lib/python3.8/site-packages/airflow/example_dags/example_trigger_controller_dag.py for tasks to queue
[2025-10-17T07:24:23.330+0000] {logging_mixin.py:154} INFO - [2025-10-17T07:24:23.330+0000] {dagbag.py:536} INFO - Filling up the DagBag from /home/airflow/.local/lib/python3.8/site-packages/airflow/example_dags/example_trigger_controller_dag.py
[2025-10-17T07:24:23.337+0000] {processor.py:839} INFO - DAG(s) dict_keys(['example_trigger_controller_dag']) retrieved from /home/airflow/.local/lib/python3.8/site-packages/airflow/example_dags/example_trigger_controller_dag.py
[2025-10-17T07:24:23.363+0000] {logging_mixin.py:154} INFO - [2025-10-17T07:24:23.363+0000] {dag.py:2941} INFO - Sync 1 DAGs
[2025-10-17T07:24:23.384+0000] {logging_mixin.py:154} INFO - [2025-10-17T07:24:23.384+0000] {dag.py:3722} INFO - Setting next_dagrun for example_trigger_controller_dag to 2021-01-01T00:00:00+00:00, run_after=2021-01-01T00:00:00+00:00
[2025-10-17T07:24:23.403+0000] {processor.py:179} INFO - Processing /home/airflow/.local/lib/python3.8/site-packages/airflow/example_dags/example_trigger_controller_dag.py took 0.081 seconds
[2025-10-17T07:24:53.423+0000] {processor.py:157} INFO - Started process (PID=1136) to work on /home/airflow/.local/lib/python3.8/site-packages/airflow/example_dags/example_trigger_controller_dag.py
[2025-10-17T07:24:53.424+0000] {processor.py:829} INFO - Processing file /home/airflow/.local/lib/python3.8/site-packages/airflow/example_dags/example_trigger_controller_dag.py for tasks to queue
[2025-10-17T07:24:53.427+0000] {logging_mixin.py:154} INFO - [2025-10-17T07:24:53.426+0000] {dagbag.py:536} INFO - Filling up the DagBag from /home/airflow/.local/lib/python3.8/site-packages/airflow/example_dags/example_trigger_controller_dag.py
[2025-10-17T07:24:53.431+0000] {processor.py:839} INFO - DAG(s) dict_keys(['example_trigger_controller_dag']) retrieved from /home/airflow/.local/lib/python3.8/site-packages/airflow/example_dags/example_trigger_controller_dag.py
[2025-10-17T07:24:53.450+0000] {logging_mixin.py:154} INFO - [2025-10-17T07:24:53.450+0000] {dag.py:2941} INFO - Sync 1 DAGs
[2025-10-17T07:24:53.470+0000] {logging_mixin.py:154} INFO - [2025-10-17T07:24:53.469+0000] {dag.py:3722} INFO - Setting next_dagrun for example_trigger_controller_dag to 2021-01-01T00:00:00+00:00, run_after=2021-01-01T00:00:00+00:00
[2025-10-17T07:24:53.485+0000] {processor.py:179} INFO - Processing /home/airflow/.local/lib/python3.8/site-packages/airflow/example_dags/example_trigger_controller_dag.py took 0.066 seconds
[2025-10-17T07:25:24.379+0000] {processor.py:157} INFO - Started process (PID=1193) to work on /home/airflow/.local/lib/python3.8/site-packages/airflow/example_dags/example_trigger_controller_dag.py
[2025-10-17T07:25:24.380+0000] {processor.py:829} INFO - Processing file /home/airflow/.local/lib/python3.8/site-packages/airflow/example_dags/example_trigger_controller_dag.py for tasks to queue
[2025-10-17T07:25:24.382+0000] {logging_mixin.py:154} INFO - [2025-10-17T07:25:24.382+0000] {dagbag.py:536} INFO - Filling up the DagBag from /home/airflow/.local/lib/python3.8/site-packages/airflow/example_dags/example_trigger_controller_dag.py
[2025-10-17T07:25:24.386+0000] {processor.py:839} INFO - DAG(s) dict_keys(['example_trigger_controller_dag']) retrieved from /home/airflow/.local/lib/python3.8/site-packages/airflow/example_dags/example_trigger_controller_dag.py
[2025-10-17T07:25:24.405+0000] {logging_mixin.py:154} INFO - [2025-10-17T07:25:24.405+0000] {dag.py:2941} INFO - Sync 1 DAGs
[2025-10-17T07:25:24.424+0000] {logging_mixin.py:154} INFO - [2025-10-17T07:25:24.423+0000] {dag.py:3722} INFO - Setting next_dagrun for example_trigger_controller_dag to 2021-01-01T00:00:00+00:00, run_after=2021-01-01T00:00:00+00:00
[2025-10-17T07:25:24.442+0000] {processor.py:179} INFO - Processing /home/airflow/.local/lib/python3.8/site-packages/airflow/example_dags/example_trigger_controller_dag.py took 0.066 seconds
[2025-10-17T07:25:55.477+0000] {processor.py:157} INFO - Started process (PID=1256) to work on /home/airflow/.local/lib/python3.8/site-packages/airflow/example_dags/example_trigger_controller_dag.py
[2025-10-17T07:25:55.483+0000] {processor.py:829} INFO - Processing file /home/airflow/.local/lib/python3.8/site-packages/airflow/example_dags/example_trigger_controller_dag.py for tasks to queue
[2025-10-17T07:25:55.485+0000] {logging_mixin.py:154} INFO - [2025-10-17T07:25:55.485+0000] {dagbag.py:536} INFO - Filling up the DagBag from /home/airflow/.local/lib/python3.8/site-packages/airflow/example_dags/example_trigger_controller_dag.py
[2025-10-17T07:25:55.490+0000] {processor.py:839} INFO - DAG(s) dict_keys(['example_trigger_controller_dag']) retrieved from /home/airflow/.local/lib/python3.8/site-packages/airflow/example_dags/example_trigger_controller_dag.py
[2025-10-17T07:25:55.636+0000] {logging_mixin.py:154} INFO - [2025-10-17T07:25:55.636+0000] {dag.py:2941} INFO - Sync 1 DAGs
[2025-10-17T07:25:55.651+0000] {logging_mixin.py:154} INFO - [2025-10-17T07:25:55.650+0000] {dag.py:3722} INFO - Setting next_dagrun for example_trigger_controller_dag to 2021-01-01T00:00:00+00:00, run_after=2021-01-01T00:00:00+00:00
[2025-10-17T07:25:55.665+0000] {processor.py:179} INFO - Processing /home/airflow/.local/lib/python3.8/site-packages/airflow/example_dags/example_trigger_controller_dag.py took 0.192 seconds
[2025-10-17T07:26:26.105+0000] {processor.py:157} INFO - Started process (PID=1314) to work on /home/airflow/.local/lib/python3.8/site-packages/airflow/example_dags/example_trigger_controller_dag.py
[2025-10-17T07:26:26.106+0000] {processor.py:829} INFO - Processing file /home/airflow/.local/lib/python3.8/site-packages/airflow/example_dags/example_trigger_controller_dag.py for tasks to queue
[2025-10-17T07:26:26.109+0000] {logging_mixin.py:154} INFO - [2025-10-17T07:26:26.109+0000] {dagbag.py:536} INFO - Filling up the DagBag from /home/airflow/.local/lib/python3.8/site-packages/airflow/example_dags/example_trigger_controller_dag.py
[2025-10-17T07:26:26.114+0000] {processor.py:839} INFO - DAG(s) dict_keys(['example_trigger_controller_dag']) retrieved from /home/airflow/.local/lib/python3.8/site-packages/airflow/example_dags/example_trigger_controller_dag.py
[2025-10-17T07:26:26.134+0000] {logging_mixin.py:154} INFO - [2025-10-17T07:26:26.134+0000] {dag.py:2941} INFO - Sync 1 DAGs
[2025-10-17T07:26:26.153+0000] {logging_mixin.py:154} INFO - [2025-10-17T07:26:26.152+0000] {dag.py:3722} INFO - Setting next_dagrun for example_trigger_controller_dag to 2021-01-01T00:00:00+00:00, run_after=2021-01-01T00:00:00+00:00
[2025-10-17T07:26:26.169+0000] {processor.py:179} INFO - Processing /home/airflow/.local/lib/python3.8/site-packages/airflow/example_dags/example_trigger_controller_dag.py took 0.067 seconds
[2025-10-17T07:26:56.370+0000] {processor.py:157} INFO - Started process (PID=1369) to work on /home/airflow/.local/lib/python3.8/site-packages/airflow/example_dags/example_trigger_controller_dag.py
[2025-10-17T07:26:56.372+0000] {processor.py:829} INFO - Processing file /home/airflow/.local/lib/python3.8/site-packages/airflow/example_dags/example_trigger_controller_dag.py for tasks to queue
[2025-10-17T07:26:56.374+0000] {logging_mixin.py:154} INFO - [2025-10-17T07:26:56.373+0000] {dagbag.py:536} INFO - Filling up the DagBag from /home/airflow/.local/lib/python3.8/site-packages/airflow/example_dags/example_trigger_controller_dag.py
[2025-10-17T07:26:56.378+0000] {processor.py:839} INFO - DAG(s) dict_keys(['example_trigger_controller_dag']) retrieved from /home/airflow/.local/lib/python3.8/site-packages/airflow/example_dags/example_trigger_controller_dag.py
[2025-10-17T07:26:56.396+0000] {logging_mixin.py:154} INFO - [2025-10-17T07:26:56.396+0000] {dag.py:2941} INFO - Sync 1 DAGs
[2025-10-17T07:26:56.416+0000] {logging_mixin.py:154} INFO - [2025-10-17T07:26:56.416+0000] {dag.py:3722} INFO - Setting next_dagrun for example_trigger_controller_dag to 2021-01-01T00:00:00+00:00, run_after=2021-01-01T00:00:00+00:00
[2025-10-17T07:26:56.435+0000] {processor.py:179} INFO - Processing /home/airflow/.local/lib/python3.8/site-packages/airflow/example_dags/example_trigger_controller_dag.py took 0.068 seconds
[2025-10-17T07:27:26.551+0000] {processor.py:157} INFO - Started process (PID=1424) to work on /home/airflow/.local/lib/python3.8/site-packages/airflow/example_dags/example_trigger_controller_dag.py
[2025-10-17T07:27:26.552+0000] {processor.py:829} INFO - Processing file /home/airflow/.local/lib/python3.8/site-packages/airflow/example_dags/example_trigger_controller_dag.py for tasks to queue
[2025-10-17T07:27:26.555+0000] {logging_mixin.py:154} INFO - [2025-10-17T07:27:26.555+0000] {dagbag.py:536} INFO - Filling up the DagBag from /home/airflow/.local/lib/python3.8/site-packages/airflow/example_dags/example_trigger_controller_dag.py
[2025-10-17T07:27:26.559+0000] {processor.py:839} INFO - DAG(s) dict_keys(['example_trigger_controller_dag']) retrieved from /home/airflow/.local/lib/python3.8/site-packages/airflow/example_dags/example_trigger_controller_dag.py
[2025-10-17T07:27:26.578+0000] {logging_mixin.py:154} INFO - [2025-10-17T07:27:26.577+0000] {dag.py:2941} INFO - Sync 1 DAGs
[2025-10-17T07:27:26.595+0000] {logging_mixin.py:154} INFO - [2025-10-17T07:27:26.595+0000] {dag.py:3722} INFO - Setting next_dagrun for example_trigger_controller_dag to 2021-01-01T00:00:00+00:00, run_after=2021-01-01T00:00:00+00:00
[2025-10-17T07:27:26.612+0000] {processor.py:179} INFO - Processing /home/airflow/.local/lib/python3.8/site-packages/airflow/example_dags/example_trigger_controller_dag.py took 0.064 seconds
[2025-10-17T07:27:56.769+0000] {processor.py:157} INFO - Started process (PID=1479) to work on /home/airflow/.local/lib/python3.8/site-packages/airflow/example_dags/example_trigger_controller_dag.py
[2025-10-17T07:27:56.770+0000] {processor.py:829} INFO - Processing file /home/airflow/.local/lib/python3.8/site-packages/airflow/example_dags/example_trigger_controller_dag.py for tasks to queue
[2025-10-17T07:27:56.771+0000] {logging_mixin.py:154} INFO - [2025-10-17T07:27:56.771+0000] {dagbag.py:536} INFO - Filling up the DagBag from /home/airflow/.local/lib/python3.8/site-packages/airflow/example_dags/example_trigger_controller_dag.py
[2025-10-17T07:27:56.776+0000] {processor.py:839} INFO - DAG(s) dict_keys(['example_trigger_controller_dag']) retrieved from /home/airflow/.local/lib/python3.8/site-packages/airflow/example_dags/example_trigger_controller_dag.py
[2025-10-17T07:27:56.795+0000] {logging_mixin.py:154} INFO - [2025-10-17T07:27:56.795+0000] {dag.py:2941} INFO - Sync 1 DAGs
[2025-10-17T07:27:56.812+0000] {logging_mixin.py:154} INFO - [2025-10-17T07:27:56.812+0000] {dag.py:3722} INFO - Setting next_dagrun for example_trigger_controller_dag to 2021-01-01T00:00:00+00:00, run_after=2021-01-01T00:00:00+00:00
[2025-10-17T07:27:56.828+0000] {processor.py:179} INFO - Processing /home/airflow/.local/lib/python3.8/site-packages/airflow/example_dags/example_trigger_controller_dag.py took 0.062 seconds
[2025-10-17T07:28:27.106+0000] {processor.py:157} INFO - Started process (PID=1537) to work on /home/airflow/.local/lib/python3.8/site-packages/airflow/example_dags/example_trigger_controller_dag.py
[2025-10-17T07:28:27.107+0000] {processor.py:829} INFO - Processing file /home/airflow/.local/lib/python3.8/site-packages/airflow/example_dags/example_trigger_controller_dag.py for tasks to queue
[2025-10-17T07:28:27.108+0000] {logging_mixin.py:154} INFO - [2025-10-17T07:28:27.108+0000] {dagbag.py:536} INFO - Filling up the DagBag from /home/airflow/.local/lib/python3.8/site-packages/airflow/example_dags/example_trigger_controller_dag.py
[2025-10-17T07:28:27.113+0000] {processor.py:839} INFO - DAG(s) dict_keys(['example_trigger_controller_dag']) retrieved from /home/airflow/.local/lib/python3.8/site-packages/airflow/example_dags/example_trigger_controller_dag.py
[2025-10-17T07:28:27.133+0000] {logging_mixin.py:154} INFO - [2025-10-17T07:28:27.133+0000] {dag.py:2941} INFO - Sync 1 DAGs
[2025-10-17T07:28:27.151+0000] {logging_mixin.py:154} INFO - [2025-10-17T07:28:27.150+0000] {dag.py:3722} INFO - Setting next_dagrun for example_trigger_controller_dag to 2021-01-01T00:00:00+00:00, run_after=2021-01-01T00:00:00+00:00
[2025-10-17T07:28:27.166+0000] {processor.py:179} INFO - Processing /home/airflow/.local/lib/python3.8/site-packages/airflow/example_dags/example_trigger_controller_dag.py took 0.062 seconds
[2025-10-17T07:28:57.426+0000] {processor.py:157} INFO - Started process (PID=1593) to work on /home/airflow/.local/lib/python3.8/site-packages/airflow/example_dags/example_trigger_controller_dag.py
[2025-10-17T07:28:57.427+0000] {processor.py:829} INFO - Processing file /home/airflow/.local/lib/python3.8/site-packages/airflow/example_dags/example_trigger_controller_dag.py for tasks to queue
[2025-10-17T07:28:57.428+0000] {logging_mixin.py:154} INFO - [2025-10-17T07:28:57.428+0000] {dagbag.py:536} INFO - Filling up the DagBag from /home/airflow/.local/lib/python3.8/site-packages/airflow/example_dags/example_trigger_controller_dag.py
[2025-10-17T07:28:57.432+0000] {processor.py:839} INFO - DAG(s) dict_keys(['example_trigger_controller_dag']) retrieved from /home/airflow/.local/lib/python3.8/site-packages/airflow/example_dags/example_trigger_controller_dag.py
[2025-10-17T07:28:57.455+0000] {logging_mixin.py:154} INFO - [2025-10-17T07:28:57.454+0000] {dag.py:2941} INFO - Sync 1 DAGs
[2025-10-17T07:28:57.482+0000] {logging_mixin.py:154} INFO - [2025-10-17T07:28:57.482+0000] {dag.py:3722} INFO - Setting next_dagrun for example_trigger_controller_dag to 2021-01-01T00:00:00+00:00, run_after=2021-01-01T00:00:00+00:00
[2025-10-17T07:28:57.504+0000] {processor.py:179} INFO - Processing /home/airflow/.local/lib/python3.8/site-packages/airflow/example_dags/example_trigger_controller_dag.py took 0.081 seconds
[2025-10-17T07:30:20.272+0000] {processor.py:157} INFO - Started process (PID=77) to work on /home/airflow/.local/lib/python3.8/site-packages/airflow/example_dags/example_trigger_controller_dag.py
[2025-10-17T07:30:20.275+0000] {processor.py:829} INFO - Processing file /home/airflow/.local/lib/python3.8/site-packages/airflow/example_dags/example_trigger_controller_dag.py for tasks to queue
[2025-10-17T07:30:20.279+0000] {logging_mixin.py:154} INFO - [2025-10-17T07:30:20.278+0000] {dagbag.py:536} INFO - Filling up the DagBag from /home/airflow/.local/lib/python3.8/site-packages/airflow/example_dags/example_trigger_controller_dag.py
[2025-10-17T07:30:20.293+0000] {processor.py:839} INFO - DAG(s) dict_keys(['example_trigger_controller_dag']) retrieved from /home/airflow/.local/lib/python3.8/site-packages/airflow/example_dags/example_trigger_controller_dag.py
[2025-10-17T07:30:20.411+0000] {logging_mixin.py:154} INFO - [2025-10-17T07:30:20.411+0000] {manager.py:499} INFO - Created Permission View: %s
[2025-10-17T07:30:20.427+0000] {logging_mixin.py:154} INFO - [2025-10-17T07:30:20.426+0000] {manager.py:499} INFO - Created Permission View: %s
[2025-10-17T07:30:20.436+0000] {logging_mixin.py:154} INFO - [2025-10-17T07:30:20.436+0000] {manager.py:499} INFO - Created Permission View: %s
[2025-10-17T07:30:20.437+0000] {logging_mixin.py:154} INFO - [2025-10-17T07:30:20.436+0000] {dag.py:2941} INFO - Sync 1 DAGs
[2025-10-17T07:30:20.454+0000] {logging_mixin.py:154} INFO - [2025-10-17T07:30:20.454+0000] {dag.py:2963} INFO - Creating ORM DAG for example_trigger_controller_dag
[2025-10-17T07:30:20.470+0000] {logging_mixin.py:154} INFO - [2025-10-17T07:30:20.469+0000] {dag.py:3722} INFO - Setting next_dagrun for example_trigger_controller_dag to 2021-01-01T00:00:00+00:00, run_after=2021-01-01T00:00:00+00:00
[2025-10-17T07:30:20.488+0000] {processor.py:179} INFO - Processing /home/airflow/.local/lib/python3.8/site-packages/airflow/example_dags/example_trigger_controller_dag.py took 0.233 seconds
[2025-10-17T07:30:50.546+0000] {processor.py:157} INFO - Started process (PID=133) to work on /home/airflow/.local/lib/python3.8/site-packages/airflow/example_dags/example_trigger_controller_dag.py
[2025-10-17T07:30:50.549+0000] {processor.py:829} INFO - Processing file /home/airflow/.local/lib/python3.8/site-packages/airflow/example_dags/example_trigger_controller_dag.py for tasks to queue
[2025-10-17T07:30:50.552+0000] {logging_mixin.py:154} INFO - [2025-10-17T07:30:50.552+0000] {dagbag.py:536} INFO - Filling up the DagBag from /home/airflow/.local/lib/python3.8/site-packages/airflow/example_dags/example_trigger_controller_dag.py
[2025-10-17T07:30:50.560+0000] {processor.py:839} INFO - DAG(s) dict_keys(['example_trigger_controller_dag']) retrieved from /home/airflow/.local/lib/python3.8/site-packages/airflow/example_dags/example_trigger_controller_dag.py
[2025-10-17T07:30:50.594+0000] {logging_mixin.py:154} INFO - [2025-10-17T07:30:50.593+0000] {dag.py:2941} INFO - Sync 1 DAGs
[2025-10-17T07:30:50.627+0000] {logging_mixin.py:154} INFO - [2025-10-17T07:30:50.626+0000] {dag.py:3722} INFO - Setting next_dagrun for example_trigger_controller_dag to 2021-01-01T00:00:00+00:00, run_after=2021-01-01T00:00:00+00:00
[2025-10-17T07:30:50.661+0000] {processor.py:179} INFO - Processing /home/airflow/.local/lib/python3.8/site-packages/airflow/example_dags/example_trigger_controller_dag.py took 0.120 seconds
[2025-10-17T07:31:21.649+0000] {processor.py:157} INFO - Started process (PID=189) to work on /home/airflow/.local/lib/python3.8/site-packages/airflow/example_dags/example_trigger_controller_dag.py
[2025-10-17T07:31:21.650+0000] {processor.py:829} INFO - Processing file /home/airflow/.local/lib/python3.8/site-packages/airflow/example_dags/example_trigger_controller_dag.py for tasks to queue
[2025-10-17T07:31:21.653+0000] {logging_mixin.py:154} INFO - [2025-10-17T07:31:21.653+0000] {dagbag.py:536} INFO - Filling up the DagBag from /home/airflow/.local/lib/python3.8/site-packages/airflow/example_dags/example_trigger_controller_dag.py
[2025-10-17T07:31:21.659+0000] {processor.py:839} INFO - DAG(s) dict_keys(['example_trigger_controller_dag']) retrieved from /home/airflow/.local/lib/python3.8/site-packages/airflow/example_dags/example_trigger_controller_dag.py
[2025-10-17T07:31:21.681+0000] {logging_mixin.py:154} INFO - [2025-10-17T07:31:21.681+0000] {dag.py:2941} INFO - Sync 1 DAGs
[2025-10-17T07:31:21.702+0000] {logging_mixin.py:154} INFO - [2025-10-17T07:31:21.702+0000] {dag.py:3722} INFO - Setting next_dagrun for example_trigger_controller_dag to 2021-01-01T00:00:00+00:00, run_after=2021-01-01T00:00:00+00:00
[2025-10-17T07:31:21.728+0000] {processor.py:179} INFO - Processing /home/airflow/.local/lib/python3.8/site-packages/airflow/example_dags/example_trigger_controller_dag.py took 0.083 seconds
[2025-10-17T07:31:52.213+0000] {processor.py:157} INFO - Started process (PID=245) to work on /home/airflow/.local/lib/python3.8/site-packages/airflow/example_dags/example_trigger_controller_dag.py
[2025-10-17T07:31:52.214+0000] {processor.py:829} INFO - Processing file /home/airflow/.local/lib/python3.8/site-packages/airflow/example_dags/example_trigger_controller_dag.py for tasks to queue
[2025-10-17T07:31:52.217+0000] {logging_mixin.py:154} INFO - [2025-10-17T07:31:52.216+0000] {dagbag.py:536} INFO - Filling up the DagBag from /home/airflow/.local/lib/python3.8/site-packages/airflow/example_dags/example_trigger_controller_dag.py
[2025-10-17T07:31:52.223+0000] {processor.py:839} INFO - DAG(s) dict_keys(['example_trigger_controller_dag']) retrieved from /home/airflow/.local/lib/python3.8/site-packages/airflow/example_dags/example_trigger_controller_dag.py
[2025-10-17T07:31:52.247+0000] {logging_mixin.py:154} INFO - [2025-10-17T07:31:52.247+0000] {dag.py:2941} INFO - Sync 1 DAGs
[2025-10-17T07:31:52.273+0000] {logging_mixin.py:154} INFO - [2025-10-17T07:31:52.273+0000] {dag.py:3722} INFO - Setting next_dagrun for example_trigger_controller_dag to 2021-01-01T00:00:00+00:00, run_after=2021-01-01T00:00:00+00:00
[2025-10-17T07:31:52.297+0000] {processor.py:179} INFO - Processing /home/airflow/.local/lib/python3.8/site-packages/airflow/example_dags/example_trigger_controller_dag.py took 0.087 seconds
[2025-10-17T07:32:23.110+0000] {processor.py:157} INFO - Started process (PID=301) to work on /home/airflow/.local/lib/python3.8/site-packages/airflow/example_dags/example_trigger_controller_dag.py
[2025-10-17T07:32:23.111+0000] {processor.py:829} INFO - Processing file /home/airflow/.local/lib/python3.8/site-packages/airflow/example_dags/example_trigger_controller_dag.py for tasks to queue
[2025-10-17T07:32:23.114+0000] {logging_mixin.py:154} INFO - [2025-10-17T07:32:23.114+0000] {dagbag.py:536} INFO - Filling up the DagBag from /home/airflow/.local/lib/python3.8/site-packages/airflow/example_dags/example_trigger_controller_dag.py
[2025-10-17T07:32:23.118+0000] {processor.py:839} INFO - DAG(s) dict_keys(['example_trigger_controller_dag']) retrieved from /home/airflow/.local/lib/python3.8/site-packages/airflow/example_dags/example_trigger_controller_dag.py
[2025-10-17T07:32:23.141+0000] {logging_mixin.py:154} INFO - [2025-10-17T07:32:23.141+0000] {dag.py:2941} INFO - Sync 1 DAGs
[2025-10-17T07:32:23.166+0000] {logging_mixin.py:154} INFO - [2025-10-17T07:32:23.166+0000] {dag.py:3722} INFO - Setting next_dagrun for example_trigger_controller_dag to 2021-01-01T00:00:00+00:00, run_after=2021-01-01T00:00:00+00:00
[2025-10-17T07:32:23.185+0000] {processor.py:179} INFO - Processing /home/airflow/.local/lib/python3.8/site-packages/airflow/example_dags/example_trigger_controller_dag.py took 0.078 seconds
[2025-10-17T07:35:42.972+0000] {processor.py:157} INFO - Started process (PID=73) to work on /home/airflow/.local/lib/python3.8/site-packages/airflow/example_dags/example_trigger_controller_dag.py
[2025-10-17T07:35:42.974+0000] {processor.py:829} INFO - Processing file /home/airflow/.local/lib/python3.8/site-packages/airflow/example_dags/example_trigger_controller_dag.py for tasks to queue
[2025-10-17T07:35:42.982+0000] {logging_mixin.py:154} INFO - [2025-10-17T07:35:42.981+0000] {dagbag.py:536} INFO - Filling up the DagBag from /home/airflow/.local/lib/python3.8/site-packages/airflow/example_dags/example_trigger_controller_dag.py
[2025-10-17T07:35:42.994+0000] {processor.py:839} INFO - DAG(s) dict_keys(['example_trigger_controller_dag']) retrieved from /home/airflow/.local/lib/python3.8/site-packages/airflow/example_dags/example_trigger_controller_dag.py
[2025-10-17T07:35:43.190+0000] {logging_mixin.py:154} INFO - [2025-10-17T07:35:43.190+0000] {manager.py:499} INFO - Created Permission View: %s
[2025-10-17T07:35:43.205+0000] {logging_mixin.py:154} INFO - [2025-10-17T07:35:43.204+0000] {manager.py:499} INFO - Created Permission View: %s
[2025-10-17T07:35:43.215+0000] {logging_mixin.py:154} INFO - [2025-10-17T07:35:43.215+0000] {manager.py:499} INFO - Created Permission View: %s
[2025-10-17T07:35:43.216+0000] {logging_mixin.py:154} INFO - [2025-10-17T07:35:43.216+0000] {dag.py:2941} INFO - Sync 1 DAGs
[2025-10-17T07:35:43.242+0000] {logging_mixin.py:154} INFO - [2025-10-17T07:35:43.242+0000] {dag.py:2963} INFO - Creating ORM DAG for example_trigger_controller_dag
[2025-10-17T07:35:43.256+0000] {logging_mixin.py:154} INFO - [2025-10-17T07:35:43.256+0000] {dag.py:3722} INFO - Setting next_dagrun for example_trigger_controller_dag to 2021-01-01T00:00:00+00:00, run_after=2021-01-01T00:00:00+00:00
[2025-10-17T07:35:43.289+0000] {processor.py:179} INFO - Processing /home/airflow/.local/lib/python3.8/site-packages/airflow/example_dags/example_trigger_controller_dag.py took 0.322 seconds
[2025-10-17T07:36:13.926+0000] {processor.py:157} INFO - Started process (PID=129) to work on /home/airflow/.local/lib/python3.8/site-packages/airflow/example_dags/example_trigger_controller_dag.py
[2025-10-17T07:36:13.928+0000] {processor.py:829} INFO - Processing file /home/airflow/.local/lib/python3.8/site-packages/airflow/example_dags/example_trigger_controller_dag.py for tasks to queue
[2025-10-17T07:36:13.931+0000] {logging_mixin.py:154} INFO - [2025-10-17T07:36:13.930+0000] {dagbag.py:536} INFO - Filling up the DagBag from /home/airflow/.local/lib/python3.8/site-packages/airflow/example_dags/example_trigger_controller_dag.py
[2025-10-17T07:36:13.935+0000] {processor.py:839} INFO - DAG(s) dict_keys(['example_trigger_controller_dag']) retrieved from /home/airflow/.local/lib/python3.8/site-packages/airflow/example_dags/example_trigger_controller_dag.py
[2025-10-17T07:36:13.955+0000] {logging_mixin.py:154} INFO - [2025-10-17T07:36:13.954+0000] {dag.py:2941} INFO - Sync 1 DAGs
[2025-10-17T07:36:13.973+0000] {logging_mixin.py:154} INFO - [2025-10-17T07:36:13.973+0000] {dag.py:3722} INFO - Setting next_dagrun for example_trigger_controller_dag to 2021-01-01T00:00:00+00:00, run_after=2021-01-01T00:00:00+00:00
[2025-10-17T07:36:13.991+0000] {processor.py:179} INFO - Processing /home/airflow/.local/lib/python3.8/site-packages/airflow/example_dags/example_trigger_controller_dag.py took 0.068 seconds
[2025-10-17T07:36:44.440+0000] {processor.py:157} INFO - Started process (PID=185) to work on /home/airflow/.local/lib/python3.8/site-packages/airflow/example_dags/example_trigger_controller_dag.py
[2025-10-17T07:36:44.441+0000] {processor.py:829} INFO - Processing file /home/airflow/.local/lib/python3.8/site-packages/airflow/example_dags/example_trigger_controller_dag.py for tasks to queue
[2025-10-17T07:36:44.444+0000] {logging_mixin.py:154} INFO - [2025-10-17T07:36:44.444+0000] {dagbag.py:536} INFO - Filling up the DagBag from /home/airflow/.local/lib/python3.8/site-packages/airflow/example_dags/example_trigger_controller_dag.py
[2025-10-17T07:36:44.449+0000] {processor.py:839} INFO - DAG(s) dict_keys(['example_trigger_controller_dag']) retrieved from /home/airflow/.local/lib/python3.8/site-packages/airflow/example_dags/example_trigger_controller_dag.py
[2025-10-17T07:36:44.467+0000] {logging_mixin.py:154} INFO - [2025-10-17T07:36:44.467+0000] {dag.py:2941} INFO - Sync 1 DAGs
[2025-10-17T07:36:44.485+0000] {logging_mixin.py:154} INFO - [2025-10-17T07:36:44.485+0000] {dag.py:3722} INFO - Setting next_dagrun for example_trigger_controller_dag to 2021-01-01T00:00:00+00:00, run_after=2021-01-01T00:00:00+00:00
[2025-10-17T07:36:44.502+0000] {processor.py:179} INFO - Processing /home/airflow/.local/lib/python3.8/site-packages/airflow/example_dags/example_trigger_controller_dag.py took 0.066 seconds
[2025-10-17T07:37:14.855+0000] {processor.py:157} INFO - Started process (PID=241) to work on /home/airflow/.local/lib/python3.8/site-packages/airflow/example_dags/example_trigger_controller_dag.py
[2025-10-17T07:37:14.856+0000] {processor.py:829} INFO - Processing file /home/airflow/.local/lib/python3.8/site-packages/airflow/example_dags/example_trigger_controller_dag.py for tasks to queue
[2025-10-17T07:37:14.859+0000] {logging_mixin.py:154} INFO - [2025-10-17T07:37:14.859+0000] {dagbag.py:536} INFO - Filling up the DagBag from /home/airflow/.local/lib/python3.8/site-packages/airflow/example_dags/example_trigger_controller_dag.py
[2025-10-17T07:37:14.864+0000] {processor.py:839} INFO - DAG(s) dict_keys(['example_trigger_controller_dag']) retrieved from /home/airflow/.local/lib/python3.8/site-packages/airflow/example_dags/example_trigger_controller_dag.py
[2025-10-17T07:37:14.883+0000] {logging_mixin.py:154} INFO - [2025-10-17T07:37:14.883+0000] {dag.py:2941} INFO - Sync 1 DAGs
[2025-10-17T07:37:14.901+0000] {logging_mixin.py:154} INFO - [2025-10-17T07:37:14.901+0000] {dag.py:3722} INFO - Setting next_dagrun for example_trigger_controller_dag to 2021-01-01T00:00:00+00:00, run_after=2021-01-01T00:00:00+00:00
[2025-10-17T07:37:14.920+0000] {processor.py:179} INFO - Processing /home/airflow/.local/lib/python3.8/site-packages/airflow/example_dags/example_trigger_controller_dag.py took 0.069 seconds
[2025-10-17T07:38:44.234+0000] {processor.py:157} INFO - Started process (PID=67) to work on /home/airflow/.local/lib/python3.8/site-packages/airflow/example_dags/example_trigger_controller_dag.py
[2025-10-17T07:38:44.236+0000] {processor.py:829} INFO - Processing file /home/airflow/.local/lib/python3.8/site-packages/airflow/example_dags/example_trigger_controller_dag.py for tasks to queue
[2025-10-17T07:38:44.239+0000] {logging_mixin.py:154} INFO - [2025-10-17T07:38:44.239+0000] {dagbag.py:536} INFO - Filling up the DagBag from /home/airflow/.local/lib/python3.8/site-packages/airflow/example_dags/example_trigger_controller_dag.py
[2025-10-17T07:38:44.248+0000] {processor.py:839} INFO - DAG(s) dict_keys(['example_trigger_controller_dag']) retrieved from /home/airflow/.local/lib/python3.8/site-packages/airflow/example_dags/example_trigger_controller_dag.py
[2025-10-17T07:38:44.406+0000] {logging_mixin.py:154} INFO - [2025-10-17T07:38:44.406+0000] {manager.py:499} INFO - Created Permission View: %s
[2025-10-17T07:38:44.418+0000] {logging_mixin.py:154} INFO - [2025-10-17T07:38:44.418+0000] {manager.py:499} INFO - Created Permission View: %s
[2025-10-17T07:38:44.427+0000] {logging_mixin.py:154} INFO - [2025-10-17T07:38:44.426+0000] {manager.py:499} INFO - Created Permission View: %s
[2025-10-17T07:38:44.427+0000] {logging_mixin.py:154} INFO - [2025-10-17T07:38:44.427+0000] {dag.py:2941} INFO - Sync 1 DAGs
[2025-10-17T07:38:44.444+0000] {logging_mixin.py:154} INFO - [2025-10-17T07:38:44.444+0000] {dag.py:2963} INFO - Creating ORM DAG for example_trigger_controller_dag
[2025-10-17T07:38:44.461+0000] {logging_mixin.py:154} INFO - [2025-10-17T07:38:44.460+0000] {dag.py:3722} INFO - Setting next_dagrun for example_trigger_controller_dag to 2021-01-01T00:00:00+00:00, run_after=2021-01-01T00:00:00+00:00
[2025-10-17T07:38:44.490+0000] {processor.py:179} INFO - Processing /home/airflow/.local/lib/python3.8/site-packages/airflow/example_dags/example_trigger_controller_dag.py took 0.262 seconds
[2025-10-17T07:39:15.245+0000] {processor.py:157} INFO - Started process (PID=130) to work on /home/airflow/.local/lib/python3.8/site-packages/airflow/example_dags/example_trigger_controller_dag.py
[2025-10-17T07:39:15.247+0000] {processor.py:829} INFO - Processing file /home/airflow/.local/lib/python3.8/site-packages/airflow/example_dags/example_trigger_controller_dag.py for tasks to queue
[2025-10-17T07:39:15.249+0000] {logging_mixin.py:154} INFO - [2025-10-17T07:39:15.249+0000] {dagbag.py:536} INFO - Filling up the DagBag from /home/airflow/.local/lib/python3.8/site-packages/airflow/example_dags/example_trigger_controller_dag.py
[2025-10-17T07:39:15.255+0000] {processor.py:839} INFO - DAG(s) dict_keys(['example_trigger_controller_dag']) retrieved from /home/airflow/.local/lib/python3.8/site-packages/airflow/example_dags/example_trigger_controller_dag.py
[2025-10-17T07:39:15.276+0000] {logging_mixin.py:154} INFO - [2025-10-17T07:39:15.276+0000] {dag.py:2941} INFO - Sync 1 DAGs
[2025-10-17T07:39:15.299+0000] {logging_mixin.py:154} INFO - [2025-10-17T07:39:15.299+0000] {dag.py:3722} INFO - Setting next_dagrun for example_trigger_controller_dag to 2021-01-01T00:00:00+00:00, run_after=2021-01-01T00:00:00+00:00
[2025-10-17T07:39:15.323+0000] {processor.py:179} INFO - Processing /home/airflow/.local/lib/python3.8/site-packages/airflow/example_dags/example_trigger_controller_dag.py took 0.081 seconds
[2025-10-17T07:39:45.369+0000] {processor.py:157} INFO - Started process (PID=186) to work on /home/airflow/.local/lib/python3.8/site-packages/airflow/example_dags/example_trigger_controller_dag.py
[2025-10-17T07:39:45.370+0000] {processor.py:829} INFO - Processing file /home/airflow/.local/lib/python3.8/site-packages/airflow/example_dags/example_trigger_controller_dag.py for tasks to queue
[2025-10-17T07:39:45.373+0000] {logging_mixin.py:154} INFO - [2025-10-17T07:39:45.372+0000] {dagbag.py:536} INFO - Filling up the DagBag from /home/airflow/.local/lib/python3.8/site-packages/airflow/example_dags/example_trigger_controller_dag.py
[2025-10-17T07:39:45.377+0000] {processor.py:839} INFO - DAG(s) dict_keys(['example_trigger_controller_dag']) retrieved from /home/airflow/.local/lib/python3.8/site-packages/airflow/example_dags/example_trigger_controller_dag.py
[2025-10-17T07:39:45.398+0000] {logging_mixin.py:154} INFO - [2025-10-17T07:39:45.398+0000] {dag.py:2941} INFO - Sync 1 DAGs
[2025-10-17T07:39:45.418+0000] {logging_mixin.py:154} INFO - [2025-10-17T07:39:45.418+0000] {dag.py:3722} INFO - Setting next_dagrun for example_trigger_controller_dag to 2021-01-01T00:00:00+00:00, run_after=2021-01-01T00:00:00+00:00
[2025-10-17T07:39:45.435+0000] {processor.py:179} INFO - Processing /home/airflow/.local/lib/python3.8/site-packages/airflow/example_dags/example_trigger_controller_dag.py took 0.069 seconds
[2025-10-17T07:40:16.700+0000] {processor.py:157} INFO - Started process (PID=242) to work on /home/airflow/.local/lib/python3.8/site-packages/airflow/example_dags/example_trigger_controller_dag.py
[2025-10-17T07:40:16.702+0000] {processor.py:829} INFO - Processing file /home/airflow/.local/lib/python3.8/site-packages/airflow/example_dags/example_trigger_controller_dag.py for tasks to queue
[2025-10-17T07:40:16.704+0000] {logging_mixin.py:154} INFO - [2025-10-17T07:40:16.704+0000] {dagbag.py:536} INFO - Filling up the DagBag from /home/airflow/.local/lib/python3.8/site-packages/airflow/example_dags/example_trigger_controller_dag.py
[2025-10-17T07:40:16.710+0000] {processor.py:839} INFO - DAG(s) dict_keys(['example_trigger_controller_dag']) retrieved from /home/airflow/.local/lib/python3.8/site-packages/airflow/example_dags/example_trigger_controller_dag.py
[2025-10-17T07:40:16.729+0000] {logging_mixin.py:154} INFO - [2025-10-17T07:40:16.729+0000] {dag.py:2941} INFO - Sync 1 DAGs
[2025-10-17T07:40:16.747+0000] {logging_mixin.py:154} INFO - [2025-10-17T07:40:16.746+0000] {dag.py:3722} INFO - Setting next_dagrun for example_trigger_controller_dag to 2021-01-01T00:00:00+00:00, run_after=2021-01-01T00:00:00+00:00
[2025-10-17T07:40:16.763+0000] {processor.py:179} INFO - Processing /home/airflow/.local/lib/python3.8/site-packages/airflow/example_dags/example_trigger_controller_dag.py took 0.067 seconds
[2025-10-17T07:40:47.338+0000] {processor.py:157} INFO - Started process (PID=297) to work on /home/airflow/.local/lib/python3.8/site-packages/airflow/example_dags/example_trigger_controller_dag.py
[2025-10-17T07:40:47.340+0000] {processor.py:829} INFO - Processing file /home/airflow/.local/lib/python3.8/site-packages/airflow/example_dags/example_trigger_controller_dag.py for tasks to queue
[2025-10-17T07:40:47.343+0000] {logging_mixin.py:154} INFO - [2025-10-17T07:40:47.342+0000] {dagbag.py:536} INFO - Filling up the DagBag from /home/airflow/.local/lib/python3.8/site-packages/airflow/example_dags/example_trigger_controller_dag.py
[2025-10-17T07:40:47.349+0000] {processor.py:839} INFO - DAG(s) dict_keys(['example_trigger_controller_dag']) retrieved from /home/airflow/.local/lib/python3.8/site-packages/airflow/example_dags/example_trigger_controller_dag.py
[2025-10-17T07:40:47.377+0000] {logging_mixin.py:154} INFO - [2025-10-17T07:40:47.376+0000] {dag.py:2941} INFO - Sync 1 DAGs
[2025-10-17T07:40:47.397+0000] {logging_mixin.py:154} INFO - [2025-10-17T07:40:47.396+0000] {dag.py:3722} INFO - Setting next_dagrun for example_trigger_controller_dag to 2021-01-01T00:00:00+00:00, run_after=2021-01-01T00:00:00+00:00
[2025-10-17T07:40:47.414+0000] {processor.py:179} INFO - Processing /home/airflow/.local/lib/python3.8/site-packages/airflow/example_dags/example_trigger_controller_dag.py took 0.079 seconds
[2025-10-17T07:41:17.855+0000] {processor.py:157} INFO - Started process (PID=354) to work on /home/airflow/.local/lib/python3.8/site-packages/airflow/example_dags/example_trigger_controller_dag.py
[2025-10-17T07:41:17.856+0000] {processor.py:829} INFO - Processing file /home/airflow/.local/lib/python3.8/site-packages/airflow/example_dags/example_trigger_controller_dag.py for tasks to queue
[2025-10-17T07:41:17.858+0000] {logging_mixin.py:154} INFO - [2025-10-17T07:41:17.858+0000] {dagbag.py:536} INFO - Filling up the DagBag from /home/airflow/.local/lib/python3.8/site-packages/airflow/example_dags/example_trigger_controller_dag.py
[2025-10-17T07:41:17.865+0000] {processor.py:839} INFO - DAG(s) dict_keys(['example_trigger_controller_dag']) retrieved from /home/airflow/.local/lib/python3.8/site-packages/airflow/example_dags/example_trigger_controller_dag.py
[2025-10-17T07:41:17.886+0000] {logging_mixin.py:154} INFO - [2025-10-17T07:41:17.886+0000] {dag.py:2941} INFO - Sync 1 DAGs
[2025-10-17T07:41:17.908+0000] {logging_mixin.py:154} INFO - [2025-10-17T07:41:17.907+0000] {dag.py:3722} INFO - Setting next_dagrun for example_trigger_controller_dag to 2021-01-01T00:00:00+00:00, run_after=2021-01-01T00:00:00+00:00
[2025-10-17T07:41:17.928+0000] {processor.py:179} INFO - Processing /home/airflow/.local/lib/python3.8/site-packages/airflow/example_dags/example_trigger_controller_dag.py took 0.078 seconds
[2025-10-17T07:42:27.584+0000] {processor.py:157} INFO - Started process (PID=66) to work on /home/airflow/.local/lib/python3.8/site-packages/airflow/example_dags/example_trigger_controller_dag.py
[2025-10-17T07:42:27.586+0000] {processor.py:829} INFO - Processing file /home/airflow/.local/lib/python3.8/site-packages/airflow/example_dags/example_trigger_controller_dag.py for tasks to queue
[2025-10-17T07:42:27.591+0000] {logging_mixin.py:154} INFO - [2025-10-17T07:42:27.591+0000] {dagbag.py:536} INFO - Filling up the DagBag from /home/airflow/.local/lib/python3.8/site-packages/airflow/example_dags/example_trigger_controller_dag.py
[2025-10-17T07:42:27.602+0000] {processor.py:839} INFO - DAG(s) dict_keys(['example_trigger_controller_dag']) retrieved from /home/airflow/.local/lib/python3.8/site-packages/airflow/example_dags/example_trigger_controller_dag.py
[2025-10-17T07:42:27.760+0000] {logging_mixin.py:154} INFO - [2025-10-17T07:42:27.760+0000] {manager.py:499} INFO - Created Permission View: %s
[2025-10-17T07:42:27.775+0000] {logging_mixin.py:154} INFO - [2025-10-17T07:42:27.774+0000] {manager.py:499} INFO - Created Permission View: %s
[2025-10-17T07:42:27.785+0000] {logging_mixin.py:154} INFO - [2025-10-17T07:42:27.785+0000] {manager.py:499} INFO - Created Permission View: %s
[2025-10-17T07:42:27.787+0000] {logging_mixin.py:154} INFO - [2025-10-17T07:42:27.786+0000] {dag.py:2941} INFO - Sync 1 DAGs
[2025-10-17T07:42:27.805+0000] {logging_mixin.py:154} INFO - [2025-10-17T07:42:27.804+0000] {dag.py:2963} INFO - Creating ORM DAG for example_trigger_controller_dag
[2025-10-17T07:42:27.820+0000] {logging_mixin.py:154} INFO - [2025-10-17T07:42:27.819+0000] {dag.py:3722} INFO - Setting next_dagrun for example_trigger_controller_dag to 2021-01-01T00:00:00+00:00, run_after=2021-01-01T00:00:00+00:00
[2025-10-17T07:42:27.845+0000] {processor.py:179} INFO - Processing /home/airflow/.local/lib/python3.8/site-packages/airflow/example_dags/example_trigger_controller_dag.py took 0.266 seconds
[2025-10-17T07:42:57.892+0000] {processor.py:157} INFO - Started process (PID=122) to work on /home/airflow/.local/lib/python3.8/site-packages/airflow/example_dags/example_trigger_controller_dag.py
[2025-10-17T07:42:57.893+0000] {processor.py:829} INFO - Processing file /home/airflow/.local/lib/python3.8/site-packages/airflow/example_dags/example_trigger_controller_dag.py for tasks to queue
[2025-10-17T07:42:57.896+0000] {logging_mixin.py:154} INFO - [2025-10-17T07:42:57.896+0000] {dagbag.py:536} INFO - Filling up the DagBag from /home/airflow/.local/lib/python3.8/site-packages/airflow/example_dags/example_trigger_controller_dag.py
[2025-10-17T07:42:57.900+0000] {processor.py:839} INFO - DAG(s) dict_keys(['example_trigger_controller_dag']) retrieved from /home/airflow/.local/lib/python3.8/site-packages/airflow/example_dags/example_trigger_controller_dag.py
[2025-10-17T07:42:57.919+0000] {logging_mixin.py:154} INFO - [2025-10-17T07:42:57.919+0000] {dag.py:2941} INFO - Sync 1 DAGs
[2025-10-17T07:42:57.937+0000] {logging_mixin.py:154} INFO - [2025-10-17T07:42:57.937+0000] {dag.py:3722} INFO - Setting next_dagrun for example_trigger_controller_dag to 2021-01-01T00:00:00+00:00, run_after=2021-01-01T00:00:00+00:00
[2025-10-17T07:42:57.953+0000] {processor.py:179} INFO - Processing /home/airflow/.local/lib/python3.8/site-packages/airflow/example_dags/example_trigger_controller_dag.py took 0.064 seconds
[2025-10-17T07:44:25.038+0000] {processor.py:157} INFO - Started process (PID=66) to work on /home/airflow/.local/lib/python3.8/site-packages/airflow/example_dags/example_trigger_controller_dag.py
[2025-10-17T07:44:25.039+0000] {processor.py:829} INFO - Processing file /home/airflow/.local/lib/python3.8/site-packages/airflow/example_dags/example_trigger_controller_dag.py for tasks to queue
[2025-10-17T07:44:25.041+0000] {logging_mixin.py:154} INFO - [2025-10-17T07:44:25.041+0000] {dagbag.py:536} INFO - Filling up the DagBag from /home/airflow/.local/lib/python3.8/site-packages/airflow/example_dags/example_trigger_controller_dag.py
[2025-10-17T07:44:25.049+0000] {processor.py:839} INFO - DAG(s) dict_keys(['example_trigger_controller_dag']) retrieved from /home/airflow/.local/lib/python3.8/site-packages/airflow/example_dags/example_trigger_controller_dag.py
[2025-10-17T07:44:25.160+0000] {logging_mixin.py:154} INFO - [2025-10-17T07:44:25.159+0000] {manager.py:499} INFO - Created Permission View: %s
[2025-10-17T07:44:25.173+0000] {logging_mixin.py:154} INFO - [2025-10-17T07:44:25.173+0000] {manager.py:499} INFO - Created Permission View: %s
[2025-10-17T07:44:25.182+0000] {logging_mixin.py:154} INFO - [2025-10-17T07:44:25.181+0000] {manager.py:499} INFO - Created Permission View: %s
[2025-10-17T07:44:25.182+0000] {logging_mixin.py:154} INFO - [2025-10-17T07:44:25.182+0000] {dag.py:2941} INFO - Sync 1 DAGs
[2025-10-17T07:44:25.194+0000] {logging_mixin.py:154} INFO - [2025-10-17T07:44:25.194+0000] {dag.py:2963} INFO - Creating ORM DAG for example_trigger_controller_dag
[2025-10-17T07:44:25.205+0000] {logging_mixin.py:154} INFO - [2025-10-17T07:44:25.205+0000] {dag.py:3722} INFO - Setting next_dagrun for example_trigger_controller_dag to 2021-01-01T00:00:00+00:00, run_after=2021-01-01T00:00:00+00:00
[2025-10-17T07:44:25.225+0000] {processor.py:179} INFO - Processing /home/airflow/.local/lib/python3.8/site-packages/airflow/example_dags/example_trigger_controller_dag.py took 0.191 seconds
[2025-10-17T07:44:35.902+0000] {processor.py:157} INFO - Started process (PID=58) to work on /home/airflow/.local/lib/python3.8/site-packages/airflow/example_dags/example_trigger_controller_dag.py
[2025-10-17T07:44:35.903+0000] {processor.py:829} INFO - Processing file /home/airflow/.local/lib/python3.8/site-packages/airflow/example_dags/example_trigger_controller_dag.py for tasks to queue
[2025-10-17T07:44:35.905+0000] {logging_mixin.py:154} INFO - [2025-10-17T07:44:35.905+0000] {dagbag.py:536} INFO - Filling up the DagBag from /home/airflow/.local/lib/python3.8/site-packages/airflow/example_dags/example_trigger_controller_dag.py
[2025-10-17T07:44:35.911+0000] {processor.py:839} INFO - DAG(s) dict_keys(['example_trigger_controller_dag']) retrieved from /home/airflow/.local/lib/python3.8/site-packages/airflow/example_dags/example_trigger_controller_dag.py
[2025-10-17T07:44:35.930+0000] {logging_mixin.py:154} INFO - [2025-10-17T07:44:35.924+0000] {dag.py:2941} INFO - Sync 1 DAGs
[2025-10-17T07:44:35.962+0000] {logging_mixin.py:154} INFO - [2025-10-17T07:44:35.962+0000] {dag.py:3722} INFO - Setting next_dagrun for example_trigger_controller_dag to 2021-01-01T00:00:00+00:00, run_after=2021-01-01T00:00:00+00:00
[2025-10-17T07:44:35.988+0000] {processor.py:179} INFO - Processing /home/airflow/.local/lib/python3.8/site-packages/airflow/example_dags/example_trigger_controller_dag.py took 0.089 seconds
[2025-10-17T07:45:06.445+0000] {processor.py:157} INFO - Started process (PID=114) to work on /home/airflow/.local/lib/python3.8/site-packages/airflow/example_dags/example_trigger_controller_dag.py
[2025-10-17T07:45:06.446+0000] {processor.py:829} INFO - Processing file /home/airflow/.local/lib/python3.8/site-packages/airflow/example_dags/example_trigger_controller_dag.py for tasks to queue
[2025-10-17T07:45:06.448+0000] {logging_mixin.py:154} INFO - [2025-10-17T07:45:06.448+0000] {dagbag.py:536} INFO - Filling up the DagBag from /home/airflow/.local/lib/python3.8/site-packages/airflow/example_dags/example_trigger_controller_dag.py
[2025-10-17T07:45:06.453+0000] {processor.py:839} INFO - DAG(s) dict_keys(['example_trigger_controller_dag']) retrieved from /home/airflow/.local/lib/python3.8/site-packages/airflow/example_dags/example_trigger_controller_dag.py
[2025-10-17T07:45:06.474+0000] {logging_mixin.py:154} INFO - [2025-10-17T07:45:06.474+0000] {dag.py:2941} INFO - Sync 1 DAGs
[2025-10-17T07:45:06.497+0000] {logging_mixin.py:154} INFO - [2025-10-17T07:45:06.497+0000] {dag.py:3722} INFO - Setting next_dagrun for example_trigger_controller_dag to 2021-01-01T00:00:00+00:00, run_after=2021-01-01T00:00:00+00:00
[2025-10-17T07:45:06.514+0000] {processor.py:179} INFO - Processing /home/airflow/.local/lib/python3.8/site-packages/airflow/example_dags/example_trigger_controller_dag.py took 0.073 seconds
[2025-10-17T07:46:19.642+0000] {processor.py:157} INFO - Started process (PID=66) to work on /home/airflow/.local/lib/python3.8/site-packages/airflow/example_dags/example_trigger_controller_dag.py
[2025-10-17T07:46:19.643+0000] {processor.py:829} INFO - Processing file /home/airflow/.local/lib/python3.8/site-packages/airflow/example_dags/example_trigger_controller_dag.py for tasks to queue
[2025-10-17T07:46:19.647+0000] {logging_mixin.py:154} INFO - [2025-10-17T07:46:19.646+0000] {dagbag.py:536} INFO - Filling up the DagBag from /home/airflow/.local/lib/python3.8/site-packages/airflow/example_dags/example_trigger_controller_dag.py
[2025-10-17T07:46:19.656+0000] {processor.py:839} INFO - DAG(s) dict_keys(['example_trigger_controller_dag']) retrieved from /home/airflow/.local/lib/python3.8/site-packages/airflow/example_dags/example_trigger_controller_dag.py
[2025-10-17T07:46:19.776+0000] {logging_mixin.py:154} INFO - [2025-10-17T07:46:19.776+0000] {manager.py:499} INFO - Created Permission View: %s
[2025-10-17T07:46:19.789+0000] {logging_mixin.py:154} INFO - [2025-10-17T07:46:19.789+0000] {manager.py:499} INFO - Created Permission View: %s
[2025-10-17T07:46:19.799+0000] {logging_mixin.py:154} INFO - [2025-10-17T07:46:19.799+0000] {manager.py:499} INFO - Created Permission View: %s
[2025-10-17T07:46:19.799+0000] {logging_mixin.py:154} INFO - [2025-10-17T07:46:19.799+0000] {dag.py:2941} INFO - Sync 1 DAGs
[2025-10-17T07:46:19.817+0000] {logging_mixin.py:154} INFO - [2025-10-17T07:46:19.816+0000] {dag.py:2963} INFO - Creating ORM DAG for example_trigger_controller_dag
[2025-10-17T07:46:19.830+0000] {logging_mixin.py:154} INFO - [2025-10-17T07:46:19.830+0000] {dag.py:3722} INFO - Setting next_dagrun for example_trigger_controller_dag to 2021-01-01T00:00:00+00:00, run_after=2021-01-01T00:00:00+00:00
[2025-10-17T07:46:19.861+0000] {processor.py:179} INFO - Processing /home/airflow/.local/lib/python3.8/site-packages/airflow/example_dags/example_trigger_controller_dag.py took 0.224 seconds
[2025-10-17T07:46:50.239+0000] {processor.py:157} INFO - Started process (PID=122) to work on /home/airflow/.local/lib/python3.8/site-packages/airflow/example_dags/example_trigger_controller_dag.py
[2025-10-17T07:46:50.240+0000] {processor.py:829} INFO - Processing file /home/airflow/.local/lib/python3.8/site-packages/airflow/example_dags/example_trigger_controller_dag.py for tasks to queue
[2025-10-17T07:46:50.242+0000] {logging_mixin.py:154} INFO - [2025-10-17T07:46:50.242+0000] {dagbag.py:536} INFO - Filling up the DagBag from /home/airflow/.local/lib/python3.8/site-packages/airflow/example_dags/example_trigger_controller_dag.py
[2025-10-17T07:46:50.246+0000] {processor.py:839} INFO - DAG(s) dict_keys(['example_trigger_controller_dag']) retrieved from /home/airflow/.local/lib/python3.8/site-packages/airflow/example_dags/example_trigger_controller_dag.py
[2025-10-17T07:46:50.266+0000] {logging_mixin.py:154} INFO - [2025-10-17T07:46:50.265+0000] {dag.py:2941} INFO - Sync 1 DAGs
[2025-10-17T07:46:50.283+0000] {logging_mixin.py:154} INFO - [2025-10-17T07:46:50.283+0000] {dag.py:3722} INFO - Setting next_dagrun for example_trigger_controller_dag to 2021-01-01T00:00:00+00:00, run_after=2021-01-01T00:00:00+00:00
[2025-10-17T07:46:50.299+0000] {processor.py:179} INFO - Processing /home/airflow/.local/lib/python3.8/site-packages/airflow/example_dags/example_trigger_controller_dag.py took 0.063 seconds
[2025-10-17T07:47:21.127+0000] {processor.py:157} INFO - Started process (PID=178) to work on /home/airflow/.local/lib/python3.8/site-packages/airflow/example_dags/example_trigger_controller_dag.py
[2025-10-17T07:47:21.128+0000] {processor.py:829} INFO - Processing file /home/airflow/.local/lib/python3.8/site-packages/airflow/example_dags/example_trigger_controller_dag.py for tasks to queue
[2025-10-17T07:47:21.131+0000] {logging_mixin.py:154} INFO - [2025-10-17T07:47:21.130+0000] {dagbag.py:536} INFO - Filling up the DagBag from /home/airflow/.local/lib/python3.8/site-packages/airflow/example_dags/example_trigger_controller_dag.py
[2025-10-17T07:47:21.136+0000] {processor.py:839} INFO - DAG(s) dict_keys(['example_trigger_controller_dag']) retrieved from /home/airflow/.local/lib/python3.8/site-packages/airflow/example_dags/example_trigger_controller_dag.py
[2025-10-17T07:47:21.162+0000] {logging_mixin.py:154} INFO - [2025-10-17T07:47:21.161+0000] {dag.py:2941} INFO - Sync 1 DAGs
[2025-10-17T07:47:21.185+0000] {logging_mixin.py:154} INFO - [2025-10-17T07:47:21.184+0000] {dag.py:3722} INFO - Setting next_dagrun for example_trigger_controller_dag to 2021-01-01T00:00:00+00:00, run_after=2021-01-01T00:00:00+00:00
[2025-10-17T07:47:21.208+0000] {processor.py:179} INFO - Processing /home/airflow/.local/lib/python3.8/site-packages/airflow/example_dags/example_trigger_controller_dag.py took 0.086 seconds
[2025-10-17T07:47:51.772+0000] {processor.py:157} INFO - Started process (PID=240) to work on /home/airflow/.local/lib/python3.8/site-packages/airflow/example_dags/example_trigger_controller_dag.py
[2025-10-17T07:47:51.773+0000] {processor.py:829} INFO - Processing file /home/airflow/.local/lib/python3.8/site-packages/airflow/example_dags/example_trigger_controller_dag.py for tasks to queue
[2025-10-17T07:47:51.776+0000] {logging_mixin.py:154} INFO - [2025-10-17T07:47:51.776+0000] {dagbag.py:536} INFO - Filling up the DagBag from /home/airflow/.local/lib/python3.8/site-packages/airflow/example_dags/example_trigger_controller_dag.py
[2025-10-17T07:47:51.780+0000] {processor.py:839} INFO - DAG(s) dict_keys(['example_trigger_controller_dag']) retrieved from /home/airflow/.local/lib/python3.8/site-packages/airflow/example_dags/example_trigger_controller_dag.py
[2025-10-17T07:47:51.802+0000] {logging_mixin.py:154} INFO - [2025-10-17T07:47:51.802+0000] {dag.py:2941} INFO - Sync 1 DAGs
[2025-10-17T07:47:51.829+0000] {logging_mixin.py:154} INFO - [2025-10-17T07:47:51.828+0000] {dag.py:3722} INFO - Setting next_dagrun for example_trigger_controller_dag to 2021-01-01T00:00:00+00:00, run_after=2021-01-01T00:00:00+00:00
[2025-10-17T07:47:51.858+0000] {processor.py:179} INFO - Processing /home/airflow/.local/lib/python3.8/site-packages/airflow/example_dags/example_trigger_controller_dag.py took 0.089 seconds
[2025-10-17T07:48:22.298+0000] {processor.py:157} INFO - Started process (PID=297) to work on /home/airflow/.local/lib/python3.8/site-packages/airflow/example_dags/example_trigger_controller_dag.py
[2025-10-17T07:48:22.298+0000] {processor.py:829} INFO - Processing file /home/airflow/.local/lib/python3.8/site-packages/airflow/example_dags/example_trigger_controller_dag.py for tasks to queue
[2025-10-17T07:48:22.300+0000] {logging_mixin.py:154} INFO - [2025-10-17T07:48:22.300+0000] {dagbag.py:536} INFO - Filling up the DagBag from /home/airflow/.local/lib/python3.8/site-packages/airflow/example_dags/example_trigger_controller_dag.py
[2025-10-17T07:48:22.305+0000] {processor.py:839} INFO - DAG(s) dict_keys(['example_trigger_controller_dag']) retrieved from /home/airflow/.local/lib/python3.8/site-packages/airflow/example_dags/example_trigger_controller_dag.py
[2025-10-17T07:48:22.324+0000] {logging_mixin.py:154} INFO - [2025-10-17T07:48:22.323+0000] {dag.py:2941} INFO - Sync 1 DAGs
[2025-10-17T07:48:22.341+0000] {logging_mixin.py:154} INFO - [2025-10-17T07:48:22.341+0000] {dag.py:3722} INFO - Setting next_dagrun for example_trigger_controller_dag to 2021-01-01T00:00:00+00:00, run_after=2021-01-01T00:00:00+00:00
[2025-10-17T07:48:22.361+0000] {processor.py:179} INFO - Processing /home/airflow/.local/lib/python3.8/site-packages/airflow/example_dags/example_trigger_controller_dag.py took 0.066 seconds
[2025-10-17T07:48:53.222+0000] {processor.py:157} INFO - Started process (PID=353) to work on /home/airflow/.local/lib/python3.8/site-packages/airflow/example_dags/example_trigger_controller_dag.py
[2025-10-17T07:48:53.223+0000] {processor.py:829} INFO - Processing file /home/airflow/.local/lib/python3.8/site-packages/airflow/example_dags/example_trigger_controller_dag.py for tasks to queue
[2025-10-17T07:48:53.226+0000] {logging_mixin.py:154} INFO - [2025-10-17T07:48:53.225+0000] {dagbag.py:536} INFO - Filling up the DagBag from /home/airflow/.local/lib/python3.8/site-packages/airflow/example_dags/example_trigger_controller_dag.py
[2025-10-17T07:48:53.231+0000] {processor.py:839} INFO - DAG(s) dict_keys(['example_trigger_controller_dag']) retrieved from /home/airflow/.local/lib/python3.8/site-packages/airflow/example_dags/example_trigger_controller_dag.py
[2025-10-17T07:48:53.250+0000] {logging_mixin.py:154} INFO - [2025-10-17T07:48:53.250+0000] {dag.py:2941} INFO - Sync 1 DAGs
[2025-10-17T07:48:53.269+0000] {logging_mixin.py:154} INFO - [2025-10-17T07:48:53.269+0000] {dag.py:3722} INFO - Setting next_dagrun for example_trigger_controller_dag to 2021-01-01T00:00:00+00:00, run_after=2021-01-01T00:00:00+00:00
[2025-10-17T07:48:53.285+0000] {processor.py:179} INFO - Processing /home/airflow/.local/lib/python3.8/site-packages/airflow/example_dags/example_trigger_controller_dag.py took 0.067 seconds
[2025-10-17T07:49:23.631+0000] {processor.py:157} INFO - Started process (PID=409) to work on /home/airflow/.local/lib/python3.8/site-packages/airflow/example_dags/example_trigger_controller_dag.py
[2025-10-17T07:49:23.632+0000] {processor.py:829} INFO - Processing file /home/airflow/.local/lib/python3.8/site-packages/airflow/example_dags/example_trigger_controller_dag.py for tasks to queue
[2025-10-17T07:49:23.634+0000] {logging_mixin.py:154} INFO - [2025-10-17T07:49:23.634+0000] {dagbag.py:536} INFO - Filling up the DagBag from /home/airflow/.local/lib/python3.8/site-packages/airflow/example_dags/example_trigger_controller_dag.py
[2025-10-17T07:49:23.638+0000] {processor.py:839} INFO - DAG(s) dict_keys(['example_trigger_controller_dag']) retrieved from /home/airflow/.local/lib/python3.8/site-packages/airflow/example_dags/example_trigger_controller_dag.py
[2025-10-17T07:49:23.657+0000] {logging_mixin.py:154} INFO - [2025-10-17T07:49:23.657+0000] {dag.py:2941} INFO - Sync 1 DAGs
[2025-10-17T07:49:23.677+0000] {logging_mixin.py:154} INFO - [2025-10-17T07:49:23.676+0000] {dag.py:3722} INFO - Setting next_dagrun for example_trigger_controller_dag to 2021-01-01T00:00:00+00:00, run_after=2021-01-01T00:00:00+00:00
[2025-10-17T07:49:23.694+0000] {processor.py:179} INFO - Processing /home/airflow/.local/lib/python3.8/site-packages/airflow/example_dags/example_trigger_controller_dag.py took 0.066 seconds
[2025-10-17T07:49:54.118+0000] {processor.py:157} INFO - Started process (PID=463) to work on /home/airflow/.local/lib/python3.8/site-packages/airflow/example_dags/example_trigger_controller_dag.py
[2025-10-17T07:49:54.119+0000] {processor.py:829} INFO - Processing file /home/airflow/.local/lib/python3.8/site-packages/airflow/example_dags/example_trigger_controller_dag.py for tasks to queue
[2025-10-17T07:49:54.122+0000] {logging_mixin.py:154} INFO - [2025-10-17T07:49:54.121+0000] {dagbag.py:536} INFO - Filling up the DagBag from /home/airflow/.local/lib/python3.8/site-packages/airflow/example_dags/example_trigger_controller_dag.py
[2025-10-17T07:49:54.126+0000] {processor.py:839} INFO - DAG(s) dict_keys(['example_trigger_controller_dag']) retrieved from /home/airflow/.local/lib/python3.8/site-packages/airflow/example_dags/example_trigger_controller_dag.py
[2025-10-17T07:49:54.147+0000] {logging_mixin.py:154} INFO - [2025-10-17T07:49:54.146+0000] {dag.py:2941} INFO - Sync 1 DAGs
[2025-10-17T07:49:54.165+0000] {logging_mixin.py:154} INFO - [2025-10-17T07:49:54.165+0000] {dag.py:3722} INFO - Setting next_dagrun for example_trigger_controller_dag to 2021-01-01T00:00:00+00:00, run_after=2021-01-01T00:00:00+00:00
[2025-10-17T07:49:54.184+0000] {processor.py:179} INFO - Processing /home/airflow/.local/lib/python3.8/site-packages/airflow/example_dags/example_trigger_controller_dag.py took 0.069 seconds
[2025-10-17T07:50:25.491+0000] {processor.py:157} INFO - Started process (PID=521) to work on /home/airflow/.local/lib/python3.8/site-packages/airflow/example_dags/example_trigger_controller_dag.py
[2025-10-17T07:50:25.492+0000] {processor.py:829} INFO - Processing file /home/airflow/.local/lib/python3.8/site-packages/airflow/example_dags/example_trigger_controller_dag.py for tasks to queue
[2025-10-17T07:50:25.495+0000] {logging_mixin.py:154} INFO - [2025-10-17T07:50:25.494+0000] {dagbag.py:536} INFO - Filling up the DagBag from /home/airflow/.local/lib/python3.8/site-packages/airflow/example_dags/example_trigger_controller_dag.py
[2025-10-17T07:50:25.499+0000] {processor.py:839} INFO - DAG(s) dict_keys(['example_trigger_controller_dag']) retrieved from /home/airflow/.local/lib/python3.8/site-packages/airflow/example_dags/example_trigger_controller_dag.py
[2025-10-17T07:50:25.519+0000] {logging_mixin.py:154} INFO - [2025-10-17T07:50:25.519+0000] {dag.py:2941} INFO - Sync 1 DAGs
[2025-10-17T07:50:25.539+0000] {logging_mixin.py:154} INFO - [2025-10-17T07:50:25.539+0000] {dag.py:3722} INFO - Setting next_dagrun for example_trigger_controller_dag to 2021-01-01T00:00:00+00:00, run_after=2021-01-01T00:00:00+00:00
[2025-10-17T07:50:25.561+0000] {processor.py:179} INFO - Processing /home/airflow/.local/lib/python3.8/site-packages/airflow/example_dags/example_trigger_controller_dag.py took 0.075 seconds
[2025-10-17T07:50:56.562+0000] {processor.py:157} INFO - Started process (PID=577) to work on /home/airflow/.local/lib/python3.8/site-packages/airflow/example_dags/example_trigger_controller_dag.py
[2025-10-17T07:50:56.563+0000] {processor.py:829} INFO - Processing file /home/airflow/.local/lib/python3.8/site-packages/airflow/example_dags/example_trigger_controller_dag.py for tasks to queue
[2025-10-17T07:50:56.565+0000] {logging_mixin.py:154} INFO - [2025-10-17T07:50:56.565+0000] {dagbag.py:536} INFO - Filling up the DagBag from /home/airflow/.local/lib/python3.8/site-packages/airflow/example_dags/example_trigger_controller_dag.py
[2025-10-17T07:50:56.570+0000] {processor.py:839} INFO - DAG(s) dict_keys(['example_trigger_controller_dag']) retrieved from /home/airflow/.local/lib/python3.8/site-packages/airflow/example_dags/example_trigger_controller_dag.py
[2025-10-17T07:50:56.590+0000] {logging_mixin.py:154} INFO - [2025-10-17T07:50:56.590+0000] {dag.py:2941} INFO - Sync 1 DAGs
[2025-10-17T07:50:56.608+0000] {logging_mixin.py:154} INFO - [2025-10-17T07:50:56.608+0000] {dag.py:3722} INFO - Setting next_dagrun for example_trigger_controller_dag to 2021-01-01T00:00:00+00:00, run_after=2021-01-01T00:00:00+00:00
[2025-10-17T07:50:56.624+0000] {processor.py:179} INFO - Processing /home/airflow/.local/lib/python3.8/site-packages/airflow/example_dags/example_trigger_controller_dag.py took 0.066 seconds
[2025-10-17T07:51:26.961+0000] {processor.py:157} INFO - Started process (PID=632) to work on /home/airflow/.local/lib/python3.8/site-packages/airflow/example_dags/example_trigger_controller_dag.py
[2025-10-17T07:51:26.962+0000] {processor.py:829} INFO - Processing file /home/airflow/.local/lib/python3.8/site-packages/airflow/example_dags/example_trigger_controller_dag.py for tasks to queue
[2025-10-17T07:51:26.964+0000] {logging_mixin.py:154} INFO - [2025-10-17T07:51:26.964+0000] {dagbag.py:536} INFO - Filling up the DagBag from /home/airflow/.local/lib/python3.8/site-packages/airflow/example_dags/example_trigger_controller_dag.py
[2025-10-17T07:51:26.969+0000] {processor.py:839} INFO - DAG(s) dict_keys(['example_trigger_controller_dag']) retrieved from /home/airflow/.local/lib/python3.8/site-packages/airflow/example_dags/example_trigger_controller_dag.py
[2025-10-17T07:51:26.989+0000] {logging_mixin.py:154} INFO - [2025-10-17T07:51:26.989+0000] {dag.py:2941} INFO - Sync 1 DAGs
[2025-10-17T07:51:27.008+0000] {logging_mixin.py:154} INFO - [2025-10-17T07:51:27.008+0000] {dag.py:3722} INFO - Setting next_dagrun for example_trigger_controller_dag to 2021-01-01T00:00:00+00:00, run_after=2021-01-01T00:00:00+00:00
[2025-10-17T07:51:27.026+0000] {processor.py:179} INFO - Processing /home/airflow/.local/lib/python3.8/site-packages/airflow/example_dags/example_trigger_controller_dag.py took 0.069 seconds
[2025-10-17T07:51:57.677+0000] {processor.py:157} INFO - Started process (PID=689) to work on /home/airflow/.local/lib/python3.8/site-packages/airflow/example_dags/example_trigger_controller_dag.py
[2025-10-17T07:51:57.679+0000] {processor.py:829} INFO - Processing file /home/airflow/.local/lib/python3.8/site-packages/airflow/example_dags/example_trigger_controller_dag.py for tasks to queue
[2025-10-17T07:51:57.681+0000] {logging_mixin.py:154} INFO - [2025-10-17T07:51:57.680+0000] {dagbag.py:536} INFO - Filling up the DagBag from /home/airflow/.local/lib/python3.8/site-packages/airflow/example_dags/example_trigger_controller_dag.py
[2025-10-17T07:51:57.685+0000] {processor.py:839} INFO - DAG(s) dict_keys(['example_trigger_controller_dag']) retrieved from /home/airflow/.local/lib/python3.8/site-packages/airflow/example_dags/example_trigger_controller_dag.py
[2025-10-17T07:51:57.702+0000] {logging_mixin.py:154} INFO - [2025-10-17T07:51:57.702+0000] {dag.py:2941} INFO - Sync 1 DAGs
[2025-10-17T07:51:57.719+0000] {logging_mixin.py:154} INFO - [2025-10-17T07:51:57.719+0000] {dag.py:3722} INFO - Setting next_dagrun for example_trigger_controller_dag to 2021-01-01T00:00:00+00:00, run_after=2021-01-01T00:00:00+00:00
[2025-10-17T07:51:57.735+0000] {processor.py:179} INFO - Processing /home/airflow/.local/lib/python3.8/site-packages/airflow/example_dags/example_trigger_controller_dag.py took 0.062 seconds
[2025-10-17T08:08:52.049+0000] {processor.py:157} INFO - Started process (PID=66) to work on /home/airflow/.local/lib/python3.8/site-packages/airflow/example_dags/example_trigger_controller_dag.py
[2025-10-17T08:08:52.051+0000] {processor.py:829} INFO - Processing file /home/airflow/.local/lib/python3.8/site-packages/airflow/example_dags/example_trigger_controller_dag.py for tasks to queue
[2025-10-17T08:08:52.053+0000] {logging_mixin.py:154} INFO - [2025-10-17T08:08:52.053+0000] {dagbag.py:536} INFO - Filling up the DagBag from /home/airflow/.local/lib/python3.8/site-packages/airflow/example_dags/example_trigger_controller_dag.py
[2025-10-17T08:08:52.062+0000] {processor.py:839} INFO - DAG(s) dict_keys(['example_trigger_controller_dag']) retrieved from /home/airflow/.local/lib/python3.8/site-packages/airflow/example_dags/example_trigger_controller_dag.py
[2025-10-17T08:08:52.269+0000] {logging_mixin.py:154} INFO - [2025-10-17T08:08:52.268+0000] {manager.py:499} INFO - Created Permission View: %s
[2025-10-17T08:08:52.296+0000] {logging_mixin.py:154} INFO - [2025-10-17T08:08:52.295+0000] {manager.py:499} INFO - Created Permission View: %s
[2025-10-17T08:08:52.311+0000] {logging_mixin.py:154} INFO - [2025-10-17T08:08:52.311+0000] {manager.py:499} INFO - Created Permission View: %s
[2025-10-17T08:08:52.312+0000] {logging_mixin.py:154} INFO - [2025-10-17T08:08:52.312+0000] {dag.py:2941} INFO - Sync 1 DAGs
[2025-10-17T08:08:52.339+0000] {logging_mixin.py:154} INFO - [2025-10-17T08:08:52.339+0000] {dag.py:2963} INFO - Creating ORM DAG for example_trigger_controller_dag
[2025-10-17T08:08:52.357+0000] {logging_mixin.py:154} INFO - [2025-10-17T08:08:52.356+0000] {dag.py:3722} INFO - Setting next_dagrun for example_trigger_controller_dag to 2021-01-01T00:00:00+00:00, run_after=2021-01-01T00:00:00+00:00
[2025-10-17T08:08:52.407+0000] {processor.py:179} INFO - Processing /home/airflow/.local/lib/python3.8/site-packages/airflow/example_dags/example_trigger_controller_dag.py took 0.362 seconds
[2025-10-17T08:09:23.277+0000] {processor.py:157} INFO - Started process (PID=130) to work on /home/airflow/.local/lib/python3.8/site-packages/airflow/example_dags/example_trigger_controller_dag.py
[2025-10-17T08:09:23.278+0000] {processor.py:829} INFO - Processing file /home/airflow/.local/lib/python3.8/site-packages/airflow/example_dags/example_trigger_controller_dag.py for tasks to queue
[2025-10-17T08:09:23.281+0000] {logging_mixin.py:154} INFO - [2025-10-17T08:09:23.281+0000] {dagbag.py:536} INFO - Filling up the DagBag from /home/airflow/.local/lib/python3.8/site-packages/airflow/example_dags/example_trigger_controller_dag.py
[2025-10-17T08:09:23.288+0000] {processor.py:839} INFO - DAG(s) dict_keys(['example_trigger_controller_dag']) retrieved from /home/airflow/.local/lib/python3.8/site-packages/airflow/example_dags/example_trigger_controller_dag.py
[2025-10-17T08:09:23.307+0000] {logging_mixin.py:154} INFO - [2025-10-17T08:09:23.307+0000] {dag.py:2941} INFO - Sync 1 DAGs
[2025-10-17T08:09:23.326+0000] {logging_mixin.py:154} INFO - [2025-10-17T08:09:23.326+0000] {dag.py:3722} INFO - Setting next_dagrun for example_trigger_controller_dag to 2021-01-01T00:00:00+00:00, run_after=2021-01-01T00:00:00+00:00
[2025-10-17T08:09:23.345+0000] {processor.py:179} INFO - Processing /home/airflow/.local/lib/python3.8/site-packages/airflow/example_dags/example_trigger_controller_dag.py took 0.071 seconds
[2025-10-17T08:09:54.175+0000] {processor.py:157} INFO - Started process (PID=186) to work on /home/airflow/.local/lib/python3.8/site-packages/airflow/example_dags/example_trigger_controller_dag.py
[2025-10-17T08:09:54.176+0000] {processor.py:829} INFO - Processing file /home/airflow/.local/lib/python3.8/site-packages/airflow/example_dags/example_trigger_controller_dag.py for tasks to queue
[2025-10-17T08:09:54.179+0000] {logging_mixin.py:154} INFO - [2025-10-17T08:09:54.179+0000] {dagbag.py:536} INFO - Filling up the DagBag from /home/airflow/.local/lib/python3.8/site-packages/airflow/example_dags/example_trigger_controller_dag.py
[2025-10-17T08:09:54.185+0000] {processor.py:839} INFO - DAG(s) dict_keys(['example_trigger_controller_dag']) retrieved from /home/airflow/.local/lib/python3.8/site-packages/airflow/example_dags/example_trigger_controller_dag.py
[2025-10-17T08:09:54.217+0000] {logging_mixin.py:154} INFO - [2025-10-17T08:09:54.216+0000] {dag.py:2941} INFO - Sync 1 DAGs
[2025-10-17T08:09:54.247+0000] {logging_mixin.py:154} INFO - [2025-10-17T08:09:54.246+0000] {dag.py:3722} INFO - Setting next_dagrun for example_trigger_controller_dag to 2021-01-01T00:00:00+00:00, run_after=2021-01-01T00:00:00+00:00
[2025-10-17T08:09:54.277+0000] {processor.py:179} INFO - Processing /home/airflow/.local/lib/python3.8/site-packages/airflow/example_dags/example_trigger_controller_dag.py took 0.108 seconds
[2025-10-17T08:10:24.348+0000] {processor.py:157} INFO - Started process (PID=242) to work on /home/airflow/.local/lib/python3.8/site-packages/airflow/example_dags/example_trigger_controller_dag.py
[2025-10-17T08:10:24.350+0000] {processor.py:829} INFO - Processing file /home/airflow/.local/lib/python3.8/site-packages/airflow/example_dags/example_trigger_controller_dag.py for tasks to queue
[2025-10-17T08:10:24.352+0000] {logging_mixin.py:154} INFO - [2025-10-17T08:10:24.352+0000] {dagbag.py:536} INFO - Filling up the DagBag from /home/airflow/.local/lib/python3.8/site-packages/airflow/example_dags/example_trigger_controller_dag.py
[2025-10-17T08:10:24.357+0000] {processor.py:839} INFO - DAG(s) dict_keys(['example_trigger_controller_dag']) retrieved from /home/airflow/.local/lib/python3.8/site-packages/airflow/example_dags/example_trigger_controller_dag.py
[2025-10-17T08:10:24.381+0000] {logging_mixin.py:154} INFO - [2025-10-17T08:10:24.380+0000] {dag.py:2941} INFO - Sync 1 DAGs
[2025-10-17T08:10:24.401+0000] {logging_mixin.py:154} INFO - [2025-10-17T08:10:24.400+0000] {dag.py:3722} INFO - Setting next_dagrun for example_trigger_controller_dag to 2021-01-01T00:00:00+00:00, run_after=2021-01-01T00:00:00+00:00
[2025-10-17T08:10:24.419+0000] {processor.py:179} INFO - Processing /home/airflow/.local/lib/python3.8/site-packages/airflow/example_dags/example_trigger_controller_dag.py took 0.074 seconds
[2025-10-17T08:10:55.112+0000] {processor.py:157} INFO - Started process (PID=298) to work on /home/airflow/.local/lib/python3.8/site-packages/airflow/example_dags/example_trigger_controller_dag.py
[2025-10-17T08:10:55.113+0000] {processor.py:829} INFO - Processing file /home/airflow/.local/lib/python3.8/site-packages/airflow/example_dags/example_trigger_controller_dag.py for tasks to queue
[2025-10-17T08:10:55.116+0000] {logging_mixin.py:154} INFO - [2025-10-17T08:10:55.115+0000] {dagbag.py:536} INFO - Filling up the DagBag from /home/airflow/.local/lib/python3.8/site-packages/airflow/example_dags/example_trigger_controller_dag.py
[2025-10-17T08:10:55.120+0000] {processor.py:839} INFO - DAG(s) dict_keys(['example_trigger_controller_dag']) retrieved from /home/airflow/.local/lib/python3.8/site-packages/airflow/example_dags/example_trigger_controller_dag.py
[2025-10-17T08:10:55.141+0000] {logging_mixin.py:154} INFO - [2025-10-17T08:10:55.141+0000] {dag.py:2941} INFO - Sync 1 DAGs
[2025-10-17T08:10:55.163+0000] {logging_mixin.py:154} INFO - [2025-10-17T08:10:55.163+0000] {dag.py:3722} INFO - Setting next_dagrun for example_trigger_controller_dag to 2021-01-01T00:00:00+00:00, run_after=2021-01-01T00:00:00+00:00
[2025-10-17T08:10:55.183+0000] {processor.py:179} INFO - Processing /home/airflow/.local/lib/python3.8/site-packages/airflow/example_dags/example_trigger_controller_dag.py took 0.074 seconds
[2025-10-17T08:11:26.166+0000] {processor.py:157} INFO - Started process (PID=354) to work on /home/airflow/.local/lib/python3.8/site-packages/airflow/example_dags/example_trigger_controller_dag.py
[2025-10-17T08:11:26.167+0000] {processor.py:829} INFO - Processing file /home/airflow/.local/lib/python3.8/site-packages/airflow/example_dags/example_trigger_controller_dag.py for tasks to queue
[2025-10-17T08:11:26.169+0000] {logging_mixin.py:154} INFO - [2025-10-17T08:11:26.169+0000] {dagbag.py:536} INFO - Filling up the DagBag from /home/airflow/.local/lib/python3.8/site-packages/airflow/example_dags/example_trigger_controller_dag.py
[2025-10-17T08:11:26.174+0000] {processor.py:839} INFO - DAG(s) dict_keys(['example_trigger_controller_dag']) retrieved from /home/airflow/.local/lib/python3.8/site-packages/airflow/example_dags/example_trigger_controller_dag.py
[2025-10-17T08:11:26.194+0000] {logging_mixin.py:154} INFO - [2025-10-17T08:11:26.194+0000] {dag.py:2941} INFO - Sync 1 DAGs
[2025-10-17T08:11:26.214+0000] {logging_mixin.py:154} INFO - [2025-10-17T08:11:26.214+0000] {dag.py:3722} INFO - Setting next_dagrun for example_trigger_controller_dag to 2021-01-01T00:00:00+00:00, run_after=2021-01-01T00:00:00+00:00
[2025-10-17T08:11:26.231+0000] {processor.py:179} INFO - Processing /home/airflow/.local/lib/python3.8/site-packages/airflow/example_dags/example_trigger_controller_dag.py took 0.069 seconds
[2025-10-17T08:12:34.611+0000] {processor.py:157} INFO - Started process (PID=75) to work on /home/airflow/.local/lib/python3.8/site-packages/airflow/example_dags/example_trigger_controller_dag.py
[2025-10-17T08:12:34.613+0000] {processor.py:829} INFO - Processing file /home/airflow/.local/lib/python3.8/site-packages/airflow/example_dags/example_trigger_controller_dag.py for tasks to queue
[2025-10-17T08:12:34.616+0000] {logging_mixin.py:154} INFO - [2025-10-17T08:12:34.616+0000] {dagbag.py:536} INFO - Filling up the DagBag from /home/airflow/.local/lib/python3.8/site-packages/airflow/example_dags/example_trigger_controller_dag.py
[2025-10-17T08:12:34.630+0000] {processor.py:839} INFO - DAG(s) dict_keys(['example_trigger_controller_dag']) retrieved from /home/airflow/.local/lib/python3.8/site-packages/airflow/example_dags/example_trigger_controller_dag.py
[2025-10-17T08:12:34.781+0000] {logging_mixin.py:154} INFO - [2025-10-17T08:12:34.781+0000] {manager.py:499} INFO - Created Permission View: %s
[2025-10-17T08:12:34.792+0000] {logging_mixin.py:154} INFO - [2025-10-17T08:12:34.792+0000] {manager.py:499} INFO - Created Permission View: %s
[2025-10-17T08:12:34.799+0000] {logging_mixin.py:154} INFO - [2025-10-17T08:12:34.799+0000] {manager.py:499} INFO - Created Permission View: %s
[2025-10-17T08:12:34.800+0000] {logging_mixin.py:154} INFO - [2025-10-17T08:12:34.800+0000] {dag.py:2941} INFO - Sync 1 DAGs
[2025-10-17T08:12:34.812+0000] {logging_mixin.py:154} INFO - [2025-10-17T08:12:34.812+0000] {dag.py:2963} INFO - Creating ORM DAG for example_trigger_controller_dag
[2025-10-17T08:12:34.821+0000] {logging_mixin.py:154} INFO - [2025-10-17T08:12:34.820+0000] {dag.py:3722} INFO - Setting next_dagrun for example_trigger_controller_dag to 2021-01-01T00:00:00+00:00, run_after=2021-01-01T00:00:00+00:00
[2025-10-17T08:12:34.839+0000] {processor.py:179} INFO - Processing /home/airflow/.local/lib/python3.8/site-packages/airflow/example_dags/example_trigger_controller_dag.py took 0.235 seconds
[2025-10-17T08:13:05.596+0000] {processor.py:157} INFO - Started process (PID=131) to work on /home/airflow/.local/lib/python3.8/site-packages/airflow/example_dags/example_trigger_controller_dag.py
[2025-10-17T08:13:05.597+0000] {processor.py:829} INFO - Processing file /home/airflow/.local/lib/python3.8/site-packages/airflow/example_dags/example_trigger_controller_dag.py for tasks to queue
[2025-10-17T08:13:05.599+0000] {logging_mixin.py:154} INFO - [2025-10-17T08:13:05.599+0000] {dagbag.py:536} INFO - Filling up the DagBag from /home/airflow/.local/lib/python3.8/site-packages/airflow/example_dags/example_trigger_controller_dag.py
[2025-10-17T08:13:05.604+0000] {processor.py:839} INFO - DAG(s) dict_keys(['example_trigger_controller_dag']) retrieved from /home/airflow/.local/lib/python3.8/site-packages/airflow/example_dags/example_trigger_controller_dag.py
[2025-10-17T08:13:05.625+0000] {logging_mixin.py:154} INFO - [2025-10-17T08:13:05.625+0000] {dag.py:2941} INFO - Sync 1 DAGs
[2025-10-17T08:13:05.643+0000] {logging_mixin.py:154} INFO - [2025-10-17T08:13:05.643+0000] {dag.py:3722} INFO - Setting next_dagrun for example_trigger_controller_dag to 2021-01-01T00:00:00+00:00, run_after=2021-01-01T00:00:00+00:00
[2025-10-17T08:13:05.661+0000] {processor.py:179} INFO - Processing /home/airflow/.local/lib/python3.8/site-packages/airflow/example_dags/example_trigger_controller_dag.py took 0.070 seconds
[2025-10-17T08:13:36.162+0000] {processor.py:157} INFO - Started process (PID=187) to work on /home/airflow/.local/lib/python3.8/site-packages/airflow/example_dags/example_trigger_controller_dag.py
[2025-10-17T08:13:36.163+0000] {processor.py:829} INFO - Processing file /home/airflow/.local/lib/python3.8/site-packages/airflow/example_dags/example_trigger_controller_dag.py for tasks to queue
[2025-10-17T08:13:36.166+0000] {logging_mixin.py:154} INFO - [2025-10-17T08:13:36.165+0000] {dagbag.py:536} INFO - Filling up the DagBag from /home/airflow/.local/lib/python3.8/site-packages/airflow/example_dags/example_trigger_controller_dag.py
[2025-10-17T08:13:36.170+0000] {processor.py:839} INFO - DAG(s) dict_keys(['example_trigger_controller_dag']) retrieved from /home/airflow/.local/lib/python3.8/site-packages/airflow/example_dags/example_trigger_controller_dag.py
[2025-10-17T08:13:36.190+0000] {logging_mixin.py:154} INFO - [2025-10-17T08:13:36.190+0000] {dag.py:2941} INFO - Sync 1 DAGs
[2025-10-17T08:13:36.208+0000] {logging_mixin.py:154} INFO - [2025-10-17T08:13:36.208+0000] {dag.py:3722} INFO - Setting next_dagrun for example_trigger_controller_dag to 2021-01-01T00:00:00+00:00, run_after=2021-01-01T00:00:00+00:00
[2025-10-17T08:13:36.229+0000] {processor.py:179} INFO - Processing /home/airflow/.local/lib/python3.8/site-packages/airflow/example_dags/example_trigger_controller_dag.py took 0.072 seconds
