[2025-10-17T07:19:44.708+0000] {processor.py:157} INFO - Started process (PID=567) to work on /home/airflow/.local/lib/python3.8/site-packages/airflow/example_dags/example_branch_operator_decorator.py
[2025-10-17T07:19:44.709+0000] {processor.py:829} INFO - Processing file /home/airflow/.local/lib/python3.8/site-packages/airflow/example_dags/example_branch_operator_decorator.py for tasks to queue
[2025-10-17T07:19:44.723+0000] {logging_mixin.py:154} INFO - [2025-10-17T07:19:44.712+0000] {dagbag.py:536} INFO - Filling up the DagBag from /home/airflow/.local/lib/python3.8/site-packages/airflow/example_dags/example_branch_operator_decorator.py
[2025-10-17T07:19:44.747+0000] {processor.py:839} INFO - DAG(s) dict_keys(['example_branch_python_operator_decorator']) retrieved from /home/airflow/.local/lib/python3.8/site-packages/airflow/example_dags/example_branch_operator_decorator.py
[2025-10-17T07:19:44.829+0000] {logging_mixin.py:154} INFO - [2025-10-17T07:19:44.829+0000] {dag.py:2941} INFO - Sync 1 DAGs
[2025-10-17T07:19:44.926+0000] {logging_mixin.py:154} INFO - [2025-10-17T07:19:44.926+0000] {dag.py:3722} INFO - Setting next_dagrun for example_branch_python_operator_decorator to 2025-10-16T00:00:00+00:00, run_after=2025-10-17T00:00:00+00:00
[2025-10-17T07:19:45.022+0000] {processor.py:179} INFO - Processing /home/airflow/.local/lib/python3.8/site-packages/airflow/example_dags/example_branch_operator_decorator.py took 0.330 seconds
[2025-10-17T07:20:15.914+0000] {processor.py:157} INFO - Started process (PID=623) to work on /home/airflow/.local/lib/python3.8/site-packages/airflow/example_dags/example_branch_operator_decorator.py
[2025-10-17T07:20:15.916+0000] {processor.py:829} INFO - Processing file /home/airflow/.local/lib/python3.8/site-packages/airflow/example_dags/example_branch_operator_decorator.py for tasks to queue
[2025-10-17T07:20:15.919+0000] {logging_mixin.py:154} INFO - [2025-10-17T07:20:15.918+0000] {dagbag.py:536} INFO - Filling up the DagBag from /home/airflow/.local/lib/python3.8/site-packages/airflow/example_dags/example_branch_operator_decorator.py
[2025-10-17T07:20:15.930+0000] {processor.py:839} INFO - DAG(s) dict_keys(['example_branch_python_operator_decorator']) retrieved from /home/airflow/.local/lib/python3.8/site-packages/airflow/example_dags/example_branch_operator_decorator.py
[2025-10-17T07:20:15.956+0000] {logging_mixin.py:154} INFO - [2025-10-17T07:20:15.956+0000] {dag.py:2941} INFO - Sync 1 DAGs
[2025-10-17T07:20:15.982+0000] {logging_mixin.py:154} INFO - [2025-10-17T07:20:15.981+0000] {dag.py:3722} INFO - Setting next_dagrun for example_branch_python_operator_decorator to 2025-10-16T00:00:00+00:00, run_after=2025-10-17T00:00:00+00:00
[2025-10-17T07:20:16.006+0000] {processor.py:179} INFO - Processing /home/airflow/.local/lib/python3.8/site-packages/airflow/example_dags/example_branch_operator_decorator.py took 0.097 seconds
[2025-10-17T07:20:46.412+0000] {processor.py:157} INFO - Started process (PID=679) to work on /home/airflow/.local/lib/python3.8/site-packages/airflow/example_dags/example_branch_operator_decorator.py
[2025-10-17T07:20:46.416+0000] {processor.py:829} INFO - Processing file /home/airflow/.local/lib/python3.8/site-packages/airflow/example_dags/example_branch_operator_decorator.py for tasks to queue
[2025-10-17T07:20:46.423+0000] {logging_mixin.py:154} INFO - [2025-10-17T07:20:46.420+0000] {dagbag.py:536} INFO - Filling up the DagBag from /home/airflow/.local/lib/python3.8/site-packages/airflow/example_dags/example_branch_operator_decorator.py
[2025-10-17T07:20:46.448+0000] {processor.py:839} INFO - DAG(s) dict_keys(['example_branch_python_operator_decorator']) retrieved from /home/airflow/.local/lib/python3.8/site-packages/airflow/example_dags/example_branch_operator_decorator.py
[2025-10-17T07:20:46.507+0000] {logging_mixin.py:154} INFO - [2025-10-17T07:20:46.506+0000] {dag.py:2941} INFO - Sync 1 DAGs
[2025-10-17T07:20:46.565+0000] {logging_mixin.py:154} INFO - [2025-10-17T07:20:46.565+0000] {dag.py:3722} INFO - Setting next_dagrun for example_branch_python_operator_decorator to 2025-10-16T00:00:00+00:00, run_after=2025-10-17T00:00:00+00:00
[2025-10-17T07:20:46.609+0000] {processor.py:179} INFO - Processing /home/airflow/.local/lib/python3.8/site-packages/airflow/example_dags/example_branch_operator_decorator.py took 0.205 seconds
[2025-10-17T07:21:17.130+0000] {processor.py:157} INFO - Started process (PID=735) to work on /home/airflow/.local/lib/python3.8/site-packages/airflow/example_dags/example_branch_operator_decorator.py
[2025-10-17T07:21:17.132+0000] {processor.py:829} INFO - Processing file /home/airflow/.local/lib/python3.8/site-packages/airflow/example_dags/example_branch_operator_decorator.py for tasks to queue
[2025-10-17T07:21:17.135+0000] {logging_mixin.py:154} INFO - [2025-10-17T07:21:17.134+0000] {dagbag.py:536} INFO - Filling up the DagBag from /home/airflow/.local/lib/python3.8/site-packages/airflow/example_dags/example_branch_operator_decorator.py
[2025-10-17T07:21:17.148+0000] {processor.py:839} INFO - DAG(s) dict_keys(['example_branch_python_operator_decorator']) retrieved from /home/airflow/.local/lib/python3.8/site-packages/airflow/example_dags/example_branch_operator_decorator.py
[2025-10-17T07:21:17.186+0000] {logging_mixin.py:154} INFO - [2025-10-17T07:21:17.185+0000] {dag.py:2941} INFO - Sync 1 DAGs
[2025-10-17T07:21:17.225+0000] {logging_mixin.py:154} INFO - [2025-10-17T07:21:17.225+0000] {dag.py:3722} INFO - Setting next_dagrun for example_branch_python_operator_decorator to 2025-10-16T00:00:00+00:00, run_after=2025-10-17T00:00:00+00:00
[2025-10-17T07:21:17.260+0000] {processor.py:179} INFO - Processing /home/airflow/.local/lib/python3.8/site-packages/airflow/example_dags/example_branch_operator_decorator.py took 0.134 seconds
[2025-10-17T07:21:47.767+0000] {processor.py:157} INFO - Started process (PID=791) to work on /home/airflow/.local/lib/python3.8/site-packages/airflow/example_dags/example_branch_operator_decorator.py
[2025-10-17T07:21:47.769+0000] {processor.py:829} INFO - Processing file /home/airflow/.local/lib/python3.8/site-packages/airflow/example_dags/example_branch_operator_decorator.py for tasks to queue
[2025-10-17T07:21:47.771+0000] {logging_mixin.py:154} INFO - [2025-10-17T07:21:47.771+0000] {dagbag.py:536} INFO - Filling up the DagBag from /home/airflow/.local/lib/python3.8/site-packages/airflow/example_dags/example_branch_operator_decorator.py
[2025-10-17T07:21:47.780+0000] {processor.py:839} INFO - DAG(s) dict_keys(['example_branch_python_operator_decorator']) retrieved from /home/airflow/.local/lib/python3.8/site-packages/airflow/example_dags/example_branch_operator_decorator.py
[2025-10-17T07:21:47.803+0000] {logging_mixin.py:154} INFO - [2025-10-17T07:21:47.802+0000] {dag.py:2941} INFO - Sync 1 DAGs
[2025-10-17T07:21:47.827+0000] {logging_mixin.py:154} INFO - [2025-10-17T07:21:47.827+0000] {dag.py:3722} INFO - Setting next_dagrun for example_branch_python_operator_decorator to 2025-10-16T00:00:00+00:00, run_after=2025-10-17T00:00:00+00:00
[2025-10-17T07:21:47.850+0000] {processor.py:179} INFO - Processing /home/airflow/.local/lib/python3.8/site-packages/airflow/example_dags/example_branch_operator_decorator.py took 0.086 seconds
[2025-10-17T07:22:19.026+0000] {processor.py:157} INFO - Started process (PID=847) to work on /home/airflow/.local/lib/python3.8/site-packages/airflow/example_dags/example_branch_operator_decorator.py
[2025-10-17T07:22:19.028+0000] {processor.py:829} INFO - Processing file /home/airflow/.local/lib/python3.8/site-packages/airflow/example_dags/example_branch_operator_decorator.py for tasks to queue
[2025-10-17T07:22:19.030+0000] {logging_mixin.py:154} INFO - [2025-10-17T07:22:19.030+0000] {dagbag.py:536} INFO - Filling up the DagBag from /home/airflow/.local/lib/python3.8/site-packages/airflow/example_dags/example_branch_operator_decorator.py
[2025-10-17T07:22:19.039+0000] {processor.py:839} INFO - DAG(s) dict_keys(['example_branch_python_operator_decorator']) retrieved from /home/airflow/.local/lib/python3.8/site-packages/airflow/example_dags/example_branch_operator_decorator.py
[2025-10-17T07:22:19.062+0000] {logging_mixin.py:154} INFO - [2025-10-17T07:22:19.062+0000] {dag.py:2941} INFO - Sync 1 DAGs
[2025-10-17T07:22:19.083+0000] {logging_mixin.py:154} INFO - [2025-10-17T07:22:19.082+0000] {dag.py:3722} INFO - Setting next_dagrun for example_branch_python_operator_decorator to 2025-10-16T00:00:00+00:00, run_after=2025-10-17T00:00:00+00:00
[2025-10-17T07:22:19.103+0000] {processor.py:179} INFO - Processing /home/airflow/.local/lib/python3.8/site-packages/airflow/example_dags/example_branch_operator_decorator.py took 0.080 seconds
[2025-10-17T07:22:49.208+0000] {processor.py:157} INFO - Started process (PID=901) to work on /home/airflow/.local/lib/python3.8/site-packages/airflow/example_dags/example_branch_operator_decorator.py
[2025-10-17T07:22:49.209+0000] {processor.py:829} INFO - Processing file /home/airflow/.local/lib/python3.8/site-packages/airflow/example_dags/example_branch_operator_decorator.py for tasks to queue
[2025-10-17T07:22:49.211+0000] {logging_mixin.py:154} INFO - [2025-10-17T07:22:49.211+0000] {dagbag.py:536} INFO - Filling up the DagBag from /home/airflow/.local/lib/python3.8/site-packages/airflow/example_dags/example_branch_operator_decorator.py
[2025-10-17T07:22:49.220+0000] {processor.py:839} INFO - DAG(s) dict_keys(['example_branch_python_operator_decorator']) retrieved from /home/airflow/.local/lib/python3.8/site-packages/airflow/example_dags/example_branch_operator_decorator.py
[2025-10-17T07:22:49.248+0000] {logging_mixin.py:154} INFO - [2025-10-17T07:22:49.248+0000] {dag.py:2941} INFO - Sync 1 DAGs
[2025-10-17T07:22:49.273+0000] {logging_mixin.py:154} INFO - [2025-10-17T07:22:49.272+0000] {dag.py:3722} INFO - Setting next_dagrun for example_branch_python_operator_decorator to 2025-10-16T00:00:00+00:00, run_after=2025-10-17T00:00:00+00:00
[2025-10-17T07:22:49.501+0000] {processor.py:179} INFO - Processing /home/airflow/.local/lib/python3.8/site-packages/airflow/example_dags/example_branch_operator_decorator.py took 0.297 seconds
[2025-10-17T07:23:20.706+0000] {processor.py:157} INFO - Started process (PID=959) to work on /home/airflow/.local/lib/python3.8/site-packages/airflow/example_dags/example_branch_operator_decorator.py
[2025-10-17T07:23:20.707+0000] {processor.py:829} INFO - Processing file /home/airflow/.local/lib/python3.8/site-packages/airflow/example_dags/example_branch_operator_decorator.py for tasks to queue
[2025-10-17T07:23:20.709+0000] {logging_mixin.py:154} INFO - [2025-10-17T07:23:20.709+0000] {dagbag.py:536} INFO - Filling up the DagBag from /home/airflow/.local/lib/python3.8/site-packages/airflow/example_dags/example_branch_operator_decorator.py
[2025-10-17T07:23:20.718+0000] {processor.py:839} INFO - DAG(s) dict_keys(['example_branch_python_operator_decorator']) retrieved from /home/airflow/.local/lib/python3.8/site-packages/airflow/example_dags/example_branch_operator_decorator.py
[2025-10-17T07:23:20.739+0000] {logging_mixin.py:154} INFO - [2025-10-17T07:23:20.739+0000] {dag.py:2941} INFO - Sync 1 DAGs
[2025-10-17T07:23:20.762+0000] {logging_mixin.py:154} INFO - [2025-10-17T07:23:20.761+0000] {dag.py:3722} INFO - Setting next_dagrun for example_branch_python_operator_decorator to 2025-10-16T00:00:00+00:00, run_after=2025-10-17T00:00:00+00:00
[2025-10-17T07:23:20.777+0000] {processor.py:179} INFO - Processing /home/airflow/.local/lib/python3.8/site-packages/airflow/example_dags/example_branch_operator_decorator.py took 0.075 seconds
[2025-10-17T07:23:51.839+0000] {processor.py:157} INFO - Started process (PID=1015) to work on /home/airflow/.local/lib/python3.8/site-packages/airflow/example_dags/example_branch_operator_decorator.py
[2025-10-17T07:23:51.841+0000] {processor.py:829} INFO - Processing file /home/airflow/.local/lib/python3.8/site-packages/airflow/example_dags/example_branch_operator_decorator.py for tasks to queue
[2025-10-17T07:23:51.843+0000] {logging_mixin.py:154} INFO - [2025-10-17T07:23:51.842+0000] {dagbag.py:536} INFO - Filling up the DagBag from /home/airflow/.local/lib/python3.8/site-packages/airflow/example_dags/example_branch_operator_decorator.py
[2025-10-17T07:23:51.852+0000] {processor.py:839} INFO - DAG(s) dict_keys(['example_branch_python_operator_decorator']) retrieved from /home/airflow/.local/lib/python3.8/site-packages/airflow/example_dags/example_branch_operator_decorator.py
[2025-10-17T07:23:51.877+0000] {logging_mixin.py:154} INFO - [2025-10-17T07:23:51.877+0000] {dag.py:2941} INFO - Sync 1 DAGs
[2025-10-17T07:23:51.902+0000] {logging_mixin.py:154} INFO - [2025-10-17T07:23:51.901+0000] {dag.py:3722} INFO - Setting next_dagrun for example_branch_python_operator_decorator to 2025-10-16T00:00:00+00:00, run_after=2025-10-17T00:00:00+00:00
[2025-10-17T07:23:51.923+0000] {processor.py:179} INFO - Processing /home/airflow/.local/lib/python3.8/site-packages/airflow/example_dags/example_branch_operator_decorator.py took 0.087 seconds
[2025-10-17T07:24:23.014+0000] {processor.py:157} INFO - Started process (PID=1071) to work on /home/airflow/.local/lib/python3.8/site-packages/airflow/example_dags/example_branch_operator_decorator.py
[2025-10-17T07:24:23.016+0000] {processor.py:829} INFO - Processing file /home/airflow/.local/lib/python3.8/site-packages/airflow/example_dags/example_branch_operator_decorator.py for tasks to queue
[2025-10-17T07:24:23.019+0000] {logging_mixin.py:154} INFO - [2025-10-17T07:24:23.018+0000] {dagbag.py:536} INFO - Filling up the DagBag from /home/airflow/.local/lib/python3.8/site-packages/airflow/example_dags/example_branch_operator_decorator.py
[2025-10-17T07:24:23.033+0000] {processor.py:839} INFO - DAG(s) dict_keys(['example_branch_python_operator_decorator']) retrieved from /home/airflow/.local/lib/python3.8/site-packages/airflow/example_dags/example_branch_operator_decorator.py
[2025-10-17T07:24:23.056+0000] {logging_mixin.py:154} INFO - [2025-10-17T07:24:23.056+0000] {dag.py:2941} INFO - Sync 1 DAGs
[2025-10-17T07:24:23.078+0000] {logging_mixin.py:154} INFO - [2025-10-17T07:24:23.077+0000] {dag.py:3722} INFO - Setting next_dagrun for example_branch_python_operator_decorator to 2025-10-16T00:00:00+00:00, run_after=2025-10-17T00:00:00+00:00
[2025-10-17T07:24:23.096+0000] {processor.py:179} INFO - Processing /home/airflow/.local/lib/python3.8/site-packages/airflow/example_dags/example_branch_operator_decorator.py took 0.087 seconds
[2025-10-17T07:24:53.333+0000] {processor.py:157} INFO - Started process (PID=1133) to work on /home/airflow/.local/lib/python3.8/site-packages/airflow/example_dags/example_branch_operator_decorator.py
[2025-10-17T07:24:53.335+0000] {processor.py:829} INFO - Processing file /home/airflow/.local/lib/python3.8/site-packages/airflow/example_dags/example_branch_operator_decorator.py for tasks to queue
[2025-10-17T07:24:53.337+0000] {logging_mixin.py:154} INFO - [2025-10-17T07:24:53.336+0000] {dagbag.py:536} INFO - Filling up the DagBag from /home/airflow/.local/lib/python3.8/site-packages/airflow/example_dags/example_branch_operator_decorator.py
[2025-10-17T07:24:53.346+0000] {processor.py:839} INFO - DAG(s) dict_keys(['example_branch_python_operator_decorator']) retrieved from /home/airflow/.local/lib/python3.8/site-packages/airflow/example_dags/example_branch_operator_decorator.py
[2025-10-17T07:24:53.366+0000] {logging_mixin.py:154} INFO - [2025-10-17T07:24:53.365+0000] {dag.py:2941} INFO - Sync 1 DAGs
[2025-10-17T07:24:53.384+0000] {logging_mixin.py:154} INFO - [2025-10-17T07:24:53.383+0000] {dag.py:3722} INFO - Setting next_dagrun for example_branch_python_operator_decorator to 2025-10-16T00:00:00+00:00, run_after=2025-10-17T00:00:00+00:00
[2025-10-17T07:24:53.401+0000] {processor.py:179} INFO - Processing /home/airflow/.local/lib/python3.8/site-packages/airflow/example_dags/example_branch_operator_decorator.py took 0.071 seconds
[2025-10-17T07:25:24.132+0000] {processor.py:157} INFO - Started process (PID=1189) to work on /home/airflow/.local/lib/python3.8/site-packages/airflow/example_dags/example_branch_operator_decorator.py
[2025-10-17T07:25:24.133+0000] {processor.py:829} INFO - Processing file /home/airflow/.local/lib/python3.8/site-packages/airflow/example_dags/example_branch_operator_decorator.py for tasks to queue
[2025-10-17T07:25:24.135+0000] {logging_mixin.py:154} INFO - [2025-10-17T07:25:24.135+0000] {dagbag.py:536} INFO - Filling up the DagBag from /home/airflow/.local/lib/python3.8/site-packages/airflow/example_dags/example_branch_operator_decorator.py
[2025-10-17T07:25:24.144+0000] {processor.py:839} INFO - DAG(s) dict_keys(['example_branch_python_operator_decorator']) retrieved from /home/airflow/.local/lib/python3.8/site-packages/airflow/example_dags/example_branch_operator_decorator.py
[2025-10-17T07:25:24.167+0000] {logging_mixin.py:154} INFO - [2025-10-17T07:25:24.166+0000] {dag.py:2941} INFO - Sync 1 DAGs
[2025-10-17T07:25:24.185+0000] {logging_mixin.py:154} INFO - [2025-10-17T07:25:24.185+0000] {dag.py:3722} INFO - Setting next_dagrun for example_branch_python_operator_decorator to 2025-10-16T00:00:00+00:00, run_after=2025-10-17T00:00:00+00:00
[2025-10-17T07:25:24.203+0000] {processor.py:179} INFO - Processing /home/airflow/.local/lib/python3.8/site-packages/airflow/example_dags/example_branch_operator_decorator.py took 0.075 seconds
[2025-10-17T07:25:55.028+0000] {processor.py:157} INFO - Started process (PID=1252) to work on /home/airflow/.local/lib/python3.8/site-packages/airflow/example_dags/example_branch_operator_decorator.py
[2025-10-17T07:25:55.034+0000] {processor.py:829} INFO - Processing file /home/airflow/.local/lib/python3.8/site-packages/airflow/example_dags/example_branch_operator_decorator.py for tasks to queue
[2025-10-17T07:25:55.036+0000] {logging_mixin.py:154} INFO - [2025-10-17T07:25:55.036+0000] {dagbag.py:536} INFO - Filling up the DagBag from /home/airflow/.local/lib/python3.8/site-packages/airflow/example_dags/example_branch_operator_decorator.py
[2025-10-17T07:25:55.045+0000] {processor.py:839} INFO - DAG(s) dict_keys(['example_branch_python_operator_decorator']) retrieved from /home/airflow/.local/lib/python3.8/site-packages/airflow/example_dags/example_branch_operator_decorator.py
[2025-10-17T07:25:55.207+0000] {logging_mixin.py:154} INFO - [2025-10-17T07:25:55.207+0000] {dag.py:2941} INFO - Sync 1 DAGs
[2025-10-17T07:25:55.224+0000] {logging_mixin.py:154} INFO - [2025-10-17T07:25:55.224+0000] {dag.py:3722} INFO - Setting next_dagrun for example_branch_python_operator_decorator to 2025-10-16T00:00:00+00:00, run_after=2025-10-17T00:00:00+00:00
[2025-10-17T07:25:55.241+0000] {processor.py:179} INFO - Processing /home/airflow/.local/lib/python3.8/site-packages/airflow/example_dags/example_branch_operator_decorator.py took 0.216 seconds
[2025-10-17T07:26:25.866+0000] {processor.py:157} INFO - Started process (PID=1310) to work on /home/airflow/.local/lib/python3.8/site-packages/airflow/example_dags/example_branch_operator_decorator.py
[2025-10-17T07:26:25.868+0000] {processor.py:829} INFO - Processing file /home/airflow/.local/lib/python3.8/site-packages/airflow/example_dags/example_branch_operator_decorator.py for tasks to queue
[2025-10-17T07:26:25.870+0000] {logging_mixin.py:154} INFO - [2025-10-17T07:26:25.869+0000] {dagbag.py:536} INFO - Filling up the DagBag from /home/airflow/.local/lib/python3.8/site-packages/airflow/example_dags/example_branch_operator_decorator.py
[2025-10-17T07:26:25.879+0000] {processor.py:839} INFO - DAG(s) dict_keys(['example_branch_python_operator_decorator']) retrieved from /home/airflow/.local/lib/python3.8/site-packages/airflow/example_dags/example_branch_operator_decorator.py
[2025-10-17T07:26:25.899+0000] {logging_mixin.py:154} INFO - [2025-10-17T07:26:25.899+0000] {dag.py:2941} INFO - Sync 1 DAGs
[2025-10-17T07:26:25.920+0000] {logging_mixin.py:154} INFO - [2025-10-17T07:26:25.920+0000] {dag.py:3722} INFO - Setting next_dagrun for example_branch_python_operator_decorator to 2025-10-16T00:00:00+00:00, run_after=2025-10-17T00:00:00+00:00
[2025-10-17T07:26:25.939+0000] {processor.py:179} INFO - Processing /home/airflow/.local/lib/python3.8/site-packages/airflow/example_dags/example_branch_operator_decorator.py took 0.075 seconds
[2025-10-17T07:26:56.014+0000] {processor.py:157} INFO - Started process (PID=1364) to work on /home/airflow/.local/lib/python3.8/site-packages/airflow/example_dags/example_branch_operator_decorator.py
[2025-10-17T07:26:56.016+0000] {processor.py:829} INFO - Processing file /home/airflow/.local/lib/python3.8/site-packages/airflow/example_dags/example_branch_operator_decorator.py for tasks to queue
[2025-10-17T07:26:56.018+0000] {logging_mixin.py:154} INFO - [2025-10-17T07:26:56.018+0000] {dagbag.py:536} INFO - Filling up the DagBag from /home/airflow/.local/lib/python3.8/site-packages/airflow/example_dags/example_branch_operator_decorator.py
[2025-10-17T07:26:56.026+0000] {processor.py:839} INFO - DAG(s) dict_keys(['example_branch_python_operator_decorator']) retrieved from /home/airflow/.local/lib/python3.8/site-packages/airflow/example_dags/example_branch_operator_decorator.py
[2025-10-17T07:26:56.047+0000] {logging_mixin.py:154} INFO - [2025-10-17T07:26:56.047+0000] {dag.py:2941} INFO - Sync 1 DAGs
[2025-10-17T07:26:56.067+0000] {logging_mixin.py:154} INFO - [2025-10-17T07:26:56.067+0000] {dag.py:3722} INFO - Setting next_dagrun for example_branch_python_operator_decorator to 2025-10-16T00:00:00+00:00, run_after=2025-10-17T00:00:00+00:00
[2025-10-17T07:26:56.085+0000] {processor.py:179} INFO - Processing /home/airflow/.local/lib/python3.8/site-packages/airflow/example_dags/example_branch_operator_decorator.py took 0.074 seconds
[2025-10-17T07:27:26.221+0000] {processor.py:157} INFO - Started process (PID=1419) to work on /home/airflow/.local/lib/python3.8/site-packages/airflow/example_dags/example_branch_operator_decorator.py
[2025-10-17T07:27:26.223+0000] {processor.py:829} INFO - Processing file /home/airflow/.local/lib/python3.8/site-packages/airflow/example_dags/example_branch_operator_decorator.py for tasks to queue
[2025-10-17T07:27:26.225+0000] {logging_mixin.py:154} INFO - [2025-10-17T07:27:26.225+0000] {dagbag.py:536} INFO - Filling up the DagBag from /home/airflow/.local/lib/python3.8/site-packages/airflow/example_dags/example_branch_operator_decorator.py
[2025-10-17T07:27:26.235+0000] {processor.py:839} INFO - DAG(s) dict_keys(['example_branch_python_operator_decorator']) retrieved from /home/airflow/.local/lib/python3.8/site-packages/airflow/example_dags/example_branch_operator_decorator.py
[2025-10-17T07:27:26.255+0000] {logging_mixin.py:154} INFO - [2025-10-17T07:27:26.255+0000] {dag.py:2941} INFO - Sync 1 DAGs
[2025-10-17T07:27:26.275+0000] {logging_mixin.py:154} INFO - [2025-10-17T07:27:26.275+0000] {dag.py:3722} INFO - Setting next_dagrun for example_branch_python_operator_decorator to 2025-10-16T00:00:00+00:00, run_after=2025-10-17T00:00:00+00:00
[2025-10-17T07:27:26.292+0000] {processor.py:179} INFO - Processing /home/airflow/.local/lib/python3.8/site-packages/airflow/example_dags/example_branch_operator_decorator.py took 0.074 seconds
[2025-10-17T07:27:56.438+0000] {processor.py:157} INFO - Started process (PID=1474) to work on /home/airflow/.local/lib/python3.8/site-packages/airflow/example_dags/example_branch_operator_decorator.py
[2025-10-17T07:27:56.439+0000] {processor.py:829} INFO - Processing file /home/airflow/.local/lib/python3.8/site-packages/airflow/example_dags/example_branch_operator_decorator.py for tasks to queue
[2025-10-17T07:27:56.440+0000] {logging_mixin.py:154} INFO - [2025-10-17T07:27:56.440+0000] {dagbag.py:536} INFO - Filling up the DagBag from /home/airflow/.local/lib/python3.8/site-packages/airflow/example_dags/example_branch_operator_decorator.py
[2025-10-17T07:27:56.450+0000] {processor.py:839} INFO - DAG(s) dict_keys(['example_branch_python_operator_decorator']) retrieved from /home/airflow/.local/lib/python3.8/site-packages/airflow/example_dags/example_branch_operator_decorator.py
[2025-10-17T07:27:56.471+0000] {logging_mixin.py:154} INFO - [2025-10-17T07:27:56.471+0000] {dag.py:2941} INFO - Sync 1 DAGs
[2025-10-17T07:27:56.492+0000] {logging_mixin.py:154} INFO - [2025-10-17T07:27:56.492+0000] {dag.py:3722} INFO - Setting next_dagrun for example_branch_python_operator_decorator to 2025-10-16T00:00:00+00:00, run_after=2025-10-17T00:00:00+00:00
[2025-10-17T07:27:56.509+0000] {processor.py:179} INFO - Processing /home/airflow/.local/lib/python3.8/site-packages/airflow/example_dags/example_branch_operator_decorator.py took 0.074 seconds
[2025-10-17T07:28:26.875+0000] {processor.py:157} INFO - Started process (PID=1533) to work on /home/airflow/.local/lib/python3.8/site-packages/airflow/example_dags/example_branch_operator_decorator.py
[2025-10-17T07:28:26.876+0000] {processor.py:829} INFO - Processing file /home/airflow/.local/lib/python3.8/site-packages/airflow/example_dags/example_branch_operator_decorator.py for tasks to queue
[2025-10-17T07:28:26.876+0000] {logging_mixin.py:154} INFO - [2025-10-17T07:28:26.876+0000] {dagbag.py:536} INFO - Filling up the DagBag from /home/airflow/.local/lib/python3.8/site-packages/airflow/example_dags/example_branch_operator_decorator.py
[2025-10-17T07:28:26.885+0000] {processor.py:839} INFO - DAG(s) dict_keys(['example_branch_python_operator_decorator']) retrieved from /home/airflow/.local/lib/python3.8/site-packages/airflow/example_dags/example_branch_operator_decorator.py
[2025-10-17T07:28:26.906+0000] {logging_mixin.py:154} INFO - [2025-10-17T07:28:26.906+0000] {dag.py:2941} INFO - Sync 1 DAGs
[2025-10-17T07:28:26.926+0000] {logging_mixin.py:154} INFO - [2025-10-17T07:28:26.926+0000] {dag.py:3722} INFO - Setting next_dagrun for example_branch_python_operator_decorator to 2025-10-16T00:00:00+00:00, run_after=2025-10-17T00:00:00+00:00
[2025-10-17T07:28:26.945+0000] {processor.py:179} INFO - Processing /home/airflow/.local/lib/python3.8/site-packages/airflow/example_dags/example_branch_operator_decorator.py took 0.073 seconds
[2025-10-17T07:28:57.221+0000] {processor.py:157} INFO - Started process (PID=1589) to work on /home/airflow/.local/lib/python3.8/site-packages/airflow/example_dags/example_branch_operator_decorator.py
[2025-10-17T07:28:57.222+0000] {processor.py:829} INFO - Processing file /home/airflow/.local/lib/python3.8/site-packages/airflow/example_dags/example_branch_operator_decorator.py for tasks to queue
[2025-10-17T07:28:57.223+0000] {logging_mixin.py:154} INFO - [2025-10-17T07:28:57.223+0000] {dagbag.py:536} INFO - Filling up the DagBag from /home/airflow/.local/lib/python3.8/site-packages/airflow/example_dags/example_branch_operator_decorator.py
[2025-10-17T07:28:57.234+0000] {processor.py:839} INFO - DAG(s) dict_keys(['example_branch_python_operator_decorator']) retrieved from /home/airflow/.local/lib/python3.8/site-packages/airflow/example_dags/example_branch_operator_decorator.py
[2025-10-17T07:28:57.260+0000] {logging_mixin.py:154} INFO - [2025-10-17T07:28:57.260+0000] {dag.py:2941} INFO - Sync 1 DAGs
[2025-10-17T07:28:57.283+0000] {logging_mixin.py:154} INFO - [2025-10-17T07:28:57.283+0000] {dag.py:3722} INFO - Setting next_dagrun for example_branch_python_operator_decorator to 2025-10-16T00:00:00+00:00, run_after=2025-10-17T00:00:00+00:00
[2025-10-17T07:28:57.303+0000] {processor.py:179} INFO - Processing /home/airflow/.local/lib/python3.8/site-packages/airflow/example_dags/example_branch_operator_decorator.py took 0.086 seconds
[2025-10-17T07:30:19.338+0000] {processor.py:157} INFO - Started process (PID=62) to work on /home/airflow/.local/lib/python3.8/site-packages/airflow/example_dags/example_branch_operator_decorator.py
[2025-10-17T07:30:19.339+0000] {processor.py:829} INFO - Processing file /home/airflow/.local/lib/python3.8/site-packages/airflow/example_dags/example_branch_operator_decorator.py for tasks to queue
[2025-10-17T07:30:19.343+0000] {logging_mixin.py:154} INFO - [2025-10-17T07:30:19.342+0000] {dagbag.py:536} INFO - Filling up the DagBag from /home/airflow/.local/lib/python3.8/site-packages/airflow/example_dags/example_branch_operator_decorator.py
[2025-10-17T07:30:19.360+0000] {processor.py:839} INFO - DAG(s) dict_keys(['example_branch_python_operator_decorator']) retrieved from /home/airflow/.local/lib/python3.8/site-packages/airflow/example_dags/example_branch_operator_decorator.py
[2025-10-17T07:30:19.599+0000] {logging_mixin.py:154} INFO - [2025-10-17T07:30:19.599+0000] {manager.py:499} INFO - Created Permission View: %s
[2025-10-17T07:30:19.618+0000] {logging_mixin.py:154} INFO - [2025-10-17T07:30:19.618+0000] {manager.py:499} INFO - Created Permission View: %s
[2025-10-17T07:30:19.630+0000] {logging_mixin.py:154} INFO - [2025-10-17T07:30:19.630+0000] {manager.py:499} INFO - Created Permission View: %s
[2025-10-17T07:30:19.631+0000] {logging_mixin.py:154} INFO - [2025-10-17T07:30:19.631+0000] {dag.py:2941} INFO - Sync 1 DAGs
[2025-10-17T07:30:19.646+0000] {logging_mixin.py:154} INFO - [2025-10-17T07:30:19.645+0000] {dag.py:2963} INFO - Creating ORM DAG for example_branch_python_operator_decorator
[2025-10-17T07:30:19.659+0000] {logging_mixin.py:154} INFO - [2025-10-17T07:30:19.659+0000] {dag.py:3722} INFO - Setting next_dagrun for example_branch_python_operator_decorator to 2025-10-16T00:00:00+00:00, run_after=2025-10-17T00:00:00+00:00
[2025-10-17T07:30:19.692+0000] {processor.py:179} INFO - Processing /home/airflow/.local/lib/python3.8/site-packages/airflow/example_dags/example_branch_operator_decorator.py took 0.359 seconds
[2025-10-17T07:30:50.244+0000] {processor.py:157} INFO - Started process (PID=129) to work on /home/airflow/.local/lib/python3.8/site-packages/airflow/example_dags/example_branch_operator_decorator.py
[2025-10-17T07:30:50.247+0000] {processor.py:829} INFO - Processing file /home/airflow/.local/lib/python3.8/site-packages/airflow/example_dags/example_branch_operator_decorator.py for tasks to queue
[2025-10-17T07:30:50.250+0000] {logging_mixin.py:154} INFO - [2025-10-17T07:30:50.249+0000] {dagbag.py:536} INFO - Filling up the DagBag from /home/airflow/.local/lib/python3.8/site-packages/airflow/example_dags/example_branch_operator_decorator.py
[2025-10-17T07:30:50.267+0000] {processor.py:839} INFO - DAG(s) dict_keys(['example_branch_python_operator_decorator']) retrieved from /home/airflow/.local/lib/python3.8/site-packages/airflow/example_dags/example_branch_operator_decorator.py
[2025-10-17T07:30:50.300+0000] {logging_mixin.py:154} INFO - [2025-10-17T07:30:50.300+0000] {dag.py:2941} INFO - Sync 1 DAGs
[2025-10-17T07:30:50.337+0000] {logging_mixin.py:154} INFO - [2025-10-17T07:30:50.337+0000] {dag.py:3722} INFO - Setting next_dagrun for example_branch_python_operator_decorator to 2025-10-16T00:00:00+00:00, run_after=2025-10-17T00:00:00+00:00
[2025-10-17T07:30:50.374+0000] {processor.py:179} INFO - Processing /home/airflow/.local/lib/python3.8/site-packages/airflow/example_dags/example_branch_operator_decorator.py took 0.134 seconds
[2025-10-17T07:31:21.408+0000] {processor.py:157} INFO - Started process (PID=185) to work on /home/airflow/.local/lib/python3.8/site-packages/airflow/example_dags/example_branch_operator_decorator.py
[2025-10-17T07:31:21.410+0000] {processor.py:829} INFO - Processing file /home/airflow/.local/lib/python3.8/site-packages/airflow/example_dags/example_branch_operator_decorator.py for tasks to queue
[2025-10-17T07:31:21.412+0000] {logging_mixin.py:154} INFO - [2025-10-17T07:31:21.411+0000] {dagbag.py:536} INFO - Filling up the DagBag from /home/airflow/.local/lib/python3.8/site-packages/airflow/example_dags/example_branch_operator_decorator.py
[2025-10-17T07:31:21.420+0000] {processor.py:839} INFO - DAG(s) dict_keys(['example_branch_python_operator_decorator']) retrieved from /home/airflow/.local/lib/python3.8/site-packages/airflow/example_dags/example_branch_operator_decorator.py
[2025-10-17T07:31:21.440+0000] {logging_mixin.py:154} INFO - [2025-10-17T07:31:21.440+0000] {dag.py:2941} INFO - Sync 1 DAGs
[2025-10-17T07:31:21.460+0000] {logging_mixin.py:154} INFO - [2025-10-17T07:31:21.459+0000] {dag.py:3722} INFO - Setting next_dagrun for example_branch_python_operator_decorator to 2025-10-16T00:00:00+00:00, run_after=2025-10-17T00:00:00+00:00
[2025-10-17T07:31:21.477+0000] {processor.py:179} INFO - Processing /home/airflow/.local/lib/python3.8/site-packages/airflow/example_dags/example_branch_operator_decorator.py took 0.072 seconds
[2025-10-17T07:31:51.549+0000] {processor.py:157} INFO - Started process (PID=239) to work on /home/airflow/.local/lib/python3.8/site-packages/airflow/example_dags/example_branch_operator_decorator.py
[2025-10-17T07:31:51.550+0000] {processor.py:829} INFO - Processing file /home/airflow/.local/lib/python3.8/site-packages/airflow/example_dags/example_branch_operator_decorator.py for tasks to queue
[2025-10-17T07:31:51.552+0000] {logging_mixin.py:154} INFO - [2025-10-17T07:31:51.552+0000] {dagbag.py:536} INFO - Filling up the DagBag from /home/airflow/.local/lib/python3.8/site-packages/airflow/example_dags/example_branch_operator_decorator.py
[2025-10-17T07:31:51.561+0000] {processor.py:839} INFO - DAG(s) dict_keys(['example_branch_python_operator_decorator']) retrieved from /home/airflow/.local/lib/python3.8/site-packages/airflow/example_dags/example_branch_operator_decorator.py
[2025-10-17T07:31:51.584+0000] {logging_mixin.py:154} INFO - [2025-10-17T07:31:51.584+0000] {dag.py:2941} INFO - Sync 1 DAGs
[2025-10-17T07:31:51.603+0000] {logging_mixin.py:154} INFO - [2025-10-17T07:31:51.603+0000] {dag.py:3722} INFO - Setting next_dagrun for example_branch_python_operator_decorator to 2025-10-16T00:00:00+00:00, run_after=2025-10-17T00:00:00+00:00
[2025-10-17T07:31:51.621+0000] {processor.py:179} INFO - Processing /home/airflow/.local/lib/python3.8/site-packages/airflow/example_dags/example_branch_operator_decorator.py took 0.076 seconds
[2025-10-17T07:32:21.832+0000] {processor.py:157} INFO - Started process (PID=296) to work on /home/airflow/.local/lib/python3.8/site-packages/airflow/example_dags/example_branch_operator_decorator.py
[2025-10-17T07:32:21.834+0000] {processor.py:829} INFO - Processing file /home/airflow/.local/lib/python3.8/site-packages/airflow/example_dags/example_branch_operator_decorator.py for tasks to queue
[2025-10-17T07:32:21.836+0000] {logging_mixin.py:154} INFO - [2025-10-17T07:32:21.836+0000] {dagbag.py:536} INFO - Filling up the DagBag from /home/airflow/.local/lib/python3.8/site-packages/airflow/example_dags/example_branch_operator_decorator.py
[2025-10-17T07:32:21.844+0000] {processor.py:839} INFO - DAG(s) dict_keys(['example_branch_python_operator_decorator']) retrieved from /home/airflow/.local/lib/python3.8/site-packages/airflow/example_dags/example_branch_operator_decorator.py
[2025-10-17T07:32:21.864+0000] {logging_mixin.py:154} INFO - [2025-10-17T07:32:21.864+0000] {dag.py:2941} INFO - Sync 1 DAGs
[2025-10-17T07:32:21.884+0000] {logging_mixin.py:154} INFO - [2025-10-17T07:32:21.884+0000] {dag.py:3722} INFO - Setting next_dagrun for example_branch_python_operator_decorator to 2025-10-16T00:00:00+00:00, run_after=2025-10-17T00:00:00+00:00
[2025-10-17T07:32:21.900+0000] {processor.py:179} INFO - Processing /home/airflow/.local/lib/python3.8/site-packages/airflow/example_dags/example_branch_operator_decorator.py took 0.070 seconds
[2025-10-17T07:35:42.264+0000] {processor.py:157} INFO - Started process (PID=62) to work on /home/airflow/.local/lib/python3.8/site-packages/airflow/example_dags/example_branch_operator_decorator.py
[2025-10-17T07:35:42.265+0000] {processor.py:829} INFO - Processing file /home/airflow/.local/lib/python3.8/site-packages/airflow/example_dags/example_branch_operator_decorator.py for tasks to queue
[2025-10-17T07:35:42.270+0000] {logging_mixin.py:154} INFO - [2025-10-17T07:35:42.269+0000] {dagbag.py:536} INFO - Filling up the DagBag from /home/airflow/.local/lib/python3.8/site-packages/airflow/example_dags/example_branch_operator_decorator.py
[2025-10-17T07:35:42.289+0000] {processor.py:839} INFO - DAG(s) dict_keys(['example_branch_python_operator_decorator']) retrieved from /home/airflow/.local/lib/python3.8/site-packages/airflow/example_dags/example_branch_operator_decorator.py
[2025-10-17T07:35:42.468+0000] {logging_mixin.py:154} INFO - [2025-10-17T07:35:42.467+0000] {manager.py:499} INFO - Created Permission View: %s
[2025-10-17T07:35:42.492+0000] {logging_mixin.py:154} INFO - [2025-10-17T07:35:42.492+0000] {manager.py:499} INFO - Created Permission View: %s
[2025-10-17T07:35:42.505+0000] {logging_mixin.py:154} INFO - [2025-10-17T07:35:42.505+0000] {manager.py:499} INFO - Created Permission View: %s
[2025-10-17T07:35:42.506+0000] {logging_mixin.py:154} INFO - [2025-10-17T07:35:42.506+0000] {dag.py:2941} INFO - Sync 1 DAGs
[2025-10-17T07:35:42.524+0000] {logging_mixin.py:154} INFO - [2025-10-17T07:35:42.524+0000] {dag.py:2963} INFO - Creating ORM DAG for example_branch_python_operator_decorator
[2025-10-17T07:35:42.541+0000] {logging_mixin.py:154} INFO - [2025-10-17T07:35:42.540+0000] {dag.py:3722} INFO - Setting next_dagrun for example_branch_python_operator_decorator to 2025-10-16T00:00:00+00:00, run_after=2025-10-17T00:00:00+00:00
[2025-10-17T07:35:42.592+0000] {processor.py:179} INFO - Processing /home/airflow/.local/lib/python3.8/site-packages/airflow/example_dags/example_branch_operator_decorator.py took 0.334 seconds
[2025-10-17T07:36:12.825+0000] {processor.py:157} INFO - Started process (PID=118) to work on /home/airflow/.local/lib/python3.8/site-packages/airflow/example_dags/example_branch_operator_decorator.py
[2025-10-17T07:36:12.826+0000] {processor.py:829} INFO - Processing file /home/airflow/.local/lib/python3.8/site-packages/airflow/example_dags/example_branch_operator_decorator.py for tasks to queue
[2025-10-17T07:36:12.828+0000] {logging_mixin.py:154} INFO - [2025-10-17T07:36:12.828+0000] {dagbag.py:536} INFO - Filling up the DagBag from /home/airflow/.local/lib/python3.8/site-packages/airflow/example_dags/example_branch_operator_decorator.py
[2025-10-17T07:36:12.837+0000] {processor.py:839} INFO - DAG(s) dict_keys(['example_branch_python_operator_decorator']) retrieved from /home/airflow/.local/lib/python3.8/site-packages/airflow/example_dags/example_branch_operator_decorator.py
[2025-10-17T07:36:12.856+0000] {logging_mixin.py:154} INFO - [2025-10-17T07:36:12.856+0000] {dag.py:2941} INFO - Sync 1 DAGs
[2025-10-17T07:36:12.875+0000] {logging_mixin.py:154} INFO - [2025-10-17T07:36:12.874+0000] {dag.py:3722} INFO - Setting next_dagrun for example_branch_python_operator_decorator to 2025-10-16T00:00:00+00:00, run_after=2025-10-17T00:00:00+00:00
[2025-10-17T07:36:12.891+0000] {processor.py:179} INFO - Processing /home/airflow/.local/lib/python3.8/site-packages/airflow/example_dags/example_branch_operator_decorator.py took 0.070 seconds
[2025-10-17T07:36:43.187+0000] {processor.py:157} INFO - Started process (PID=181) to work on /home/airflow/.local/lib/python3.8/site-packages/airflow/example_dags/example_branch_operator_decorator.py
[2025-10-17T07:36:43.188+0000] {processor.py:829} INFO - Processing file /home/airflow/.local/lib/python3.8/site-packages/airflow/example_dags/example_branch_operator_decorator.py for tasks to queue
[2025-10-17T07:36:43.190+0000] {logging_mixin.py:154} INFO - [2025-10-17T07:36:43.190+0000] {dagbag.py:536} INFO - Filling up the DagBag from /home/airflow/.local/lib/python3.8/site-packages/airflow/example_dags/example_branch_operator_decorator.py
[2025-10-17T07:36:43.200+0000] {processor.py:839} INFO - DAG(s) dict_keys(['example_branch_python_operator_decorator']) retrieved from /home/airflow/.local/lib/python3.8/site-packages/airflow/example_dags/example_branch_operator_decorator.py
[2025-10-17T07:36:43.221+0000] {logging_mixin.py:154} INFO - [2025-10-17T07:36:43.221+0000] {dag.py:2941} INFO - Sync 1 DAGs
[2025-10-17T07:36:43.246+0000] {logging_mixin.py:154} INFO - [2025-10-17T07:36:43.246+0000] {dag.py:3722} INFO - Setting next_dagrun for example_branch_python_operator_decorator to 2025-10-16T00:00:00+00:00, run_after=2025-10-17T00:00:00+00:00
[2025-10-17T07:36:43.262+0000] {processor.py:179} INFO - Processing /home/airflow/.local/lib/python3.8/site-packages/airflow/example_dags/example_branch_operator_decorator.py took 0.078 seconds
[2025-10-17T07:37:13.320+0000] {processor.py:157} INFO - Started process (PID=235) to work on /home/airflow/.local/lib/python3.8/site-packages/airflow/example_dags/example_branch_operator_decorator.py
[2025-10-17T07:37:13.322+0000] {processor.py:829} INFO - Processing file /home/airflow/.local/lib/python3.8/site-packages/airflow/example_dags/example_branch_operator_decorator.py for tasks to queue
[2025-10-17T07:37:13.324+0000] {logging_mixin.py:154} INFO - [2025-10-17T07:37:13.324+0000] {dagbag.py:536} INFO - Filling up the DagBag from /home/airflow/.local/lib/python3.8/site-packages/airflow/example_dags/example_branch_operator_decorator.py
[2025-10-17T07:37:13.336+0000] {processor.py:839} INFO - DAG(s) dict_keys(['example_branch_python_operator_decorator']) retrieved from /home/airflow/.local/lib/python3.8/site-packages/airflow/example_dags/example_branch_operator_decorator.py
[2025-10-17T07:37:13.359+0000] {logging_mixin.py:154} INFO - [2025-10-17T07:37:13.359+0000] {dag.py:2941} INFO - Sync 1 DAGs
[2025-10-17T07:37:13.383+0000] {logging_mixin.py:154} INFO - [2025-10-17T07:37:13.383+0000] {dag.py:3722} INFO - Setting next_dagrun for example_branch_python_operator_decorator to 2025-10-16T00:00:00+00:00, run_after=2025-10-17T00:00:00+00:00
[2025-10-17T07:37:13.404+0000] {processor.py:179} INFO - Processing /home/airflow/.local/lib/python3.8/site-packages/airflow/example_dags/example_branch_operator_decorator.py took 0.089 seconds
[2025-10-17T07:38:43.649+0000] {processor.py:157} INFO - Started process (PID=63) to work on /home/airflow/.local/lib/python3.8/site-packages/airflow/example_dags/example_branch_operator_decorator.py
[2025-10-17T07:38:43.650+0000] {processor.py:829} INFO - Processing file /home/airflow/.local/lib/python3.8/site-packages/airflow/example_dags/example_branch_operator_decorator.py for tasks to queue
[2025-10-17T07:38:43.654+0000] {logging_mixin.py:154} INFO - [2025-10-17T07:38:43.653+0000] {dagbag.py:536} INFO - Filling up the DagBag from /home/airflow/.local/lib/python3.8/site-packages/airflow/example_dags/example_branch_operator_decorator.py
[2025-10-17T07:38:43.672+0000] {processor.py:839} INFO - DAG(s) dict_keys(['example_branch_python_operator_decorator']) retrieved from /home/airflow/.local/lib/python3.8/site-packages/airflow/example_dags/example_branch_operator_decorator.py
[2025-10-17T07:38:43.822+0000] {logging_mixin.py:154} INFO - [2025-10-17T07:38:43.822+0000] {manager.py:499} INFO - Created Permission View: %s
[2025-10-17T07:38:43.839+0000] {logging_mixin.py:154} INFO - [2025-10-17T07:38:43.839+0000] {manager.py:499} INFO - Created Permission View: %s
[2025-10-17T07:38:43.851+0000] {logging_mixin.py:154} INFO - [2025-10-17T07:38:43.850+0000] {manager.py:499} INFO - Created Permission View: %s
[2025-10-17T07:38:43.851+0000] {logging_mixin.py:154} INFO - [2025-10-17T07:38:43.851+0000] {dag.py:2941} INFO - Sync 1 DAGs
[2025-10-17T07:38:43.867+0000] {logging_mixin.py:154} INFO - [2025-10-17T07:38:43.866+0000] {dag.py:2963} INFO - Creating ORM DAG for example_branch_python_operator_decorator
[2025-10-17T07:38:43.886+0000] {logging_mixin.py:154} INFO - [2025-10-17T07:38:43.886+0000] {dag.py:3722} INFO - Setting next_dagrun for example_branch_python_operator_decorator to 2025-10-16T00:00:00+00:00, run_after=2025-10-17T00:00:00+00:00
[2025-10-17T07:38:43.914+0000] {processor.py:179} INFO - Processing /home/airflow/.local/lib/python3.8/site-packages/airflow/example_dags/example_branch_operator_decorator.py took 0.269 seconds
[2025-10-17T07:39:13.979+0000] {processor.py:157} INFO - Started process (PID=119) to work on /home/airflow/.local/lib/python3.8/site-packages/airflow/example_dags/example_branch_operator_decorator.py
[2025-10-17T07:39:13.980+0000] {processor.py:829} INFO - Processing file /home/airflow/.local/lib/python3.8/site-packages/airflow/example_dags/example_branch_operator_decorator.py for tasks to queue
[2025-10-17T07:39:13.983+0000] {logging_mixin.py:154} INFO - [2025-10-17T07:39:13.982+0000] {dagbag.py:536} INFO - Filling up the DagBag from /home/airflow/.local/lib/python3.8/site-packages/airflow/example_dags/example_branch_operator_decorator.py
[2025-10-17T07:39:13.992+0000] {processor.py:839} INFO - DAG(s) dict_keys(['example_branch_python_operator_decorator']) retrieved from /home/airflow/.local/lib/python3.8/site-packages/airflow/example_dags/example_branch_operator_decorator.py
[2025-10-17T07:39:14.015+0000] {logging_mixin.py:154} INFO - [2025-10-17T07:39:14.014+0000] {dag.py:2941} INFO - Sync 1 DAGs
[2025-10-17T07:39:14.035+0000] {logging_mixin.py:154} INFO - [2025-10-17T07:39:14.035+0000] {dag.py:3722} INFO - Setting next_dagrun for example_branch_python_operator_decorator to 2025-10-16T00:00:00+00:00, run_after=2025-10-17T00:00:00+00:00
[2025-10-17T07:39:14.053+0000] {processor.py:179} INFO - Processing /home/airflow/.local/lib/python3.8/site-packages/airflow/example_dags/example_branch_operator_decorator.py took 0.078 seconds
[2025-10-17T07:39:45.189+0000] {processor.py:157} INFO - Started process (PID=182) to work on /home/airflow/.local/lib/python3.8/site-packages/airflow/example_dags/example_branch_operator_decorator.py
[2025-10-17T07:39:45.190+0000] {processor.py:829} INFO - Processing file /home/airflow/.local/lib/python3.8/site-packages/airflow/example_dags/example_branch_operator_decorator.py for tasks to queue
[2025-10-17T07:39:45.193+0000] {logging_mixin.py:154} INFO - [2025-10-17T07:39:45.192+0000] {dagbag.py:536} INFO - Filling up the DagBag from /home/airflow/.local/lib/python3.8/site-packages/airflow/example_dags/example_branch_operator_decorator.py
[2025-10-17T07:39:45.205+0000] {processor.py:839} INFO - DAG(s) dict_keys(['example_branch_python_operator_decorator']) retrieved from /home/airflow/.local/lib/python3.8/site-packages/airflow/example_dags/example_branch_operator_decorator.py
[2025-10-17T07:39:45.227+0000] {logging_mixin.py:154} INFO - [2025-10-17T07:39:45.227+0000] {dag.py:2941} INFO - Sync 1 DAGs
[2025-10-17T07:39:45.256+0000] {logging_mixin.py:154} INFO - [2025-10-17T07:39:45.255+0000] {dag.py:3722} INFO - Setting next_dagrun for example_branch_python_operator_decorator to 2025-10-16T00:00:00+00:00, run_after=2025-10-17T00:00:00+00:00
[2025-10-17T07:39:45.274+0000] {processor.py:179} INFO - Processing /home/airflow/.local/lib/python3.8/site-packages/airflow/example_dags/example_branch_operator_decorator.py took 0.089 seconds
[2025-10-17T07:40:16.455+0000] {processor.py:157} INFO - Started process (PID=238) to work on /home/airflow/.local/lib/python3.8/site-packages/airflow/example_dags/example_branch_operator_decorator.py
[2025-10-17T07:40:16.456+0000] {processor.py:829} INFO - Processing file /home/airflow/.local/lib/python3.8/site-packages/airflow/example_dags/example_branch_operator_decorator.py for tasks to queue
[2025-10-17T07:40:16.458+0000] {logging_mixin.py:154} INFO - [2025-10-17T07:40:16.458+0000] {dagbag.py:536} INFO - Filling up the DagBag from /home/airflow/.local/lib/python3.8/site-packages/airflow/example_dags/example_branch_operator_decorator.py
[2025-10-17T07:40:16.467+0000] {processor.py:839} INFO - DAG(s) dict_keys(['example_branch_python_operator_decorator']) retrieved from /home/airflow/.local/lib/python3.8/site-packages/airflow/example_dags/example_branch_operator_decorator.py
[2025-10-17T07:40:16.487+0000] {logging_mixin.py:154} INFO - [2025-10-17T07:40:16.487+0000] {dag.py:2941} INFO - Sync 1 DAGs
[2025-10-17T07:40:16.506+0000] {logging_mixin.py:154} INFO - [2025-10-17T07:40:16.506+0000] {dag.py:3722} INFO - Setting next_dagrun for example_branch_python_operator_decorator to 2025-10-16T00:00:00+00:00, run_after=2025-10-17T00:00:00+00:00
[2025-10-17T07:40:16.522+0000] {processor.py:179} INFO - Processing /home/airflow/.local/lib/python3.8/site-packages/airflow/example_dags/example_branch_operator_decorator.py took 0.070 seconds
[2025-10-17T07:40:47.159+0000] {processor.py:157} INFO - Started process (PID=294) to work on /home/airflow/.local/lib/python3.8/site-packages/airflow/example_dags/example_branch_operator_decorator.py
[2025-10-17T07:40:47.160+0000] {processor.py:829} INFO - Processing file /home/airflow/.local/lib/python3.8/site-packages/airflow/example_dags/example_branch_operator_decorator.py for tasks to queue
[2025-10-17T07:40:47.162+0000] {logging_mixin.py:154} INFO - [2025-10-17T07:40:47.162+0000] {dagbag.py:536} INFO - Filling up the DagBag from /home/airflow/.local/lib/python3.8/site-packages/airflow/example_dags/example_branch_operator_decorator.py
[2025-10-17T07:40:47.171+0000] {processor.py:839} INFO - DAG(s) dict_keys(['example_branch_python_operator_decorator']) retrieved from /home/airflow/.local/lib/python3.8/site-packages/airflow/example_dags/example_branch_operator_decorator.py
[2025-10-17T07:40:47.191+0000] {logging_mixin.py:154} INFO - [2025-10-17T07:40:47.191+0000] {dag.py:2941} INFO - Sync 1 DAGs
[2025-10-17T07:40:47.211+0000] {logging_mixin.py:154} INFO - [2025-10-17T07:40:47.211+0000] {dag.py:3722} INFO - Setting next_dagrun for example_branch_python_operator_decorator to 2025-10-16T00:00:00+00:00, run_after=2025-10-17T00:00:00+00:00
[2025-10-17T07:40:47.228+0000] {processor.py:179} INFO - Processing /home/airflow/.local/lib/python3.8/site-packages/airflow/example_dags/example_branch_operator_decorator.py took 0.072 seconds
[2025-10-17T07:41:17.319+0000] {processor.py:157} INFO - Started process (PID=348) to work on /home/airflow/.local/lib/python3.8/site-packages/airflow/example_dags/example_branch_operator_decorator.py
[2025-10-17T07:41:17.321+0000] {processor.py:829} INFO - Processing file /home/airflow/.local/lib/python3.8/site-packages/airflow/example_dags/example_branch_operator_decorator.py for tasks to queue
[2025-10-17T07:41:17.323+0000] {logging_mixin.py:154} INFO - [2025-10-17T07:41:17.323+0000] {dagbag.py:536} INFO - Filling up the DagBag from /home/airflow/.local/lib/python3.8/site-packages/airflow/example_dags/example_branch_operator_decorator.py
[2025-10-17T07:41:17.333+0000] {processor.py:839} INFO - DAG(s) dict_keys(['example_branch_python_operator_decorator']) retrieved from /home/airflow/.local/lib/python3.8/site-packages/airflow/example_dags/example_branch_operator_decorator.py
[2025-10-17T07:41:17.357+0000] {logging_mixin.py:154} INFO - [2025-10-17T07:41:17.357+0000] {dag.py:2941} INFO - Sync 1 DAGs
[2025-10-17T07:41:17.386+0000] {logging_mixin.py:154} INFO - [2025-10-17T07:41:17.386+0000] {dag.py:3722} INFO - Setting next_dagrun for example_branch_python_operator_decorator to 2025-10-16T00:00:00+00:00, run_after=2025-10-17T00:00:00+00:00
[2025-10-17T07:41:17.415+0000] {processor.py:179} INFO - Processing /home/airflow/.local/lib/python3.8/site-packages/airflow/example_dags/example_branch_operator_decorator.py took 0.098 seconds
[2025-10-17T07:42:27.040+0000] {processor.py:157} INFO - Started process (PID=62) to work on /home/airflow/.local/lib/python3.8/site-packages/airflow/example_dags/example_branch_operator_decorator.py
[2025-10-17T07:42:27.042+0000] {processor.py:829} INFO - Processing file /home/airflow/.local/lib/python3.8/site-packages/airflow/example_dags/example_branch_operator_decorator.py for tasks to queue
[2025-10-17T07:42:27.045+0000] {logging_mixin.py:154} INFO - [2025-10-17T07:42:27.045+0000] {dagbag.py:536} INFO - Filling up the DagBag from /home/airflow/.local/lib/python3.8/site-packages/airflow/example_dags/example_branch_operator_decorator.py
[2025-10-17T07:42:27.059+0000] {processor.py:839} INFO - DAG(s) dict_keys(['example_branch_python_operator_decorator']) retrieved from /home/airflow/.local/lib/python3.8/site-packages/airflow/example_dags/example_branch_operator_decorator.py
[2025-10-17T07:42:27.176+0000] {logging_mixin.py:154} INFO - [2025-10-17T07:42:27.175+0000] {manager.py:499} INFO - Created Permission View: %s
[2025-10-17T07:42:27.187+0000] {logging_mixin.py:154} INFO - [2025-10-17T07:42:27.186+0000] {manager.py:499} INFO - Created Permission View: %s
[2025-10-17T07:42:27.195+0000] {logging_mixin.py:154} INFO - [2025-10-17T07:42:27.195+0000] {manager.py:499} INFO - Created Permission View: %s
[2025-10-17T07:42:27.196+0000] {logging_mixin.py:154} INFO - [2025-10-17T07:42:27.195+0000] {dag.py:2941} INFO - Sync 1 DAGs
[2025-10-17T07:42:27.212+0000] {logging_mixin.py:154} INFO - [2025-10-17T07:42:27.211+0000] {dag.py:2963} INFO - Creating ORM DAG for example_branch_python_operator_decorator
[2025-10-17T07:42:27.227+0000] {logging_mixin.py:154} INFO - [2025-10-17T07:42:27.226+0000] {dag.py:3722} INFO - Setting next_dagrun for example_branch_python_operator_decorator to 2025-10-16T00:00:00+00:00, run_after=2025-10-17T00:00:00+00:00
[2025-10-17T07:42:27.248+0000] {processor.py:179} INFO - Processing /home/airflow/.local/lib/python3.8/site-packages/airflow/example_dags/example_branch_operator_decorator.py took 0.212 seconds
[2025-10-17T07:42:57.666+0000] {processor.py:157} INFO - Started process (PID=118) to work on /home/airflow/.local/lib/python3.8/site-packages/airflow/example_dags/example_branch_operator_decorator.py
[2025-10-17T07:42:57.668+0000] {processor.py:829} INFO - Processing file /home/airflow/.local/lib/python3.8/site-packages/airflow/example_dags/example_branch_operator_decorator.py for tasks to queue
[2025-10-17T07:42:57.669+0000] {logging_mixin.py:154} INFO - [2025-10-17T07:42:57.669+0000] {dagbag.py:536} INFO - Filling up the DagBag from /home/airflow/.local/lib/python3.8/site-packages/airflow/example_dags/example_branch_operator_decorator.py
[2025-10-17T07:42:57.679+0000] {processor.py:839} INFO - DAG(s) dict_keys(['example_branch_python_operator_decorator']) retrieved from /home/airflow/.local/lib/python3.8/site-packages/airflow/example_dags/example_branch_operator_decorator.py
[2025-10-17T07:42:57.699+0000] {logging_mixin.py:154} INFO - [2025-10-17T07:42:57.699+0000] {dag.py:2941} INFO - Sync 1 DAGs
[2025-10-17T07:42:57.719+0000] {logging_mixin.py:154} INFO - [2025-10-17T07:42:57.719+0000] {dag.py:3722} INFO - Setting next_dagrun for example_branch_python_operator_decorator to 2025-10-16T00:00:00+00:00, run_after=2025-10-17T00:00:00+00:00
[2025-10-17T07:42:57.737+0000] {processor.py:179} INFO - Processing /home/airflow/.local/lib/python3.8/site-packages/airflow/example_dags/example_branch_operator_decorator.py took 0.074 seconds
[2025-10-17T07:44:24.499+0000] {processor.py:157} INFO - Started process (PID=62) to work on /home/airflow/.local/lib/python3.8/site-packages/airflow/example_dags/example_branch_operator_decorator.py
[2025-10-17T07:44:24.500+0000] {processor.py:829} INFO - Processing file /home/airflow/.local/lib/python3.8/site-packages/airflow/example_dags/example_branch_operator_decorator.py for tasks to queue
[2025-10-17T07:44:24.503+0000] {logging_mixin.py:154} INFO - [2025-10-17T07:44:24.503+0000] {dagbag.py:536} INFO - Filling up the DagBag from /home/airflow/.local/lib/python3.8/site-packages/airflow/example_dags/example_branch_operator_decorator.py
[2025-10-17T07:44:24.515+0000] {processor.py:839} INFO - DAG(s) dict_keys(['example_branch_python_operator_decorator']) retrieved from /home/airflow/.local/lib/python3.8/site-packages/airflow/example_dags/example_branch_operator_decorator.py
[2025-10-17T07:44:24.631+0000] {logging_mixin.py:154} INFO - [2025-10-17T07:44:24.631+0000] {manager.py:499} INFO - Created Permission View: %s
[2025-10-17T07:44:24.641+0000] {logging_mixin.py:154} INFO - [2025-10-17T07:44:24.641+0000] {manager.py:499} INFO - Created Permission View: %s
[2025-10-17T07:44:24.649+0000] {logging_mixin.py:154} INFO - [2025-10-17T07:44:24.649+0000] {manager.py:499} INFO - Created Permission View: %s
[2025-10-17T07:44:24.649+0000] {logging_mixin.py:154} INFO - [2025-10-17T07:44:24.649+0000] {dag.py:2941} INFO - Sync 1 DAGs
[2025-10-17T07:44:24.661+0000] {logging_mixin.py:154} INFO - [2025-10-17T07:44:24.661+0000] {dag.py:2963} INFO - Creating ORM DAG for example_branch_python_operator_decorator
[2025-10-17T07:44:24.672+0000] {logging_mixin.py:154} INFO - [2025-10-17T07:44:24.671+0000] {dag.py:3722} INFO - Setting next_dagrun for example_branch_python_operator_decorator to 2025-10-16T00:00:00+00:00, run_after=2025-10-17T00:00:00+00:00
[2025-10-17T07:44:24.691+0000] {processor.py:179} INFO - Processing /home/airflow/.local/lib/python3.8/site-packages/airflow/example_dags/example_branch_operator_decorator.py took 0.195 seconds
[2025-10-17T07:44:35.674+0000] {processor.py:157} INFO - Started process (PID=54) to work on /home/airflow/.local/lib/python3.8/site-packages/airflow/example_dags/example_branch_operator_decorator.py
[2025-10-17T07:44:35.675+0000] {processor.py:829} INFO - Processing file /home/airflow/.local/lib/python3.8/site-packages/airflow/example_dags/example_branch_operator_decorator.py for tasks to queue
[2025-10-17T07:44:35.678+0000] {logging_mixin.py:154} INFO - [2025-10-17T07:44:35.678+0000] {dagbag.py:536} INFO - Filling up the DagBag from /home/airflow/.local/lib/python3.8/site-packages/airflow/example_dags/example_branch_operator_decorator.py
[2025-10-17T07:44:35.688+0000] {processor.py:839} INFO - DAG(s) dict_keys(['example_branch_python_operator_decorator']) retrieved from /home/airflow/.local/lib/python3.8/site-packages/airflow/example_dags/example_branch_operator_decorator.py
[2025-10-17T07:44:35.701+0000] {logging_mixin.py:154} INFO - [2025-10-17T07:44:35.701+0000] {dag.py:2941} INFO - Sync 1 DAGs
[2025-10-17T07:44:35.723+0000] {logging_mixin.py:154} INFO - [2025-10-17T07:44:35.722+0000] {dag.py:3722} INFO - Setting next_dagrun for example_branch_python_operator_decorator to 2025-10-16T00:00:00+00:00, run_after=2025-10-17T00:00:00+00:00
[2025-10-17T07:44:35.739+0000] {processor.py:179} INFO - Processing /home/airflow/.local/lib/python3.8/site-packages/airflow/example_dags/example_branch_operator_decorator.py took 0.068 seconds
[2025-10-17T07:45:06.231+0000] {processor.py:157} INFO - Started process (PID=110) to work on /home/airflow/.local/lib/python3.8/site-packages/airflow/example_dags/example_branch_operator_decorator.py
[2025-10-17T07:45:06.232+0000] {processor.py:829} INFO - Processing file /home/airflow/.local/lib/python3.8/site-packages/airflow/example_dags/example_branch_operator_decorator.py for tasks to queue
[2025-10-17T07:45:06.234+0000] {logging_mixin.py:154} INFO - [2025-10-17T07:45:06.234+0000] {dagbag.py:536} INFO - Filling up the DagBag from /home/airflow/.local/lib/python3.8/site-packages/airflow/example_dags/example_branch_operator_decorator.py
[2025-10-17T07:45:06.243+0000] {processor.py:839} INFO - DAG(s) dict_keys(['example_branch_python_operator_decorator']) retrieved from /home/airflow/.local/lib/python3.8/site-packages/airflow/example_dags/example_branch_operator_decorator.py
[2025-10-17T07:45:06.263+0000] {logging_mixin.py:154} INFO - [2025-10-17T07:45:06.263+0000] {dag.py:2941} INFO - Sync 1 DAGs
[2025-10-17T07:45:06.282+0000] {logging_mixin.py:154} INFO - [2025-10-17T07:45:06.282+0000] {dag.py:3722} INFO - Setting next_dagrun for example_branch_python_operator_decorator to 2025-10-16T00:00:00+00:00, run_after=2025-10-17T00:00:00+00:00
[2025-10-17T07:45:06.298+0000] {processor.py:179} INFO - Processing /home/airflow/.local/lib/python3.8/site-packages/airflow/example_dags/example_branch_operator_decorator.py took 0.070 seconds
[2025-10-17T07:46:19.173+0000] {processor.py:157} INFO - Started process (PID=62) to work on /home/airflow/.local/lib/python3.8/site-packages/airflow/example_dags/example_branch_operator_decorator.py
[2025-10-17T07:46:19.174+0000] {processor.py:829} INFO - Processing file /home/airflow/.local/lib/python3.8/site-packages/airflow/example_dags/example_branch_operator_decorator.py for tasks to queue
[2025-10-17T07:46:19.178+0000] {logging_mixin.py:154} INFO - [2025-10-17T07:46:19.177+0000] {dagbag.py:536} INFO - Filling up the DagBag from /home/airflow/.local/lib/python3.8/site-packages/airflow/example_dags/example_branch_operator_decorator.py
[2025-10-17T07:46:19.193+0000] {processor.py:839} INFO - DAG(s) dict_keys(['example_branch_python_operator_decorator']) retrieved from /home/airflow/.local/lib/python3.8/site-packages/airflow/example_dags/example_branch_operator_decorator.py
[2025-10-17T07:46:19.322+0000] {logging_mixin.py:154} INFO - [2025-10-17T07:46:19.321+0000] {manager.py:499} INFO - Created Permission View: %s
[2025-10-17T07:46:19.334+0000] {logging_mixin.py:154} INFO - [2025-10-17T07:46:19.334+0000] {manager.py:499} INFO - Created Permission View: %s
[2025-10-17T07:46:19.343+0000] {logging_mixin.py:154} INFO - [2025-10-17T07:46:19.342+0000] {manager.py:499} INFO - Created Permission View: %s
[2025-10-17T07:46:19.343+0000] {logging_mixin.py:154} INFO - [2025-10-17T07:46:19.343+0000] {dag.py:2941} INFO - Sync 1 DAGs
[2025-10-17T07:46:19.357+0000] {logging_mixin.py:154} INFO - [2025-10-17T07:46:19.357+0000] {dag.py:2963} INFO - Creating ORM DAG for example_branch_python_operator_decorator
[2025-10-17T07:46:19.371+0000] {logging_mixin.py:154} INFO - [2025-10-17T07:46:19.371+0000] {dag.py:3722} INFO - Setting next_dagrun for example_branch_python_operator_decorator to 2025-10-16T00:00:00+00:00, run_after=2025-10-17T00:00:00+00:00
[2025-10-17T07:46:19.393+0000] {processor.py:179} INFO - Processing /home/airflow/.local/lib/python3.8/site-packages/airflow/example_dags/example_branch_operator_decorator.py took 0.224 seconds
[2025-10-17T07:46:50.079+0000] {processor.py:157} INFO - Started process (PID=118) to work on /home/airflow/.local/lib/python3.8/site-packages/airflow/example_dags/example_branch_operator_decorator.py
[2025-10-17T07:46:50.080+0000] {processor.py:829} INFO - Processing file /home/airflow/.local/lib/python3.8/site-packages/airflow/example_dags/example_branch_operator_decorator.py for tasks to queue
[2025-10-17T07:46:50.082+0000] {logging_mixin.py:154} INFO - [2025-10-17T07:46:50.082+0000] {dagbag.py:536} INFO - Filling up the DagBag from /home/airflow/.local/lib/python3.8/site-packages/airflow/example_dags/example_branch_operator_decorator.py
[2025-10-17T07:46:50.091+0000] {processor.py:839} INFO - DAG(s) dict_keys(['example_branch_python_operator_decorator']) retrieved from /home/airflow/.local/lib/python3.8/site-packages/airflow/example_dags/example_branch_operator_decorator.py
[2025-10-17T07:46:50.112+0000] {logging_mixin.py:154} INFO - [2025-10-17T07:46:50.112+0000] {dag.py:2941} INFO - Sync 1 DAGs
[2025-10-17T07:46:50.130+0000] {logging_mixin.py:154} INFO - [2025-10-17T07:46:50.130+0000] {dag.py:3722} INFO - Setting next_dagrun for example_branch_python_operator_decorator to 2025-10-16T00:00:00+00:00, run_after=2025-10-17T00:00:00+00:00
[2025-10-17T07:46:50.146+0000] {processor.py:179} INFO - Processing /home/airflow/.local/lib/python3.8/site-packages/airflow/example_dags/example_branch_operator_decorator.py took 0.070 seconds
[2025-10-17T07:47:20.907+0000] {processor.py:157} INFO - Started process (PID=174) to work on /home/airflow/.local/lib/python3.8/site-packages/airflow/example_dags/example_branch_operator_decorator.py
[2025-10-17T07:47:20.908+0000] {processor.py:829} INFO - Processing file /home/airflow/.local/lib/python3.8/site-packages/airflow/example_dags/example_branch_operator_decorator.py for tasks to queue
[2025-10-17T07:47:20.911+0000] {logging_mixin.py:154} INFO - [2025-10-17T07:47:20.910+0000] {dagbag.py:536} INFO - Filling up the DagBag from /home/airflow/.local/lib/python3.8/site-packages/airflow/example_dags/example_branch_operator_decorator.py
[2025-10-17T07:47:20.923+0000] {processor.py:839} INFO - DAG(s) dict_keys(['example_branch_python_operator_decorator']) retrieved from /home/airflow/.local/lib/python3.8/site-packages/airflow/example_dags/example_branch_operator_decorator.py
[2025-10-17T07:47:20.948+0000] {logging_mixin.py:154} INFO - [2025-10-17T07:47:20.947+0000] {dag.py:2941} INFO - Sync 1 DAGs
[2025-10-17T07:47:20.969+0000] {logging_mixin.py:154} INFO - [2025-10-17T07:47:20.969+0000] {dag.py:3722} INFO - Setting next_dagrun for example_branch_python_operator_decorator to 2025-10-16T00:00:00+00:00, run_after=2025-10-17T00:00:00+00:00
[2025-10-17T07:47:20.988+0000] {processor.py:179} INFO - Processing /home/airflow/.local/lib/python3.8/site-packages/airflow/example_dags/example_branch_operator_decorator.py took 0.085 seconds
[2025-10-17T07:47:51.417+0000] {processor.py:157} INFO - Started process (PID=230) to work on /home/airflow/.local/lib/python3.8/site-packages/airflow/example_dags/example_branch_operator_decorator.py
[2025-10-17T07:47:51.418+0000] {processor.py:829} INFO - Processing file /home/airflow/.local/lib/python3.8/site-packages/airflow/example_dags/example_branch_operator_decorator.py for tasks to queue
[2025-10-17T07:47:51.420+0000] {logging_mixin.py:154} INFO - [2025-10-17T07:47:51.420+0000] {dagbag.py:536} INFO - Filling up the DagBag from /home/airflow/.local/lib/python3.8/site-packages/airflow/example_dags/example_branch_operator_decorator.py
[2025-10-17T07:47:51.429+0000] {processor.py:839} INFO - DAG(s) dict_keys(['example_branch_python_operator_decorator']) retrieved from /home/airflow/.local/lib/python3.8/site-packages/airflow/example_dags/example_branch_operator_decorator.py
[2025-10-17T07:47:51.453+0000] {logging_mixin.py:154} INFO - [2025-10-17T07:47:51.453+0000] {dag.py:2941} INFO - Sync 1 DAGs
[2025-10-17T07:47:51.472+0000] {logging_mixin.py:154} INFO - [2025-10-17T07:47:51.472+0000] {dag.py:3722} INFO - Setting next_dagrun for example_branch_python_operator_decorator to 2025-10-16T00:00:00+00:00, run_after=2025-10-17T00:00:00+00:00
[2025-10-17T07:47:51.487+0000] {processor.py:179} INFO - Processing /home/airflow/.local/lib/python3.8/site-packages/airflow/example_dags/example_branch_operator_decorator.py took 0.073 seconds
[2025-10-17T07:48:21.988+0000] {processor.py:157} INFO - Started process (PID=293) to work on /home/airflow/.local/lib/python3.8/site-packages/airflow/example_dags/example_branch_operator_decorator.py
[2025-10-17T07:48:21.989+0000] {processor.py:829} INFO - Processing file /home/airflow/.local/lib/python3.8/site-packages/airflow/example_dags/example_branch_operator_decorator.py for tasks to queue
[2025-10-17T07:48:21.991+0000] {logging_mixin.py:154} INFO - [2025-10-17T07:48:21.991+0000] {dagbag.py:536} INFO - Filling up the DagBag from /home/airflow/.local/lib/python3.8/site-packages/airflow/example_dags/example_branch_operator_decorator.py
[2025-10-17T07:48:22.000+0000] {processor.py:839} INFO - DAG(s) dict_keys(['example_branch_python_operator_decorator']) retrieved from /home/airflow/.local/lib/python3.8/site-packages/airflow/example_dags/example_branch_operator_decorator.py
[2025-10-17T07:48:22.020+0000] {logging_mixin.py:154} INFO - [2025-10-17T07:48:22.020+0000] {dag.py:2941} INFO - Sync 1 DAGs
[2025-10-17T07:48:22.040+0000] {logging_mixin.py:154} INFO - [2025-10-17T07:48:22.040+0000] {dag.py:3722} INFO - Setting next_dagrun for example_branch_python_operator_decorator to 2025-10-16T00:00:00+00:00, run_after=2025-10-17T00:00:00+00:00
[2025-10-17T07:48:22.056+0000] {processor.py:179} INFO - Processing /home/airflow/.local/lib/python3.8/site-packages/airflow/example_dags/example_branch_operator_decorator.py took 0.071 seconds
[2025-10-17T07:48:52.988+0000] {processor.py:157} INFO - Started process (PID=349) to work on /home/airflow/.local/lib/python3.8/site-packages/airflow/example_dags/example_branch_operator_decorator.py
[2025-10-17T07:48:52.989+0000] {processor.py:829} INFO - Processing file /home/airflow/.local/lib/python3.8/site-packages/airflow/example_dags/example_branch_operator_decorator.py for tasks to queue
[2025-10-17T07:48:52.992+0000] {logging_mixin.py:154} INFO - [2025-10-17T07:48:52.991+0000] {dagbag.py:536} INFO - Filling up the DagBag from /home/airflow/.local/lib/python3.8/site-packages/airflow/example_dags/example_branch_operator_decorator.py
[2025-10-17T07:48:53.000+0000] {processor.py:839} INFO - DAG(s) dict_keys(['example_branch_python_operator_decorator']) retrieved from /home/airflow/.local/lib/python3.8/site-packages/airflow/example_dags/example_branch_operator_decorator.py
[2025-10-17T07:48:53.021+0000] {logging_mixin.py:154} INFO - [2025-10-17T07:48:53.021+0000] {dag.py:2941} INFO - Sync 1 DAGs
[2025-10-17T07:48:53.041+0000] {logging_mixin.py:154} INFO - [2025-10-17T07:48:53.041+0000] {dag.py:3722} INFO - Setting next_dagrun for example_branch_python_operator_decorator to 2025-10-16T00:00:00+00:00, run_after=2025-10-17T00:00:00+00:00
[2025-10-17T07:48:53.058+0000] {processor.py:179} INFO - Processing /home/airflow/.local/lib/python3.8/site-packages/airflow/example_dags/example_branch_operator_decorator.py took 0.073 seconds
[2025-10-17T07:49:23.154+0000] {processor.py:157} INFO - Started process (PID=403) to work on /home/airflow/.local/lib/python3.8/site-packages/airflow/example_dags/example_branch_operator_decorator.py
[2025-10-17T07:49:23.155+0000] {processor.py:829} INFO - Processing file /home/airflow/.local/lib/python3.8/site-packages/airflow/example_dags/example_branch_operator_decorator.py for tasks to queue
[2025-10-17T07:49:23.157+0000] {logging_mixin.py:154} INFO - [2025-10-17T07:49:23.157+0000] {dagbag.py:536} INFO - Filling up the DagBag from /home/airflow/.local/lib/python3.8/site-packages/airflow/example_dags/example_branch_operator_decorator.py
[2025-10-17T07:49:23.165+0000] {processor.py:839} INFO - DAG(s) dict_keys(['example_branch_python_operator_decorator']) retrieved from /home/airflow/.local/lib/python3.8/site-packages/airflow/example_dags/example_branch_operator_decorator.py
[2025-10-17T07:49:23.187+0000] {logging_mixin.py:154} INFO - [2025-10-17T07:49:23.186+0000] {dag.py:2941} INFO - Sync 1 DAGs
[2025-10-17T07:49:23.205+0000] {logging_mixin.py:154} INFO - [2025-10-17T07:49:23.205+0000] {dag.py:3722} INFO - Setting next_dagrun for example_branch_python_operator_decorator to 2025-10-16T00:00:00+00:00, run_after=2025-10-17T00:00:00+00:00
[2025-10-17T07:49:23.222+0000] {processor.py:179} INFO - Processing /home/airflow/.local/lib/python3.8/site-packages/airflow/example_dags/example_branch_operator_decorator.py took 0.072 seconds
[2025-10-17T07:49:53.726+0000] {processor.py:157} INFO - Started process (PID=459) to work on /home/airflow/.local/lib/python3.8/site-packages/airflow/example_dags/example_branch_operator_decorator.py
[2025-10-17T07:49:53.727+0000] {processor.py:829} INFO - Processing file /home/airflow/.local/lib/python3.8/site-packages/airflow/example_dags/example_branch_operator_decorator.py for tasks to queue
[2025-10-17T07:49:53.729+0000] {logging_mixin.py:154} INFO - [2025-10-17T07:49:53.729+0000] {dagbag.py:536} INFO - Filling up the DagBag from /home/airflow/.local/lib/python3.8/site-packages/airflow/example_dags/example_branch_operator_decorator.py
[2025-10-17T07:49:53.738+0000] {processor.py:839} INFO - DAG(s) dict_keys(['example_branch_python_operator_decorator']) retrieved from /home/airflow/.local/lib/python3.8/site-packages/airflow/example_dags/example_branch_operator_decorator.py
[2025-10-17T07:49:53.761+0000] {logging_mixin.py:154} INFO - [2025-10-17T07:49:53.761+0000] {dag.py:2941} INFO - Sync 1 DAGs
[2025-10-17T07:49:53.785+0000] {logging_mixin.py:154} INFO - [2025-10-17T07:49:53.784+0000] {dag.py:3722} INFO - Setting next_dagrun for example_branch_python_operator_decorator to 2025-10-16T00:00:00+00:00, run_after=2025-10-17T00:00:00+00:00
[2025-10-17T07:49:53.809+0000] {processor.py:179} INFO - Processing /home/airflow/.local/lib/python3.8/site-packages/airflow/example_dags/example_branch_operator_decorator.py took 0.087 seconds
[2025-10-17T07:50:23.851+0000] {processor.py:157} INFO - Started process (PID=514) to work on /home/airflow/.local/lib/python3.8/site-packages/airflow/example_dags/example_branch_operator_decorator.py
[2025-10-17T07:50:23.853+0000] {processor.py:829} INFO - Processing file /home/airflow/.local/lib/python3.8/site-packages/airflow/example_dags/example_branch_operator_decorator.py for tasks to queue
[2025-10-17T07:50:23.855+0000] {logging_mixin.py:154} INFO - [2025-10-17T07:50:23.854+0000] {dagbag.py:536} INFO - Filling up the DagBag from /home/airflow/.local/lib/python3.8/site-packages/airflow/example_dags/example_branch_operator_decorator.py
[2025-10-17T07:50:23.864+0000] {processor.py:839} INFO - DAG(s) dict_keys(['example_branch_python_operator_decorator']) retrieved from /home/airflow/.local/lib/python3.8/site-packages/airflow/example_dags/example_branch_operator_decorator.py
[2025-10-17T07:50:23.885+0000] {logging_mixin.py:154} INFO - [2025-10-17T07:50:23.885+0000] {dag.py:2941} INFO - Sync 1 DAGs
[2025-10-17T07:50:23.905+0000] {logging_mixin.py:154} INFO - [2025-10-17T07:50:23.905+0000] {dag.py:3722} INFO - Setting next_dagrun for example_branch_python_operator_decorator to 2025-10-16T00:00:00+00:00, run_after=2025-10-17T00:00:00+00:00
[2025-10-17T07:50:23.922+0000] {processor.py:179} INFO - Processing /home/airflow/.local/lib/python3.8/site-packages/airflow/example_dags/example_branch_operator_decorator.py took 0.074 seconds
[2025-10-17T07:50:54.016+0000] {processor.py:157} INFO - Started process (PID=570) to work on /home/airflow/.local/lib/python3.8/site-packages/airflow/example_dags/example_branch_operator_decorator.py
[2025-10-17T07:50:54.017+0000] {processor.py:829} INFO - Processing file /home/airflow/.local/lib/python3.8/site-packages/airflow/example_dags/example_branch_operator_decorator.py for tasks to queue
[2025-10-17T07:50:54.020+0000] {logging_mixin.py:154} INFO - [2025-10-17T07:50:54.019+0000] {dagbag.py:536} INFO - Filling up the DagBag from /home/airflow/.local/lib/python3.8/site-packages/airflow/example_dags/example_branch_operator_decorator.py
[2025-10-17T07:50:54.029+0000] {processor.py:839} INFO - DAG(s) dict_keys(['example_branch_python_operator_decorator']) retrieved from /home/airflow/.local/lib/python3.8/site-packages/airflow/example_dags/example_branch_operator_decorator.py
[2025-10-17T07:50:54.051+0000] {logging_mixin.py:154} INFO - [2025-10-17T07:50:54.051+0000] {dag.py:2941} INFO - Sync 1 DAGs
[2025-10-17T07:50:54.071+0000] {logging_mixin.py:154} INFO - [2025-10-17T07:50:54.071+0000] {dag.py:3722} INFO - Setting next_dagrun for example_branch_python_operator_decorator to 2025-10-16T00:00:00+00:00, run_after=2025-10-17T00:00:00+00:00
[2025-10-17T07:50:54.089+0000] {processor.py:179} INFO - Processing /home/airflow/.local/lib/python3.8/site-packages/airflow/example_dags/example_branch_operator_decorator.py took 0.077 seconds
[2025-10-17T07:51:24.458+0000] {processor.py:157} INFO - Started process (PID=626) to work on /home/airflow/.local/lib/python3.8/site-packages/airflow/example_dags/example_branch_operator_decorator.py
[2025-10-17T07:51:24.459+0000] {processor.py:829} INFO - Processing file /home/airflow/.local/lib/python3.8/site-packages/airflow/example_dags/example_branch_operator_decorator.py for tasks to queue
[2025-10-17T07:51:24.462+0000] {logging_mixin.py:154} INFO - [2025-10-17T07:51:24.461+0000] {dagbag.py:536} INFO - Filling up the DagBag from /home/airflow/.local/lib/python3.8/site-packages/airflow/example_dags/example_branch_operator_decorator.py
[2025-10-17T07:51:24.471+0000] {processor.py:839} INFO - DAG(s) dict_keys(['example_branch_python_operator_decorator']) retrieved from /home/airflow/.local/lib/python3.8/site-packages/airflow/example_dags/example_branch_operator_decorator.py
[2025-10-17T07:51:24.492+0000] {logging_mixin.py:154} INFO - [2025-10-17T07:51:24.492+0000] {dag.py:2941} INFO - Sync 1 DAGs
[2025-10-17T07:51:24.511+0000] {logging_mixin.py:154} INFO - [2025-10-17T07:51:24.511+0000] {dag.py:3722} INFO - Setting next_dagrun for example_branch_python_operator_decorator to 2025-10-16T00:00:00+00:00, run_after=2025-10-17T00:00:00+00:00
[2025-10-17T07:51:24.529+0000] {processor.py:179} INFO - Processing /home/airflow/.local/lib/python3.8/site-packages/airflow/example_dags/example_branch_operator_decorator.py took 0.076 seconds
[2025-10-17T07:51:55.144+0000] {processor.py:157} INFO - Started process (PID=682) to work on /home/airflow/.local/lib/python3.8/site-packages/airflow/example_dags/example_branch_operator_decorator.py
[2025-10-17T07:51:55.146+0000] {processor.py:829} INFO - Processing file /home/airflow/.local/lib/python3.8/site-packages/airflow/example_dags/example_branch_operator_decorator.py for tasks to queue
[2025-10-17T07:51:55.148+0000] {logging_mixin.py:154} INFO - [2025-10-17T07:51:55.148+0000] {dagbag.py:536} INFO - Filling up the DagBag from /home/airflow/.local/lib/python3.8/site-packages/airflow/example_dags/example_branch_operator_decorator.py
[2025-10-17T07:51:55.157+0000] {processor.py:839} INFO - DAG(s) dict_keys(['example_branch_python_operator_decorator']) retrieved from /home/airflow/.local/lib/python3.8/site-packages/airflow/example_dags/example_branch_operator_decorator.py
[2025-10-17T07:51:55.178+0000] {logging_mixin.py:154} INFO - [2025-10-17T07:51:55.178+0000] {dag.py:2941} INFO - Sync 1 DAGs
[2025-10-17T07:51:55.198+0000] {logging_mixin.py:154} INFO - [2025-10-17T07:51:55.198+0000] {dag.py:3722} INFO - Setting next_dagrun for example_branch_python_operator_decorator to 2025-10-16T00:00:00+00:00, run_after=2025-10-17T00:00:00+00:00
[2025-10-17T07:51:55.214+0000] {processor.py:179} INFO - Processing /home/airflow/.local/lib/python3.8/site-packages/airflow/example_dags/example_branch_operator_decorator.py took 0.073 seconds
[2025-10-17T08:08:51.432+0000] {processor.py:157} INFO - Started process (PID=62) to work on /home/airflow/.local/lib/python3.8/site-packages/airflow/example_dags/example_branch_operator_decorator.py
[2025-10-17T08:08:51.434+0000] {processor.py:829} INFO - Processing file /home/airflow/.local/lib/python3.8/site-packages/airflow/example_dags/example_branch_operator_decorator.py for tasks to queue
[2025-10-17T08:08:51.438+0000] {logging_mixin.py:154} INFO - [2025-10-17T08:08:51.437+0000] {dagbag.py:536} INFO - Filling up the DagBag from /home/airflow/.local/lib/python3.8/site-packages/airflow/example_dags/example_branch_operator_decorator.py
[2025-10-17T08:08:51.456+0000] {processor.py:839} INFO - DAG(s) dict_keys(['example_branch_python_operator_decorator']) retrieved from /home/airflow/.local/lib/python3.8/site-packages/airflow/example_dags/example_branch_operator_decorator.py
[2025-10-17T08:08:51.626+0000] {logging_mixin.py:154} INFO - [2025-10-17T08:08:51.626+0000] {manager.py:499} INFO - Created Permission View: %s
[2025-10-17T08:08:51.642+0000] {logging_mixin.py:154} INFO - [2025-10-17T08:08:51.642+0000] {manager.py:499} INFO - Created Permission View: %s
[2025-10-17T08:08:51.654+0000] {logging_mixin.py:154} INFO - [2025-10-17T08:08:51.654+0000] {manager.py:499} INFO - Created Permission View: %s
[2025-10-17T08:08:51.654+0000] {logging_mixin.py:154} INFO - [2025-10-17T08:08:51.654+0000] {dag.py:2941} INFO - Sync 1 DAGs
[2025-10-17T08:08:51.673+0000] {logging_mixin.py:154} INFO - [2025-10-17T08:08:51.672+0000] {dag.py:2963} INFO - Creating ORM DAG for example_branch_python_operator_decorator
[2025-10-17T08:08:51.688+0000] {logging_mixin.py:154} INFO - [2025-10-17T08:08:51.687+0000] {dag.py:3722} INFO - Setting next_dagrun for example_branch_python_operator_decorator to 2025-10-16T00:00:00+00:00, run_after=2025-10-17T00:00:00+00:00
[2025-10-17T08:08:51.717+0000] {processor.py:179} INFO - Processing /home/airflow/.local/lib/python3.8/site-packages/airflow/example_dags/example_branch_operator_decorator.py took 0.290 seconds
[2025-10-17T08:09:22.083+0000] {processor.py:157} INFO - Started process (PID=119) to work on /home/airflow/.local/lib/python3.8/site-packages/airflow/example_dags/example_branch_operator_decorator.py
[2025-10-17T08:09:22.084+0000] {processor.py:829} INFO - Processing file /home/airflow/.local/lib/python3.8/site-packages/airflow/example_dags/example_branch_operator_decorator.py for tasks to queue
[2025-10-17T08:09:22.086+0000] {logging_mixin.py:154} INFO - [2025-10-17T08:09:22.086+0000] {dagbag.py:536} INFO - Filling up the DagBag from /home/airflow/.local/lib/python3.8/site-packages/airflow/example_dags/example_branch_operator_decorator.py
[2025-10-17T08:09:22.095+0000] {processor.py:839} INFO - DAG(s) dict_keys(['example_branch_python_operator_decorator']) retrieved from /home/airflow/.local/lib/python3.8/site-packages/airflow/example_dags/example_branch_operator_decorator.py
[2025-10-17T08:09:22.116+0000] {logging_mixin.py:154} INFO - [2025-10-17T08:09:22.116+0000] {dag.py:2941} INFO - Sync 1 DAGs
[2025-10-17T08:09:22.135+0000] {logging_mixin.py:154} INFO - [2025-10-17T08:09:22.135+0000] {dag.py:3722} INFO - Setting next_dagrun for example_branch_python_operator_decorator to 2025-10-16T00:00:00+00:00, run_after=2025-10-17T00:00:00+00:00
[2025-10-17T08:09:22.155+0000] {processor.py:179} INFO - Processing /home/airflow/.local/lib/python3.8/site-packages/airflow/example_dags/example_branch_operator_decorator.py took 0.076 seconds
[2025-10-17T08:09:52.863+0000] {processor.py:157} INFO - Started process (PID=175) to work on /home/airflow/.local/lib/python3.8/site-packages/airflow/example_dags/example_branch_operator_decorator.py
[2025-10-17T08:09:52.865+0000] {processor.py:829} INFO - Processing file /home/airflow/.local/lib/python3.8/site-packages/airflow/example_dags/example_branch_operator_decorator.py for tasks to queue
[2025-10-17T08:09:52.868+0000] {logging_mixin.py:154} INFO - [2025-10-17T08:09:52.868+0000] {dagbag.py:536} INFO - Filling up the DagBag from /home/airflow/.local/lib/python3.8/site-packages/airflow/example_dags/example_branch_operator_decorator.py
[2025-10-17T08:09:52.884+0000] {processor.py:839} INFO - DAG(s) dict_keys(['example_branch_python_operator_decorator']) retrieved from /home/airflow/.local/lib/python3.8/site-packages/airflow/example_dags/example_branch_operator_decorator.py
[2025-10-17T08:09:52.923+0000] {logging_mixin.py:154} INFO - [2025-10-17T08:09:52.923+0000] {dag.py:2941} INFO - Sync 1 DAGs
[2025-10-17T08:09:52.956+0000] {logging_mixin.py:154} INFO - [2025-10-17T08:09:52.955+0000] {dag.py:3722} INFO - Setting next_dagrun for example_branch_python_operator_decorator to 2025-10-16T00:00:00+00:00, run_after=2025-10-17T00:00:00+00:00
[2025-10-17T08:09:52.985+0000] {processor.py:179} INFO - Processing /home/airflow/.local/lib/python3.8/site-packages/airflow/example_dags/example_branch_operator_decorator.py took 0.125 seconds
[2025-10-17T08:10:24.082+0000] {processor.py:157} INFO - Started process (PID=238) to work on /home/airflow/.local/lib/python3.8/site-packages/airflow/example_dags/example_branch_operator_decorator.py
[2025-10-17T08:10:24.083+0000] {processor.py:829} INFO - Processing file /home/airflow/.local/lib/python3.8/site-packages/airflow/example_dags/example_branch_operator_decorator.py for tasks to queue
[2025-10-17T08:10:24.086+0000] {logging_mixin.py:154} INFO - [2025-10-17T08:10:24.085+0000] {dagbag.py:536} INFO - Filling up the DagBag from /home/airflow/.local/lib/python3.8/site-packages/airflow/example_dags/example_branch_operator_decorator.py
[2025-10-17T08:10:24.095+0000] {processor.py:839} INFO - DAG(s) dict_keys(['example_branch_python_operator_decorator']) retrieved from /home/airflow/.local/lib/python3.8/site-packages/airflow/example_dags/example_branch_operator_decorator.py
[2025-10-17T08:10:24.120+0000] {logging_mixin.py:154} INFO - [2025-10-17T08:10:24.119+0000] {dag.py:2941} INFO - Sync 1 DAGs
[2025-10-17T08:10:24.141+0000] {logging_mixin.py:154} INFO - [2025-10-17T08:10:24.140+0000] {dag.py:3722} INFO - Setting next_dagrun for example_branch_python_operator_decorator to 2025-10-16T00:00:00+00:00, run_after=2025-10-17T00:00:00+00:00
[2025-10-17T08:10:24.158+0000] {processor.py:179} INFO - Processing /home/airflow/.local/lib/python3.8/site-packages/airflow/example_dags/example_branch_operator_decorator.py took 0.080 seconds
[2025-10-17T08:10:54.901+0000] {processor.py:157} INFO - Started process (PID=294) to work on /home/airflow/.local/lib/python3.8/site-packages/airflow/example_dags/example_branch_operator_decorator.py
[2025-10-17T08:10:54.903+0000] {processor.py:829} INFO - Processing file /home/airflow/.local/lib/python3.8/site-packages/airflow/example_dags/example_branch_operator_decorator.py for tasks to queue
[2025-10-17T08:10:54.905+0000] {logging_mixin.py:154} INFO - [2025-10-17T08:10:54.905+0000] {dagbag.py:536} INFO - Filling up the DagBag from /home/airflow/.local/lib/python3.8/site-packages/airflow/example_dags/example_branch_operator_decorator.py
[2025-10-17T08:10:54.917+0000] {processor.py:839} INFO - DAG(s) dict_keys(['example_branch_python_operator_decorator']) retrieved from /home/airflow/.local/lib/python3.8/site-packages/airflow/example_dags/example_branch_operator_decorator.py
[2025-10-17T08:10:54.942+0000] {logging_mixin.py:154} INFO - [2025-10-17T08:10:54.941+0000] {dag.py:2941} INFO - Sync 1 DAGs
[2025-10-17T08:10:54.964+0000] {logging_mixin.py:154} INFO - [2025-10-17T08:10:54.964+0000] {dag.py:3722} INFO - Setting next_dagrun for example_branch_python_operator_decorator to 2025-10-16T00:00:00+00:00, run_after=2025-10-17T00:00:00+00:00
[2025-10-17T08:10:54.982+0000] {processor.py:179} INFO - Processing /home/airflow/.local/lib/python3.8/site-packages/airflow/example_dags/example_branch_operator_decorator.py took 0.084 seconds
[2025-10-17T08:11:25.718+0000] {processor.py:157} INFO - Started process (PID=349) to work on /home/airflow/.local/lib/python3.8/site-packages/airflow/example_dags/example_branch_operator_decorator.py
[2025-10-17T08:11:25.719+0000] {processor.py:829} INFO - Processing file /home/airflow/.local/lib/python3.8/site-packages/airflow/example_dags/example_branch_operator_decorator.py for tasks to queue
[2025-10-17T08:11:25.722+0000] {logging_mixin.py:154} INFO - [2025-10-17T08:11:25.721+0000] {dagbag.py:536} INFO - Filling up the DagBag from /home/airflow/.local/lib/python3.8/site-packages/airflow/example_dags/example_branch_operator_decorator.py
[2025-10-17T08:11:25.732+0000] {processor.py:839} INFO - DAG(s) dict_keys(['example_branch_python_operator_decorator']) retrieved from /home/airflow/.local/lib/python3.8/site-packages/airflow/example_dags/example_branch_operator_decorator.py
[2025-10-17T08:11:25.756+0000] {logging_mixin.py:154} INFO - [2025-10-17T08:11:25.756+0000] {dag.py:2941} INFO - Sync 1 DAGs
[2025-10-17T08:11:25.777+0000] {logging_mixin.py:154} INFO - [2025-10-17T08:11:25.777+0000] {dag.py:3722} INFO - Setting next_dagrun for example_branch_python_operator_decorator to 2025-10-16T00:00:00+00:00, run_after=2025-10-17T00:00:00+00:00
[2025-10-17T08:11:25.801+0000] {processor.py:179} INFO - Processing /home/airflow/.local/lib/python3.8/site-packages/airflow/example_dags/example_branch_operator_decorator.py took 0.086 seconds
[2025-10-17T08:12:33.772+0000] {processor.py:157} INFO - Started process (PID=63) to work on /home/airflow/.local/lib/python3.8/site-packages/airflow/example_dags/example_branch_operator_decorator.py
[2025-10-17T08:12:33.774+0000] {processor.py:829} INFO - Processing file /home/airflow/.local/lib/python3.8/site-packages/airflow/example_dags/example_branch_operator_decorator.py for tasks to queue
[2025-10-17T08:12:33.779+0000] {logging_mixin.py:154} INFO - [2025-10-17T08:12:33.778+0000] {dagbag.py:536} INFO - Filling up the DagBag from /home/airflow/.local/lib/python3.8/site-packages/airflow/example_dags/example_branch_operator_decorator.py
[2025-10-17T08:12:33.812+0000] {processor.py:839} INFO - DAG(s) dict_keys(['example_branch_python_operator_decorator']) retrieved from /home/airflow/.local/lib/python3.8/site-packages/airflow/example_dags/example_branch_operator_decorator.py
[2025-10-17T08:12:34.051+0000] {logging_mixin.py:154} INFO - [2025-10-17T08:12:34.050+0000] {manager.py:499} INFO - Created Permission View: %s
[2025-10-17T08:12:34.072+0000] {logging_mixin.py:154} INFO - [2025-10-17T08:12:34.072+0000] {manager.py:499} INFO - Created Permission View: %s
[2025-10-17T08:12:34.085+0000] {logging_mixin.py:154} INFO - [2025-10-17T08:12:34.085+0000] {manager.py:499} INFO - Created Permission View: %s
[2025-10-17T08:12:34.086+0000] {logging_mixin.py:154} INFO - [2025-10-17T08:12:34.086+0000] {dag.py:2941} INFO - Sync 1 DAGs
[2025-10-17T08:12:34.107+0000] {logging_mixin.py:154} INFO - [2025-10-17T08:12:34.106+0000] {dag.py:2963} INFO - Creating ORM DAG for example_branch_python_operator_decorator
[2025-10-17T08:12:34.125+0000] {logging_mixin.py:154} INFO - [2025-10-17T08:12:34.124+0000] {dag.py:3722} INFO - Setting next_dagrun for example_branch_python_operator_decorator to 2025-10-16T00:00:00+00:00, run_after=2025-10-17T00:00:00+00:00
[2025-10-17T08:12:34.162+0000] {processor.py:179} INFO - Processing /home/airflow/.local/lib/python3.8/site-packages/airflow/example_dags/example_branch_operator_decorator.py took 0.397 seconds
[2025-10-17T08:13:04.324+0000] {processor.py:157} INFO - Started process (PID=127) to work on /home/airflow/.local/lib/python3.8/site-packages/airflow/example_dags/example_branch_operator_decorator.py
[2025-10-17T08:13:04.325+0000] {processor.py:829} INFO - Processing file /home/airflow/.local/lib/python3.8/site-packages/airflow/example_dags/example_branch_operator_decorator.py for tasks to queue
[2025-10-17T08:13:04.328+0000] {logging_mixin.py:154} INFO - [2025-10-17T08:13:04.327+0000] {dagbag.py:536} INFO - Filling up the DagBag from /home/airflow/.local/lib/python3.8/site-packages/airflow/example_dags/example_branch_operator_decorator.py
[2025-10-17T08:13:04.339+0000] {processor.py:839} INFO - DAG(s) dict_keys(['example_branch_python_operator_decorator']) retrieved from /home/airflow/.local/lib/python3.8/site-packages/airflow/example_dags/example_branch_operator_decorator.py
[2025-10-17T08:13:04.360+0000] {logging_mixin.py:154} INFO - [2025-10-17T08:13:04.360+0000] {dag.py:2941} INFO - Sync 1 DAGs
[2025-10-17T08:13:04.381+0000] {logging_mixin.py:154} INFO - [2025-10-17T08:13:04.381+0000] {dag.py:3722} INFO - Setting next_dagrun for example_branch_python_operator_decorator to 2025-10-16T00:00:00+00:00, run_after=2025-10-17T00:00:00+00:00
[2025-10-17T08:13:04.399+0000] {processor.py:179} INFO - Processing /home/airflow/.local/lib/python3.8/site-packages/airflow/example_dags/example_branch_operator_decorator.py took 0.078 seconds
[2025-10-17T08:13:34.756+0000] {processor.py:157} INFO - Started process (PID=182) to work on /home/airflow/.local/lib/python3.8/site-packages/airflow/example_dags/example_branch_operator_decorator.py
[2025-10-17T08:13:34.756+0000] {processor.py:829} INFO - Processing file /home/airflow/.local/lib/python3.8/site-packages/airflow/example_dags/example_branch_operator_decorator.py for tasks to queue
[2025-10-17T08:13:34.758+0000] {logging_mixin.py:154} INFO - [2025-10-17T08:13:34.758+0000] {dagbag.py:536} INFO - Filling up the DagBag from /home/airflow/.local/lib/python3.8/site-packages/airflow/example_dags/example_branch_operator_decorator.py
[2025-10-17T08:13:34.767+0000] {processor.py:839} INFO - DAG(s) dict_keys(['example_branch_python_operator_decorator']) retrieved from /home/airflow/.local/lib/python3.8/site-packages/airflow/example_dags/example_branch_operator_decorator.py
[2025-10-17T08:13:34.789+0000] {logging_mixin.py:154} INFO - [2025-10-17T08:13:34.789+0000] {dag.py:2941} INFO - Sync 1 DAGs
[2025-10-17T08:13:34.811+0000] {logging_mixin.py:154} INFO - [2025-10-17T08:13:34.811+0000] {dag.py:3722} INFO - Setting next_dagrun for example_branch_python_operator_decorator to 2025-10-16T00:00:00+00:00, run_after=2025-10-17T00:00:00+00:00
[2025-10-17T08:13:34.830+0000] {processor.py:179} INFO - Processing /home/airflow/.local/lib/python3.8/site-packages/airflow/example_dags/example_branch_operator_decorator.py took 0.077 seconds
