[2025-10-17T07:19:49.659+0000] {processor.py:157} INFO - Started process (PID=598) to work on /home/airflow/.local/lib/python3.8/site-packages/airflow/example_dags/example_nested_branch_dag.py
[2025-10-17T07:19:49.661+0000] {processor.py:829} INFO - Processing file /home/airflow/.local/lib/python3.8/site-packages/airflow/example_dags/example_nested_branch_dag.py for tasks to queue
[2025-10-17T07:19:49.665+0000] {logging_mixin.py:154} INFO - [2025-10-17T07:19:49.664+0000] {dagbag.py:536} INFO - Filling up the DagBag from /home/airflow/.local/lib/python3.8/site-packages/airflow/example_dags/example_nested_branch_dag.py
[2025-10-17T07:19:49.684+0000] {processor.py:839} INFO - DAG(s) dict_keys(['example_nested_branch_dag']) retrieved from /home/airflow/.local/lib/python3.8/site-packages/airflow/example_dags/example_nested_branch_dag.py
[2025-10-17T07:19:49.731+0000] {logging_mixin.py:154} INFO - [2025-10-17T07:19:49.730+0000] {dag.py:2941} INFO - Sync 1 DAGs
[2025-10-17T07:19:49.775+0000] {logging_mixin.py:154} INFO - [2025-10-17T07:19:49.775+0000] {dag.py:3722} INFO - Setting next_dagrun for example_nested_branch_dag to 2025-10-16T00:00:00+00:00, run_after=2025-10-17T00:00:00+00:00
[2025-10-17T07:19:49.828+0000] {processor.py:179} INFO - Processing /home/airflow/.local/lib/python3.8/site-packages/airflow/example_dags/example_nested_branch_dag.py took 0.174 seconds
[2025-10-17T07:20:19.950+0000] {processor.py:157} INFO - Started process (PID=654) to work on /home/airflow/.local/lib/python3.8/site-packages/airflow/example_dags/example_nested_branch_dag.py
[2025-10-17T07:20:19.951+0000] {processor.py:829} INFO - Processing file /home/airflow/.local/lib/python3.8/site-packages/airflow/example_dags/example_nested_branch_dag.py for tasks to queue
[2025-10-17T07:20:19.953+0000] {logging_mixin.py:154} INFO - [2025-10-17T07:20:19.953+0000] {dagbag.py:536} INFO - Filling up the DagBag from /home/airflow/.local/lib/python3.8/site-packages/airflow/example_dags/example_nested_branch_dag.py
[2025-10-17T07:20:19.966+0000] {processor.py:839} INFO - DAG(s) dict_keys(['example_nested_branch_dag']) retrieved from /home/airflow/.local/lib/python3.8/site-packages/airflow/example_dags/example_nested_branch_dag.py
[2025-10-17T07:20:19.991+0000] {logging_mixin.py:154} INFO - [2025-10-17T07:20:19.991+0000] {dag.py:2941} INFO - Sync 1 DAGs
[2025-10-17T07:20:20.014+0000] {logging_mixin.py:154} INFO - [2025-10-17T07:20:20.014+0000] {dag.py:3722} INFO - Setting next_dagrun for example_nested_branch_dag to 2025-10-16T00:00:00+00:00, run_after=2025-10-17T00:00:00+00:00
[2025-10-17T07:20:20.036+0000] {processor.py:179} INFO - Processing /home/airflow/.local/lib/python3.8/site-packages/airflow/example_dags/example_nested_branch_dag.py took 0.089 seconds
[2025-10-17T07:20:51.203+0000] {processor.py:157} INFO - Started process (PID=710) to work on /home/airflow/.local/lib/python3.8/site-packages/airflow/example_dags/example_nested_branch_dag.py
[2025-10-17T07:20:51.205+0000] {processor.py:829} INFO - Processing file /home/airflow/.local/lib/python3.8/site-packages/airflow/example_dags/example_nested_branch_dag.py for tasks to queue
[2025-10-17T07:20:51.209+0000] {logging_mixin.py:154} INFO - [2025-10-17T07:20:51.208+0000] {dagbag.py:536} INFO - Filling up the DagBag from /home/airflow/.local/lib/python3.8/site-packages/airflow/example_dags/example_nested_branch_dag.py
[2025-10-17T07:20:51.228+0000] {processor.py:839} INFO - DAG(s) dict_keys(['example_nested_branch_dag']) retrieved from /home/airflow/.local/lib/python3.8/site-packages/airflow/example_dags/example_nested_branch_dag.py
[2025-10-17T07:20:51.271+0000] {logging_mixin.py:154} INFO - [2025-10-17T07:20:51.271+0000] {dag.py:2941} INFO - Sync 1 DAGs
[2025-10-17T07:20:51.309+0000] {logging_mixin.py:154} INFO - [2025-10-17T07:20:51.309+0000] {dag.py:3722} INFO - Setting next_dagrun for example_nested_branch_dag to 2025-10-16T00:00:00+00:00, run_after=2025-10-17T00:00:00+00:00
[2025-10-17T07:20:51.351+0000] {processor.py:179} INFO - Processing /home/airflow/.local/lib/python3.8/site-packages/airflow/example_dags/example_nested_branch_dag.py took 0.154 seconds
[2025-10-17T07:21:22.166+0000] {processor.py:157} INFO - Started process (PID=766) to work on /home/airflow/.local/lib/python3.8/site-packages/airflow/example_dags/example_nested_branch_dag.py
[2025-10-17T07:21:22.168+0000] {processor.py:829} INFO - Processing file /home/airflow/.local/lib/python3.8/site-packages/airflow/example_dags/example_nested_branch_dag.py for tasks to queue
[2025-10-17T07:21:22.172+0000] {logging_mixin.py:154} INFO - [2025-10-17T07:21:22.171+0000] {dagbag.py:536} INFO - Filling up the DagBag from /home/airflow/.local/lib/python3.8/site-packages/airflow/example_dags/example_nested_branch_dag.py
[2025-10-17T07:21:22.187+0000] {processor.py:839} INFO - DAG(s) dict_keys(['example_nested_branch_dag']) retrieved from /home/airflow/.local/lib/python3.8/site-packages/airflow/example_dags/example_nested_branch_dag.py
[2025-10-17T07:21:22.219+0000] {logging_mixin.py:154} INFO - [2025-10-17T07:21:22.218+0000] {dag.py:2941} INFO - Sync 1 DAGs
[2025-10-17T07:21:22.249+0000] {logging_mixin.py:154} INFO - [2025-10-17T07:21:22.248+0000] {dag.py:3722} INFO - Setting next_dagrun for example_nested_branch_dag to 2025-10-16T00:00:00+00:00, run_after=2025-10-17T00:00:00+00:00
[2025-10-17T07:21:22.281+0000] {processor.py:179} INFO - Processing /home/airflow/.local/lib/python3.8/site-packages/airflow/example_dags/example_nested_branch_dag.py took 0.121 seconds
[2025-10-17T07:21:52.892+0000] {processor.py:157} INFO - Started process (PID=822) to work on /home/airflow/.local/lib/python3.8/site-packages/airflow/example_dags/example_nested_branch_dag.py
[2025-10-17T07:21:52.894+0000] {processor.py:829} INFO - Processing file /home/airflow/.local/lib/python3.8/site-packages/airflow/example_dags/example_nested_branch_dag.py for tasks to queue
[2025-10-17T07:21:52.896+0000] {logging_mixin.py:154} INFO - [2025-10-17T07:21:52.896+0000] {dagbag.py:536} INFO - Filling up the DagBag from /home/airflow/.local/lib/python3.8/site-packages/airflow/example_dags/example_nested_branch_dag.py
[2025-10-17T07:21:52.905+0000] {processor.py:839} INFO - DAG(s) dict_keys(['example_nested_branch_dag']) retrieved from /home/airflow/.local/lib/python3.8/site-packages/airflow/example_dags/example_nested_branch_dag.py
[2025-10-17T07:21:52.928+0000] {logging_mixin.py:154} INFO - [2025-10-17T07:21:52.928+0000] {dag.py:2941} INFO - Sync 1 DAGs
[2025-10-17T07:21:52.954+0000] {logging_mixin.py:154} INFO - [2025-10-17T07:21:52.954+0000] {dag.py:3722} INFO - Setting next_dagrun for example_nested_branch_dag to 2025-10-16T00:00:00+00:00, run_after=2025-10-17T00:00:00+00:00
[2025-10-17T07:21:52.984+0000] {processor.py:179} INFO - Processing /home/airflow/.local/lib/python3.8/site-packages/airflow/example_dags/example_nested_branch_dag.py took 0.095 seconds
[2025-10-17T07:22:23.555+0000] {processor.py:157} INFO - Started process (PID=878) to work on /home/airflow/.local/lib/python3.8/site-packages/airflow/example_dags/example_nested_branch_dag.py
[2025-10-17T07:22:23.556+0000] {processor.py:829} INFO - Processing file /home/airflow/.local/lib/python3.8/site-packages/airflow/example_dags/example_nested_branch_dag.py for tasks to queue
[2025-10-17T07:22:23.559+0000] {logging_mixin.py:154} INFO - [2025-10-17T07:22:23.558+0000] {dagbag.py:536} INFO - Filling up the DagBag from /home/airflow/.local/lib/python3.8/site-packages/airflow/example_dags/example_nested_branch_dag.py
[2025-10-17T07:22:23.568+0000] {processor.py:839} INFO - DAG(s) dict_keys(['example_nested_branch_dag']) retrieved from /home/airflow/.local/lib/python3.8/site-packages/airflow/example_dags/example_nested_branch_dag.py
[2025-10-17T07:22:23.587+0000] {logging_mixin.py:154} INFO - [2025-10-17T07:22:23.587+0000] {dag.py:2941} INFO - Sync 1 DAGs
[2025-10-17T07:22:23.606+0000] {logging_mixin.py:154} INFO - [2025-10-17T07:22:23.606+0000] {dag.py:3722} INFO - Setting next_dagrun for example_nested_branch_dag to 2025-10-16T00:00:00+00:00, run_after=2025-10-17T00:00:00+00:00
[2025-10-17T07:22:23.623+0000] {processor.py:179} INFO - Processing /home/airflow/.local/lib/python3.8/site-packages/airflow/example_dags/example_nested_branch_dag.py took 0.071 seconds
[2025-10-17T07:22:54.268+0000] {processor.py:157} INFO - Started process (PID=940) to work on /home/airflow/.local/lib/python3.8/site-packages/airflow/example_dags/example_nested_branch_dag.py
[2025-10-17T07:22:54.269+0000] {processor.py:829} INFO - Processing file /home/airflow/.local/lib/python3.8/site-packages/airflow/example_dags/example_nested_branch_dag.py for tasks to queue
[2025-10-17T07:22:54.272+0000] {logging_mixin.py:154} INFO - [2025-10-17T07:22:54.271+0000] {dagbag.py:536} INFO - Filling up the DagBag from /home/airflow/.local/lib/python3.8/site-packages/airflow/example_dags/example_nested_branch_dag.py
[2025-10-17T07:22:54.281+0000] {processor.py:839} INFO - DAG(s) dict_keys(['example_nested_branch_dag']) retrieved from /home/airflow/.local/lib/python3.8/site-packages/airflow/example_dags/example_nested_branch_dag.py
[2025-10-17T07:22:54.303+0000] {logging_mixin.py:154} INFO - [2025-10-17T07:22:54.302+0000] {dag.py:2941} INFO - Sync 1 DAGs
[2025-10-17T07:22:54.321+0000] {logging_mixin.py:154} INFO - [2025-10-17T07:22:54.321+0000] {dag.py:3722} INFO - Setting next_dagrun for example_nested_branch_dag to 2025-10-16T00:00:00+00:00, run_after=2025-10-17T00:00:00+00:00
[2025-10-17T07:22:54.338+0000] {processor.py:179} INFO - Processing /home/airflow/.local/lib/python3.8/site-packages/airflow/example_dags/example_nested_branch_dag.py took 0.073 seconds
[2025-10-17T07:23:24.786+0000] {processor.py:157} INFO - Started process (PID=997) to work on /home/airflow/.local/lib/python3.8/site-packages/airflow/example_dags/example_nested_branch_dag.py
[2025-10-17T07:23:24.787+0000] {processor.py:829} INFO - Processing file /home/airflow/.local/lib/python3.8/site-packages/airflow/example_dags/example_nested_branch_dag.py for tasks to queue
[2025-10-17T07:23:24.789+0000] {logging_mixin.py:154} INFO - [2025-10-17T07:23:24.789+0000] {dagbag.py:536} INFO - Filling up the DagBag from /home/airflow/.local/lib/python3.8/site-packages/airflow/example_dags/example_nested_branch_dag.py
[2025-10-17T07:23:24.799+0000] {processor.py:839} INFO - DAG(s) dict_keys(['example_nested_branch_dag']) retrieved from /home/airflow/.local/lib/python3.8/site-packages/airflow/example_dags/example_nested_branch_dag.py
[2025-10-17T07:23:24.820+0000] {logging_mixin.py:154} INFO - [2025-10-17T07:23:24.820+0000] {dag.py:2941} INFO - Sync 1 DAGs
[2025-10-17T07:23:24.841+0000] {logging_mixin.py:154} INFO - [2025-10-17T07:23:24.840+0000] {dag.py:3722} INFO - Setting next_dagrun for example_nested_branch_dag to 2025-10-16T00:00:00+00:00, run_after=2025-10-17T00:00:00+00:00
[2025-10-17T07:23:24.857+0000] {processor.py:179} INFO - Processing /home/airflow/.local/lib/python3.8/site-packages/airflow/example_dags/example_nested_branch_dag.py took 0.074 seconds
[2025-10-17T07:23:55.296+0000] {processor.py:157} INFO - Started process (PID=1053) to work on /home/airflow/.local/lib/python3.8/site-packages/airflow/example_dags/example_nested_branch_dag.py
[2025-10-17T07:23:55.297+0000] {processor.py:829} INFO - Processing file /home/airflow/.local/lib/python3.8/site-packages/airflow/example_dags/example_nested_branch_dag.py for tasks to queue
[2025-10-17T07:23:55.299+0000] {logging_mixin.py:154} INFO - [2025-10-17T07:23:55.298+0000] {dagbag.py:536} INFO - Filling up the DagBag from /home/airflow/.local/lib/python3.8/site-packages/airflow/example_dags/example_nested_branch_dag.py
[2025-10-17T07:23:55.307+0000] {processor.py:839} INFO - DAG(s) dict_keys(['example_nested_branch_dag']) retrieved from /home/airflow/.local/lib/python3.8/site-packages/airflow/example_dags/example_nested_branch_dag.py
[2025-10-17T07:23:55.328+0000] {logging_mixin.py:154} INFO - [2025-10-17T07:23:55.328+0000] {dag.py:2941} INFO - Sync 1 DAGs
[2025-10-17T07:23:55.478+0000] {logging_mixin.py:154} INFO - [2025-10-17T07:23:55.478+0000] {dag.py:3722} INFO - Setting next_dagrun for example_nested_branch_dag to 2025-10-16T00:00:00+00:00, run_after=2025-10-17T00:00:00+00:00
[2025-10-17T07:23:55.495+0000] {processor.py:179} INFO - Processing /home/airflow/.local/lib/python3.8/site-packages/airflow/example_dags/example_nested_branch_dag.py took 0.203 seconds
[2025-10-17T07:24:26.006+0000] {processor.py:157} INFO - Started process (PID=1109) to work on /home/airflow/.local/lib/python3.8/site-packages/airflow/example_dags/example_nested_branch_dag.py
[2025-10-17T07:24:26.008+0000] {processor.py:829} INFO - Processing file /home/airflow/.local/lib/python3.8/site-packages/airflow/example_dags/example_nested_branch_dag.py for tasks to queue
[2025-10-17T07:24:26.010+0000] {logging_mixin.py:154} INFO - [2025-10-17T07:24:26.010+0000] {dagbag.py:536} INFO - Filling up the DagBag from /home/airflow/.local/lib/python3.8/site-packages/airflow/example_dags/example_nested_branch_dag.py
[2025-10-17T07:24:26.020+0000] {processor.py:839} INFO - DAG(s) dict_keys(['example_nested_branch_dag']) retrieved from /home/airflow/.local/lib/python3.8/site-packages/airflow/example_dags/example_nested_branch_dag.py
[2025-10-17T07:24:26.045+0000] {logging_mixin.py:154} INFO - [2025-10-17T07:24:26.044+0000] {dag.py:2941} INFO - Sync 1 DAGs
[2025-10-17T07:24:26.071+0000] {logging_mixin.py:154} INFO - [2025-10-17T07:24:26.071+0000] {dag.py:3722} INFO - Setting next_dagrun for example_nested_branch_dag to 2025-10-16T00:00:00+00:00, run_after=2025-10-17T00:00:00+00:00
[2025-10-17T07:24:26.228+0000] {processor.py:179} INFO - Processing /home/airflow/.local/lib/python3.8/site-packages/airflow/example_dags/example_nested_branch_dag.py took 0.225 seconds
[2025-10-17T07:24:56.986+0000] {processor.py:157} INFO - Started process (PID=1171) to work on /home/airflow/.local/lib/python3.8/site-packages/airflow/example_dags/example_nested_branch_dag.py
[2025-10-17T07:24:56.988+0000] {processor.py:829} INFO - Processing file /home/airflow/.local/lib/python3.8/site-packages/airflow/example_dags/example_nested_branch_dag.py for tasks to queue
[2025-10-17T07:24:56.990+0000] {logging_mixin.py:154} INFO - [2025-10-17T07:24:56.989+0000] {dagbag.py:536} INFO - Filling up the DagBag from /home/airflow/.local/lib/python3.8/site-packages/airflow/example_dags/example_nested_branch_dag.py
[2025-10-17T07:24:56.998+0000] {processor.py:839} INFO - DAG(s) dict_keys(['example_nested_branch_dag']) retrieved from /home/airflow/.local/lib/python3.8/site-packages/airflow/example_dags/example_nested_branch_dag.py
[2025-10-17T07:24:57.018+0000] {logging_mixin.py:154} INFO - [2025-10-17T07:24:57.018+0000] {dag.py:2941} INFO - Sync 1 DAGs
[2025-10-17T07:24:57.175+0000] {logging_mixin.py:154} INFO - [2025-10-17T07:24:57.175+0000] {dag.py:3722} INFO - Setting next_dagrun for example_nested_branch_dag to 2025-10-16T00:00:00+00:00, run_after=2025-10-17T00:00:00+00:00
[2025-10-17T07:24:57.191+0000] {processor.py:179} INFO - Processing /home/airflow/.local/lib/python3.8/site-packages/airflow/example_dags/example_nested_branch_dag.py took 0.208 seconds
[2025-10-17T07:25:27.265+0000] {processor.py:157} INFO - Started process (PID=1227) to work on /home/airflow/.local/lib/python3.8/site-packages/airflow/example_dags/example_nested_branch_dag.py
[2025-10-17T07:25:27.266+0000] {processor.py:829} INFO - Processing file /home/airflow/.local/lib/python3.8/site-packages/airflow/example_dags/example_nested_branch_dag.py for tasks to queue
[2025-10-17T07:25:27.268+0000] {logging_mixin.py:154} INFO - [2025-10-17T07:25:27.268+0000] {dagbag.py:536} INFO - Filling up the DagBag from /home/airflow/.local/lib/python3.8/site-packages/airflow/example_dags/example_nested_branch_dag.py
[2025-10-17T07:25:27.277+0000] {processor.py:839} INFO - DAG(s) dict_keys(['example_nested_branch_dag']) retrieved from /home/airflow/.local/lib/python3.8/site-packages/airflow/example_dags/example_nested_branch_dag.py
[2025-10-17T07:25:27.297+0000] {logging_mixin.py:154} INFO - [2025-10-17T07:25:27.297+0000] {dag.py:2941} INFO - Sync 1 DAGs
[2025-10-17T07:25:27.317+0000] {logging_mixin.py:154} INFO - [2025-10-17T07:25:27.317+0000] {dag.py:3722} INFO - Setting next_dagrun for example_nested_branch_dag to 2025-10-16T00:00:00+00:00, run_after=2025-10-17T00:00:00+00:00
[2025-10-17T07:25:27.474+0000] {processor.py:179} INFO - Processing /home/airflow/.local/lib/python3.8/site-packages/airflow/example_dags/example_nested_branch_dag.py took 0.212 seconds
[2025-10-17T07:25:57.797+0000] {processor.py:157} INFO - Started process (PID=1283) to work on /home/airflow/.local/lib/python3.8/site-packages/airflow/example_dags/example_nested_branch_dag.py
[2025-10-17T07:25:57.798+0000] {processor.py:829} INFO - Processing file /home/airflow/.local/lib/python3.8/site-packages/airflow/example_dags/example_nested_branch_dag.py for tasks to queue
[2025-10-17T07:25:57.800+0000] {logging_mixin.py:154} INFO - [2025-10-17T07:25:57.799+0000] {dagbag.py:536} INFO - Filling up the DagBag from /home/airflow/.local/lib/python3.8/site-packages/airflow/example_dags/example_nested_branch_dag.py
[2025-10-17T07:25:57.808+0000] {processor.py:839} INFO - DAG(s) dict_keys(['example_nested_branch_dag']) retrieved from /home/airflow/.local/lib/python3.8/site-packages/airflow/example_dags/example_nested_branch_dag.py
[2025-10-17T07:25:57.833+0000] {logging_mixin.py:154} INFO - [2025-10-17T07:25:57.833+0000] {dag.py:2941} INFO - Sync 1 DAGs
[2025-10-17T07:25:57.860+0000] {logging_mixin.py:154} INFO - [2025-10-17T07:25:57.860+0000] {dag.py:3722} INFO - Setting next_dagrun for example_nested_branch_dag to 2025-10-16T00:00:00+00:00, run_after=2025-10-17T00:00:00+00:00
[2025-10-17T07:25:57.879+0000] {processor.py:179} INFO - Processing /home/airflow/.local/lib/python3.8/site-packages/airflow/example_dags/example_nested_branch_dag.py took 0.086 seconds
[2025-10-17T07:26:28.353+0000] {processor.py:157} INFO - Started process (PID=1341) to work on /home/airflow/.local/lib/python3.8/site-packages/airflow/example_dags/example_nested_branch_dag.py
[2025-10-17T07:26:28.355+0000] {processor.py:829} INFO - Processing file /home/airflow/.local/lib/python3.8/site-packages/airflow/example_dags/example_nested_branch_dag.py for tasks to queue
[2025-10-17T07:26:28.357+0000] {logging_mixin.py:154} INFO - [2025-10-17T07:26:28.357+0000] {dagbag.py:536} INFO - Filling up the DagBag from /home/airflow/.local/lib/python3.8/site-packages/airflow/example_dags/example_nested_branch_dag.py
[2025-10-17T07:26:28.366+0000] {processor.py:839} INFO - DAG(s) dict_keys(['example_nested_branch_dag']) retrieved from /home/airflow/.local/lib/python3.8/site-packages/airflow/example_dags/example_nested_branch_dag.py
[2025-10-17T07:26:28.388+0000] {logging_mixin.py:154} INFO - [2025-10-17T07:26:28.387+0000] {dag.py:2941} INFO - Sync 1 DAGs
[2025-10-17T07:26:28.406+0000] {logging_mixin.py:154} INFO - [2025-10-17T07:26:28.406+0000] {dag.py:3722} INFO - Setting next_dagrun for example_nested_branch_dag to 2025-10-16T00:00:00+00:00, run_after=2025-10-17T00:00:00+00:00
[2025-10-17T07:26:28.424+0000] {processor.py:179} INFO - Processing /home/airflow/.local/lib/python3.8/site-packages/airflow/example_dags/example_nested_branch_dag.py took 0.074 seconds
[2025-10-17T07:26:58.600+0000] {processor.py:157} INFO - Started process (PID=1396) to work on /home/airflow/.local/lib/python3.8/site-packages/airflow/example_dags/example_nested_branch_dag.py
[2025-10-17T07:26:58.601+0000] {processor.py:829} INFO - Processing file /home/airflow/.local/lib/python3.8/site-packages/airflow/example_dags/example_nested_branch_dag.py for tasks to queue
[2025-10-17T07:26:58.603+0000] {logging_mixin.py:154} INFO - [2025-10-17T07:26:58.603+0000] {dagbag.py:536} INFO - Filling up the DagBag from /home/airflow/.local/lib/python3.8/site-packages/airflow/example_dags/example_nested_branch_dag.py
[2025-10-17T07:26:58.612+0000] {processor.py:839} INFO - DAG(s) dict_keys(['example_nested_branch_dag']) retrieved from /home/airflow/.local/lib/python3.8/site-packages/airflow/example_dags/example_nested_branch_dag.py
[2025-10-17T07:26:58.631+0000] {logging_mixin.py:154} INFO - [2025-10-17T07:26:58.631+0000] {dag.py:2941} INFO - Sync 1 DAGs
[2025-10-17T07:26:58.651+0000] {logging_mixin.py:154} INFO - [2025-10-17T07:26:58.650+0000] {dag.py:3722} INFO - Setting next_dagrun for example_nested_branch_dag to 2025-10-16T00:00:00+00:00, run_after=2025-10-17T00:00:00+00:00
[2025-10-17T07:26:58.666+0000] {processor.py:179} INFO - Processing /home/airflow/.local/lib/python3.8/site-packages/airflow/example_dags/example_nested_branch_dag.py took 0.069 seconds
[2025-10-17T07:27:28.837+0000] {processor.py:157} INFO - Started process (PID=1451) to work on /home/airflow/.local/lib/python3.8/site-packages/airflow/example_dags/example_nested_branch_dag.py
[2025-10-17T07:27:28.838+0000] {processor.py:829} INFO - Processing file /home/airflow/.local/lib/python3.8/site-packages/airflow/example_dags/example_nested_branch_dag.py for tasks to queue
[2025-10-17T07:27:28.840+0000] {logging_mixin.py:154} INFO - [2025-10-17T07:27:28.840+0000] {dagbag.py:536} INFO - Filling up the DagBag from /home/airflow/.local/lib/python3.8/site-packages/airflow/example_dags/example_nested_branch_dag.py
[2025-10-17T07:27:28.849+0000] {processor.py:839} INFO - DAG(s) dict_keys(['example_nested_branch_dag']) retrieved from /home/airflow/.local/lib/python3.8/site-packages/airflow/example_dags/example_nested_branch_dag.py
[2025-10-17T07:27:28.869+0000] {logging_mixin.py:154} INFO - [2025-10-17T07:27:28.868+0000] {dag.py:2941} INFO - Sync 1 DAGs
[2025-10-17T07:27:28.888+0000] {logging_mixin.py:154} INFO - [2025-10-17T07:27:28.888+0000] {dag.py:3722} INFO - Setting next_dagrun for example_nested_branch_dag to 2025-10-16T00:00:00+00:00, run_after=2025-10-17T00:00:00+00:00
[2025-10-17T07:27:28.904+0000] {processor.py:179} INFO - Processing /home/airflow/.local/lib/python3.8/site-packages/airflow/example_dags/example_nested_branch_dag.py took 0.071 seconds
[2025-10-17T07:27:59.040+0000] {processor.py:157} INFO - Started process (PID=1507) to work on /home/airflow/.local/lib/python3.8/site-packages/airflow/example_dags/example_nested_branch_dag.py
[2025-10-17T07:27:59.042+0000] {processor.py:829} INFO - Processing file /home/airflow/.local/lib/python3.8/site-packages/airflow/example_dags/example_nested_branch_dag.py for tasks to queue
[2025-10-17T07:27:59.042+0000] {logging_mixin.py:154} INFO - [2025-10-17T07:27:59.042+0000] {dagbag.py:536} INFO - Filling up the DagBag from /home/airflow/.local/lib/python3.8/site-packages/airflow/example_dags/example_nested_branch_dag.py
[2025-10-17T07:27:59.052+0000] {processor.py:839} INFO - DAG(s) dict_keys(['example_nested_branch_dag']) retrieved from /home/airflow/.local/lib/python3.8/site-packages/airflow/example_dags/example_nested_branch_dag.py
[2025-10-17T07:27:59.073+0000] {logging_mixin.py:154} INFO - [2025-10-17T07:27:59.073+0000] {dag.py:2941} INFO - Sync 1 DAGs
[2025-10-17T07:27:59.093+0000] {logging_mixin.py:154} INFO - [2025-10-17T07:27:59.093+0000] {dag.py:3722} INFO - Setting next_dagrun for example_nested_branch_dag to 2025-10-16T00:00:00+00:00, run_after=2025-10-17T00:00:00+00:00
[2025-10-17T07:27:59.110+0000] {processor.py:179} INFO - Processing /home/airflow/.local/lib/python3.8/site-packages/airflow/example_dags/example_nested_branch_dag.py took 0.073 seconds
[2025-10-17T07:28:29.292+0000] {processor.py:157} INFO - Started process (PID=1564) to work on /home/airflow/.local/lib/python3.8/site-packages/airflow/example_dags/example_nested_branch_dag.py
[2025-10-17T07:28:29.293+0000] {processor.py:829} INFO - Processing file /home/airflow/.local/lib/python3.8/site-packages/airflow/example_dags/example_nested_branch_dag.py for tasks to queue
[2025-10-17T07:28:29.294+0000] {logging_mixin.py:154} INFO - [2025-10-17T07:28:29.294+0000] {dagbag.py:536} INFO - Filling up the DagBag from /home/airflow/.local/lib/python3.8/site-packages/airflow/example_dags/example_nested_branch_dag.py
[2025-10-17T07:28:29.303+0000] {processor.py:839} INFO - DAG(s) dict_keys(['example_nested_branch_dag']) retrieved from /home/airflow/.local/lib/python3.8/site-packages/airflow/example_dags/example_nested_branch_dag.py
[2025-10-17T07:28:29.322+0000] {logging_mixin.py:154} INFO - [2025-10-17T07:28:29.322+0000] {dag.py:2941} INFO - Sync 1 DAGs
[2025-10-17T07:28:29.344+0000] {logging_mixin.py:154} INFO - [2025-10-17T07:28:29.343+0000] {dag.py:3722} INFO - Setting next_dagrun for example_nested_branch_dag to 2025-10-16T00:00:00+00:00, run_after=2025-10-17T00:00:00+00:00
[2025-10-17T07:28:29.359+0000] {processor.py:179} INFO - Processing /home/airflow/.local/lib/python3.8/site-packages/airflow/example_dags/example_nested_branch_dag.py took 0.071 seconds
[2025-10-17T07:28:59.987+0000] {processor.py:157} INFO - Started process (PID=1620) to work on /home/airflow/.local/lib/python3.8/site-packages/airflow/example_dags/example_nested_branch_dag.py
[2025-10-17T07:28:59.993+0000] {processor.py:829} INFO - Processing file /home/airflow/.local/lib/python3.8/site-packages/airflow/example_dags/example_nested_branch_dag.py for tasks to queue
[2025-10-17T07:28:59.994+0000] {logging_mixin.py:154} INFO - [2025-10-17T07:28:59.993+0000] {dagbag.py:536} INFO - Filling up the DagBag from /home/airflow/.local/lib/python3.8/site-packages/airflow/example_dags/example_nested_branch_dag.py
[2025-10-17T07:29:00.010+0000] {processor.py:839} INFO - DAG(s) dict_keys(['example_nested_branch_dag']) retrieved from /home/airflow/.local/lib/python3.8/site-packages/airflow/example_dags/example_nested_branch_dag.py
[2025-10-17T07:29:00.046+0000] {logging_mixin.py:154} INFO - [2025-10-17T07:29:00.046+0000] {dag.py:2941} INFO - Sync 1 DAGs
[2025-10-17T07:29:00.081+0000] {logging_mixin.py:154} INFO - [2025-10-17T07:29:00.081+0000] {dag.py:3722} INFO - Setting next_dagrun for example_nested_branch_dag to 2025-10-16T00:00:00+00:00, run_after=2025-10-17T00:00:00+00:00
[2025-10-17T07:29:00.100+0000] {processor.py:179} INFO - Processing /home/airflow/.local/lib/python3.8/site-packages/airflow/example_dags/example_nested_branch_dag.py took 0.120 seconds
[2025-10-17T07:30:26.197+0000] {processor.py:157} INFO - Started process (PID=104) to work on /home/airflow/.local/lib/python3.8/site-packages/airflow/example_dags/example_nested_branch_dag.py
[2025-10-17T07:30:26.200+0000] {processor.py:829} INFO - Processing file /home/airflow/.local/lib/python3.8/site-packages/airflow/example_dags/example_nested_branch_dag.py for tasks to queue
[2025-10-17T07:30:26.204+0000] {logging_mixin.py:154} INFO - [2025-10-17T07:30:26.203+0000] {dagbag.py:536} INFO - Filling up the DagBag from /home/airflow/.local/lib/python3.8/site-packages/airflow/example_dags/example_nested_branch_dag.py
[2025-10-17T07:30:26.226+0000] {processor.py:839} INFO - DAG(s) dict_keys(['example_nested_branch_dag']) retrieved from /home/airflow/.local/lib/python3.8/site-packages/airflow/example_dags/example_nested_branch_dag.py
[2025-10-17T07:30:26.415+0000] {logging_mixin.py:154} INFO - [2025-10-17T07:30:26.415+0000] {manager.py:499} INFO - Created Permission View: %s
[2025-10-17T07:30:26.441+0000] {logging_mixin.py:154} INFO - [2025-10-17T07:30:26.440+0000] {manager.py:499} INFO - Created Permission View: %s
[2025-10-17T07:30:26.458+0000] {logging_mixin.py:154} INFO - [2025-10-17T07:30:26.457+0000] {manager.py:499} INFO - Created Permission View: %s
[2025-10-17T07:30:26.458+0000] {logging_mixin.py:154} INFO - [2025-10-17T07:30:26.458+0000] {dag.py:2941} INFO - Sync 1 DAGs
[2025-10-17T07:30:26.473+0000] {logging_mixin.py:154} INFO - [2025-10-17T07:30:26.473+0000] {dag.py:2963} INFO - Creating ORM DAG for example_nested_branch_dag
[2025-10-17T07:30:26.493+0000] {logging_mixin.py:154} INFO - [2025-10-17T07:30:26.493+0000] {dag.py:3722} INFO - Setting next_dagrun for example_nested_branch_dag to 2025-10-16T00:00:00+00:00, run_after=2025-10-17T00:00:00+00:00
[2025-10-17T07:30:26.529+0000] {processor.py:179} INFO - Processing /home/airflow/.local/lib/python3.8/site-packages/airflow/example_dags/example_nested_branch_dag.py took 0.338 seconds
[2025-10-17T07:30:57.010+0000] {processor.py:157} INFO - Started process (PID=160) to work on /home/airflow/.local/lib/python3.8/site-packages/airflow/example_dags/example_nested_branch_dag.py
[2025-10-17T07:30:57.012+0000] {processor.py:829} INFO - Processing file /home/airflow/.local/lib/python3.8/site-packages/airflow/example_dags/example_nested_branch_dag.py for tasks to queue
[2025-10-17T07:30:57.016+0000] {logging_mixin.py:154} INFO - [2025-10-17T07:30:57.016+0000] {dagbag.py:536} INFO - Filling up the DagBag from /home/airflow/.local/lib/python3.8/site-packages/airflow/example_dags/example_nested_branch_dag.py
[2025-10-17T07:30:57.033+0000] {processor.py:839} INFO - DAG(s) dict_keys(['example_nested_branch_dag']) retrieved from /home/airflow/.local/lib/python3.8/site-packages/airflow/example_dags/example_nested_branch_dag.py
[2025-10-17T07:30:57.070+0000] {logging_mixin.py:154} INFO - [2025-10-17T07:30:57.070+0000] {dag.py:2941} INFO - Sync 1 DAGs
[2025-10-17T07:30:57.107+0000] {logging_mixin.py:154} INFO - [2025-10-17T07:30:57.106+0000] {dag.py:3722} INFO - Setting next_dagrun for example_nested_branch_dag to 2025-10-16T00:00:00+00:00, run_after=2025-10-17T00:00:00+00:00
[2025-10-17T07:30:57.143+0000] {processor.py:179} INFO - Processing /home/airflow/.local/lib/python3.8/site-packages/airflow/example_dags/example_nested_branch_dag.py took 0.139 seconds
[2025-10-17T07:31:27.376+0000] {processor.py:157} INFO - Started process (PID=216) to work on /home/airflow/.local/lib/python3.8/site-packages/airflow/example_dags/example_nested_branch_dag.py
[2025-10-17T07:31:27.377+0000] {processor.py:829} INFO - Processing file /home/airflow/.local/lib/python3.8/site-packages/airflow/example_dags/example_nested_branch_dag.py for tasks to queue
[2025-10-17T07:31:27.379+0000] {logging_mixin.py:154} INFO - [2025-10-17T07:31:27.379+0000] {dagbag.py:536} INFO - Filling up the DagBag from /home/airflow/.local/lib/python3.8/site-packages/airflow/example_dags/example_nested_branch_dag.py
[2025-10-17T07:31:27.388+0000] {processor.py:839} INFO - DAG(s) dict_keys(['example_nested_branch_dag']) retrieved from /home/airflow/.local/lib/python3.8/site-packages/airflow/example_dags/example_nested_branch_dag.py
[2025-10-17T07:31:27.406+0000] {logging_mixin.py:154} INFO - [2025-10-17T07:31:27.406+0000] {dag.py:2941} INFO - Sync 1 DAGs
[2025-10-17T07:31:27.426+0000] {logging_mixin.py:154} INFO - [2025-10-17T07:31:27.426+0000] {dag.py:3722} INFO - Setting next_dagrun for example_nested_branch_dag to 2025-10-16T00:00:00+00:00, run_after=2025-10-17T00:00:00+00:00
[2025-10-17T07:31:27.443+0000] {processor.py:179} INFO - Processing /home/airflow/.local/lib/python3.8/site-packages/airflow/example_dags/example_nested_branch_dag.py took 0.070 seconds
[2025-10-17T07:31:57.730+0000] {processor.py:157} INFO - Started process (PID=272) to work on /home/airflow/.local/lib/python3.8/site-packages/airflow/example_dags/example_nested_branch_dag.py
[2025-10-17T07:31:57.732+0000] {processor.py:829} INFO - Processing file /home/airflow/.local/lib/python3.8/site-packages/airflow/example_dags/example_nested_branch_dag.py for tasks to queue
[2025-10-17T07:31:57.734+0000] {logging_mixin.py:154} INFO - [2025-10-17T07:31:57.734+0000] {dagbag.py:536} INFO - Filling up the DagBag from /home/airflow/.local/lib/python3.8/site-packages/airflow/example_dags/example_nested_branch_dag.py
[2025-10-17T07:31:57.745+0000] {processor.py:839} INFO - DAG(s) dict_keys(['example_nested_branch_dag']) retrieved from /home/airflow/.local/lib/python3.8/site-packages/airflow/example_dags/example_nested_branch_dag.py
[2025-10-17T07:31:57.768+0000] {logging_mixin.py:154} INFO - [2025-10-17T07:31:57.768+0000] {dag.py:2941} INFO - Sync 1 DAGs
[2025-10-17T07:31:57.790+0000] {logging_mixin.py:154} INFO - [2025-10-17T07:31:57.790+0000] {dag.py:3722} INFO - Setting next_dagrun for example_nested_branch_dag to 2025-10-16T00:00:00+00:00, run_after=2025-10-17T00:00:00+00:00
[2025-10-17T07:31:57.812+0000] {processor.py:179} INFO - Processing /home/airflow/.local/lib/python3.8/site-packages/airflow/example_dags/example_nested_branch_dag.py took 0.085 seconds
[2025-10-17T07:32:28.047+0000] {processor.py:157} INFO - Started process (PID=332) to work on /home/airflow/.local/lib/python3.8/site-packages/airflow/example_dags/example_nested_branch_dag.py
[2025-10-17T07:32:28.049+0000] {processor.py:829} INFO - Processing file /home/airflow/.local/lib/python3.8/site-packages/airflow/example_dags/example_nested_branch_dag.py for tasks to queue
[2025-10-17T07:32:28.051+0000] {logging_mixin.py:154} INFO - [2025-10-17T07:32:28.051+0000] {dagbag.py:536} INFO - Filling up the DagBag from /home/airflow/.local/lib/python3.8/site-packages/airflow/example_dags/example_nested_branch_dag.py
[2025-10-17T07:32:28.062+0000] {processor.py:839} INFO - DAG(s) dict_keys(['example_nested_branch_dag']) retrieved from /home/airflow/.local/lib/python3.8/site-packages/airflow/example_dags/example_nested_branch_dag.py
[2025-10-17T07:32:28.082+0000] {logging_mixin.py:154} INFO - [2025-10-17T07:32:28.082+0000] {dag.py:2941} INFO - Sync 1 DAGs
[2025-10-17T07:32:28.104+0000] {logging_mixin.py:154} INFO - [2025-10-17T07:32:28.104+0000] {dag.py:3722} INFO - Setting next_dagrun for example_nested_branch_dag to 2025-10-16T00:00:00+00:00, run_after=2025-10-17T00:00:00+00:00
[2025-10-17T07:32:28.125+0000] {processor.py:179} INFO - Processing /home/airflow/.local/lib/python3.8/site-packages/airflow/example_dags/example_nested_branch_dag.py took 0.082 seconds
[2025-10-17T07:35:46.512+0000] {processor.py:157} INFO - Started process (PID=100) to work on /home/airflow/.local/lib/python3.8/site-packages/airflow/example_dags/example_nested_branch_dag.py
[2025-10-17T07:35:46.513+0000] {processor.py:829} INFO - Processing file /home/airflow/.local/lib/python3.8/site-packages/airflow/example_dags/example_nested_branch_dag.py for tasks to queue
[2025-10-17T07:35:46.515+0000] {logging_mixin.py:154} INFO - [2025-10-17T07:35:46.515+0000] {dagbag.py:536} INFO - Filling up the DagBag from /home/airflow/.local/lib/python3.8/site-packages/airflow/example_dags/example_nested_branch_dag.py
[2025-10-17T07:35:46.527+0000] {processor.py:839} INFO - DAG(s) dict_keys(['example_nested_branch_dag']) retrieved from /home/airflow/.local/lib/python3.8/site-packages/airflow/example_dags/example_nested_branch_dag.py
[2025-10-17T07:35:46.633+0000] {logging_mixin.py:154} INFO - [2025-10-17T07:35:46.633+0000] {manager.py:499} INFO - Created Permission View: %s
[2025-10-17T07:35:46.642+0000] {logging_mixin.py:154} INFO - [2025-10-17T07:35:46.642+0000] {manager.py:499} INFO - Created Permission View: %s
[2025-10-17T07:35:46.651+0000] {logging_mixin.py:154} INFO - [2025-10-17T07:35:46.651+0000] {manager.py:499} INFO - Created Permission View: %s
[2025-10-17T07:35:46.652+0000] {logging_mixin.py:154} INFO - [2025-10-17T07:35:46.652+0000] {dag.py:2941} INFO - Sync 1 DAGs
[2025-10-17T07:35:46.665+0000] {logging_mixin.py:154} INFO - [2025-10-17T07:35:46.665+0000] {dag.py:2963} INFO - Creating ORM DAG for example_nested_branch_dag
[2025-10-17T07:35:46.678+0000] {logging_mixin.py:154} INFO - [2025-10-17T07:35:46.678+0000] {dag.py:3722} INFO - Setting next_dagrun for example_nested_branch_dag to 2025-10-16T00:00:00+00:00, run_after=2025-10-17T00:00:00+00:00
[2025-10-17T07:35:46.696+0000] {processor.py:179} INFO - Processing /home/airflow/.local/lib/python3.8/site-packages/airflow/example_dags/example_nested_branch_dag.py took 0.188 seconds
[2025-10-17T07:36:17.131+0000] {processor.py:157} INFO - Started process (PID=156) to work on /home/airflow/.local/lib/python3.8/site-packages/airflow/example_dags/example_nested_branch_dag.py
[2025-10-17T07:36:17.132+0000] {processor.py:829} INFO - Processing file /home/airflow/.local/lib/python3.8/site-packages/airflow/example_dags/example_nested_branch_dag.py for tasks to queue
[2025-10-17T07:36:17.134+0000] {logging_mixin.py:154} INFO - [2025-10-17T07:36:17.134+0000] {dagbag.py:536} INFO - Filling up the DagBag from /home/airflow/.local/lib/python3.8/site-packages/airflow/example_dags/example_nested_branch_dag.py
[2025-10-17T07:36:17.143+0000] {processor.py:839} INFO - DAG(s) dict_keys(['example_nested_branch_dag']) retrieved from /home/airflow/.local/lib/python3.8/site-packages/airflow/example_dags/example_nested_branch_dag.py
[2025-10-17T07:36:17.163+0000] {logging_mixin.py:154} INFO - [2025-10-17T07:36:17.163+0000] {dag.py:2941} INFO - Sync 1 DAGs
[2025-10-17T07:36:17.183+0000] {logging_mixin.py:154} INFO - [2025-10-17T07:36:17.183+0000] {dag.py:3722} INFO - Setting next_dagrun for example_nested_branch_dag to 2025-10-16T00:00:00+00:00, run_after=2025-10-17T00:00:00+00:00
[2025-10-17T07:36:17.199+0000] {processor.py:179} INFO - Processing /home/airflow/.local/lib/python3.8/site-packages/airflow/example_dags/example_nested_branch_dag.py took 0.071 seconds
[2025-10-17T07:36:47.660+0000] {processor.py:157} INFO - Started process (PID=212) to work on /home/airflow/.local/lib/python3.8/site-packages/airflow/example_dags/example_nested_branch_dag.py
[2025-10-17T07:36:47.661+0000] {processor.py:829} INFO - Processing file /home/airflow/.local/lib/python3.8/site-packages/airflow/example_dags/example_nested_branch_dag.py for tasks to queue
[2025-10-17T07:36:47.663+0000] {logging_mixin.py:154} INFO - [2025-10-17T07:36:47.663+0000] {dagbag.py:536} INFO - Filling up the DagBag from /home/airflow/.local/lib/python3.8/site-packages/airflow/example_dags/example_nested_branch_dag.py
[2025-10-17T07:36:47.672+0000] {processor.py:839} INFO - DAG(s) dict_keys(['example_nested_branch_dag']) retrieved from /home/airflow/.local/lib/python3.8/site-packages/airflow/example_dags/example_nested_branch_dag.py
[2025-10-17T07:36:47.691+0000] {logging_mixin.py:154} INFO - [2025-10-17T07:36:47.691+0000] {dag.py:2941} INFO - Sync 1 DAGs
[2025-10-17T07:36:47.713+0000] {logging_mixin.py:154} INFO - [2025-10-17T07:36:47.712+0000] {dag.py:3722} INFO - Setting next_dagrun for example_nested_branch_dag to 2025-10-16T00:00:00+00:00, run_after=2025-10-17T00:00:00+00:00
[2025-10-17T07:36:47.729+0000] {processor.py:179} INFO - Processing /home/airflow/.local/lib/python3.8/site-packages/airflow/example_dags/example_nested_branch_dag.py took 0.072 seconds
[2025-10-17T07:37:18.168+0000] {processor.py:157} INFO - Started process (PID=268) to work on /home/airflow/.local/lib/python3.8/site-packages/airflow/example_dags/example_nested_branch_dag.py
[2025-10-17T07:37:18.169+0000] {processor.py:829} INFO - Processing file /home/airflow/.local/lib/python3.8/site-packages/airflow/example_dags/example_nested_branch_dag.py for tasks to queue
[2025-10-17T07:37:18.171+0000] {logging_mixin.py:154} INFO - [2025-10-17T07:37:18.171+0000] {dagbag.py:536} INFO - Filling up the DagBag from /home/airflow/.local/lib/python3.8/site-packages/airflow/example_dags/example_nested_branch_dag.py
[2025-10-17T07:37:18.181+0000] {processor.py:839} INFO - DAG(s) dict_keys(['example_nested_branch_dag']) retrieved from /home/airflow/.local/lib/python3.8/site-packages/airflow/example_dags/example_nested_branch_dag.py
[2025-10-17T07:37:18.202+0000] {logging_mixin.py:154} INFO - [2025-10-17T07:37:18.202+0000] {dag.py:2941} INFO - Sync 1 DAGs
[2025-10-17T07:37:18.224+0000] {logging_mixin.py:154} INFO - [2025-10-17T07:37:18.224+0000] {dag.py:3722} INFO - Setting next_dagrun for example_nested_branch_dag to 2025-10-16T00:00:00+00:00, run_after=2025-10-17T00:00:00+00:00
[2025-10-17T07:37:18.246+0000] {processor.py:179} INFO - Processing /home/airflow/.local/lib/python3.8/site-packages/airflow/example_dags/example_nested_branch_dag.py took 0.082 seconds
[2025-10-17T07:38:47.966+0000] {processor.py:157} INFO - Started process (PID=101) to work on /home/airflow/.local/lib/python3.8/site-packages/airflow/example_dags/example_nested_branch_dag.py
[2025-10-17T07:38:47.967+0000] {processor.py:829} INFO - Processing file /home/airflow/.local/lib/python3.8/site-packages/airflow/example_dags/example_nested_branch_dag.py for tasks to queue
[2025-10-17T07:38:47.969+0000] {logging_mixin.py:154} INFO - [2025-10-17T07:38:47.969+0000] {dagbag.py:536} INFO - Filling up the DagBag from /home/airflow/.local/lib/python3.8/site-packages/airflow/example_dags/example_nested_branch_dag.py
[2025-10-17T07:38:47.980+0000] {processor.py:839} INFO - DAG(s) dict_keys(['example_nested_branch_dag']) retrieved from /home/airflow/.local/lib/python3.8/site-packages/airflow/example_dags/example_nested_branch_dag.py
[2025-10-17T07:38:48.096+0000] {logging_mixin.py:154} INFO - [2025-10-17T07:38:48.096+0000] {manager.py:499} INFO - Created Permission View: %s
[2025-10-17T07:38:48.105+0000] {logging_mixin.py:154} INFO - [2025-10-17T07:38:48.105+0000] {manager.py:499} INFO - Created Permission View: %s
[2025-10-17T07:38:48.111+0000] {logging_mixin.py:154} INFO - [2025-10-17T07:38:48.111+0000] {manager.py:499} INFO - Created Permission View: %s
[2025-10-17T07:38:48.111+0000] {logging_mixin.py:154} INFO - [2025-10-17T07:38:48.111+0000] {dag.py:2941} INFO - Sync 1 DAGs
[2025-10-17T07:38:48.120+0000] {logging_mixin.py:154} INFO - [2025-10-17T07:38:48.120+0000] {dag.py:2963} INFO - Creating ORM DAG for example_nested_branch_dag
[2025-10-17T07:38:48.129+0000] {logging_mixin.py:154} INFO - [2025-10-17T07:38:48.129+0000] {dag.py:3722} INFO - Setting next_dagrun for example_nested_branch_dag to 2025-10-16T00:00:00+00:00, run_after=2025-10-17T00:00:00+00:00
[2025-10-17T07:38:48.147+0000] {processor.py:179} INFO - Processing /home/airflow/.local/lib/python3.8/site-packages/airflow/example_dags/example_nested_branch_dag.py took 0.184 seconds
[2025-10-17T07:39:18.665+0000] {processor.py:157} INFO - Started process (PID=157) to work on /home/airflow/.local/lib/python3.8/site-packages/airflow/example_dags/example_nested_branch_dag.py
[2025-10-17T07:39:18.666+0000] {processor.py:829} INFO - Processing file /home/airflow/.local/lib/python3.8/site-packages/airflow/example_dags/example_nested_branch_dag.py for tasks to queue
[2025-10-17T07:39:18.668+0000] {logging_mixin.py:154} INFO - [2025-10-17T07:39:18.668+0000] {dagbag.py:536} INFO - Filling up the DagBag from /home/airflow/.local/lib/python3.8/site-packages/airflow/example_dags/example_nested_branch_dag.py
[2025-10-17T07:39:18.676+0000] {processor.py:839} INFO - DAG(s) dict_keys(['example_nested_branch_dag']) retrieved from /home/airflow/.local/lib/python3.8/site-packages/airflow/example_dags/example_nested_branch_dag.py
[2025-10-17T07:39:18.699+0000] {logging_mixin.py:154} INFO - [2025-10-17T07:39:18.698+0000] {dag.py:2941} INFO - Sync 1 DAGs
[2025-10-17T07:39:18.718+0000] {logging_mixin.py:154} INFO - [2025-10-17T07:39:18.717+0000] {dag.py:3722} INFO - Setting next_dagrun for example_nested_branch_dag to 2025-10-16T00:00:00+00:00, run_after=2025-10-17T00:00:00+00:00
[2025-10-17T07:39:18.734+0000] {processor.py:179} INFO - Processing /home/airflow/.local/lib/python3.8/site-packages/airflow/example_dags/example_nested_branch_dag.py took 0.073 seconds
[2025-10-17T07:39:49.117+0000] {processor.py:157} INFO - Started process (PID=213) to work on /home/airflow/.local/lib/python3.8/site-packages/airflow/example_dags/example_nested_branch_dag.py
[2025-10-17T07:39:49.119+0000] {processor.py:829} INFO - Processing file /home/airflow/.local/lib/python3.8/site-packages/airflow/example_dags/example_nested_branch_dag.py for tasks to queue
[2025-10-17T07:39:49.122+0000] {logging_mixin.py:154} INFO - [2025-10-17T07:39:49.122+0000] {dagbag.py:536} INFO - Filling up the DagBag from /home/airflow/.local/lib/python3.8/site-packages/airflow/example_dags/example_nested_branch_dag.py
[2025-10-17T07:39:49.133+0000] {processor.py:839} INFO - DAG(s) dict_keys(['example_nested_branch_dag']) retrieved from /home/airflow/.local/lib/python3.8/site-packages/airflow/example_dags/example_nested_branch_dag.py
[2025-10-17T07:39:49.156+0000] {logging_mixin.py:154} INFO - [2025-10-17T07:39:49.156+0000] {dag.py:2941} INFO - Sync 1 DAGs
[2025-10-17T07:39:49.179+0000] {logging_mixin.py:154} INFO - [2025-10-17T07:39:49.179+0000] {dag.py:3722} INFO - Setting next_dagrun for example_nested_branch_dag to 2025-10-16T00:00:00+00:00, run_after=2025-10-17T00:00:00+00:00
[2025-10-17T07:39:49.196+0000] {processor.py:179} INFO - Processing /home/airflow/.local/lib/python3.8/site-packages/airflow/example_dags/example_nested_branch_dag.py took 0.083 seconds
[2025-10-17T07:40:20.173+0000] {processor.py:157} INFO - Started process (PID=269) to work on /home/airflow/.local/lib/python3.8/site-packages/airflow/example_dags/example_nested_branch_dag.py
[2025-10-17T07:40:20.174+0000] {processor.py:829} INFO - Processing file /home/airflow/.local/lib/python3.8/site-packages/airflow/example_dags/example_nested_branch_dag.py for tasks to queue
[2025-10-17T07:40:20.176+0000] {logging_mixin.py:154} INFO - [2025-10-17T07:40:20.176+0000] {dagbag.py:536} INFO - Filling up the DagBag from /home/airflow/.local/lib/python3.8/site-packages/airflow/example_dags/example_nested_branch_dag.py
[2025-10-17T07:40:20.186+0000] {processor.py:839} INFO - DAG(s) dict_keys(['example_nested_branch_dag']) retrieved from /home/airflow/.local/lib/python3.8/site-packages/airflow/example_dags/example_nested_branch_dag.py
[2025-10-17T07:40:20.207+0000] {logging_mixin.py:154} INFO - [2025-10-17T07:40:20.206+0000] {dag.py:2941} INFO - Sync 1 DAGs
[2025-10-17T07:40:20.231+0000] {logging_mixin.py:154} INFO - [2025-10-17T07:40:20.231+0000] {dag.py:3722} INFO - Setting next_dagrun for example_nested_branch_dag to 2025-10-16T00:00:00+00:00, run_after=2025-10-17T00:00:00+00:00
[2025-10-17T07:40:20.249+0000] {processor.py:179} INFO - Processing /home/airflow/.local/lib/python3.8/site-packages/airflow/example_dags/example_nested_branch_dag.py took 0.080 seconds
[2025-10-17T07:40:50.727+0000] {processor.py:157} INFO - Started process (PID=325) to work on /home/airflow/.local/lib/python3.8/site-packages/airflow/example_dags/example_nested_branch_dag.py
[2025-10-17T07:40:50.728+0000] {processor.py:829} INFO - Processing file /home/airflow/.local/lib/python3.8/site-packages/airflow/example_dags/example_nested_branch_dag.py for tasks to queue
[2025-10-17T07:40:50.731+0000] {logging_mixin.py:154} INFO - [2025-10-17T07:40:50.730+0000] {dagbag.py:536} INFO - Filling up the DagBag from /home/airflow/.local/lib/python3.8/site-packages/airflow/example_dags/example_nested_branch_dag.py
[2025-10-17T07:40:50.739+0000] {processor.py:839} INFO - DAG(s) dict_keys(['example_nested_branch_dag']) retrieved from /home/airflow/.local/lib/python3.8/site-packages/airflow/example_dags/example_nested_branch_dag.py
[2025-10-17T07:40:50.760+0000] {logging_mixin.py:154} INFO - [2025-10-17T07:40:50.759+0000] {dag.py:2941} INFO - Sync 1 DAGs
[2025-10-17T07:40:50.781+0000] {logging_mixin.py:154} INFO - [2025-10-17T07:40:50.781+0000] {dag.py:3722} INFO - Setting next_dagrun for example_nested_branch_dag to 2025-10-16T00:00:00+00:00, run_after=2025-10-17T00:00:00+00:00
[2025-10-17T07:40:50.798+0000] {processor.py:179} INFO - Processing /home/airflow/.local/lib/python3.8/site-packages/airflow/example_dags/example_nested_branch_dag.py took 0.073 seconds
[2025-10-17T07:42:31.014+0000] {processor.py:157} INFO - Started process (PID=100) to work on /home/airflow/.local/lib/python3.8/site-packages/airflow/example_dags/example_nested_branch_dag.py
[2025-10-17T07:42:31.015+0000] {processor.py:829} INFO - Processing file /home/airflow/.local/lib/python3.8/site-packages/airflow/example_dags/example_nested_branch_dag.py for tasks to queue
[2025-10-17T07:42:31.017+0000] {logging_mixin.py:154} INFO - [2025-10-17T07:42:31.017+0000] {dagbag.py:536} INFO - Filling up the DagBag from /home/airflow/.local/lib/python3.8/site-packages/airflow/example_dags/example_nested_branch_dag.py
[2025-10-17T07:42:31.028+0000] {processor.py:839} INFO - DAG(s) dict_keys(['example_nested_branch_dag']) retrieved from /home/airflow/.local/lib/python3.8/site-packages/airflow/example_dags/example_nested_branch_dag.py
[2025-10-17T07:42:31.128+0000] {logging_mixin.py:154} INFO - [2025-10-17T07:42:31.128+0000] {manager.py:499} INFO - Created Permission View: %s
[2025-10-17T07:42:31.137+0000] {logging_mixin.py:154} INFO - [2025-10-17T07:42:31.137+0000] {manager.py:499} INFO - Created Permission View: %s
[2025-10-17T07:42:31.144+0000] {logging_mixin.py:154} INFO - [2025-10-17T07:42:31.144+0000] {manager.py:499} INFO - Created Permission View: %s
[2025-10-17T07:42:31.144+0000] {logging_mixin.py:154} INFO - [2025-10-17T07:42:31.144+0000] {dag.py:2941} INFO - Sync 1 DAGs
[2025-10-17T07:42:31.154+0000] {logging_mixin.py:154} INFO - [2025-10-17T07:42:31.154+0000] {dag.py:2963} INFO - Creating ORM DAG for example_nested_branch_dag
[2025-10-17T07:42:31.165+0000] {logging_mixin.py:154} INFO - [2025-10-17T07:42:31.164+0000] {dag.py:3722} INFO - Setting next_dagrun for example_nested_branch_dag to 2025-10-16T00:00:00+00:00, run_after=2025-10-17T00:00:00+00:00
[2025-10-17T07:42:31.182+0000] {processor.py:179} INFO - Processing /home/airflow/.local/lib/python3.8/site-packages/airflow/example_dags/example_nested_branch_dag.py took 0.172 seconds
[2025-10-17T07:43:01.272+0000] {processor.py:157} INFO - Started process (PID=156) to work on /home/airflow/.local/lib/python3.8/site-packages/airflow/example_dags/example_nested_branch_dag.py
[2025-10-17T07:43:01.273+0000] {processor.py:829} INFO - Processing file /home/airflow/.local/lib/python3.8/site-packages/airflow/example_dags/example_nested_branch_dag.py for tasks to queue
[2025-10-17T07:43:01.276+0000] {logging_mixin.py:154} INFO - [2025-10-17T07:43:01.275+0000] {dagbag.py:536} INFO - Filling up the DagBag from /home/airflow/.local/lib/python3.8/site-packages/airflow/example_dags/example_nested_branch_dag.py
[2025-10-17T07:43:01.285+0000] {processor.py:839} INFO - DAG(s) dict_keys(['example_nested_branch_dag']) retrieved from /home/airflow/.local/lib/python3.8/site-packages/airflow/example_dags/example_nested_branch_dag.py
[2025-10-17T07:43:01.304+0000] {logging_mixin.py:154} INFO - [2025-10-17T07:43:01.304+0000] {dag.py:2941} INFO - Sync 1 DAGs
[2025-10-17T07:43:01.325+0000] {logging_mixin.py:154} INFO - [2025-10-17T07:43:01.325+0000] {dag.py:3722} INFO - Setting next_dagrun for example_nested_branch_dag to 2025-10-16T00:00:00+00:00, run_after=2025-10-17T00:00:00+00:00
[2025-10-17T07:43:01.344+0000] {processor.py:179} INFO - Processing /home/airflow/.local/lib/python3.8/site-packages/airflow/example_dags/example_nested_branch_dag.py took 0.076 seconds
[2025-10-17T07:44:37.640+0000] {processor.py:157} INFO - Started process (PID=85) to work on /home/airflow/.local/lib/python3.8/site-packages/airflow/example_dags/example_nested_branch_dag.py
[2025-10-17T07:44:37.641+0000] {processor.py:829} INFO - Processing file /home/airflow/.local/lib/python3.8/site-packages/airflow/example_dags/example_nested_branch_dag.py for tasks to queue
[2025-10-17T07:44:37.644+0000] {logging_mixin.py:154} INFO - [2025-10-17T07:44:37.643+0000] {dagbag.py:536} INFO - Filling up the DagBag from /home/airflow/.local/lib/python3.8/site-packages/airflow/example_dags/example_nested_branch_dag.py
[2025-10-17T07:44:37.653+0000] {processor.py:839} INFO - DAG(s) dict_keys(['example_nested_branch_dag']) retrieved from /home/airflow/.local/lib/python3.8/site-packages/airflow/example_dags/example_nested_branch_dag.py
[2025-10-17T07:44:37.742+0000] {logging_mixin.py:154} INFO - [2025-10-17T07:44:37.742+0000] {manager.py:499} INFO - Created Permission View: %s
[2025-10-17T07:44:37.751+0000] {logging_mixin.py:154} INFO - [2025-10-17T07:44:37.751+0000] {manager.py:499} INFO - Created Permission View: %s
[2025-10-17T07:44:37.757+0000] {logging_mixin.py:154} INFO - [2025-10-17T07:44:37.757+0000] {manager.py:499} INFO - Created Permission View: %s
[2025-10-17T07:44:37.757+0000] {logging_mixin.py:154} INFO - [2025-10-17T07:44:37.757+0000] {dag.py:2941} INFO - Sync 1 DAGs
[2025-10-17T07:44:37.768+0000] {logging_mixin.py:154} INFO - [2025-10-17T07:44:37.768+0000] {dag.py:2963} INFO - Creating ORM DAG for example_nested_branch_dag
[2025-10-17T07:44:37.778+0000] {logging_mixin.py:154} INFO - [2025-10-17T07:44:37.778+0000] {dag.py:3722} INFO - Setting next_dagrun for example_nested_branch_dag to 2025-10-16T00:00:00+00:00, run_after=2025-10-17T00:00:00+00:00
[2025-10-17T07:44:37.794+0000] {processor.py:179} INFO - Processing /home/airflow/.local/lib/python3.8/site-packages/airflow/example_dags/example_nested_branch_dag.py took 0.158 seconds
[2025-10-17T07:45:07.827+0000] {processor.py:157} INFO - Started process (PID=141) to work on /home/airflow/.local/lib/python3.8/site-packages/airflow/example_dags/example_nested_branch_dag.py
[2025-10-17T07:45:07.828+0000] {processor.py:829} INFO - Processing file /home/airflow/.local/lib/python3.8/site-packages/airflow/example_dags/example_nested_branch_dag.py for tasks to queue
[2025-10-17T07:45:07.830+0000] {logging_mixin.py:154} INFO - [2025-10-17T07:45:07.830+0000] {dagbag.py:536} INFO - Filling up the DagBag from /home/airflow/.local/lib/python3.8/site-packages/airflow/example_dags/example_nested_branch_dag.py
[2025-10-17T07:45:07.838+0000] {processor.py:839} INFO - DAG(s) dict_keys(['example_nested_branch_dag']) retrieved from /home/airflow/.local/lib/python3.8/site-packages/airflow/example_dags/example_nested_branch_dag.py
[2025-10-17T07:45:07.857+0000] {logging_mixin.py:154} INFO - [2025-10-17T07:45:07.857+0000] {dag.py:2941} INFO - Sync 1 DAGs
[2025-10-17T07:45:07.875+0000] {logging_mixin.py:154} INFO - [2025-10-17T07:45:07.875+0000] {dag.py:3722} INFO - Setting next_dagrun for example_nested_branch_dag to 2025-10-16T00:00:00+00:00, run_after=2025-10-17T00:00:00+00:00
[2025-10-17T07:45:07.890+0000] {processor.py:179} INFO - Processing /home/airflow/.local/lib/python3.8/site-packages/airflow/example_dags/example_nested_branch_dag.py took 0.066 seconds
[2025-10-17T07:46:22.862+0000] {processor.py:157} INFO - Started process (PID=100) to work on /home/airflow/.local/lib/python3.8/site-packages/airflow/example_dags/example_nested_branch_dag.py
[2025-10-17T07:46:22.863+0000] {processor.py:829} INFO - Processing file /home/airflow/.local/lib/python3.8/site-packages/airflow/example_dags/example_nested_branch_dag.py for tasks to queue
[2025-10-17T07:46:22.866+0000] {logging_mixin.py:154} INFO - [2025-10-17T07:46:22.865+0000] {dagbag.py:536} INFO - Filling up the DagBag from /home/airflow/.local/lib/python3.8/site-packages/airflow/example_dags/example_nested_branch_dag.py
[2025-10-17T07:46:22.877+0000] {processor.py:839} INFO - DAG(s) dict_keys(['example_nested_branch_dag']) retrieved from /home/airflow/.local/lib/python3.8/site-packages/airflow/example_dags/example_nested_branch_dag.py
[2025-10-17T07:46:22.973+0000] {logging_mixin.py:154} INFO - [2025-10-17T07:46:22.973+0000] {manager.py:499} INFO - Created Permission View: %s
[2025-10-17T07:46:22.982+0000] {logging_mixin.py:154} INFO - [2025-10-17T07:46:22.982+0000] {manager.py:499} INFO - Created Permission View: %s
[2025-10-17T07:46:22.990+0000] {logging_mixin.py:154} INFO - [2025-10-17T07:46:22.989+0000] {manager.py:499} INFO - Created Permission View: %s
[2025-10-17T07:46:22.990+0000] {logging_mixin.py:154} INFO - [2025-10-17T07:46:22.990+0000] {dag.py:2941} INFO - Sync 1 DAGs
[2025-10-17T07:46:23.001+0000] {logging_mixin.py:154} INFO - [2025-10-17T07:46:23.000+0000] {dag.py:2963} INFO - Creating ORM DAG for example_nested_branch_dag
[2025-10-17T07:46:23.011+0000] {logging_mixin.py:154} INFO - [2025-10-17T07:46:23.010+0000] {dag.py:3722} INFO - Setting next_dagrun for example_nested_branch_dag to 2025-10-16T00:00:00+00:00, run_after=2025-10-17T00:00:00+00:00
[2025-10-17T07:46:23.029+0000] {processor.py:179} INFO - Processing /home/airflow/.local/lib/python3.8/site-packages/airflow/example_dags/example_nested_branch_dag.py took 0.172 seconds
[2025-10-17T07:46:53.711+0000] {processor.py:157} INFO - Started process (PID=156) to work on /home/airflow/.local/lib/python3.8/site-packages/airflow/example_dags/example_nested_branch_dag.py
[2025-10-17T07:46:53.713+0000] {processor.py:829} INFO - Processing file /home/airflow/.local/lib/python3.8/site-packages/airflow/example_dags/example_nested_branch_dag.py for tasks to queue
[2025-10-17T07:46:53.715+0000] {logging_mixin.py:154} INFO - [2025-10-17T07:46:53.715+0000] {dagbag.py:536} INFO - Filling up the DagBag from /home/airflow/.local/lib/python3.8/site-packages/airflow/example_dags/example_nested_branch_dag.py
[2025-10-17T07:46:53.724+0000] {processor.py:839} INFO - DAG(s) dict_keys(['example_nested_branch_dag']) retrieved from /home/airflow/.local/lib/python3.8/site-packages/airflow/example_dags/example_nested_branch_dag.py
[2025-10-17T07:46:53.744+0000] {logging_mixin.py:154} INFO - [2025-10-17T07:46:53.744+0000] {dag.py:2941} INFO - Sync 1 DAGs
[2025-10-17T07:46:53.768+0000] {logging_mixin.py:154} INFO - [2025-10-17T07:46:53.767+0000] {dag.py:3722} INFO - Setting next_dagrun for example_nested_branch_dag to 2025-10-16T00:00:00+00:00, run_after=2025-10-17T00:00:00+00:00
[2025-10-17T07:46:53.789+0000] {processor.py:179} INFO - Processing /home/airflow/.local/lib/python3.8/site-packages/airflow/example_dags/example_nested_branch_dag.py took 0.081 seconds
[2025-10-17T07:47:24.751+0000] {processor.py:157} INFO - Started process (PID=212) to work on /home/airflow/.local/lib/python3.8/site-packages/airflow/example_dags/example_nested_branch_dag.py
[2025-10-17T07:47:24.752+0000] {processor.py:829} INFO - Processing file /home/airflow/.local/lib/python3.8/site-packages/airflow/example_dags/example_nested_branch_dag.py for tasks to queue
[2025-10-17T07:47:24.754+0000] {logging_mixin.py:154} INFO - [2025-10-17T07:47:24.754+0000] {dagbag.py:536} INFO - Filling up the DagBag from /home/airflow/.local/lib/python3.8/site-packages/airflow/example_dags/example_nested_branch_dag.py
[2025-10-17T07:47:24.767+0000] {processor.py:839} INFO - DAG(s) dict_keys(['example_nested_branch_dag']) retrieved from /home/airflow/.local/lib/python3.8/site-packages/airflow/example_dags/example_nested_branch_dag.py
[2025-10-17T07:47:24.790+0000] {logging_mixin.py:154} INFO - [2025-10-17T07:47:24.790+0000] {dag.py:2941} INFO - Sync 1 DAGs
[2025-10-17T07:47:24.817+0000] {logging_mixin.py:154} INFO - [2025-10-17T07:47:24.817+0000] {dag.py:3722} INFO - Setting next_dagrun for example_nested_branch_dag to 2025-10-16T00:00:00+00:00, run_after=2025-10-17T00:00:00+00:00
[2025-10-17T07:47:24.838+0000] {processor.py:179} INFO - Processing /home/airflow/.local/lib/python3.8/site-packages/airflow/example_dags/example_nested_branch_dag.py took 0.091 seconds
[2025-10-17T07:47:55.214+0000] {processor.py:157} INFO - Started process (PID=268) to work on /home/airflow/.local/lib/python3.8/site-packages/airflow/example_dags/example_nested_branch_dag.py
[2025-10-17T07:47:55.215+0000] {processor.py:829} INFO - Processing file /home/airflow/.local/lib/python3.8/site-packages/airflow/example_dags/example_nested_branch_dag.py for tasks to queue
[2025-10-17T07:47:55.218+0000] {logging_mixin.py:154} INFO - [2025-10-17T07:47:55.217+0000] {dagbag.py:536} INFO - Filling up the DagBag from /home/airflow/.local/lib/python3.8/site-packages/airflow/example_dags/example_nested_branch_dag.py
[2025-10-17T07:47:55.227+0000] {processor.py:839} INFO - DAG(s) dict_keys(['example_nested_branch_dag']) retrieved from /home/airflow/.local/lib/python3.8/site-packages/airflow/example_dags/example_nested_branch_dag.py
[2025-10-17T07:47:55.248+0000] {logging_mixin.py:154} INFO - [2025-10-17T07:47:55.248+0000] {dag.py:2941} INFO - Sync 1 DAGs
[2025-10-17T07:47:55.270+0000] {logging_mixin.py:154} INFO - [2025-10-17T07:47:55.269+0000] {dag.py:3722} INFO - Setting next_dagrun for example_nested_branch_dag to 2025-10-16T00:00:00+00:00, run_after=2025-10-17T00:00:00+00:00
[2025-10-17T07:47:55.285+0000] {processor.py:179} INFO - Processing /home/airflow/.local/lib/python3.8/site-packages/airflow/example_dags/example_nested_branch_dag.py took 0.074 seconds
[2025-10-17T07:48:25.602+0000] {processor.py:157} INFO - Started process (PID=324) to work on /home/airflow/.local/lib/python3.8/site-packages/airflow/example_dags/example_nested_branch_dag.py
[2025-10-17T07:48:25.603+0000] {processor.py:829} INFO - Processing file /home/airflow/.local/lib/python3.8/site-packages/airflow/example_dags/example_nested_branch_dag.py for tasks to queue
[2025-10-17T07:48:25.606+0000] {logging_mixin.py:154} INFO - [2025-10-17T07:48:25.605+0000] {dagbag.py:536} INFO - Filling up the DagBag from /home/airflow/.local/lib/python3.8/site-packages/airflow/example_dags/example_nested_branch_dag.py
[2025-10-17T07:48:25.614+0000] {processor.py:839} INFO - DAG(s) dict_keys(['example_nested_branch_dag']) retrieved from /home/airflow/.local/lib/python3.8/site-packages/airflow/example_dags/example_nested_branch_dag.py
[2025-10-17T07:48:25.634+0000] {logging_mixin.py:154} INFO - [2025-10-17T07:48:25.634+0000] {dag.py:2941} INFO - Sync 1 DAGs
[2025-10-17T07:48:25.653+0000] {logging_mixin.py:154} INFO - [2025-10-17T07:48:25.653+0000] {dag.py:3722} INFO - Setting next_dagrun for example_nested_branch_dag to 2025-10-16T00:00:00+00:00, run_after=2025-10-17T00:00:00+00:00
[2025-10-17T07:48:25.670+0000] {processor.py:179} INFO - Processing /home/airflow/.local/lib/python3.8/site-packages/airflow/example_dags/example_nested_branch_dag.py took 0.071 seconds
[2025-10-17T07:48:56.560+0000] {processor.py:157} INFO - Started process (PID=380) to work on /home/airflow/.local/lib/python3.8/site-packages/airflow/example_dags/example_nested_branch_dag.py
[2025-10-17T07:48:56.561+0000] {processor.py:829} INFO - Processing file /home/airflow/.local/lib/python3.8/site-packages/airflow/example_dags/example_nested_branch_dag.py for tasks to queue
[2025-10-17T07:48:56.563+0000] {logging_mixin.py:154} INFO - [2025-10-17T07:48:56.563+0000] {dagbag.py:536} INFO - Filling up the DagBag from /home/airflow/.local/lib/python3.8/site-packages/airflow/example_dags/example_nested_branch_dag.py
[2025-10-17T07:48:56.572+0000] {processor.py:839} INFO - DAG(s) dict_keys(['example_nested_branch_dag']) retrieved from /home/airflow/.local/lib/python3.8/site-packages/airflow/example_dags/example_nested_branch_dag.py
[2025-10-17T07:48:56.592+0000] {logging_mixin.py:154} INFO - [2025-10-17T07:48:56.592+0000] {dag.py:2941} INFO - Sync 1 DAGs
[2025-10-17T07:48:56.612+0000] {logging_mixin.py:154} INFO - [2025-10-17T07:48:56.612+0000] {dag.py:3722} INFO - Setting next_dagrun for example_nested_branch_dag to 2025-10-16T00:00:00+00:00, run_after=2025-10-17T00:00:00+00:00
[2025-10-17T07:48:56.629+0000] {processor.py:179} INFO - Processing /home/airflow/.local/lib/python3.8/site-packages/airflow/example_dags/example_nested_branch_dag.py took 0.072 seconds
[2025-10-17T07:49:27.045+0000] {processor.py:157} INFO - Started process (PID=436) to work on /home/airflow/.local/lib/python3.8/site-packages/airflow/example_dags/example_nested_branch_dag.py
[2025-10-17T07:49:27.046+0000] {processor.py:829} INFO - Processing file /home/airflow/.local/lib/python3.8/site-packages/airflow/example_dags/example_nested_branch_dag.py for tasks to queue
[2025-10-17T07:49:27.048+0000] {logging_mixin.py:154} INFO - [2025-10-17T07:49:27.048+0000] {dagbag.py:536} INFO - Filling up the DagBag from /home/airflow/.local/lib/python3.8/site-packages/airflow/example_dags/example_nested_branch_dag.py
[2025-10-17T07:49:27.057+0000] {processor.py:839} INFO - DAG(s) dict_keys(['example_nested_branch_dag']) retrieved from /home/airflow/.local/lib/python3.8/site-packages/airflow/example_dags/example_nested_branch_dag.py
[2025-10-17T07:49:27.078+0000] {logging_mixin.py:154} INFO - [2025-10-17T07:49:27.078+0000] {dag.py:2941} INFO - Sync 1 DAGs
[2025-10-17T07:49:27.098+0000] {logging_mixin.py:154} INFO - [2025-10-17T07:49:27.097+0000] {dag.py:3722} INFO - Setting next_dagrun for example_nested_branch_dag to 2025-10-16T00:00:00+00:00, run_after=2025-10-17T00:00:00+00:00
[2025-10-17T07:49:27.113+0000] {processor.py:179} INFO - Processing /home/airflow/.local/lib/python3.8/site-packages/airflow/example_dags/example_nested_branch_dag.py took 0.072 seconds
[2025-10-17T07:49:57.852+0000] {processor.py:157} INFO - Started process (PID=492) to work on /home/airflow/.local/lib/python3.8/site-packages/airflow/example_dags/example_nested_branch_dag.py
[2025-10-17T07:49:57.853+0000] {processor.py:829} INFO - Processing file /home/airflow/.local/lib/python3.8/site-packages/airflow/example_dags/example_nested_branch_dag.py for tasks to queue
[2025-10-17T07:49:57.855+0000] {logging_mixin.py:154} INFO - [2025-10-17T07:49:57.855+0000] {dagbag.py:536} INFO - Filling up the DagBag from /home/airflow/.local/lib/python3.8/site-packages/airflow/example_dags/example_nested_branch_dag.py
[2025-10-17T07:49:57.864+0000] {processor.py:839} INFO - DAG(s) dict_keys(['example_nested_branch_dag']) retrieved from /home/airflow/.local/lib/python3.8/site-packages/airflow/example_dags/example_nested_branch_dag.py
[2025-10-17T07:49:57.883+0000] {logging_mixin.py:154} INFO - [2025-10-17T07:49:57.883+0000] {dag.py:2941} INFO - Sync 1 DAGs
[2025-10-17T07:49:57.902+0000] {logging_mixin.py:154} INFO - [2025-10-17T07:49:57.901+0000] {dag.py:3722} INFO - Setting next_dagrun for example_nested_branch_dag to 2025-10-16T00:00:00+00:00, run_after=2025-10-17T00:00:00+00:00
[2025-10-17T07:49:57.917+0000] {processor.py:179} INFO - Processing /home/airflow/.local/lib/python3.8/site-packages/airflow/example_dags/example_nested_branch_dag.py took 0.069 seconds
[2025-10-17T07:50:28.007+0000] {processor.py:157} INFO - Started process (PID=548) to work on /home/airflow/.local/lib/python3.8/site-packages/airflow/example_dags/example_nested_branch_dag.py
[2025-10-17T07:50:28.008+0000] {processor.py:829} INFO - Processing file /home/airflow/.local/lib/python3.8/site-packages/airflow/example_dags/example_nested_branch_dag.py for tasks to queue
[2025-10-17T07:50:28.010+0000] {logging_mixin.py:154} INFO - [2025-10-17T07:50:28.010+0000] {dagbag.py:536} INFO - Filling up the DagBag from /home/airflow/.local/lib/python3.8/site-packages/airflow/example_dags/example_nested_branch_dag.py
[2025-10-17T07:50:28.019+0000] {processor.py:839} INFO - DAG(s) dict_keys(['example_nested_branch_dag']) retrieved from /home/airflow/.local/lib/python3.8/site-packages/airflow/example_dags/example_nested_branch_dag.py
[2025-10-17T07:50:28.040+0000] {logging_mixin.py:154} INFO - [2025-10-17T07:50:28.040+0000] {dag.py:2941} INFO - Sync 1 DAGs
[2025-10-17T07:50:28.059+0000] {logging_mixin.py:154} INFO - [2025-10-17T07:50:28.058+0000] {dag.py:3722} INFO - Setting next_dagrun for example_nested_branch_dag to 2025-10-16T00:00:00+00:00, run_after=2025-10-17T00:00:00+00:00
[2025-10-17T07:50:28.075+0000] {processor.py:179} INFO - Processing /home/airflow/.local/lib/python3.8/site-packages/airflow/example_dags/example_nested_branch_dag.py took 0.071 seconds
[2025-10-17T07:50:58.807+0000] {processor.py:157} INFO - Started process (PID=604) to work on /home/airflow/.local/lib/python3.8/site-packages/airflow/example_dags/example_nested_branch_dag.py
[2025-10-17T07:50:58.808+0000] {processor.py:829} INFO - Processing file /home/airflow/.local/lib/python3.8/site-packages/airflow/example_dags/example_nested_branch_dag.py for tasks to queue
[2025-10-17T07:50:58.810+0000] {logging_mixin.py:154} INFO - [2025-10-17T07:50:58.810+0000] {dagbag.py:536} INFO - Filling up the DagBag from /home/airflow/.local/lib/python3.8/site-packages/airflow/example_dags/example_nested_branch_dag.py
[2025-10-17T07:50:58.819+0000] {processor.py:839} INFO - DAG(s) dict_keys(['example_nested_branch_dag']) retrieved from /home/airflow/.local/lib/python3.8/site-packages/airflow/example_dags/example_nested_branch_dag.py
[2025-10-17T07:50:58.839+0000] {logging_mixin.py:154} INFO - [2025-10-17T07:50:58.839+0000] {dag.py:2941} INFO - Sync 1 DAGs
[2025-10-17T07:50:58.858+0000] {logging_mixin.py:154} INFO - [2025-10-17T07:50:58.858+0000] {dag.py:3722} INFO - Setting next_dagrun for example_nested_branch_dag to 2025-10-16T00:00:00+00:00, run_after=2025-10-17T00:00:00+00:00
[2025-10-17T07:50:58.873+0000] {processor.py:179} INFO - Processing /home/airflow/.local/lib/python3.8/site-packages/airflow/example_dags/example_nested_branch_dag.py took 0.070 seconds
[2025-10-17T07:51:29.489+0000] {processor.py:157} INFO - Started process (PID=660) to work on /home/airflow/.local/lib/python3.8/site-packages/airflow/example_dags/example_nested_branch_dag.py
[2025-10-17T07:51:29.491+0000] {processor.py:829} INFO - Processing file /home/airflow/.local/lib/python3.8/site-packages/airflow/example_dags/example_nested_branch_dag.py for tasks to queue
[2025-10-17T07:51:29.493+0000] {logging_mixin.py:154} INFO - [2025-10-17T07:51:29.493+0000] {dagbag.py:536} INFO - Filling up the DagBag from /home/airflow/.local/lib/python3.8/site-packages/airflow/example_dags/example_nested_branch_dag.py
[2025-10-17T07:51:29.503+0000] {processor.py:839} INFO - DAG(s) dict_keys(['example_nested_branch_dag']) retrieved from /home/airflow/.local/lib/python3.8/site-packages/airflow/example_dags/example_nested_branch_dag.py
[2025-10-17T07:51:29.527+0000] {logging_mixin.py:154} INFO - [2025-10-17T07:51:29.527+0000] {dag.py:2941} INFO - Sync 1 DAGs
[2025-10-17T07:51:29.547+0000] {logging_mixin.py:154} INFO - [2025-10-17T07:51:29.547+0000] {dag.py:3722} INFO - Setting next_dagrun for example_nested_branch_dag to 2025-10-16T00:00:00+00:00, run_after=2025-10-17T00:00:00+00:00
[2025-10-17T07:51:29.566+0000] {processor.py:179} INFO - Processing /home/airflow/.local/lib/python3.8/site-packages/airflow/example_dags/example_nested_branch_dag.py took 0.081 seconds
[2025-10-17T07:52:00.054+0000] {processor.py:157} INFO - Started process (PID=716) to work on /home/airflow/.local/lib/python3.8/site-packages/airflow/example_dags/example_nested_branch_dag.py
[2025-10-17T07:52:00.056+0000] {processor.py:829} INFO - Processing file /home/airflow/.local/lib/python3.8/site-packages/airflow/example_dags/example_nested_branch_dag.py for tasks to queue
[2025-10-17T07:52:00.060+0000] {logging_mixin.py:154} INFO - [2025-10-17T07:52:00.059+0000] {dagbag.py:536} INFO - Filling up the DagBag from /home/airflow/.local/lib/python3.8/site-packages/airflow/example_dags/example_nested_branch_dag.py
[2025-10-17T07:52:00.076+0000] {processor.py:839} INFO - DAG(s) dict_keys(['example_nested_branch_dag']) retrieved from /home/airflow/.local/lib/python3.8/site-packages/airflow/example_dags/example_nested_branch_dag.py
[2025-10-17T07:52:00.118+0000] {logging_mixin.py:154} INFO - [2025-10-17T07:52:00.118+0000] {dag.py:2941} INFO - Sync 1 DAGs
[2025-10-17T07:52:00.147+0000] {logging_mixin.py:154} INFO - [2025-10-17T07:52:00.147+0000] {dag.py:3722} INFO - Setting next_dagrun for example_nested_branch_dag to 2025-10-16T00:00:00+00:00, run_after=2025-10-17T00:00:00+00:00
[2025-10-17T07:52:00.169+0000] {processor.py:179} INFO - Processing /home/airflow/.local/lib/python3.8/site-packages/airflow/example_dags/example_nested_branch_dag.py took 0.120 seconds
[2025-10-17T08:08:55.929+0000] {processor.py:157} INFO - Started process (PID=101) to work on /home/airflow/.local/lib/python3.8/site-packages/airflow/example_dags/example_nested_branch_dag.py
[2025-10-17T08:08:55.931+0000] {processor.py:829} INFO - Processing file /home/airflow/.local/lib/python3.8/site-packages/airflow/example_dags/example_nested_branch_dag.py for tasks to queue
[2025-10-17T08:08:55.933+0000] {logging_mixin.py:154} INFO - [2025-10-17T08:08:55.932+0000] {dagbag.py:536} INFO - Filling up the DagBag from /home/airflow/.local/lib/python3.8/site-packages/airflow/example_dags/example_nested_branch_dag.py
[2025-10-17T08:08:55.945+0000] {processor.py:839} INFO - DAG(s) dict_keys(['example_nested_branch_dag']) retrieved from /home/airflow/.local/lib/python3.8/site-packages/airflow/example_dags/example_nested_branch_dag.py
[2025-10-17T08:08:56.056+0000] {logging_mixin.py:154} INFO - [2025-10-17T08:08:56.056+0000] {manager.py:499} INFO - Created Permission View: %s
[2025-10-17T08:08:56.068+0000] {logging_mixin.py:154} INFO - [2025-10-17T08:08:56.068+0000] {manager.py:499} INFO - Created Permission View: %s
[2025-10-17T08:08:56.076+0000] {logging_mixin.py:154} INFO - [2025-10-17T08:08:56.076+0000] {manager.py:499} INFO - Created Permission View: %s
[2025-10-17T08:08:56.076+0000] {logging_mixin.py:154} INFO - [2025-10-17T08:08:56.076+0000] {dag.py:2941} INFO - Sync 1 DAGs
[2025-10-17T08:08:56.089+0000] {logging_mixin.py:154} INFO - [2025-10-17T08:08:56.089+0000] {dag.py:2963} INFO - Creating ORM DAG for example_nested_branch_dag
[2025-10-17T08:08:56.101+0000] {logging_mixin.py:154} INFO - [2025-10-17T08:08:56.101+0000] {dag.py:3722} INFO - Setting next_dagrun for example_nested_branch_dag to 2025-10-16T00:00:00+00:00, run_after=2025-10-17T00:00:00+00:00
[2025-10-17T08:08:56.119+0000] {processor.py:179} INFO - Processing /home/airflow/.local/lib/python3.8/site-packages/airflow/example_dags/example_nested_branch_dag.py took 0.193 seconds
[2025-10-17T08:09:26.726+0000] {processor.py:157} INFO - Started process (PID=157) to work on /home/airflow/.local/lib/python3.8/site-packages/airflow/example_dags/example_nested_branch_dag.py
[2025-10-17T08:09:26.727+0000] {processor.py:829} INFO - Processing file /home/airflow/.local/lib/python3.8/site-packages/airflow/example_dags/example_nested_branch_dag.py for tasks to queue
[2025-10-17T08:09:26.729+0000] {logging_mixin.py:154} INFO - [2025-10-17T08:09:26.729+0000] {dagbag.py:536} INFO - Filling up the DagBag from /home/airflow/.local/lib/python3.8/site-packages/airflow/example_dags/example_nested_branch_dag.py
[2025-10-17T08:09:26.738+0000] {processor.py:839} INFO - DAG(s) dict_keys(['example_nested_branch_dag']) retrieved from /home/airflow/.local/lib/python3.8/site-packages/airflow/example_dags/example_nested_branch_dag.py
[2025-10-17T08:09:26.760+0000] {logging_mixin.py:154} INFO - [2025-10-17T08:09:26.759+0000] {dag.py:2941} INFO - Sync 1 DAGs
[2025-10-17T08:09:26.779+0000] {logging_mixin.py:154} INFO - [2025-10-17T08:09:26.779+0000] {dag.py:3722} INFO - Setting next_dagrun for example_nested_branch_dag to 2025-10-16T00:00:00+00:00, run_after=2025-10-17T00:00:00+00:00
[2025-10-17T08:09:26.796+0000] {processor.py:179} INFO - Processing /home/airflow/.local/lib/python3.8/site-packages/airflow/example_dags/example_nested_branch_dag.py took 0.073 seconds
[2025-10-17T08:09:56.868+0000] {processor.py:157} INFO - Started process (PID=213) to work on /home/airflow/.local/lib/python3.8/site-packages/airflow/example_dags/example_nested_branch_dag.py
[2025-10-17T08:09:56.870+0000] {processor.py:829} INFO - Processing file /home/airflow/.local/lib/python3.8/site-packages/airflow/example_dags/example_nested_branch_dag.py for tasks to queue
[2025-10-17T08:09:56.872+0000] {logging_mixin.py:154} INFO - [2025-10-17T08:09:56.872+0000] {dagbag.py:536} INFO - Filling up the DagBag from /home/airflow/.local/lib/python3.8/site-packages/airflow/example_dags/example_nested_branch_dag.py
[2025-10-17T08:09:56.882+0000] {processor.py:839} INFO - DAG(s) dict_keys(['example_nested_branch_dag']) retrieved from /home/airflow/.local/lib/python3.8/site-packages/airflow/example_dags/example_nested_branch_dag.py
[2025-10-17T08:09:56.909+0000] {logging_mixin.py:154} INFO - [2025-10-17T08:09:56.909+0000] {dag.py:2941} INFO - Sync 1 DAGs
[2025-10-17T08:09:56.938+0000] {logging_mixin.py:154} INFO - [2025-10-17T08:09:56.938+0000] {dag.py:3722} INFO - Setting next_dagrun for example_nested_branch_dag to 2025-10-16T00:00:00+00:00, run_after=2025-10-17T00:00:00+00:00
[2025-10-17T08:09:56.958+0000] {processor.py:179} INFO - Processing /home/airflow/.local/lib/python3.8/site-packages/airflow/example_dags/example_nested_branch_dag.py took 0.093 seconds
[2025-10-17T08:10:28.015+0000] {processor.py:157} INFO - Started process (PID=269) to work on /home/airflow/.local/lib/python3.8/site-packages/airflow/example_dags/example_nested_branch_dag.py
[2025-10-17T08:10:28.017+0000] {processor.py:829} INFO - Processing file /home/airflow/.local/lib/python3.8/site-packages/airflow/example_dags/example_nested_branch_dag.py for tasks to queue
[2025-10-17T08:10:28.019+0000] {logging_mixin.py:154} INFO - [2025-10-17T08:10:28.019+0000] {dagbag.py:536} INFO - Filling up the DagBag from /home/airflow/.local/lib/python3.8/site-packages/airflow/example_dags/example_nested_branch_dag.py
[2025-10-17T08:10:28.031+0000] {processor.py:839} INFO - DAG(s) dict_keys(['example_nested_branch_dag']) retrieved from /home/airflow/.local/lib/python3.8/site-packages/airflow/example_dags/example_nested_branch_dag.py
[2025-10-17T08:10:28.053+0000] {logging_mixin.py:154} INFO - [2025-10-17T08:10:28.053+0000] {dag.py:2941} INFO - Sync 1 DAGs
[2025-10-17T08:10:28.078+0000] {logging_mixin.py:154} INFO - [2025-10-17T08:10:28.077+0000] {dag.py:3722} INFO - Setting next_dagrun for example_nested_branch_dag to 2025-10-16T00:00:00+00:00, run_after=2025-10-17T00:00:00+00:00
[2025-10-17T08:10:28.098+0000] {processor.py:179} INFO - Processing /home/airflow/.local/lib/python3.8/site-packages/airflow/example_dags/example_nested_branch_dag.py took 0.087 seconds
[2025-10-17T08:10:58.432+0000] {processor.py:157} INFO - Started process (PID=325) to work on /home/airflow/.local/lib/python3.8/site-packages/airflow/example_dags/example_nested_branch_dag.py
[2025-10-17T08:10:58.434+0000] {processor.py:829} INFO - Processing file /home/airflow/.local/lib/python3.8/site-packages/airflow/example_dags/example_nested_branch_dag.py for tasks to queue
[2025-10-17T08:10:58.436+0000] {logging_mixin.py:154} INFO - [2025-10-17T08:10:58.436+0000] {dagbag.py:536} INFO - Filling up the DagBag from /home/airflow/.local/lib/python3.8/site-packages/airflow/example_dags/example_nested_branch_dag.py
[2025-10-17T08:10:58.446+0000] {processor.py:839} INFO - DAG(s) dict_keys(['example_nested_branch_dag']) retrieved from /home/airflow/.local/lib/python3.8/site-packages/airflow/example_dags/example_nested_branch_dag.py
[2025-10-17T08:10:58.467+0000] {logging_mixin.py:154} INFO - [2025-10-17T08:10:58.466+0000] {dag.py:2941} INFO - Sync 1 DAGs
[2025-10-17T08:10:58.488+0000] {logging_mixin.py:154} INFO - [2025-10-17T08:10:58.488+0000] {dag.py:3722} INFO - Setting next_dagrun for example_nested_branch_dag to 2025-10-16T00:00:00+00:00, run_after=2025-10-17T00:00:00+00:00
[2025-10-17T08:10:58.503+0000] {processor.py:179} INFO - Processing /home/airflow/.local/lib/python3.8/site-packages/airflow/example_dags/example_nested_branch_dag.py took 0.074 seconds
[2025-10-17T08:12:37.888+0000] {processor.py:157} INFO - Started process (PID=102) to work on /home/airflow/.local/lib/python3.8/site-packages/airflow/example_dags/example_nested_branch_dag.py
[2025-10-17T08:12:37.890+0000] {processor.py:829} INFO - Processing file /home/airflow/.local/lib/python3.8/site-packages/airflow/example_dags/example_nested_branch_dag.py for tasks to queue
[2025-10-17T08:12:37.891+0000] {logging_mixin.py:154} INFO - [2025-10-17T08:12:37.891+0000] {dagbag.py:536} INFO - Filling up the DagBag from /home/airflow/.local/lib/python3.8/site-packages/airflow/example_dags/example_nested_branch_dag.py
[2025-10-17T08:12:37.902+0000] {processor.py:839} INFO - DAG(s) dict_keys(['example_nested_branch_dag']) retrieved from /home/airflow/.local/lib/python3.8/site-packages/airflow/example_dags/example_nested_branch_dag.py
[2025-10-17T08:12:38.003+0000] {logging_mixin.py:154} INFO - [2025-10-17T08:12:38.003+0000] {manager.py:499} INFO - Created Permission View: %s
[2025-10-17T08:12:38.013+0000] {logging_mixin.py:154} INFO - [2025-10-17T08:12:38.013+0000] {manager.py:499} INFO - Created Permission View: %s
[2025-10-17T08:12:38.021+0000] {logging_mixin.py:154} INFO - [2025-10-17T08:12:38.021+0000] {manager.py:499} INFO - Created Permission View: %s
[2025-10-17T08:12:38.022+0000] {logging_mixin.py:154} INFO - [2025-10-17T08:12:38.021+0000] {dag.py:2941} INFO - Sync 1 DAGs
[2025-10-17T08:12:38.035+0000] {logging_mixin.py:154} INFO - [2025-10-17T08:12:38.034+0000] {dag.py:2963} INFO - Creating ORM DAG for example_nested_branch_dag
[2025-10-17T08:12:38.049+0000] {logging_mixin.py:154} INFO - [2025-10-17T08:12:38.049+0000] {dag.py:3722} INFO - Setting next_dagrun for example_nested_branch_dag to 2025-10-16T00:00:00+00:00, run_after=2025-10-17T00:00:00+00:00
[2025-10-17T08:12:38.073+0000] {processor.py:179} INFO - Processing /home/airflow/.local/lib/python3.8/site-packages/airflow/example_dags/example_nested_branch_dag.py took 0.187 seconds
[2025-10-17T08:13:08.949+0000] {processor.py:157} INFO - Started process (PID=158) to work on /home/airflow/.local/lib/python3.8/site-packages/airflow/example_dags/example_nested_branch_dag.py
[2025-10-17T08:13:08.950+0000] {processor.py:829} INFO - Processing file /home/airflow/.local/lib/python3.8/site-packages/airflow/example_dags/example_nested_branch_dag.py for tasks to queue
[2025-10-17T08:13:08.952+0000] {logging_mixin.py:154} INFO - [2025-10-17T08:13:08.952+0000] {dagbag.py:536} INFO - Filling up the DagBag from /home/airflow/.local/lib/python3.8/site-packages/airflow/example_dags/example_nested_branch_dag.py
[2025-10-17T08:13:08.960+0000] {processor.py:839} INFO - DAG(s) dict_keys(['example_nested_branch_dag']) retrieved from /home/airflow/.local/lib/python3.8/site-packages/airflow/example_dags/example_nested_branch_dag.py
[2025-10-17T08:13:08.980+0000] {logging_mixin.py:154} INFO - [2025-10-17T08:13:08.980+0000] {dag.py:2941} INFO - Sync 1 DAGs
[2025-10-17T08:13:09.000+0000] {logging_mixin.py:154} INFO - [2025-10-17T08:13:08.999+0000] {dag.py:3722} INFO - Setting next_dagrun for example_nested_branch_dag to 2025-10-16T00:00:00+00:00, run_after=2025-10-17T00:00:00+00:00
[2025-10-17T08:13:09.014+0000] {processor.py:179} INFO - Processing /home/airflow/.local/lib/python3.8/site-packages/airflow/example_dags/example_nested_branch_dag.py took 0.069 seconds
[2025-10-17T08:13:39.525+0000] {processor.py:157} INFO - Started process (PID=214) to work on /home/airflow/.local/lib/python3.8/site-packages/airflow/example_dags/example_nested_branch_dag.py
[2025-10-17T08:13:39.526+0000] {processor.py:829} INFO - Processing file /home/airflow/.local/lib/python3.8/site-packages/airflow/example_dags/example_nested_branch_dag.py for tasks to queue
[2025-10-17T08:13:39.528+0000] {logging_mixin.py:154} INFO - [2025-10-17T08:13:39.527+0000] {dagbag.py:536} INFO - Filling up the DagBag from /home/airflow/.local/lib/python3.8/site-packages/airflow/example_dags/example_nested_branch_dag.py
[2025-10-17T08:13:39.536+0000] {processor.py:839} INFO - DAG(s) dict_keys(['example_nested_branch_dag']) retrieved from /home/airflow/.local/lib/python3.8/site-packages/airflow/example_dags/example_nested_branch_dag.py
[2025-10-17T08:13:39.555+0000] {logging_mixin.py:154} INFO - [2025-10-17T08:13:39.555+0000] {dag.py:2941} INFO - Sync 1 DAGs
[2025-10-17T08:13:39.574+0000] {logging_mixin.py:154} INFO - [2025-10-17T08:13:39.574+0000] {dag.py:3722} INFO - Setting next_dagrun for example_nested_branch_dag to 2025-10-16T00:00:00+00:00, run_after=2025-10-17T00:00:00+00:00
[2025-10-17T08:13:39.591+0000] {processor.py:179} INFO - Processing /home/airflow/.local/lib/python3.8/site-packages/airflow/example_dags/example_nested_branch_dag.py took 0.069 seconds
