[2025-10-17T07:19:46.361+0000] {processor.py:157} INFO - Started process (PID=576) to work on /home/airflow/.local/lib/python3.8/site-packages/airflow/example_dags/example_setup_teardown.py
[2025-10-17T07:19:46.363+0000] {processor.py:829} INFO - Processing file /home/airflow/.local/lib/python3.8/site-packages/airflow/example_dags/example_setup_teardown.py for tasks to queue
[2025-10-17T07:19:46.374+0000] {logging_mixin.py:154} INFO - [2025-10-17T07:19:46.374+0000] {dagbag.py:536} INFO - Filling up the DagBag from /home/airflow/.local/lib/python3.8/site-packages/airflow/example_dags/example_setup_teardown.py
[2025-10-17T07:19:46.391+0000] {processor.py:839} INFO - DAG(s) dict_keys(['example_setup_teardown']) retrieved from /home/airflow/.local/lib/python3.8/site-packages/airflow/example_dags/example_setup_teardown.py
[2025-10-17T07:19:46.431+0000] {logging_mixin.py:154} INFO - [2025-10-17T07:19:46.430+0000] {dag.py:2941} INFO - Sync 1 DAGs
[2025-10-17T07:19:46.495+0000] {logging_mixin.py:154} INFO - [2025-10-17T07:19:46.494+0000] {dag.py:3722} INFO - Setting next_dagrun for example_setup_teardown to 2025-10-16T07:19:46.494028+00:00, run_after=2025-10-17T07:19:46.494028+00:00
[2025-10-17T07:19:46.534+0000] {processor.py:179} INFO - Processing /home/airflow/.local/lib/python3.8/site-packages/airflow/example_dags/example_setup_teardown.py took 0.179 seconds
[2025-10-17T07:20:16.563+0000] {processor.py:157} INFO - Started process (PID=632) to work on /home/airflow/.local/lib/python3.8/site-packages/airflow/example_dags/example_setup_teardown.py
[2025-10-17T07:20:16.564+0000] {processor.py:829} INFO - Processing file /home/airflow/.local/lib/python3.8/site-packages/airflow/example_dags/example_setup_teardown.py for tasks to queue
[2025-10-17T07:20:16.567+0000] {logging_mixin.py:154} INFO - [2025-10-17T07:20:16.567+0000] {dagbag.py:536} INFO - Filling up the DagBag from /home/airflow/.local/lib/python3.8/site-packages/airflow/example_dags/example_setup_teardown.py
[2025-10-17T07:20:16.574+0000] {processor.py:839} INFO - DAG(s) dict_keys(['example_setup_teardown']) retrieved from /home/airflow/.local/lib/python3.8/site-packages/airflow/example_dags/example_setup_teardown.py
[2025-10-17T07:20:16.597+0000] {logging_mixin.py:154} INFO - [2025-10-17T07:20:16.597+0000] {dag.py:2941} INFO - Sync 1 DAGs
[2025-10-17T07:20:16.622+0000] {logging_mixin.py:154} INFO - [2025-10-17T07:20:16.621+0000] {dag.py:3722} INFO - Setting next_dagrun for example_setup_teardown to 2025-10-16T07:20:16.621591+00:00, run_after=2025-10-17T07:20:16.621591+00:00
[2025-10-17T07:20:16.649+0000] {processor.py:179} INFO - Processing /home/airflow/.local/lib/python3.8/site-packages/airflow/example_dags/example_setup_teardown.py took 0.089 seconds
[2025-10-17T07:20:47.599+0000] {processor.py:157} INFO - Started process (PID=688) to work on /home/airflow/.local/lib/python3.8/site-packages/airflow/example_dags/example_setup_teardown.py
[2025-10-17T07:20:47.602+0000] {processor.py:829} INFO - Processing file /home/airflow/.local/lib/python3.8/site-packages/airflow/example_dags/example_setup_teardown.py for tasks to queue
[2025-10-17T07:20:47.605+0000] {logging_mixin.py:154} INFO - [2025-10-17T07:20:47.605+0000] {dagbag.py:536} INFO - Filling up the DagBag from /home/airflow/.local/lib/python3.8/site-packages/airflow/example_dags/example_setup_teardown.py
[2025-10-17T07:20:47.613+0000] {processor.py:839} INFO - DAG(s) dict_keys(['example_setup_teardown']) retrieved from /home/airflow/.local/lib/python3.8/site-packages/airflow/example_dags/example_setup_teardown.py
[2025-10-17T07:20:47.653+0000] {logging_mixin.py:154} INFO - [2025-10-17T07:20:47.653+0000] {dag.py:2941} INFO - Sync 1 DAGs
[2025-10-17T07:20:47.703+0000] {logging_mixin.py:154} INFO - [2025-10-17T07:20:47.703+0000] {dag.py:3722} INFO - Setting next_dagrun for example_setup_teardown to 2025-10-16T07:20:47.702645+00:00, run_after=2025-10-17T07:20:47.702645+00:00
[2025-10-17T07:20:47.746+0000] {processor.py:179} INFO - Processing /home/airflow/.local/lib/python3.8/site-packages/airflow/example_dags/example_setup_teardown.py took 0.154 seconds
[2025-10-17T07:21:18.014+0000] {processor.py:157} INFO - Started process (PID=744) to work on /home/airflow/.local/lib/python3.8/site-packages/airflow/example_dags/example_setup_teardown.py
[2025-10-17T07:21:18.017+0000] {processor.py:829} INFO - Processing file /home/airflow/.local/lib/python3.8/site-packages/airflow/example_dags/example_setup_teardown.py for tasks to queue
[2025-10-17T07:21:18.021+0000] {logging_mixin.py:154} INFO - [2025-10-17T07:21:18.020+0000] {dagbag.py:536} INFO - Filling up the DagBag from /home/airflow/.local/lib/python3.8/site-packages/airflow/example_dags/example_setup_teardown.py
[2025-10-17T07:21:18.029+0000] {processor.py:839} INFO - DAG(s) dict_keys(['example_setup_teardown']) retrieved from /home/airflow/.local/lib/python3.8/site-packages/airflow/example_dags/example_setup_teardown.py
[2025-10-17T07:21:18.056+0000] {logging_mixin.py:154} INFO - [2025-10-17T07:21:18.055+0000] {dag.py:2941} INFO - Sync 1 DAGs
[2025-10-17T07:21:18.076+0000] {logging_mixin.py:154} INFO - [2025-10-17T07:21:18.076+0000] {dag.py:3722} INFO - Setting next_dagrun for example_setup_teardown to 2025-10-16T07:21:18.076420+00:00, run_after=2025-10-17T07:21:18.076420+00:00
[2025-10-17T07:21:18.102+0000] {processor.py:179} INFO - Processing /home/airflow/.local/lib/python3.8/site-packages/airflow/example_dags/example_setup_teardown.py took 0.092 seconds
[2025-10-17T07:21:48.397+0000] {processor.py:157} INFO - Started process (PID=800) to work on /home/airflow/.local/lib/python3.8/site-packages/airflow/example_dags/example_setup_teardown.py
[2025-10-17T07:21:48.398+0000] {processor.py:829} INFO - Processing file /home/airflow/.local/lib/python3.8/site-packages/airflow/example_dags/example_setup_teardown.py for tasks to queue
[2025-10-17T07:21:48.401+0000] {logging_mixin.py:154} INFO - [2025-10-17T07:21:48.401+0000] {dagbag.py:536} INFO - Filling up the DagBag from /home/airflow/.local/lib/python3.8/site-packages/airflow/example_dags/example_setup_teardown.py
[2025-10-17T07:21:48.407+0000] {processor.py:839} INFO - DAG(s) dict_keys(['example_setup_teardown']) retrieved from /home/airflow/.local/lib/python3.8/site-packages/airflow/example_dags/example_setup_teardown.py
[2025-10-17T07:21:48.426+0000] {logging_mixin.py:154} INFO - [2025-10-17T07:21:48.426+0000] {dag.py:2941} INFO - Sync 1 DAGs
[2025-10-17T07:21:48.448+0000] {logging_mixin.py:154} INFO - [2025-10-17T07:21:48.448+0000] {dag.py:3722} INFO - Setting next_dagrun for example_setup_teardown to 2025-10-16T07:21:48.448386+00:00, run_after=2025-10-17T07:21:48.448386+00:00
[2025-10-17T07:21:48.469+0000] {processor.py:179} INFO - Processing /home/airflow/.local/lib/python3.8/site-packages/airflow/example_dags/example_setup_teardown.py took 0.075 seconds
[2025-10-17T07:22:19.487+0000] {processor.py:157} INFO - Started process (PID=856) to work on /home/airflow/.local/lib/python3.8/site-packages/airflow/example_dags/example_setup_teardown.py
[2025-10-17T07:22:19.488+0000] {processor.py:829} INFO - Processing file /home/airflow/.local/lib/python3.8/site-packages/airflow/example_dags/example_setup_teardown.py for tasks to queue
[2025-10-17T07:22:19.491+0000] {logging_mixin.py:154} INFO - [2025-10-17T07:22:19.490+0000] {dagbag.py:536} INFO - Filling up the DagBag from /home/airflow/.local/lib/python3.8/site-packages/airflow/example_dags/example_setup_teardown.py
[2025-10-17T07:22:19.497+0000] {processor.py:839} INFO - DAG(s) dict_keys(['example_setup_teardown']) retrieved from /home/airflow/.local/lib/python3.8/site-packages/airflow/example_dags/example_setup_teardown.py
[2025-10-17T07:22:19.516+0000] {logging_mixin.py:154} INFO - [2025-10-17T07:22:19.515+0000] {dag.py:2941} INFO - Sync 1 DAGs
[2025-10-17T07:22:19.534+0000] {logging_mixin.py:154} INFO - [2025-10-17T07:22:19.534+0000] {dag.py:3722} INFO - Setting next_dagrun for example_setup_teardown to 2025-10-16T07:22:19.534330+00:00, run_after=2025-10-17T07:22:19.534330+00:00
[2025-10-17T07:22:19.552+0000] {processor.py:179} INFO - Processing /home/airflow/.local/lib/python3.8/site-packages/airflow/example_dags/example_setup_teardown.py took 0.068 seconds
[2025-10-17T07:22:50.818+0000] {processor.py:157} INFO - Started process (PID=912) to work on /home/airflow/.local/lib/python3.8/site-packages/airflow/example_dags/example_setup_teardown.py
[2025-10-17T07:22:50.821+0000] {processor.py:829} INFO - Processing file /home/airflow/.local/lib/python3.8/site-packages/airflow/example_dags/example_setup_teardown.py for tasks to queue
[2025-10-17T07:22:50.823+0000] {logging_mixin.py:154} INFO - [2025-10-17T07:22:50.823+0000] {dagbag.py:536} INFO - Filling up the DagBag from /home/airflow/.local/lib/python3.8/site-packages/airflow/example_dags/example_setup_teardown.py
[2025-10-17T07:22:50.831+0000] {processor.py:839} INFO - DAG(s) dict_keys(['example_setup_teardown']) retrieved from /home/airflow/.local/lib/python3.8/site-packages/airflow/example_dags/example_setup_teardown.py
[2025-10-17T07:22:50.855+0000] {logging_mixin.py:154} INFO - [2025-10-17T07:22:50.854+0000] {dag.py:2941} INFO - Sync 1 DAGs
[2025-10-17T07:22:50.887+0000] {logging_mixin.py:154} INFO - [2025-10-17T07:22:50.886+0000] {dag.py:3722} INFO - Setting next_dagrun for example_setup_teardown to 2025-10-16T07:22:50.886418+00:00, run_after=2025-10-17T07:22:50.886418+00:00
[2025-10-17T07:22:51.086+0000] {processor.py:179} INFO - Processing /home/airflow/.local/lib/python3.8/site-packages/airflow/example_dags/example_setup_teardown.py took 0.273 seconds
[2025-10-17T07:23:21.152+0000] {processor.py:157} INFO - Started process (PID=968) to work on /home/airflow/.local/lib/python3.8/site-packages/airflow/example_dags/example_setup_teardown.py
[2025-10-17T07:23:21.153+0000] {processor.py:829} INFO - Processing file /home/airflow/.local/lib/python3.8/site-packages/airflow/example_dags/example_setup_teardown.py for tasks to queue
[2025-10-17T07:23:21.156+0000] {logging_mixin.py:154} INFO - [2025-10-17T07:23:21.155+0000] {dagbag.py:536} INFO - Filling up the DagBag from /home/airflow/.local/lib/python3.8/site-packages/airflow/example_dags/example_setup_teardown.py
[2025-10-17T07:23:21.161+0000] {processor.py:839} INFO - DAG(s) dict_keys(['example_setup_teardown']) retrieved from /home/airflow/.local/lib/python3.8/site-packages/airflow/example_dags/example_setup_teardown.py
[2025-10-17T07:23:21.179+0000] {logging_mixin.py:154} INFO - [2025-10-17T07:23:21.179+0000] {dag.py:2941} INFO - Sync 1 DAGs
[2025-10-17T07:23:21.197+0000] {logging_mixin.py:154} INFO - [2025-10-17T07:23:21.197+0000] {dag.py:3722} INFO - Setting next_dagrun for example_setup_teardown to 2025-10-16T07:23:21.197087+00:00, run_after=2025-10-17T07:23:21.197087+00:00
[2025-10-17T07:23:21.211+0000] {processor.py:179} INFO - Processing /home/airflow/.local/lib/python3.8/site-packages/airflow/example_dags/example_setup_teardown.py took 0.062 seconds
[2025-10-17T07:23:52.514+0000] {processor.py:157} INFO - Started process (PID=1024) to work on /home/airflow/.local/lib/python3.8/site-packages/airflow/example_dags/example_setup_teardown.py
[2025-10-17T07:23:52.515+0000] {processor.py:829} INFO - Processing file /home/airflow/.local/lib/python3.8/site-packages/airflow/example_dags/example_setup_teardown.py for tasks to queue
[2025-10-17T07:23:52.518+0000] {logging_mixin.py:154} INFO - [2025-10-17T07:23:52.517+0000] {dagbag.py:536} INFO - Filling up the DagBag from /home/airflow/.local/lib/python3.8/site-packages/airflow/example_dags/example_setup_teardown.py
[2025-10-17T07:23:52.525+0000] {processor.py:839} INFO - DAG(s) dict_keys(['example_setup_teardown']) retrieved from /home/airflow/.local/lib/python3.8/site-packages/airflow/example_dags/example_setup_teardown.py
[2025-10-17T07:23:52.546+0000] {logging_mixin.py:154} INFO - [2025-10-17T07:23:52.546+0000] {dag.py:2941} INFO - Sync 1 DAGs
[2025-10-17T07:23:52.565+0000] {logging_mixin.py:154} INFO - [2025-10-17T07:23:52.565+0000] {dag.py:3722} INFO - Setting next_dagrun for example_setup_teardown to 2025-10-16T07:23:52.565512+00:00, run_after=2025-10-17T07:23:52.565512+00:00
[2025-10-17T07:23:52.583+0000] {processor.py:179} INFO - Processing /home/airflow/.local/lib/python3.8/site-packages/airflow/example_dags/example_setup_teardown.py took 0.072 seconds
[2025-10-17T07:24:23.731+0000] {processor.py:157} INFO - Started process (PID=1080) to work on /home/airflow/.local/lib/python3.8/site-packages/airflow/example_dags/example_setup_teardown.py
[2025-10-17T07:24:23.732+0000] {processor.py:829} INFO - Processing file /home/airflow/.local/lib/python3.8/site-packages/airflow/example_dags/example_setup_teardown.py for tasks to queue
[2025-10-17T07:24:23.735+0000] {logging_mixin.py:154} INFO - [2025-10-17T07:24:23.734+0000] {dagbag.py:536} INFO - Filling up the DagBag from /home/airflow/.local/lib/python3.8/site-packages/airflow/example_dags/example_setup_teardown.py
[2025-10-17T07:24:23.741+0000] {processor.py:839} INFO - DAG(s) dict_keys(['example_setup_teardown']) retrieved from /home/airflow/.local/lib/python3.8/site-packages/airflow/example_dags/example_setup_teardown.py
[2025-10-17T07:24:23.763+0000] {logging_mixin.py:154} INFO - [2025-10-17T07:24:23.763+0000] {dag.py:2941} INFO - Sync 1 DAGs
[2025-10-17T07:24:23.782+0000] {logging_mixin.py:154} INFO - [2025-10-17T07:24:23.782+0000] {dag.py:3722} INFO - Setting next_dagrun for example_setup_teardown to 2025-10-16T07:24:23.782189+00:00, run_after=2025-10-17T07:24:23.782189+00:00
[2025-10-17T07:24:23.801+0000] {processor.py:179} INFO - Processing /home/airflow/.local/lib/python3.8/site-packages/airflow/example_dags/example_setup_teardown.py took 0.073 seconds
[2025-10-17T07:24:53.831+0000] {processor.py:157} INFO - Started process (PID=1142) to work on /home/airflow/.local/lib/python3.8/site-packages/airflow/example_dags/example_setup_teardown.py
[2025-10-17T07:24:53.832+0000] {processor.py:829} INFO - Processing file /home/airflow/.local/lib/python3.8/site-packages/airflow/example_dags/example_setup_teardown.py for tasks to queue
[2025-10-17T07:24:53.835+0000] {logging_mixin.py:154} INFO - [2025-10-17T07:24:53.835+0000] {dagbag.py:536} INFO - Filling up the DagBag from /home/airflow/.local/lib/python3.8/site-packages/airflow/example_dags/example_setup_teardown.py
[2025-10-17T07:24:53.840+0000] {processor.py:839} INFO - DAG(s) dict_keys(['example_setup_teardown']) retrieved from /home/airflow/.local/lib/python3.8/site-packages/airflow/example_dags/example_setup_teardown.py
[2025-10-17T07:24:53.858+0000] {logging_mixin.py:154} INFO - [2025-10-17T07:24:53.858+0000] {dag.py:2941} INFO - Sync 1 DAGs
[2025-10-17T07:24:53.875+0000] {logging_mixin.py:154} INFO - [2025-10-17T07:24:53.875+0000] {dag.py:3722} INFO - Setting next_dagrun for example_setup_teardown to 2025-10-16T07:24:53.875446+00:00, run_after=2025-10-17T07:24:53.875446+00:00
[2025-10-17T07:24:53.893+0000] {processor.py:179} INFO - Processing /home/airflow/.local/lib/python3.8/site-packages/airflow/example_dags/example_setup_teardown.py took 0.065 seconds
[2025-10-17T07:25:24.729+0000] {processor.py:157} INFO - Started process (PID=1205) to work on /home/airflow/.local/lib/python3.8/site-packages/airflow/example_dags/example_setup_teardown.py
[2025-10-17T07:25:24.730+0000] {processor.py:829} INFO - Processing file /home/airflow/.local/lib/python3.8/site-packages/airflow/example_dags/example_setup_teardown.py for tasks to queue
[2025-10-17T07:25:24.732+0000] {logging_mixin.py:154} INFO - [2025-10-17T07:25:24.732+0000] {dagbag.py:536} INFO - Filling up the DagBag from /home/airflow/.local/lib/python3.8/site-packages/airflow/example_dags/example_setup_teardown.py
[2025-10-17T07:25:24.739+0000] {processor.py:839} INFO - DAG(s) dict_keys(['example_setup_teardown']) retrieved from /home/airflow/.local/lib/python3.8/site-packages/airflow/example_dags/example_setup_teardown.py
[2025-10-17T07:25:24.761+0000] {logging_mixin.py:154} INFO - [2025-10-17T07:25:24.760+0000] {dag.py:2941} INFO - Sync 1 DAGs
[2025-10-17T07:25:24.779+0000] {logging_mixin.py:154} INFO - [2025-10-17T07:25:24.779+0000] {dag.py:3722} INFO - Setting next_dagrun for example_setup_teardown to 2025-10-16T07:25:24.779370+00:00, run_after=2025-10-17T07:25:24.779370+00:00
[2025-10-17T07:25:24.798+0000] {processor.py:179} INFO - Processing /home/airflow/.local/lib/python3.8/site-packages/airflow/example_dags/example_setup_teardown.py took 0.073 seconds
[2025-10-17T07:25:56.077+0000] {processor.py:157} INFO - Started process (PID=1261) to work on /home/airflow/.local/lib/python3.8/site-packages/airflow/example_dags/example_setup_teardown.py
[2025-10-17T07:25:56.078+0000] {processor.py:829} INFO - Processing file /home/airflow/.local/lib/python3.8/site-packages/airflow/example_dags/example_setup_teardown.py for tasks to queue
[2025-10-17T07:25:56.080+0000] {logging_mixin.py:154} INFO - [2025-10-17T07:25:56.080+0000] {dagbag.py:536} INFO - Filling up the DagBag from /home/airflow/.local/lib/python3.8/site-packages/airflow/example_dags/example_setup_teardown.py
[2025-10-17T07:25:56.087+0000] {processor.py:839} INFO - DAG(s) dict_keys(['example_setup_teardown']) retrieved from /home/airflow/.local/lib/python3.8/site-packages/airflow/example_dags/example_setup_teardown.py
[2025-10-17T07:25:56.237+0000] {logging_mixin.py:154} INFO - [2025-10-17T07:25:56.237+0000] {dag.py:2941} INFO - Sync 1 DAGs
[2025-10-17T07:25:56.259+0000] {logging_mixin.py:154} INFO - [2025-10-17T07:25:56.258+0000] {dag.py:3722} INFO - Setting next_dagrun for example_setup_teardown to 2025-10-16T07:25:56.258496+00:00, run_after=2025-10-17T07:25:56.258496+00:00
[2025-10-17T07:25:56.277+0000] {processor.py:179} INFO - Processing /home/airflow/.local/lib/python3.8/site-packages/airflow/example_dags/example_setup_teardown.py took 0.204 seconds
[2025-10-17T07:26:26.313+0000] {processor.py:157} INFO - Started process (PID=1319) to work on /home/airflow/.local/lib/python3.8/site-packages/airflow/example_dags/example_setup_teardown.py
[2025-10-17T07:26:26.315+0000] {processor.py:829} INFO - Processing file /home/airflow/.local/lib/python3.8/site-packages/airflow/example_dags/example_setup_teardown.py for tasks to queue
[2025-10-17T07:26:26.317+0000] {logging_mixin.py:154} INFO - [2025-10-17T07:26:26.317+0000] {dagbag.py:536} INFO - Filling up the DagBag from /home/airflow/.local/lib/python3.8/site-packages/airflow/example_dags/example_setup_teardown.py
[2025-10-17T07:26:26.322+0000] {processor.py:839} INFO - DAG(s) dict_keys(['example_setup_teardown']) retrieved from /home/airflow/.local/lib/python3.8/site-packages/airflow/example_dags/example_setup_teardown.py
[2025-10-17T07:26:26.341+0000] {logging_mixin.py:154} INFO - [2025-10-17T07:26:26.340+0000] {dag.py:2941} INFO - Sync 1 DAGs
[2025-10-17T07:26:26.358+0000] {logging_mixin.py:154} INFO - [2025-10-17T07:26:26.358+0000] {dag.py:3722} INFO - Setting next_dagrun for example_setup_teardown to 2025-10-16T07:26:26.358344+00:00, run_after=2025-10-17T07:26:26.358344+00:00
[2025-10-17T07:26:26.373+0000] {processor.py:179} INFO - Processing /home/airflow/.local/lib/python3.8/site-packages/airflow/example_dags/example_setup_teardown.py took 0.063 seconds
[2025-10-17T07:26:56.716+0000] {processor.py:157} INFO - Started process (PID=1374) to work on /home/airflow/.local/lib/python3.8/site-packages/airflow/example_dags/example_setup_teardown.py
[2025-10-17T07:26:56.717+0000] {processor.py:829} INFO - Processing file /home/airflow/.local/lib/python3.8/site-packages/airflow/example_dags/example_setup_teardown.py for tasks to queue
[2025-10-17T07:26:56.719+0000] {logging_mixin.py:154} INFO - [2025-10-17T07:26:56.719+0000] {dagbag.py:536} INFO - Filling up the DagBag from /home/airflow/.local/lib/python3.8/site-packages/airflow/example_dags/example_setup_teardown.py
[2025-10-17T07:26:56.725+0000] {processor.py:839} INFO - DAG(s) dict_keys(['example_setup_teardown']) retrieved from /home/airflow/.local/lib/python3.8/site-packages/airflow/example_dags/example_setup_teardown.py
[2025-10-17T07:26:56.745+0000] {logging_mixin.py:154} INFO - [2025-10-17T07:26:56.745+0000] {dag.py:2941} INFO - Sync 1 DAGs
[2025-10-17T07:26:56.766+0000] {logging_mixin.py:154} INFO - [2025-10-17T07:26:56.766+0000] {dag.py:3722} INFO - Setting next_dagrun for example_setup_teardown to 2025-10-16T07:26:56.764473+00:00, run_after=2025-10-17T07:26:56.764473+00:00
[2025-10-17T07:26:56.782+0000] {processor.py:179} INFO - Processing /home/airflow/.local/lib/python3.8/site-packages/airflow/example_dags/example_setup_teardown.py took 0.069 seconds
[2025-10-17T07:27:26.828+0000] {processor.py:157} INFO - Started process (PID=1429) to work on /home/airflow/.local/lib/python3.8/site-packages/airflow/example_dags/example_setup_teardown.py
[2025-10-17T07:27:26.829+0000] {processor.py:829} INFO - Processing file /home/airflow/.local/lib/python3.8/site-packages/airflow/example_dags/example_setup_teardown.py for tasks to queue
[2025-10-17T07:27:26.831+0000] {logging_mixin.py:154} INFO - [2025-10-17T07:27:26.831+0000] {dagbag.py:536} INFO - Filling up the DagBag from /home/airflow/.local/lib/python3.8/site-packages/airflow/example_dags/example_setup_teardown.py
[2025-10-17T07:27:26.837+0000] {processor.py:839} INFO - DAG(s) dict_keys(['example_setup_teardown']) retrieved from /home/airflow/.local/lib/python3.8/site-packages/airflow/example_dags/example_setup_teardown.py
[2025-10-17T07:27:26.856+0000] {logging_mixin.py:154} INFO - [2025-10-17T07:27:26.856+0000] {dag.py:2941} INFO - Sync 1 DAGs
[2025-10-17T07:27:26.872+0000] {logging_mixin.py:154} INFO - [2025-10-17T07:27:26.872+0000] {dag.py:3722} INFO - Setting next_dagrun for example_setup_teardown to 2025-10-16T07:27:26.872400+00:00, run_after=2025-10-17T07:27:26.872400+00:00
[2025-10-17T07:27:26.890+0000] {processor.py:179} INFO - Processing /home/airflow/.local/lib/python3.8/site-packages/airflow/example_dags/example_setup_teardown.py took 0.065 seconds
[2025-10-17T07:27:56.964+0000] {processor.py:157} INFO - Started process (PID=1484) to work on /home/airflow/.local/lib/python3.8/site-packages/airflow/example_dags/example_setup_teardown.py
[2025-10-17T07:27:56.965+0000] {processor.py:829} INFO - Processing file /home/airflow/.local/lib/python3.8/site-packages/airflow/example_dags/example_setup_teardown.py for tasks to queue
[2025-10-17T07:27:56.966+0000] {logging_mixin.py:154} INFO - [2025-10-17T07:27:56.966+0000] {dagbag.py:536} INFO - Filling up the DagBag from /home/airflow/.local/lib/python3.8/site-packages/airflow/example_dags/example_setup_teardown.py
[2025-10-17T07:27:56.974+0000] {processor.py:839} INFO - DAG(s) dict_keys(['example_setup_teardown']) retrieved from /home/airflow/.local/lib/python3.8/site-packages/airflow/example_dags/example_setup_teardown.py
[2025-10-17T07:27:56.993+0000] {logging_mixin.py:154} INFO - [2025-10-17T07:27:56.993+0000] {dag.py:2941} INFO - Sync 1 DAGs
[2025-10-17T07:27:57.011+0000] {logging_mixin.py:154} INFO - [2025-10-17T07:27:57.011+0000] {dag.py:3722} INFO - Setting next_dagrun for example_setup_teardown to 2025-10-16T07:27:57.010955+00:00, run_after=2025-10-17T07:27:57.010955+00:00
[2025-10-17T07:27:57.027+0000] {processor.py:179} INFO - Processing /home/airflow/.local/lib/python3.8/site-packages/airflow/example_dags/example_setup_teardown.py took 0.066 seconds
[2025-10-17T07:28:27.313+0000] {processor.py:157} INFO - Started process (PID=1542) to work on /home/airflow/.local/lib/python3.8/site-packages/airflow/example_dags/example_setup_teardown.py
[2025-10-17T07:28:27.314+0000] {processor.py:829} INFO - Processing file /home/airflow/.local/lib/python3.8/site-packages/airflow/example_dags/example_setup_teardown.py for tasks to queue
[2025-10-17T07:28:27.314+0000] {logging_mixin.py:154} INFO - [2025-10-17T07:28:27.314+0000] {dagbag.py:536} INFO - Filling up the DagBag from /home/airflow/.local/lib/python3.8/site-packages/airflow/example_dags/example_setup_teardown.py
[2025-10-17T07:28:27.321+0000] {processor.py:839} INFO - DAG(s) dict_keys(['example_setup_teardown']) retrieved from /home/airflow/.local/lib/python3.8/site-packages/airflow/example_dags/example_setup_teardown.py
[2025-10-17T07:28:27.341+0000] {logging_mixin.py:154} INFO - [2025-10-17T07:28:27.341+0000] {dag.py:2941} INFO - Sync 1 DAGs
[2025-10-17T07:28:27.359+0000] {logging_mixin.py:154} INFO - [2025-10-17T07:28:27.359+0000] {dag.py:3722} INFO - Setting next_dagrun for example_setup_teardown to 2025-10-16T07:28:27.359364+00:00, run_after=2025-10-17T07:28:27.359364+00:00
[2025-10-17T07:28:27.378+0000] {processor.py:179} INFO - Processing /home/airflow/.local/lib/python3.8/site-packages/airflow/example_dags/example_setup_teardown.py took 0.068 seconds
[2025-10-17T07:28:57.679+0000] {processor.py:157} INFO - Started process (PID=1598) to work on /home/airflow/.local/lib/python3.8/site-packages/airflow/example_dags/example_setup_teardown.py
[2025-10-17T07:28:57.680+0000] {processor.py:829} INFO - Processing file /home/airflow/.local/lib/python3.8/site-packages/airflow/example_dags/example_setup_teardown.py for tasks to queue
[2025-10-17T07:28:57.681+0000] {logging_mixin.py:154} INFO - [2025-10-17T07:28:57.681+0000] {dagbag.py:536} INFO - Filling up the DagBag from /home/airflow/.local/lib/python3.8/site-packages/airflow/example_dags/example_setup_teardown.py
[2025-10-17T07:28:57.689+0000] {processor.py:839} INFO - DAG(s) dict_keys(['example_setup_teardown']) retrieved from /home/airflow/.local/lib/python3.8/site-packages/airflow/example_dags/example_setup_teardown.py
[2025-10-17T07:28:57.708+0000] {logging_mixin.py:154} INFO - [2025-10-17T07:28:57.708+0000] {dag.py:2941} INFO - Sync 1 DAGs
[2025-10-17T07:28:57.726+0000] {logging_mixin.py:154} INFO - [2025-10-17T07:28:57.726+0000] {dag.py:3722} INFO - Setting next_dagrun for example_setup_teardown to 2025-10-16T07:28:57.726075+00:00, run_after=2025-10-17T07:28:57.726075+00:00
[2025-10-17T07:28:57.743+0000] {processor.py:179} INFO - Processing /home/airflow/.local/lib/python3.8/site-packages/airflow/example_dags/example_setup_teardown.py took 0.067 seconds
[2025-10-17T07:30:21.000+0000] {processor.py:157} INFO - Started process (PID=82) to work on /home/airflow/.local/lib/python3.8/site-packages/airflow/example_dags/example_setup_teardown.py
[2025-10-17T07:30:21.003+0000] {processor.py:829} INFO - Processing file /home/airflow/.local/lib/python3.8/site-packages/airflow/example_dags/example_setup_teardown.py for tasks to queue
[2025-10-17T07:30:21.008+0000] {logging_mixin.py:154} INFO - [2025-10-17T07:30:21.008+0000] {dagbag.py:536} INFO - Filling up the DagBag from /home/airflow/.local/lib/python3.8/site-packages/airflow/example_dags/example_setup_teardown.py
[2025-10-17T07:30:21.025+0000] {processor.py:839} INFO - DAG(s) dict_keys(['example_setup_teardown']) retrieved from /home/airflow/.local/lib/python3.8/site-packages/airflow/example_dags/example_setup_teardown.py
[2025-10-17T07:30:21.286+0000] {logging_mixin.py:154} INFO - [2025-10-17T07:30:21.285+0000] {manager.py:499} INFO - Created Permission View: %s
[2025-10-17T07:30:21.320+0000] {logging_mixin.py:154} INFO - [2025-10-17T07:30:21.319+0000] {manager.py:499} INFO - Created Permission View: %s
[2025-10-17T07:30:21.352+0000] {logging_mixin.py:154} INFO - [2025-10-17T07:30:21.351+0000] {manager.py:499} INFO - Created Permission View: %s
[2025-10-17T07:30:21.352+0000] {logging_mixin.py:154} INFO - [2025-10-17T07:30:21.352+0000] {dag.py:2941} INFO - Sync 1 DAGs
[2025-10-17T07:30:21.388+0000] {logging_mixin.py:154} INFO - [2025-10-17T07:30:21.388+0000] {dag.py:2963} INFO - Creating ORM DAG for example_setup_teardown
[2025-10-17T07:30:21.406+0000] {logging_mixin.py:154} INFO - [2025-10-17T07:30:21.406+0000] {dag.py:3722} INFO - Setting next_dagrun for example_setup_teardown to 2025-10-16T07:30:21.405849+00:00, run_after=2025-10-17T07:30:21.405849+00:00
[2025-10-17T07:30:21.457+0000] {processor.py:179} INFO - Processing /home/airflow/.local/lib/python3.8/site-packages/airflow/example_dags/example_setup_teardown.py took 0.465 seconds
[2025-10-17T07:30:52.160+0000] {processor.py:157} INFO - Started process (PID=138) to work on /home/airflow/.local/lib/python3.8/site-packages/airflow/example_dags/example_setup_teardown.py
[2025-10-17T07:30:52.162+0000] {processor.py:829} INFO - Processing file /home/airflow/.local/lib/python3.8/site-packages/airflow/example_dags/example_setup_teardown.py for tasks to queue
[2025-10-17T07:30:52.168+0000] {logging_mixin.py:154} INFO - [2025-10-17T07:30:52.168+0000] {dagbag.py:536} INFO - Filling up the DagBag from /home/airflow/.local/lib/python3.8/site-packages/airflow/example_dags/example_setup_teardown.py
[2025-10-17T07:30:52.179+0000] {processor.py:839} INFO - DAG(s) dict_keys(['example_setup_teardown']) retrieved from /home/airflow/.local/lib/python3.8/site-packages/airflow/example_dags/example_setup_teardown.py
[2025-10-17T07:30:52.213+0000] {logging_mixin.py:154} INFO - [2025-10-17T07:30:52.213+0000] {dag.py:2941} INFO - Sync 1 DAGs
[2025-10-17T07:30:52.246+0000] {logging_mixin.py:154} INFO - [2025-10-17T07:30:52.246+0000] {dag.py:3722} INFO - Setting next_dagrun for example_setup_teardown to 2025-10-16T07:30:52.245700+00:00, run_after=2025-10-17T07:30:52.245700+00:00
[2025-10-17T07:30:52.283+0000] {processor.py:179} INFO - Processing /home/airflow/.local/lib/python3.8/site-packages/airflow/example_dags/example_setup_teardown.py took 0.127 seconds
[2025-10-17T07:31:23.130+0000] {processor.py:157} INFO - Started process (PID=194) to work on /home/airflow/.local/lib/python3.8/site-packages/airflow/example_dags/example_setup_teardown.py
[2025-10-17T07:31:23.132+0000] {processor.py:829} INFO - Processing file /home/airflow/.local/lib/python3.8/site-packages/airflow/example_dags/example_setup_teardown.py for tasks to queue
[2025-10-17T07:31:23.135+0000] {logging_mixin.py:154} INFO - [2025-10-17T07:31:23.134+0000] {dagbag.py:536} INFO - Filling up the DagBag from /home/airflow/.local/lib/python3.8/site-packages/airflow/example_dags/example_setup_teardown.py
[2025-10-17T07:31:23.141+0000] {processor.py:839} INFO - DAG(s) dict_keys(['example_setup_teardown']) retrieved from /home/airflow/.local/lib/python3.8/site-packages/airflow/example_dags/example_setup_teardown.py
[2025-10-17T07:31:23.164+0000] {logging_mixin.py:154} INFO - [2025-10-17T07:31:23.164+0000] {dag.py:2941} INFO - Sync 1 DAGs
[2025-10-17T07:31:23.185+0000] {logging_mixin.py:154} INFO - [2025-10-17T07:31:23.184+0000] {dag.py:3722} INFO - Setting next_dagrun for example_setup_teardown to 2025-10-16T07:31:23.184553+00:00, run_after=2025-10-17T07:31:23.184553+00:00
[2025-10-17T07:31:23.204+0000] {processor.py:179} INFO - Processing /home/airflow/.local/lib/python3.8/site-packages/airflow/example_dags/example_setup_teardown.py took 0.077 seconds
[2025-10-17T07:31:53.497+0000] {processor.py:157} INFO - Started process (PID=250) to work on /home/airflow/.local/lib/python3.8/site-packages/airflow/example_dags/example_setup_teardown.py
[2025-10-17T07:31:53.498+0000] {processor.py:829} INFO - Processing file /home/airflow/.local/lib/python3.8/site-packages/airflow/example_dags/example_setup_teardown.py for tasks to queue
[2025-10-17T07:31:53.501+0000] {logging_mixin.py:154} INFO - [2025-10-17T07:31:53.501+0000] {dagbag.py:536} INFO - Filling up the DagBag from /home/airflow/.local/lib/python3.8/site-packages/airflow/example_dags/example_setup_teardown.py
[2025-10-17T07:31:53.508+0000] {processor.py:839} INFO - DAG(s) dict_keys(['example_setup_teardown']) retrieved from /home/airflow/.local/lib/python3.8/site-packages/airflow/example_dags/example_setup_teardown.py
[2025-10-17T07:31:53.530+0000] {logging_mixin.py:154} INFO - [2025-10-17T07:31:53.529+0000] {dag.py:2941} INFO - Sync 1 DAGs
[2025-10-17T07:31:53.551+0000] {logging_mixin.py:154} INFO - [2025-10-17T07:31:53.551+0000] {dag.py:3722} INFO - Setting next_dagrun for example_setup_teardown to 2025-10-16T07:31:53.551012+00:00, run_after=2025-10-17T07:31:53.551012+00:00
[2025-10-17T07:31:53.573+0000] {processor.py:179} INFO - Processing /home/airflow/.local/lib/python3.8/site-packages/airflow/example_dags/example_setup_teardown.py took 0.079 seconds
[2025-10-17T07:32:24.404+0000] {processor.py:157} INFO - Started process (PID=307) to work on /home/airflow/.local/lib/python3.8/site-packages/airflow/example_dags/example_setup_teardown.py
[2025-10-17T07:32:24.405+0000] {processor.py:829} INFO - Processing file /home/airflow/.local/lib/python3.8/site-packages/airflow/example_dags/example_setup_teardown.py for tasks to queue
[2025-10-17T07:32:24.408+0000] {logging_mixin.py:154} INFO - [2025-10-17T07:32:24.407+0000] {dagbag.py:536} INFO - Filling up the DagBag from /home/airflow/.local/lib/python3.8/site-packages/airflow/example_dags/example_setup_teardown.py
[2025-10-17T07:32:24.417+0000] {processor.py:839} INFO - DAG(s) dict_keys(['example_setup_teardown']) retrieved from /home/airflow/.local/lib/python3.8/site-packages/airflow/example_dags/example_setup_teardown.py
[2025-10-17T07:32:24.437+0000] {logging_mixin.py:154} INFO - [2025-10-17T07:32:24.437+0000] {dag.py:2941} INFO - Sync 1 DAGs
[2025-10-17T07:32:24.455+0000] {logging_mixin.py:154} INFO - [2025-10-17T07:32:24.454+0000] {dag.py:3722} INFO - Setting next_dagrun for example_setup_teardown to 2025-10-16T07:32:24.454722+00:00, run_after=2025-10-17T07:32:24.454722+00:00
[2025-10-17T07:32:24.474+0000] {processor.py:179} INFO - Processing /home/airflow/.local/lib/python3.8/site-packages/airflow/example_dags/example_setup_teardown.py took 0.074 seconds
[2025-10-17T07:35:43.820+0000] {processor.py:157} INFO - Started process (PID=78) to work on /home/airflow/.local/lib/python3.8/site-packages/airflow/example_dags/example_setup_teardown.py
[2025-10-17T07:35:43.821+0000] {processor.py:829} INFO - Processing file /home/airflow/.local/lib/python3.8/site-packages/airflow/example_dags/example_setup_teardown.py for tasks to queue
[2025-10-17T07:35:43.825+0000] {logging_mixin.py:154} INFO - [2025-10-17T07:35:43.824+0000] {dagbag.py:536} INFO - Filling up the DagBag from /home/airflow/.local/lib/python3.8/site-packages/airflow/example_dags/example_setup_teardown.py
[2025-10-17T07:35:43.843+0000] {processor.py:839} INFO - DAG(s) dict_keys(['example_setup_teardown']) retrieved from /home/airflow/.local/lib/python3.8/site-packages/airflow/example_dags/example_setup_teardown.py
[2025-10-17T07:35:43.989+0000] {logging_mixin.py:154} INFO - [2025-10-17T07:35:43.989+0000] {manager.py:499} INFO - Created Permission View: %s
[2025-10-17T07:35:44.004+0000] {logging_mixin.py:154} INFO - [2025-10-17T07:35:44.004+0000] {manager.py:499} INFO - Created Permission View: %s
[2025-10-17T07:35:44.017+0000] {logging_mixin.py:154} INFO - [2025-10-17T07:35:44.017+0000] {manager.py:499} INFO - Created Permission View: %s
[2025-10-17T07:35:44.017+0000] {logging_mixin.py:154} INFO - [2025-10-17T07:35:44.017+0000] {dag.py:2941} INFO - Sync 1 DAGs
[2025-10-17T07:35:44.034+0000] {logging_mixin.py:154} INFO - [2025-10-17T07:35:44.033+0000] {dag.py:2963} INFO - Creating ORM DAG for example_setup_teardown
[2025-10-17T07:35:44.057+0000] {logging_mixin.py:154} INFO - [2025-10-17T07:35:44.057+0000] {dag.py:3722} INFO - Setting next_dagrun for example_setup_teardown to 2025-10-16T07:35:44.057453+00:00, run_after=2025-10-17T07:35:44.057453+00:00
[2025-10-17T07:35:44.079+0000] {processor.py:179} INFO - Processing /home/airflow/.local/lib/python3.8/site-packages/airflow/example_dags/example_setup_teardown.py took 0.264 seconds
[2025-10-17T07:36:14.130+0000] {processor.py:157} INFO - Started process (PID=134) to work on /home/airflow/.local/lib/python3.8/site-packages/airflow/example_dags/example_setup_teardown.py
[2025-10-17T07:36:14.131+0000] {processor.py:829} INFO - Processing file /home/airflow/.local/lib/python3.8/site-packages/airflow/example_dags/example_setup_teardown.py for tasks to queue
[2025-10-17T07:36:14.134+0000] {logging_mixin.py:154} INFO - [2025-10-17T07:36:14.134+0000] {dagbag.py:536} INFO - Filling up the DagBag from /home/airflow/.local/lib/python3.8/site-packages/airflow/example_dags/example_setup_teardown.py
[2025-10-17T07:36:14.140+0000] {processor.py:839} INFO - DAG(s) dict_keys(['example_setup_teardown']) retrieved from /home/airflow/.local/lib/python3.8/site-packages/airflow/example_dags/example_setup_teardown.py
[2025-10-17T07:36:14.160+0000] {logging_mixin.py:154} INFO - [2025-10-17T07:36:14.159+0000] {dag.py:2941} INFO - Sync 1 DAGs
[2025-10-17T07:36:14.180+0000] {logging_mixin.py:154} INFO - [2025-10-17T07:36:14.180+0000] {dag.py:3722} INFO - Setting next_dagrun for example_setup_teardown to 2025-10-16T07:36:14.180409+00:00, run_after=2025-10-17T07:36:14.180409+00:00
[2025-10-17T07:36:14.200+0000] {processor.py:179} INFO - Processing /home/airflow/.local/lib/python3.8/site-packages/airflow/example_dags/example_setup_teardown.py took 0.073 seconds
[2025-10-17T07:36:44.640+0000] {processor.py:157} INFO - Started process (PID=190) to work on /home/airflow/.local/lib/python3.8/site-packages/airflow/example_dags/example_setup_teardown.py
[2025-10-17T07:36:44.641+0000] {processor.py:829} INFO - Processing file /home/airflow/.local/lib/python3.8/site-packages/airflow/example_dags/example_setup_teardown.py for tasks to queue
[2025-10-17T07:36:44.644+0000] {logging_mixin.py:154} INFO - [2025-10-17T07:36:44.643+0000] {dagbag.py:536} INFO - Filling up the DagBag from /home/airflow/.local/lib/python3.8/site-packages/airflow/example_dags/example_setup_teardown.py
[2025-10-17T07:36:44.649+0000] {processor.py:839} INFO - DAG(s) dict_keys(['example_setup_teardown']) retrieved from /home/airflow/.local/lib/python3.8/site-packages/airflow/example_dags/example_setup_teardown.py
[2025-10-17T07:36:44.669+0000] {logging_mixin.py:154} INFO - [2025-10-17T07:36:44.669+0000] {dag.py:2941} INFO - Sync 1 DAGs
[2025-10-17T07:36:44.688+0000] {logging_mixin.py:154} INFO - [2025-10-17T07:36:44.687+0000] {dag.py:3722} INFO - Setting next_dagrun for example_setup_teardown to 2025-10-16T07:36:44.687735+00:00, run_after=2025-10-17T07:36:44.687735+00:00
[2025-10-17T07:36:44.704+0000] {processor.py:179} INFO - Processing /home/airflow/.local/lib/python3.8/site-packages/airflow/example_dags/example_setup_teardown.py took 0.067 seconds
[2025-10-17T07:37:15.066+0000] {processor.py:157} INFO - Started process (PID=246) to work on /home/airflow/.local/lib/python3.8/site-packages/airflow/example_dags/example_setup_teardown.py
[2025-10-17T07:37:15.067+0000] {processor.py:829} INFO - Processing file /home/airflow/.local/lib/python3.8/site-packages/airflow/example_dags/example_setup_teardown.py for tasks to queue
[2025-10-17T07:37:15.070+0000] {logging_mixin.py:154} INFO - [2025-10-17T07:37:15.069+0000] {dagbag.py:536} INFO - Filling up the DagBag from /home/airflow/.local/lib/python3.8/site-packages/airflow/example_dags/example_setup_teardown.py
[2025-10-17T07:37:15.075+0000] {processor.py:839} INFO - DAG(s) dict_keys(['example_setup_teardown']) retrieved from /home/airflow/.local/lib/python3.8/site-packages/airflow/example_dags/example_setup_teardown.py
[2025-10-17T07:37:15.094+0000] {logging_mixin.py:154} INFO - [2025-10-17T07:37:15.094+0000] {dag.py:2941} INFO - Sync 1 DAGs
[2025-10-17T07:37:15.114+0000] {logging_mixin.py:154} INFO - [2025-10-17T07:37:15.113+0000] {dag.py:3722} INFO - Setting next_dagrun for example_setup_teardown to 2025-10-16T07:37:15.113678+00:00, run_after=2025-10-17T07:37:15.113678+00:00
[2025-10-17T07:37:15.131+0000] {processor.py:179} INFO - Processing /home/airflow/.local/lib/python3.8/site-packages/airflow/example_dags/example_setup_teardown.py took 0.068 seconds
[2025-10-17T07:38:45.113+0000] {processor.py:157} INFO - Started process (PID=79) to work on /home/airflow/.local/lib/python3.8/site-packages/airflow/example_dags/example_setup_teardown.py
[2025-10-17T07:38:45.115+0000] {processor.py:829} INFO - Processing file /home/airflow/.local/lib/python3.8/site-packages/airflow/example_dags/example_setup_teardown.py for tasks to queue
[2025-10-17T07:38:45.120+0000] {logging_mixin.py:154} INFO - [2025-10-17T07:38:45.120+0000] {dagbag.py:536} INFO - Filling up the DagBag from /home/airflow/.local/lib/python3.8/site-packages/airflow/example_dags/example_setup_teardown.py
[2025-10-17T07:38:45.136+0000] {processor.py:839} INFO - DAG(s) dict_keys(['example_setup_teardown']) retrieved from /home/airflow/.local/lib/python3.8/site-packages/airflow/example_dags/example_setup_teardown.py
[2025-10-17T07:38:45.328+0000] {logging_mixin.py:154} INFO - [2025-10-17T07:38:45.328+0000] {manager.py:499} INFO - Created Permission View: %s
[2025-10-17T07:38:45.345+0000] {logging_mixin.py:154} INFO - [2025-10-17T07:38:45.345+0000] {manager.py:499} INFO - Created Permission View: %s
[2025-10-17T07:38:45.355+0000] {logging_mixin.py:154} INFO - [2025-10-17T07:38:45.355+0000] {manager.py:499} INFO - Created Permission View: %s
[2025-10-17T07:38:45.355+0000] {logging_mixin.py:154} INFO - [2025-10-17T07:38:45.355+0000] {dag.py:2941} INFO - Sync 1 DAGs
[2025-10-17T07:38:45.368+0000] {logging_mixin.py:154} INFO - [2025-10-17T07:38:45.368+0000] {dag.py:2963} INFO - Creating ORM DAG for example_setup_teardown
[2025-10-17T07:38:45.379+0000] {logging_mixin.py:154} INFO - [2025-10-17T07:38:45.379+0000] {dag.py:3722} INFO - Setting next_dagrun for example_setup_teardown to 2025-10-16T07:38:45.379263+00:00, run_after=2025-10-17T07:38:45.379263+00:00
[2025-10-17T07:38:45.400+0000] {processor.py:179} INFO - Processing /home/airflow/.local/lib/python3.8/site-packages/airflow/example_dags/example_setup_teardown.py took 0.292 seconds
[2025-10-17T07:39:15.485+0000] {processor.py:157} INFO - Started process (PID=135) to work on /home/airflow/.local/lib/python3.8/site-packages/airflow/example_dags/example_setup_teardown.py
[2025-10-17T07:39:15.487+0000] {processor.py:829} INFO - Processing file /home/airflow/.local/lib/python3.8/site-packages/airflow/example_dags/example_setup_teardown.py for tasks to queue
[2025-10-17T07:39:15.490+0000] {logging_mixin.py:154} INFO - [2025-10-17T07:39:15.490+0000] {dagbag.py:536} INFO - Filling up the DagBag from /home/airflow/.local/lib/python3.8/site-packages/airflow/example_dags/example_setup_teardown.py
[2025-10-17T07:39:15.498+0000] {processor.py:839} INFO - DAG(s) dict_keys(['example_setup_teardown']) retrieved from /home/airflow/.local/lib/python3.8/site-packages/airflow/example_dags/example_setup_teardown.py
[2025-10-17T07:39:15.523+0000] {logging_mixin.py:154} INFO - [2025-10-17T07:39:15.522+0000] {dag.py:2941} INFO - Sync 1 DAGs
[2025-10-17T07:39:15.549+0000] {logging_mixin.py:154} INFO - [2025-10-17T07:39:15.548+0000] {dag.py:3722} INFO - Setting next_dagrun for example_setup_teardown to 2025-10-16T07:39:15.548376+00:00, run_after=2025-10-17T07:39:15.548376+00:00
[2025-10-17T07:39:15.573+0000] {processor.py:179} INFO - Processing /home/airflow/.local/lib/python3.8/site-packages/airflow/example_dags/example_setup_teardown.py took 0.093 seconds
[2025-10-17T07:39:45.669+0000] {processor.py:157} INFO - Started process (PID=191) to work on /home/airflow/.local/lib/python3.8/site-packages/airflow/example_dags/example_setup_teardown.py
[2025-10-17T07:39:45.670+0000] {processor.py:829} INFO - Processing file /home/airflow/.local/lib/python3.8/site-packages/airflow/example_dags/example_setup_teardown.py for tasks to queue
[2025-10-17T07:39:45.673+0000] {logging_mixin.py:154} INFO - [2025-10-17T07:39:45.672+0000] {dagbag.py:536} INFO - Filling up the DagBag from /home/airflow/.local/lib/python3.8/site-packages/airflow/example_dags/example_setup_teardown.py
[2025-10-17T07:39:45.678+0000] {processor.py:839} INFO - DAG(s) dict_keys(['example_setup_teardown']) retrieved from /home/airflow/.local/lib/python3.8/site-packages/airflow/example_dags/example_setup_teardown.py
[2025-10-17T07:39:45.696+0000] {logging_mixin.py:154} INFO - [2025-10-17T07:39:45.696+0000] {dag.py:2941} INFO - Sync 1 DAGs
[2025-10-17T07:39:45.714+0000] {logging_mixin.py:154} INFO - [2025-10-17T07:39:45.714+0000] {dag.py:3722} INFO - Setting next_dagrun for example_setup_teardown to 2025-10-16T07:39:45.714008+00:00, run_after=2025-10-17T07:39:45.714008+00:00
[2025-10-17T07:39:45.731+0000] {processor.py:179} INFO - Processing /home/airflow/.local/lib/python3.8/site-packages/airflow/example_dags/example_setup_teardown.py took 0.065 seconds
[2025-10-17T07:40:17.038+0000] {processor.py:157} INFO - Started process (PID=247) to work on /home/airflow/.local/lib/python3.8/site-packages/airflow/example_dags/example_setup_teardown.py
[2025-10-17T07:40:17.039+0000] {processor.py:829} INFO - Processing file /home/airflow/.local/lib/python3.8/site-packages/airflow/example_dags/example_setup_teardown.py for tasks to queue
[2025-10-17T07:40:17.041+0000] {logging_mixin.py:154} INFO - [2025-10-17T07:40:17.041+0000] {dagbag.py:536} INFO - Filling up the DagBag from /home/airflow/.local/lib/python3.8/site-packages/airflow/example_dags/example_setup_teardown.py
[2025-10-17T07:40:17.047+0000] {processor.py:839} INFO - DAG(s) dict_keys(['example_setup_teardown']) retrieved from /home/airflow/.local/lib/python3.8/site-packages/airflow/example_dags/example_setup_teardown.py
[2025-10-17T07:40:17.066+0000] {logging_mixin.py:154} INFO - [2025-10-17T07:40:17.066+0000] {dag.py:2941} INFO - Sync 1 DAGs
[2025-10-17T07:40:17.085+0000] {logging_mixin.py:154} INFO - [2025-10-17T07:40:17.084+0000] {dag.py:3722} INFO - Setting next_dagrun for example_setup_teardown to 2025-10-16T07:40:17.084600+00:00, run_after=2025-10-17T07:40:17.084600+00:00
[2025-10-17T07:40:17.101+0000] {processor.py:179} INFO - Processing /home/airflow/.local/lib/python3.8/site-packages/airflow/example_dags/example_setup_teardown.py took 0.067 seconds
[2025-10-17T07:40:47.610+0000] {processor.py:157} INFO - Started process (PID=303) to work on /home/airflow/.local/lib/python3.8/site-packages/airflow/example_dags/example_setup_teardown.py
[2025-10-17T07:40:47.611+0000] {processor.py:829} INFO - Processing file /home/airflow/.local/lib/python3.8/site-packages/airflow/example_dags/example_setup_teardown.py for tasks to queue
[2025-10-17T07:40:47.614+0000] {logging_mixin.py:154} INFO - [2025-10-17T07:40:47.613+0000] {dagbag.py:536} INFO - Filling up the DagBag from /home/airflow/.local/lib/python3.8/site-packages/airflow/example_dags/example_setup_teardown.py
[2025-10-17T07:40:47.620+0000] {processor.py:839} INFO - DAG(s) dict_keys(['example_setup_teardown']) retrieved from /home/airflow/.local/lib/python3.8/site-packages/airflow/example_dags/example_setup_teardown.py
[2025-10-17T07:40:47.639+0000] {logging_mixin.py:154} INFO - [2025-10-17T07:40:47.639+0000] {dag.py:2941} INFO - Sync 1 DAGs
[2025-10-17T07:40:47.659+0000] {logging_mixin.py:154} INFO - [2025-10-17T07:40:47.658+0000] {dag.py:3722} INFO - Setting next_dagrun for example_setup_teardown to 2025-10-16T07:40:47.658703+00:00, run_after=2025-10-17T07:40:47.658703+00:00
[2025-10-17T07:40:47.675+0000] {processor.py:179} INFO - Processing /home/airflow/.local/lib/python3.8/site-packages/airflow/example_dags/example_setup_teardown.py took 0.068 seconds
[2025-10-17T07:41:18.224+0000] {processor.py:157} INFO - Started process (PID=359) to work on /home/airflow/.local/lib/python3.8/site-packages/airflow/example_dags/example_setup_teardown.py
[2025-10-17T07:41:18.225+0000] {processor.py:829} INFO - Processing file /home/airflow/.local/lib/python3.8/site-packages/airflow/example_dags/example_setup_teardown.py for tasks to queue
[2025-10-17T07:41:18.228+0000] {logging_mixin.py:154} INFO - [2025-10-17T07:41:18.227+0000] {dagbag.py:536} INFO - Filling up the DagBag from /home/airflow/.local/lib/python3.8/site-packages/airflow/example_dags/example_setup_teardown.py
[2025-10-17T07:41:18.235+0000] {processor.py:839} INFO - DAG(s) dict_keys(['example_setup_teardown']) retrieved from /home/airflow/.local/lib/python3.8/site-packages/airflow/example_dags/example_setup_teardown.py
[2025-10-17T07:41:18.258+0000] {logging_mixin.py:154} INFO - [2025-10-17T07:41:18.258+0000] {dag.py:2941} INFO - Sync 1 DAGs
[2025-10-17T07:41:18.279+0000] {logging_mixin.py:154} INFO - [2025-10-17T07:41:18.279+0000] {dag.py:3722} INFO - Setting next_dagrun for example_setup_teardown to 2025-10-16T07:41:18.278921+00:00, run_after=2025-10-17T07:41:18.278921+00:00
[2025-10-17T07:41:18.298+0000] {processor.py:179} INFO - Processing /home/airflow/.local/lib/python3.8/site-packages/airflow/example_dags/example_setup_teardown.py took 0.077 seconds
[2025-10-17T07:42:28.332+0000] {processor.py:157} INFO - Started process (PID=71) to work on /home/airflow/.local/lib/python3.8/site-packages/airflow/example_dags/example_setup_teardown.py
[2025-10-17T07:42:28.334+0000] {processor.py:829} INFO - Processing file /home/airflow/.local/lib/python3.8/site-packages/airflow/example_dags/example_setup_teardown.py for tasks to queue
[2025-10-17T07:42:28.339+0000] {logging_mixin.py:154} INFO - [2025-10-17T07:42:28.338+0000] {dagbag.py:536} INFO - Filling up the DagBag from /home/airflow/.local/lib/python3.8/site-packages/airflow/example_dags/example_setup_teardown.py
[2025-10-17T07:42:28.356+0000] {processor.py:839} INFO - DAG(s) dict_keys(['example_setup_teardown']) retrieved from /home/airflow/.local/lib/python3.8/site-packages/airflow/example_dags/example_setup_teardown.py
[2025-10-17T07:42:28.537+0000] {logging_mixin.py:154} INFO - [2025-10-17T07:42:28.537+0000] {manager.py:499} INFO - Created Permission View: %s
[2025-10-17T07:42:28.563+0000] {logging_mixin.py:154} INFO - [2025-10-17T07:42:28.562+0000] {manager.py:499} INFO - Created Permission View: %s
[2025-10-17T07:42:28.576+0000] {logging_mixin.py:154} INFO - [2025-10-17T07:42:28.575+0000] {manager.py:499} INFO - Created Permission View: %s
[2025-10-17T07:42:28.577+0000] {logging_mixin.py:154} INFO - [2025-10-17T07:42:28.577+0000] {dag.py:2941} INFO - Sync 1 DAGs
[2025-10-17T07:42:28.599+0000] {logging_mixin.py:154} INFO - [2025-10-17T07:42:28.599+0000] {dag.py:2963} INFO - Creating ORM DAG for example_setup_teardown
[2025-10-17T07:42:28.613+0000] {logging_mixin.py:154} INFO - [2025-10-17T07:42:28.613+0000] {dag.py:3722} INFO - Setting next_dagrun for example_setup_teardown to 2025-10-16T07:42:28.612940+00:00, run_after=2025-10-17T07:42:28.612940+00:00
[2025-10-17T07:42:28.638+0000] {processor.py:179} INFO - Processing /home/airflow/.local/lib/python3.8/site-packages/airflow/example_dags/example_setup_teardown.py took 0.313 seconds
[2025-10-17T07:42:59.081+0000] {processor.py:157} INFO - Started process (PID=134) to work on /home/airflow/.local/lib/python3.8/site-packages/airflow/example_dags/example_setup_teardown.py
[2025-10-17T07:42:59.083+0000] {processor.py:829} INFO - Processing file /home/airflow/.local/lib/python3.8/site-packages/airflow/example_dags/example_setup_teardown.py for tasks to queue
[2025-10-17T07:42:59.085+0000] {logging_mixin.py:154} INFO - [2025-10-17T07:42:59.085+0000] {dagbag.py:536} INFO - Filling up the DagBag from /home/airflow/.local/lib/python3.8/site-packages/airflow/example_dags/example_setup_teardown.py
[2025-10-17T07:42:59.091+0000] {processor.py:839} INFO - DAG(s) dict_keys(['example_setup_teardown']) retrieved from /home/airflow/.local/lib/python3.8/site-packages/airflow/example_dags/example_setup_teardown.py
[2025-10-17T07:42:59.112+0000] {logging_mixin.py:154} INFO - [2025-10-17T07:42:59.111+0000] {dag.py:2941} INFO - Sync 1 DAGs
[2025-10-17T07:42:59.133+0000] {logging_mixin.py:154} INFO - [2025-10-17T07:42:59.133+0000] {dag.py:3722} INFO - Setting next_dagrun for example_setup_teardown to 2025-10-16T07:42:59.133363+00:00, run_after=2025-10-17T07:42:59.133363+00:00
[2025-10-17T07:42:59.155+0000] {processor.py:179} INFO - Processing /home/airflow/.local/lib/python3.8/site-packages/airflow/example_dags/example_setup_teardown.py took 0.077 seconds
[2025-10-17T07:44:25.638+0000] {processor.py:157} INFO - Started process (PID=71) to work on /home/airflow/.local/lib/python3.8/site-packages/airflow/example_dags/example_setup_teardown.py
[2025-10-17T07:44:25.639+0000] {processor.py:829} INFO - Processing file /home/airflow/.local/lib/python3.8/site-packages/airflow/example_dags/example_setup_teardown.py for tasks to queue
[2025-10-17T07:44:25.642+0000] {logging_mixin.py:154} INFO - [2025-10-17T07:44:25.642+0000] {dagbag.py:536} INFO - Filling up the DagBag from /home/airflow/.local/lib/python3.8/site-packages/airflow/example_dags/example_setup_teardown.py
[2025-10-17T07:44:25.653+0000] {processor.py:839} INFO - DAG(s) dict_keys(['example_setup_teardown']) retrieved from /home/airflow/.local/lib/python3.8/site-packages/airflow/example_dags/example_setup_teardown.py
[2025-10-17T07:44:25.758+0000] {logging_mixin.py:154} INFO - [2025-10-17T07:44:25.758+0000] {manager.py:499} INFO - Created Permission View: %s
[2025-10-17T07:44:25.767+0000] {logging_mixin.py:154} INFO - [2025-10-17T07:44:25.767+0000] {manager.py:499} INFO - Created Permission View: %s
[2025-10-17T07:44:25.773+0000] {logging_mixin.py:154} INFO - [2025-10-17T07:44:25.772+0000] {manager.py:499} INFO - Created Permission View: %s
[2025-10-17T07:44:25.773+0000] {logging_mixin.py:154} INFO - [2025-10-17T07:44:25.773+0000] {dag.py:2941} INFO - Sync 1 DAGs
[2025-10-17T07:44:25.785+0000] {logging_mixin.py:154} INFO - [2025-10-17T07:44:25.784+0000] {dag.py:2963} INFO - Creating ORM DAG for example_setup_teardown
[2025-10-17T07:44:25.793+0000] {logging_mixin.py:154} INFO - [2025-10-17T07:44:25.793+0000] {dag.py:3722} INFO - Setting next_dagrun for example_setup_teardown to 2025-10-16T07:44:25.793384+00:00, run_after=2025-10-17T07:44:25.793384+00:00
[2025-10-17T07:44:25.809+0000] {processor.py:179} INFO - Processing /home/airflow/.local/lib/python3.8/site-packages/airflow/example_dags/example_setup_teardown.py took 0.175 seconds
[2025-10-17T07:44:36.133+0000] {processor.py:157} INFO - Started process (PID=63) to work on /home/airflow/.local/lib/python3.8/site-packages/airflow/example_dags/example_setup_teardown.py
[2025-10-17T07:44:36.134+0000] {processor.py:829} INFO - Processing file /home/airflow/.local/lib/python3.8/site-packages/airflow/example_dags/example_setup_teardown.py for tasks to queue
[2025-10-17T07:44:36.136+0000] {logging_mixin.py:154} INFO - [2025-10-17T07:44:36.136+0000] {dagbag.py:536} INFO - Filling up the DagBag from /home/airflow/.local/lib/python3.8/site-packages/airflow/example_dags/example_setup_teardown.py
[2025-10-17T07:44:36.144+0000] {processor.py:839} INFO - DAG(s) dict_keys(['example_setup_teardown']) retrieved from /home/airflow/.local/lib/python3.8/site-packages/airflow/example_dags/example_setup_teardown.py
[2025-10-17T07:44:36.158+0000] {logging_mixin.py:154} INFO - [2025-10-17T07:44:36.158+0000] {dag.py:2941} INFO - Sync 1 DAGs
[2025-10-17T07:44:36.178+0000] {logging_mixin.py:154} INFO - [2025-10-17T07:44:36.177+0000] {dag.py:3722} INFO - Setting next_dagrun for example_setup_teardown to 2025-10-16T07:44:36.177708+00:00, run_after=2025-10-17T07:44:36.177708+00:00
[2025-10-17T07:44:36.195+0000] {processor.py:179} INFO - Processing /home/airflow/.local/lib/python3.8/site-packages/airflow/example_dags/example_setup_teardown.py took 0.066 seconds
[2025-10-17T07:45:06.668+0000] {processor.py:157} INFO - Started process (PID=119) to work on /home/airflow/.local/lib/python3.8/site-packages/airflow/example_dags/example_setup_teardown.py
[2025-10-17T07:45:06.669+0000] {processor.py:829} INFO - Processing file /home/airflow/.local/lib/python3.8/site-packages/airflow/example_dags/example_setup_teardown.py for tasks to queue
[2025-10-17T07:45:06.671+0000] {logging_mixin.py:154} INFO - [2025-10-17T07:45:06.670+0000] {dagbag.py:536} INFO - Filling up the DagBag from /home/airflow/.local/lib/python3.8/site-packages/airflow/example_dags/example_setup_teardown.py
[2025-10-17T07:45:06.677+0000] {processor.py:839} INFO - DAG(s) dict_keys(['example_setup_teardown']) retrieved from /home/airflow/.local/lib/python3.8/site-packages/airflow/example_dags/example_setup_teardown.py
[2025-10-17T07:45:06.695+0000] {logging_mixin.py:154} INFO - [2025-10-17T07:45:06.695+0000] {dag.py:2941} INFO - Sync 1 DAGs
[2025-10-17T07:45:06.713+0000] {logging_mixin.py:154} INFO - [2025-10-17T07:45:06.713+0000] {dag.py:3722} INFO - Setting next_dagrun for example_setup_teardown to 2025-10-16T07:45:06.713342+00:00, run_after=2025-10-17T07:45:06.713342+00:00
[2025-10-17T07:45:06.730+0000] {processor.py:179} INFO - Processing /home/airflow/.local/lib/python3.8/site-packages/airflow/example_dags/example_setup_teardown.py took 0.065 seconds
[2025-10-17T07:46:20.315+0000] {processor.py:157} INFO - Started process (PID=71) to work on /home/airflow/.local/lib/python3.8/site-packages/airflow/example_dags/example_setup_teardown.py
[2025-10-17T07:46:20.316+0000] {processor.py:829} INFO - Processing file /home/airflow/.local/lib/python3.8/site-packages/airflow/example_dags/example_setup_teardown.py for tasks to queue
[2025-10-17T07:46:20.319+0000] {logging_mixin.py:154} INFO - [2025-10-17T07:46:20.319+0000] {dagbag.py:536} INFO - Filling up the DagBag from /home/airflow/.local/lib/python3.8/site-packages/airflow/example_dags/example_setup_teardown.py
[2025-10-17T07:46:20.330+0000] {processor.py:839} INFO - DAG(s) dict_keys(['example_setup_teardown']) retrieved from /home/airflow/.local/lib/python3.8/site-packages/airflow/example_dags/example_setup_teardown.py
[2025-10-17T07:46:20.456+0000] {logging_mixin.py:154} INFO - [2025-10-17T07:46:20.456+0000] {manager.py:499} INFO - Created Permission View: %s
[2025-10-17T07:46:20.473+0000] {logging_mixin.py:154} INFO - [2025-10-17T07:46:20.472+0000] {manager.py:499} INFO - Created Permission View: %s
[2025-10-17T07:46:20.484+0000] {logging_mixin.py:154} INFO - [2025-10-17T07:46:20.483+0000] {manager.py:499} INFO - Created Permission View: %s
[2025-10-17T07:46:20.484+0000] {logging_mixin.py:154} INFO - [2025-10-17T07:46:20.484+0000] {dag.py:2941} INFO - Sync 1 DAGs
[2025-10-17T07:46:20.499+0000] {logging_mixin.py:154} INFO - [2025-10-17T07:46:20.498+0000] {dag.py:2963} INFO - Creating ORM DAG for example_setup_teardown
[2025-10-17T07:46:20.509+0000] {logging_mixin.py:154} INFO - [2025-10-17T07:46:20.509+0000] {dag.py:3722} INFO - Setting next_dagrun for example_setup_teardown to 2025-10-16T07:46:20.508741+00:00, run_after=2025-10-17T07:46:20.508741+00:00
[2025-10-17T07:46:20.529+0000] {processor.py:179} INFO - Processing /home/airflow/.local/lib/python3.8/site-packages/airflow/example_dags/example_setup_teardown.py took 0.217 seconds
[2025-10-17T07:46:51.476+0000] {processor.py:157} INFO - Started process (PID=127) to work on /home/airflow/.local/lib/python3.8/site-packages/airflow/example_dags/example_setup_teardown.py
[2025-10-17T07:46:51.477+0000] {processor.py:829} INFO - Processing file /home/airflow/.local/lib/python3.8/site-packages/airflow/example_dags/example_setup_teardown.py for tasks to queue
[2025-10-17T07:46:51.480+0000] {logging_mixin.py:154} INFO - [2025-10-17T07:46:51.480+0000] {dagbag.py:536} INFO - Filling up the DagBag from /home/airflow/.local/lib/python3.8/site-packages/airflow/example_dags/example_setup_teardown.py
[2025-10-17T07:46:51.486+0000] {processor.py:839} INFO - DAG(s) dict_keys(['example_setup_teardown']) retrieved from /home/airflow/.local/lib/python3.8/site-packages/airflow/example_dags/example_setup_teardown.py
[2025-10-17T07:46:51.511+0000] {logging_mixin.py:154} INFO - [2025-10-17T07:46:51.510+0000] {dag.py:2941} INFO - Sync 1 DAGs
[2025-10-17T07:46:51.529+0000] {logging_mixin.py:154} INFO - [2025-10-17T07:46:51.529+0000] {dag.py:3722} INFO - Setting next_dagrun for example_setup_teardown to 2025-10-16T07:46:51.529156+00:00, run_after=2025-10-17T07:46:51.529156+00:00
[2025-10-17T07:46:51.547+0000] {processor.py:179} INFO - Processing /home/airflow/.local/lib/python3.8/site-packages/airflow/example_dags/example_setup_teardown.py took 0.074 seconds
[2025-10-17T07:47:22.419+0000] {processor.py:157} INFO - Started process (PID=190) to work on /home/airflow/.local/lib/python3.8/site-packages/airflow/example_dags/example_setup_teardown.py
[2025-10-17T07:47:22.420+0000] {processor.py:829} INFO - Processing file /home/airflow/.local/lib/python3.8/site-packages/airflow/example_dags/example_setup_teardown.py for tasks to queue
[2025-10-17T07:47:22.423+0000] {logging_mixin.py:154} INFO - [2025-10-17T07:47:22.422+0000] {dagbag.py:536} INFO - Filling up the DagBag from /home/airflow/.local/lib/python3.8/site-packages/airflow/example_dags/example_setup_teardown.py
[2025-10-17T07:47:22.429+0000] {processor.py:839} INFO - DAG(s) dict_keys(['example_setup_teardown']) retrieved from /home/airflow/.local/lib/python3.8/site-packages/airflow/example_dags/example_setup_teardown.py
[2025-10-17T07:47:22.453+0000] {logging_mixin.py:154} INFO - [2025-10-17T07:47:22.453+0000] {dag.py:2941} INFO - Sync 1 DAGs
[2025-10-17T07:47:22.482+0000] {logging_mixin.py:154} INFO - [2025-10-17T07:47:22.482+0000] {dag.py:3722} INFO - Setting next_dagrun for example_setup_teardown to 2025-10-16T07:47:22.482085+00:00, run_after=2025-10-17T07:47:22.482085+00:00
[2025-10-17T07:47:22.503+0000] {processor.py:179} INFO - Processing /home/airflow/.local/lib/python3.8/site-packages/airflow/example_dags/example_setup_teardown.py took 0.087 seconds
[2025-10-17T07:47:52.995+0000] {processor.py:157} INFO - Started process (PID=246) to work on /home/airflow/.local/lib/python3.8/site-packages/airflow/example_dags/example_setup_teardown.py
[2025-10-17T07:47:52.996+0000] {processor.py:829} INFO - Processing file /home/airflow/.local/lib/python3.8/site-packages/airflow/example_dags/example_setup_teardown.py for tasks to queue
[2025-10-17T07:47:52.999+0000] {logging_mixin.py:154} INFO - [2025-10-17T07:47:52.998+0000] {dagbag.py:536} INFO - Filling up the DagBag from /home/airflow/.local/lib/python3.8/site-packages/airflow/example_dags/example_setup_teardown.py
[2025-10-17T07:47:53.004+0000] {processor.py:839} INFO - DAG(s) dict_keys(['example_setup_teardown']) retrieved from /home/airflow/.local/lib/python3.8/site-packages/airflow/example_dags/example_setup_teardown.py
[2025-10-17T07:47:53.025+0000] {logging_mixin.py:154} INFO - [2025-10-17T07:47:53.025+0000] {dag.py:2941} INFO - Sync 1 DAGs
[2025-10-17T07:47:53.044+0000] {logging_mixin.py:154} INFO - [2025-10-17T07:47:53.044+0000] {dag.py:3722} INFO - Setting next_dagrun for example_setup_teardown to 2025-10-16T07:47:53.044382+00:00, run_after=2025-10-17T07:47:53.044382+00:00
[2025-10-17T07:47:53.064+0000] {processor.py:179} INFO - Processing /home/airflow/.local/lib/python3.8/site-packages/airflow/example_dags/example_setup_teardown.py took 0.073 seconds
[2025-10-17T07:48:23.512+0000] {processor.py:157} INFO - Started process (PID=302) to work on /home/airflow/.local/lib/python3.8/site-packages/airflow/example_dags/example_setup_teardown.py
[2025-10-17T07:48:23.513+0000] {processor.py:829} INFO - Processing file /home/airflow/.local/lib/python3.8/site-packages/airflow/example_dags/example_setup_teardown.py for tasks to queue
[2025-10-17T07:48:23.516+0000] {logging_mixin.py:154} INFO - [2025-10-17T07:48:23.516+0000] {dagbag.py:536} INFO - Filling up the DagBag from /home/airflow/.local/lib/python3.8/site-packages/airflow/example_dags/example_setup_teardown.py
[2025-10-17T07:48:23.522+0000] {processor.py:839} INFO - DAG(s) dict_keys(['example_setup_teardown']) retrieved from /home/airflow/.local/lib/python3.8/site-packages/airflow/example_dags/example_setup_teardown.py
[2025-10-17T07:48:23.543+0000] {logging_mixin.py:154} INFO - [2025-10-17T07:48:23.543+0000] {dag.py:2941} INFO - Sync 1 DAGs
[2025-10-17T07:48:23.563+0000] {logging_mixin.py:154} INFO - [2025-10-17T07:48:23.562+0000] {dag.py:3722} INFO - Setting next_dagrun for example_setup_teardown to 2025-10-16T07:48:23.562653+00:00, run_after=2025-10-17T07:48:23.562653+00:00
[2025-10-17T07:48:23.581+0000] {processor.py:179} INFO - Processing /home/airflow/.local/lib/python3.8/site-packages/airflow/example_dags/example_setup_teardown.py took 0.072 seconds
[2025-10-17T07:48:54.434+0000] {processor.py:157} INFO - Started process (PID=358) to work on /home/airflow/.local/lib/python3.8/site-packages/airflow/example_dags/example_setup_teardown.py
[2025-10-17T07:48:54.436+0000] {processor.py:829} INFO - Processing file /home/airflow/.local/lib/python3.8/site-packages/airflow/example_dags/example_setup_teardown.py for tasks to queue
[2025-10-17T07:48:54.438+0000] {logging_mixin.py:154} INFO - [2025-10-17T07:48:54.438+0000] {dagbag.py:536} INFO - Filling up the DagBag from /home/airflow/.local/lib/python3.8/site-packages/airflow/example_dags/example_setup_teardown.py
[2025-10-17T07:48:54.444+0000] {processor.py:839} INFO - DAG(s) dict_keys(['example_setup_teardown']) retrieved from /home/airflow/.local/lib/python3.8/site-packages/airflow/example_dags/example_setup_teardown.py
[2025-10-17T07:48:54.464+0000] {logging_mixin.py:154} INFO - [2025-10-17T07:48:54.464+0000] {dag.py:2941} INFO - Sync 1 DAGs
[2025-10-17T07:48:54.482+0000] {logging_mixin.py:154} INFO - [2025-10-17T07:48:54.482+0000] {dag.py:3722} INFO - Setting next_dagrun for example_setup_teardown to 2025-10-16T07:48:54.482100+00:00, run_after=2025-10-17T07:48:54.482100+00:00
[2025-10-17T07:48:54.499+0000] {processor.py:179} INFO - Processing /home/airflow/.local/lib/python3.8/site-packages/airflow/example_dags/example_setup_teardown.py took 0.069 seconds
[2025-10-17T07:49:24.931+0000] {processor.py:157} INFO - Started process (PID=414) to work on /home/airflow/.local/lib/python3.8/site-packages/airflow/example_dags/example_setup_teardown.py
[2025-10-17T07:49:24.933+0000] {processor.py:829} INFO - Processing file /home/airflow/.local/lib/python3.8/site-packages/airflow/example_dags/example_setup_teardown.py for tasks to queue
[2025-10-17T07:49:24.935+0000] {logging_mixin.py:154} INFO - [2025-10-17T07:49:24.935+0000] {dagbag.py:536} INFO - Filling up the DagBag from /home/airflow/.local/lib/python3.8/site-packages/airflow/example_dags/example_setup_teardown.py
[2025-10-17T07:49:24.942+0000] {processor.py:839} INFO - DAG(s) dict_keys(['example_setup_teardown']) retrieved from /home/airflow/.local/lib/python3.8/site-packages/airflow/example_dags/example_setup_teardown.py
[2025-10-17T07:49:24.962+0000] {logging_mixin.py:154} INFO - [2025-10-17T07:49:24.962+0000] {dag.py:2941} INFO - Sync 1 DAGs
[2025-10-17T07:49:24.981+0000] {logging_mixin.py:154} INFO - [2025-10-17T07:49:24.981+0000] {dag.py:3722} INFO - Setting next_dagrun for example_setup_teardown to 2025-10-16T07:49:24.981028+00:00, run_after=2025-10-17T07:49:24.981028+00:00
[2025-10-17T07:49:24.998+0000] {processor.py:179} INFO - Processing /home/airflow/.local/lib/python3.8/site-packages/airflow/example_dags/example_setup_teardown.py took 0.070 seconds
[2025-10-17T07:49:55.621+0000] {processor.py:157} INFO - Started process (PID=470) to work on /home/airflow/.local/lib/python3.8/site-packages/airflow/example_dags/example_setup_teardown.py
[2025-10-17T07:49:55.623+0000] {processor.py:829} INFO - Processing file /home/airflow/.local/lib/python3.8/site-packages/airflow/example_dags/example_setup_teardown.py for tasks to queue
[2025-10-17T07:49:55.626+0000] {logging_mixin.py:154} INFO - [2025-10-17T07:49:55.626+0000] {dagbag.py:536} INFO - Filling up the DagBag from /home/airflow/.local/lib/python3.8/site-packages/airflow/example_dags/example_setup_teardown.py
[2025-10-17T07:49:55.633+0000] {processor.py:839} INFO - DAG(s) dict_keys(['example_setup_teardown']) retrieved from /home/airflow/.local/lib/python3.8/site-packages/airflow/example_dags/example_setup_teardown.py
[2025-10-17T07:49:55.660+0000] {logging_mixin.py:154} INFO - [2025-10-17T07:49:55.659+0000] {dag.py:2941} INFO - Sync 1 DAGs
[2025-10-17T07:49:55.683+0000] {logging_mixin.py:154} INFO - [2025-10-17T07:49:55.683+0000] {dag.py:3722} INFO - Setting next_dagrun for example_setup_teardown to 2025-10-16T07:49:55.683258+00:00, run_after=2025-10-17T07:49:55.683258+00:00
[2025-10-17T07:49:55.707+0000] {processor.py:179} INFO - Processing /home/airflow/.local/lib/python3.8/site-packages/airflow/example_dags/example_setup_teardown.py took 0.090 seconds
[2025-10-17T07:50:25.857+0000] {processor.py:157} INFO - Started process (PID=526) to work on /home/airflow/.local/lib/python3.8/site-packages/airflow/example_dags/example_setup_teardown.py
[2025-10-17T07:50:25.859+0000] {processor.py:829} INFO - Processing file /home/airflow/.local/lib/python3.8/site-packages/airflow/example_dags/example_setup_teardown.py for tasks to queue
[2025-10-17T07:50:25.861+0000] {logging_mixin.py:154} INFO - [2025-10-17T07:50:25.861+0000] {dagbag.py:536} INFO - Filling up the DagBag from /home/airflow/.local/lib/python3.8/site-packages/airflow/example_dags/example_setup_teardown.py
[2025-10-17T07:50:25.867+0000] {processor.py:839} INFO - DAG(s) dict_keys(['example_setup_teardown']) retrieved from /home/airflow/.local/lib/python3.8/site-packages/airflow/example_dags/example_setup_teardown.py
[2025-10-17T07:50:25.888+0000] {logging_mixin.py:154} INFO - [2025-10-17T07:50:25.888+0000] {dag.py:2941} INFO - Sync 1 DAGs
[2025-10-17T07:50:25.908+0000] {logging_mixin.py:154} INFO - [2025-10-17T07:50:25.908+0000] {dag.py:3722} INFO - Setting next_dagrun for example_setup_teardown to 2025-10-16T07:50:25.907616+00:00, run_after=2025-10-17T07:50:25.907616+00:00
[2025-10-17T07:50:25.926+0000] {processor.py:179} INFO - Processing /home/airflow/.local/lib/python3.8/site-packages/airflow/example_dags/example_setup_teardown.py took 0.072 seconds
[2025-10-17T07:50:56.793+0000] {processor.py:157} INFO - Started process (PID=582) to work on /home/airflow/.local/lib/python3.8/site-packages/airflow/example_dags/example_setup_teardown.py
[2025-10-17T07:50:56.795+0000] {processor.py:829} INFO - Processing file /home/airflow/.local/lib/python3.8/site-packages/airflow/example_dags/example_setup_teardown.py for tasks to queue
[2025-10-17T07:50:56.797+0000] {logging_mixin.py:154} INFO - [2025-10-17T07:50:56.796+0000] {dagbag.py:536} INFO - Filling up the DagBag from /home/airflow/.local/lib/python3.8/site-packages/airflow/example_dags/example_setup_teardown.py
[2025-10-17T07:50:56.803+0000] {processor.py:839} INFO - DAG(s) dict_keys(['example_setup_teardown']) retrieved from /home/airflow/.local/lib/python3.8/site-packages/airflow/example_dags/example_setup_teardown.py
[2025-10-17T07:50:56.823+0000] {logging_mixin.py:154} INFO - [2025-10-17T07:50:56.823+0000] {dag.py:2941} INFO - Sync 1 DAGs
[2025-10-17T07:50:56.842+0000] {logging_mixin.py:154} INFO - [2025-10-17T07:50:56.841+0000] {dag.py:3722} INFO - Setting next_dagrun for example_setup_teardown to 2025-10-16T07:50:56.841738+00:00, run_after=2025-10-17T07:50:56.841738+00:00
[2025-10-17T07:50:56.857+0000] {processor.py:179} INFO - Processing /home/airflow/.local/lib/python3.8/site-packages/airflow/example_dags/example_setup_teardown.py took 0.067 seconds
[2025-10-17T07:51:27.335+0000] {processor.py:157} INFO - Started process (PID=638) to work on /home/airflow/.local/lib/python3.8/site-packages/airflow/example_dags/example_setup_teardown.py
[2025-10-17T07:51:27.336+0000] {processor.py:829} INFO - Processing file /home/airflow/.local/lib/python3.8/site-packages/airflow/example_dags/example_setup_teardown.py for tasks to queue
[2025-10-17T07:51:27.338+0000] {logging_mixin.py:154} INFO - [2025-10-17T07:51:27.338+0000] {dagbag.py:536} INFO - Filling up the DagBag from /home/airflow/.local/lib/python3.8/site-packages/airflow/example_dags/example_setup_teardown.py
[2025-10-17T07:51:27.345+0000] {processor.py:839} INFO - DAG(s) dict_keys(['example_setup_teardown']) retrieved from /home/airflow/.local/lib/python3.8/site-packages/airflow/example_dags/example_setup_teardown.py
[2025-10-17T07:51:27.365+0000] {logging_mixin.py:154} INFO - [2025-10-17T07:51:27.365+0000] {dag.py:2941} INFO - Sync 1 DAGs
[2025-10-17T07:51:27.391+0000] {logging_mixin.py:154} INFO - [2025-10-17T07:51:27.391+0000] {dag.py:3722} INFO - Setting next_dagrun for example_setup_teardown to 2025-10-16T07:51:27.390833+00:00, run_after=2025-10-17T07:51:27.390833+00:00
[2025-10-17T07:51:27.414+0000] {processor.py:179} INFO - Processing /home/airflow/.local/lib/python3.8/site-packages/airflow/example_dags/example_setup_teardown.py took 0.083 seconds
[2025-10-17T07:51:58.015+0000] {processor.py:157} INFO - Started process (PID=694) to work on /home/airflow/.local/lib/python3.8/site-packages/airflow/example_dags/example_setup_teardown.py
[2025-10-17T07:51:58.016+0000] {processor.py:829} INFO - Processing file /home/airflow/.local/lib/python3.8/site-packages/airflow/example_dags/example_setup_teardown.py for tasks to queue
[2025-10-17T07:51:58.018+0000] {logging_mixin.py:154} INFO - [2025-10-17T07:51:58.018+0000] {dagbag.py:536} INFO - Filling up the DagBag from /home/airflow/.local/lib/python3.8/site-packages/airflow/example_dags/example_setup_teardown.py
[2025-10-17T07:51:58.025+0000] {processor.py:839} INFO - DAG(s) dict_keys(['example_setup_teardown']) retrieved from /home/airflow/.local/lib/python3.8/site-packages/airflow/example_dags/example_setup_teardown.py
[2025-10-17T07:51:58.047+0000] {logging_mixin.py:154} INFO - [2025-10-17T07:51:58.047+0000] {dag.py:2941} INFO - Sync 1 DAGs
[2025-10-17T07:51:58.065+0000] {logging_mixin.py:154} INFO - [2025-10-17T07:51:58.064+0000] {dag.py:3722} INFO - Setting next_dagrun for example_setup_teardown to 2025-10-16T07:51:58.064708+00:00, run_after=2025-10-17T07:51:58.064708+00:00
[2025-10-17T07:51:58.080+0000] {processor.py:179} INFO - Processing /home/airflow/.local/lib/python3.8/site-packages/airflow/example_dags/example_setup_teardown.py took 0.068 seconds
[2025-10-17T08:08:53.249+0000] {processor.py:157} INFO - Started process (PID=79) to work on /home/airflow/.local/lib/python3.8/site-packages/airflow/example_dags/example_setup_teardown.py
[2025-10-17T08:08:53.251+0000] {processor.py:829} INFO - Processing file /home/airflow/.local/lib/python3.8/site-packages/airflow/example_dags/example_setup_teardown.py for tasks to queue
[2025-10-17T08:08:53.254+0000] {logging_mixin.py:154} INFO - [2025-10-17T08:08:53.254+0000] {dagbag.py:536} INFO - Filling up the DagBag from /home/airflow/.local/lib/python3.8/site-packages/airflow/example_dags/example_setup_teardown.py
[2025-10-17T08:08:53.268+0000] {processor.py:839} INFO - DAG(s) dict_keys(['example_setup_teardown']) retrieved from /home/airflow/.local/lib/python3.8/site-packages/airflow/example_dags/example_setup_teardown.py
[2025-10-17T08:08:53.379+0000] {logging_mixin.py:154} INFO - [2025-10-17T08:08:53.379+0000] {manager.py:499} INFO - Created Permission View: %s
[2025-10-17T08:08:53.390+0000] {logging_mixin.py:154} INFO - [2025-10-17T08:08:53.390+0000] {manager.py:499} INFO - Created Permission View: %s
[2025-10-17T08:08:53.399+0000] {logging_mixin.py:154} INFO - [2025-10-17T08:08:53.399+0000] {manager.py:499} INFO - Created Permission View: %s
[2025-10-17T08:08:53.400+0000] {logging_mixin.py:154} INFO - [2025-10-17T08:08:53.400+0000] {dag.py:2941} INFO - Sync 1 DAGs
[2025-10-17T08:08:53.421+0000] {logging_mixin.py:154} INFO - [2025-10-17T08:08:53.421+0000] {dag.py:2963} INFO - Creating ORM DAG for example_setup_teardown
[2025-10-17T08:08:53.430+0000] {logging_mixin.py:154} INFO - [2025-10-17T08:08:53.430+0000] {dag.py:3722} INFO - Setting next_dagrun for example_setup_teardown to 2025-10-16T08:08:53.429930+00:00, run_after=2025-10-17T08:08:53.429930+00:00
[2025-10-17T08:08:53.448+0000] {processor.py:179} INFO - Processing /home/airflow/.local/lib/python3.8/site-packages/airflow/example_dags/example_setup_teardown.py took 0.204 seconds
[2025-10-17T08:09:23.644+0000] {processor.py:157} INFO - Started process (PID=135) to work on /home/airflow/.local/lib/python3.8/site-packages/airflow/example_dags/example_setup_teardown.py
[2025-10-17T08:09:23.645+0000] {processor.py:829} INFO - Processing file /home/airflow/.local/lib/python3.8/site-packages/airflow/example_dags/example_setup_teardown.py for tasks to queue
[2025-10-17T08:09:23.648+0000] {logging_mixin.py:154} INFO - [2025-10-17T08:09:23.648+0000] {dagbag.py:536} INFO - Filling up the DagBag from /home/airflow/.local/lib/python3.8/site-packages/airflow/example_dags/example_setup_teardown.py
[2025-10-17T08:09:23.654+0000] {processor.py:839} INFO - DAG(s) dict_keys(['example_setup_teardown']) retrieved from /home/airflow/.local/lib/python3.8/site-packages/airflow/example_dags/example_setup_teardown.py
[2025-10-17T08:09:23.677+0000] {logging_mixin.py:154} INFO - [2025-10-17T08:09:23.677+0000] {dag.py:2941} INFO - Sync 1 DAGs
[2025-10-17T08:09:23.697+0000] {logging_mixin.py:154} INFO - [2025-10-17T08:09:23.697+0000] {dag.py:3722} INFO - Setting next_dagrun for example_setup_teardown to 2025-10-16T08:09:23.697433+00:00, run_after=2025-10-17T08:09:23.697433+00:00
[2025-10-17T08:09:23.717+0000] {processor.py:179} INFO - Processing /home/airflow/.local/lib/python3.8/site-packages/airflow/example_dags/example_setup_teardown.py took 0.077 seconds
[2025-10-17T08:09:54.657+0000] {processor.py:157} INFO - Started process (PID=191) to work on /home/airflow/.local/lib/python3.8/site-packages/airflow/example_dags/example_setup_teardown.py
[2025-10-17T08:09:54.659+0000] {processor.py:829} INFO - Processing file /home/airflow/.local/lib/python3.8/site-packages/airflow/example_dags/example_setup_teardown.py for tasks to queue
[2025-10-17T08:09:54.663+0000] {logging_mixin.py:154} INFO - [2025-10-17T08:09:54.662+0000] {dagbag.py:536} INFO - Filling up the DagBag from /home/airflow/.local/lib/python3.8/site-packages/airflow/example_dags/example_setup_teardown.py
[2025-10-17T08:09:54.672+0000] {processor.py:839} INFO - DAG(s) dict_keys(['example_setup_teardown']) retrieved from /home/airflow/.local/lib/python3.8/site-packages/airflow/example_dags/example_setup_teardown.py
[2025-10-17T08:09:54.698+0000] {logging_mixin.py:154} INFO - [2025-10-17T08:09:54.698+0000] {dag.py:2941} INFO - Sync 1 DAGs
[2025-10-17T08:09:54.723+0000] {logging_mixin.py:154} INFO - [2025-10-17T08:09:54.723+0000] {dag.py:3722} INFO - Setting next_dagrun for example_setup_teardown to 2025-10-16T08:09:54.722700+00:00, run_after=2025-10-17T08:09:54.722700+00:00
[2025-10-17T08:09:54.749+0000] {processor.py:179} INFO - Processing /home/airflow/.local/lib/python3.8/site-packages/airflow/example_dags/example_setup_teardown.py took 0.095 seconds
[2025-10-17T08:10:25.622+0000] {processor.py:157} INFO - Started process (PID=247) to work on /home/airflow/.local/lib/python3.8/site-packages/airflow/example_dags/example_setup_teardown.py
[2025-10-17T08:10:25.623+0000] {processor.py:829} INFO - Processing file /home/airflow/.local/lib/python3.8/site-packages/airflow/example_dags/example_setup_teardown.py for tasks to queue
[2025-10-17T08:10:25.625+0000] {logging_mixin.py:154} INFO - [2025-10-17T08:10:25.625+0000] {dagbag.py:536} INFO - Filling up the DagBag from /home/airflow/.local/lib/python3.8/site-packages/airflow/example_dags/example_setup_teardown.py
[2025-10-17T08:10:25.631+0000] {processor.py:839} INFO - DAG(s) dict_keys(['example_setup_teardown']) retrieved from /home/airflow/.local/lib/python3.8/site-packages/airflow/example_dags/example_setup_teardown.py
[2025-10-17T08:10:25.651+0000] {logging_mixin.py:154} INFO - [2025-10-17T08:10:25.651+0000] {dag.py:2941} INFO - Sync 1 DAGs
[2025-10-17T08:10:25.670+0000] {logging_mixin.py:154} INFO - [2025-10-17T08:10:25.670+0000] {dag.py:3722} INFO - Setting next_dagrun for example_setup_teardown to 2025-10-16T08:10:25.669827+00:00, run_after=2025-10-17T08:10:25.669827+00:00
[2025-10-17T08:10:25.686+0000] {processor.py:179} INFO - Processing /home/airflow/.local/lib/python3.8/site-packages/airflow/example_dags/example_setup_teardown.py took 0.068 seconds
[2025-10-17T08:10:56.402+0000] {processor.py:157} INFO - Started process (PID=303) to work on /home/airflow/.local/lib/python3.8/site-packages/airflow/example_dags/example_setup_teardown.py
[2025-10-17T08:10:56.403+0000] {processor.py:829} INFO - Processing file /home/airflow/.local/lib/python3.8/site-packages/airflow/example_dags/example_setup_teardown.py for tasks to queue
[2025-10-17T08:10:56.406+0000] {logging_mixin.py:154} INFO - [2025-10-17T08:10:56.406+0000] {dagbag.py:536} INFO - Filling up the DagBag from /home/airflow/.local/lib/python3.8/site-packages/airflow/example_dags/example_setup_teardown.py
[2025-10-17T08:10:56.413+0000] {processor.py:839} INFO - DAG(s) dict_keys(['example_setup_teardown']) retrieved from /home/airflow/.local/lib/python3.8/site-packages/airflow/example_dags/example_setup_teardown.py
[2025-10-17T08:10:56.438+0000] {logging_mixin.py:154} INFO - [2025-10-17T08:10:56.438+0000] {dag.py:2941} INFO - Sync 1 DAGs
[2025-10-17T08:10:56.462+0000] {logging_mixin.py:154} INFO - [2025-10-17T08:10:56.461+0000] {dag.py:3722} INFO - Setting next_dagrun for example_setup_teardown to 2025-10-16T08:10:56.461487+00:00, run_after=2025-10-17T08:10:56.461487+00:00
[2025-10-17T08:10:56.483+0000] {processor.py:179} INFO - Processing /home/airflow/.local/lib/python3.8/site-packages/airflow/example_dags/example_setup_teardown.py took 0.084 seconds
[2025-10-17T08:11:26.543+0000] {processor.py:157} INFO - Started process (PID=359) to work on /home/airflow/.local/lib/python3.8/site-packages/airflow/example_dags/example_setup_teardown.py
[2025-10-17T08:11:26.544+0000] {processor.py:829} INFO - Processing file /home/airflow/.local/lib/python3.8/site-packages/airflow/example_dags/example_setup_teardown.py for tasks to queue
[2025-10-17T08:11:26.547+0000] {logging_mixin.py:154} INFO - [2025-10-17T08:11:26.547+0000] {dagbag.py:536} INFO - Filling up the DagBag from /home/airflow/.local/lib/python3.8/site-packages/airflow/example_dags/example_setup_teardown.py
[2025-10-17T08:11:26.555+0000] {processor.py:839} INFO - DAG(s) dict_keys(['example_setup_teardown']) retrieved from /home/airflow/.local/lib/python3.8/site-packages/airflow/example_dags/example_setup_teardown.py
[2025-10-17T08:11:26.580+0000] {logging_mixin.py:154} INFO - [2025-10-17T08:11:26.579+0000] {dag.py:2941} INFO - Sync 1 DAGs
[2025-10-17T08:11:26.604+0000] {logging_mixin.py:154} INFO - [2025-10-17T08:11:26.604+0000] {dag.py:3722} INFO - Setting next_dagrun for example_setup_teardown to 2025-10-16T08:11:26.604228+00:00, run_after=2025-10-17T08:11:26.604228+00:00
[2025-10-17T08:11:26.625+0000] {processor.py:179} INFO - Processing /home/airflow/.local/lib/python3.8/site-packages/airflow/example_dags/example_setup_teardown.py took 0.086 seconds
[2025-10-17T08:12:35.212+0000] {processor.py:157} INFO - Started process (PID=80) to work on /home/airflow/.local/lib/python3.8/site-packages/airflow/example_dags/example_setup_teardown.py
[2025-10-17T08:12:35.213+0000] {processor.py:829} INFO - Processing file /home/airflow/.local/lib/python3.8/site-packages/airflow/example_dags/example_setup_teardown.py for tasks to queue
[2025-10-17T08:12:35.216+0000] {logging_mixin.py:154} INFO - [2025-10-17T08:12:35.215+0000] {dagbag.py:536} INFO - Filling up the DagBag from /home/airflow/.local/lib/python3.8/site-packages/airflow/example_dags/example_setup_teardown.py
[2025-10-17T08:12:35.224+0000] {processor.py:839} INFO - DAG(s) dict_keys(['example_setup_teardown']) retrieved from /home/airflow/.local/lib/python3.8/site-packages/airflow/example_dags/example_setup_teardown.py
[2025-10-17T08:12:35.334+0000] {logging_mixin.py:154} INFO - [2025-10-17T08:12:35.333+0000] {manager.py:499} INFO - Created Permission View: %s
[2025-10-17T08:12:35.347+0000] {logging_mixin.py:154} INFO - [2025-10-17T08:12:35.347+0000] {manager.py:499} INFO - Created Permission View: %s
[2025-10-17T08:12:35.356+0000] {logging_mixin.py:154} INFO - [2025-10-17T08:12:35.356+0000] {manager.py:499} INFO - Created Permission View: %s
[2025-10-17T08:12:35.357+0000] {logging_mixin.py:154} INFO - [2025-10-17T08:12:35.357+0000] {dag.py:2941} INFO - Sync 1 DAGs
[2025-10-17T08:12:35.375+0000] {logging_mixin.py:154} INFO - [2025-10-17T08:12:35.375+0000] {dag.py:2963} INFO - Creating ORM DAG for example_setup_teardown
[2025-10-17T08:12:35.390+0000] {logging_mixin.py:154} INFO - [2025-10-17T08:12:35.390+0000] {dag.py:3722} INFO - Setting next_dagrun for example_setup_teardown to 2025-10-16T08:12:35.389858+00:00, run_after=2025-10-17T08:12:35.389858+00:00
[2025-10-17T08:12:35.419+0000] {processor.py:179} INFO - Processing /home/airflow/.local/lib/python3.8/site-packages/airflow/example_dags/example_setup_teardown.py took 0.210 seconds
[2025-10-17T08:13:05.801+0000] {processor.py:157} INFO - Started process (PID=136) to work on /home/airflow/.local/lib/python3.8/site-packages/airflow/example_dags/example_setup_teardown.py
[2025-10-17T08:13:05.802+0000] {processor.py:829} INFO - Processing file /home/airflow/.local/lib/python3.8/site-packages/airflow/example_dags/example_setup_teardown.py for tasks to queue
[2025-10-17T08:13:05.805+0000] {logging_mixin.py:154} INFO - [2025-10-17T08:13:05.804+0000] {dagbag.py:536} INFO - Filling up the DagBag from /home/airflow/.local/lib/python3.8/site-packages/airflow/example_dags/example_setup_teardown.py
[2025-10-17T08:13:05.810+0000] {processor.py:839} INFO - DAG(s) dict_keys(['example_setup_teardown']) retrieved from /home/airflow/.local/lib/python3.8/site-packages/airflow/example_dags/example_setup_teardown.py
[2025-10-17T08:13:05.830+0000] {logging_mixin.py:154} INFO - [2025-10-17T08:13:05.830+0000] {dag.py:2941} INFO - Sync 1 DAGs
[2025-10-17T08:13:05.849+0000] {logging_mixin.py:154} INFO - [2025-10-17T08:13:05.849+0000] {dag.py:3722} INFO - Setting next_dagrun for example_setup_teardown to 2025-10-16T08:13:05.849082+00:00, run_after=2025-10-17T08:13:05.849082+00:00
[2025-10-17T08:13:05.867+0000] {processor.py:179} INFO - Processing /home/airflow/.local/lib/python3.8/site-packages/airflow/example_dags/example_setup_teardown.py took 0.070 seconds
[2025-10-17T08:13:36.367+0000] {processor.py:157} INFO - Started process (PID=192) to work on /home/airflow/.local/lib/python3.8/site-packages/airflow/example_dags/example_setup_teardown.py
[2025-10-17T08:13:36.368+0000] {processor.py:829} INFO - Processing file /home/airflow/.local/lib/python3.8/site-packages/airflow/example_dags/example_setup_teardown.py for tasks to queue
[2025-10-17T08:13:36.371+0000] {logging_mixin.py:154} INFO - [2025-10-17T08:13:36.371+0000] {dagbag.py:536} INFO - Filling up the DagBag from /home/airflow/.local/lib/python3.8/site-packages/airflow/example_dags/example_setup_teardown.py
[2025-10-17T08:13:36.377+0000] {processor.py:839} INFO - DAG(s) dict_keys(['example_setup_teardown']) retrieved from /home/airflow/.local/lib/python3.8/site-packages/airflow/example_dags/example_setup_teardown.py
[2025-10-17T08:13:36.396+0000] {logging_mixin.py:154} INFO - [2025-10-17T08:13:36.396+0000] {dag.py:2941} INFO - Sync 1 DAGs
[2025-10-17T08:13:36.415+0000] {logging_mixin.py:154} INFO - [2025-10-17T08:13:36.414+0000] {dag.py:3722} INFO - Setting next_dagrun for example_setup_teardown to 2025-10-16T08:13:36.414761+00:00, run_after=2025-10-17T08:13:36.414761+00:00
[2025-10-17T08:13:36.431+0000] {processor.py:179} INFO - Processing /home/airflow/.local/lib/python3.8/site-packages/airflow/example_dags/example_setup_teardown.py took 0.067 seconds
