[2025-10-17T07:19:48.088+0000] {processor.py:157} INFO - Started process (PID=587) to work on /home/airflow/.local/lib/python3.8/site-packages/airflow/example_dags/example_short_circuit_operator.py
[2025-10-17T07:19:48.090+0000] {processor.py:829} INFO - Processing file /home/airflow/.local/lib/python3.8/site-packages/airflow/example_dags/example_short_circuit_operator.py for tasks to queue
[2025-10-17T07:19:48.094+0000] {logging_mixin.py:154} INFO - [2025-10-17T07:19:48.093+0000] {dagbag.py:536} INFO - Filling up the DagBag from /home/airflow/.local/lib/python3.8/site-packages/airflow/example_dags/example_short_circuit_operator.py
[2025-10-17T07:19:48.110+0000] {processor.py:839} INFO - DAG(s) dict_keys(['example_short_circuit_operator']) retrieved from /home/airflow/.local/lib/python3.8/site-packages/airflow/example_dags/example_short_circuit_operator.py
[2025-10-17T07:19:48.160+0000] {logging_mixin.py:154} INFO - [2025-10-17T07:19:48.159+0000] {dag.py:2941} INFO - Sync 1 DAGs
[2025-10-17T07:19:48.206+0000] {logging_mixin.py:154} INFO - [2025-10-17T07:19:48.206+0000] {dag.py:3722} INFO - Setting next_dagrun for example_short_circuit_operator to 2025-10-16T07:19:48.205898+00:00, run_after=2025-10-17T07:19:48.205898+00:00
[2025-10-17T07:19:48.263+0000] {processor.py:179} INFO - Processing /home/airflow/.local/lib/python3.8/site-packages/airflow/example_dags/example_short_circuit_operator.py took 0.188 seconds
[2025-10-17T07:20:19.169+0000] {processor.py:157} INFO - Started process (PID=643) to work on /home/airflow/.local/lib/python3.8/site-packages/airflow/example_dags/example_short_circuit_operator.py
[2025-10-17T07:20:19.170+0000] {processor.py:829} INFO - Processing file /home/airflow/.local/lib/python3.8/site-packages/airflow/example_dags/example_short_circuit_operator.py for tasks to queue
[2025-10-17T07:20:19.173+0000] {logging_mixin.py:154} INFO - [2025-10-17T07:20:19.172+0000] {dagbag.py:536} INFO - Filling up the DagBag from /home/airflow/.local/lib/python3.8/site-packages/airflow/example_dags/example_short_circuit_operator.py
[2025-10-17T07:20:19.180+0000] {processor.py:839} INFO - DAG(s) dict_keys(['example_short_circuit_operator']) retrieved from /home/airflow/.local/lib/python3.8/site-packages/airflow/example_dags/example_short_circuit_operator.py
[2025-10-17T07:20:19.202+0000] {logging_mixin.py:154} INFO - [2025-10-17T07:20:19.201+0000] {dag.py:2941} INFO - Sync 1 DAGs
[2025-10-17T07:20:19.222+0000] {logging_mixin.py:154} INFO - [2025-10-17T07:20:19.222+0000] {dag.py:3722} INFO - Setting next_dagrun for example_short_circuit_operator to 2025-10-16T07:20:19.221903+00:00, run_after=2025-10-17T07:20:19.221903+00:00
[2025-10-17T07:20:19.244+0000] {processor.py:179} INFO - Processing /home/airflow/.local/lib/python3.8/site-packages/airflow/example_dags/example_short_circuit_operator.py took 0.078 seconds
[2025-10-17T07:20:49.855+0000] {processor.py:157} INFO - Started process (PID=699) to work on /home/airflow/.local/lib/python3.8/site-packages/airflow/example_dags/example_short_circuit_operator.py
[2025-10-17T07:20:49.858+0000] {processor.py:829} INFO - Processing file /home/airflow/.local/lib/python3.8/site-packages/airflow/example_dags/example_short_circuit_operator.py for tasks to queue
[2025-10-17T07:20:49.862+0000] {logging_mixin.py:154} INFO - [2025-10-17T07:20:49.861+0000] {dagbag.py:536} INFO - Filling up the DagBag from /home/airflow/.local/lib/python3.8/site-packages/airflow/example_dags/example_short_circuit_operator.py
[2025-10-17T07:20:49.873+0000] {processor.py:839} INFO - DAG(s) dict_keys(['example_short_circuit_operator']) retrieved from /home/airflow/.local/lib/python3.8/site-packages/airflow/example_dags/example_short_circuit_operator.py
[2025-10-17T07:20:49.914+0000] {logging_mixin.py:154} INFO - [2025-10-17T07:20:49.913+0000] {dag.py:2941} INFO - Sync 1 DAGs
[2025-10-17T07:20:49.954+0000] {logging_mixin.py:154} INFO - [2025-10-17T07:20:49.953+0000] {dag.py:3722} INFO - Setting next_dagrun for example_short_circuit_operator to 2025-10-16T07:20:49.953036+00:00, run_after=2025-10-17T07:20:49.953036+00:00
[2025-10-17T07:20:49.994+0000] {processor.py:179} INFO - Processing /home/airflow/.local/lib/python3.8/site-packages/airflow/example_dags/example_short_circuit_operator.py took 0.147 seconds
[2025-10-17T07:21:20.470+0000] {processor.py:157} INFO - Started process (PID=755) to work on /home/airflow/.local/lib/python3.8/site-packages/airflow/example_dags/example_short_circuit_operator.py
[2025-10-17T07:21:20.471+0000] {processor.py:829} INFO - Processing file /home/airflow/.local/lib/python3.8/site-packages/airflow/example_dags/example_short_circuit_operator.py for tasks to queue
[2025-10-17T07:21:20.473+0000] {logging_mixin.py:154} INFO - [2025-10-17T07:21:20.473+0000] {dagbag.py:536} INFO - Filling up the DagBag from /home/airflow/.local/lib/python3.8/site-packages/airflow/example_dags/example_short_circuit_operator.py
[2025-10-17T07:21:20.482+0000] {processor.py:839} INFO - DAG(s) dict_keys(['example_short_circuit_operator']) retrieved from /home/airflow/.local/lib/python3.8/site-packages/airflow/example_dags/example_short_circuit_operator.py
[2025-10-17T07:21:20.503+0000] {logging_mixin.py:154} INFO - [2025-10-17T07:21:20.503+0000] {dag.py:2941} INFO - Sync 1 DAGs
[2025-10-17T07:21:20.521+0000] {logging_mixin.py:154} INFO - [2025-10-17T07:21:20.521+0000] {dag.py:3722} INFO - Setting next_dagrun for example_short_circuit_operator to 2025-10-16T07:21:20.520792+00:00, run_after=2025-10-17T07:21:20.520792+00:00
[2025-10-17T07:21:20.540+0000] {processor.py:179} INFO - Processing /home/airflow/.local/lib/python3.8/site-packages/airflow/example_dags/example_short_circuit_operator.py took 0.073 seconds
[2025-10-17T07:21:51.119+0000] {processor.py:157} INFO - Started process (PID=811) to work on /home/airflow/.local/lib/python3.8/site-packages/airflow/example_dags/example_short_circuit_operator.py
[2025-10-17T07:21:51.122+0000] {processor.py:829} INFO - Processing file /home/airflow/.local/lib/python3.8/site-packages/airflow/example_dags/example_short_circuit_operator.py for tasks to queue
[2025-10-17T07:21:51.125+0000] {logging_mixin.py:154} INFO - [2025-10-17T07:21:51.124+0000] {dagbag.py:536} INFO - Filling up the DagBag from /home/airflow/.local/lib/python3.8/site-packages/airflow/example_dags/example_short_circuit_operator.py
[2025-10-17T07:21:51.134+0000] {processor.py:839} INFO - DAG(s) dict_keys(['example_short_circuit_operator']) retrieved from /home/airflow/.local/lib/python3.8/site-packages/airflow/example_dags/example_short_circuit_operator.py
[2025-10-17T07:21:51.162+0000] {logging_mixin.py:154} INFO - [2025-10-17T07:21:51.162+0000] {dag.py:2941} INFO - Sync 1 DAGs
[2025-10-17T07:21:51.193+0000] {logging_mixin.py:154} INFO - [2025-10-17T07:21:51.193+0000] {dag.py:3722} INFO - Setting next_dagrun for example_short_circuit_operator to 2025-10-16T07:21:51.192654+00:00, run_after=2025-10-17T07:21:51.192654+00:00
[2025-10-17T07:21:51.221+0000] {processor.py:179} INFO - Processing /home/airflow/.local/lib/python3.8/site-packages/airflow/example_dags/example_short_circuit_operator.py took 0.106 seconds
[2025-10-17T07:22:21.997+0000] {processor.py:157} INFO - Started process (PID=867) to work on /home/airflow/.local/lib/python3.8/site-packages/airflow/example_dags/example_short_circuit_operator.py
[2025-10-17T07:22:22.005+0000] {processor.py:829} INFO - Processing file /home/airflow/.local/lib/python3.8/site-packages/airflow/example_dags/example_short_circuit_operator.py for tasks to queue
[2025-10-17T07:22:22.007+0000] {logging_mixin.py:154} INFO - [2025-10-17T07:22:22.007+0000] {dagbag.py:536} INFO - Filling up the DagBag from /home/airflow/.local/lib/python3.8/site-packages/airflow/example_dags/example_short_circuit_operator.py
[2025-10-17T07:22:22.014+0000] {processor.py:839} INFO - DAG(s) dict_keys(['example_short_circuit_operator']) retrieved from /home/airflow/.local/lib/python3.8/site-packages/airflow/example_dags/example_short_circuit_operator.py
[2025-10-17T07:22:22.034+0000] {logging_mixin.py:154} INFO - [2025-10-17T07:22:22.034+0000] {dag.py:2941} INFO - Sync 1 DAGs
[2025-10-17T07:22:22.051+0000] {logging_mixin.py:154} INFO - [2025-10-17T07:22:22.051+0000] {dag.py:3722} INFO - Setting next_dagrun for example_short_circuit_operator to 2025-10-16T07:22:22.051139+00:00, run_after=2025-10-17T07:22:22.051139+00:00
[2025-10-17T07:22:22.069+0000] {processor.py:179} INFO - Processing /home/airflow/.local/lib/python3.8/site-packages/airflow/example_dags/example_short_circuit_operator.py took 0.076 seconds
[2025-10-17T07:22:52.716+0000] {processor.py:157} INFO - Started process (PID=923) to work on /home/airflow/.local/lib/python3.8/site-packages/airflow/example_dags/example_short_circuit_operator.py
[2025-10-17T07:22:52.718+0000] {processor.py:829} INFO - Processing file /home/airflow/.local/lib/python3.8/site-packages/airflow/example_dags/example_short_circuit_operator.py for tasks to queue
[2025-10-17T07:22:52.720+0000] {logging_mixin.py:154} INFO - [2025-10-17T07:22:52.720+0000] {dagbag.py:536} INFO - Filling up the DagBag from /home/airflow/.local/lib/python3.8/site-packages/airflow/example_dags/example_short_circuit_operator.py
[2025-10-17T07:22:52.727+0000] {processor.py:839} INFO - DAG(s) dict_keys(['example_short_circuit_operator']) retrieved from /home/airflow/.local/lib/python3.8/site-packages/airflow/example_dags/example_short_circuit_operator.py
[2025-10-17T07:22:52.749+0000] {logging_mixin.py:154} INFO - [2025-10-17T07:22:52.749+0000] {dag.py:2941} INFO - Sync 1 DAGs
[2025-10-17T07:22:52.768+0000] {logging_mixin.py:154} INFO - [2025-10-17T07:22:52.768+0000] {dag.py:3722} INFO - Setting next_dagrun for example_short_circuit_operator to 2025-10-16T07:22:52.768002+00:00, run_after=2025-10-17T07:22:52.768002+00:00
[2025-10-17T07:22:52.786+0000] {processor.py:179} INFO - Processing /home/airflow/.local/lib/python3.8/site-packages/airflow/example_dags/example_short_circuit_operator.py took 0.072 seconds
[2025-10-17T07:23:22.807+0000] {processor.py:157} INFO - Started process (PID=978) to work on /home/airflow/.local/lib/python3.8/site-packages/airflow/example_dags/example_short_circuit_operator.py
[2025-10-17T07:23:22.808+0000] {processor.py:829} INFO - Processing file /home/airflow/.local/lib/python3.8/site-packages/airflow/example_dags/example_short_circuit_operator.py for tasks to queue
[2025-10-17T07:23:22.811+0000] {logging_mixin.py:154} INFO - [2025-10-17T07:23:22.810+0000] {dagbag.py:536} INFO - Filling up the DagBag from /home/airflow/.local/lib/python3.8/site-packages/airflow/example_dags/example_short_circuit_operator.py
[2025-10-17T07:23:22.817+0000] {processor.py:839} INFO - DAG(s) dict_keys(['example_short_circuit_operator']) retrieved from /home/airflow/.local/lib/python3.8/site-packages/airflow/example_dags/example_short_circuit_operator.py
[2025-10-17T07:23:22.838+0000] {logging_mixin.py:154} INFO - [2025-10-17T07:23:22.838+0000] {dag.py:2941} INFO - Sync 1 DAGs
[2025-10-17T07:23:22.856+0000] {logging_mixin.py:154} INFO - [2025-10-17T07:23:22.856+0000] {dag.py:3722} INFO - Setting next_dagrun for example_short_circuit_operator to 2025-10-16T07:23:22.856546+00:00, run_after=2025-10-17T07:23:22.856546+00:00
[2025-10-17T07:23:23.005+0000] {processor.py:179} INFO - Processing /home/airflow/.local/lib/python3.8/site-packages/airflow/example_dags/example_short_circuit_operator.py took 0.201 seconds
[2025-10-17T07:23:53.315+0000] {processor.py:157} INFO - Started process (PID=1035) to work on /home/airflow/.local/lib/python3.8/site-packages/airflow/example_dags/example_short_circuit_operator.py
[2025-10-17T07:23:53.317+0000] {processor.py:829} INFO - Processing file /home/airflow/.local/lib/python3.8/site-packages/airflow/example_dags/example_short_circuit_operator.py for tasks to queue
[2025-10-17T07:23:53.320+0000] {logging_mixin.py:154} INFO - [2025-10-17T07:23:53.319+0000] {dagbag.py:536} INFO - Filling up the DagBag from /home/airflow/.local/lib/python3.8/site-packages/airflow/example_dags/example_short_circuit_operator.py
[2025-10-17T07:23:53.328+0000] {processor.py:839} INFO - DAG(s) dict_keys(['example_short_circuit_operator']) retrieved from /home/airflow/.local/lib/python3.8/site-packages/airflow/example_dags/example_short_circuit_operator.py
[2025-10-17T07:23:53.352+0000] {logging_mixin.py:154} INFO - [2025-10-17T07:23:53.352+0000] {dag.py:2941} INFO - Sync 1 DAGs
[2025-10-17T07:23:53.373+0000] {logging_mixin.py:154} INFO - [2025-10-17T07:23:53.373+0000] {dag.py:3722} INFO - Setting next_dagrun for example_short_circuit_operator to 2025-10-16T07:23:53.373274+00:00, run_after=2025-10-17T07:23:53.373274+00:00
[2025-10-17T07:23:53.391+0000] {processor.py:179} INFO - Processing /home/airflow/.local/lib/python3.8/site-packages/airflow/example_dags/example_short_circuit_operator.py took 0.080 seconds
[2025-10-17T07:24:24.325+0000] {processor.py:157} INFO - Started process (PID=1091) to work on /home/airflow/.local/lib/python3.8/site-packages/airflow/example_dags/example_short_circuit_operator.py
[2025-10-17T07:24:24.326+0000] {processor.py:829} INFO - Processing file /home/airflow/.local/lib/python3.8/site-packages/airflow/example_dags/example_short_circuit_operator.py for tasks to queue
[2025-10-17T07:24:24.328+0000] {logging_mixin.py:154} INFO - [2025-10-17T07:24:24.328+0000] {dagbag.py:536} INFO - Filling up the DagBag from /home/airflow/.local/lib/python3.8/site-packages/airflow/example_dags/example_short_circuit_operator.py
[2025-10-17T07:24:24.335+0000] {processor.py:839} INFO - DAG(s) dict_keys(['example_short_circuit_operator']) retrieved from /home/airflow/.local/lib/python3.8/site-packages/airflow/example_dags/example_short_circuit_operator.py
[2025-10-17T07:24:24.362+0000] {logging_mixin.py:154} INFO - [2025-10-17T07:24:24.361+0000] {dag.py:2941} INFO - Sync 1 DAGs
[2025-10-17T07:24:24.383+0000] {logging_mixin.py:154} INFO - [2025-10-17T07:24:24.383+0000] {dag.py:3722} INFO - Setting next_dagrun for example_short_circuit_operator to 2025-10-16T07:24:24.383085+00:00, run_after=2025-10-17T07:24:24.383085+00:00
[2025-10-17T07:24:24.407+0000] {processor.py:179} INFO - Processing /home/airflow/.local/lib/python3.8/site-packages/airflow/example_dags/example_short_circuit_operator.py took 0.085 seconds
[2025-10-17T07:24:55.601+0000] {processor.py:157} INFO - Started process (PID=1160) to work on /home/airflow/.local/lib/python3.8/site-packages/airflow/example_dags/example_short_circuit_operator.py
[2025-10-17T07:24:55.602+0000] {processor.py:829} INFO - Processing file /home/airflow/.local/lib/python3.8/site-packages/airflow/example_dags/example_short_circuit_operator.py for tasks to queue
[2025-10-17T07:24:55.604+0000] {logging_mixin.py:154} INFO - [2025-10-17T07:24:55.603+0000] {dagbag.py:536} INFO - Filling up the DagBag from /home/airflow/.local/lib/python3.8/site-packages/airflow/example_dags/example_short_circuit_operator.py
[2025-10-17T07:24:55.610+0000] {processor.py:839} INFO - DAG(s) dict_keys(['example_short_circuit_operator']) retrieved from /home/airflow/.local/lib/python3.8/site-packages/airflow/example_dags/example_short_circuit_operator.py
[2025-10-17T07:24:55.636+0000] {logging_mixin.py:154} INFO - [2025-10-17T07:24:55.636+0000] {dag.py:2941} INFO - Sync 1 DAGs
[2025-10-17T07:24:55.658+0000] {logging_mixin.py:154} INFO - [2025-10-17T07:24:55.657+0000] {dag.py:3722} INFO - Setting next_dagrun for example_short_circuit_operator to 2025-10-16T07:24:55.657717+00:00, run_after=2025-10-17T07:24:55.657717+00:00
[2025-10-17T07:24:55.816+0000] {processor.py:179} INFO - Processing /home/airflow/.local/lib/python3.8/site-packages/airflow/example_dags/example_short_circuit_operator.py took 0.219 seconds
[2025-10-17T07:25:26.331+0000] {processor.py:157} INFO - Started process (PID=1216) to work on /home/airflow/.local/lib/python3.8/site-packages/airflow/example_dags/example_short_circuit_operator.py
[2025-10-17T07:25:26.333+0000] {processor.py:829} INFO - Processing file /home/airflow/.local/lib/python3.8/site-packages/airflow/example_dags/example_short_circuit_operator.py for tasks to queue
[2025-10-17T07:25:26.335+0000] {logging_mixin.py:154} INFO - [2025-10-17T07:25:26.334+0000] {dagbag.py:536} INFO - Filling up the DagBag from /home/airflow/.local/lib/python3.8/site-packages/airflow/example_dags/example_short_circuit_operator.py
[2025-10-17T07:25:26.341+0000] {processor.py:839} INFO - DAG(s) dict_keys(['example_short_circuit_operator']) retrieved from /home/airflow/.local/lib/python3.8/site-packages/airflow/example_dags/example_short_circuit_operator.py
[2025-10-17T07:25:26.363+0000] {logging_mixin.py:154} INFO - [2025-10-17T07:25:26.363+0000] {dag.py:2941} INFO - Sync 1 DAGs
[2025-10-17T07:25:26.382+0000] {logging_mixin.py:154} INFO - [2025-10-17T07:25:26.381+0000] {dag.py:3722} INFO - Setting next_dagrun for example_short_circuit_operator to 2025-10-16T07:25:26.381667+00:00, run_after=2025-10-17T07:25:26.381667+00:00
[2025-10-17T07:25:26.398+0000] {processor.py:179} INFO - Processing /home/airflow/.local/lib/python3.8/site-packages/airflow/example_dags/example_short_circuit_operator.py took 0.071 seconds
[2025-10-17T07:25:57.137+0000] {processor.py:157} INFO - Started process (PID=1272) to work on /home/airflow/.local/lib/python3.8/site-packages/airflow/example_dags/example_short_circuit_operator.py
[2025-10-17T07:25:57.138+0000] {processor.py:829} INFO - Processing file /home/airflow/.local/lib/python3.8/site-packages/airflow/example_dags/example_short_circuit_operator.py for tasks to queue
[2025-10-17T07:25:57.140+0000] {logging_mixin.py:154} INFO - [2025-10-17T07:25:57.139+0000] {dagbag.py:536} INFO - Filling up the DagBag from /home/airflow/.local/lib/python3.8/site-packages/airflow/example_dags/example_short_circuit_operator.py
[2025-10-17T07:25:57.147+0000] {processor.py:839} INFO - DAG(s) dict_keys(['example_short_circuit_operator']) retrieved from /home/airflow/.local/lib/python3.8/site-packages/airflow/example_dags/example_short_circuit_operator.py
[2025-10-17T07:25:57.167+0000] {logging_mixin.py:154} INFO - [2025-10-17T07:25:57.167+0000] {dag.py:2941} INFO - Sync 1 DAGs
[2025-10-17T07:25:57.184+0000] {logging_mixin.py:154} INFO - [2025-10-17T07:25:57.184+0000] {dag.py:3722} INFO - Setting next_dagrun for example_short_circuit_operator to 2025-10-16T07:25:57.183875+00:00, run_after=2025-10-17T07:25:57.183875+00:00
[2025-10-17T07:25:57.202+0000] {processor.py:179} INFO - Processing /home/airflow/.local/lib/python3.8/site-packages/airflow/example_dags/example_short_circuit_operator.py took 0.068 seconds
[2025-10-17T07:26:27.791+0000] {processor.py:157} INFO - Started process (PID=1330) to work on /home/airflow/.local/lib/python3.8/site-packages/airflow/example_dags/example_short_circuit_operator.py
[2025-10-17T07:26:27.792+0000] {processor.py:829} INFO - Processing file /home/airflow/.local/lib/python3.8/site-packages/airflow/example_dags/example_short_circuit_operator.py for tasks to queue
[2025-10-17T07:26:27.794+0000] {logging_mixin.py:154} INFO - [2025-10-17T07:26:27.794+0000] {dagbag.py:536} INFO - Filling up the DagBag from /home/airflow/.local/lib/python3.8/site-packages/airflow/example_dags/example_short_circuit_operator.py
[2025-10-17T07:26:27.800+0000] {processor.py:839} INFO - DAG(s) dict_keys(['example_short_circuit_operator']) retrieved from /home/airflow/.local/lib/python3.8/site-packages/airflow/example_dags/example_short_circuit_operator.py
[2025-10-17T07:26:27.821+0000] {logging_mixin.py:154} INFO - [2025-10-17T07:26:27.821+0000] {dag.py:2941} INFO - Sync 1 DAGs
[2025-10-17T07:26:27.838+0000] {logging_mixin.py:154} INFO - [2025-10-17T07:26:27.838+0000] {dag.py:3722} INFO - Setting next_dagrun for example_short_circuit_operator to 2025-10-16T07:26:27.838565+00:00, run_after=2025-10-17T07:26:27.838565+00:00
[2025-10-17T07:26:27.855+0000] {processor.py:179} INFO - Processing /home/airflow/.local/lib/python3.8/site-packages/airflow/example_dags/example_short_circuit_operator.py took 0.068 seconds
[2025-10-17T07:26:58.125+0000] {processor.py:157} INFO - Started process (PID=1385) to work on /home/airflow/.local/lib/python3.8/site-packages/airflow/example_dags/example_short_circuit_operator.py
[2025-10-17T07:26:58.126+0000] {processor.py:829} INFO - Processing file /home/airflow/.local/lib/python3.8/site-packages/airflow/example_dags/example_short_circuit_operator.py for tasks to queue
[2025-10-17T07:26:58.128+0000] {logging_mixin.py:154} INFO - [2025-10-17T07:26:58.128+0000] {dagbag.py:536} INFO - Filling up the DagBag from /home/airflow/.local/lib/python3.8/site-packages/airflow/example_dags/example_short_circuit_operator.py
[2025-10-17T07:26:58.135+0000] {processor.py:839} INFO - DAG(s) dict_keys(['example_short_circuit_operator']) retrieved from /home/airflow/.local/lib/python3.8/site-packages/airflow/example_dags/example_short_circuit_operator.py
[2025-10-17T07:26:58.156+0000] {logging_mixin.py:154} INFO - [2025-10-17T07:26:58.156+0000] {dag.py:2941} INFO - Sync 1 DAGs
[2025-10-17T07:26:58.177+0000] {logging_mixin.py:154} INFO - [2025-10-17T07:26:58.177+0000] {dag.py:3722} INFO - Setting next_dagrun for example_short_circuit_operator to 2025-10-16T07:26:58.177240+00:00, run_after=2025-10-17T07:26:58.177240+00:00
[2025-10-17T07:26:58.194+0000] {processor.py:179} INFO - Processing /home/airflow/.local/lib/python3.8/site-packages/airflow/example_dags/example_short_circuit_operator.py took 0.072 seconds
[2025-10-17T07:27:28.371+0000] {processor.py:157} INFO - Started process (PID=1440) to work on /home/airflow/.local/lib/python3.8/site-packages/airflow/example_dags/example_short_circuit_operator.py
[2025-10-17T07:27:28.372+0000] {processor.py:829} INFO - Processing file /home/airflow/.local/lib/python3.8/site-packages/airflow/example_dags/example_short_circuit_operator.py for tasks to queue
[2025-10-17T07:27:28.375+0000] {logging_mixin.py:154} INFO - [2025-10-17T07:27:28.374+0000] {dagbag.py:536} INFO - Filling up the DagBag from /home/airflow/.local/lib/python3.8/site-packages/airflow/example_dags/example_short_circuit_operator.py
[2025-10-17T07:27:28.381+0000] {processor.py:839} INFO - DAG(s) dict_keys(['example_short_circuit_operator']) retrieved from /home/airflow/.local/lib/python3.8/site-packages/airflow/example_dags/example_short_circuit_operator.py
[2025-10-17T07:27:28.402+0000] {logging_mixin.py:154} INFO - [2025-10-17T07:27:28.402+0000] {dag.py:2941} INFO - Sync 1 DAGs
[2025-10-17T07:27:28.420+0000] {logging_mixin.py:154} INFO - [2025-10-17T07:27:28.420+0000] {dag.py:3722} INFO - Setting next_dagrun for example_short_circuit_operator to 2025-10-16T07:27:28.419983+00:00, run_after=2025-10-17T07:27:28.419983+00:00
[2025-10-17T07:27:28.439+0000] {processor.py:179} INFO - Processing /home/airflow/.local/lib/python3.8/site-packages/airflow/example_dags/example_short_circuit_operator.py took 0.071 seconds
[2025-10-17T07:27:58.522+0000] {processor.py:157} INFO - Started process (PID=1495) to work on /home/airflow/.local/lib/python3.8/site-packages/airflow/example_dags/example_short_circuit_operator.py
[2025-10-17T07:27:58.523+0000] {processor.py:829} INFO - Processing file /home/airflow/.local/lib/python3.8/site-packages/airflow/example_dags/example_short_circuit_operator.py for tasks to queue
[2025-10-17T07:27:58.524+0000] {logging_mixin.py:154} INFO - [2025-10-17T07:27:58.524+0000] {dagbag.py:536} INFO - Filling up the DagBag from /home/airflow/.local/lib/python3.8/site-packages/airflow/example_dags/example_short_circuit_operator.py
[2025-10-17T07:27:58.533+0000] {processor.py:839} INFO - DAG(s) dict_keys(['example_short_circuit_operator']) retrieved from /home/airflow/.local/lib/python3.8/site-packages/airflow/example_dags/example_short_circuit_operator.py
[2025-10-17T07:27:58.555+0000] {logging_mixin.py:154} INFO - [2025-10-17T07:27:58.555+0000] {dag.py:2941} INFO - Sync 1 DAGs
[2025-10-17T07:27:58.575+0000] {logging_mixin.py:154} INFO - [2025-10-17T07:27:58.574+0000] {dag.py:3722} INFO - Setting next_dagrun for example_short_circuit_operator to 2025-10-16T07:27:58.574576+00:00, run_after=2025-10-17T07:27:58.574576+00:00
[2025-10-17T07:27:58.592+0000] {processor.py:179} INFO - Processing /home/airflow/.local/lib/python3.8/site-packages/airflow/example_dags/example_short_circuit_operator.py took 0.073 seconds
[2025-10-17T07:28:28.789+0000] {processor.py:157} INFO - Started process (PID=1553) to work on /home/airflow/.local/lib/python3.8/site-packages/airflow/example_dags/example_short_circuit_operator.py
[2025-10-17T07:28:28.790+0000] {processor.py:829} INFO - Processing file /home/airflow/.local/lib/python3.8/site-packages/airflow/example_dags/example_short_circuit_operator.py for tasks to queue
[2025-10-17T07:28:28.791+0000] {logging_mixin.py:154} INFO - [2025-10-17T07:28:28.791+0000] {dagbag.py:536} INFO - Filling up the DagBag from /home/airflow/.local/lib/python3.8/site-packages/airflow/example_dags/example_short_circuit_operator.py
[2025-10-17T07:28:28.799+0000] {processor.py:839} INFO - DAG(s) dict_keys(['example_short_circuit_operator']) retrieved from /home/airflow/.local/lib/python3.8/site-packages/airflow/example_dags/example_short_circuit_operator.py
[2025-10-17T07:28:28.820+0000] {logging_mixin.py:154} INFO - [2025-10-17T07:28:28.820+0000] {dag.py:2941} INFO - Sync 1 DAGs
[2025-10-17T07:28:28.838+0000] {logging_mixin.py:154} INFO - [2025-10-17T07:28:28.838+0000] {dag.py:3722} INFO - Setting next_dagrun for example_short_circuit_operator to 2025-10-16T07:28:28.838266+00:00, run_after=2025-10-17T07:28:28.838266+00:00
[2025-10-17T07:28:28.855+0000] {processor.py:179} INFO - Processing /home/airflow/.local/lib/python3.8/site-packages/airflow/example_dags/example_short_circuit_operator.py took 0.069 seconds
[2025-10-17T07:28:59.167+0000] {processor.py:157} INFO - Started process (PID=1609) to work on /home/airflow/.local/lib/python3.8/site-packages/airflow/example_dags/example_short_circuit_operator.py
[2025-10-17T07:28:59.168+0000] {processor.py:829} INFO - Processing file /home/airflow/.local/lib/python3.8/site-packages/airflow/example_dags/example_short_circuit_operator.py for tasks to queue
[2025-10-17T07:28:59.169+0000] {logging_mixin.py:154} INFO - [2025-10-17T07:28:59.169+0000] {dagbag.py:536} INFO - Filling up the DagBag from /home/airflow/.local/lib/python3.8/site-packages/airflow/example_dags/example_short_circuit_operator.py
[2025-10-17T07:28:59.179+0000] {processor.py:839} INFO - DAG(s) dict_keys(['example_short_circuit_operator']) retrieved from /home/airflow/.local/lib/python3.8/site-packages/airflow/example_dags/example_short_circuit_operator.py
[2025-10-17T07:28:59.204+0000] {logging_mixin.py:154} INFO - [2025-10-17T07:28:59.203+0000] {dag.py:2941} INFO - Sync 1 DAGs
[2025-10-17T07:28:59.229+0000] {logging_mixin.py:154} INFO - [2025-10-17T07:28:59.229+0000] {dag.py:3722} INFO - Setting next_dagrun for example_short_circuit_operator to 2025-10-16T07:28:59.229270+00:00, run_after=2025-10-17T07:28:59.229270+00:00
[2025-10-17T07:28:59.249+0000] {processor.py:179} INFO - Processing /home/airflow/.local/lib/python3.8/site-packages/airflow/example_dags/example_short_circuit_operator.py took 0.085 seconds
[2025-10-17T07:30:23.630+0000] {processor.py:157} INFO - Started process (PID=93) to work on /home/airflow/.local/lib/python3.8/site-packages/airflow/example_dags/example_short_circuit_operator.py
[2025-10-17T07:30:23.632+0000] {processor.py:829} INFO - Processing file /home/airflow/.local/lib/python3.8/site-packages/airflow/example_dags/example_short_circuit_operator.py for tasks to queue
[2025-10-17T07:30:23.636+0000] {logging_mixin.py:154} INFO - [2025-10-17T07:30:23.635+0000] {dagbag.py:536} INFO - Filling up the DagBag from /home/airflow/.local/lib/python3.8/site-packages/airflow/example_dags/example_short_circuit_operator.py
[2025-10-17T07:30:23.650+0000] {processor.py:839} INFO - DAG(s) dict_keys(['example_short_circuit_operator']) retrieved from /home/airflow/.local/lib/python3.8/site-packages/airflow/example_dags/example_short_circuit_operator.py
[2025-10-17T07:30:23.862+0000] {logging_mixin.py:154} INFO - [2025-10-17T07:30:23.862+0000] {manager.py:499} INFO - Created Permission View: %s
[2025-10-17T07:30:23.888+0000] {logging_mixin.py:154} INFO - [2025-10-17T07:30:23.888+0000] {manager.py:499} INFO - Created Permission View: %s
[2025-10-17T07:30:23.908+0000] {logging_mixin.py:154} INFO - [2025-10-17T07:30:23.907+0000] {manager.py:499} INFO - Created Permission View: %s
[2025-10-17T07:30:23.910+0000] {logging_mixin.py:154} INFO - [2025-10-17T07:30:23.909+0000] {dag.py:2941} INFO - Sync 1 DAGs
[2025-10-17T07:30:23.938+0000] {logging_mixin.py:154} INFO - [2025-10-17T07:30:23.937+0000] {dag.py:2963} INFO - Creating ORM DAG for example_short_circuit_operator
[2025-10-17T07:30:23.962+0000] {logging_mixin.py:154} INFO - [2025-10-17T07:30:23.961+0000] {dag.py:3722} INFO - Setting next_dagrun for example_short_circuit_operator to 2025-10-16T07:30:23.960967+00:00, run_after=2025-10-17T07:30:23.960967+00:00
[2025-10-17T07:30:24.002+0000] {processor.py:179} INFO - Processing /home/airflow/.local/lib/python3.8/site-packages/airflow/example_dags/example_short_circuit_operator.py took 0.378 seconds
[2025-10-17T07:30:54.150+0000] {processor.py:157} INFO - Started process (PID=149) to work on /home/airflow/.local/lib/python3.8/site-packages/airflow/example_dags/example_short_circuit_operator.py
[2025-10-17T07:30:54.151+0000] {processor.py:829} INFO - Processing file /home/airflow/.local/lib/python3.8/site-packages/airflow/example_dags/example_short_circuit_operator.py for tasks to queue
[2025-10-17T07:30:54.154+0000] {logging_mixin.py:154} INFO - [2025-10-17T07:30:54.154+0000] {dagbag.py:536} INFO - Filling up the DagBag from /home/airflow/.local/lib/python3.8/site-packages/airflow/example_dags/example_short_circuit_operator.py
[2025-10-17T07:30:54.165+0000] {processor.py:839} INFO - DAG(s) dict_keys(['example_short_circuit_operator']) retrieved from /home/airflow/.local/lib/python3.8/site-packages/airflow/example_dags/example_short_circuit_operator.py
[2025-10-17T07:30:54.198+0000] {logging_mixin.py:154} INFO - [2025-10-17T07:30:54.197+0000] {dag.py:2941} INFO - Sync 1 DAGs
[2025-10-17T07:30:54.230+0000] {logging_mixin.py:154} INFO - [2025-10-17T07:30:54.230+0000] {dag.py:3722} INFO - Setting next_dagrun for example_short_circuit_operator to 2025-10-16T07:30:54.229856+00:00, run_after=2025-10-17T07:30:54.229856+00:00
[2025-10-17T07:30:54.261+0000] {processor.py:179} INFO - Processing /home/airflow/.local/lib/python3.8/site-packages/airflow/example_dags/example_short_circuit_operator.py took 0.116 seconds
[2025-10-17T07:31:24.889+0000] {processor.py:157} INFO - Started process (PID=205) to work on /home/airflow/.local/lib/python3.8/site-packages/airflow/example_dags/example_short_circuit_operator.py
[2025-10-17T07:31:24.890+0000] {processor.py:829} INFO - Processing file /home/airflow/.local/lib/python3.8/site-packages/airflow/example_dags/example_short_circuit_operator.py for tasks to queue
[2025-10-17T07:31:24.892+0000] {logging_mixin.py:154} INFO - [2025-10-17T07:31:24.892+0000] {dagbag.py:536} INFO - Filling up the DagBag from /home/airflow/.local/lib/python3.8/site-packages/airflow/example_dags/example_short_circuit_operator.py
[2025-10-17T07:31:24.900+0000] {processor.py:839} INFO - DAG(s) dict_keys(['example_short_circuit_operator']) retrieved from /home/airflow/.local/lib/python3.8/site-packages/airflow/example_dags/example_short_circuit_operator.py
[2025-10-17T07:31:24.927+0000] {logging_mixin.py:154} INFO - [2025-10-17T07:31:24.927+0000] {dag.py:2941} INFO - Sync 1 DAGs
[2025-10-17T07:31:24.949+0000] {logging_mixin.py:154} INFO - [2025-10-17T07:31:24.949+0000] {dag.py:3722} INFO - Setting next_dagrun for example_short_circuit_operator to 2025-10-16T07:31:24.949102+00:00, run_after=2025-10-17T07:31:24.949102+00:00
[2025-10-17T07:31:24.968+0000] {processor.py:179} INFO - Processing /home/airflow/.local/lib/python3.8/site-packages/airflow/example_dags/example_short_circuit_operator.py took 0.083 seconds
[2025-10-17T07:31:55.189+0000] {processor.py:157} INFO - Started process (PID=261) to work on /home/airflow/.local/lib/python3.8/site-packages/airflow/example_dags/example_short_circuit_operator.py
[2025-10-17T07:31:55.191+0000] {processor.py:829} INFO - Processing file /home/airflow/.local/lib/python3.8/site-packages/airflow/example_dags/example_short_circuit_operator.py for tasks to queue
[2025-10-17T07:31:55.193+0000] {logging_mixin.py:154} INFO - [2025-10-17T07:31:55.193+0000] {dagbag.py:536} INFO - Filling up the DagBag from /home/airflow/.local/lib/python3.8/site-packages/airflow/example_dags/example_short_circuit_operator.py
[2025-10-17T07:31:55.200+0000] {processor.py:839} INFO - DAG(s) dict_keys(['example_short_circuit_operator']) retrieved from /home/airflow/.local/lib/python3.8/site-packages/airflow/example_dags/example_short_circuit_operator.py
[2025-10-17T07:31:55.223+0000] {logging_mixin.py:154} INFO - [2025-10-17T07:31:55.222+0000] {dag.py:2941} INFO - Sync 1 DAGs
[2025-10-17T07:31:55.242+0000] {logging_mixin.py:154} INFO - [2025-10-17T07:31:55.242+0000] {dag.py:3722} INFO - Setting next_dagrun for example_short_circuit_operator to 2025-10-16T07:31:55.242278+00:00, run_after=2025-10-17T07:31:55.242278+00:00
[2025-10-17T07:31:55.261+0000] {processor.py:179} INFO - Processing /home/airflow/.local/lib/python3.8/site-packages/airflow/example_dags/example_short_circuit_operator.py took 0.075 seconds
[2025-10-17T07:32:26.175+0000] {processor.py:157} INFO - Started process (PID=319) to work on /home/airflow/.local/lib/python3.8/site-packages/airflow/example_dags/example_short_circuit_operator.py
[2025-10-17T07:32:26.176+0000] {processor.py:829} INFO - Processing file /home/airflow/.local/lib/python3.8/site-packages/airflow/example_dags/example_short_circuit_operator.py for tasks to queue
[2025-10-17T07:32:26.179+0000] {logging_mixin.py:154} INFO - [2025-10-17T07:32:26.178+0000] {dagbag.py:536} INFO - Filling up the DagBag from /home/airflow/.local/lib/python3.8/site-packages/airflow/example_dags/example_short_circuit_operator.py
[2025-10-17T07:32:26.186+0000] {processor.py:839} INFO - DAG(s) dict_keys(['example_short_circuit_operator']) retrieved from /home/airflow/.local/lib/python3.8/site-packages/airflow/example_dags/example_short_circuit_operator.py
[2025-10-17T07:32:26.209+0000] {logging_mixin.py:154} INFO - [2025-10-17T07:32:26.208+0000] {dag.py:2941} INFO - Sync 1 DAGs
[2025-10-17T07:32:26.229+0000] {logging_mixin.py:154} INFO - [2025-10-17T07:32:26.229+0000] {dag.py:3722} INFO - Setting next_dagrun for example_short_circuit_operator to 2025-10-16T07:32:26.229050+00:00, run_after=2025-10-17T07:32:26.229050+00:00
[2025-10-17T07:32:26.246+0000] {processor.py:179} INFO - Processing /home/airflow/.local/lib/python3.8/site-packages/airflow/example_dags/example_short_circuit_operator.py took 0.076 seconds
[2025-10-17T07:35:45.366+0000] {processor.py:157} INFO - Started process (PID=89) to work on /home/airflow/.local/lib/python3.8/site-packages/airflow/example_dags/example_short_circuit_operator.py
[2025-10-17T07:35:45.367+0000] {processor.py:829} INFO - Processing file /home/airflow/.local/lib/python3.8/site-packages/airflow/example_dags/example_short_circuit_operator.py for tasks to queue
[2025-10-17T07:35:45.371+0000] {logging_mixin.py:154} INFO - [2025-10-17T07:35:45.370+0000] {dagbag.py:536} INFO - Filling up the DagBag from /home/airflow/.local/lib/python3.8/site-packages/airflow/example_dags/example_short_circuit_operator.py
[2025-10-17T07:35:45.379+0000] {processor.py:839} INFO - DAG(s) dict_keys(['example_short_circuit_operator']) retrieved from /home/airflow/.local/lib/python3.8/site-packages/airflow/example_dags/example_short_circuit_operator.py
[2025-10-17T07:35:45.485+0000] {logging_mixin.py:154} INFO - [2025-10-17T07:35:45.484+0000] {manager.py:499} INFO - Created Permission View: %s
[2025-10-17T07:35:45.493+0000] {logging_mixin.py:154} INFO - [2025-10-17T07:35:45.493+0000] {manager.py:499} INFO - Created Permission View: %s
[2025-10-17T07:35:45.500+0000] {logging_mixin.py:154} INFO - [2025-10-17T07:35:45.500+0000] {manager.py:499} INFO - Created Permission View: %s
[2025-10-17T07:35:45.500+0000] {logging_mixin.py:154} INFO - [2025-10-17T07:35:45.500+0000] {dag.py:2941} INFO - Sync 1 DAGs
[2025-10-17T07:35:45.510+0000] {logging_mixin.py:154} INFO - [2025-10-17T07:35:45.510+0000] {dag.py:2963} INFO - Creating ORM DAG for example_short_circuit_operator
[2025-10-17T07:35:45.519+0000] {logging_mixin.py:154} INFO - [2025-10-17T07:35:45.519+0000] {dag.py:3722} INFO - Setting next_dagrun for example_short_circuit_operator to 2025-10-16T07:35:45.519086+00:00, run_after=2025-10-17T07:35:45.519086+00:00
[2025-10-17T07:35:45.536+0000] {processor.py:179} INFO - Processing /home/airflow/.local/lib/python3.8/site-packages/airflow/example_dags/example_short_circuit_operator.py took 0.175 seconds
[2025-10-17T07:36:15.635+0000] {processor.py:157} INFO - Started process (PID=145) to work on /home/airflow/.local/lib/python3.8/site-packages/airflow/example_dags/example_short_circuit_operator.py
[2025-10-17T07:36:15.636+0000] {processor.py:829} INFO - Processing file /home/airflow/.local/lib/python3.8/site-packages/airflow/example_dags/example_short_circuit_operator.py for tasks to queue
[2025-10-17T07:36:15.638+0000] {logging_mixin.py:154} INFO - [2025-10-17T07:36:15.638+0000] {dagbag.py:536} INFO - Filling up the DagBag from /home/airflow/.local/lib/python3.8/site-packages/airflow/example_dags/example_short_circuit_operator.py
[2025-10-17T07:36:15.645+0000] {processor.py:839} INFO - DAG(s) dict_keys(['example_short_circuit_operator']) retrieved from /home/airflow/.local/lib/python3.8/site-packages/airflow/example_dags/example_short_circuit_operator.py
[2025-10-17T07:36:15.665+0000] {logging_mixin.py:154} INFO - [2025-10-17T07:36:15.665+0000] {dag.py:2941} INFO - Sync 1 DAGs
[2025-10-17T07:36:15.683+0000] {logging_mixin.py:154} INFO - [2025-10-17T07:36:15.683+0000] {dag.py:3722} INFO - Setting next_dagrun for example_short_circuit_operator to 2025-10-16T07:36:15.683292+00:00, run_after=2025-10-17T07:36:15.683292+00:00
[2025-10-17T07:36:15.698+0000] {processor.py:179} INFO - Processing /home/airflow/.local/lib/python3.8/site-packages/airflow/example_dags/example_short_circuit_operator.py took 0.067 seconds
[2025-10-17T07:36:46.170+0000] {processor.py:157} INFO - Started process (PID=201) to work on /home/airflow/.local/lib/python3.8/site-packages/airflow/example_dags/example_short_circuit_operator.py
[2025-10-17T07:36:46.170+0000] {processor.py:829} INFO - Processing file /home/airflow/.local/lib/python3.8/site-packages/airflow/example_dags/example_short_circuit_operator.py for tasks to queue
[2025-10-17T07:36:46.173+0000] {logging_mixin.py:154} INFO - [2025-10-17T07:36:46.172+0000] {dagbag.py:536} INFO - Filling up the DagBag from /home/airflow/.local/lib/python3.8/site-packages/airflow/example_dags/example_short_circuit_operator.py
[2025-10-17T07:36:46.179+0000] {processor.py:839} INFO - DAG(s) dict_keys(['example_short_circuit_operator']) retrieved from /home/airflow/.local/lib/python3.8/site-packages/airflow/example_dags/example_short_circuit_operator.py
[2025-10-17T07:36:46.201+0000] {logging_mixin.py:154} INFO - [2025-10-17T07:36:46.201+0000] {dag.py:2941} INFO - Sync 1 DAGs
[2025-10-17T07:36:46.223+0000] {logging_mixin.py:154} INFO - [2025-10-17T07:36:46.223+0000] {dag.py:3722} INFO - Setting next_dagrun for example_short_circuit_operator to 2025-10-16T07:36:46.223102+00:00, run_after=2025-10-17T07:36:46.223102+00:00
[2025-10-17T07:36:46.242+0000] {processor.py:179} INFO - Processing /home/airflow/.local/lib/python3.8/site-packages/airflow/example_dags/example_short_circuit_operator.py took 0.075 seconds
[2025-10-17T07:37:16.573+0000] {processor.py:157} INFO - Started process (PID=257) to work on /home/airflow/.local/lib/python3.8/site-packages/airflow/example_dags/example_short_circuit_operator.py
[2025-10-17T07:37:16.574+0000] {processor.py:829} INFO - Processing file /home/airflow/.local/lib/python3.8/site-packages/airflow/example_dags/example_short_circuit_operator.py for tasks to queue
[2025-10-17T07:37:16.576+0000] {logging_mixin.py:154} INFO - [2025-10-17T07:37:16.576+0000] {dagbag.py:536} INFO - Filling up the DagBag from /home/airflow/.local/lib/python3.8/site-packages/airflow/example_dags/example_short_circuit_operator.py
[2025-10-17T07:37:16.583+0000] {processor.py:839} INFO - DAG(s) dict_keys(['example_short_circuit_operator']) retrieved from /home/airflow/.local/lib/python3.8/site-packages/airflow/example_dags/example_short_circuit_operator.py
[2025-10-17T07:37:16.605+0000] {logging_mixin.py:154} INFO - [2025-10-17T07:37:16.605+0000] {dag.py:2941} INFO - Sync 1 DAGs
[2025-10-17T07:37:16.623+0000] {logging_mixin.py:154} INFO - [2025-10-17T07:37:16.623+0000] {dag.py:3722} INFO - Setting next_dagrun for example_short_circuit_operator to 2025-10-16T07:37:16.622779+00:00, run_after=2025-10-17T07:37:16.622779+00:00
[2025-10-17T07:37:16.638+0000] {processor.py:179} INFO - Processing /home/airflow/.local/lib/python3.8/site-packages/airflow/example_dags/example_short_circuit_operator.py took 0.068 seconds
[2025-10-17T07:38:46.812+0000] {processor.py:157} INFO - Started process (PID=90) to work on /home/airflow/.local/lib/python3.8/site-packages/airflow/example_dags/example_short_circuit_operator.py
[2025-10-17T07:38:46.813+0000] {processor.py:829} INFO - Processing file /home/airflow/.local/lib/python3.8/site-packages/airflow/example_dags/example_short_circuit_operator.py for tasks to queue
[2025-10-17T07:38:46.816+0000] {logging_mixin.py:154} INFO - [2025-10-17T07:38:46.815+0000] {dagbag.py:536} INFO - Filling up the DagBag from /home/airflow/.local/lib/python3.8/site-packages/airflow/example_dags/example_short_circuit_operator.py
[2025-10-17T07:38:46.824+0000] {processor.py:839} INFO - DAG(s) dict_keys(['example_short_circuit_operator']) retrieved from /home/airflow/.local/lib/python3.8/site-packages/airflow/example_dags/example_short_circuit_operator.py
[2025-10-17T07:38:46.926+0000] {logging_mixin.py:154} INFO - [2025-10-17T07:38:46.926+0000] {manager.py:499} INFO - Created Permission View: %s
[2025-10-17T07:38:46.935+0000] {logging_mixin.py:154} INFO - [2025-10-17T07:38:46.935+0000] {manager.py:499} INFO - Created Permission View: %s
[2025-10-17T07:38:46.942+0000] {logging_mixin.py:154} INFO - [2025-10-17T07:38:46.941+0000] {manager.py:499} INFO - Created Permission View: %s
[2025-10-17T07:38:46.942+0000] {logging_mixin.py:154} INFO - [2025-10-17T07:38:46.942+0000] {dag.py:2941} INFO - Sync 1 DAGs
[2025-10-17T07:38:46.952+0000] {logging_mixin.py:154} INFO - [2025-10-17T07:38:46.951+0000] {dag.py:2963} INFO - Creating ORM DAG for example_short_circuit_operator
[2025-10-17T07:38:46.961+0000] {logging_mixin.py:154} INFO - [2025-10-17T07:38:46.961+0000] {dag.py:3722} INFO - Setting next_dagrun for example_short_circuit_operator to 2025-10-16T07:38:46.960783+00:00, run_after=2025-10-17T07:38:46.960783+00:00
[2025-10-17T07:38:46.979+0000] {processor.py:179} INFO - Processing /home/airflow/.local/lib/python3.8/site-packages/airflow/example_dags/example_short_circuit_operator.py took 0.172 seconds
[2025-10-17T07:39:17.108+0000] {processor.py:157} INFO - Started process (PID=146) to work on /home/airflow/.local/lib/python3.8/site-packages/airflow/example_dags/example_short_circuit_operator.py
[2025-10-17T07:39:17.110+0000] {processor.py:829} INFO - Processing file /home/airflow/.local/lib/python3.8/site-packages/airflow/example_dags/example_short_circuit_operator.py for tasks to queue
[2025-10-17T07:39:17.112+0000] {logging_mixin.py:154} INFO - [2025-10-17T07:39:17.112+0000] {dagbag.py:536} INFO - Filling up the DagBag from /home/airflow/.local/lib/python3.8/site-packages/airflow/example_dags/example_short_circuit_operator.py
[2025-10-17T07:39:17.119+0000] {processor.py:839} INFO - DAG(s) dict_keys(['example_short_circuit_operator']) retrieved from /home/airflow/.local/lib/python3.8/site-packages/airflow/example_dags/example_short_circuit_operator.py
[2025-10-17T07:39:17.142+0000] {logging_mixin.py:154} INFO - [2025-10-17T07:39:17.142+0000] {dag.py:2941} INFO - Sync 1 DAGs
[2025-10-17T07:39:17.163+0000] {logging_mixin.py:154} INFO - [2025-10-17T07:39:17.163+0000] {dag.py:3722} INFO - Setting next_dagrun for example_short_circuit_operator to 2025-10-16T07:39:17.162816+00:00, run_after=2025-10-17T07:39:17.162816+00:00
[2025-10-17T07:39:17.181+0000] {processor.py:179} INFO - Processing /home/airflow/.local/lib/python3.8/site-packages/airflow/example_dags/example_short_circuit_operator.py took 0.076 seconds
[2025-10-17T07:39:47.469+0000] {processor.py:157} INFO - Started process (PID=202) to work on /home/airflow/.local/lib/python3.8/site-packages/airflow/example_dags/example_short_circuit_operator.py
[2025-10-17T07:39:47.470+0000] {processor.py:829} INFO - Processing file /home/airflow/.local/lib/python3.8/site-packages/airflow/example_dags/example_short_circuit_operator.py for tasks to queue
[2025-10-17T07:39:47.472+0000] {logging_mixin.py:154} INFO - [2025-10-17T07:39:47.472+0000] {dagbag.py:536} INFO - Filling up the DagBag from /home/airflow/.local/lib/python3.8/site-packages/airflow/example_dags/example_short_circuit_operator.py
[2025-10-17T07:39:47.482+0000] {processor.py:839} INFO - DAG(s) dict_keys(['example_short_circuit_operator']) retrieved from /home/airflow/.local/lib/python3.8/site-packages/airflow/example_dags/example_short_circuit_operator.py
[2025-10-17T07:39:47.509+0000] {logging_mixin.py:154} INFO - [2025-10-17T07:39:47.509+0000] {dag.py:2941} INFO - Sync 1 DAGs
[2025-10-17T07:39:47.535+0000] {logging_mixin.py:154} INFO - [2025-10-17T07:39:47.535+0000] {dag.py:3722} INFO - Setting next_dagrun for example_short_circuit_operator to 2025-10-16T07:39:47.535216+00:00, run_after=2025-10-17T07:39:47.535216+00:00
[2025-10-17T07:39:47.556+0000] {processor.py:179} INFO - Processing /home/airflow/.local/lib/python3.8/site-packages/airflow/example_dags/example_short_circuit_operator.py took 0.093 seconds
[2025-10-17T07:40:17.632+0000] {processor.py:157} INFO - Started process (PID=258) to work on /home/airflow/.local/lib/python3.8/site-packages/airflow/example_dags/example_short_circuit_operator.py
[2025-10-17T07:40:17.634+0000] {processor.py:829} INFO - Processing file /home/airflow/.local/lib/python3.8/site-packages/airflow/example_dags/example_short_circuit_operator.py for tasks to queue
[2025-10-17T07:40:17.636+0000] {logging_mixin.py:154} INFO - [2025-10-17T07:40:17.636+0000] {dagbag.py:536} INFO - Filling up the DagBag from /home/airflow/.local/lib/python3.8/site-packages/airflow/example_dags/example_short_circuit_operator.py
[2025-10-17T07:40:17.642+0000] {processor.py:839} INFO - DAG(s) dict_keys(['example_short_circuit_operator']) retrieved from /home/airflow/.local/lib/python3.8/site-packages/airflow/example_dags/example_short_circuit_operator.py
[2025-10-17T07:40:17.664+0000] {logging_mixin.py:154} INFO - [2025-10-17T07:40:17.664+0000] {dag.py:2941} INFO - Sync 1 DAGs
[2025-10-17T07:40:17.682+0000] {logging_mixin.py:154} INFO - [2025-10-17T07:40:17.682+0000] {dag.py:3722} INFO - Setting next_dagrun for example_short_circuit_operator to 2025-10-16T07:40:17.682311+00:00, run_after=2025-10-17T07:40:17.682311+00:00
[2025-10-17T07:40:17.701+0000] {processor.py:179} INFO - Processing /home/airflow/.local/lib/python3.8/site-packages/airflow/example_dags/example_short_circuit_operator.py took 0.072 seconds
[2025-10-17T07:40:48.139+0000] {processor.py:157} INFO - Started process (PID=314) to work on /home/airflow/.local/lib/python3.8/site-packages/airflow/example_dags/example_short_circuit_operator.py
[2025-10-17T07:40:48.140+0000] {processor.py:829} INFO - Processing file /home/airflow/.local/lib/python3.8/site-packages/airflow/example_dags/example_short_circuit_operator.py for tasks to queue
[2025-10-17T07:40:48.142+0000] {logging_mixin.py:154} INFO - [2025-10-17T07:40:48.142+0000] {dagbag.py:536} INFO - Filling up the DagBag from /home/airflow/.local/lib/python3.8/site-packages/airflow/example_dags/example_short_circuit_operator.py
[2025-10-17T07:40:48.149+0000] {processor.py:839} INFO - DAG(s) dict_keys(['example_short_circuit_operator']) retrieved from /home/airflow/.local/lib/python3.8/site-packages/airflow/example_dags/example_short_circuit_operator.py
[2025-10-17T07:40:48.170+0000] {logging_mixin.py:154} INFO - [2025-10-17T07:40:48.170+0000] {dag.py:2941} INFO - Sync 1 DAGs
[2025-10-17T07:40:48.188+0000] {logging_mixin.py:154} INFO - [2025-10-17T07:40:48.188+0000] {dag.py:3722} INFO - Setting next_dagrun for example_short_circuit_operator to 2025-10-16T07:40:48.188207+00:00, run_after=2025-10-17T07:40:48.188207+00:00
[2025-10-17T07:40:48.205+0000] {processor.py:179} INFO - Processing /home/airflow/.local/lib/python3.8/site-packages/airflow/example_dags/example_short_circuit_operator.py took 0.070 seconds
[2025-10-17T07:41:19.032+0000] {processor.py:157} INFO - Started process (PID=370) to work on /home/airflow/.local/lib/python3.8/site-packages/airflow/example_dags/example_short_circuit_operator.py
[2025-10-17T07:41:19.033+0000] {processor.py:829} INFO - Processing file /home/airflow/.local/lib/python3.8/site-packages/airflow/example_dags/example_short_circuit_operator.py for tasks to queue
[2025-10-17T07:41:19.036+0000] {logging_mixin.py:154} INFO - [2025-10-17T07:41:19.036+0000] {dagbag.py:536} INFO - Filling up the DagBag from /home/airflow/.local/lib/python3.8/site-packages/airflow/example_dags/example_short_circuit_operator.py
[2025-10-17T07:41:19.044+0000] {processor.py:839} INFO - DAG(s) dict_keys(['example_short_circuit_operator']) retrieved from /home/airflow/.local/lib/python3.8/site-packages/airflow/example_dags/example_short_circuit_operator.py
[2025-10-17T07:41:19.071+0000] {logging_mixin.py:154} INFO - [2025-10-17T07:41:19.070+0000] {dag.py:2941} INFO - Sync 1 DAGs
[2025-10-17T07:41:19.092+0000] {logging_mixin.py:154} INFO - [2025-10-17T07:41:19.091+0000] {dag.py:3722} INFO - Setting next_dagrun for example_short_circuit_operator to 2025-10-16T07:41:19.091479+00:00, run_after=2025-10-17T07:41:19.091479+00:00
[2025-10-17T07:41:19.114+0000] {processor.py:179} INFO - Processing /home/airflow/.local/lib/python3.8/site-packages/airflow/example_dags/example_short_circuit_operator.py took 0.086 seconds
[2025-10-17T07:42:29.854+0000] {processor.py:157} INFO - Started process (PID=89) to work on /home/airflow/.local/lib/python3.8/site-packages/airflow/example_dags/example_short_circuit_operator.py
[2025-10-17T07:42:29.855+0000] {processor.py:829} INFO - Processing file /home/airflow/.local/lib/python3.8/site-packages/airflow/example_dags/example_short_circuit_operator.py for tasks to queue
[2025-10-17T07:42:29.858+0000] {logging_mixin.py:154} INFO - [2025-10-17T07:42:29.857+0000] {dagbag.py:536} INFO - Filling up the DagBag from /home/airflow/.local/lib/python3.8/site-packages/airflow/example_dags/example_short_circuit_operator.py
[2025-10-17T07:42:29.866+0000] {processor.py:839} INFO - DAG(s) dict_keys(['example_short_circuit_operator']) retrieved from /home/airflow/.local/lib/python3.8/site-packages/airflow/example_dags/example_short_circuit_operator.py
[2025-10-17T07:42:29.979+0000] {logging_mixin.py:154} INFO - [2025-10-17T07:42:29.978+0000] {manager.py:499} INFO - Created Permission View: %s
[2025-10-17T07:42:29.987+0000] {logging_mixin.py:154} INFO - [2025-10-17T07:42:29.987+0000] {manager.py:499} INFO - Created Permission View: %s
[2025-10-17T07:42:29.995+0000] {logging_mixin.py:154} INFO - [2025-10-17T07:42:29.994+0000] {manager.py:499} INFO - Created Permission View: %s
[2025-10-17T07:42:29.995+0000] {logging_mixin.py:154} INFO - [2025-10-17T07:42:29.995+0000] {dag.py:2941} INFO - Sync 1 DAGs
[2025-10-17T07:42:30.006+0000] {logging_mixin.py:154} INFO - [2025-10-17T07:42:30.006+0000] {dag.py:2963} INFO - Creating ORM DAG for example_short_circuit_operator
[2025-10-17T07:42:30.015+0000] {logging_mixin.py:154} INFO - [2025-10-17T07:42:30.015+0000] {dag.py:3722} INFO - Setting next_dagrun for example_short_circuit_operator to 2025-10-16T07:42:30.015408+00:00, run_after=2025-10-17T07:42:30.015408+00:00
[2025-10-17T07:42:30.034+0000] {processor.py:179} INFO - Processing /home/airflow/.local/lib/python3.8/site-packages/airflow/example_dags/example_short_circuit_operator.py took 0.184 seconds
[2025-10-17T07:43:00.751+0000] {processor.py:157} INFO - Started process (PID=145) to work on /home/airflow/.local/lib/python3.8/site-packages/airflow/example_dags/example_short_circuit_operator.py
[2025-10-17T07:43:00.752+0000] {processor.py:829} INFO - Processing file /home/airflow/.local/lib/python3.8/site-packages/airflow/example_dags/example_short_circuit_operator.py for tasks to queue
[2025-10-17T07:43:00.754+0000] {logging_mixin.py:154} INFO - [2025-10-17T07:43:00.754+0000] {dagbag.py:536} INFO - Filling up the DagBag from /home/airflow/.local/lib/python3.8/site-packages/airflow/example_dags/example_short_circuit_operator.py
[2025-10-17T07:43:00.762+0000] {processor.py:839} INFO - DAG(s) dict_keys(['example_short_circuit_operator']) retrieved from /home/airflow/.local/lib/python3.8/site-packages/airflow/example_dags/example_short_circuit_operator.py
[2025-10-17T07:43:00.785+0000] {logging_mixin.py:154} INFO - [2025-10-17T07:43:00.784+0000] {dag.py:2941} INFO - Sync 1 DAGs
[2025-10-17T07:43:00.805+0000] {logging_mixin.py:154} INFO - [2025-10-17T07:43:00.805+0000] {dag.py:3722} INFO - Setting next_dagrun for example_short_circuit_operator to 2025-10-16T07:43:00.804814+00:00, run_after=2025-10-17T07:43:00.804814+00:00
[2025-10-17T07:43:00.822+0000] {processor.py:179} INFO - Processing /home/airflow/.local/lib/python3.8/site-packages/airflow/example_dags/example_short_circuit_operator.py took 0.074 seconds
[2025-10-17T07:44:26.852+0000] {processor.py:157} INFO - Started process (PID=89) to work on /home/airflow/.local/lib/python3.8/site-packages/airflow/example_dags/example_short_circuit_operator.py
[2025-10-17T07:44:26.853+0000] {processor.py:829} INFO - Processing file /home/airflow/.local/lib/python3.8/site-packages/airflow/example_dags/example_short_circuit_operator.py for tasks to queue
[2025-10-17T07:44:26.856+0000] {logging_mixin.py:154} INFO - [2025-10-17T07:44:26.855+0000] {dagbag.py:536} INFO - Filling up the DagBag from /home/airflow/.local/lib/python3.8/site-packages/airflow/example_dags/example_short_circuit_operator.py
[2025-10-17T07:44:26.866+0000] {processor.py:839} INFO - DAG(s) dict_keys(['example_short_circuit_operator']) retrieved from /home/airflow/.local/lib/python3.8/site-packages/airflow/example_dags/example_short_circuit_operator.py
[2025-10-17T07:44:26.986+0000] {logging_mixin.py:154} INFO - [2025-10-17T07:44:26.986+0000] {manager.py:499} INFO - Created Permission View: %s
[2025-10-17T07:44:26.998+0000] {logging_mixin.py:154} INFO - [2025-10-17T07:44:26.997+0000] {manager.py:499} INFO - Created Permission View: %s
[2025-10-17T07:44:27.006+0000] {logging_mixin.py:154} INFO - [2025-10-17T07:44:27.006+0000] {manager.py:499} INFO - Created Permission View: %s
[2025-10-17T07:44:27.007+0000] {logging_mixin.py:154} INFO - [2025-10-17T07:44:27.007+0000] {dag.py:2941} INFO - Sync 1 DAGs
[2025-10-17T07:44:27.017+0000] {logging_mixin.py:154} INFO - [2025-10-17T07:44:27.016+0000] {dag.py:2963} INFO - Creating ORM DAG for example_short_circuit_operator
[2025-10-17T07:44:27.026+0000] {logging_mixin.py:154} INFO - [2025-10-17T07:44:27.026+0000] {dag.py:3722} INFO - Setting next_dagrun for example_short_circuit_operator to 2025-10-16T07:44:27.026371+00:00, run_after=2025-10-17T07:44:27.026371+00:00
[2025-10-17T07:44:27.047+0000] {processor.py:179} INFO - Processing /home/airflow/.local/lib/python3.8/site-packages/airflow/example_dags/example_short_circuit_operator.py took 0.199 seconds
[2025-10-17T07:44:36.651+0000] {processor.py:157} INFO - Started process (PID=74) to work on /home/airflow/.local/lib/python3.8/site-packages/airflow/example_dags/example_short_circuit_operator.py
[2025-10-17T07:44:36.652+0000] {processor.py:829} INFO - Processing file /home/airflow/.local/lib/python3.8/site-packages/airflow/example_dags/example_short_circuit_operator.py for tasks to queue
[2025-10-17T07:44:36.654+0000] {logging_mixin.py:154} INFO - [2025-10-17T07:44:36.654+0000] {dagbag.py:536} INFO - Filling up the DagBag from /home/airflow/.local/lib/python3.8/site-packages/airflow/example_dags/example_short_circuit_operator.py
[2025-10-17T07:44:36.661+0000] {processor.py:839} INFO - DAG(s) dict_keys(['example_short_circuit_operator']) retrieved from /home/airflow/.local/lib/python3.8/site-packages/airflow/example_dags/example_short_circuit_operator.py
[2025-10-17T07:44:36.672+0000] {logging_mixin.py:154} INFO - [2025-10-17T07:44:36.672+0000] {dag.py:2941} INFO - Sync 1 DAGs
[2025-10-17T07:44:36.691+0000] {logging_mixin.py:154} INFO - [2025-10-17T07:44:36.691+0000] {dag.py:3722} INFO - Setting next_dagrun for example_short_circuit_operator to 2025-10-16T07:44:36.691335+00:00, run_after=2025-10-17T07:44:36.691335+00:00
[2025-10-17T07:44:36.709+0000] {processor.py:179} INFO - Processing /home/airflow/.local/lib/python3.8/site-packages/airflow/example_dags/example_short_circuit_operator.py took 0.062 seconds
[2025-10-17T07:45:07.175+0000] {processor.py:157} INFO - Started process (PID=130) to work on /home/airflow/.local/lib/python3.8/site-packages/airflow/example_dags/example_short_circuit_operator.py
[2025-10-17T07:45:07.175+0000] {processor.py:829} INFO - Processing file /home/airflow/.local/lib/python3.8/site-packages/airflow/example_dags/example_short_circuit_operator.py for tasks to queue
[2025-10-17T07:45:07.177+0000] {logging_mixin.py:154} INFO - [2025-10-17T07:45:07.177+0000] {dagbag.py:536} INFO - Filling up the DagBag from /home/airflow/.local/lib/python3.8/site-packages/airflow/example_dags/example_short_circuit_operator.py
[2025-10-17T07:45:07.183+0000] {processor.py:839} INFO - DAG(s) dict_keys(['example_short_circuit_operator']) retrieved from /home/airflow/.local/lib/python3.8/site-packages/airflow/example_dags/example_short_circuit_operator.py
[2025-10-17T07:45:07.204+0000] {logging_mixin.py:154} INFO - [2025-10-17T07:45:07.204+0000] {dag.py:2941} INFO - Sync 1 DAGs
[2025-10-17T07:45:07.221+0000] {logging_mixin.py:154} INFO - [2025-10-17T07:45:07.221+0000] {dag.py:3722} INFO - Setting next_dagrun for example_short_circuit_operator to 2025-10-16T07:45:07.221424+00:00, run_after=2025-10-17T07:45:07.221424+00:00
[2025-10-17T07:45:07.238+0000] {processor.py:179} INFO - Processing /home/airflow/.local/lib/python3.8/site-packages/airflow/example_dags/example_short_circuit_operator.py took 0.066 seconds
[2025-10-17T07:46:21.618+0000] {processor.py:157} INFO - Started process (PID=89) to work on /home/airflow/.local/lib/python3.8/site-packages/airflow/example_dags/example_short_circuit_operator.py
[2025-10-17T07:46:21.619+0000] {processor.py:829} INFO - Processing file /home/airflow/.local/lib/python3.8/site-packages/airflow/example_dags/example_short_circuit_operator.py for tasks to queue
[2025-10-17T07:46:21.621+0000] {logging_mixin.py:154} INFO - [2025-10-17T07:46:21.621+0000] {dagbag.py:536} INFO - Filling up the DagBag from /home/airflow/.local/lib/python3.8/site-packages/airflow/example_dags/example_short_circuit_operator.py
[2025-10-17T07:46:21.630+0000] {processor.py:839} INFO - DAG(s) dict_keys(['example_short_circuit_operator']) retrieved from /home/airflow/.local/lib/python3.8/site-packages/airflow/example_dags/example_short_circuit_operator.py
[2025-10-17T07:46:21.768+0000] {logging_mixin.py:154} INFO - [2025-10-17T07:46:21.768+0000] {manager.py:499} INFO - Created Permission View: %s
[2025-10-17T07:46:21.781+0000] {logging_mixin.py:154} INFO - [2025-10-17T07:46:21.780+0000] {manager.py:499} INFO - Created Permission View: %s
[2025-10-17T07:46:21.788+0000] {logging_mixin.py:154} INFO - [2025-10-17T07:46:21.788+0000] {manager.py:499} INFO - Created Permission View: %s
[2025-10-17T07:46:21.788+0000] {logging_mixin.py:154} INFO - [2025-10-17T07:46:21.788+0000] {dag.py:2941} INFO - Sync 1 DAGs
[2025-10-17T07:46:21.799+0000] {logging_mixin.py:154} INFO - [2025-10-17T07:46:21.798+0000] {dag.py:2963} INFO - Creating ORM DAG for example_short_circuit_operator
[2025-10-17T07:46:21.808+0000] {logging_mixin.py:154} INFO - [2025-10-17T07:46:21.808+0000] {dag.py:3722} INFO - Setting next_dagrun for example_short_circuit_operator to 2025-10-16T07:46:21.807627+00:00, run_after=2025-10-17T07:46:21.807627+00:00
[2025-10-17T07:46:21.828+0000] {processor.py:179} INFO - Processing /home/airflow/.local/lib/python3.8/site-packages/airflow/example_dags/example_short_circuit_operator.py took 0.214 seconds
[2025-10-17T07:46:52.081+0000] {processor.py:157} INFO - Started process (PID=145) to work on /home/airflow/.local/lib/python3.8/site-packages/airflow/example_dags/example_short_circuit_operator.py
[2025-10-17T07:46:52.082+0000] {processor.py:829} INFO - Processing file /home/airflow/.local/lib/python3.8/site-packages/airflow/example_dags/example_short_circuit_operator.py for tasks to queue
[2025-10-17T07:46:52.084+0000] {logging_mixin.py:154} INFO - [2025-10-17T07:46:52.084+0000] {dagbag.py:536} INFO - Filling up the DagBag from /home/airflow/.local/lib/python3.8/site-packages/airflow/example_dags/example_short_circuit_operator.py
[2025-10-17T07:46:52.091+0000] {processor.py:839} INFO - DAG(s) dict_keys(['example_short_circuit_operator']) retrieved from /home/airflow/.local/lib/python3.8/site-packages/airflow/example_dags/example_short_circuit_operator.py
[2025-10-17T07:46:52.112+0000] {logging_mixin.py:154} INFO - [2025-10-17T07:46:52.112+0000] {dag.py:2941} INFO - Sync 1 DAGs
[2025-10-17T07:46:52.130+0000] {logging_mixin.py:154} INFO - [2025-10-17T07:46:52.130+0000] {dag.py:3722} INFO - Setting next_dagrun for example_short_circuit_operator to 2025-10-16T07:46:52.130368+00:00, run_after=2025-10-17T07:46:52.130368+00:00
[2025-10-17T07:46:52.148+0000] {processor.py:179} INFO - Processing /home/airflow/.local/lib/python3.8/site-packages/airflow/example_dags/example_short_circuit_operator.py took 0.070 seconds
[2025-10-17T07:47:23.138+0000] {processor.py:157} INFO - Started process (PID=201) to work on /home/airflow/.local/lib/python3.8/site-packages/airflow/example_dags/example_short_circuit_operator.py
[2025-10-17T07:47:23.139+0000] {processor.py:829} INFO - Processing file /home/airflow/.local/lib/python3.8/site-packages/airflow/example_dags/example_short_circuit_operator.py for tasks to queue
[2025-10-17T07:47:23.141+0000] {logging_mixin.py:154} INFO - [2025-10-17T07:47:23.140+0000] {dagbag.py:536} INFO - Filling up the DagBag from /home/airflow/.local/lib/python3.8/site-packages/airflow/example_dags/example_short_circuit_operator.py
[2025-10-17T07:47:23.148+0000] {processor.py:839} INFO - DAG(s) dict_keys(['example_short_circuit_operator']) retrieved from /home/airflow/.local/lib/python3.8/site-packages/airflow/example_dags/example_short_circuit_operator.py
[2025-10-17T07:47:23.171+0000] {logging_mixin.py:154} INFO - [2025-10-17T07:47:23.171+0000] {dag.py:2941} INFO - Sync 1 DAGs
[2025-10-17T07:47:23.190+0000] {logging_mixin.py:154} INFO - [2025-10-17T07:47:23.190+0000] {dag.py:3722} INFO - Setting next_dagrun for example_short_circuit_operator to 2025-10-16T07:47:23.190281+00:00, run_after=2025-10-17T07:47:23.190281+00:00
[2025-10-17T07:47:23.212+0000] {processor.py:179} INFO - Processing /home/airflow/.local/lib/python3.8/site-packages/airflow/example_dags/example_short_circuit_operator.py took 0.078 seconds
[2025-10-17T07:47:53.615+0000] {processor.py:157} INFO - Started process (PID=257) to work on /home/airflow/.local/lib/python3.8/site-packages/airflow/example_dags/example_short_circuit_operator.py
[2025-10-17T07:47:53.616+0000] {processor.py:829} INFO - Processing file /home/airflow/.local/lib/python3.8/site-packages/airflow/example_dags/example_short_circuit_operator.py for tasks to queue
[2025-10-17T07:47:53.618+0000] {logging_mixin.py:154} INFO - [2025-10-17T07:47:53.618+0000] {dagbag.py:536} INFO - Filling up the DagBag from /home/airflow/.local/lib/python3.8/site-packages/airflow/example_dags/example_short_circuit_operator.py
[2025-10-17T07:47:53.626+0000] {processor.py:839} INFO - DAG(s) dict_keys(['example_short_circuit_operator']) retrieved from /home/airflow/.local/lib/python3.8/site-packages/airflow/example_dags/example_short_circuit_operator.py
[2025-10-17T07:47:53.654+0000] {logging_mixin.py:154} INFO - [2025-10-17T07:47:53.653+0000] {dag.py:2941} INFO - Sync 1 DAGs
[2025-10-17T07:47:53.676+0000] {logging_mixin.py:154} INFO - [2025-10-17T07:47:53.676+0000] {dag.py:3722} INFO - Setting next_dagrun for example_short_circuit_operator to 2025-10-16T07:47:53.675700+00:00, run_after=2025-10-17T07:47:53.675700+00:00
[2025-10-17T07:47:53.698+0000] {processor.py:179} INFO - Processing /home/airflow/.local/lib/python3.8/site-packages/airflow/example_dags/example_short_circuit_operator.py took 0.087 seconds
[2025-10-17T07:48:24.108+0000] {processor.py:157} INFO - Started process (PID=313) to work on /home/airflow/.local/lib/python3.8/site-packages/airflow/example_dags/example_short_circuit_operator.py
[2025-10-17T07:48:24.109+0000] {processor.py:829} INFO - Processing file /home/airflow/.local/lib/python3.8/site-packages/airflow/example_dags/example_short_circuit_operator.py for tasks to queue
[2025-10-17T07:48:24.111+0000] {logging_mixin.py:154} INFO - [2025-10-17T07:48:24.111+0000] {dagbag.py:536} INFO - Filling up the DagBag from /home/airflow/.local/lib/python3.8/site-packages/airflow/example_dags/example_short_circuit_operator.py
[2025-10-17T07:48:24.118+0000] {processor.py:839} INFO - DAG(s) dict_keys(['example_short_circuit_operator']) retrieved from /home/airflow/.local/lib/python3.8/site-packages/airflow/example_dags/example_short_circuit_operator.py
[2025-10-17T07:48:24.139+0000] {logging_mixin.py:154} INFO - [2025-10-17T07:48:24.139+0000] {dag.py:2941} INFO - Sync 1 DAGs
[2025-10-17T07:48:24.157+0000] {logging_mixin.py:154} INFO - [2025-10-17T07:48:24.157+0000] {dag.py:3722} INFO - Setting next_dagrun for example_short_circuit_operator to 2025-10-16T07:48:24.157258+00:00, run_after=2025-10-17T07:48:24.157258+00:00
[2025-10-17T07:48:24.174+0000] {processor.py:179} INFO - Processing /home/airflow/.local/lib/python3.8/site-packages/airflow/example_dags/example_short_circuit_operator.py took 0.068 seconds
[2025-10-17T07:48:55.023+0000] {processor.py:157} INFO - Started process (PID=369) to work on /home/airflow/.local/lib/python3.8/site-packages/airflow/example_dags/example_short_circuit_operator.py
[2025-10-17T07:48:55.024+0000] {processor.py:829} INFO - Processing file /home/airflow/.local/lib/python3.8/site-packages/airflow/example_dags/example_short_circuit_operator.py for tasks to queue
[2025-10-17T07:48:55.026+0000] {logging_mixin.py:154} INFO - [2025-10-17T07:48:55.026+0000] {dagbag.py:536} INFO - Filling up the DagBag from /home/airflow/.local/lib/python3.8/site-packages/airflow/example_dags/example_short_circuit_operator.py
[2025-10-17T07:48:55.033+0000] {processor.py:839} INFO - DAG(s) dict_keys(['example_short_circuit_operator']) retrieved from /home/airflow/.local/lib/python3.8/site-packages/airflow/example_dags/example_short_circuit_operator.py
[2025-10-17T07:48:55.054+0000] {logging_mixin.py:154} INFO - [2025-10-17T07:48:55.054+0000] {dag.py:2941} INFO - Sync 1 DAGs
[2025-10-17T07:48:55.072+0000] {logging_mixin.py:154} INFO - [2025-10-17T07:48:55.072+0000] {dag.py:3722} INFO - Setting next_dagrun for example_short_circuit_operator to 2025-10-16T07:48:55.072337+00:00, run_after=2025-10-17T07:48:55.072337+00:00
[2025-10-17T07:48:55.089+0000] {processor.py:179} INFO - Processing /home/airflow/.local/lib/python3.8/site-packages/airflow/example_dags/example_short_circuit_operator.py took 0.070 seconds
[2025-10-17T07:49:25.536+0000] {processor.py:157} INFO - Started process (PID=425) to work on /home/airflow/.local/lib/python3.8/site-packages/airflow/example_dags/example_short_circuit_operator.py
[2025-10-17T07:49:25.537+0000] {processor.py:829} INFO - Processing file /home/airflow/.local/lib/python3.8/site-packages/airflow/example_dags/example_short_circuit_operator.py for tasks to queue
[2025-10-17T07:49:25.539+0000] {logging_mixin.py:154} INFO - [2025-10-17T07:49:25.539+0000] {dagbag.py:536} INFO - Filling up the DagBag from /home/airflow/.local/lib/python3.8/site-packages/airflow/example_dags/example_short_circuit_operator.py
[2025-10-17T07:49:25.547+0000] {processor.py:839} INFO - DAG(s) dict_keys(['example_short_circuit_operator']) retrieved from /home/airflow/.local/lib/python3.8/site-packages/airflow/example_dags/example_short_circuit_operator.py
[2025-10-17T07:49:25.567+0000] {logging_mixin.py:154} INFO - [2025-10-17T07:49:25.567+0000] {dag.py:2941} INFO - Sync 1 DAGs
[2025-10-17T07:49:25.586+0000] {logging_mixin.py:154} INFO - [2025-10-17T07:49:25.585+0000] {dag.py:3722} INFO - Setting next_dagrun for example_short_circuit_operator to 2025-10-16T07:49:25.585561+00:00, run_after=2025-10-17T07:49:25.585561+00:00
[2025-10-17T07:49:25.603+0000] {processor.py:179} INFO - Processing /home/airflow/.local/lib/python3.8/site-packages/airflow/example_dags/example_short_circuit_operator.py took 0.070 seconds
[2025-10-17T07:49:56.317+0000] {processor.py:157} INFO - Started process (PID=481) to work on /home/airflow/.local/lib/python3.8/site-packages/airflow/example_dags/example_short_circuit_operator.py
[2025-10-17T07:49:56.318+0000] {processor.py:829} INFO - Processing file /home/airflow/.local/lib/python3.8/site-packages/airflow/example_dags/example_short_circuit_operator.py for tasks to queue
[2025-10-17T07:49:56.321+0000] {logging_mixin.py:154} INFO - [2025-10-17T07:49:56.320+0000] {dagbag.py:536} INFO - Filling up the DagBag from /home/airflow/.local/lib/python3.8/site-packages/airflow/example_dags/example_short_circuit_operator.py
[2025-10-17T07:49:56.328+0000] {processor.py:839} INFO - DAG(s) dict_keys(['example_short_circuit_operator']) retrieved from /home/airflow/.local/lib/python3.8/site-packages/airflow/example_dags/example_short_circuit_operator.py
[2025-10-17T07:49:56.350+0000] {logging_mixin.py:154} INFO - [2025-10-17T07:49:56.349+0000] {dag.py:2941} INFO - Sync 1 DAGs
[2025-10-17T07:49:56.368+0000] {logging_mixin.py:154} INFO - [2025-10-17T07:49:56.368+0000] {dag.py:3722} INFO - Setting next_dagrun for example_short_circuit_operator to 2025-10-16T07:49:56.368083+00:00, run_after=2025-10-17T07:49:56.368083+00:00
[2025-10-17T07:49:56.384+0000] {processor.py:179} INFO - Processing /home/airflow/.local/lib/python3.8/site-packages/airflow/example_dags/example_short_circuit_operator.py took 0.072 seconds
[2025-10-17T07:50:26.493+0000] {processor.py:157} INFO - Started process (PID=537) to work on /home/airflow/.local/lib/python3.8/site-packages/airflow/example_dags/example_short_circuit_operator.py
[2025-10-17T07:50:26.494+0000] {processor.py:829} INFO - Processing file /home/airflow/.local/lib/python3.8/site-packages/airflow/example_dags/example_short_circuit_operator.py for tasks to queue
[2025-10-17T07:50:26.496+0000] {logging_mixin.py:154} INFO - [2025-10-17T07:50:26.496+0000] {dagbag.py:536} INFO - Filling up the DagBag from /home/airflow/.local/lib/python3.8/site-packages/airflow/example_dags/example_short_circuit_operator.py
[2025-10-17T07:50:26.503+0000] {processor.py:839} INFO - DAG(s) dict_keys(['example_short_circuit_operator']) retrieved from /home/airflow/.local/lib/python3.8/site-packages/airflow/example_dags/example_short_circuit_operator.py
[2025-10-17T07:50:26.524+0000] {logging_mixin.py:154} INFO - [2025-10-17T07:50:26.524+0000] {dag.py:2941} INFO - Sync 1 DAGs
[2025-10-17T07:50:26.542+0000] {logging_mixin.py:154} INFO - [2025-10-17T07:50:26.542+0000] {dag.py:3722} INFO - Setting next_dagrun for example_short_circuit_operator to 2025-10-16T07:50:26.542488+00:00, run_after=2025-10-17T07:50:26.542488+00:00
[2025-10-17T07:50:26.561+0000] {processor.py:179} INFO - Processing /home/airflow/.local/lib/python3.8/site-packages/airflow/example_dags/example_short_circuit_operator.py took 0.072 seconds
[2025-10-17T07:50:57.280+0000] {processor.py:157} INFO - Started process (PID=593) to work on /home/airflow/.local/lib/python3.8/site-packages/airflow/example_dags/example_short_circuit_operator.py
[2025-10-17T07:50:57.282+0000] {processor.py:829} INFO - Processing file /home/airflow/.local/lib/python3.8/site-packages/airflow/example_dags/example_short_circuit_operator.py for tasks to queue
[2025-10-17T07:50:57.284+0000] {logging_mixin.py:154} INFO - [2025-10-17T07:50:57.284+0000] {dagbag.py:536} INFO - Filling up the DagBag from /home/airflow/.local/lib/python3.8/site-packages/airflow/example_dags/example_short_circuit_operator.py
[2025-10-17T07:50:57.291+0000] {processor.py:839} INFO - DAG(s) dict_keys(['example_short_circuit_operator']) retrieved from /home/airflow/.local/lib/python3.8/site-packages/airflow/example_dags/example_short_circuit_operator.py
[2025-10-17T07:50:57.312+0000] {logging_mixin.py:154} INFO - [2025-10-17T07:50:57.312+0000] {dag.py:2941} INFO - Sync 1 DAGs
[2025-10-17T07:50:57.330+0000] {logging_mixin.py:154} INFO - [2025-10-17T07:50:57.330+0000] {dag.py:3722} INFO - Setting next_dagrun for example_short_circuit_operator to 2025-10-16T07:50:57.330064+00:00, run_after=2025-10-17T07:50:57.330064+00:00
[2025-10-17T07:50:57.346+0000] {processor.py:179} INFO - Processing /home/airflow/.local/lib/python3.8/site-packages/airflow/example_dags/example_short_circuit_operator.py took 0.070 seconds
[2025-10-17T07:51:27.910+0000] {processor.py:157} INFO - Started process (PID=649) to work on /home/airflow/.local/lib/python3.8/site-packages/airflow/example_dags/example_short_circuit_operator.py
[2025-10-17T07:51:27.911+0000] {processor.py:829} INFO - Processing file /home/airflow/.local/lib/python3.8/site-packages/airflow/example_dags/example_short_circuit_operator.py for tasks to queue
[2025-10-17T07:51:27.914+0000] {logging_mixin.py:154} INFO - [2025-10-17T07:51:27.913+0000] {dagbag.py:536} INFO - Filling up the DagBag from /home/airflow/.local/lib/python3.8/site-packages/airflow/example_dags/example_short_circuit_operator.py
[2025-10-17T07:51:27.920+0000] {processor.py:839} INFO - DAG(s) dict_keys(['example_short_circuit_operator']) retrieved from /home/airflow/.local/lib/python3.8/site-packages/airflow/example_dags/example_short_circuit_operator.py
[2025-10-17T07:51:27.944+0000] {logging_mixin.py:154} INFO - [2025-10-17T07:51:27.944+0000] {dag.py:2941} INFO - Sync 1 DAGs
[2025-10-17T07:51:27.963+0000] {logging_mixin.py:154} INFO - [2025-10-17T07:51:27.963+0000] {dag.py:3722} INFO - Setting next_dagrun for example_short_circuit_operator to 2025-10-16T07:51:27.963107+00:00, run_after=2025-10-17T07:51:27.963107+00:00
[2025-10-17T07:51:27.979+0000] {processor.py:179} INFO - Processing /home/airflow/.local/lib/python3.8/site-packages/airflow/example_dags/example_short_circuit_operator.py took 0.072 seconds
[2025-10-17T07:51:58.542+0000] {processor.py:157} INFO - Started process (PID=705) to work on /home/airflow/.local/lib/python3.8/site-packages/airflow/example_dags/example_short_circuit_operator.py
[2025-10-17T07:51:58.544+0000] {processor.py:829} INFO - Processing file /home/airflow/.local/lib/python3.8/site-packages/airflow/example_dags/example_short_circuit_operator.py for tasks to queue
[2025-10-17T07:51:58.546+0000] {logging_mixin.py:154} INFO - [2025-10-17T07:51:58.546+0000] {dagbag.py:536} INFO - Filling up the DagBag from /home/airflow/.local/lib/python3.8/site-packages/airflow/example_dags/example_short_circuit_operator.py
[2025-10-17T07:51:58.553+0000] {processor.py:839} INFO - DAG(s) dict_keys(['example_short_circuit_operator']) retrieved from /home/airflow/.local/lib/python3.8/site-packages/airflow/example_dags/example_short_circuit_operator.py
[2025-10-17T07:51:58.575+0000] {logging_mixin.py:154} INFO - [2025-10-17T07:51:58.574+0000] {dag.py:2941} INFO - Sync 1 DAGs
[2025-10-17T07:51:58.594+0000] {logging_mixin.py:154} INFO - [2025-10-17T07:51:58.594+0000] {dag.py:3722} INFO - Setting next_dagrun for example_short_circuit_operator to 2025-10-16T07:51:58.593918+00:00, run_after=2025-10-17T07:51:58.593918+00:00
[2025-10-17T07:51:58.611+0000] {processor.py:179} INFO - Processing /home/airflow/.local/lib/python3.8/site-packages/airflow/example_dags/example_short_circuit_operator.py took 0.072 seconds
[2025-10-17T08:08:54.784+0000] {processor.py:157} INFO - Started process (PID=90) to work on /home/airflow/.local/lib/python3.8/site-packages/airflow/example_dags/example_short_circuit_operator.py
[2025-10-17T08:08:54.786+0000] {processor.py:829} INFO - Processing file /home/airflow/.local/lib/python3.8/site-packages/airflow/example_dags/example_short_circuit_operator.py for tasks to queue
[2025-10-17T08:08:54.788+0000] {logging_mixin.py:154} INFO - [2025-10-17T08:08:54.787+0000] {dagbag.py:536} INFO - Filling up the DagBag from /home/airflow/.local/lib/python3.8/site-packages/airflow/example_dags/example_short_circuit_operator.py
[2025-10-17T08:08:54.797+0000] {processor.py:839} INFO - DAG(s) dict_keys(['example_short_circuit_operator']) retrieved from /home/airflow/.local/lib/python3.8/site-packages/airflow/example_dags/example_short_circuit_operator.py
[2025-10-17T08:08:54.893+0000] {logging_mixin.py:154} INFO - [2025-10-17T08:08:54.893+0000] {manager.py:499} INFO - Created Permission View: %s
[2025-10-17T08:08:54.903+0000] {logging_mixin.py:154} INFO - [2025-10-17T08:08:54.903+0000] {manager.py:499} INFO - Created Permission View: %s
[2025-10-17T08:08:54.911+0000] {logging_mixin.py:154} INFO - [2025-10-17T08:08:54.911+0000] {manager.py:499} INFO - Created Permission View: %s
[2025-10-17T08:08:54.911+0000] {logging_mixin.py:154} INFO - [2025-10-17T08:08:54.911+0000] {dag.py:2941} INFO - Sync 1 DAGs
[2025-10-17T08:08:54.922+0000] {logging_mixin.py:154} INFO - [2025-10-17T08:08:54.922+0000] {dag.py:2963} INFO - Creating ORM DAG for example_short_circuit_operator
[2025-10-17T08:08:54.934+0000] {logging_mixin.py:154} INFO - [2025-10-17T08:08:54.934+0000] {dag.py:3722} INFO - Setting next_dagrun for example_short_circuit_operator to 2025-10-16T08:08:54.932926+00:00, run_after=2025-10-17T08:08:54.932926+00:00
[2025-10-17T08:08:54.952+0000] {processor.py:179} INFO - Processing /home/airflow/.local/lib/python3.8/site-packages/airflow/example_dags/example_short_circuit_operator.py took 0.171 seconds
[2025-10-17T08:09:25.259+0000] {processor.py:157} INFO - Started process (PID=146) to work on /home/airflow/.local/lib/python3.8/site-packages/airflow/example_dags/example_short_circuit_operator.py
[2025-10-17T08:09:25.260+0000] {processor.py:829} INFO - Processing file /home/airflow/.local/lib/python3.8/site-packages/airflow/example_dags/example_short_circuit_operator.py for tasks to queue
[2025-10-17T08:09:25.263+0000] {logging_mixin.py:154} INFO - [2025-10-17T08:09:25.263+0000] {dagbag.py:536} INFO - Filling up the DagBag from /home/airflow/.local/lib/python3.8/site-packages/airflow/example_dags/example_short_circuit_operator.py
[2025-10-17T08:09:25.271+0000] {processor.py:839} INFO - DAG(s) dict_keys(['example_short_circuit_operator']) retrieved from /home/airflow/.local/lib/python3.8/site-packages/airflow/example_dags/example_short_circuit_operator.py
[2025-10-17T08:09:25.292+0000] {logging_mixin.py:154} INFO - [2025-10-17T08:09:25.292+0000] {dag.py:2941} INFO - Sync 1 DAGs
[2025-10-17T08:09:25.314+0000] {logging_mixin.py:154} INFO - [2025-10-17T08:09:25.314+0000] {dag.py:3722} INFO - Setting next_dagrun for example_short_circuit_operator to 2025-10-16T08:09:25.314270+00:00, run_after=2025-10-17T08:09:25.314270+00:00
[2025-10-17T08:09:25.332+0000] {processor.py:179} INFO - Processing /home/airflow/.local/lib/python3.8/site-packages/airflow/example_dags/example_short_circuit_operator.py took 0.078 seconds
[2025-10-17T08:09:56.297+0000] {processor.py:157} INFO - Started process (PID=202) to work on /home/airflow/.local/lib/python3.8/site-packages/airflow/example_dags/example_short_circuit_operator.py
[2025-10-17T08:09:56.298+0000] {processor.py:829} INFO - Processing file /home/airflow/.local/lib/python3.8/site-packages/airflow/example_dags/example_short_circuit_operator.py for tasks to queue
[2025-10-17T08:09:56.302+0000] {logging_mixin.py:154} INFO - [2025-10-17T08:09:56.301+0000] {dagbag.py:536} INFO - Filling up the DagBag from /home/airflow/.local/lib/python3.8/site-packages/airflow/example_dags/example_short_circuit_operator.py
[2025-10-17T08:09:56.311+0000] {processor.py:839} INFO - DAG(s) dict_keys(['example_short_circuit_operator']) retrieved from /home/airflow/.local/lib/python3.8/site-packages/airflow/example_dags/example_short_circuit_operator.py
[2025-10-17T08:09:56.336+0000] {logging_mixin.py:154} INFO - [2025-10-17T08:09:56.335+0000] {dag.py:2941} INFO - Sync 1 DAGs
[2025-10-17T08:09:56.356+0000] {logging_mixin.py:154} INFO - [2025-10-17T08:09:56.356+0000] {dag.py:3722} INFO - Setting next_dagrun for example_short_circuit_operator to 2025-10-16T08:09:56.356296+00:00, run_after=2025-10-17T08:09:56.356296+00:00
[2025-10-17T08:09:56.378+0000] {processor.py:179} INFO - Processing /home/airflow/.local/lib/python3.8/site-packages/airflow/example_dags/example_short_circuit_operator.py took 0.085 seconds
[2025-10-17T08:10:27.205+0000] {processor.py:157} INFO - Started process (PID=258) to work on /home/airflow/.local/lib/python3.8/site-packages/airflow/example_dags/example_short_circuit_operator.py
[2025-10-17T08:10:27.206+0000] {processor.py:829} INFO - Processing file /home/airflow/.local/lib/python3.8/site-packages/airflow/example_dags/example_short_circuit_operator.py for tasks to queue
[2025-10-17T08:10:27.208+0000] {logging_mixin.py:154} INFO - [2025-10-17T08:10:27.208+0000] {dagbag.py:536} INFO - Filling up the DagBag from /home/airflow/.local/lib/python3.8/site-packages/airflow/example_dags/example_short_circuit_operator.py
[2025-10-17T08:10:27.215+0000] {processor.py:839} INFO - DAG(s) dict_keys(['example_short_circuit_operator']) retrieved from /home/airflow/.local/lib/python3.8/site-packages/airflow/example_dags/example_short_circuit_operator.py
[2025-10-17T08:10:27.236+0000] {logging_mixin.py:154} INFO - [2025-10-17T08:10:27.235+0000] {dag.py:2941} INFO - Sync 1 DAGs
[2025-10-17T08:10:27.256+0000] {logging_mixin.py:154} INFO - [2025-10-17T08:10:27.256+0000] {dag.py:3722} INFO - Setting next_dagrun for example_short_circuit_operator to 2025-10-16T08:10:27.255817+00:00, run_after=2025-10-17T08:10:27.255817+00:00
[2025-10-17T08:10:27.277+0000] {processor.py:179} INFO - Processing /home/airflow/.local/lib/python3.8/site-packages/airflow/example_dags/example_short_circuit_operator.py took 0.076 seconds
[2025-10-17T08:10:57.927+0000] {processor.py:157} INFO - Started process (PID=314) to work on /home/airflow/.local/lib/python3.8/site-packages/airflow/example_dags/example_short_circuit_operator.py
[2025-10-17T08:10:57.928+0000] {processor.py:829} INFO - Processing file /home/airflow/.local/lib/python3.8/site-packages/airflow/example_dags/example_short_circuit_operator.py for tasks to queue
[2025-10-17T08:10:57.930+0000] {logging_mixin.py:154} INFO - [2025-10-17T08:10:57.930+0000] {dagbag.py:536} INFO - Filling up the DagBag from /home/airflow/.local/lib/python3.8/site-packages/airflow/example_dags/example_short_circuit_operator.py
[2025-10-17T08:10:57.940+0000] {processor.py:839} INFO - DAG(s) dict_keys(['example_short_circuit_operator']) retrieved from /home/airflow/.local/lib/python3.8/site-packages/airflow/example_dags/example_short_circuit_operator.py
[2025-10-17T08:10:57.963+0000] {logging_mixin.py:154} INFO - [2025-10-17T08:10:57.962+0000] {dag.py:2941} INFO - Sync 1 DAGs
[2025-10-17T08:10:57.982+0000] {logging_mixin.py:154} INFO - [2025-10-17T08:10:57.982+0000] {dag.py:3722} INFO - Setting next_dagrun for example_short_circuit_operator to 2025-10-16T08:10:57.982314+00:00, run_after=2025-10-17T08:10:57.982314+00:00
[2025-10-17T08:10:58.001+0000] {processor.py:179} INFO - Processing /home/airflow/.local/lib/python3.8/site-packages/airflow/example_dags/example_short_circuit_operator.py took 0.078 seconds
[2025-10-17T08:12:36.554+0000] {processor.py:157} INFO - Started process (PID=91) to work on /home/airflow/.local/lib/python3.8/site-packages/airflow/example_dags/example_short_circuit_operator.py
[2025-10-17T08:12:36.556+0000] {processor.py:829} INFO - Processing file /home/airflow/.local/lib/python3.8/site-packages/airflow/example_dags/example_short_circuit_operator.py for tasks to queue
[2025-10-17T08:12:36.559+0000] {logging_mixin.py:154} INFO - [2025-10-17T08:12:36.559+0000] {dagbag.py:536} INFO - Filling up the DagBag from /home/airflow/.local/lib/python3.8/site-packages/airflow/example_dags/example_short_circuit_operator.py
[2025-10-17T08:12:36.572+0000] {processor.py:839} INFO - DAG(s) dict_keys(['example_short_circuit_operator']) retrieved from /home/airflow/.local/lib/python3.8/site-packages/airflow/example_dags/example_short_circuit_operator.py
[2025-10-17T08:12:36.693+0000] {logging_mixin.py:154} INFO - [2025-10-17T08:12:36.693+0000] {manager.py:499} INFO - Created Permission View: %s
[2025-10-17T08:12:36.703+0000] {logging_mixin.py:154} INFO - [2025-10-17T08:12:36.702+0000] {manager.py:499} INFO - Created Permission View: %s
[2025-10-17T08:12:36.709+0000] {logging_mixin.py:154} INFO - [2025-10-17T08:12:36.709+0000] {manager.py:499} INFO - Created Permission View: %s
[2025-10-17T08:12:36.709+0000] {logging_mixin.py:154} INFO - [2025-10-17T08:12:36.709+0000] {dag.py:2941} INFO - Sync 1 DAGs
[2025-10-17T08:12:36.719+0000] {logging_mixin.py:154} INFO - [2025-10-17T08:12:36.719+0000] {dag.py:2963} INFO - Creating ORM DAG for example_short_circuit_operator
[2025-10-17T08:12:36.729+0000] {logging_mixin.py:154} INFO - [2025-10-17T08:12:36.728+0000] {dag.py:3722} INFO - Setting next_dagrun for example_short_circuit_operator to 2025-10-16T08:12:36.728661+00:00, run_after=2025-10-17T08:12:36.728661+00:00
[2025-10-17T08:12:36.743+0000] {processor.py:179} INFO - Processing /home/airflow/.local/lib/python3.8/site-packages/airflow/example_dags/example_short_circuit_operator.py took 0.193 seconds
[2025-10-17T08:13:07.443+0000] {processor.py:157} INFO - Started process (PID=147) to work on /home/airflow/.local/lib/python3.8/site-packages/airflow/example_dags/example_short_circuit_operator.py
[2025-10-17T08:13:07.445+0000] {processor.py:829} INFO - Processing file /home/airflow/.local/lib/python3.8/site-packages/airflow/example_dags/example_short_circuit_operator.py for tasks to queue
[2025-10-17T08:13:07.447+0000] {logging_mixin.py:154} INFO - [2025-10-17T08:13:07.446+0000] {dagbag.py:536} INFO - Filling up the DagBag from /home/airflow/.local/lib/python3.8/site-packages/airflow/example_dags/example_short_circuit_operator.py
[2025-10-17T08:13:07.454+0000] {processor.py:839} INFO - DAG(s) dict_keys(['example_short_circuit_operator']) retrieved from /home/airflow/.local/lib/python3.8/site-packages/airflow/example_dags/example_short_circuit_operator.py
[2025-10-17T08:13:07.476+0000] {logging_mixin.py:154} INFO - [2025-10-17T08:13:07.476+0000] {dag.py:2941} INFO - Sync 1 DAGs
[2025-10-17T08:13:07.496+0000] {logging_mixin.py:154} INFO - [2025-10-17T08:13:07.495+0000] {dag.py:3722} INFO - Setting next_dagrun for example_short_circuit_operator to 2025-10-16T08:13:07.495686+00:00, run_after=2025-10-17T08:13:07.495686+00:00
[2025-10-17T08:13:07.512+0000] {processor.py:179} INFO - Processing /home/airflow/.local/lib/python3.8/site-packages/airflow/example_dags/example_short_circuit_operator.py took 0.072 seconds
[2025-10-17T08:13:38.013+0000] {processor.py:157} INFO - Started process (PID=203) to work on /home/airflow/.local/lib/python3.8/site-packages/airflow/example_dags/example_short_circuit_operator.py
[2025-10-17T08:13:38.014+0000] {processor.py:829} INFO - Processing file /home/airflow/.local/lib/python3.8/site-packages/airflow/example_dags/example_short_circuit_operator.py for tasks to queue
[2025-10-17T08:13:38.016+0000] {logging_mixin.py:154} INFO - [2025-10-17T08:13:38.016+0000] {dagbag.py:536} INFO - Filling up the DagBag from /home/airflow/.local/lib/python3.8/site-packages/airflow/example_dags/example_short_circuit_operator.py
[2025-10-17T08:13:38.025+0000] {processor.py:839} INFO - DAG(s) dict_keys(['example_short_circuit_operator']) retrieved from /home/airflow/.local/lib/python3.8/site-packages/airflow/example_dags/example_short_circuit_operator.py
[2025-10-17T08:13:38.047+0000] {logging_mixin.py:154} INFO - [2025-10-17T08:13:38.047+0000] {dag.py:2941} INFO - Sync 1 DAGs
[2025-10-17T08:13:38.065+0000] {logging_mixin.py:154} INFO - [2025-10-17T08:13:38.065+0000] {dag.py:3722} INFO - Setting next_dagrun for example_short_circuit_operator to 2025-10-16T08:13:38.065506+00:00, run_after=2025-10-17T08:13:38.065506+00:00
[2025-10-17T08:13:38.085+0000] {processor.py:179} INFO - Processing /home/airflow/.local/lib/python3.8/site-packages/airflow/example_dags/example_short_circuit_operator.py took 0.077 seconds
