[2025-10-17T07:19:46.903+0000] {processor.py:157} INFO - Started process (PID=580) to work on /home/airflow/.local/lib/python3.8/site-packages/airflow/example_dags/example_bash_operator.py
[2025-10-17T07:19:46.905+0000] {processor.py:829} INFO - Processing file /home/airflow/.local/lib/python3.8/site-packages/airflow/example_dags/example_bash_operator.py for tasks to queue
[2025-10-17T07:19:46.908+0000] {logging_mixin.py:154} INFO - [2025-10-17T07:19:46.908+0000] {dagbag.py:536} INFO - Filling up the DagBag from /home/airflow/.local/lib/python3.8/site-packages/airflow/example_dags/example_bash_operator.py
[2025-10-17T07:19:46.946+0000] {processor.py:839} INFO - DAG(s) dict_keys(['example_bash_operator']) retrieved from /home/airflow/.local/lib/python3.8/site-packages/airflow/example_dags/example_bash_operator.py
[2025-10-17T07:19:47.015+0000] {logging_mixin.py:154} INFO - [2025-10-17T07:19:47.014+0000] {dag.py:2941} INFO - Sync 1 DAGs
[2025-10-17T07:19:47.181+0000] {logging_mixin.py:154} INFO - [2025-10-17T07:19:47.181+0000] {dag.py:3722} INFO - Setting next_dagrun for example_bash_operator to 2025-10-16T00:00:00+00:00, run_after=2025-10-17T00:00:00+00:00
[2025-10-17T07:19:47.242+0000] {processor.py:179} INFO - Processing /home/airflow/.local/lib/python3.8/site-packages/airflow/example_dags/example_bash_operator.py took 0.355 seconds
[2025-10-17T07:20:17.792+0000] {processor.py:157} INFO - Started process (PID=636) to work on /home/airflow/.local/lib/python3.8/site-packages/airflow/example_dags/example_bash_operator.py
[2025-10-17T07:20:17.793+0000] {processor.py:829} INFO - Processing file /home/airflow/.local/lib/python3.8/site-packages/airflow/example_dags/example_bash_operator.py for tasks to queue
[2025-10-17T07:20:17.795+0000] {logging_mixin.py:154} INFO - [2025-10-17T07:20:17.795+0000] {dagbag.py:536} INFO - Filling up the DagBag from /home/airflow/.local/lib/python3.8/site-packages/airflow/example_dags/example_bash_operator.py
[2025-10-17T07:20:17.809+0000] {processor.py:839} INFO - DAG(s) dict_keys(['example_bash_operator']) retrieved from /home/airflow/.local/lib/python3.8/site-packages/airflow/example_dags/example_bash_operator.py
[2025-10-17T07:20:17.839+0000] {logging_mixin.py:154} INFO - [2025-10-17T07:20:17.839+0000] {dag.py:2941} INFO - Sync 1 DAGs
[2025-10-17T07:20:17.862+0000] {logging_mixin.py:154} INFO - [2025-10-17T07:20:17.862+0000] {dag.py:3722} INFO - Setting next_dagrun for example_bash_operator to 2025-10-16T00:00:00+00:00, run_after=2025-10-17T00:00:00+00:00
[2025-10-17T07:20:17.882+0000] {processor.py:179} INFO - Processing /home/airflow/.local/lib/python3.8/site-packages/airflow/example_dags/example_bash_operator.py took 0.094 seconds
[2025-10-17T07:20:48.138+0000] {processor.py:157} INFO - Started process (PID=692) to work on /home/airflow/.local/lib/python3.8/site-packages/airflow/example_dags/example_bash_operator.py
[2025-10-17T07:20:48.141+0000] {processor.py:829} INFO - Processing file /home/airflow/.local/lib/python3.8/site-packages/airflow/example_dags/example_bash_operator.py for tasks to queue
[2025-10-17T07:20:48.144+0000] {logging_mixin.py:154} INFO - [2025-10-17T07:20:48.144+0000] {dagbag.py:536} INFO - Filling up the DagBag from /home/airflow/.local/lib/python3.8/site-packages/airflow/example_dags/example_bash_operator.py
[2025-10-17T07:20:48.164+0000] {processor.py:839} INFO - DAG(s) dict_keys(['example_bash_operator']) retrieved from /home/airflow/.local/lib/python3.8/site-packages/airflow/example_dags/example_bash_operator.py
[2025-10-17T07:20:48.225+0000] {logging_mixin.py:154} INFO - [2025-10-17T07:20:48.225+0000] {dag.py:2941} INFO - Sync 1 DAGs
[2025-10-17T07:20:48.282+0000] {logging_mixin.py:154} INFO - [2025-10-17T07:20:48.282+0000] {dag.py:3722} INFO - Setting next_dagrun for example_bash_operator to 2025-10-16T00:00:00+00:00, run_after=2025-10-17T00:00:00+00:00
[2025-10-17T07:20:48.323+0000] {processor.py:179} INFO - Processing /home/airflow/.local/lib/python3.8/site-packages/airflow/example_dags/example_bash_operator.py took 0.194 seconds
[2025-10-17T07:21:19.229+0000] {processor.py:157} INFO - Started process (PID=748) to work on /home/airflow/.local/lib/python3.8/site-packages/airflow/example_dags/example_bash_operator.py
[2025-10-17T07:21:19.231+0000] {processor.py:829} INFO - Processing file /home/airflow/.local/lib/python3.8/site-packages/airflow/example_dags/example_bash_operator.py for tasks to queue
[2025-10-17T07:21:19.234+0000] {logging_mixin.py:154} INFO - [2025-10-17T07:21:19.234+0000] {dagbag.py:536} INFO - Filling up the DagBag from /home/airflow/.local/lib/python3.8/site-packages/airflow/example_dags/example_bash_operator.py
[2025-10-17T07:21:19.246+0000] {processor.py:839} INFO - DAG(s) dict_keys(['example_bash_operator']) retrieved from /home/airflow/.local/lib/python3.8/site-packages/airflow/example_dags/example_bash_operator.py
[2025-10-17T07:21:19.273+0000] {logging_mixin.py:154} INFO - [2025-10-17T07:21:19.273+0000] {dag.py:2941} INFO - Sync 1 DAGs
[2025-10-17T07:21:19.294+0000] {logging_mixin.py:154} INFO - [2025-10-17T07:21:19.294+0000] {dag.py:3722} INFO - Setting next_dagrun for example_bash_operator to 2025-10-16T00:00:00+00:00, run_after=2025-10-17T00:00:00+00:00
[2025-10-17T07:21:19.313+0000] {processor.py:179} INFO - Processing /home/airflow/.local/lib/python3.8/site-packages/airflow/example_dags/example_bash_operator.py took 0.087 seconds
[2025-10-17T07:21:49.636+0000] {processor.py:157} INFO - Started process (PID=804) to work on /home/airflow/.local/lib/python3.8/site-packages/airflow/example_dags/example_bash_operator.py
[2025-10-17T07:21:49.638+0000] {processor.py:829} INFO - Processing file /home/airflow/.local/lib/python3.8/site-packages/airflow/example_dags/example_bash_operator.py for tasks to queue
[2025-10-17T07:21:49.640+0000] {logging_mixin.py:154} INFO - [2025-10-17T07:21:49.640+0000] {dagbag.py:536} INFO - Filling up the DagBag from /home/airflow/.local/lib/python3.8/site-packages/airflow/example_dags/example_bash_operator.py
[2025-10-17T07:21:49.655+0000] {processor.py:839} INFO - DAG(s) dict_keys(['example_bash_operator']) retrieved from /home/airflow/.local/lib/python3.8/site-packages/airflow/example_dags/example_bash_operator.py
[2025-10-17T07:21:49.689+0000] {logging_mixin.py:154} INFO - [2025-10-17T07:21:49.688+0000] {dag.py:2941} INFO - Sync 1 DAGs
[2025-10-17T07:21:49.710+0000] {logging_mixin.py:154} INFO - [2025-10-17T07:21:49.710+0000] {dag.py:3722} INFO - Setting next_dagrun for example_bash_operator to 2025-10-16T00:00:00+00:00, run_after=2025-10-17T00:00:00+00:00
[2025-10-17T07:21:49.763+0000] {processor.py:179} INFO - Processing /home/airflow/.local/lib/python3.8/site-packages/airflow/example_dags/example_bash_operator.py took 0.130 seconds
[2025-10-17T07:22:20.709+0000] {processor.py:157} INFO - Started process (PID=860) to work on /home/airflow/.local/lib/python3.8/site-packages/airflow/example_dags/example_bash_operator.py
[2025-10-17T07:22:20.710+0000] {processor.py:829} INFO - Processing file /home/airflow/.local/lib/python3.8/site-packages/airflow/example_dags/example_bash_operator.py for tasks to queue
[2025-10-17T07:22:20.712+0000] {logging_mixin.py:154} INFO - [2025-10-17T07:22:20.712+0000] {dagbag.py:536} INFO - Filling up the DagBag from /home/airflow/.local/lib/python3.8/site-packages/airflow/example_dags/example_bash_operator.py
[2025-10-17T07:22:20.722+0000] {processor.py:839} INFO - DAG(s) dict_keys(['example_bash_operator']) retrieved from /home/airflow/.local/lib/python3.8/site-packages/airflow/example_dags/example_bash_operator.py
[2025-10-17T07:22:20.747+0000] {logging_mixin.py:154} INFO - [2025-10-17T07:22:20.747+0000] {dag.py:2941} INFO - Sync 1 DAGs
[2025-10-17T07:22:20.766+0000] {logging_mixin.py:154} INFO - [2025-10-17T07:22:20.766+0000] {dag.py:3722} INFO - Setting next_dagrun for example_bash_operator to 2025-10-16T00:00:00+00:00, run_after=2025-10-17T00:00:00+00:00
[2025-10-17T07:22:20.784+0000] {processor.py:179} INFO - Processing /home/airflow/.local/lib/python3.8/site-packages/airflow/example_dags/example_bash_operator.py took 0.079 seconds
[2025-10-17T07:22:51.363+0000] {processor.py:157} INFO - Started process (PID=916) to work on /home/airflow/.local/lib/python3.8/site-packages/airflow/example_dags/example_bash_operator.py
[2025-10-17T07:22:51.364+0000] {processor.py:829} INFO - Processing file /home/airflow/.local/lib/python3.8/site-packages/airflow/example_dags/example_bash_operator.py for tasks to queue
[2025-10-17T07:22:51.366+0000] {logging_mixin.py:154} INFO - [2025-10-17T07:22:51.366+0000] {dagbag.py:536} INFO - Filling up the DagBag from /home/airflow/.local/lib/python3.8/site-packages/airflow/example_dags/example_bash_operator.py
[2025-10-17T07:22:51.379+0000] {processor.py:839} INFO - DAG(s) dict_keys(['example_bash_operator']) retrieved from /home/airflow/.local/lib/python3.8/site-packages/airflow/example_dags/example_bash_operator.py
[2025-10-17T07:22:51.409+0000] {logging_mixin.py:154} INFO - [2025-10-17T07:22:51.409+0000] {dag.py:2941} INFO - Sync 1 DAGs
[2025-10-17T07:22:51.434+0000] {logging_mixin.py:154} INFO - [2025-10-17T07:22:51.433+0000] {dag.py:3722} INFO - Setting next_dagrun for example_bash_operator to 2025-10-16T00:00:00+00:00, run_after=2025-10-17T00:00:00+00:00
[2025-10-17T07:22:51.456+0000] {processor.py:179} INFO - Processing /home/airflow/.local/lib/python3.8/site-packages/airflow/example_dags/example_bash_operator.py took 0.097 seconds
[2025-10-17T07:23:22.337+0000] {processor.py:157} INFO - Started process (PID=972) to work on /home/airflow/.local/lib/python3.8/site-packages/airflow/example_dags/example_bash_operator.py
[2025-10-17T07:23:22.338+0000] {processor.py:829} INFO - Processing file /home/airflow/.local/lib/python3.8/site-packages/airflow/example_dags/example_bash_operator.py for tasks to queue
[2025-10-17T07:23:22.340+0000] {logging_mixin.py:154} INFO - [2025-10-17T07:23:22.340+0000] {dagbag.py:536} INFO - Filling up the DagBag from /home/airflow/.local/lib/python3.8/site-packages/airflow/example_dags/example_bash_operator.py
[2025-10-17T07:23:22.350+0000] {processor.py:839} INFO - DAG(s) dict_keys(['example_bash_operator']) retrieved from /home/airflow/.local/lib/python3.8/site-packages/airflow/example_dags/example_bash_operator.py
[2025-10-17T07:23:22.377+0000] {logging_mixin.py:154} INFO - [2025-10-17T07:23:22.376+0000] {dag.py:2941} INFO - Sync 1 DAGs
[2025-10-17T07:23:22.397+0000] {logging_mixin.py:154} INFO - [2025-10-17T07:23:22.397+0000] {dag.py:3722} INFO - Setting next_dagrun for example_bash_operator to 2025-10-16T00:00:00+00:00, run_after=2025-10-17T00:00:00+00:00
[2025-10-17T07:23:22.415+0000] {processor.py:179} INFO - Processing /home/airflow/.local/lib/python3.8/site-packages/airflow/example_dags/example_bash_operator.py took 0.081 seconds
[2025-10-17T07:23:52.749+0000] {processor.py:157} INFO - Started process (PID=1028) to work on /home/airflow/.local/lib/python3.8/site-packages/airflow/example_dags/example_bash_operator.py
[2025-10-17T07:23:52.751+0000] {processor.py:829} INFO - Processing file /home/airflow/.local/lib/python3.8/site-packages/airflow/example_dags/example_bash_operator.py for tasks to queue
[2025-10-17T07:23:52.753+0000] {logging_mixin.py:154} INFO - [2025-10-17T07:23:52.753+0000] {dagbag.py:536} INFO - Filling up the DagBag from /home/airflow/.local/lib/python3.8/site-packages/airflow/example_dags/example_bash_operator.py
[2025-10-17T07:23:52.766+0000] {processor.py:839} INFO - DAG(s) dict_keys(['example_bash_operator']) retrieved from /home/airflow/.local/lib/python3.8/site-packages/airflow/example_dags/example_bash_operator.py
[2025-10-17T07:23:52.795+0000] {logging_mixin.py:154} INFO - [2025-10-17T07:23:52.794+0000] {dag.py:2941} INFO - Sync 1 DAGs
[2025-10-17T07:23:52.818+0000] {logging_mixin.py:154} INFO - [2025-10-17T07:23:52.817+0000] {dag.py:3722} INFO - Setting next_dagrun for example_bash_operator to 2025-10-16T00:00:00+00:00, run_after=2025-10-17T00:00:00+00:00
[2025-10-17T07:23:52.846+0000] {processor.py:179} INFO - Processing /home/airflow/.local/lib/python3.8/site-packages/airflow/example_dags/example_bash_operator.py took 0.100 seconds
[2025-10-17T07:24:23.980+0000] {processor.py:157} INFO - Started process (PID=1084) to work on /home/airflow/.local/lib/python3.8/site-packages/airflow/example_dags/example_bash_operator.py
[2025-10-17T07:24:23.982+0000] {processor.py:829} INFO - Processing file /home/airflow/.local/lib/python3.8/site-packages/airflow/example_dags/example_bash_operator.py for tasks to queue
[2025-10-17T07:24:23.984+0000] {logging_mixin.py:154} INFO - [2025-10-17T07:24:23.984+0000] {dagbag.py:536} INFO - Filling up the DagBag from /home/airflow/.local/lib/python3.8/site-packages/airflow/example_dags/example_bash_operator.py
[2025-10-17T07:24:23.995+0000] {processor.py:839} INFO - DAG(s) dict_keys(['example_bash_operator']) retrieved from /home/airflow/.local/lib/python3.8/site-packages/airflow/example_dags/example_bash_operator.py
[2025-10-17T07:24:24.021+0000] {logging_mixin.py:154} INFO - [2025-10-17T07:24:24.021+0000] {dag.py:2941} INFO - Sync 1 DAGs
[2025-10-17T07:24:24.040+0000] {logging_mixin.py:154} INFO - [2025-10-17T07:24:24.040+0000] {dag.py:3722} INFO - Setting next_dagrun for example_bash_operator to 2025-10-16T00:00:00+00:00, run_after=2025-10-17T00:00:00+00:00
[2025-10-17T07:24:24.055+0000] {processor.py:179} INFO - Processing /home/airflow/.local/lib/python3.8/site-packages/airflow/example_dags/example_bash_operator.py took 0.078 seconds
[2025-10-17T07:24:54.974+0000] {processor.py:157} INFO - Started process (PID=1153) to work on /home/airflow/.local/lib/python3.8/site-packages/airflow/example_dags/example_bash_operator.py
[2025-10-17T07:24:54.975+0000] {processor.py:829} INFO - Processing file /home/airflow/.local/lib/python3.8/site-packages/airflow/example_dags/example_bash_operator.py for tasks to queue
[2025-10-17T07:24:54.977+0000] {logging_mixin.py:154} INFO - [2025-10-17T07:24:54.977+0000] {dagbag.py:536} INFO - Filling up the DagBag from /home/airflow/.local/lib/python3.8/site-packages/airflow/example_dags/example_bash_operator.py
[2025-10-17T07:24:54.988+0000] {processor.py:839} INFO - DAG(s) dict_keys(['example_bash_operator']) retrieved from /home/airflow/.local/lib/python3.8/site-packages/airflow/example_dags/example_bash_operator.py
[2025-10-17T07:24:55.013+0000] {logging_mixin.py:154} INFO - [2025-10-17T07:24:55.013+0000] {dag.py:2941} INFO - Sync 1 DAGs
[2025-10-17T07:24:55.033+0000] {logging_mixin.py:154} INFO - [2025-10-17T07:24:55.033+0000] {dag.py:3722} INFO - Setting next_dagrun for example_bash_operator to 2025-10-16T00:00:00+00:00, run_after=2025-10-17T00:00:00+00:00
[2025-10-17T07:24:55.051+0000] {processor.py:179} INFO - Processing /home/airflow/.local/lib/python3.8/site-packages/airflow/example_dags/example_bash_operator.py took 0.081 seconds
[2025-10-17T07:25:25.868+0000] {processor.py:157} INFO - Started process (PID=1209) to work on /home/airflow/.local/lib/python3.8/site-packages/airflow/example_dags/example_bash_operator.py
[2025-10-17T07:25:25.869+0000] {processor.py:829} INFO - Processing file /home/airflow/.local/lib/python3.8/site-packages/airflow/example_dags/example_bash_operator.py for tasks to queue
[2025-10-17T07:25:25.872+0000] {logging_mixin.py:154} INFO - [2025-10-17T07:25:25.871+0000] {dagbag.py:536} INFO - Filling up the DagBag from /home/airflow/.local/lib/python3.8/site-packages/airflow/example_dags/example_bash_operator.py
[2025-10-17T07:25:25.883+0000] {processor.py:839} INFO - DAG(s) dict_keys(['example_bash_operator']) retrieved from /home/airflow/.local/lib/python3.8/site-packages/airflow/example_dags/example_bash_operator.py
[2025-10-17T07:25:25.908+0000] {logging_mixin.py:154} INFO - [2025-10-17T07:25:25.908+0000] {dag.py:2941} INFO - Sync 1 DAGs
[2025-10-17T07:25:25.927+0000] {logging_mixin.py:154} INFO - [2025-10-17T07:25:25.927+0000] {dag.py:3722} INFO - Setting next_dagrun for example_bash_operator to 2025-10-16T00:00:00+00:00, run_after=2025-10-17T00:00:00+00:00
[2025-10-17T07:25:25.943+0000] {processor.py:179} INFO - Processing /home/airflow/.local/lib/python3.8/site-packages/airflow/example_dags/example_bash_operator.py took 0.078 seconds
[2025-10-17T07:25:56.544+0000] {processor.py:157} INFO - Started process (PID=1265) to work on /home/airflow/.local/lib/python3.8/site-packages/airflow/example_dags/example_bash_operator.py
[2025-10-17T07:25:56.545+0000] {processor.py:829} INFO - Processing file /home/airflow/.local/lib/python3.8/site-packages/airflow/example_dags/example_bash_operator.py for tasks to queue
[2025-10-17T07:25:56.547+0000] {logging_mixin.py:154} INFO - [2025-10-17T07:25:56.547+0000] {dagbag.py:536} INFO - Filling up the DagBag from /home/airflow/.local/lib/python3.8/site-packages/airflow/example_dags/example_bash_operator.py
[2025-10-17T07:25:56.561+0000] {processor.py:839} INFO - DAG(s) dict_keys(['example_bash_operator']) retrieved from /home/airflow/.local/lib/python3.8/site-packages/airflow/example_dags/example_bash_operator.py
[2025-10-17T07:25:56.724+0000] {logging_mixin.py:154} INFO - [2025-10-17T07:25:56.723+0000] {dag.py:2941} INFO - Sync 1 DAGs
[2025-10-17T07:25:56.744+0000] {logging_mixin.py:154} INFO - [2025-10-17T07:25:56.743+0000] {dag.py:3722} INFO - Setting next_dagrun for example_bash_operator to 2025-10-16T00:00:00+00:00, run_after=2025-10-17T00:00:00+00:00
[2025-10-17T07:25:56.765+0000] {processor.py:179} INFO - Processing /home/airflow/.local/lib/python3.8/site-packages/airflow/example_dags/example_bash_operator.py took 0.224 seconds
[2025-10-17T07:26:27.487+0000] {processor.py:157} INFO - Started process (PID=1323) to work on /home/airflow/.local/lib/python3.8/site-packages/airflow/example_dags/example_bash_operator.py
[2025-10-17T07:26:27.488+0000] {processor.py:829} INFO - Processing file /home/airflow/.local/lib/python3.8/site-packages/airflow/example_dags/example_bash_operator.py for tasks to queue
[2025-10-17T07:26:27.490+0000] {logging_mixin.py:154} INFO - [2025-10-17T07:26:27.490+0000] {dagbag.py:536} INFO - Filling up the DagBag from /home/airflow/.local/lib/python3.8/site-packages/airflow/example_dags/example_bash_operator.py
[2025-10-17T07:26:27.500+0000] {processor.py:839} INFO - DAG(s) dict_keys(['example_bash_operator']) retrieved from /home/airflow/.local/lib/python3.8/site-packages/airflow/example_dags/example_bash_operator.py
[2025-10-17T07:26:27.527+0000] {logging_mixin.py:154} INFO - [2025-10-17T07:26:27.527+0000] {dag.py:2941} INFO - Sync 1 DAGs
[2025-10-17T07:26:27.546+0000] {logging_mixin.py:154} INFO - [2025-10-17T07:26:27.545+0000] {dag.py:3722} INFO - Setting next_dagrun for example_bash_operator to 2025-10-16T00:00:00+00:00, run_after=2025-10-17T00:00:00+00:00
[2025-10-17T07:26:27.561+0000] {processor.py:179} INFO - Processing /home/airflow/.local/lib/python3.8/site-packages/airflow/example_dags/example_bash_operator.py took 0.077 seconds
[2025-10-17T07:26:57.817+0000] {processor.py:157} INFO - Started process (PID=1378) to work on /home/airflow/.local/lib/python3.8/site-packages/airflow/example_dags/example_bash_operator.py
[2025-10-17T07:26:57.818+0000] {processor.py:829} INFO - Processing file /home/airflow/.local/lib/python3.8/site-packages/airflow/example_dags/example_bash_operator.py for tasks to queue
[2025-10-17T07:26:57.820+0000] {logging_mixin.py:154} INFO - [2025-10-17T07:26:57.820+0000] {dagbag.py:536} INFO - Filling up the DagBag from /home/airflow/.local/lib/python3.8/site-packages/airflow/example_dags/example_bash_operator.py
[2025-10-17T07:26:57.831+0000] {processor.py:839} INFO - DAG(s) dict_keys(['example_bash_operator']) retrieved from /home/airflow/.local/lib/python3.8/site-packages/airflow/example_dags/example_bash_operator.py
[2025-10-17T07:26:57.856+0000] {logging_mixin.py:154} INFO - [2025-10-17T07:26:57.855+0000] {dag.py:2941} INFO - Sync 1 DAGs
[2025-10-17T07:26:57.874+0000] {logging_mixin.py:154} INFO - [2025-10-17T07:26:57.874+0000] {dag.py:3722} INFO - Setting next_dagrun for example_bash_operator to 2025-10-16T00:00:00+00:00, run_after=2025-10-17T00:00:00+00:00
[2025-10-17T07:26:57.888+0000] {processor.py:179} INFO - Processing /home/airflow/.local/lib/python3.8/site-packages/airflow/example_dags/example_bash_operator.py took 0.074 seconds
[2025-10-17T07:27:28.031+0000] {processor.py:157} INFO - Started process (PID=1433) to work on /home/airflow/.local/lib/python3.8/site-packages/airflow/example_dags/example_bash_operator.py
[2025-10-17T07:27:28.032+0000] {processor.py:829} INFO - Processing file /home/airflow/.local/lib/python3.8/site-packages/airflow/example_dags/example_bash_operator.py for tasks to queue
[2025-10-17T07:27:28.034+0000] {logging_mixin.py:154} INFO - [2025-10-17T07:27:28.034+0000] {dagbag.py:536} INFO - Filling up the DagBag from /home/airflow/.local/lib/python3.8/site-packages/airflow/example_dags/example_bash_operator.py
[2025-10-17T07:27:28.044+0000] {processor.py:839} INFO - DAG(s) dict_keys(['example_bash_operator']) retrieved from /home/airflow/.local/lib/python3.8/site-packages/airflow/example_dags/example_bash_operator.py
[2025-10-17T07:27:28.067+0000] {logging_mixin.py:154} INFO - [2025-10-17T07:27:28.067+0000] {dag.py:2941} INFO - Sync 1 DAGs
[2025-10-17T07:27:28.084+0000] {logging_mixin.py:154} INFO - [2025-10-17T07:27:28.084+0000] {dag.py:3722} INFO - Setting next_dagrun for example_bash_operator to 2025-10-16T00:00:00+00:00, run_after=2025-10-17T00:00:00+00:00
[2025-10-17T07:27:28.099+0000] {processor.py:179} INFO - Processing /home/airflow/.local/lib/python3.8/site-packages/airflow/example_dags/example_bash_operator.py took 0.072 seconds
[2025-10-17T07:27:58.149+0000] {processor.py:157} INFO - Started process (PID=1488) to work on /home/airflow/.local/lib/python3.8/site-packages/airflow/example_dags/example_bash_operator.py
[2025-10-17T07:27:58.150+0000] {processor.py:829} INFO - Processing file /home/airflow/.local/lib/python3.8/site-packages/airflow/example_dags/example_bash_operator.py for tasks to queue
[2025-10-17T07:27:58.151+0000] {logging_mixin.py:154} INFO - [2025-10-17T07:27:58.150+0000] {dagbag.py:536} INFO - Filling up the DagBag from /home/airflow/.local/lib/python3.8/site-packages/airflow/example_dags/example_bash_operator.py
[2025-10-17T07:27:58.163+0000] {processor.py:839} INFO - DAG(s) dict_keys(['example_bash_operator']) retrieved from /home/airflow/.local/lib/python3.8/site-packages/airflow/example_dags/example_bash_operator.py
[2025-10-17T07:27:58.190+0000] {logging_mixin.py:154} INFO - [2025-10-17T07:27:58.190+0000] {dag.py:2941} INFO - Sync 1 DAGs
[2025-10-17T07:27:58.210+0000] {logging_mixin.py:154} INFO - [2025-10-17T07:27:58.210+0000] {dag.py:3722} INFO - Setting next_dagrun for example_bash_operator to 2025-10-16T00:00:00+00:00, run_after=2025-10-17T00:00:00+00:00
[2025-10-17T07:27:58.226+0000] {processor.py:179} INFO - Processing /home/airflow/.local/lib/python3.8/site-packages/airflow/example_dags/example_bash_operator.py took 0.081 seconds
[2025-10-17T07:28:28.488+0000] {processor.py:157} INFO - Started process (PID=1546) to work on /home/airflow/.local/lib/python3.8/site-packages/airflow/example_dags/example_bash_operator.py
[2025-10-17T07:28:28.489+0000] {processor.py:829} INFO - Processing file /home/airflow/.local/lib/python3.8/site-packages/airflow/example_dags/example_bash_operator.py for tasks to queue
[2025-10-17T07:28:28.490+0000] {logging_mixin.py:154} INFO - [2025-10-17T07:28:28.490+0000] {dagbag.py:536} INFO - Filling up the DagBag from /home/airflow/.local/lib/python3.8/site-packages/airflow/example_dags/example_bash_operator.py
[2025-10-17T07:28:28.501+0000] {processor.py:839} INFO - DAG(s) dict_keys(['example_bash_operator']) retrieved from /home/airflow/.local/lib/python3.8/site-packages/airflow/example_dags/example_bash_operator.py
[2025-10-17T07:28:28.526+0000] {logging_mixin.py:154} INFO - [2025-10-17T07:28:28.526+0000] {dag.py:2941} INFO - Sync 1 DAGs
[2025-10-17T07:28:28.544+0000] {logging_mixin.py:154} INFO - [2025-10-17T07:28:28.544+0000] {dag.py:3722} INFO - Setting next_dagrun for example_bash_operator to 2025-10-16T00:00:00+00:00, run_after=2025-10-17T00:00:00+00:00
[2025-10-17T07:28:28.560+0000] {processor.py:179} INFO - Processing /home/airflow/.local/lib/python3.8/site-packages/airflow/example_dags/example_bash_operator.py took 0.075 seconds
[2025-10-17T07:28:58.854+0000] {processor.py:157} INFO - Started process (PID=1602) to work on /home/airflow/.local/lib/python3.8/site-packages/airflow/example_dags/example_bash_operator.py
[2025-10-17T07:28:58.855+0000] {processor.py:829} INFO - Processing file /home/airflow/.local/lib/python3.8/site-packages/airflow/example_dags/example_bash_operator.py for tasks to queue
[2025-10-17T07:28:58.855+0000] {logging_mixin.py:154} INFO - [2025-10-17T07:28:58.855+0000] {dagbag.py:536} INFO - Filling up the DagBag from /home/airflow/.local/lib/python3.8/site-packages/airflow/example_dags/example_bash_operator.py
[2025-10-17T07:28:58.866+0000] {processor.py:839} INFO - DAG(s) dict_keys(['example_bash_operator']) retrieved from /home/airflow/.local/lib/python3.8/site-packages/airflow/example_dags/example_bash_operator.py
[2025-10-17T07:28:58.892+0000] {logging_mixin.py:154} INFO - [2025-10-17T07:28:58.891+0000] {dag.py:2941} INFO - Sync 1 DAGs
[2025-10-17T07:28:58.911+0000] {logging_mixin.py:154} INFO - [2025-10-17T07:28:58.910+0000] {dag.py:3722} INFO - Setting next_dagrun for example_bash_operator to 2025-10-16T00:00:00+00:00, run_after=2025-10-17T00:00:00+00:00
[2025-10-17T07:28:58.926+0000] {processor.py:179} INFO - Processing /home/airflow/.local/lib/python3.8/site-packages/airflow/example_dags/example_bash_operator.py took 0.075 seconds
[2025-10-17T07:30:21.974+0000] {processor.py:157} INFO - Started process (PID=86) to work on /home/airflow/.local/lib/python3.8/site-packages/airflow/example_dags/example_bash_operator.py
[2025-10-17T07:30:21.976+0000] {processor.py:829} INFO - Processing file /home/airflow/.local/lib/python3.8/site-packages/airflow/example_dags/example_bash_operator.py for tasks to queue
[2025-10-17T07:30:21.979+0000] {logging_mixin.py:154} INFO - [2025-10-17T07:30:21.978+0000] {dagbag.py:536} INFO - Filling up the DagBag from /home/airflow/.local/lib/python3.8/site-packages/airflow/example_dags/example_bash_operator.py
[2025-10-17T07:30:22.006+0000] {processor.py:839} INFO - DAG(s) dict_keys(['example_bash_operator']) retrieved from /home/airflow/.local/lib/python3.8/site-packages/airflow/example_dags/example_bash_operator.py
[2025-10-17T07:30:22.232+0000] {logging_mixin.py:154} INFO - [2025-10-17T07:30:22.232+0000] {manager.py:499} INFO - Created Permission View: %s
[2025-10-17T07:30:22.268+0000] {logging_mixin.py:154} INFO - [2025-10-17T07:30:22.268+0000] {manager.py:499} INFO - Created Permission View: %s
[2025-10-17T07:30:22.290+0000] {logging_mixin.py:154} INFO - [2025-10-17T07:30:22.289+0000] {manager.py:499} INFO - Created Permission View: %s
[2025-10-17T07:30:22.291+0000] {logging_mixin.py:154} INFO - [2025-10-17T07:30:22.290+0000] {dag.py:2941} INFO - Sync 1 DAGs
[2025-10-17T07:30:22.313+0000] {logging_mixin.py:154} INFO - [2025-10-17T07:30:22.313+0000] {dag.py:2963} INFO - Creating ORM DAG for example_bash_operator
[2025-10-17T07:30:22.331+0000] {logging_mixin.py:154} INFO - [2025-10-17T07:30:22.331+0000] {dag.py:3722} INFO - Setting next_dagrun for example_bash_operator to 2025-10-16T00:00:00+00:00, run_after=2025-10-17T00:00:00+00:00
[2025-10-17T07:30:22.381+0000] {processor.py:179} INFO - Processing /home/airflow/.local/lib/python3.8/site-packages/airflow/example_dags/example_bash_operator.py took 0.414 seconds
[2025-10-17T07:30:52.649+0000] {processor.py:157} INFO - Started process (PID=142) to work on /home/airflow/.local/lib/python3.8/site-packages/airflow/example_dags/example_bash_operator.py
[2025-10-17T07:30:52.651+0000] {processor.py:829} INFO - Processing file /home/airflow/.local/lib/python3.8/site-packages/airflow/example_dags/example_bash_operator.py for tasks to queue
[2025-10-17T07:30:52.653+0000] {logging_mixin.py:154} INFO - [2025-10-17T07:30:52.653+0000] {dagbag.py:536} INFO - Filling up the DagBag from /home/airflow/.local/lib/python3.8/site-packages/airflow/example_dags/example_bash_operator.py
[2025-10-17T07:30:52.668+0000] {processor.py:839} INFO - DAG(s) dict_keys(['example_bash_operator']) retrieved from /home/airflow/.local/lib/python3.8/site-packages/airflow/example_dags/example_bash_operator.py
[2025-10-17T07:30:52.708+0000] {logging_mixin.py:154} INFO - [2025-10-17T07:30:52.707+0000] {dag.py:2941} INFO - Sync 1 DAGs
[2025-10-17T07:30:52.739+0000] {logging_mixin.py:154} INFO - [2025-10-17T07:30:52.739+0000] {dag.py:3722} INFO - Setting next_dagrun for example_bash_operator to 2025-10-16T00:00:00+00:00, run_after=2025-10-17T00:00:00+00:00
[2025-10-17T07:30:52.772+0000] {processor.py:179} INFO - Processing /home/airflow/.local/lib/python3.8/site-packages/airflow/example_dags/example_bash_operator.py took 0.128 seconds
[2025-10-17T07:31:23.399+0000] {processor.py:157} INFO - Started process (PID=198) to work on /home/airflow/.local/lib/python3.8/site-packages/airflow/example_dags/example_bash_operator.py
[2025-10-17T07:31:23.401+0000] {processor.py:829} INFO - Processing file /home/airflow/.local/lib/python3.8/site-packages/airflow/example_dags/example_bash_operator.py for tasks to queue
[2025-10-17T07:31:23.404+0000] {logging_mixin.py:154} INFO - [2025-10-17T07:31:23.403+0000] {dagbag.py:536} INFO - Filling up the DagBag from /home/airflow/.local/lib/python3.8/site-packages/airflow/example_dags/example_bash_operator.py
[2025-10-17T07:31:23.418+0000] {processor.py:839} INFO - DAG(s) dict_keys(['example_bash_operator']) retrieved from /home/airflow/.local/lib/python3.8/site-packages/airflow/example_dags/example_bash_operator.py
[2025-10-17T07:31:23.454+0000] {logging_mixin.py:154} INFO - [2025-10-17T07:31:23.454+0000] {dag.py:2941} INFO - Sync 1 DAGs
[2025-10-17T07:31:23.491+0000] {logging_mixin.py:154} INFO - [2025-10-17T07:31:23.491+0000] {dag.py:3722} INFO - Setting next_dagrun for example_bash_operator to 2025-10-16T00:00:00+00:00, run_after=2025-10-17T00:00:00+00:00
[2025-10-17T07:31:23.515+0000] {processor.py:179} INFO - Processing /home/airflow/.local/lib/python3.8/site-packages/airflow/example_dags/example_bash_operator.py took 0.119 seconds
[2025-10-17T07:31:53.770+0000] {processor.py:157} INFO - Started process (PID=254) to work on /home/airflow/.local/lib/python3.8/site-packages/airflow/example_dags/example_bash_operator.py
[2025-10-17T07:31:53.772+0000] {processor.py:829} INFO - Processing file /home/airflow/.local/lib/python3.8/site-packages/airflow/example_dags/example_bash_operator.py for tasks to queue
[2025-10-17T07:31:53.776+0000] {logging_mixin.py:154} INFO - [2025-10-17T07:31:53.775+0000] {dagbag.py:536} INFO - Filling up the DagBag from /home/airflow/.local/lib/python3.8/site-packages/airflow/example_dags/example_bash_operator.py
[2025-10-17T07:31:53.792+0000] {processor.py:839} INFO - DAG(s) dict_keys(['example_bash_operator']) retrieved from /home/airflow/.local/lib/python3.8/site-packages/airflow/example_dags/example_bash_operator.py
[2025-10-17T07:31:53.827+0000] {logging_mixin.py:154} INFO - [2025-10-17T07:31:53.826+0000] {dag.py:2941} INFO - Sync 1 DAGs
[2025-10-17T07:31:53.853+0000] {logging_mixin.py:154} INFO - [2025-10-17T07:31:53.853+0000] {dag.py:3722} INFO - Setting next_dagrun for example_bash_operator to 2025-10-16T00:00:00+00:00, run_after=2025-10-17T00:00:00+00:00
[2025-10-17T07:31:53.874+0000] {processor.py:179} INFO - Processing /home/airflow/.local/lib/python3.8/site-packages/airflow/example_dags/example_bash_operator.py took 0.108 seconds
[2025-10-17T07:32:24.801+0000] {processor.py:157} INFO - Started process (PID=312) to work on /home/airflow/.local/lib/python3.8/site-packages/airflow/example_dags/example_bash_operator.py
[2025-10-17T07:32:24.802+0000] {processor.py:829} INFO - Processing file /home/airflow/.local/lib/python3.8/site-packages/airflow/example_dags/example_bash_operator.py for tasks to queue
[2025-10-17T07:32:24.804+0000] {logging_mixin.py:154} INFO - [2025-10-17T07:32:24.804+0000] {dagbag.py:536} INFO - Filling up the DagBag from /home/airflow/.local/lib/python3.8/site-packages/airflow/example_dags/example_bash_operator.py
[2025-10-17T07:32:24.815+0000] {processor.py:839} INFO - DAG(s) dict_keys(['example_bash_operator']) retrieved from /home/airflow/.local/lib/python3.8/site-packages/airflow/example_dags/example_bash_operator.py
[2025-10-17T07:32:24.841+0000] {logging_mixin.py:154} INFO - [2025-10-17T07:32:24.841+0000] {dag.py:2941} INFO - Sync 1 DAGs
[2025-10-17T07:32:24.861+0000] {logging_mixin.py:154} INFO - [2025-10-17T07:32:24.861+0000] {dag.py:3722} INFO - Setting next_dagrun for example_bash_operator to 2025-10-16T00:00:00+00:00, run_after=2025-10-17T00:00:00+00:00
[2025-10-17T07:32:24.876+0000] {processor.py:179} INFO - Processing /home/airflow/.local/lib/python3.8/site-packages/airflow/example_dags/example_bash_operator.py took 0.079 seconds
[2025-10-17T07:35:44.387+0000] {processor.py:157} INFO - Started process (PID=82) to work on /home/airflow/.local/lib/python3.8/site-packages/airflow/example_dags/example_bash_operator.py
[2025-10-17T07:35:44.389+0000] {processor.py:829} INFO - Processing file /home/airflow/.local/lib/python3.8/site-packages/airflow/example_dags/example_bash_operator.py for tasks to queue
[2025-10-17T07:35:44.391+0000] {logging_mixin.py:154} INFO - [2025-10-17T07:35:44.391+0000] {dagbag.py:536} INFO - Filling up the DagBag from /home/airflow/.local/lib/python3.8/site-packages/airflow/example_dags/example_bash_operator.py
[2025-10-17T07:35:44.405+0000] {processor.py:839} INFO - DAG(s) dict_keys(['example_bash_operator']) retrieved from /home/airflow/.local/lib/python3.8/site-packages/airflow/example_dags/example_bash_operator.py
[2025-10-17T07:35:44.525+0000] {logging_mixin.py:154} INFO - [2025-10-17T07:35:44.525+0000] {manager.py:499} INFO - Created Permission View: %s
[2025-10-17T07:35:44.538+0000] {logging_mixin.py:154} INFO - [2025-10-17T07:35:44.538+0000] {manager.py:499} INFO - Created Permission View: %s
[2025-10-17T07:35:44.546+0000] {logging_mixin.py:154} INFO - [2025-10-17T07:35:44.546+0000] {manager.py:499} INFO - Created Permission View: %s
[2025-10-17T07:35:44.546+0000] {logging_mixin.py:154} INFO - [2025-10-17T07:35:44.546+0000] {dag.py:2941} INFO - Sync 1 DAGs
[2025-10-17T07:35:44.558+0000] {logging_mixin.py:154} INFO - [2025-10-17T07:35:44.557+0000] {dag.py:2963} INFO - Creating ORM DAG for example_bash_operator
[2025-10-17T07:35:44.574+0000] {logging_mixin.py:154} INFO - [2025-10-17T07:35:44.573+0000] {dag.py:3722} INFO - Setting next_dagrun for example_bash_operator to 2025-10-16T00:00:00+00:00, run_after=2025-10-17T00:00:00+00:00
[2025-10-17T07:35:44.606+0000] {processor.py:179} INFO - Processing /home/airflow/.local/lib/python3.8/site-packages/airflow/example_dags/example_bash_operator.py took 0.222 seconds
[2025-10-17T07:36:15.314+0000] {processor.py:157} INFO - Started process (PID=138) to work on /home/airflow/.local/lib/python3.8/site-packages/airflow/example_dags/example_bash_operator.py
[2025-10-17T07:36:15.315+0000] {processor.py:829} INFO - Processing file /home/airflow/.local/lib/python3.8/site-packages/airflow/example_dags/example_bash_operator.py for tasks to queue
[2025-10-17T07:36:15.318+0000] {logging_mixin.py:154} INFO - [2025-10-17T07:36:15.317+0000] {dagbag.py:536} INFO - Filling up the DagBag from /home/airflow/.local/lib/python3.8/site-packages/airflow/example_dags/example_bash_operator.py
[2025-10-17T07:36:15.329+0000] {processor.py:839} INFO - DAG(s) dict_keys(['example_bash_operator']) retrieved from /home/airflow/.local/lib/python3.8/site-packages/airflow/example_dags/example_bash_operator.py
[2025-10-17T07:36:15.357+0000] {logging_mixin.py:154} INFO - [2025-10-17T07:36:15.357+0000] {dag.py:2941} INFO - Sync 1 DAGs
[2025-10-17T07:36:15.379+0000] {logging_mixin.py:154} INFO - [2025-10-17T07:36:15.378+0000] {dag.py:3722} INFO - Setting next_dagrun for example_bash_operator to 2025-10-16T00:00:00+00:00, run_after=2025-10-17T00:00:00+00:00
[2025-10-17T07:36:15.395+0000] {processor.py:179} INFO - Processing /home/airflow/.local/lib/python3.8/site-packages/airflow/example_dags/example_bash_operator.py took 0.085 seconds
[2025-10-17T07:36:45.825+0000] {processor.py:157} INFO - Started process (PID=194) to work on /home/airflow/.local/lib/python3.8/site-packages/airflow/example_dags/example_bash_operator.py
[2025-10-17T07:36:45.826+0000] {processor.py:829} INFO - Processing file /home/airflow/.local/lib/python3.8/site-packages/airflow/example_dags/example_bash_operator.py for tasks to queue
[2025-10-17T07:36:45.828+0000] {logging_mixin.py:154} INFO - [2025-10-17T07:36:45.828+0000] {dagbag.py:536} INFO - Filling up the DagBag from /home/airflow/.local/lib/python3.8/site-packages/airflow/example_dags/example_bash_operator.py
[2025-10-17T07:36:45.839+0000] {processor.py:839} INFO - DAG(s) dict_keys(['example_bash_operator']) retrieved from /home/airflow/.local/lib/python3.8/site-packages/airflow/example_dags/example_bash_operator.py
[2025-10-17T07:36:45.867+0000] {logging_mixin.py:154} INFO - [2025-10-17T07:36:45.867+0000] {dag.py:2941} INFO - Sync 1 DAGs
[2025-10-17T07:36:45.888+0000] {logging_mixin.py:154} INFO - [2025-10-17T07:36:45.887+0000] {dag.py:3722} INFO - Setting next_dagrun for example_bash_operator to 2025-10-16T00:00:00+00:00, run_after=2025-10-17T00:00:00+00:00
[2025-10-17T07:36:45.905+0000] {processor.py:179} INFO - Processing /home/airflow/.local/lib/python3.8/site-packages/airflow/example_dags/example_bash_operator.py took 0.083 seconds
[2025-10-17T07:37:16.250+0000] {processor.py:157} INFO - Started process (PID=250) to work on /home/airflow/.local/lib/python3.8/site-packages/airflow/example_dags/example_bash_operator.py
[2025-10-17T07:37:16.252+0000] {processor.py:829} INFO - Processing file /home/airflow/.local/lib/python3.8/site-packages/airflow/example_dags/example_bash_operator.py for tasks to queue
[2025-10-17T07:37:16.254+0000] {logging_mixin.py:154} INFO - [2025-10-17T07:37:16.254+0000] {dagbag.py:536} INFO - Filling up the DagBag from /home/airflow/.local/lib/python3.8/site-packages/airflow/example_dags/example_bash_operator.py
[2025-10-17T07:37:16.265+0000] {processor.py:839} INFO - DAG(s) dict_keys(['example_bash_operator']) retrieved from /home/airflow/.local/lib/python3.8/site-packages/airflow/example_dags/example_bash_operator.py
[2025-10-17T07:37:16.291+0000] {logging_mixin.py:154} INFO - [2025-10-17T07:37:16.291+0000] {dag.py:2941} INFO - Sync 1 DAGs
[2025-10-17T07:37:16.311+0000] {logging_mixin.py:154} INFO - [2025-10-17T07:37:16.311+0000] {dag.py:3722} INFO - Setting next_dagrun for example_bash_operator to 2025-10-16T00:00:00+00:00, run_after=2025-10-17T00:00:00+00:00
[2025-10-17T07:37:16.327+0000] {processor.py:179} INFO - Processing /home/airflow/.local/lib/python3.8/site-packages/airflow/example_dags/example_bash_operator.py took 0.079 seconds
[2025-10-17T07:38:45.735+0000] {processor.py:157} INFO - Started process (PID=83) to work on /home/airflow/.local/lib/python3.8/site-packages/airflow/example_dags/example_bash_operator.py
[2025-10-17T07:38:45.736+0000] {processor.py:829} INFO - Processing file /home/airflow/.local/lib/python3.8/site-packages/airflow/example_dags/example_bash_operator.py for tasks to queue
[2025-10-17T07:38:45.739+0000] {logging_mixin.py:154} INFO - [2025-10-17T07:38:45.739+0000] {dagbag.py:536} INFO - Filling up the DagBag from /home/airflow/.local/lib/python3.8/site-packages/airflow/example_dags/example_bash_operator.py
[2025-10-17T07:38:45.756+0000] {processor.py:839} INFO - DAG(s) dict_keys(['example_bash_operator']) retrieved from /home/airflow/.local/lib/python3.8/site-packages/airflow/example_dags/example_bash_operator.py
[2025-10-17T07:38:45.919+0000] {logging_mixin.py:154} INFO - [2025-10-17T07:38:45.919+0000] {manager.py:499} INFO - Created Permission View: %s
[2025-10-17T07:38:45.936+0000] {logging_mixin.py:154} INFO - [2025-10-17T07:38:45.935+0000] {manager.py:499} INFO - Created Permission View: %s
[2025-10-17T07:38:45.945+0000] {logging_mixin.py:154} INFO - [2025-10-17T07:38:45.945+0000] {manager.py:499} INFO - Created Permission View: %s
[2025-10-17T07:38:45.945+0000] {logging_mixin.py:154} INFO - [2025-10-17T07:38:45.945+0000] {dag.py:2941} INFO - Sync 1 DAGs
[2025-10-17T07:38:45.959+0000] {logging_mixin.py:154} INFO - [2025-10-17T07:38:45.959+0000] {dag.py:2963} INFO - Creating ORM DAG for example_bash_operator
[2025-10-17T07:38:45.971+0000] {logging_mixin.py:154} INFO - [2025-10-17T07:38:45.970+0000] {dag.py:3722} INFO - Setting next_dagrun for example_bash_operator to 2025-10-16T00:00:00+00:00, run_after=2025-10-17T00:00:00+00:00
[2025-10-17T07:38:45.993+0000] {processor.py:179} INFO - Processing /home/airflow/.local/lib/python3.8/site-packages/airflow/example_dags/example_bash_operator.py took 0.262 seconds
[2025-10-17T07:39:16.732+0000] {processor.py:157} INFO - Started process (PID=139) to work on /home/airflow/.local/lib/python3.8/site-packages/airflow/example_dags/example_bash_operator.py
[2025-10-17T07:39:16.733+0000] {processor.py:829} INFO - Processing file /home/airflow/.local/lib/python3.8/site-packages/airflow/example_dags/example_bash_operator.py for tasks to queue
[2025-10-17T07:39:16.736+0000] {logging_mixin.py:154} INFO - [2025-10-17T07:39:16.735+0000] {dagbag.py:536} INFO - Filling up the DagBag from /home/airflow/.local/lib/python3.8/site-packages/airflow/example_dags/example_bash_operator.py
[2025-10-17T07:39:16.749+0000] {processor.py:839} INFO - DAG(s) dict_keys(['example_bash_operator']) retrieved from /home/airflow/.local/lib/python3.8/site-packages/airflow/example_dags/example_bash_operator.py
[2025-10-17T07:39:16.780+0000] {logging_mixin.py:154} INFO - [2025-10-17T07:39:16.780+0000] {dag.py:2941} INFO - Sync 1 DAGs
[2025-10-17T07:39:16.809+0000] {logging_mixin.py:154} INFO - [2025-10-17T07:39:16.809+0000] {dag.py:3722} INFO - Setting next_dagrun for example_bash_operator to 2025-10-16T00:00:00+00:00, run_after=2025-10-17T00:00:00+00:00
[2025-10-17T07:39:16.831+0000] {processor.py:179} INFO - Processing /home/airflow/.local/lib/python3.8/site-packages/airflow/example_dags/example_bash_operator.py took 0.103 seconds
[2025-10-17T07:39:46.977+0000] {processor.py:157} INFO - Started process (PID=195) to work on /home/airflow/.local/lib/python3.8/site-packages/airflow/example_dags/example_bash_operator.py
[2025-10-17T07:39:46.978+0000] {processor.py:829} INFO - Processing file /home/airflow/.local/lib/python3.8/site-packages/airflow/example_dags/example_bash_operator.py for tasks to queue
[2025-10-17T07:39:46.980+0000] {logging_mixin.py:154} INFO - [2025-10-17T07:39:46.980+0000] {dagbag.py:536} INFO - Filling up the DagBag from /home/airflow/.local/lib/python3.8/site-packages/airflow/example_dags/example_bash_operator.py
[2025-10-17T07:39:46.995+0000] {processor.py:839} INFO - DAG(s) dict_keys(['example_bash_operator']) retrieved from /home/airflow/.local/lib/python3.8/site-packages/airflow/example_dags/example_bash_operator.py
[2025-10-17T07:39:47.029+0000] {logging_mixin.py:154} INFO - [2025-10-17T07:39:47.029+0000] {dag.py:2941} INFO - Sync 1 DAGs
[2025-10-17T07:39:47.063+0000] {logging_mixin.py:154} INFO - [2025-10-17T07:39:47.063+0000] {dag.py:3722} INFO - Setting next_dagrun for example_bash_operator to 2025-10-16T00:00:00+00:00, run_after=2025-10-17T00:00:00+00:00
[2025-10-17T07:39:47.087+0000] {processor.py:179} INFO - Processing /home/airflow/.local/lib/python3.8/site-packages/airflow/example_dags/example_bash_operator.py took 0.114 seconds
[2025-10-17T07:40:17.250+0000] {processor.py:157} INFO - Started process (PID=251) to work on /home/airflow/.local/lib/python3.8/site-packages/airflow/example_dags/example_bash_operator.py
[2025-10-17T07:40:17.252+0000] {processor.py:829} INFO - Processing file /home/airflow/.local/lib/python3.8/site-packages/airflow/example_dags/example_bash_operator.py for tasks to queue
[2025-10-17T07:40:17.254+0000] {logging_mixin.py:154} INFO - [2025-10-17T07:40:17.253+0000] {dagbag.py:536} INFO - Filling up the DagBag from /home/airflow/.local/lib/python3.8/site-packages/airflow/example_dags/example_bash_operator.py
[2025-10-17T07:40:17.265+0000] {processor.py:839} INFO - DAG(s) dict_keys(['example_bash_operator']) retrieved from /home/airflow/.local/lib/python3.8/site-packages/airflow/example_dags/example_bash_operator.py
[2025-10-17T07:40:17.290+0000] {logging_mixin.py:154} INFO - [2025-10-17T07:40:17.289+0000] {dag.py:2941} INFO - Sync 1 DAGs
[2025-10-17T07:40:17.309+0000] {logging_mixin.py:154} INFO - [2025-10-17T07:40:17.308+0000] {dag.py:3722} INFO - Setting next_dagrun for example_bash_operator to 2025-10-16T00:00:00+00:00, run_after=2025-10-17T00:00:00+00:00
[2025-10-17T07:40:17.325+0000] {processor.py:179} INFO - Processing /home/airflow/.local/lib/python3.8/site-packages/airflow/example_dags/example_bash_operator.py took 0.078 seconds
[2025-10-17T07:40:47.825+0000] {processor.py:157} INFO - Started process (PID=307) to work on /home/airflow/.local/lib/python3.8/site-packages/airflow/example_dags/example_bash_operator.py
[2025-10-17T07:40:47.826+0000] {processor.py:829} INFO - Processing file /home/airflow/.local/lib/python3.8/site-packages/airflow/example_dags/example_bash_operator.py for tasks to queue
[2025-10-17T07:40:47.828+0000] {logging_mixin.py:154} INFO - [2025-10-17T07:40:47.828+0000] {dagbag.py:536} INFO - Filling up the DagBag from /home/airflow/.local/lib/python3.8/site-packages/airflow/example_dags/example_bash_operator.py
[2025-10-17T07:40:47.839+0000] {processor.py:839} INFO - DAG(s) dict_keys(['example_bash_operator']) retrieved from /home/airflow/.local/lib/python3.8/site-packages/airflow/example_dags/example_bash_operator.py
[2025-10-17T07:40:47.867+0000] {logging_mixin.py:154} INFO - [2025-10-17T07:40:47.867+0000] {dag.py:2941} INFO - Sync 1 DAGs
[2025-10-17T07:40:47.887+0000] {logging_mixin.py:154} INFO - [2025-10-17T07:40:47.887+0000] {dag.py:3722} INFO - Setting next_dagrun for example_bash_operator to 2025-10-16T00:00:00+00:00, run_after=2025-10-17T00:00:00+00:00
[2025-10-17T07:40:47.904+0000] {processor.py:179} INFO - Processing /home/airflow/.local/lib/python3.8/site-packages/airflow/example_dags/example_bash_operator.py took 0.083 seconds
[2025-10-17T07:41:18.459+0000] {processor.py:157} INFO - Started process (PID=363) to work on /home/airflow/.local/lib/python3.8/site-packages/airflow/example_dags/example_bash_operator.py
[2025-10-17T07:41:18.460+0000] {processor.py:829} INFO - Processing file /home/airflow/.local/lib/python3.8/site-packages/airflow/example_dags/example_bash_operator.py for tasks to queue
[2025-10-17T07:41:18.462+0000] {logging_mixin.py:154} INFO - [2025-10-17T07:41:18.462+0000] {dagbag.py:536} INFO - Filling up the DagBag from /home/airflow/.local/lib/python3.8/site-packages/airflow/example_dags/example_bash_operator.py
[2025-10-17T07:41:18.479+0000] {processor.py:839} INFO - DAG(s) dict_keys(['example_bash_operator']) retrieved from /home/airflow/.local/lib/python3.8/site-packages/airflow/example_dags/example_bash_operator.py
[2025-10-17T07:41:18.538+0000] {logging_mixin.py:154} INFO - [2025-10-17T07:41:18.537+0000] {dag.py:2941} INFO - Sync 1 DAGs
[2025-10-17T07:41:18.573+0000] {logging_mixin.py:154} INFO - [2025-10-17T07:41:18.573+0000] {dag.py:3722} INFO - Setting next_dagrun for example_bash_operator to 2025-10-16T00:00:00+00:00, run_after=2025-10-17T00:00:00+00:00
[2025-10-17T07:41:18.597+0000] {processor.py:179} INFO - Processing /home/airflow/.local/lib/python3.8/site-packages/airflow/example_dags/example_bash_operator.py took 0.142 seconds
[2025-10-17T07:42:28.998+0000] {processor.py:157} INFO - Started process (PID=82) to work on /home/airflow/.local/lib/python3.8/site-packages/airflow/example_dags/example_bash_operator.py
[2025-10-17T07:42:29.000+0000] {processor.py:829} INFO - Processing file /home/airflow/.local/lib/python3.8/site-packages/airflow/example_dags/example_bash_operator.py for tasks to queue
[2025-10-17T07:42:29.002+0000] {logging_mixin.py:154} INFO - [2025-10-17T07:42:29.002+0000] {dagbag.py:536} INFO - Filling up the DagBag from /home/airflow/.local/lib/python3.8/site-packages/airflow/example_dags/example_bash_operator.py
[2025-10-17T07:42:29.022+0000] {processor.py:839} INFO - DAG(s) dict_keys(['example_bash_operator']) retrieved from /home/airflow/.local/lib/python3.8/site-packages/airflow/example_dags/example_bash_operator.py
[2025-10-17T07:42:29.161+0000] {logging_mixin.py:154} INFO - [2025-10-17T07:42:29.161+0000] {manager.py:499} INFO - Created Permission View: %s
[2025-10-17T07:42:29.174+0000] {logging_mixin.py:154} INFO - [2025-10-17T07:42:29.174+0000] {manager.py:499} INFO - Created Permission View: %s
[2025-10-17T07:42:29.200+0000] {logging_mixin.py:154} INFO - [2025-10-17T07:42:29.200+0000] {manager.py:499} INFO - Created Permission View: %s
[2025-10-17T07:42:29.201+0000] {logging_mixin.py:154} INFO - [2025-10-17T07:42:29.201+0000] {dag.py:2941} INFO - Sync 1 DAGs
[2025-10-17T07:42:29.215+0000] {logging_mixin.py:154} INFO - [2025-10-17T07:42:29.214+0000] {dag.py:2963} INFO - Creating ORM DAG for example_bash_operator
[2025-10-17T07:42:29.229+0000] {logging_mixin.py:154} INFO - [2025-10-17T07:42:29.229+0000] {dag.py:3722} INFO - Setting next_dagrun for example_bash_operator to 2025-10-16T00:00:00+00:00, run_after=2025-10-17T00:00:00+00:00
[2025-10-17T07:42:29.249+0000] {processor.py:179} INFO - Processing /home/airflow/.local/lib/python3.8/site-packages/airflow/example_dags/example_bash_operator.py took 0.255 seconds
[2025-10-17T07:42:59.323+0000] {processor.py:157} INFO - Started process (PID=138) to work on /home/airflow/.local/lib/python3.8/site-packages/airflow/example_dags/example_bash_operator.py
[2025-10-17T07:42:59.324+0000] {processor.py:829} INFO - Processing file /home/airflow/.local/lib/python3.8/site-packages/airflow/example_dags/example_bash_operator.py for tasks to queue
[2025-10-17T07:42:59.327+0000] {logging_mixin.py:154} INFO - [2025-10-17T07:42:59.326+0000] {dagbag.py:536} INFO - Filling up the DagBag from /home/airflow/.local/lib/python3.8/site-packages/airflow/example_dags/example_bash_operator.py
[2025-10-17T07:42:59.339+0000] {processor.py:839} INFO - DAG(s) dict_keys(['example_bash_operator']) retrieved from /home/airflow/.local/lib/python3.8/site-packages/airflow/example_dags/example_bash_operator.py
[2025-10-17T07:42:59.372+0000] {logging_mixin.py:154} INFO - [2025-10-17T07:42:59.372+0000] {dag.py:2941} INFO - Sync 1 DAGs
[2025-10-17T07:42:59.395+0000] {logging_mixin.py:154} INFO - [2025-10-17T07:42:59.395+0000] {dag.py:3722} INFO - Setting next_dagrun for example_bash_operator to 2025-10-16T00:00:00+00:00, run_after=2025-10-17T00:00:00+00:00
[2025-10-17T07:42:59.416+0000] {processor.py:179} INFO - Processing /home/airflow/.local/lib/python3.8/site-packages/airflow/example_dags/example_bash_operator.py took 0.097 seconds
[2025-10-17T07:44:26.071+0000] {processor.py:157} INFO - Started process (PID=75) to work on /home/airflow/.local/lib/python3.8/site-packages/airflow/example_dags/example_bash_operator.py
[2025-10-17T07:44:26.073+0000] {processor.py:829} INFO - Processing file /home/airflow/.local/lib/python3.8/site-packages/airflow/example_dags/example_bash_operator.py for tasks to queue
[2025-10-17T07:44:26.075+0000] {logging_mixin.py:154} INFO - [2025-10-17T07:44:26.074+0000] {dagbag.py:536} INFO - Filling up the DagBag from /home/airflow/.local/lib/python3.8/site-packages/airflow/example_dags/example_bash_operator.py
[2025-10-17T07:44:26.088+0000] {processor.py:839} INFO - DAG(s) dict_keys(['example_bash_operator']) retrieved from /home/airflow/.local/lib/python3.8/site-packages/airflow/example_dags/example_bash_operator.py
[2025-10-17T07:44:26.194+0000] {logging_mixin.py:154} INFO - [2025-10-17T07:44:26.194+0000] {manager.py:499} INFO - Created Permission View: %s
[2025-10-17T07:44:26.205+0000] {logging_mixin.py:154} INFO - [2025-10-17T07:44:26.205+0000] {manager.py:499} INFO - Created Permission View: %s
[2025-10-17T07:44:26.213+0000] {logging_mixin.py:154} INFO - [2025-10-17T07:44:26.213+0000] {manager.py:499} INFO - Created Permission View: %s
[2025-10-17T07:44:26.213+0000] {logging_mixin.py:154} INFO - [2025-10-17T07:44:26.213+0000] {dag.py:2941} INFO - Sync 1 DAGs
[2025-10-17T07:44:26.226+0000] {logging_mixin.py:154} INFO - [2025-10-17T07:44:26.226+0000] {dag.py:2963} INFO - Creating ORM DAG for example_bash_operator
[2025-10-17T07:44:26.236+0000] {logging_mixin.py:154} INFO - [2025-10-17T07:44:26.236+0000] {dag.py:3722} INFO - Setting next_dagrun for example_bash_operator to 2025-10-16T00:00:00+00:00, run_after=2025-10-17T00:00:00+00:00
[2025-10-17T07:44:26.256+0000] {processor.py:179} INFO - Processing /home/airflow/.local/lib/python3.8/site-packages/airflow/example_dags/example_bash_operator.py took 0.189 seconds
[2025-10-17T07:44:36.318+0000] {processor.py:157} INFO - Started process (PID=67) to work on /home/airflow/.local/lib/python3.8/site-packages/airflow/example_dags/example_bash_operator.py
[2025-10-17T07:44:36.320+0000] {processor.py:829} INFO - Processing file /home/airflow/.local/lib/python3.8/site-packages/airflow/example_dags/example_bash_operator.py for tasks to queue
[2025-10-17T07:44:36.322+0000] {logging_mixin.py:154} INFO - [2025-10-17T07:44:36.322+0000] {dagbag.py:536} INFO - Filling up the DagBag from /home/airflow/.local/lib/python3.8/site-packages/airflow/example_dags/example_bash_operator.py
[2025-10-17T07:44:36.336+0000] {processor.py:839} INFO - DAG(s) dict_keys(['example_bash_operator']) retrieved from /home/airflow/.local/lib/python3.8/site-packages/airflow/example_dags/example_bash_operator.py
[2025-10-17T07:44:36.354+0000] {logging_mixin.py:154} INFO - [2025-10-17T07:44:36.353+0000] {dag.py:2941} INFO - Sync 1 DAGs
[2025-10-17T07:44:36.406+0000] {logging_mixin.py:154} INFO - [2025-10-17T07:44:36.406+0000] {dag.py:3722} INFO - Setting next_dagrun for example_bash_operator to 2025-10-16T00:00:00+00:00, run_after=2025-10-17T00:00:00+00:00
[2025-10-17T07:44:36.429+0000] {processor.py:179} INFO - Processing /home/airflow/.local/lib/python3.8/site-packages/airflow/example_dags/example_bash_operator.py took 0.114 seconds
[2025-10-17T07:45:06.879+0000] {processor.py:157} INFO - Started process (PID=123) to work on /home/airflow/.local/lib/python3.8/site-packages/airflow/example_dags/example_bash_operator.py
[2025-10-17T07:45:06.880+0000] {processor.py:829} INFO - Processing file /home/airflow/.local/lib/python3.8/site-packages/airflow/example_dags/example_bash_operator.py for tasks to queue
[2025-10-17T07:45:06.882+0000] {logging_mixin.py:154} INFO - [2025-10-17T07:45:06.882+0000] {dagbag.py:536} INFO - Filling up the DagBag from /home/airflow/.local/lib/python3.8/site-packages/airflow/example_dags/example_bash_operator.py
[2025-10-17T07:45:06.892+0000] {processor.py:839} INFO - DAG(s) dict_keys(['example_bash_operator']) retrieved from /home/airflow/.local/lib/python3.8/site-packages/airflow/example_dags/example_bash_operator.py
[2025-10-17T07:45:06.918+0000] {logging_mixin.py:154} INFO - [2025-10-17T07:45:06.918+0000] {dag.py:2941} INFO - Sync 1 DAGs
[2025-10-17T07:45:06.937+0000] {logging_mixin.py:154} INFO - [2025-10-17T07:45:06.937+0000] {dag.py:3722} INFO - Setting next_dagrun for example_bash_operator to 2025-10-16T00:00:00+00:00, run_after=2025-10-17T00:00:00+00:00
[2025-10-17T07:45:06.952+0000] {processor.py:179} INFO - Processing /home/airflow/.local/lib/python3.8/site-packages/airflow/example_dags/example_bash_operator.py took 0.076 seconds
[2025-10-17T07:46:20.824+0000] {processor.py:157} INFO - Started process (PID=75) to work on /home/airflow/.local/lib/python3.8/site-packages/airflow/example_dags/example_bash_operator.py
[2025-10-17T07:46:20.825+0000] {processor.py:829} INFO - Processing file /home/airflow/.local/lib/python3.8/site-packages/airflow/example_dags/example_bash_operator.py for tasks to queue
[2025-10-17T07:46:20.828+0000] {logging_mixin.py:154} INFO - [2025-10-17T07:46:20.827+0000] {dagbag.py:536} INFO - Filling up the DagBag from /home/airflow/.local/lib/python3.8/site-packages/airflow/example_dags/example_bash_operator.py
[2025-10-17T07:46:20.841+0000] {processor.py:839} INFO - DAG(s) dict_keys(['example_bash_operator']) retrieved from /home/airflow/.local/lib/python3.8/site-packages/airflow/example_dags/example_bash_operator.py
[2025-10-17T07:46:20.942+0000] {logging_mixin.py:154} INFO - [2025-10-17T07:46:20.942+0000] {manager.py:499} INFO - Created Permission View: %s
[2025-10-17T07:46:20.952+0000] {logging_mixin.py:154} INFO - [2025-10-17T07:46:20.952+0000] {manager.py:499} INFO - Created Permission View: %s
[2025-10-17T07:46:20.959+0000] {logging_mixin.py:154} INFO - [2025-10-17T07:46:20.959+0000] {manager.py:499} INFO - Created Permission View: %s
[2025-10-17T07:46:20.960+0000] {logging_mixin.py:154} INFO - [2025-10-17T07:46:20.959+0000] {dag.py:2941} INFO - Sync 1 DAGs
[2025-10-17T07:46:20.971+0000] {logging_mixin.py:154} INFO - [2025-10-17T07:46:20.971+0000] {dag.py:2963} INFO - Creating ORM DAG for example_bash_operator
[2025-10-17T07:46:20.986+0000] {logging_mixin.py:154} INFO - [2025-10-17T07:46:20.986+0000] {dag.py:3722} INFO - Setting next_dagrun for example_bash_operator to 2025-10-16T00:00:00+00:00, run_after=2025-10-17T00:00:00+00:00
[2025-10-17T07:46:21.012+0000] {processor.py:179} INFO - Processing /home/airflow/.local/lib/python3.8/site-packages/airflow/example_dags/example_bash_operator.py took 0.192 seconds
[2025-10-17T07:46:51.697+0000] {processor.py:157} INFO - Started process (PID=138) to work on /home/airflow/.local/lib/python3.8/site-packages/airflow/example_dags/example_bash_operator.py
[2025-10-17T07:46:51.698+0000] {processor.py:829} INFO - Processing file /home/airflow/.local/lib/python3.8/site-packages/airflow/example_dags/example_bash_operator.py for tasks to queue
[2025-10-17T07:46:51.700+0000] {logging_mixin.py:154} INFO - [2025-10-17T07:46:51.699+0000] {dagbag.py:536} INFO - Filling up the DagBag from /home/airflow/.local/lib/python3.8/site-packages/airflow/example_dags/example_bash_operator.py
[2025-10-17T07:46:51.710+0000] {processor.py:839} INFO - DAG(s) dict_keys(['example_bash_operator']) retrieved from /home/airflow/.local/lib/python3.8/site-packages/airflow/example_dags/example_bash_operator.py
[2025-10-17T07:46:51.735+0000] {logging_mixin.py:154} INFO - [2025-10-17T07:46:51.735+0000] {dag.py:2941} INFO - Sync 1 DAGs
[2025-10-17T07:46:51.754+0000] {logging_mixin.py:154} INFO - [2025-10-17T07:46:51.754+0000] {dag.py:3722} INFO - Setting next_dagrun for example_bash_operator to 2025-10-16T00:00:00+00:00, run_after=2025-10-17T00:00:00+00:00
[2025-10-17T07:46:51.771+0000] {processor.py:179} INFO - Processing /home/airflow/.local/lib/python3.8/site-packages/airflow/example_dags/example_bash_operator.py took 0.077 seconds
[2025-10-17T07:47:22.675+0000] {processor.py:157} INFO - Started process (PID=194) to work on /home/airflow/.local/lib/python3.8/site-packages/airflow/example_dags/example_bash_operator.py
[2025-10-17T07:47:22.676+0000] {processor.py:829} INFO - Processing file /home/airflow/.local/lib/python3.8/site-packages/airflow/example_dags/example_bash_operator.py for tasks to queue
[2025-10-17T07:47:22.679+0000] {logging_mixin.py:154} INFO - [2025-10-17T07:47:22.679+0000] {dagbag.py:536} INFO - Filling up the DagBag from /home/airflow/.local/lib/python3.8/site-packages/airflow/example_dags/example_bash_operator.py
[2025-10-17T07:47:22.690+0000] {processor.py:839} INFO - DAG(s) dict_keys(['example_bash_operator']) retrieved from /home/airflow/.local/lib/python3.8/site-packages/airflow/example_dags/example_bash_operator.py
[2025-10-17T07:47:22.718+0000] {logging_mixin.py:154} INFO - [2025-10-17T07:47:22.718+0000] {dag.py:2941} INFO - Sync 1 DAGs
[2025-10-17T07:47:22.739+0000] {logging_mixin.py:154} INFO - [2025-10-17T07:47:22.739+0000] {dag.py:3722} INFO - Setting next_dagrun for example_bash_operator to 2025-10-16T00:00:00+00:00, run_after=2025-10-17T00:00:00+00:00
[2025-10-17T07:47:22.766+0000] {processor.py:179} INFO - Processing /home/airflow/.local/lib/python3.8/site-packages/airflow/example_dags/example_bash_operator.py took 0.094 seconds
[2025-10-17T07:47:53.211+0000] {processor.py:157} INFO - Started process (PID=250) to work on /home/airflow/.local/lib/python3.8/site-packages/airflow/example_dags/example_bash_operator.py
[2025-10-17T07:47:53.212+0000] {processor.py:829} INFO - Processing file /home/airflow/.local/lib/python3.8/site-packages/airflow/example_dags/example_bash_operator.py for tasks to queue
[2025-10-17T07:47:53.214+0000] {logging_mixin.py:154} INFO - [2025-10-17T07:47:53.213+0000] {dagbag.py:536} INFO - Filling up the DagBag from /home/airflow/.local/lib/python3.8/site-packages/airflow/example_dags/example_bash_operator.py
[2025-10-17T07:47:53.225+0000] {processor.py:839} INFO - DAG(s) dict_keys(['example_bash_operator']) retrieved from /home/airflow/.local/lib/python3.8/site-packages/airflow/example_dags/example_bash_operator.py
[2025-10-17T07:47:53.253+0000] {logging_mixin.py:154} INFO - [2025-10-17T07:47:53.253+0000] {dag.py:2941} INFO - Sync 1 DAGs
[2025-10-17T07:47:53.273+0000] {logging_mixin.py:154} INFO - [2025-10-17T07:47:53.272+0000] {dag.py:3722} INFO - Setting next_dagrun for example_bash_operator to 2025-10-16T00:00:00+00:00, run_after=2025-10-17T00:00:00+00:00
[2025-10-17T07:47:53.288+0000] {processor.py:179} INFO - Processing /home/airflow/.local/lib/python3.8/site-packages/airflow/example_dags/example_bash_operator.py took 0.081 seconds
[2025-10-17T07:48:23.731+0000] {processor.py:157} INFO - Started process (PID=306) to work on /home/airflow/.local/lib/python3.8/site-packages/airflow/example_dags/example_bash_operator.py
[2025-10-17T07:48:23.732+0000] {processor.py:829} INFO - Processing file /home/airflow/.local/lib/python3.8/site-packages/airflow/example_dags/example_bash_operator.py for tasks to queue
[2025-10-17T07:48:23.734+0000] {logging_mixin.py:154} INFO - [2025-10-17T07:48:23.734+0000] {dagbag.py:536} INFO - Filling up the DagBag from /home/airflow/.local/lib/python3.8/site-packages/airflow/example_dags/example_bash_operator.py
[2025-10-17T07:48:23.745+0000] {processor.py:839} INFO - DAG(s) dict_keys(['example_bash_operator']) retrieved from /home/airflow/.local/lib/python3.8/site-packages/airflow/example_dags/example_bash_operator.py
[2025-10-17T07:48:23.771+0000] {logging_mixin.py:154} INFO - [2025-10-17T07:48:23.771+0000] {dag.py:2941} INFO - Sync 1 DAGs
[2025-10-17T07:48:23.791+0000] {logging_mixin.py:154} INFO - [2025-10-17T07:48:23.791+0000] {dag.py:3722} INFO - Setting next_dagrun for example_bash_operator to 2025-10-16T00:00:00+00:00, run_after=2025-10-17T00:00:00+00:00
[2025-10-17T07:48:23.809+0000] {processor.py:179} INFO - Processing /home/airflow/.local/lib/python3.8/site-packages/airflow/example_dags/example_bash_operator.py took 0.082 seconds
[2025-10-17T07:48:54.647+0000] {processor.py:157} INFO - Started process (PID=362) to work on /home/airflow/.local/lib/python3.8/site-packages/airflow/example_dags/example_bash_operator.py
[2025-10-17T07:48:54.648+0000] {processor.py:829} INFO - Processing file /home/airflow/.local/lib/python3.8/site-packages/airflow/example_dags/example_bash_operator.py for tasks to queue
[2025-10-17T07:48:54.650+0000] {logging_mixin.py:154} INFO - [2025-10-17T07:48:54.650+0000] {dagbag.py:536} INFO - Filling up the DagBag from /home/airflow/.local/lib/python3.8/site-packages/airflow/example_dags/example_bash_operator.py
[2025-10-17T07:48:54.661+0000] {processor.py:839} INFO - DAG(s) dict_keys(['example_bash_operator']) retrieved from /home/airflow/.local/lib/python3.8/site-packages/airflow/example_dags/example_bash_operator.py
[2025-10-17T07:48:54.684+0000] {logging_mixin.py:154} INFO - [2025-10-17T07:48:54.684+0000] {dag.py:2941} INFO - Sync 1 DAGs
[2025-10-17T07:48:54.703+0000] {logging_mixin.py:154} INFO - [2025-10-17T07:48:54.703+0000] {dag.py:3722} INFO - Setting next_dagrun for example_bash_operator to 2025-10-16T00:00:00+00:00, run_after=2025-10-17T00:00:00+00:00
[2025-10-17T07:48:54.720+0000] {processor.py:179} INFO - Processing /home/airflow/.local/lib/python3.8/site-packages/airflow/example_dags/example_bash_operator.py took 0.076 seconds
[2025-10-17T07:49:25.156+0000] {processor.py:157} INFO - Started process (PID=418) to work on /home/airflow/.local/lib/python3.8/site-packages/airflow/example_dags/example_bash_operator.py
[2025-10-17T07:49:25.157+0000] {processor.py:829} INFO - Processing file /home/airflow/.local/lib/python3.8/site-packages/airflow/example_dags/example_bash_operator.py for tasks to queue
[2025-10-17T07:49:25.159+0000] {logging_mixin.py:154} INFO - [2025-10-17T07:49:25.159+0000] {dagbag.py:536} INFO - Filling up the DagBag from /home/airflow/.local/lib/python3.8/site-packages/airflow/example_dags/example_bash_operator.py
[2025-10-17T07:49:25.170+0000] {processor.py:839} INFO - DAG(s) dict_keys(['example_bash_operator']) retrieved from /home/airflow/.local/lib/python3.8/site-packages/airflow/example_dags/example_bash_operator.py
[2025-10-17T07:49:25.196+0000] {logging_mixin.py:154} INFO - [2025-10-17T07:49:25.196+0000] {dag.py:2941} INFO - Sync 1 DAGs
[2025-10-17T07:49:25.216+0000] {logging_mixin.py:154} INFO - [2025-10-17T07:49:25.216+0000] {dag.py:3722} INFO - Setting next_dagrun for example_bash_operator to 2025-10-16T00:00:00+00:00, run_after=2025-10-17T00:00:00+00:00
[2025-10-17T07:49:25.234+0000] {processor.py:179} INFO - Processing /home/airflow/.local/lib/python3.8/site-packages/airflow/example_dags/example_bash_operator.py took 0.081 seconds
[2025-10-17T07:49:55.869+0000] {processor.py:157} INFO - Started process (PID=474) to work on /home/airflow/.local/lib/python3.8/site-packages/airflow/example_dags/example_bash_operator.py
[2025-10-17T07:49:55.870+0000] {processor.py:829} INFO - Processing file /home/airflow/.local/lib/python3.8/site-packages/airflow/example_dags/example_bash_operator.py for tasks to queue
[2025-10-17T07:49:55.872+0000] {logging_mixin.py:154} INFO - [2025-10-17T07:49:55.872+0000] {dagbag.py:536} INFO - Filling up the DagBag from /home/airflow/.local/lib/python3.8/site-packages/airflow/example_dags/example_bash_operator.py
[2025-10-17T07:49:55.887+0000] {processor.py:839} INFO - DAG(s) dict_keys(['example_bash_operator']) retrieved from /home/airflow/.local/lib/python3.8/site-packages/airflow/example_dags/example_bash_operator.py
[2025-10-17T07:49:55.917+0000] {logging_mixin.py:154} INFO - [2025-10-17T07:49:55.917+0000] {dag.py:2941} INFO - Sync 1 DAGs
[2025-10-17T07:49:55.943+0000] {logging_mixin.py:154} INFO - [2025-10-17T07:49:55.943+0000] {dag.py:3722} INFO - Setting next_dagrun for example_bash_operator to 2025-10-16T00:00:00+00:00, run_after=2025-10-17T00:00:00+00:00
[2025-10-17T07:49:55.970+0000] {processor.py:179} INFO - Processing /home/airflow/.local/lib/python3.8/site-packages/airflow/example_dags/example_bash_operator.py took 0.105 seconds
[2025-10-17T07:50:26.084+0000] {processor.py:157} INFO - Started process (PID=530) to work on /home/airflow/.local/lib/python3.8/site-packages/airflow/example_dags/example_bash_operator.py
[2025-10-17T07:50:26.085+0000] {processor.py:829} INFO - Processing file /home/airflow/.local/lib/python3.8/site-packages/airflow/example_dags/example_bash_operator.py for tasks to queue
[2025-10-17T07:50:26.087+0000] {logging_mixin.py:154} INFO - [2025-10-17T07:50:26.087+0000] {dagbag.py:536} INFO - Filling up the DagBag from /home/airflow/.local/lib/python3.8/site-packages/airflow/example_dags/example_bash_operator.py
[2025-10-17T07:50:26.098+0000] {processor.py:839} INFO - DAG(s) dict_keys(['example_bash_operator']) retrieved from /home/airflow/.local/lib/python3.8/site-packages/airflow/example_dags/example_bash_operator.py
[2025-10-17T07:50:26.125+0000] {logging_mixin.py:154} INFO - [2025-10-17T07:50:26.125+0000] {dag.py:2941} INFO - Sync 1 DAGs
[2025-10-17T07:50:26.144+0000] {logging_mixin.py:154} INFO - [2025-10-17T07:50:26.144+0000] {dag.py:3722} INFO - Setting next_dagrun for example_bash_operator to 2025-10-16T00:00:00+00:00, run_after=2025-10-17T00:00:00+00:00
[2025-10-17T07:50:26.161+0000] {processor.py:179} INFO - Processing /home/airflow/.local/lib/python3.8/site-packages/airflow/example_dags/example_bash_operator.py took 0.081 seconds
[2025-10-17T07:50:56.984+0000] {processor.py:157} INFO - Started process (PID=586) to work on /home/airflow/.local/lib/python3.8/site-packages/airflow/example_dags/example_bash_operator.py
[2025-10-17T07:50:56.985+0000] {processor.py:829} INFO - Processing file /home/airflow/.local/lib/python3.8/site-packages/airflow/example_dags/example_bash_operator.py for tasks to queue
[2025-10-17T07:50:56.987+0000] {logging_mixin.py:154} INFO - [2025-10-17T07:50:56.987+0000] {dagbag.py:536} INFO - Filling up the DagBag from /home/airflow/.local/lib/python3.8/site-packages/airflow/example_dags/example_bash_operator.py
[2025-10-17T07:50:56.997+0000] {processor.py:839} INFO - DAG(s) dict_keys(['example_bash_operator']) retrieved from /home/airflow/.local/lib/python3.8/site-packages/airflow/example_dags/example_bash_operator.py
[2025-10-17T07:50:57.022+0000] {logging_mixin.py:154} INFO - [2025-10-17T07:50:57.021+0000] {dag.py:2941} INFO - Sync 1 DAGs
[2025-10-17T07:50:57.040+0000] {logging_mixin.py:154} INFO - [2025-10-17T07:50:57.040+0000] {dag.py:3722} INFO - Setting next_dagrun for example_bash_operator to 2025-10-16T00:00:00+00:00, run_after=2025-10-17T00:00:00+00:00
[2025-10-17T07:50:57.057+0000] {processor.py:179} INFO - Processing /home/airflow/.local/lib/python3.8/site-packages/airflow/example_dags/example_bash_operator.py took 0.077 seconds
[2025-10-17T07:51:27.578+0000] {processor.py:157} INFO - Started process (PID=642) to work on /home/airflow/.local/lib/python3.8/site-packages/airflow/example_dags/example_bash_operator.py
[2025-10-17T07:51:27.580+0000] {processor.py:829} INFO - Processing file /home/airflow/.local/lib/python3.8/site-packages/airflow/example_dags/example_bash_operator.py for tasks to queue
[2025-10-17T07:51:27.583+0000] {logging_mixin.py:154} INFO - [2025-10-17T07:51:27.582+0000] {dagbag.py:536} INFO - Filling up the DagBag from /home/airflow/.local/lib/python3.8/site-packages/airflow/example_dags/example_bash_operator.py
[2025-10-17T07:51:27.595+0000] {processor.py:839} INFO - DAG(s) dict_keys(['example_bash_operator']) retrieved from /home/airflow/.local/lib/python3.8/site-packages/airflow/example_dags/example_bash_operator.py
[2025-10-17T07:51:27.622+0000] {logging_mixin.py:154} INFO - [2025-10-17T07:51:27.622+0000] {dag.py:2941} INFO - Sync 1 DAGs
[2025-10-17T07:51:27.645+0000] {logging_mixin.py:154} INFO - [2025-10-17T07:51:27.645+0000] {dag.py:3722} INFO - Setting next_dagrun for example_bash_operator to 2025-10-16T00:00:00+00:00, run_after=2025-10-17T00:00:00+00:00
[2025-10-17T07:51:27.663+0000] {processor.py:179} INFO - Processing /home/airflow/.local/lib/python3.8/site-packages/airflow/example_dags/example_bash_operator.py took 0.088 seconds
[2025-10-17T07:51:58.225+0000] {processor.py:157} INFO - Started process (PID=698) to work on /home/airflow/.local/lib/python3.8/site-packages/airflow/example_dags/example_bash_operator.py
[2025-10-17T07:51:58.226+0000] {processor.py:829} INFO - Processing file /home/airflow/.local/lib/python3.8/site-packages/airflow/example_dags/example_bash_operator.py for tasks to queue
[2025-10-17T07:51:58.228+0000] {logging_mixin.py:154} INFO - [2025-10-17T07:51:58.228+0000] {dagbag.py:536} INFO - Filling up the DagBag from /home/airflow/.local/lib/python3.8/site-packages/airflow/example_dags/example_bash_operator.py
[2025-10-17T07:51:58.238+0000] {processor.py:839} INFO - DAG(s) dict_keys(['example_bash_operator']) retrieved from /home/airflow/.local/lib/python3.8/site-packages/airflow/example_dags/example_bash_operator.py
[2025-10-17T07:51:58.263+0000] {logging_mixin.py:154} INFO - [2025-10-17T07:51:58.263+0000] {dag.py:2941} INFO - Sync 1 DAGs
[2025-10-17T07:51:58.282+0000] {logging_mixin.py:154} INFO - [2025-10-17T07:51:58.282+0000] {dag.py:3722} INFO - Setting next_dagrun for example_bash_operator to 2025-10-16T00:00:00+00:00, run_after=2025-10-17T00:00:00+00:00
[2025-10-17T07:51:58.298+0000] {processor.py:179} INFO - Processing /home/airflow/.local/lib/python3.8/site-packages/airflow/example_dags/example_bash_operator.py took 0.076 seconds
[2025-10-17T08:08:53.804+0000] {processor.py:157} INFO - Started process (PID=83) to work on /home/airflow/.local/lib/python3.8/site-packages/airflow/example_dags/example_bash_operator.py
[2025-10-17T08:08:53.805+0000] {processor.py:829} INFO - Processing file /home/airflow/.local/lib/python3.8/site-packages/airflow/example_dags/example_bash_operator.py for tasks to queue
[2025-10-17T08:08:53.808+0000] {logging_mixin.py:154} INFO - [2025-10-17T08:08:53.808+0000] {dagbag.py:536} INFO - Filling up the DagBag from /home/airflow/.local/lib/python3.8/site-packages/airflow/example_dags/example_bash_operator.py
[2025-10-17T08:08:53.829+0000] {processor.py:839} INFO - DAG(s) dict_keys(['example_bash_operator']) retrieved from /home/airflow/.local/lib/python3.8/site-packages/airflow/example_dags/example_bash_operator.py
[2025-10-17T08:08:53.978+0000] {logging_mixin.py:154} INFO - [2025-10-17T08:08:53.977+0000] {manager.py:499} INFO - Created Permission View: %s
[2025-10-17T08:08:53.993+0000] {logging_mixin.py:154} INFO - [2025-10-17T08:08:53.993+0000] {manager.py:499} INFO - Created Permission View: %s
[2025-10-17T08:08:54.001+0000] {logging_mixin.py:154} INFO - [2025-10-17T08:08:54.001+0000] {manager.py:499} INFO - Created Permission View: %s
[2025-10-17T08:08:54.001+0000] {logging_mixin.py:154} INFO - [2025-10-17T08:08:54.001+0000] {dag.py:2941} INFO - Sync 1 DAGs
[2025-10-17T08:08:54.019+0000] {logging_mixin.py:154} INFO - [2025-10-17T08:08:54.019+0000] {dag.py:2963} INFO - Creating ORM DAG for example_bash_operator
[2025-10-17T08:08:54.033+0000] {logging_mixin.py:154} INFO - [2025-10-17T08:08:54.033+0000] {dag.py:3722} INFO - Setting next_dagrun for example_bash_operator to 2025-10-16T00:00:00+00:00, run_after=2025-10-17T00:00:00+00:00
[2025-10-17T08:08:54.054+0000] {processor.py:179} INFO - Processing /home/airflow/.local/lib/python3.8/site-packages/airflow/example_dags/example_bash_operator.py took 0.255 seconds
[2025-10-17T08:09:24.886+0000] {processor.py:157} INFO - Started process (PID=139) to work on /home/airflow/.local/lib/python3.8/site-packages/airflow/example_dags/example_bash_operator.py
[2025-10-17T08:09:24.887+0000] {processor.py:829} INFO - Processing file /home/airflow/.local/lib/python3.8/site-packages/airflow/example_dags/example_bash_operator.py for tasks to queue
[2025-10-17T08:09:24.890+0000] {logging_mixin.py:154} INFO - [2025-10-17T08:09:24.890+0000] {dagbag.py:536} INFO - Filling up the DagBag from /home/airflow/.local/lib/python3.8/site-packages/airflow/example_dags/example_bash_operator.py
[2025-10-17T08:09:24.905+0000] {processor.py:839} INFO - DAG(s) dict_keys(['example_bash_operator']) retrieved from /home/airflow/.local/lib/python3.8/site-packages/airflow/example_dags/example_bash_operator.py
[2025-10-17T08:09:24.936+0000] {logging_mixin.py:154} INFO - [2025-10-17T08:09:24.936+0000] {dag.py:2941} INFO - Sync 1 DAGs
[2025-10-17T08:09:24.962+0000] {logging_mixin.py:154} INFO - [2025-10-17T08:09:24.961+0000] {dag.py:3722} INFO - Setting next_dagrun for example_bash_operator to 2025-10-16T00:00:00+00:00, run_after=2025-10-17T00:00:00+00:00
[2025-10-17T08:09:24.991+0000] {processor.py:179} INFO - Processing /home/airflow/.local/lib/python3.8/site-packages/airflow/example_dags/example_bash_operator.py took 0.111 seconds
[2025-10-17T08:09:55.869+0000] {processor.py:157} INFO - Started process (PID=195) to work on /home/airflow/.local/lib/python3.8/site-packages/airflow/example_dags/example_bash_operator.py
[2025-10-17T08:09:55.870+0000] {processor.py:829} INFO - Processing file /home/airflow/.local/lib/python3.8/site-packages/airflow/example_dags/example_bash_operator.py for tasks to queue
[2025-10-17T08:09:55.873+0000] {logging_mixin.py:154} INFO - [2025-10-17T08:09:55.873+0000] {dagbag.py:536} INFO - Filling up the DagBag from /home/airflow/.local/lib/python3.8/site-packages/airflow/example_dags/example_bash_operator.py
[2025-10-17T08:09:55.884+0000] {processor.py:839} INFO - DAG(s) dict_keys(['example_bash_operator']) retrieved from /home/airflow/.local/lib/python3.8/site-packages/airflow/example_dags/example_bash_operator.py
[2025-10-17T08:09:55.911+0000] {logging_mixin.py:154} INFO - [2025-10-17T08:09:55.910+0000] {dag.py:2941} INFO - Sync 1 DAGs
[2025-10-17T08:09:55.931+0000] {logging_mixin.py:154} INFO - [2025-10-17T08:09:55.931+0000] {dag.py:3722} INFO - Setting next_dagrun for example_bash_operator to 2025-10-16T00:00:00+00:00, run_after=2025-10-17T00:00:00+00:00
[2025-10-17T08:09:55.949+0000] {processor.py:179} INFO - Processing /home/airflow/.local/lib/python3.8/site-packages/airflow/example_dags/example_bash_operator.py took 0.084 seconds
[2025-10-17T08:10:26.873+0000] {processor.py:157} INFO - Started process (PID=251) to work on /home/airflow/.local/lib/python3.8/site-packages/airflow/example_dags/example_bash_operator.py
[2025-10-17T08:10:26.875+0000] {processor.py:829} INFO - Processing file /home/airflow/.local/lib/python3.8/site-packages/airflow/example_dags/example_bash_operator.py for tasks to queue
[2025-10-17T08:10:26.877+0000] {logging_mixin.py:154} INFO - [2025-10-17T08:10:26.877+0000] {dagbag.py:536} INFO - Filling up the DagBag from /home/airflow/.local/lib/python3.8/site-packages/airflow/example_dags/example_bash_operator.py
[2025-10-17T08:10:26.891+0000] {processor.py:839} INFO - DAG(s) dict_keys(['example_bash_operator']) retrieved from /home/airflow/.local/lib/python3.8/site-packages/airflow/example_dags/example_bash_operator.py
[2025-10-17T08:10:26.922+0000] {logging_mixin.py:154} INFO - [2025-10-17T08:10:26.921+0000] {dag.py:2941} INFO - Sync 1 DAGs
[2025-10-17T08:10:26.945+0000] {logging_mixin.py:154} INFO - [2025-10-17T08:10:26.945+0000] {dag.py:3722} INFO - Setting next_dagrun for example_bash_operator to 2025-10-16T00:00:00+00:00, run_after=2025-10-17T00:00:00+00:00
[2025-10-17T08:10:26.967+0000] {processor.py:179} INFO - Processing /home/airflow/.local/lib/python3.8/site-packages/airflow/example_dags/example_bash_operator.py took 0.098 seconds
[2025-10-17T08:10:57.595+0000] {processor.py:157} INFO - Started process (PID=307) to work on /home/airflow/.local/lib/python3.8/site-packages/airflow/example_dags/example_bash_operator.py
[2025-10-17T08:10:57.597+0000] {processor.py:829} INFO - Processing file /home/airflow/.local/lib/python3.8/site-packages/airflow/example_dags/example_bash_operator.py for tasks to queue
[2025-10-17T08:10:57.599+0000] {logging_mixin.py:154} INFO - [2025-10-17T08:10:57.599+0000] {dagbag.py:536} INFO - Filling up the DagBag from /home/airflow/.local/lib/python3.8/site-packages/airflow/example_dags/example_bash_operator.py
[2025-10-17T08:10:57.609+0000] {processor.py:839} INFO - DAG(s) dict_keys(['example_bash_operator']) retrieved from /home/airflow/.local/lib/python3.8/site-packages/airflow/example_dags/example_bash_operator.py
[2025-10-17T08:10:57.636+0000] {logging_mixin.py:154} INFO - [2025-10-17T08:10:57.636+0000] {dag.py:2941} INFO - Sync 1 DAGs
[2025-10-17T08:10:57.657+0000] {logging_mixin.py:154} INFO - [2025-10-17T08:10:57.656+0000] {dag.py:3722} INFO - Setting next_dagrun for example_bash_operator to 2025-10-16T00:00:00+00:00, run_after=2025-10-17T00:00:00+00:00
[2025-10-17T08:10:57.672+0000] {processor.py:179} INFO - Processing /home/airflow/.local/lib/python3.8/site-packages/airflow/example_dags/example_bash_operator.py took 0.080 seconds
[2025-10-17T08:12:35.753+0000] {processor.py:157} INFO - Started process (PID=84) to work on /home/airflow/.local/lib/python3.8/site-packages/airflow/example_dags/example_bash_operator.py
[2025-10-17T08:12:35.754+0000] {processor.py:829} INFO - Processing file /home/airflow/.local/lib/python3.8/site-packages/airflow/example_dags/example_bash_operator.py for tasks to queue
[2025-10-17T08:12:35.757+0000] {logging_mixin.py:154} INFO - [2025-10-17T08:12:35.756+0000] {dagbag.py:536} INFO - Filling up the DagBag from /home/airflow/.local/lib/python3.8/site-packages/airflow/example_dags/example_bash_operator.py
[2025-10-17T08:12:35.772+0000] {processor.py:839} INFO - DAG(s) dict_keys(['example_bash_operator']) retrieved from /home/airflow/.local/lib/python3.8/site-packages/airflow/example_dags/example_bash_operator.py
[2025-10-17T08:12:35.905+0000] {logging_mixin.py:154} INFO - [2025-10-17T08:12:35.904+0000] {manager.py:499} INFO - Created Permission View: %s
[2025-10-17T08:12:35.926+0000] {logging_mixin.py:154} INFO - [2025-10-17T08:12:35.926+0000] {manager.py:499} INFO - Created Permission View: %s
[2025-10-17T08:12:35.940+0000] {logging_mixin.py:154} INFO - [2025-10-17T08:12:35.940+0000] {manager.py:499} INFO - Created Permission View: %s
[2025-10-17T08:12:35.940+0000] {logging_mixin.py:154} INFO - [2025-10-17T08:12:35.940+0000] {dag.py:2941} INFO - Sync 1 DAGs
[2025-10-17T08:12:35.953+0000] {logging_mixin.py:154} INFO - [2025-10-17T08:12:35.953+0000] {dag.py:2963} INFO - Creating ORM DAG for example_bash_operator
[2025-10-17T08:12:35.969+0000] {logging_mixin.py:154} INFO - [2025-10-17T08:12:35.967+0000] {dag.py:3722} INFO - Setting next_dagrun for example_bash_operator to 2025-10-16T00:00:00+00:00, run_after=2025-10-17T00:00:00+00:00
[2025-10-17T08:12:35.996+0000] {processor.py:179} INFO - Processing /home/airflow/.local/lib/python3.8/site-packages/airflow/example_dags/example_bash_operator.py took 0.248 seconds
[2025-10-17T08:13:06.048+0000] {processor.py:157} INFO - Started process (PID=140) to work on /home/airflow/.local/lib/python3.8/site-packages/airflow/example_dags/example_bash_operator.py
[2025-10-17T08:13:06.049+0000] {processor.py:829} INFO - Processing file /home/airflow/.local/lib/python3.8/site-packages/airflow/example_dags/example_bash_operator.py for tasks to queue
[2025-10-17T08:13:06.051+0000] {logging_mixin.py:154} INFO - [2025-10-17T08:13:06.050+0000] {dagbag.py:536} INFO - Filling up the DagBag from /home/airflow/.local/lib/python3.8/site-packages/airflow/example_dags/example_bash_operator.py
[2025-10-17T08:13:06.061+0000] {processor.py:839} INFO - DAG(s) dict_keys(['example_bash_operator']) retrieved from /home/airflow/.local/lib/python3.8/site-packages/airflow/example_dags/example_bash_operator.py
[2025-10-17T08:13:06.085+0000] {logging_mixin.py:154} INFO - [2025-10-17T08:13:06.085+0000] {dag.py:2941} INFO - Sync 1 DAGs
[2025-10-17T08:13:06.107+0000] {logging_mixin.py:154} INFO - [2025-10-17T08:13:06.107+0000] {dag.py:3722} INFO - Setting next_dagrun for example_bash_operator to 2025-10-16T00:00:00+00:00, run_after=2025-10-17T00:00:00+00:00
[2025-10-17T08:13:06.127+0000] {processor.py:179} INFO - Processing /home/airflow/.local/lib/python3.8/site-packages/airflow/example_dags/example_bash_operator.py took 0.082 seconds
[2025-10-17T08:13:36.590+0000] {processor.py:157} INFO - Started process (PID=196) to work on /home/airflow/.local/lib/python3.8/site-packages/airflow/example_dags/example_bash_operator.py
[2025-10-17T08:13:36.591+0000] {processor.py:829} INFO - Processing file /home/airflow/.local/lib/python3.8/site-packages/airflow/example_dags/example_bash_operator.py for tasks to queue
[2025-10-17T08:13:36.594+0000] {logging_mixin.py:154} INFO - [2025-10-17T08:13:36.594+0000] {dagbag.py:536} INFO - Filling up the DagBag from /home/airflow/.local/lib/python3.8/site-packages/airflow/example_dags/example_bash_operator.py
[2025-10-17T08:13:36.603+0000] {processor.py:839} INFO - DAG(s) dict_keys(['example_bash_operator']) retrieved from /home/airflow/.local/lib/python3.8/site-packages/airflow/example_dags/example_bash_operator.py
[2025-10-17T08:13:36.629+0000] {logging_mixin.py:154} INFO - [2025-10-17T08:13:36.629+0000] {dag.py:2941} INFO - Sync 1 DAGs
[2025-10-17T08:13:36.649+0000] {logging_mixin.py:154} INFO - [2025-10-17T08:13:36.649+0000] {dag.py:3722} INFO - Setting next_dagrun for example_bash_operator to 2025-10-16T00:00:00+00:00, run_after=2025-10-17T00:00:00+00:00
[2025-10-17T08:13:36.664+0000] {processor.py:179} INFO - Processing /home/airflow/.local/lib/python3.8/site-packages/airflow/example_dags/example_bash_operator.py took 0.077 seconds
