[2025-10-17T07:19:49.309+0000] {processor.py:157} INFO - Started process (PID=595) to work on /home/airflow/.local/lib/python3.8/site-packages/airflow/example_dags/example_trigger_target_dag.py
[2025-10-17T07:19:49.310+0000] {processor.py:829} INFO - Processing file /home/airflow/.local/lib/python3.8/site-packages/airflow/example_dags/example_trigger_target_dag.py for tasks to queue
[2025-10-17T07:19:49.314+0000] {logging_mixin.py:154} INFO - [2025-10-17T07:19:49.314+0000] {dagbag.py:536} INFO - Filling up the DagBag from /home/airflow/.local/lib/python3.8/site-packages/airflow/example_dags/example_trigger_target_dag.py
[2025-10-17T07:19:49.323+0000] {processor.py:839} INFO - DAG(s) dict_keys(['example_trigger_target_dag']) retrieved from /home/airflow/.local/lib/python3.8/site-packages/airflow/example_dags/example_trigger_target_dag.py
[2025-10-17T07:19:49.357+0000] {logging_mixin.py:154} INFO - [2025-10-17T07:19:49.357+0000] {dag.py:2941} INFO - Sync 1 DAGs
[2025-10-17T07:19:49.378+0000] {logging_mixin.py:154} INFO - [2025-10-17T07:19:49.378+0000] {dag.py:3722} INFO - Setting next_dagrun for example_trigger_target_dag to None, run_after=None
[2025-10-17T07:19:49.417+0000] {processor.py:179} INFO - Processing /home/airflow/.local/lib/python3.8/site-packages/airflow/example_dags/example_trigger_target_dag.py took 0.116 seconds
[2025-10-17T07:20:19.751+0000] {processor.py:157} INFO - Started process (PID=651) to work on /home/airflow/.local/lib/python3.8/site-packages/airflow/example_dags/example_trigger_target_dag.py
[2025-10-17T07:20:19.753+0000] {processor.py:829} INFO - Processing file /home/airflow/.local/lib/python3.8/site-packages/airflow/example_dags/example_trigger_target_dag.py for tasks to queue
[2025-10-17T07:20:19.755+0000] {logging_mixin.py:154} INFO - [2025-10-17T07:20:19.754+0000] {dagbag.py:536} INFO - Filling up the DagBag from /home/airflow/.local/lib/python3.8/site-packages/airflow/example_dags/example_trigger_target_dag.py
[2025-10-17T07:20:19.761+0000] {processor.py:839} INFO - DAG(s) dict_keys(['example_trigger_target_dag']) retrieved from /home/airflow/.local/lib/python3.8/site-packages/airflow/example_dags/example_trigger_target_dag.py
[2025-10-17T07:20:19.784+0000] {logging_mixin.py:154} INFO - [2025-10-17T07:20:19.783+0000] {dag.py:2941} INFO - Sync 1 DAGs
[2025-10-17T07:20:19.796+0000] {logging_mixin.py:154} INFO - [2025-10-17T07:20:19.796+0000] {dag.py:3722} INFO - Setting next_dagrun for example_trigger_target_dag to None, run_after=None
[2025-10-17T07:20:19.816+0000] {processor.py:179} INFO - Processing /home/airflow/.local/lib/python3.8/site-packages/airflow/example_dags/example_trigger_target_dag.py took 0.069 seconds
[2025-10-17T07:20:51.007+0000] {processor.py:157} INFO - Started process (PID=707) to work on /home/airflow/.local/lib/python3.8/site-packages/airflow/example_dags/example_trigger_target_dag.py
[2025-10-17T07:20:51.009+0000] {processor.py:829} INFO - Processing file /home/airflow/.local/lib/python3.8/site-packages/airflow/example_dags/example_trigger_target_dag.py for tasks to queue
[2025-10-17T07:20:51.013+0000] {logging_mixin.py:154} INFO - [2025-10-17T07:20:51.012+0000] {dagbag.py:536} INFO - Filling up the DagBag from /home/airflow/.local/lib/python3.8/site-packages/airflow/example_dags/example_trigger_target_dag.py
[2025-10-17T07:20:51.023+0000] {processor.py:839} INFO - DAG(s) dict_keys(['example_trigger_target_dag']) retrieved from /home/airflow/.local/lib/python3.8/site-packages/airflow/example_dags/example_trigger_target_dag.py
[2025-10-17T07:20:51.068+0000] {logging_mixin.py:154} INFO - [2025-10-17T07:20:51.067+0000] {dag.py:2941} INFO - Sync 1 DAGs
[2025-10-17T07:20:51.095+0000] {logging_mixin.py:154} INFO - [2025-10-17T07:20:51.094+0000] {dag.py:3722} INFO - Setting next_dagrun for example_trigger_target_dag to None, run_after=None
[2025-10-17T07:20:51.134+0000] {processor.py:179} INFO - Processing /home/airflow/.local/lib/python3.8/site-packages/airflow/example_dags/example_trigger_target_dag.py took 0.133 seconds
[2025-10-17T07:21:21.908+0000] {processor.py:157} INFO - Started process (PID=763) to work on /home/airflow/.local/lib/python3.8/site-packages/airflow/example_dags/example_trigger_target_dag.py
[2025-10-17T07:21:21.909+0000] {processor.py:829} INFO - Processing file /home/airflow/.local/lib/python3.8/site-packages/airflow/example_dags/example_trigger_target_dag.py for tasks to queue
[2025-10-17T07:21:21.912+0000] {logging_mixin.py:154} INFO - [2025-10-17T07:21:21.911+0000] {dagbag.py:536} INFO - Filling up the DagBag from /home/airflow/.local/lib/python3.8/site-packages/airflow/example_dags/example_trigger_target_dag.py
[2025-10-17T07:21:21.918+0000] {processor.py:839} INFO - DAG(s) dict_keys(['example_trigger_target_dag']) retrieved from /home/airflow/.local/lib/python3.8/site-packages/airflow/example_dags/example_trigger_target_dag.py
[2025-10-17T07:21:21.941+0000] {logging_mixin.py:154} INFO - [2025-10-17T07:21:21.941+0000] {dag.py:2941} INFO - Sync 1 DAGs
[2025-10-17T07:21:21.952+0000] {logging_mixin.py:154} INFO - [2025-10-17T07:21:21.952+0000] {dag.py:3722} INFO - Setting next_dagrun for example_trigger_target_dag to None, run_after=None
[2025-10-17T07:21:21.977+0000] {processor.py:179} INFO - Processing /home/airflow/.local/lib/python3.8/site-packages/airflow/example_dags/example_trigger_target_dag.py took 0.072 seconds
[2025-10-17T07:21:52.690+0000] {processor.py:157} INFO - Started process (PID=819) to work on /home/airflow/.local/lib/python3.8/site-packages/airflow/example_dags/example_trigger_target_dag.py
[2025-10-17T07:21:52.694+0000] {processor.py:829} INFO - Processing file /home/airflow/.local/lib/python3.8/site-packages/airflow/example_dags/example_trigger_target_dag.py for tasks to queue
[2025-10-17T07:21:52.697+0000] {logging_mixin.py:154} INFO - [2025-10-17T07:21:52.696+0000] {dagbag.py:536} INFO - Filling up the DagBag from /home/airflow/.local/lib/python3.8/site-packages/airflow/example_dags/example_trigger_target_dag.py
[2025-10-17T07:21:52.703+0000] {processor.py:839} INFO - DAG(s) dict_keys(['example_trigger_target_dag']) retrieved from /home/airflow/.local/lib/python3.8/site-packages/airflow/example_dags/example_trigger_target_dag.py
[2025-10-17T07:21:52.725+0000] {logging_mixin.py:154} INFO - [2025-10-17T07:21:52.725+0000] {dag.py:2941} INFO - Sync 1 DAGs
[2025-10-17T07:21:52.738+0000] {logging_mixin.py:154} INFO - [2025-10-17T07:21:52.738+0000] {dag.py:3722} INFO - Setting next_dagrun for example_trigger_target_dag to None, run_after=None
[2025-10-17T07:21:52.764+0000] {processor.py:179} INFO - Processing /home/airflow/.local/lib/python3.8/site-packages/airflow/example_dags/example_trigger_target_dag.py took 0.078 seconds
[2025-10-17T07:22:23.392+0000] {processor.py:157} INFO - Started process (PID=875) to work on /home/airflow/.local/lib/python3.8/site-packages/airflow/example_dags/example_trigger_target_dag.py
[2025-10-17T07:22:23.393+0000] {processor.py:829} INFO - Processing file /home/airflow/.local/lib/python3.8/site-packages/airflow/example_dags/example_trigger_target_dag.py for tasks to queue
[2025-10-17T07:22:23.396+0000] {logging_mixin.py:154} INFO - [2025-10-17T07:22:23.395+0000] {dagbag.py:536} INFO - Filling up the DagBag from /home/airflow/.local/lib/python3.8/site-packages/airflow/example_dags/example_trigger_target_dag.py
[2025-10-17T07:22:23.401+0000] {processor.py:839} INFO - DAG(s) dict_keys(['example_trigger_target_dag']) retrieved from /home/airflow/.local/lib/python3.8/site-packages/airflow/example_dags/example_trigger_target_dag.py
[2025-10-17T07:22:23.419+0000] {logging_mixin.py:154} INFO - [2025-10-17T07:22:23.418+0000] {dag.py:2941} INFO - Sync 1 DAGs
[2025-10-17T07:22:23.429+0000] {logging_mixin.py:154} INFO - [2025-10-17T07:22:23.429+0000] {dag.py:3722} INFO - Setting next_dagrun for example_trigger_target_dag to None, run_after=None
[2025-10-17T07:22:23.448+0000] {processor.py:179} INFO - Processing /home/airflow/.local/lib/python3.8/site-packages/airflow/example_dags/example_trigger_target_dag.py took 0.059 seconds
[2025-10-17T07:22:54.103+0000] {processor.py:157} INFO - Started process (PID=931) to work on /home/airflow/.local/lib/python3.8/site-packages/airflow/example_dags/example_trigger_target_dag.py
[2025-10-17T07:22:54.104+0000] {processor.py:829} INFO - Processing file /home/airflow/.local/lib/python3.8/site-packages/airflow/example_dags/example_trigger_target_dag.py for tasks to queue
[2025-10-17T07:22:54.106+0000] {logging_mixin.py:154} INFO - [2025-10-17T07:22:54.106+0000] {dagbag.py:536} INFO - Filling up the DagBag from /home/airflow/.local/lib/python3.8/site-packages/airflow/example_dags/example_trigger_target_dag.py
[2025-10-17T07:22:54.112+0000] {processor.py:839} INFO - DAG(s) dict_keys(['example_trigger_target_dag']) retrieved from /home/airflow/.local/lib/python3.8/site-packages/airflow/example_dags/example_trigger_target_dag.py
[2025-10-17T07:22:54.130+0000] {logging_mixin.py:154} INFO - [2025-10-17T07:22:54.130+0000] {dag.py:2941} INFO - Sync 1 DAGs
[2025-10-17T07:22:54.140+0000] {logging_mixin.py:154} INFO - [2025-10-17T07:22:54.140+0000] {dag.py:3722} INFO - Setting next_dagrun for example_trigger_target_dag to None, run_after=None
[2025-10-17T07:22:54.157+0000] {processor.py:179} INFO - Processing /home/airflow/.local/lib/python3.8/site-packages/airflow/example_dags/example_trigger_target_dag.py took 0.057 seconds
[2025-10-17T07:23:24.616+0000] {processor.py:157} INFO - Started process (PID=994) to work on /home/airflow/.local/lib/python3.8/site-packages/airflow/example_dags/example_trigger_target_dag.py
[2025-10-17T07:23:24.617+0000] {processor.py:829} INFO - Processing file /home/airflow/.local/lib/python3.8/site-packages/airflow/example_dags/example_trigger_target_dag.py for tasks to queue
[2025-10-17T07:23:24.619+0000] {logging_mixin.py:154} INFO - [2025-10-17T07:23:24.619+0000] {dagbag.py:536} INFO - Filling up the DagBag from /home/airflow/.local/lib/python3.8/site-packages/airflow/example_dags/example_trigger_target_dag.py
[2025-10-17T07:23:24.625+0000] {processor.py:839} INFO - DAG(s) dict_keys(['example_trigger_target_dag']) retrieved from /home/airflow/.local/lib/python3.8/site-packages/airflow/example_dags/example_trigger_target_dag.py
[2025-10-17T07:23:24.644+0000] {logging_mixin.py:154} INFO - [2025-10-17T07:23:24.644+0000] {dag.py:2941} INFO - Sync 1 DAGs
[2025-10-17T07:23:24.655+0000] {logging_mixin.py:154} INFO - [2025-10-17T07:23:24.655+0000] {dag.py:3722} INFO - Setting next_dagrun for example_trigger_target_dag to None, run_after=None
[2025-10-17T07:23:24.672+0000] {processor.py:179} INFO - Processing /home/airflow/.local/lib/python3.8/site-packages/airflow/example_dags/example_trigger_target_dag.py took 0.060 seconds
[2025-10-17T07:23:54.983+0000] {processor.py:157} INFO - Started process (PID=1050) to work on /home/airflow/.local/lib/python3.8/site-packages/airflow/example_dags/example_trigger_target_dag.py
[2025-10-17T07:23:54.984+0000] {processor.py:829} INFO - Processing file /home/airflow/.local/lib/python3.8/site-packages/airflow/example_dags/example_trigger_target_dag.py for tasks to queue
[2025-10-17T07:23:54.986+0000] {logging_mixin.py:154} INFO - [2025-10-17T07:23:54.986+0000] {dagbag.py:536} INFO - Filling up the DagBag from /home/airflow/.local/lib/python3.8/site-packages/airflow/example_dags/example_trigger_target_dag.py
[2025-10-17T07:23:54.992+0000] {processor.py:839} INFO - DAG(s) dict_keys(['example_trigger_target_dag']) retrieved from /home/airflow/.local/lib/python3.8/site-packages/airflow/example_dags/example_trigger_target_dag.py
[2025-10-17T07:23:55.014+0000] {logging_mixin.py:154} INFO - [2025-10-17T07:23:55.013+0000] {dag.py:2941} INFO - Sync 1 DAGs
[2025-10-17T07:23:55.025+0000] {logging_mixin.py:154} INFO - [2025-10-17T07:23:55.025+0000] {dag.py:3722} INFO - Setting next_dagrun for example_trigger_target_dag to None, run_after=None
[2025-10-17T07:23:55.045+0000] {processor.py:179} INFO - Processing /home/airflow/.local/lib/python3.8/site-packages/airflow/example_dags/example_trigger_target_dag.py took 0.066 seconds
[2025-10-17T07:24:25.693+0000] {processor.py:157} INFO - Started process (PID=1106) to work on /home/airflow/.local/lib/python3.8/site-packages/airflow/example_dags/example_trigger_target_dag.py
[2025-10-17T07:24:25.694+0000] {processor.py:829} INFO - Processing file /home/airflow/.local/lib/python3.8/site-packages/airflow/example_dags/example_trigger_target_dag.py for tasks to queue
[2025-10-17T07:24:25.696+0000] {logging_mixin.py:154} INFO - [2025-10-17T07:24:25.696+0000] {dagbag.py:536} INFO - Filling up the DagBag from /home/airflow/.local/lib/python3.8/site-packages/airflow/example_dags/example_trigger_target_dag.py
[2025-10-17T07:24:25.701+0000] {processor.py:839} INFO - DAG(s) dict_keys(['example_trigger_target_dag']) retrieved from /home/airflow/.local/lib/python3.8/site-packages/airflow/example_dags/example_trigger_target_dag.py
[2025-10-17T07:24:25.719+0000] {logging_mixin.py:154} INFO - [2025-10-17T07:24:25.719+0000] {dag.py:2941} INFO - Sync 1 DAGs
[2025-10-17T07:24:25.729+0000] {logging_mixin.py:154} INFO - [2025-10-17T07:24:25.729+0000] {dag.py:3722} INFO - Setting next_dagrun for example_trigger_target_dag to None, run_after=None
[2025-10-17T07:24:25.746+0000] {processor.py:179} INFO - Processing /home/airflow/.local/lib/python3.8/site-packages/airflow/example_dags/example_trigger_target_dag.py took 0.056 seconds
[2025-10-17T07:24:56.559+0000] {processor.py:157} INFO - Started process (PID=1168) to work on /home/airflow/.local/lib/python3.8/site-packages/airflow/example_dags/example_trigger_target_dag.py
[2025-10-17T07:24:56.561+0000] {processor.py:829} INFO - Processing file /home/airflow/.local/lib/python3.8/site-packages/airflow/example_dags/example_trigger_target_dag.py for tasks to queue
[2025-10-17T07:24:56.564+0000] {logging_mixin.py:154} INFO - [2025-10-17T07:24:56.564+0000] {dagbag.py:536} INFO - Filling up the DagBag from /home/airflow/.local/lib/python3.8/site-packages/airflow/example_dags/example_trigger_target_dag.py
[2025-10-17T07:24:56.571+0000] {processor.py:839} INFO - DAG(s) dict_keys(['example_trigger_target_dag']) retrieved from /home/airflow/.local/lib/python3.8/site-packages/airflow/example_dags/example_trigger_target_dag.py
[2025-10-17T07:24:56.592+0000] {logging_mixin.py:154} INFO - [2025-10-17T07:24:56.592+0000] {dag.py:2941} INFO - Sync 1 DAGs
[2025-10-17T07:24:56.604+0000] {logging_mixin.py:154} INFO - [2025-10-17T07:24:56.604+0000] {dag.py:3722} INFO - Setting next_dagrun for example_trigger_target_dag to None, run_after=None
[2025-10-17T07:24:56.763+0000] {processor.py:179} INFO - Processing /home/airflow/.local/lib/python3.8/site-packages/airflow/example_dags/example_trigger_target_dag.py took 0.207 seconds
[2025-10-17T07:25:26.843+0000] {processor.py:157} INFO - Started process (PID=1224) to work on /home/airflow/.local/lib/python3.8/site-packages/airflow/example_dags/example_trigger_target_dag.py
[2025-10-17T07:25:26.844+0000] {processor.py:829} INFO - Processing file /home/airflow/.local/lib/python3.8/site-packages/airflow/example_dags/example_trigger_target_dag.py for tasks to queue
[2025-10-17T07:25:26.846+0000] {logging_mixin.py:154} INFO - [2025-10-17T07:25:26.846+0000] {dagbag.py:536} INFO - Filling up the DagBag from /home/airflow/.local/lib/python3.8/site-packages/airflow/example_dags/example_trigger_target_dag.py
[2025-10-17T07:25:26.852+0000] {processor.py:839} INFO - DAG(s) dict_keys(['example_trigger_target_dag']) retrieved from /home/airflow/.local/lib/python3.8/site-packages/airflow/example_dags/example_trigger_target_dag.py
[2025-10-17T07:25:26.873+0000] {logging_mixin.py:154} INFO - [2025-10-17T07:25:26.873+0000] {dag.py:2941} INFO - Sync 1 DAGs
[2025-10-17T07:25:26.884+0000] {logging_mixin.py:154} INFO - [2025-10-17T07:25:26.884+0000] {dag.py:3722} INFO - Setting next_dagrun for example_trigger_target_dag to None, run_after=None
[2025-10-17T07:25:26.902+0000] {processor.py:179} INFO - Processing /home/airflow/.local/lib/python3.8/site-packages/airflow/example_dags/example_trigger_target_dag.py took 0.063 seconds
[2025-10-17T07:25:57.637+0000] {processor.py:157} INFO - Started process (PID=1280) to work on /home/airflow/.local/lib/python3.8/site-packages/airflow/example_dags/example_trigger_target_dag.py
[2025-10-17T07:25:57.638+0000] {processor.py:829} INFO - Processing file /home/airflow/.local/lib/python3.8/site-packages/airflow/example_dags/example_trigger_target_dag.py for tasks to queue
[2025-10-17T07:25:57.640+0000] {logging_mixin.py:154} INFO - [2025-10-17T07:25:57.640+0000] {dagbag.py:536} INFO - Filling up the DagBag from /home/airflow/.local/lib/python3.8/site-packages/airflow/example_dags/example_trigger_target_dag.py
[2025-10-17T07:25:57.646+0000] {processor.py:839} INFO - DAG(s) dict_keys(['example_trigger_target_dag']) retrieved from /home/airflow/.local/lib/python3.8/site-packages/airflow/example_dags/example_trigger_target_dag.py
[2025-10-17T07:25:57.664+0000] {logging_mixin.py:154} INFO - [2025-10-17T07:25:57.664+0000] {dag.py:2941} INFO - Sync 1 DAGs
[2025-10-17T07:25:57.674+0000] {logging_mixin.py:154} INFO - [2025-10-17T07:25:57.674+0000] {dag.py:3722} INFO - Setting next_dagrun for example_trigger_target_dag to None, run_after=None
[2025-10-17T07:25:57.690+0000] {processor.py:179} INFO - Processing /home/airflow/.local/lib/python3.8/site-packages/airflow/example_dags/example_trigger_target_dag.py took 0.057 seconds
[2025-10-17T07:26:28.194+0000] {processor.py:157} INFO - Started process (PID=1338) to work on /home/airflow/.local/lib/python3.8/site-packages/airflow/example_dags/example_trigger_target_dag.py
[2025-10-17T07:26:28.196+0000] {processor.py:829} INFO - Processing file /home/airflow/.local/lib/python3.8/site-packages/airflow/example_dags/example_trigger_target_dag.py for tasks to queue
[2025-10-17T07:26:28.198+0000] {logging_mixin.py:154} INFO - [2025-10-17T07:26:28.197+0000] {dagbag.py:536} INFO - Filling up the DagBag from /home/airflow/.local/lib/python3.8/site-packages/airflow/example_dags/example_trigger_target_dag.py
[2025-10-17T07:26:28.203+0000] {processor.py:839} INFO - DAG(s) dict_keys(['example_trigger_target_dag']) retrieved from /home/airflow/.local/lib/python3.8/site-packages/airflow/example_dags/example_trigger_target_dag.py
[2025-10-17T07:26:28.222+0000] {logging_mixin.py:154} INFO - [2025-10-17T07:26:28.222+0000] {dag.py:2941} INFO - Sync 1 DAGs
[2025-10-17T07:26:28.232+0000] {logging_mixin.py:154} INFO - [2025-10-17T07:26:28.231+0000] {dag.py:3722} INFO - Setting next_dagrun for example_trigger_target_dag to None, run_after=None
[2025-10-17T07:26:28.248+0000] {processor.py:179} INFO - Processing /home/airflow/.local/lib/python3.8/site-packages/airflow/example_dags/example_trigger_target_dag.py took 0.057 seconds
[2025-10-17T07:26:58.455+0000] {processor.py:157} INFO - Started process (PID=1393) to work on /home/airflow/.local/lib/python3.8/site-packages/airflow/example_dags/example_trigger_target_dag.py
[2025-10-17T07:26:58.456+0000] {processor.py:829} INFO - Processing file /home/airflow/.local/lib/python3.8/site-packages/airflow/example_dags/example_trigger_target_dag.py for tasks to queue
[2025-10-17T07:26:58.458+0000] {logging_mixin.py:154} INFO - [2025-10-17T07:26:58.458+0000] {dagbag.py:536} INFO - Filling up the DagBag from /home/airflow/.local/lib/python3.8/site-packages/airflow/example_dags/example_trigger_target_dag.py
[2025-10-17T07:26:58.463+0000] {processor.py:839} INFO - DAG(s) dict_keys(['example_trigger_target_dag']) retrieved from /home/airflow/.local/lib/python3.8/site-packages/airflow/example_dags/example_trigger_target_dag.py
[2025-10-17T07:26:58.482+0000] {logging_mixin.py:154} INFO - [2025-10-17T07:26:58.482+0000] {dag.py:2941} INFO - Sync 1 DAGs
[2025-10-17T07:26:58.494+0000] {logging_mixin.py:154} INFO - [2025-10-17T07:26:58.494+0000] {dag.py:3722} INFO - Setting next_dagrun for example_trigger_target_dag to None, run_after=None
[2025-10-17T07:26:58.511+0000] {processor.py:179} INFO - Processing /home/airflow/.local/lib/python3.8/site-packages/airflow/example_dags/example_trigger_target_dag.py took 0.060 seconds
[2025-10-17T07:27:28.695+0000] {processor.py:157} INFO - Started process (PID=1448) to work on /home/airflow/.local/lib/python3.8/site-packages/airflow/example_dags/example_trigger_target_dag.py
[2025-10-17T07:27:28.696+0000] {processor.py:829} INFO - Processing file /home/airflow/.local/lib/python3.8/site-packages/airflow/example_dags/example_trigger_target_dag.py for tasks to queue
[2025-10-17T07:27:28.698+0000] {logging_mixin.py:154} INFO - [2025-10-17T07:27:28.698+0000] {dagbag.py:536} INFO - Filling up the DagBag from /home/airflow/.local/lib/python3.8/site-packages/airflow/example_dags/example_trigger_target_dag.py
[2025-10-17T07:27:28.703+0000] {processor.py:839} INFO - DAG(s) dict_keys(['example_trigger_target_dag']) retrieved from /home/airflow/.local/lib/python3.8/site-packages/airflow/example_dags/example_trigger_target_dag.py
[2025-10-17T07:27:28.722+0000] {logging_mixin.py:154} INFO - [2025-10-17T07:27:28.722+0000] {dag.py:2941} INFO - Sync 1 DAGs
[2025-10-17T07:27:28.732+0000] {logging_mixin.py:154} INFO - [2025-10-17T07:27:28.732+0000] {dag.py:3722} INFO - Setting next_dagrun for example_trigger_target_dag to None, run_after=None
[2025-10-17T07:27:28.749+0000] {processor.py:179} INFO - Processing /home/airflow/.local/lib/python3.8/site-packages/airflow/example_dags/example_trigger_target_dag.py took 0.058 seconds
[2025-10-17T07:27:58.870+0000] {processor.py:157} INFO - Started process (PID=1503) to work on /home/airflow/.local/lib/python3.8/site-packages/airflow/example_dags/example_trigger_target_dag.py
[2025-10-17T07:27:58.872+0000] {processor.py:829} INFO - Processing file /home/airflow/.local/lib/python3.8/site-packages/airflow/example_dags/example_trigger_target_dag.py for tasks to queue
[2025-10-17T07:27:58.873+0000] {logging_mixin.py:154} INFO - [2025-10-17T07:27:58.872+0000] {dagbag.py:536} INFO - Filling up the DagBag from /home/airflow/.local/lib/python3.8/site-packages/airflow/example_dags/example_trigger_target_dag.py
[2025-10-17T07:27:58.879+0000] {processor.py:839} INFO - DAG(s) dict_keys(['example_trigger_target_dag']) retrieved from /home/airflow/.local/lib/python3.8/site-packages/airflow/example_dags/example_trigger_target_dag.py
[2025-10-17T07:27:58.900+0000] {logging_mixin.py:154} INFO - [2025-10-17T07:27:58.900+0000] {dag.py:2941} INFO - Sync 1 DAGs
[2025-10-17T07:27:58.911+0000] {logging_mixin.py:154} INFO - [2025-10-17T07:27:58.910+0000] {dag.py:3722} INFO - Setting next_dagrun for example_trigger_target_dag to None, run_after=None
[2025-10-17T07:27:58.928+0000] {processor.py:179} INFO - Processing /home/airflow/.local/lib/python3.8/site-packages/airflow/example_dags/example_trigger_target_dag.py took 0.063 seconds
[2025-10-17T07:28:29.147+0000] {processor.py:157} INFO - Started process (PID=1561) to work on /home/airflow/.local/lib/python3.8/site-packages/airflow/example_dags/example_trigger_target_dag.py
[2025-10-17T07:28:29.149+0000] {processor.py:829} INFO - Processing file /home/airflow/.local/lib/python3.8/site-packages/airflow/example_dags/example_trigger_target_dag.py for tasks to queue
[2025-10-17T07:28:29.149+0000] {logging_mixin.py:154} INFO - [2025-10-17T07:28:29.149+0000] {dagbag.py:536} INFO - Filling up the DagBag from /home/airflow/.local/lib/python3.8/site-packages/airflow/example_dags/example_trigger_target_dag.py
[2025-10-17T07:28:29.155+0000] {processor.py:839} INFO - DAG(s) dict_keys(['example_trigger_target_dag']) retrieved from /home/airflow/.local/lib/python3.8/site-packages/airflow/example_dags/example_trigger_target_dag.py
[2025-10-17T07:28:29.175+0000] {logging_mixin.py:154} INFO - [2025-10-17T07:28:29.175+0000] {dag.py:2941} INFO - Sync 1 DAGs
[2025-10-17T07:28:29.186+0000] {logging_mixin.py:154} INFO - [2025-10-17T07:28:29.185+0000] {dag.py:3722} INFO - Setting next_dagrun for example_trigger_target_dag to None, run_after=None
[2025-10-17T07:28:29.203+0000] {processor.py:179} INFO - Processing /home/airflow/.local/lib/python3.8/site-packages/airflow/example_dags/example_trigger_target_dag.py took 0.059 seconds
[2025-10-17T07:28:59.712+0000] {processor.py:157} INFO - Started process (PID=1617) to work on /home/airflow/.local/lib/python3.8/site-packages/airflow/example_dags/example_trigger_target_dag.py
[2025-10-17T07:28:59.715+0000] {processor.py:829} INFO - Processing file /home/airflow/.local/lib/python3.8/site-packages/airflow/example_dags/example_trigger_target_dag.py for tasks to queue
[2025-10-17T07:28:59.717+0000] {logging_mixin.py:154} INFO - [2025-10-17T07:28:59.716+0000] {dagbag.py:536} INFO - Filling up the DagBag from /home/airflow/.local/lib/python3.8/site-packages/airflow/example_dags/example_trigger_target_dag.py
[2025-10-17T07:28:59.732+0000] {processor.py:839} INFO - DAG(s) dict_keys(['example_trigger_target_dag']) retrieved from /home/airflow/.local/lib/python3.8/site-packages/airflow/example_dags/example_trigger_target_dag.py
[2025-10-17T07:28:59.782+0000] {logging_mixin.py:154} INFO - [2025-10-17T07:28:59.781+0000] {dag.py:2941} INFO - Sync 1 DAGs
[2025-10-17T07:28:59.797+0000] {logging_mixin.py:154} INFO - [2025-10-17T07:28:59.797+0000] {dag.py:3722} INFO - Setting next_dagrun for example_trigger_target_dag to None, run_after=None
[2025-10-17T07:28:59.825+0000] {processor.py:179} INFO - Processing /home/airflow/.local/lib/python3.8/site-packages/airflow/example_dags/example_trigger_target_dag.py took 0.121 seconds
[2025-10-17T07:30:25.562+0000] {processor.py:157} INFO - Started process (PID=101) to work on /home/airflow/.local/lib/python3.8/site-packages/airflow/example_dags/example_trigger_target_dag.py
[2025-10-17T07:30:25.565+0000] {processor.py:829} INFO - Processing file /home/airflow/.local/lib/python3.8/site-packages/airflow/example_dags/example_trigger_target_dag.py for tasks to queue
[2025-10-17T07:30:25.570+0000] {logging_mixin.py:154} INFO - [2025-10-17T07:30:25.570+0000] {dagbag.py:536} INFO - Filling up the DagBag from /home/airflow/.local/lib/python3.8/site-packages/airflow/example_dags/example_trigger_target_dag.py
[2025-10-17T07:30:25.582+0000] {processor.py:839} INFO - DAG(s) dict_keys(['example_trigger_target_dag']) retrieved from /home/airflow/.local/lib/python3.8/site-packages/airflow/example_dags/example_trigger_target_dag.py
[2025-10-17T07:30:25.800+0000] {logging_mixin.py:154} INFO - [2025-10-17T07:30:25.800+0000] {manager.py:499} INFO - Created Permission View: %s
[2025-10-17T07:30:25.826+0000] {logging_mixin.py:154} INFO - [2025-10-17T07:30:25.826+0000] {manager.py:499} INFO - Created Permission View: %s
[2025-10-17T07:30:25.845+0000] {logging_mixin.py:154} INFO - [2025-10-17T07:30:25.844+0000] {manager.py:499} INFO - Created Permission View: %s
[2025-10-17T07:30:25.846+0000] {logging_mixin.py:154} INFO - [2025-10-17T07:30:25.845+0000] {dag.py:2941} INFO - Sync 1 DAGs
[2025-10-17T07:30:25.873+0000] {logging_mixin.py:154} INFO - [2025-10-17T07:30:25.872+0000] {dag.py:2963} INFO - Creating ORM DAG for example_trigger_target_dag
[2025-10-17T07:30:25.875+0000] {logging_mixin.py:154} INFO - [2025-10-17T07:30:25.875+0000] {dag.py:3722} INFO - Setting next_dagrun for example_trigger_target_dag to None, run_after=None
[2025-10-17T07:30:25.909+0000] {processor.py:179} INFO - Processing /home/airflow/.local/lib/python3.8/site-packages/airflow/example_dags/example_trigger_target_dag.py took 0.354 seconds
[2025-10-17T07:30:56.699+0000] {processor.py:157} INFO - Started process (PID=157) to work on /home/airflow/.local/lib/python3.8/site-packages/airflow/example_dags/example_trigger_target_dag.py
[2025-10-17T07:30:56.702+0000] {processor.py:829} INFO - Processing file /home/airflow/.local/lib/python3.8/site-packages/airflow/example_dags/example_trigger_target_dag.py for tasks to queue
[2025-10-17T07:30:56.706+0000] {logging_mixin.py:154} INFO - [2025-10-17T07:30:56.705+0000] {dagbag.py:536} INFO - Filling up the DagBag from /home/airflow/.local/lib/python3.8/site-packages/airflow/example_dags/example_trigger_target_dag.py
[2025-10-17T07:30:56.716+0000] {processor.py:839} INFO - DAG(s) dict_keys(['example_trigger_target_dag']) retrieved from /home/airflow/.local/lib/python3.8/site-packages/airflow/example_dags/example_trigger_target_dag.py
[2025-10-17T07:30:56.756+0000] {logging_mixin.py:154} INFO - [2025-10-17T07:30:56.755+0000] {dag.py:2941} INFO - Sync 1 DAGs
[2025-10-17T07:30:56.781+0000] {logging_mixin.py:154} INFO - [2025-10-17T07:30:56.780+0000] {dag.py:3722} INFO - Setting next_dagrun for example_trigger_target_dag to None, run_after=None
[2025-10-17T07:30:56.817+0000] {processor.py:179} INFO - Processing /home/airflow/.local/lib/python3.8/site-packages/airflow/example_dags/example_trigger_target_dag.py took 0.123 seconds
[2025-10-17T07:31:27.216+0000] {processor.py:157} INFO - Started process (PID=213) to work on /home/airflow/.local/lib/python3.8/site-packages/airflow/example_dags/example_trigger_target_dag.py
[2025-10-17T07:31:27.217+0000] {processor.py:829} INFO - Processing file /home/airflow/.local/lib/python3.8/site-packages/airflow/example_dags/example_trigger_target_dag.py for tasks to queue
[2025-10-17T07:31:27.219+0000] {logging_mixin.py:154} INFO - [2025-10-17T07:31:27.219+0000] {dagbag.py:536} INFO - Filling up the DagBag from /home/airflow/.local/lib/python3.8/site-packages/airflow/example_dags/example_trigger_target_dag.py
[2025-10-17T07:31:27.224+0000] {processor.py:839} INFO - DAG(s) dict_keys(['example_trigger_target_dag']) retrieved from /home/airflow/.local/lib/python3.8/site-packages/airflow/example_dags/example_trigger_target_dag.py
[2025-10-17T07:31:27.241+0000] {logging_mixin.py:154} INFO - [2025-10-17T07:31:27.241+0000] {dag.py:2941} INFO - Sync 1 DAGs
[2025-10-17T07:31:27.251+0000] {logging_mixin.py:154} INFO - [2025-10-17T07:31:27.251+0000] {dag.py:3722} INFO - Setting next_dagrun for example_trigger_target_dag to None, run_after=None
[2025-10-17T07:31:27.267+0000] {processor.py:179} INFO - Processing /home/airflow/.local/lib/python3.8/site-packages/airflow/example_dags/example_trigger_target_dag.py took 0.054 seconds
[2025-10-17T07:31:57.548+0000] {processor.py:157} INFO - Started process (PID=269) to work on /home/airflow/.local/lib/python3.8/site-packages/airflow/example_dags/example_trigger_target_dag.py
[2025-10-17T07:31:57.550+0000] {processor.py:829} INFO - Processing file /home/airflow/.local/lib/python3.8/site-packages/airflow/example_dags/example_trigger_target_dag.py for tasks to queue
[2025-10-17T07:31:57.552+0000] {logging_mixin.py:154} INFO - [2025-10-17T07:31:57.552+0000] {dagbag.py:536} INFO - Filling up the DagBag from /home/airflow/.local/lib/python3.8/site-packages/airflow/example_dags/example_trigger_target_dag.py
[2025-10-17T07:31:57.558+0000] {processor.py:839} INFO - DAG(s) dict_keys(['example_trigger_target_dag']) retrieved from /home/airflow/.local/lib/python3.8/site-packages/airflow/example_dags/example_trigger_target_dag.py
[2025-10-17T07:31:57.579+0000] {logging_mixin.py:154} INFO - [2025-10-17T07:31:57.578+0000] {dag.py:2941} INFO - Sync 1 DAGs
[2025-10-17T07:31:57.590+0000] {logging_mixin.py:154} INFO - [2025-10-17T07:31:57.590+0000] {dag.py:3722} INFO - Setting next_dagrun for example_trigger_target_dag to None, run_after=None
[2025-10-17T07:31:57.610+0000] {processor.py:179} INFO - Processing /home/airflow/.local/lib/python3.8/site-packages/airflow/example_dags/example_trigger_target_dag.py took 0.066 seconds
[2025-10-17T07:32:27.893+0000] {processor.py:157} INFO - Started process (PID=329) to work on /home/airflow/.local/lib/python3.8/site-packages/airflow/example_dags/example_trigger_target_dag.py
[2025-10-17T07:32:27.894+0000] {processor.py:829} INFO - Processing file /home/airflow/.local/lib/python3.8/site-packages/airflow/example_dags/example_trigger_target_dag.py for tasks to queue
[2025-10-17T07:32:27.897+0000] {logging_mixin.py:154} INFO - [2025-10-17T07:32:27.896+0000] {dagbag.py:536} INFO - Filling up the DagBag from /home/airflow/.local/lib/python3.8/site-packages/airflow/example_dags/example_trigger_target_dag.py
[2025-10-17T07:32:27.903+0000] {processor.py:839} INFO - DAG(s) dict_keys(['example_trigger_target_dag']) retrieved from /home/airflow/.local/lib/python3.8/site-packages/airflow/example_dags/example_trigger_target_dag.py
[2025-10-17T07:32:27.923+0000] {logging_mixin.py:154} INFO - [2025-10-17T07:32:27.923+0000] {dag.py:2941} INFO - Sync 1 DAGs
[2025-10-17T07:32:27.935+0000] {logging_mixin.py:154} INFO - [2025-10-17T07:32:27.935+0000] {dag.py:3722} INFO - Setting next_dagrun for example_trigger_target_dag to None, run_after=None
[2025-10-17T07:32:27.951+0000] {processor.py:179} INFO - Processing /home/airflow/.local/lib/python3.8/site-packages/airflow/example_dags/example_trigger_target_dag.py took 0.062 seconds
[2025-10-17T07:35:46.168+0000] {processor.py:157} INFO - Started process (PID=97) to work on /home/airflow/.local/lib/python3.8/site-packages/airflow/example_dags/example_trigger_target_dag.py
[2025-10-17T07:35:46.170+0000] {processor.py:829} INFO - Processing file /home/airflow/.local/lib/python3.8/site-packages/airflow/example_dags/example_trigger_target_dag.py for tasks to queue
[2025-10-17T07:35:46.172+0000] {logging_mixin.py:154} INFO - [2025-10-17T07:35:46.171+0000] {dagbag.py:536} INFO - Filling up the DagBag from /home/airflow/.local/lib/python3.8/site-packages/airflow/example_dags/example_trigger_target_dag.py
[2025-10-17T07:35:46.178+0000] {processor.py:839} INFO - DAG(s) dict_keys(['example_trigger_target_dag']) retrieved from /home/airflow/.local/lib/python3.8/site-packages/airflow/example_dags/example_trigger_target_dag.py
[2025-10-17T07:35:46.283+0000] {logging_mixin.py:154} INFO - [2025-10-17T07:35:46.283+0000] {manager.py:499} INFO - Created Permission View: %s
[2025-10-17T07:35:46.293+0000] {logging_mixin.py:154} INFO - [2025-10-17T07:35:46.293+0000] {manager.py:499} INFO - Created Permission View: %s
[2025-10-17T07:35:46.300+0000] {logging_mixin.py:154} INFO - [2025-10-17T07:35:46.299+0000] {manager.py:499} INFO - Created Permission View: %s
[2025-10-17T07:35:46.300+0000] {logging_mixin.py:154} INFO - [2025-10-17T07:35:46.300+0000] {dag.py:2941} INFO - Sync 1 DAGs
[2025-10-17T07:35:46.311+0000] {logging_mixin.py:154} INFO - [2025-10-17T07:35:46.310+0000] {dag.py:2963} INFO - Creating ORM DAG for example_trigger_target_dag
[2025-10-17T07:35:46.311+0000] {logging_mixin.py:154} INFO - [2025-10-17T07:35:46.311+0000] {dag.py:3722} INFO - Setting next_dagrun for example_trigger_target_dag to None, run_after=None
[2025-10-17T07:35:46.329+0000] {processor.py:179} INFO - Processing /home/airflow/.local/lib/python3.8/site-packages/airflow/example_dags/example_trigger_target_dag.py took 0.164 seconds
[2025-10-17T07:36:16.979+0000] {processor.py:157} INFO - Started process (PID=153) to work on /home/airflow/.local/lib/python3.8/site-packages/airflow/example_dags/example_trigger_target_dag.py
[2025-10-17T07:36:16.980+0000] {processor.py:829} INFO - Processing file /home/airflow/.local/lib/python3.8/site-packages/airflow/example_dags/example_trigger_target_dag.py for tasks to queue
[2025-10-17T07:36:16.982+0000] {logging_mixin.py:154} INFO - [2025-10-17T07:36:16.982+0000] {dagbag.py:536} INFO - Filling up the DagBag from /home/airflow/.local/lib/python3.8/site-packages/airflow/example_dags/example_trigger_target_dag.py
[2025-10-17T07:36:16.987+0000] {processor.py:839} INFO - DAG(s) dict_keys(['example_trigger_target_dag']) retrieved from /home/airflow/.local/lib/python3.8/site-packages/airflow/example_dags/example_trigger_target_dag.py
[2025-10-17T07:36:17.006+0000] {logging_mixin.py:154} INFO - [2025-10-17T07:36:17.005+0000] {dag.py:2941} INFO - Sync 1 DAGs
[2025-10-17T07:36:17.016+0000] {logging_mixin.py:154} INFO - [2025-10-17T07:36:17.016+0000] {dag.py:3722} INFO - Setting next_dagrun for example_trigger_target_dag to None, run_after=None
[2025-10-17T07:36:17.034+0000] {processor.py:179} INFO - Processing /home/airflow/.local/lib/python3.8/site-packages/airflow/example_dags/example_trigger_target_dag.py took 0.059 seconds
[2025-10-17T07:36:47.512+0000] {processor.py:157} INFO - Started process (PID=209) to work on /home/airflow/.local/lib/python3.8/site-packages/airflow/example_dags/example_trigger_target_dag.py
[2025-10-17T07:36:47.513+0000] {processor.py:829} INFO - Processing file /home/airflow/.local/lib/python3.8/site-packages/airflow/example_dags/example_trigger_target_dag.py for tasks to queue
[2025-10-17T07:36:47.515+0000] {logging_mixin.py:154} INFO - [2025-10-17T07:36:47.514+0000] {dagbag.py:536} INFO - Filling up the DagBag from /home/airflow/.local/lib/python3.8/site-packages/airflow/example_dags/example_trigger_target_dag.py
[2025-10-17T07:36:47.520+0000] {processor.py:839} INFO - DAG(s) dict_keys(['example_trigger_target_dag']) retrieved from /home/airflow/.local/lib/python3.8/site-packages/airflow/example_dags/example_trigger_target_dag.py
[2025-10-17T07:36:47.539+0000] {logging_mixin.py:154} INFO - [2025-10-17T07:36:47.539+0000] {dag.py:2941} INFO - Sync 1 DAGs
[2025-10-17T07:36:47.550+0000] {logging_mixin.py:154} INFO - [2025-10-17T07:36:47.549+0000] {dag.py:3722} INFO - Setting next_dagrun for example_trigger_target_dag to None, run_after=None
[2025-10-17T07:36:47.566+0000] {processor.py:179} INFO - Processing /home/airflow/.local/lib/python3.8/site-packages/airflow/example_dags/example_trigger_target_dag.py took 0.057 seconds
[2025-10-17T07:37:17.916+0000] {processor.py:157} INFO - Started process (PID=265) to work on /home/airflow/.local/lib/python3.8/site-packages/airflow/example_dags/example_trigger_target_dag.py
[2025-10-17T07:37:17.917+0000] {processor.py:829} INFO - Processing file /home/airflow/.local/lib/python3.8/site-packages/airflow/example_dags/example_trigger_target_dag.py for tasks to queue
[2025-10-17T07:37:17.919+0000] {logging_mixin.py:154} INFO - [2025-10-17T07:37:17.919+0000] {dagbag.py:536} INFO - Filling up the DagBag from /home/airflow/.local/lib/python3.8/site-packages/airflow/example_dags/example_trigger_target_dag.py
[2025-10-17T07:37:17.925+0000] {processor.py:839} INFO - DAG(s) dict_keys(['example_trigger_target_dag']) retrieved from /home/airflow/.local/lib/python3.8/site-packages/airflow/example_dags/example_trigger_target_dag.py
[2025-10-17T07:37:17.944+0000] {logging_mixin.py:154} INFO - [2025-10-17T07:37:17.944+0000] {dag.py:2941} INFO - Sync 1 DAGs
[2025-10-17T07:37:17.957+0000] {logging_mixin.py:154} INFO - [2025-10-17T07:37:17.956+0000] {dag.py:3722} INFO - Setting next_dagrun for example_trigger_target_dag to None, run_after=None
[2025-10-17T07:37:17.976+0000] {processor.py:179} INFO - Processing /home/airflow/.local/lib/python3.8/site-packages/airflow/example_dags/example_trigger_target_dag.py took 0.064 seconds
[2025-10-17T07:38:47.631+0000] {processor.py:157} INFO - Started process (PID=98) to work on /home/airflow/.local/lib/python3.8/site-packages/airflow/example_dags/example_trigger_target_dag.py
[2025-10-17T07:38:47.632+0000] {processor.py:829} INFO - Processing file /home/airflow/.local/lib/python3.8/site-packages/airflow/example_dags/example_trigger_target_dag.py for tasks to queue
[2025-10-17T07:38:47.634+0000] {logging_mixin.py:154} INFO - [2025-10-17T07:38:47.634+0000] {dagbag.py:536} INFO - Filling up the DagBag from /home/airflow/.local/lib/python3.8/site-packages/airflow/example_dags/example_trigger_target_dag.py
[2025-10-17T07:38:47.640+0000] {processor.py:839} INFO - DAG(s) dict_keys(['example_trigger_target_dag']) retrieved from /home/airflow/.local/lib/python3.8/site-packages/airflow/example_dags/example_trigger_target_dag.py
[2025-10-17T07:38:47.732+0000] {logging_mixin.py:154} INFO - [2025-10-17T07:38:47.732+0000] {manager.py:499} INFO - Created Permission View: %s
[2025-10-17T07:38:47.740+0000] {logging_mixin.py:154} INFO - [2025-10-17T07:38:47.740+0000] {manager.py:499} INFO - Created Permission View: %s
[2025-10-17T07:38:47.748+0000] {logging_mixin.py:154} INFO - [2025-10-17T07:38:47.747+0000] {manager.py:499} INFO - Created Permission View: %s
[2025-10-17T07:38:47.748+0000] {logging_mixin.py:154} INFO - [2025-10-17T07:38:47.748+0000] {dag.py:2941} INFO - Sync 1 DAGs
[2025-10-17T07:38:47.759+0000] {logging_mixin.py:154} INFO - [2025-10-17T07:38:47.759+0000] {dag.py:2963} INFO - Creating ORM DAG for example_trigger_target_dag
[2025-10-17T07:38:47.760+0000] {logging_mixin.py:154} INFO - [2025-10-17T07:38:47.759+0000] {dag.py:3722} INFO - Setting next_dagrun for example_trigger_target_dag to None, run_after=None
[2025-10-17T07:38:47.777+0000] {processor.py:179} INFO - Processing /home/airflow/.local/lib/python3.8/site-packages/airflow/example_dags/example_trigger_target_dag.py took 0.149 seconds
[2025-10-17T07:39:18.500+0000] {processor.py:157} INFO - Started process (PID=154) to work on /home/airflow/.local/lib/python3.8/site-packages/airflow/example_dags/example_trigger_target_dag.py
[2025-10-17T07:39:18.501+0000] {processor.py:829} INFO - Processing file /home/airflow/.local/lib/python3.8/site-packages/airflow/example_dags/example_trigger_target_dag.py for tasks to queue
[2025-10-17T07:39:18.504+0000] {logging_mixin.py:154} INFO - [2025-10-17T07:39:18.503+0000] {dagbag.py:536} INFO - Filling up the DagBag from /home/airflow/.local/lib/python3.8/site-packages/airflow/example_dags/example_trigger_target_dag.py
[2025-10-17T07:39:18.509+0000] {processor.py:839} INFO - DAG(s) dict_keys(['example_trigger_target_dag']) retrieved from /home/airflow/.local/lib/python3.8/site-packages/airflow/example_dags/example_trigger_target_dag.py
[2025-10-17T07:39:18.528+0000] {logging_mixin.py:154} INFO - [2025-10-17T07:39:18.528+0000] {dag.py:2941} INFO - Sync 1 DAGs
[2025-10-17T07:39:18.539+0000] {logging_mixin.py:154} INFO - [2025-10-17T07:39:18.539+0000] {dag.py:3722} INFO - Setting next_dagrun for example_trigger_target_dag to None, run_after=None
[2025-10-17T07:39:18.556+0000] {processor.py:179} INFO - Processing /home/airflow/.local/lib/python3.8/site-packages/airflow/example_dags/example_trigger_target_dag.py took 0.059 seconds
[2025-10-17T07:39:48.994+0000] {processor.py:157} INFO - Started process (PID=210) to work on /home/airflow/.local/lib/python3.8/site-packages/airflow/example_dags/example_trigger_target_dag.py
[2025-10-17T07:39:48.995+0000] {processor.py:829} INFO - Processing file /home/airflow/.local/lib/python3.8/site-packages/airflow/example_dags/example_trigger_target_dag.py for tasks to queue
[2025-10-17T07:39:48.998+0000] {logging_mixin.py:154} INFO - [2025-10-17T07:39:48.997+0000] {dagbag.py:536} INFO - Filling up the DagBag from /home/airflow/.local/lib/python3.8/site-packages/airflow/example_dags/example_trigger_target_dag.py
[2025-10-17T07:39:49.005+0000] {processor.py:839} INFO - DAG(s) dict_keys(['example_trigger_target_dag']) retrieved from /home/airflow/.local/lib/python3.8/site-packages/airflow/example_dags/example_trigger_target_dag.py
[2025-10-17T07:39:49.030+0000] {logging_mixin.py:154} INFO - [2025-10-17T07:39:49.030+0000] {dag.py:2941} INFO - Sync 1 DAGs
[2025-10-17T07:39:49.046+0000] {logging_mixin.py:154} INFO - [2025-10-17T07:39:49.046+0000] {dag.py:3722} INFO - Setting next_dagrun for example_trigger_target_dag to None, run_after=None
[2025-10-17T07:39:49.067+0000] {processor.py:179} INFO - Processing /home/airflow/.local/lib/python3.8/site-packages/airflow/example_dags/example_trigger_target_dag.py took 0.077 seconds
[2025-10-17T07:40:20.072+0000] {processor.py:157} INFO - Started process (PID=266) to work on /home/airflow/.local/lib/python3.8/site-packages/airflow/example_dags/example_trigger_target_dag.py
[2025-10-17T07:40:20.073+0000] {processor.py:829} INFO - Processing file /home/airflow/.local/lib/python3.8/site-packages/airflow/example_dags/example_trigger_target_dag.py for tasks to queue
[2025-10-17T07:40:20.075+0000] {logging_mixin.py:154} INFO - [2025-10-17T07:40:20.075+0000] {dagbag.py:536} INFO - Filling up the DagBag from /home/airflow/.local/lib/python3.8/site-packages/airflow/example_dags/example_trigger_target_dag.py
[2025-10-17T07:40:20.081+0000] {processor.py:839} INFO - DAG(s) dict_keys(['example_trigger_target_dag']) retrieved from /home/airflow/.local/lib/python3.8/site-packages/airflow/example_dags/example_trigger_target_dag.py
[2025-10-17T07:40:20.102+0000] {logging_mixin.py:154} INFO - [2025-10-17T07:40:20.102+0000] {dag.py:2941} INFO - Sync 1 DAGs
[2025-10-17T07:40:20.113+0000] {logging_mixin.py:154} INFO - [2025-10-17T07:40:20.112+0000] {dag.py:3722} INFO - Setting next_dagrun for example_trigger_target_dag to None, run_after=None
[2025-10-17T07:40:20.131+0000] {processor.py:179} INFO - Processing /home/airflow/.local/lib/python3.8/site-packages/airflow/example_dags/example_trigger_target_dag.py took 0.062 seconds
[2025-10-17T07:40:50.635+0000] {processor.py:157} INFO - Started process (PID=322) to work on /home/airflow/.local/lib/python3.8/site-packages/airflow/example_dags/example_trigger_target_dag.py
[2025-10-17T07:40:50.636+0000] {processor.py:829} INFO - Processing file /home/airflow/.local/lib/python3.8/site-packages/airflow/example_dags/example_trigger_target_dag.py for tasks to queue
[2025-10-17T07:40:50.639+0000] {logging_mixin.py:154} INFO - [2025-10-17T07:40:50.638+0000] {dagbag.py:536} INFO - Filling up the DagBag from /home/airflow/.local/lib/python3.8/site-packages/airflow/example_dags/example_trigger_target_dag.py
[2025-10-17T07:40:50.644+0000] {processor.py:839} INFO - DAG(s) dict_keys(['example_trigger_target_dag']) retrieved from /home/airflow/.local/lib/python3.8/site-packages/airflow/example_dags/example_trigger_target_dag.py
[2025-10-17T07:40:50.663+0000] {logging_mixin.py:154} INFO - [2025-10-17T07:40:50.663+0000] {dag.py:2941} INFO - Sync 1 DAGs
[2025-10-17T07:40:50.674+0000] {logging_mixin.py:154} INFO - [2025-10-17T07:40:50.674+0000] {dag.py:3722} INFO - Setting next_dagrun for example_trigger_target_dag to None, run_after=None
[2025-10-17T07:40:50.690+0000] {processor.py:179} INFO - Processing /home/airflow/.local/lib/python3.8/site-packages/airflow/example_dags/example_trigger_target_dag.py took 0.058 seconds
[2025-10-17T07:42:30.685+0000] {processor.py:157} INFO - Started process (PID=97) to work on /home/airflow/.local/lib/python3.8/site-packages/airflow/example_dags/example_trigger_target_dag.py
[2025-10-17T07:42:30.686+0000] {processor.py:829} INFO - Processing file /home/airflow/.local/lib/python3.8/site-packages/airflow/example_dags/example_trigger_target_dag.py for tasks to queue
[2025-10-17T07:42:30.688+0000] {logging_mixin.py:154} INFO - [2025-10-17T07:42:30.688+0000] {dagbag.py:536} INFO - Filling up the DagBag from /home/airflow/.local/lib/python3.8/site-packages/airflow/example_dags/example_trigger_target_dag.py
[2025-10-17T07:42:30.694+0000] {processor.py:839} INFO - DAG(s) dict_keys(['example_trigger_target_dag']) retrieved from /home/airflow/.local/lib/python3.8/site-packages/airflow/example_dags/example_trigger_target_dag.py
[2025-10-17T07:42:30.815+0000] {logging_mixin.py:154} INFO - [2025-10-17T07:42:30.815+0000] {manager.py:499} INFO - Created Permission View: %s
[2025-10-17T07:42:30.826+0000] {logging_mixin.py:154} INFO - [2025-10-17T07:42:30.826+0000] {manager.py:499} INFO - Created Permission View: %s
[2025-10-17T07:42:30.833+0000] {logging_mixin.py:154} INFO - [2025-10-17T07:42:30.833+0000] {manager.py:499} INFO - Created Permission View: %s
[2025-10-17T07:42:30.834+0000] {logging_mixin.py:154} INFO - [2025-10-17T07:42:30.833+0000] {dag.py:2941} INFO - Sync 1 DAGs
[2025-10-17T07:42:30.843+0000] {logging_mixin.py:154} INFO - [2025-10-17T07:42:30.843+0000] {dag.py:2963} INFO - Creating ORM DAG for example_trigger_target_dag
[2025-10-17T07:42:30.844+0000] {logging_mixin.py:154} INFO - [2025-10-17T07:42:30.843+0000] {dag.py:3722} INFO - Setting next_dagrun for example_trigger_target_dag to None, run_after=None
[2025-10-17T07:42:30.859+0000] {processor.py:179} INFO - Processing /home/airflow/.local/lib/python3.8/site-packages/airflow/example_dags/example_trigger_target_dag.py took 0.179 seconds
[2025-10-17T07:43:01.108+0000] {processor.py:157} INFO - Started process (PID=153) to work on /home/airflow/.local/lib/python3.8/site-packages/airflow/example_dags/example_trigger_target_dag.py
[2025-10-17T07:43:01.110+0000] {processor.py:829} INFO - Processing file /home/airflow/.local/lib/python3.8/site-packages/airflow/example_dags/example_trigger_target_dag.py for tasks to queue
[2025-10-17T07:43:01.112+0000] {logging_mixin.py:154} INFO - [2025-10-17T07:43:01.111+0000] {dagbag.py:536} INFO - Filling up the DagBag from /home/airflow/.local/lib/python3.8/site-packages/airflow/example_dags/example_trigger_target_dag.py
[2025-10-17T07:43:01.117+0000] {processor.py:839} INFO - DAG(s) dict_keys(['example_trigger_target_dag']) retrieved from /home/airflow/.local/lib/python3.8/site-packages/airflow/example_dags/example_trigger_target_dag.py
[2025-10-17T07:43:01.136+0000] {logging_mixin.py:154} INFO - [2025-10-17T07:43:01.136+0000] {dag.py:2941} INFO - Sync 1 DAGs
[2025-10-17T07:43:01.147+0000] {logging_mixin.py:154} INFO - [2025-10-17T07:43:01.147+0000] {dag.py:3722} INFO - Setting next_dagrun for example_trigger_target_dag to None, run_after=None
[2025-10-17T07:43:01.165+0000] {processor.py:179} INFO - Processing /home/airflow/.local/lib/python3.8/site-packages/airflow/example_dags/example_trigger_target_dag.py took 0.061 seconds
[2025-10-17T07:44:37.241+0000] {processor.py:157} INFO - Started process (PID=82) to work on /home/airflow/.local/lib/python3.8/site-packages/airflow/example_dags/example_trigger_target_dag.py
[2025-10-17T07:44:37.244+0000] {processor.py:829} INFO - Processing file /home/airflow/.local/lib/python3.8/site-packages/airflow/example_dags/example_trigger_target_dag.py for tasks to queue
[2025-10-17T07:44:37.247+0000] {logging_mixin.py:154} INFO - [2025-10-17T07:44:37.247+0000] {dagbag.py:536} INFO - Filling up the DagBag from /home/airflow/.local/lib/python3.8/site-packages/airflow/example_dags/example_trigger_target_dag.py
[2025-10-17T07:44:37.255+0000] {processor.py:839} INFO - DAG(s) dict_keys(['example_trigger_target_dag']) retrieved from /home/airflow/.local/lib/python3.8/site-packages/airflow/example_dags/example_trigger_target_dag.py
[2025-10-17T07:44:37.438+0000] {logging_mixin.py:154} INFO - [2025-10-17T07:44:37.437+0000] {manager.py:499} INFO - Created Permission View: %s
[2025-10-17T07:44:37.453+0000] {logging_mixin.py:154} INFO - [2025-10-17T07:44:37.453+0000] {manager.py:499} INFO - Created Permission View: %s
[2025-10-17T07:44:37.464+0000] {logging_mixin.py:154} INFO - [2025-10-17T07:44:37.464+0000] {manager.py:499} INFO - Created Permission View: %s
[2025-10-17T07:44:37.464+0000] {logging_mixin.py:154} INFO - [2025-10-17T07:44:37.464+0000] {dag.py:2941} INFO - Sync 1 DAGs
[2025-10-17T07:44:37.477+0000] {logging_mixin.py:154} INFO - [2025-10-17T07:44:37.477+0000] {dag.py:2963} INFO - Creating ORM DAG for example_trigger_target_dag
[2025-10-17T07:44:37.478+0000] {logging_mixin.py:154} INFO - [2025-10-17T07:44:37.477+0000] {dag.py:3722} INFO - Setting next_dagrun for example_trigger_target_dag to None, run_after=None
[2025-10-17T07:44:37.502+0000] {processor.py:179} INFO - Processing /home/airflow/.local/lib/python3.8/site-packages/airflow/example_dags/example_trigger_target_dag.py took 0.267 seconds
[2025-10-17T07:45:07.640+0000] {processor.py:157} INFO - Started process (PID=138) to work on /home/airflow/.local/lib/python3.8/site-packages/airflow/example_dags/example_trigger_target_dag.py
[2025-10-17T07:45:07.641+0000] {processor.py:829} INFO - Processing file /home/airflow/.local/lib/python3.8/site-packages/airflow/example_dags/example_trigger_target_dag.py for tasks to queue
[2025-10-17T07:45:07.643+0000] {logging_mixin.py:154} INFO - [2025-10-17T07:45:07.642+0000] {dagbag.py:536} INFO - Filling up the DagBag from /home/airflow/.local/lib/python3.8/site-packages/airflow/example_dags/example_trigger_target_dag.py
[2025-10-17T07:45:07.649+0000] {processor.py:839} INFO - DAG(s) dict_keys(['example_trigger_target_dag']) retrieved from /home/airflow/.local/lib/python3.8/site-packages/airflow/example_dags/example_trigger_target_dag.py
[2025-10-17T07:45:07.670+0000] {logging_mixin.py:154} INFO - [2025-10-17T07:45:07.669+0000] {dag.py:2941} INFO - Sync 1 DAGs
[2025-10-17T07:45:07.683+0000] {logging_mixin.py:154} INFO - [2025-10-17T07:45:07.682+0000] {dag.py:3722} INFO - Setting next_dagrun for example_trigger_target_dag to None, run_after=None
[2025-10-17T07:45:07.711+0000] {processor.py:179} INFO - Processing /home/airflow/.local/lib/python3.8/site-packages/airflow/example_dags/example_trigger_target_dag.py took 0.074 seconds
[2025-10-17T07:46:22.497+0000] {processor.py:157} INFO - Started process (PID=97) to work on /home/airflow/.local/lib/python3.8/site-packages/airflow/example_dags/example_trigger_target_dag.py
[2025-10-17T07:46:22.498+0000] {processor.py:829} INFO - Processing file /home/airflow/.local/lib/python3.8/site-packages/airflow/example_dags/example_trigger_target_dag.py for tasks to queue
[2025-10-17T07:46:22.500+0000] {logging_mixin.py:154} INFO - [2025-10-17T07:46:22.500+0000] {dagbag.py:536} INFO - Filling up the DagBag from /home/airflow/.local/lib/python3.8/site-packages/airflow/example_dags/example_trigger_target_dag.py
[2025-10-17T07:46:22.507+0000] {processor.py:839} INFO - DAG(s) dict_keys(['example_trigger_target_dag']) retrieved from /home/airflow/.local/lib/python3.8/site-packages/airflow/example_dags/example_trigger_target_dag.py
[2025-10-17T07:46:22.615+0000] {logging_mixin.py:154} INFO - [2025-10-17T07:46:22.615+0000] {manager.py:499} INFO - Created Permission View: %s
[2025-10-17T07:46:22.627+0000] {logging_mixin.py:154} INFO - [2025-10-17T07:46:22.627+0000] {manager.py:499} INFO - Created Permission View: %s
[2025-10-17T07:46:22.634+0000] {logging_mixin.py:154} INFO - [2025-10-17T07:46:22.634+0000] {manager.py:499} INFO - Created Permission View: %s
[2025-10-17T07:46:22.634+0000] {logging_mixin.py:154} INFO - [2025-10-17T07:46:22.634+0000] {dag.py:2941} INFO - Sync 1 DAGs
[2025-10-17T07:46:22.646+0000] {logging_mixin.py:154} INFO - [2025-10-17T07:46:22.646+0000] {dag.py:2963} INFO - Creating ORM DAG for example_trigger_target_dag
[2025-10-17T07:46:22.646+0000] {logging_mixin.py:154} INFO - [2025-10-17T07:46:22.646+0000] {dag.py:3722} INFO - Setting next_dagrun for example_trigger_target_dag to None, run_after=None
[2025-10-17T07:46:22.666+0000] {processor.py:179} INFO - Processing /home/airflow/.local/lib/python3.8/site-packages/airflow/example_dags/example_trigger_target_dag.py took 0.173 seconds
[2025-10-17T07:46:53.611+0000] {processor.py:157} INFO - Started process (PID=153) to work on /home/airflow/.local/lib/python3.8/site-packages/airflow/example_dags/example_trigger_target_dag.py
[2025-10-17T07:46:53.613+0000] {processor.py:829} INFO - Processing file /home/airflow/.local/lib/python3.8/site-packages/airflow/example_dags/example_trigger_target_dag.py for tasks to queue
[2025-10-17T07:46:53.615+0000] {logging_mixin.py:154} INFO - [2025-10-17T07:46:53.615+0000] {dagbag.py:536} INFO - Filling up the DagBag from /home/airflow/.local/lib/python3.8/site-packages/airflow/example_dags/example_trigger_target_dag.py
[2025-10-17T07:46:53.620+0000] {processor.py:839} INFO - DAG(s) dict_keys(['example_trigger_target_dag']) retrieved from /home/airflow/.local/lib/python3.8/site-packages/airflow/example_dags/example_trigger_target_dag.py
[2025-10-17T07:46:53.639+0000] {logging_mixin.py:154} INFO - [2025-10-17T07:46:53.639+0000] {dag.py:2941} INFO - Sync 1 DAGs
[2025-10-17T07:46:53.650+0000] {logging_mixin.py:154} INFO - [2025-10-17T07:46:53.650+0000] {dag.py:3722} INFO - Setting next_dagrun for example_trigger_target_dag to None, run_after=None
[2025-10-17T07:46:53.665+0000] {processor.py:179} INFO - Processing /home/airflow/.local/lib/python3.8/site-packages/airflow/example_dags/example_trigger_target_dag.py took 0.058 seconds
[2025-10-17T07:47:24.636+0000] {processor.py:157} INFO - Started process (PID=209) to work on /home/airflow/.local/lib/python3.8/site-packages/airflow/example_dags/example_trigger_target_dag.py
[2025-10-17T07:47:24.637+0000] {processor.py:829} INFO - Processing file /home/airflow/.local/lib/python3.8/site-packages/airflow/example_dags/example_trigger_target_dag.py for tasks to queue
[2025-10-17T07:47:24.640+0000] {logging_mixin.py:154} INFO - [2025-10-17T07:47:24.639+0000] {dagbag.py:536} INFO - Filling up the DagBag from /home/airflow/.local/lib/python3.8/site-packages/airflow/example_dags/example_trigger_target_dag.py
[2025-10-17T07:47:24.646+0000] {processor.py:839} INFO - DAG(s) dict_keys(['example_trigger_target_dag']) retrieved from /home/airflow/.local/lib/python3.8/site-packages/airflow/example_dags/example_trigger_target_dag.py
[2025-10-17T07:47:24.671+0000] {logging_mixin.py:154} INFO - [2025-10-17T07:47:24.671+0000] {dag.py:2941} INFO - Sync 1 DAGs
[2025-10-17T07:47:24.685+0000] {logging_mixin.py:154} INFO - [2025-10-17T07:47:24.685+0000] {dag.py:3722} INFO - Setting next_dagrun for example_trigger_target_dag to None, run_after=None
[2025-10-17T07:47:24.704+0000] {processor.py:179} INFO - Processing /home/airflow/.local/lib/python3.8/site-packages/airflow/example_dags/example_trigger_target_dag.py took 0.071 seconds
[2025-10-17T07:47:55.106+0000] {processor.py:157} INFO - Started process (PID=265) to work on /home/airflow/.local/lib/python3.8/site-packages/airflow/example_dags/example_trigger_target_dag.py
[2025-10-17T07:47:55.107+0000] {processor.py:829} INFO - Processing file /home/airflow/.local/lib/python3.8/site-packages/airflow/example_dags/example_trigger_target_dag.py for tasks to queue
[2025-10-17T07:47:55.110+0000] {logging_mixin.py:154} INFO - [2025-10-17T07:47:55.109+0000] {dagbag.py:536} INFO - Filling up the DagBag from /home/airflow/.local/lib/python3.8/site-packages/airflow/example_dags/example_trigger_target_dag.py
[2025-10-17T07:47:55.117+0000] {processor.py:839} INFO - DAG(s) dict_keys(['example_trigger_target_dag']) retrieved from /home/airflow/.local/lib/python3.8/site-packages/airflow/example_dags/example_trigger_target_dag.py
[2025-10-17T07:47:55.140+0000] {logging_mixin.py:154} INFO - [2025-10-17T07:47:55.140+0000] {dag.py:2941} INFO - Sync 1 DAGs
[2025-10-17T07:47:55.153+0000] {logging_mixin.py:154} INFO - [2025-10-17T07:47:55.153+0000] {dag.py:3722} INFO - Setting next_dagrun for example_trigger_target_dag to None, run_after=None
[2025-10-17T07:47:55.173+0000] {processor.py:179} INFO - Processing /home/airflow/.local/lib/python3.8/site-packages/airflow/example_dags/example_trigger_target_dag.py took 0.071 seconds
[2025-10-17T07:48:25.511+0000] {processor.py:157} INFO - Started process (PID=321) to work on /home/airflow/.local/lib/python3.8/site-packages/airflow/example_dags/example_trigger_target_dag.py
[2025-10-17T07:48:25.511+0000] {processor.py:829} INFO - Processing file /home/airflow/.local/lib/python3.8/site-packages/airflow/example_dags/example_trigger_target_dag.py for tasks to queue
[2025-10-17T07:48:25.513+0000] {logging_mixin.py:154} INFO - [2025-10-17T07:48:25.513+0000] {dagbag.py:536} INFO - Filling up the DagBag from /home/airflow/.local/lib/python3.8/site-packages/airflow/example_dags/example_trigger_target_dag.py
[2025-10-17T07:48:25.519+0000] {processor.py:839} INFO - DAG(s) dict_keys(['example_trigger_target_dag']) retrieved from /home/airflow/.local/lib/python3.8/site-packages/airflow/example_dags/example_trigger_target_dag.py
[2025-10-17T07:48:25.538+0000] {logging_mixin.py:154} INFO - [2025-10-17T07:48:25.537+0000] {dag.py:2941} INFO - Sync 1 DAGs
[2025-10-17T07:48:25.549+0000] {logging_mixin.py:154} INFO - [2025-10-17T07:48:25.548+0000] {dag.py:3722} INFO - Setting next_dagrun for example_trigger_target_dag to None, run_after=None
[2025-10-17T07:48:25.565+0000] {processor.py:179} INFO - Processing /home/airflow/.local/lib/python3.8/site-packages/airflow/example_dags/example_trigger_target_dag.py took 0.058 seconds
[2025-10-17T07:48:56.459+0000] {processor.py:157} INFO - Started process (PID=377) to work on /home/airflow/.local/lib/python3.8/site-packages/airflow/example_dags/example_trigger_target_dag.py
[2025-10-17T07:48:56.461+0000] {processor.py:829} INFO - Processing file /home/airflow/.local/lib/python3.8/site-packages/airflow/example_dags/example_trigger_target_dag.py for tasks to queue
[2025-10-17T07:48:56.463+0000] {logging_mixin.py:154} INFO - [2025-10-17T07:48:56.462+0000] {dagbag.py:536} INFO - Filling up the DagBag from /home/airflow/.local/lib/python3.8/site-packages/airflow/example_dags/example_trigger_target_dag.py
[2025-10-17T07:48:56.468+0000] {processor.py:839} INFO - DAG(s) dict_keys(['example_trigger_target_dag']) retrieved from /home/airflow/.local/lib/python3.8/site-packages/airflow/example_dags/example_trigger_target_dag.py
[2025-10-17T07:48:56.490+0000] {logging_mixin.py:154} INFO - [2025-10-17T07:48:56.490+0000] {dag.py:2941} INFO - Sync 1 DAGs
[2025-10-17T07:48:56.501+0000] {logging_mixin.py:154} INFO - [2025-10-17T07:48:56.501+0000] {dag.py:3722} INFO - Setting next_dagrun for example_trigger_target_dag to None, run_after=None
[2025-10-17T07:48:56.520+0000] {processor.py:179} INFO - Processing /home/airflow/.local/lib/python3.8/site-packages/airflow/example_dags/example_trigger_target_dag.py took 0.064 seconds
[2025-10-17T07:49:26.950+0000] {processor.py:157} INFO - Started process (PID=433) to work on /home/airflow/.local/lib/python3.8/site-packages/airflow/example_dags/example_trigger_target_dag.py
[2025-10-17T07:49:26.951+0000] {processor.py:829} INFO - Processing file /home/airflow/.local/lib/python3.8/site-packages/airflow/example_dags/example_trigger_target_dag.py for tasks to queue
[2025-10-17T07:49:26.953+0000] {logging_mixin.py:154} INFO - [2025-10-17T07:49:26.953+0000] {dagbag.py:536} INFO - Filling up the DagBag from /home/airflow/.local/lib/python3.8/site-packages/airflow/example_dags/example_trigger_target_dag.py
[2025-10-17T07:49:26.959+0000] {processor.py:839} INFO - DAG(s) dict_keys(['example_trigger_target_dag']) retrieved from /home/airflow/.local/lib/python3.8/site-packages/airflow/example_dags/example_trigger_target_dag.py
[2025-10-17T07:49:26.979+0000] {logging_mixin.py:154} INFO - [2025-10-17T07:49:26.978+0000] {dag.py:2941} INFO - Sync 1 DAGs
[2025-10-17T07:49:26.989+0000] {logging_mixin.py:154} INFO - [2025-10-17T07:49:26.988+0000] {dag.py:3722} INFO - Setting next_dagrun for example_trigger_target_dag to None, run_after=None
[2025-10-17T07:49:27.005+0000] {processor.py:179} INFO - Processing /home/airflow/.local/lib/python3.8/site-packages/airflow/example_dags/example_trigger_target_dag.py took 0.058 seconds
[2025-10-17T07:49:57.751+0000] {processor.py:157} INFO - Started process (PID=489) to work on /home/airflow/.local/lib/python3.8/site-packages/airflow/example_dags/example_trigger_target_dag.py
[2025-10-17T07:49:57.752+0000] {processor.py:829} INFO - Processing file /home/airflow/.local/lib/python3.8/site-packages/airflow/example_dags/example_trigger_target_dag.py for tasks to queue
[2025-10-17T07:49:57.755+0000] {logging_mixin.py:154} INFO - [2025-10-17T07:49:57.754+0000] {dagbag.py:536} INFO - Filling up the DagBag from /home/airflow/.local/lib/python3.8/site-packages/airflow/example_dags/example_trigger_target_dag.py
[2025-10-17T07:49:57.760+0000] {processor.py:839} INFO - DAG(s) dict_keys(['example_trigger_target_dag']) retrieved from /home/airflow/.local/lib/python3.8/site-packages/airflow/example_dags/example_trigger_target_dag.py
[2025-10-17T07:49:57.781+0000] {logging_mixin.py:154} INFO - [2025-10-17T07:49:57.781+0000] {dag.py:2941} INFO - Sync 1 DAGs
[2025-10-17T07:49:57.793+0000] {logging_mixin.py:154} INFO - [2025-10-17T07:49:57.793+0000] {dag.py:3722} INFO - Setting next_dagrun for example_trigger_target_dag to None, run_after=None
[2025-10-17T07:49:57.812+0000] {processor.py:179} INFO - Processing /home/airflow/.local/lib/python3.8/site-packages/airflow/example_dags/example_trigger_target_dag.py took 0.064 seconds
[2025-10-17T07:50:27.911+0000] {processor.py:157} INFO - Started process (PID=545) to work on /home/airflow/.local/lib/python3.8/site-packages/airflow/example_dags/example_trigger_target_dag.py
[2025-10-17T07:50:27.912+0000] {processor.py:829} INFO - Processing file /home/airflow/.local/lib/python3.8/site-packages/airflow/example_dags/example_trigger_target_dag.py for tasks to queue
[2025-10-17T07:50:27.914+0000] {logging_mixin.py:154} INFO - [2025-10-17T07:50:27.914+0000] {dagbag.py:536} INFO - Filling up the DagBag from /home/airflow/.local/lib/python3.8/site-packages/airflow/example_dags/example_trigger_target_dag.py
[2025-10-17T07:50:27.919+0000] {processor.py:839} INFO - DAG(s) dict_keys(['example_trigger_target_dag']) retrieved from /home/airflow/.local/lib/python3.8/site-packages/airflow/example_dags/example_trigger_target_dag.py
[2025-10-17T07:50:27.938+0000] {logging_mixin.py:154} INFO - [2025-10-17T07:50:27.938+0000] {dag.py:2941} INFO - Sync 1 DAGs
[2025-10-17T07:50:27.948+0000] {logging_mixin.py:154} INFO - [2025-10-17T07:50:27.948+0000] {dag.py:3722} INFO - Setting next_dagrun for example_trigger_target_dag to None, run_after=None
[2025-10-17T07:50:27.963+0000] {processor.py:179} INFO - Processing /home/airflow/.local/lib/python3.8/site-packages/airflow/example_dags/example_trigger_target_dag.py took 0.056 seconds
[2025-10-17T07:50:58.709+0000] {processor.py:157} INFO - Started process (PID=601) to work on /home/airflow/.local/lib/python3.8/site-packages/airflow/example_dags/example_trigger_target_dag.py
[2025-10-17T07:50:58.710+0000] {processor.py:829} INFO - Processing file /home/airflow/.local/lib/python3.8/site-packages/airflow/example_dags/example_trigger_target_dag.py for tasks to queue
[2025-10-17T07:50:58.712+0000] {logging_mixin.py:154} INFO - [2025-10-17T07:50:58.712+0000] {dagbag.py:536} INFO - Filling up the DagBag from /home/airflow/.local/lib/python3.8/site-packages/airflow/example_dags/example_trigger_target_dag.py
[2025-10-17T07:50:58.718+0000] {processor.py:839} INFO - DAG(s) dict_keys(['example_trigger_target_dag']) retrieved from /home/airflow/.local/lib/python3.8/site-packages/airflow/example_dags/example_trigger_target_dag.py
[2025-10-17T07:50:58.737+0000] {logging_mixin.py:154} INFO - [2025-10-17T07:50:58.737+0000] {dag.py:2941} INFO - Sync 1 DAGs
[2025-10-17T07:50:58.748+0000] {logging_mixin.py:154} INFO - [2025-10-17T07:50:58.747+0000] {dag.py:3722} INFO - Setting next_dagrun for example_trigger_target_dag to None, run_after=None
[2025-10-17T07:50:58.766+0000] {processor.py:179} INFO - Processing /home/airflow/.local/lib/python3.8/site-packages/airflow/example_dags/example_trigger_target_dag.py took 0.061 seconds
[2025-10-17T07:51:29.380+0000] {processor.py:157} INFO - Started process (PID=657) to work on /home/airflow/.local/lib/python3.8/site-packages/airflow/example_dags/example_trigger_target_dag.py
[2025-10-17T07:51:29.381+0000] {processor.py:829} INFO - Processing file /home/airflow/.local/lib/python3.8/site-packages/airflow/example_dags/example_trigger_target_dag.py for tasks to queue
[2025-10-17T07:51:29.383+0000] {logging_mixin.py:154} INFO - [2025-10-17T07:51:29.383+0000] {dagbag.py:536} INFO - Filling up the DagBag from /home/airflow/.local/lib/python3.8/site-packages/airflow/example_dags/example_trigger_target_dag.py
[2025-10-17T07:51:29.389+0000] {processor.py:839} INFO - DAG(s) dict_keys(['example_trigger_target_dag']) retrieved from /home/airflow/.local/lib/python3.8/site-packages/airflow/example_dags/example_trigger_target_dag.py
[2025-10-17T07:51:29.411+0000] {logging_mixin.py:154} INFO - [2025-10-17T07:51:29.410+0000] {dag.py:2941} INFO - Sync 1 DAGs
[2025-10-17T07:51:29.422+0000] {logging_mixin.py:154} INFO - [2025-10-17T07:51:29.422+0000] {dag.py:3722} INFO - Setting next_dagrun for example_trigger_target_dag to None, run_after=None
[2025-10-17T07:51:29.445+0000] {processor.py:179} INFO - Processing /home/airflow/.local/lib/python3.8/site-packages/airflow/example_dags/example_trigger_target_dag.py took 0.069 seconds
[2025-10-17T07:51:59.941+0000] {processor.py:157} INFO - Started process (PID=713) to work on /home/airflow/.local/lib/python3.8/site-packages/airflow/example_dags/example_trigger_target_dag.py
[2025-10-17T07:51:59.942+0000] {processor.py:829} INFO - Processing file /home/airflow/.local/lib/python3.8/site-packages/airflow/example_dags/example_trigger_target_dag.py for tasks to queue
[2025-10-17T07:51:59.945+0000] {logging_mixin.py:154} INFO - [2025-10-17T07:51:59.944+0000] {dagbag.py:536} INFO - Filling up the DagBag from /home/airflow/.local/lib/python3.8/site-packages/airflow/example_dags/example_trigger_target_dag.py
[2025-10-17T07:51:59.950+0000] {processor.py:839} INFO - DAG(s) dict_keys(['example_trigger_target_dag']) retrieved from /home/airflow/.local/lib/python3.8/site-packages/airflow/example_dags/example_trigger_target_dag.py
[2025-10-17T07:51:59.970+0000] {logging_mixin.py:154} INFO - [2025-10-17T07:51:59.969+0000] {dag.py:2941} INFO - Sync 1 DAGs
[2025-10-17T07:51:59.981+0000] {logging_mixin.py:154} INFO - [2025-10-17T07:51:59.981+0000] {dag.py:3722} INFO - Setting next_dagrun for example_trigger_target_dag to None, run_after=None
[2025-10-17T07:52:00.001+0000] {processor.py:179} INFO - Processing /home/airflow/.local/lib/python3.8/site-packages/airflow/example_dags/example_trigger_target_dag.py took 0.063 seconds
[2025-10-17T08:08:55.626+0000] {processor.py:157} INFO - Started process (PID=98) to work on /home/airflow/.local/lib/python3.8/site-packages/airflow/example_dags/example_trigger_target_dag.py
[2025-10-17T08:08:55.627+0000] {processor.py:829} INFO - Processing file /home/airflow/.local/lib/python3.8/site-packages/airflow/example_dags/example_trigger_target_dag.py for tasks to queue
[2025-10-17T08:08:55.629+0000] {logging_mixin.py:154} INFO - [2025-10-17T08:08:55.629+0000] {dagbag.py:536} INFO - Filling up the DagBag from /home/airflow/.local/lib/python3.8/site-packages/airflow/example_dags/example_trigger_target_dag.py
[2025-10-17T08:08:55.636+0000] {processor.py:839} INFO - DAG(s) dict_keys(['example_trigger_target_dag']) retrieved from /home/airflow/.local/lib/python3.8/site-packages/airflow/example_dags/example_trigger_target_dag.py
[2025-10-17T08:08:55.738+0000] {logging_mixin.py:154} INFO - [2025-10-17T08:08:55.738+0000] {manager.py:499} INFO - Created Permission View: %s
[2025-10-17T08:08:55.749+0000] {logging_mixin.py:154} INFO - [2025-10-17T08:08:55.749+0000] {manager.py:499} INFO - Created Permission View: %s
[2025-10-17T08:08:55.759+0000] {logging_mixin.py:154} INFO - [2025-10-17T08:08:55.759+0000] {manager.py:499} INFO - Created Permission View: %s
[2025-10-17T08:08:55.760+0000] {logging_mixin.py:154} INFO - [2025-10-17T08:08:55.759+0000] {dag.py:2941} INFO - Sync 1 DAGs
[2025-10-17T08:08:55.770+0000] {logging_mixin.py:154} INFO - [2025-10-17T08:08:55.770+0000] {dag.py:2963} INFO - Creating ORM DAG for example_trigger_target_dag
[2025-10-17T08:08:55.770+0000] {logging_mixin.py:154} INFO - [2025-10-17T08:08:55.770+0000] {dag.py:3722} INFO - Setting next_dagrun for example_trigger_target_dag to None, run_after=None
[2025-10-17T08:08:55.789+0000] {processor.py:179} INFO - Processing /home/airflow/.local/lib/python3.8/site-packages/airflow/example_dags/example_trigger_target_dag.py took 0.167 seconds
[2025-10-17T08:09:26.622+0000] {processor.py:157} INFO - Started process (PID=154) to work on /home/airflow/.local/lib/python3.8/site-packages/airflow/example_dags/example_trigger_target_dag.py
[2025-10-17T08:09:26.623+0000] {processor.py:829} INFO - Processing file /home/airflow/.local/lib/python3.8/site-packages/airflow/example_dags/example_trigger_target_dag.py for tasks to queue
[2025-10-17T08:09:26.626+0000] {logging_mixin.py:154} INFO - [2025-10-17T08:09:26.625+0000] {dagbag.py:536} INFO - Filling up the DagBag from /home/airflow/.local/lib/python3.8/site-packages/airflow/example_dags/example_trigger_target_dag.py
[2025-10-17T08:09:26.631+0000] {processor.py:839} INFO - DAG(s) dict_keys(['example_trigger_target_dag']) retrieved from /home/airflow/.local/lib/python3.8/site-packages/airflow/example_dags/example_trigger_target_dag.py
[2025-10-17T08:09:26.650+0000] {logging_mixin.py:154} INFO - [2025-10-17T08:09:26.649+0000] {dag.py:2941} INFO - Sync 1 DAGs
[2025-10-17T08:09:26.660+0000] {logging_mixin.py:154} INFO - [2025-10-17T08:09:26.660+0000] {dag.py:3722} INFO - Setting next_dagrun for example_trigger_target_dag to None, run_after=None
[2025-10-17T08:09:26.675+0000] {processor.py:179} INFO - Processing /home/airflow/.local/lib/python3.8/site-packages/airflow/example_dags/example_trigger_target_dag.py took 0.056 seconds
[2025-10-17T08:09:56.763+0000] {processor.py:157} INFO - Started process (PID=210) to work on /home/airflow/.local/lib/python3.8/site-packages/airflow/example_dags/example_trigger_target_dag.py
[2025-10-17T08:09:56.764+0000] {processor.py:829} INFO - Processing file /home/airflow/.local/lib/python3.8/site-packages/airflow/example_dags/example_trigger_target_dag.py for tasks to queue
[2025-10-17T08:09:56.766+0000] {logging_mixin.py:154} INFO - [2025-10-17T08:09:56.766+0000] {dagbag.py:536} INFO - Filling up the DagBag from /home/airflow/.local/lib/python3.8/site-packages/airflow/example_dags/example_trigger_target_dag.py
[2025-10-17T08:09:56.773+0000] {processor.py:839} INFO - DAG(s) dict_keys(['example_trigger_target_dag']) retrieved from /home/airflow/.local/lib/python3.8/site-packages/airflow/example_dags/example_trigger_target_dag.py
[2025-10-17T08:09:56.792+0000] {logging_mixin.py:154} INFO - [2025-10-17T08:09:56.792+0000] {dag.py:2941} INFO - Sync 1 DAGs
[2025-10-17T08:09:56.804+0000] {logging_mixin.py:154} INFO - [2025-10-17T08:09:56.804+0000] {dag.py:3722} INFO - Setting next_dagrun for example_trigger_target_dag to None, run_after=None
[2025-10-17T08:09:56.822+0000] {processor.py:179} INFO - Processing /home/airflow/.local/lib/python3.8/site-packages/airflow/example_dags/example_trigger_target_dag.py took 0.062 seconds
[2025-10-17T08:10:27.799+0000] {processor.py:157} INFO - Started process (PID=266) to work on /home/airflow/.local/lib/python3.8/site-packages/airflow/example_dags/example_trigger_target_dag.py
[2025-10-17T08:10:27.800+0000] {processor.py:829} INFO - Processing file /home/airflow/.local/lib/python3.8/site-packages/airflow/example_dags/example_trigger_target_dag.py for tasks to queue
[2025-10-17T08:10:27.803+0000] {logging_mixin.py:154} INFO - [2025-10-17T08:10:27.802+0000] {dagbag.py:536} INFO - Filling up the DagBag from /home/airflow/.local/lib/python3.8/site-packages/airflow/example_dags/example_trigger_target_dag.py
[2025-10-17T08:10:27.813+0000] {processor.py:839} INFO - DAG(s) dict_keys(['example_trigger_target_dag']) retrieved from /home/airflow/.local/lib/python3.8/site-packages/airflow/example_dags/example_trigger_target_dag.py
[2025-10-17T08:10:27.838+0000] {logging_mixin.py:154} INFO - [2025-10-17T08:10:27.838+0000] {dag.py:2941} INFO - Sync 1 DAGs
[2025-10-17T08:10:27.852+0000] {logging_mixin.py:154} INFO - [2025-10-17T08:10:27.851+0000] {dag.py:3722} INFO - Setting next_dagrun for example_trigger_target_dag to None, run_after=None
[2025-10-17T08:10:27.874+0000] {processor.py:179} INFO - Processing /home/airflow/.local/lib/python3.8/site-packages/airflow/example_dags/example_trigger_target_dag.py took 0.080 seconds
[2025-10-17T08:10:58.287+0000] {processor.py:157} INFO - Started process (PID=322) to work on /home/airflow/.local/lib/python3.8/site-packages/airflow/example_dags/example_trigger_target_dag.py
[2025-10-17T08:10:58.288+0000] {processor.py:829} INFO - Processing file /home/airflow/.local/lib/python3.8/site-packages/airflow/example_dags/example_trigger_target_dag.py for tasks to queue
[2025-10-17T08:10:58.291+0000] {logging_mixin.py:154} INFO - [2025-10-17T08:10:58.290+0000] {dagbag.py:536} INFO - Filling up the DagBag from /home/airflow/.local/lib/python3.8/site-packages/airflow/example_dags/example_trigger_target_dag.py
[2025-10-17T08:10:58.297+0000] {processor.py:839} INFO - DAG(s) dict_keys(['example_trigger_target_dag']) retrieved from /home/airflow/.local/lib/python3.8/site-packages/airflow/example_dags/example_trigger_target_dag.py
[2025-10-17T08:10:58.316+0000] {logging_mixin.py:154} INFO - [2025-10-17T08:10:58.316+0000] {dag.py:2941} INFO - Sync 1 DAGs
[2025-10-17T08:10:58.327+0000] {logging_mixin.py:154} INFO - [2025-10-17T08:10:58.327+0000] {dag.py:3722} INFO - Setting next_dagrun for example_trigger_target_dag to None, run_after=None
[2025-10-17T08:10:58.345+0000] {processor.py:179} INFO - Processing /home/airflow/.local/lib/python3.8/site-packages/airflow/example_dags/example_trigger_target_dag.py took 0.062 seconds
[2025-10-17T08:12:37.483+0000] {processor.py:157} INFO - Started process (PID=99) to work on /home/airflow/.local/lib/python3.8/site-packages/airflow/example_dags/example_trigger_target_dag.py
[2025-10-17T08:12:37.484+0000] {processor.py:829} INFO - Processing file /home/airflow/.local/lib/python3.8/site-packages/airflow/example_dags/example_trigger_target_dag.py for tasks to queue
[2025-10-17T08:12:37.488+0000] {logging_mixin.py:154} INFO - [2025-10-17T08:12:37.487+0000] {dagbag.py:536} INFO - Filling up the DagBag from /home/airflow/.local/lib/python3.8/site-packages/airflow/example_dags/example_trigger_target_dag.py
[2025-10-17T08:12:37.495+0000] {processor.py:839} INFO - DAG(s) dict_keys(['example_trigger_target_dag']) retrieved from /home/airflow/.local/lib/python3.8/site-packages/airflow/example_dags/example_trigger_target_dag.py
[2025-10-17T08:12:37.604+0000] {logging_mixin.py:154} INFO - [2025-10-17T08:12:37.604+0000] {manager.py:499} INFO - Created Permission View: %s
[2025-10-17T08:12:37.617+0000] {logging_mixin.py:154} INFO - [2025-10-17T08:12:37.617+0000] {manager.py:499} INFO - Created Permission View: %s
[2025-10-17T08:12:37.627+0000] {logging_mixin.py:154} INFO - [2025-10-17T08:12:37.627+0000] {manager.py:499} INFO - Created Permission View: %s
[2025-10-17T08:12:37.628+0000] {logging_mixin.py:154} INFO - [2025-10-17T08:12:37.627+0000] {dag.py:2941} INFO - Sync 1 DAGs
[2025-10-17T08:12:37.639+0000] {logging_mixin.py:154} INFO - [2025-10-17T08:12:37.639+0000] {dag.py:2963} INFO - Creating ORM DAG for example_trigger_target_dag
[2025-10-17T08:12:37.639+0000] {logging_mixin.py:154} INFO - [2025-10-17T08:12:37.639+0000] {dag.py:3722} INFO - Setting next_dagrun for example_trigger_target_dag to None, run_after=None
[2025-10-17T08:12:37.661+0000] {processor.py:179} INFO - Processing /home/airflow/.local/lib/python3.8/site-packages/airflow/example_dags/example_trigger_target_dag.py took 0.182 seconds
[2025-10-17T08:13:07.789+0000] {processor.py:157} INFO - Started process (PID=155) to work on /home/airflow/.local/lib/python3.8/site-packages/airflow/example_dags/example_trigger_target_dag.py
[2025-10-17T08:13:07.790+0000] {processor.py:829} INFO - Processing file /home/airflow/.local/lib/python3.8/site-packages/airflow/example_dags/example_trigger_target_dag.py for tasks to queue
[2025-10-17T08:13:07.792+0000] {logging_mixin.py:154} INFO - [2025-10-17T08:13:07.792+0000] {dagbag.py:536} INFO - Filling up the DagBag from /home/airflow/.local/lib/python3.8/site-packages/airflow/example_dags/example_trigger_target_dag.py
[2025-10-17T08:13:07.798+0000] {processor.py:839} INFO - DAG(s) dict_keys(['example_trigger_target_dag']) retrieved from /home/airflow/.local/lib/python3.8/site-packages/airflow/example_dags/example_trigger_target_dag.py
[2025-10-17T08:13:07.817+0000] {logging_mixin.py:154} INFO - [2025-10-17T08:13:07.817+0000] {dag.py:2941} INFO - Sync 1 DAGs
[2025-10-17T08:13:07.828+0000] {logging_mixin.py:154} INFO - [2025-10-17T08:13:07.827+0000] {dag.py:3722} INFO - Setting next_dagrun for example_trigger_target_dag to None, run_after=None
[2025-10-17T08:13:07.845+0000] {processor.py:179} INFO - Processing /home/airflow/.local/lib/python3.8/site-packages/airflow/example_dags/example_trigger_target_dag.py took 0.060 seconds
[2025-10-17T08:13:38.436+0000] {processor.py:157} INFO - Started process (PID=211) to work on /home/airflow/.local/lib/python3.8/site-packages/airflow/example_dags/example_trigger_target_dag.py
[2025-10-17T08:13:38.437+0000] {processor.py:829} INFO - Processing file /home/airflow/.local/lib/python3.8/site-packages/airflow/example_dags/example_trigger_target_dag.py for tasks to queue
[2025-10-17T08:13:38.439+0000] {logging_mixin.py:154} INFO - [2025-10-17T08:13:38.438+0000] {dagbag.py:536} INFO - Filling up the DagBag from /home/airflow/.local/lib/python3.8/site-packages/airflow/example_dags/example_trigger_target_dag.py
[2025-10-17T08:13:38.444+0000] {processor.py:839} INFO - DAG(s) dict_keys(['example_trigger_target_dag']) retrieved from /home/airflow/.local/lib/python3.8/site-packages/airflow/example_dags/example_trigger_target_dag.py
[2025-10-17T08:13:38.463+0000] {logging_mixin.py:154} INFO - [2025-10-17T08:13:38.463+0000] {dag.py:2941} INFO - Sync 1 DAGs
[2025-10-17T08:13:38.474+0000] {logging_mixin.py:154} INFO - [2025-10-17T08:13:38.474+0000] {dag.py:3722} INFO - Setting next_dagrun for example_trigger_target_dag to None, run_after=None
[2025-10-17T08:13:38.491+0000] {processor.py:179} INFO - Processing /home/airflow/.local/lib/python3.8/site-packages/airflow/example_dags/example_trigger_target_dag.py took 0.058 seconds
