[2025-10-17T07:19:46.653+0000] {processor.py:157} INFO - Started process (PID=579) to work on /home/airflow/.local/lib/python3.8/site-packages/airflow/example_dags/example_skip_dag.py
[2025-10-17T07:19:46.655+0000] {processor.py:829} INFO - Processing file /home/airflow/.local/lib/python3.8/site-packages/airflow/example_dags/example_skip_dag.py for tasks to queue
[2025-10-17T07:19:46.662+0000] {logging_mixin.py:154} INFO - [2025-10-17T07:19:46.661+0000] {dagbag.py:536} INFO - Filling up the DagBag from /home/airflow/.local/lib/python3.8/site-packages/airflow/example_dags/example_skip_dag.py
[2025-10-17T07:19:46.681+0000] {processor.py:839} INFO - DAG(s) dict_keys(['example_skip_dag']) retrieved from /home/airflow/.local/lib/python3.8/site-packages/airflow/example_dags/example_skip_dag.py
[2025-10-17T07:19:46.728+0000] {logging_mixin.py:154} INFO - [2025-10-17T07:19:46.728+0000] {dag.py:2941} INFO - Sync 1 DAGs
[2025-10-17T07:19:46.788+0000] {logging_mixin.py:154} INFO - [2025-10-17T07:19:46.788+0000] {dag.py:3722} INFO - Setting next_dagrun for example_skip_dag to 2025-10-16T07:19:46.787898+00:00, run_after=2025-10-17T07:19:46.787898+00:00
[2025-10-17T07:19:46.838+0000] {processor.py:179} INFO - Processing /home/airflow/.local/lib/python3.8/site-packages/airflow/example_dags/example_skip_dag.py took 0.199 seconds
[2025-10-17T07:20:17.690+0000] {processor.py:157} INFO - Started process (PID=635) to work on /home/airflow/.local/lib/python3.8/site-packages/airflow/example_dags/example_skip_dag.py
[2025-10-17T07:20:17.692+0000] {processor.py:829} INFO - Processing file /home/airflow/.local/lib/python3.8/site-packages/airflow/example_dags/example_skip_dag.py for tasks to queue
[2025-10-17T07:20:17.695+0000] {logging_mixin.py:154} INFO - [2025-10-17T07:20:17.694+0000] {dagbag.py:536} INFO - Filling up the DagBag from /home/airflow/.local/lib/python3.8/site-packages/airflow/example_dags/example_skip_dag.py
[2025-10-17T07:20:17.702+0000] {processor.py:839} INFO - DAG(s) dict_keys(['example_skip_dag']) retrieved from /home/airflow/.local/lib/python3.8/site-packages/airflow/example_dags/example_skip_dag.py
[2025-10-17T07:20:17.729+0000] {logging_mixin.py:154} INFO - [2025-10-17T07:20:17.729+0000] {dag.py:2941} INFO - Sync 1 DAGs
[2025-10-17T07:20:17.751+0000] {logging_mixin.py:154} INFO - [2025-10-17T07:20:17.751+0000] {dag.py:3722} INFO - Setting next_dagrun for example_skip_dag to 2025-10-16T07:20:17.750886+00:00, run_after=2025-10-17T07:20:17.750886+00:00
[2025-10-17T07:20:17.770+0000] {processor.py:179} INFO - Processing /home/airflow/.local/lib/python3.8/site-packages/airflow/example_dags/example_skip_dag.py took 0.086 seconds
[2025-10-17T07:20:47.946+0000] {processor.py:157} INFO - Started process (PID=691) to work on /home/airflow/.local/lib/python3.8/site-packages/airflow/example_dags/example_skip_dag.py
[2025-10-17T07:20:47.948+0000] {processor.py:829} INFO - Processing file /home/airflow/.local/lib/python3.8/site-packages/airflow/example_dags/example_skip_dag.py for tasks to queue
[2025-10-17T07:20:47.953+0000] {logging_mixin.py:154} INFO - [2025-10-17T07:20:47.952+0000] {dagbag.py:536} INFO - Filling up the DagBag from /home/airflow/.local/lib/python3.8/site-packages/airflow/example_dags/example_skip_dag.py
[2025-10-17T07:20:47.968+0000] {processor.py:839} INFO - DAG(s) dict_keys(['example_skip_dag']) retrieved from /home/airflow/.local/lib/python3.8/site-packages/airflow/example_dags/example_skip_dag.py
[2025-10-17T07:20:48.006+0000] {logging_mixin.py:154} INFO - [2025-10-17T07:20:48.005+0000] {dag.py:2941} INFO - Sync 1 DAGs
[2025-10-17T07:20:48.050+0000] {logging_mixin.py:154} INFO - [2025-10-17T07:20:48.050+0000] {dag.py:3722} INFO - Setting next_dagrun for example_skip_dag to 2025-10-16T07:20:48.049965+00:00, run_after=2025-10-17T07:20:48.049965+00:00
[2025-10-17T07:20:48.083+0000] {processor.py:179} INFO - Processing /home/airflow/.local/lib/python3.8/site-packages/airflow/example_dags/example_skip_dag.py took 0.144 seconds
[2025-10-17T07:21:18.124+0000] {processor.py:157} INFO - Started process (PID=746) to work on /home/airflow/.local/lib/python3.8/site-packages/airflow/example_dags/example_skip_dag.py
[2025-10-17T07:21:18.126+0000] {processor.py:829} INFO - Processing file /home/airflow/.local/lib/python3.8/site-packages/airflow/example_dags/example_skip_dag.py for tasks to queue
[2025-10-17T07:21:18.129+0000] {logging_mixin.py:154} INFO - [2025-10-17T07:21:18.129+0000] {dagbag.py:536} INFO - Filling up the DagBag from /home/airflow/.local/lib/python3.8/site-packages/airflow/example_dags/example_skip_dag.py
[2025-10-17T07:21:18.136+0000] {processor.py:839} INFO - DAG(s) dict_keys(['example_skip_dag']) retrieved from /home/airflow/.local/lib/python3.8/site-packages/airflow/example_dags/example_skip_dag.py
[2025-10-17T07:21:18.158+0000] {logging_mixin.py:154} INFO - [2025-10-17T07:21:18.157+0000] {dag.py:2941} INFO - Sync 1 DAGs
[2025-10-17T07:21:18.176+0000] {logging_mixin.py:154} INFO - [2025-10-17T07:21:18.176+0000] {dag.py:3722} INFO - Setting next_dagrun for example_skip_dag to 2025-10-16T07:21:18.176203+00:00, run_after=2025-10-17T07:21:18.176203+00:00
[2025-10-17T07:21:18.201+0000] {processor.py:179} INFO - Processing /home/airflow/.local/lib/python3.8/site-packages/airflow/example_dags/example_skip_dag.py took 0.080 seconds
[2025-10-17T07:21:48.541+0000] {processor.py:157} INFO - Started process (PID=803) to work on /home/airflow/.local/lib/python3.8/site-packages/airflow/example_dags/example_skip_dag.py
[2025-10-17T07:21:48.542+0000] {processor.py:829} INFO - Processing file /home/airflow/.local/lib/python3.8/site-packages/airflow/example_dags/example_skip_dag.py for tasks to queue
[2025-10-17T07:21:48.545+0000] {logging_mixin.py:154} INFO - [2025-10-17T07:21:48.544+0000] {dagbag.py:536} INFO - Filling up the DagBag from /home/airflow/.local/lib/python3.8/site-packages/airflow/example_dags/example_skip_dag.py
[2025-10-17T07:21:48.551+0000] {processor.py:839} INFO - DAG(s) dict_keys(['example_skip_dag']) retrieved from /home/airflow/.local/lib/python3.8/site-packages/airflow/example_dags/example_skip_dag.py
[2025-10-17T07:21:48.571+0000] {logging_mixin.py:154} INFO - [2025-10-17T07:21:48.571+0000] {dag.py:2941} INFO - Sync 1 DAGs
[2025-10-17T07:21:48.595+0000] {logging_mixin.py:154} INFO - [2025-10-17T07:21:48.595+0000] {dag.py:3722} INFO - Setting next_dagrun for example_skip_dag to 2025-10-16T07:21:48.594830+00:00, run_after=2025-10-17T07:21:48.594830+00:00
[2025-10-17T07:21:48.617+0000] {processor.py:179} INFO - Processing /home/airflow/.local/lib/python3.8/site-packages/airflow/example_dags/example_skip_dag.py took 0.079 seconds
[2025-10-17T07:22:19.640+0000] {processor.py:157} INFO - Started process (PID=859) to work on /home/airflow/.local/lib/python3.8/site-packages/airflow/example_dags/example_skip_dag.py
[2025-10-17T07:22:19.641+0000] {processor.py:829} INFO - Processing file /home/airflow/.local/lib/python3.8/site-packages/airflow/example_dags/example_skip_dag.py for tasks to queue
[2025-10-17T07:22:19.643+0000] {logging_mixin.py:154} INFO - [2025-10-17T07:22:19.643+0000] {dagbag.py:536} INFO - Filling up the DagBag from /home/airflow/.local/lib/python3.8/site-packages/airflow/example_dags/example_skip_dag.py
[2025-10-17T07:22:19.649+0000] {processor.py:839} INFO - DAG(s) dict_keys(['example_skip_dag']) retrieved from /home/airflow/.local/lib/python3.8/site-packages/airflow/example_dags/example_skip_dag.py
[2025-10-17T07:22:19.670+0000] {logging_mixin.py:154} INFO - [2025-10-17T07:22:19.669+0000] {dag.py:2941} INFO - Sync 1 DAGs
[2025-10-17T07:22:19.690+0000] {logging_mixin.py:154} INFO - [2025-10-17T07:22:19.689+0000] {dag.py:3722} INFO - Setting next_dagrun for example_skip_dag to 2025-10-16T07:22:19.689633+00:00, run_after=2025-10-17T07:22:19.689633+00:00
[2025-10-17T07:22:19.711+0000] {processor.py:179} INFO - Processing /home/airflow/.local/lib/python3.8/site-packages/airflow/example_dags/example_skip_dag.py took 0.075 seconds
[2025-10-17T07:22:51.302+0000] {processor.py:157} INFO - Started process (PID=915) to work on /home/airflow/.local/lib/python3.8/site-packages/airflow/example_dags/example_skip_dag.py
[2025-10-17T07:22:51.303+0000] {processor.py:829} INFO - Processing file /home/airflow/.local/lib/python3.8/site-packages/airflow/example_dags/example_skip_dag.py for tasks to queue
[2025-10-17T07:22:51.306+0000] {logging_mixin.py:154} INFO - [2025-10-17T07:22:51.305+0000] {dagbag.py:536} INFO - Filling up the DagBag from /home/airflow/.local/lib/python3.8/site-packages/airflow/example_dags/example_skip_dag.py
[2025-10-17T07:22:51.313+0000] {processor.py:839} INFO - DAG(s) dict_keys(['example_skip_dag']) retrieved from /home/airflow/.local/lib/python3.8/site-packages/airflow/example_dags/example_skip_dag.py
[2025-10-17T07:22:51.338+0000] {logging_mixin.py:154} INFO - [2025-10-17T07:22:51.338+0000] {dag.py:2941} INFO - Sync 1 DAGs
[2025-10-17T07:22:51.360+0000] {logging_mixin.py:154} INFO - [2025-10-17T07:22:51.359+0000] {dag.py:3722} INFO - Setting next_dagrun for example_skip_dag to 2025-10-16T07:22:51.359572+00:00, run_after=2025-10-17T07:22:51.359572+00:00
[2025-10-17T07:22:51.379+0000] {processor.py:179} INFO - Processing /home/airflow/.local/lib/python3.8/site-packages/airflow/example_dags/example_skip_dag.py took 0.082 seconds
[2025-10-17T07:23:22.290+0000] {processor.py:157} INFO - Started process (PID=971) to work on /home/airflow/.local/lib/python3.8/site-packages/airflow/example_dags/example_skip_dag.py
[2025-10-17T07:23:22.292+0000] {processor.py:829} INFO - Processing file /home/airflow/.local/lib/python3.8/site-packages/airflow/example_dags/example_skip_dag.py for tasks to queue
[2025-10-17T07:23:22.293+0000] {logging_mixin.py:154} INFO - [2025-10-17T07:23:22.293+0000] {dagbag.py:536} INFO - Filling up the DagBag from /home/airflow/.local/lib/python3.8/site-packages/airflow/example_dags/example_skip_dag.py
[2025-10-17T07:23:22.299+0000] {processor.py:839} INFO - DAG(s) dict_keys(['example_skip_dag']) retrieved from /home/airflow/.local/lib/python3.8/site-packages/airflow/example_dags/example_skip_dag.py
[2025-10-17T07:23:22.321+0000] {logging_mixin.py:154} INFO - [2025-10-17T07:23:22.321+0000] {dag.py:2941} INFO - Sync 1 DAGs
[2025-10-17T07:23:22.340+0000] {logging_mixin.py:154} INFO - [2025-10-17T07:23:22.340+0000] {dag.py:3722} INFO - Setting next_dagrun for example_skip_dag to 2025-10-16T07:23:22.340349+00:00, run_after=2025-10-17T07:23:22.340349+00:00
[2025-10-17T07:23:22.358+0000] {processor.py:179} INFO - Processing /home/airflow/.local/lib/python3.8/site-packages/airflow/example_dags/example_skip_dag.py took 0.071 seconds
[2025-10-17T07:23:52.697+0000] {processor.py:157} INFO - Started process (PID=1027) to work on /home/airflow/.local/lib/python3.8/site-packages/airflow/example_dags/example_skip_dag.py
[2025-10-17T07:23:52.698+0000] {processor.py:829} INFO - Processing file /home/airflow/.local/lib/python3.8/site-packages/airflow/example_dags/example_skip_dag.py for tasks to queue
[2025-10-17T07:23:52.701+0000] {logging_mixin.py:154} INFO - [2025-10-17T07:23:52.701+0000] {dagbag.py:536} INFO - Filling up the DagBag from /home/airflow/.local/lib/python3.8/site-packages/airflow/example_dags/example_skip_dag.py
[2025-10-17T07:23:52.708+0000] {processor.py:839} INFO - DAG(s) dict_keys(['example_skip_dag']) retrieved from /home/airflow/.local/lib/python3.8/site-packages/airflow/example_dags/example_skip_dag.py
[2025-10-17T07:23:52.733+0000] {logging_mixin.py:154} INFO - [2025-10-17T07:23:52.733+0000] {dag.py:2941} INFO - Sync 1 DAGs
[2025-10-17T07:23:52.755+0000] {logging_mixin.py:154} INFO - [2025-10-17T07:23:52.755+0000] {dag.py:3722} INFO - Setting next_dagrun for example_skip_dag to 2025-10-16T07:23:52.755268+00:00, run_after=2025-10-17T07:23:52.755268+00:00
[2025-10-17T07:23:52.777+0000] {processor.py:179} INFO - Processing /home/airflow/.local/lib/python3.8/site-packages/airflow/example_dags/example_skip_dag.py took 0.083 seconds
[2025-10-17T07:24:23.925+0000] {processor.py:157} INFO - Started process (PID=1083) to work on /home/airflow/.local/lib/python3.8/site-packages/airflow/example_dags/example_skip_dag.py
[2025-10-17T07:24:23.926+0000] {processor.py:829} INFO - Processing file /home/airflow/.local/lib/python3.8/site-packages/airflow/example_dags/example_skip_dag.py for tasks to queue
[2025-10-17T07:24:23.929+0000] {logging_mixin.py:154} INFO - [2025-10-17T07:24:23.928+0000] {dagbag.py:536} INFO - Filling up the DagBag from /home/airflow/.local/lib/python3.8/site-packages/airflow/example_dags/example_skip_dag.py
[2025-10-17T07:24:23.939+0000] {processor.py:839} INFO - DAG(s) dict_keys(['example_skip_dag']) retrieved from /home/airflow/.local/lib/python3.8/site-packages/airflow/example_dags/example_skip_dag.py
[2025-10-17T07:24:23.963+0000] {logging_mixin.py:154} INFO - [2025-10-17T07:24:23.962+0000] {dag.py:2941} INFO - Sync 1 DAGs
[2025-10-17T07:24:23.982+0000] {logging_mixin.py:154} INFO - [2025-10-17T07:24:23.982+0000] {dag.py:3722} INFO - Setting next_dagrun for example_skip_dag to 2025-10-16T07:24:23.982062+00:00, run_after=2025-10-17T07:24:23.982062+00:00
[2025-10-17T07:24:23.999+0000] {processor.py:179} INFO - Processing /home/airflow/.local/lib/python3.8/site-packages/airflow/example_dags/example_skip_dag.py took 0.079 seconds
[2025-10-17T07:24:54.928+0000] {processor.py:157} INFO - Started process (PID=1152) to work on /home/airflow/.local/lib/python3.8/site-packages/airflow/example_dags/example_skip_dag.py
[2025-10-17T07:24:54.930+0000] {processor.py:829} INFO - Processing file /home/airflow/.local/lib/python3.8/site-packages/airflow/example_dags/example_skip_dag.py for tasks to queue
[2025-10-17T07:24:54.932+0000] {logging_mixin.py:154} INFO - [2025-10-17T07:24:54.932+0000] {dagbag.py:536} INFO - Filling up the DagBag from /home/airflow/.local/lib/python3.8/site-packages/airflow/example_dags/example_skip_dag.py
[2025-10-17T07:24:54.938+0000] {processor.py:839} INFO - DAG(s) dict_keys(['example_skip_dag']) retrieved from /home/airflow/.local/lib/python3.8/site-packages/airflow/example_dags/example_skip_dag.py
[2025-10-17T07:24:54.959+0000] {logging_mixin.py:154} INFO - [2025-10-17T07:24:54.959+0000] {dag.py:2941} INFO - Sync 1 DAGs
[2025-10-17T07:24:54.978+0000] {logging_mixin.py:154} INFO - [2025-10-17T07:24:54.978+0000] {dag.py:3722} INFO - Setting next_dagrun for example_skip_dag to 2025-10-16T07:24:54.978584+00:00, run_after=2025-10-17T07:24:54.978584+00:00
[2025-10-17T07:24:54.996+0000] {processor.py:179} INFO - Processing /home/airflow/.local/lib/python3.8/site-packages/airflow/example_dags/example_skip_dag.py took 0.072 seconds
[2025-10-17T07:25:25.822+0000] {processor.py:157} INFO - Started process (PID=1208) to work on /home/airflow/.local/lib/python3.8/site-packages/airflow/example_dags/example_skip_dag.py
[2025-10-17T07:25:25.823+0000] {processor.py:829} INFO - Processing file /home/airflow/.local/lib/python3.8/site-packages/airflow/example_dags/example_skip_dag.py for tasks to queue
[2025-10-17T07:25:25.825+0000] {logging_mixin.py:154} INFO - [2025-10-17T07:25:25.825+0000] {dagbag.py:536} INFO - Filling up the DagBag from /home/airflow/.local/lib/python3.8/site-packages/airflow/example_dags/example_skip_dag.py
[2025-10-17T07:25:25.832+0000] {processor.py:839} INFO - DAG(s) dict_keys(['example_skip_dag']) retrieved from /home/airflow/.local/lib/python3.8/site-packages/airflow/example_dags/example_skip_dag.py
[2025-10-17T07:25:25.852+0000] {logging_mixin.py:154} INFO - [2025-10-17T07:25:25.852+0000] {dag.py:2941} INFO - Sync 1 DAGs
[2025-10-17T07:25:25.870+0000] {logging_mixin.py:154} INFO - [2025-10-17T07:25:25.870+0000] {dag.py:3722} INFO - Setting next_dagrun for example_skip_dag to 2025-10-16T07:25:25.870156+00:00, run_after=2025-10-17T07:25:25.870156+00:00
[2025-10-17T07:25:25.888+0000] {processor.py:179} INFO - Processing /home/airflow/.local/lib/python3.8/site-packages/airflow/example_dags/example_skip_dag.py took 0.069 seconds
[2025-10-17T07:25:56.326+0000] {processor.py:157} INFO - Started process (PID=1264) to work on /home/airflow/.local/lib/python3.8/site-packages/airflow/example_dags/example_skip_dag.py
[2025-10-17T07:25:56.327+0000] {processor.py:829} INFO - Processing file /home/airflow/.local/lib/python3.8/site-packages/airflow/example_dags/example_skip_dag.py for tasks to queue
[2025-10-17T07:25:56.329+0000] {logging_mixin.py:154} INFO - [2025-10-17T07:25:56.329+0000] {dagbag.py:536} INFO - Filling up the DagBag from /home/airflow/.local/lib/python3.8/site-packages/airflow/example_dags/example_skip_dag.py
[2025-10-17T07:25:56.335+0000] {processor.py:839} INFO - DAG(s) dict_keys(['example_skip_dag']) retrieved from /home/airflow/.local/lib/python3.8/site-packages/airflow/example_dags/example_skip_dag.py
[2025-10-17T07:25:56.486+0000] {logging_mixin.py:154} INFO - [2025-10-17T07:25:56.486+0000] {dag.py:2941} INFO - Sync 1 DAGs
[2025-10-17T07:25:56.505+0000] {logging_mixin.py:154} INFO - [2025-10-17T07:25:56.504+0000] {dag.py:3722} INFO - Setting next_dagrun for example_skip_dag to 2025-10-16T07:25:56.504660+00:00, run_after=2025-10-17T07:25:56.504660+00:00
[2025-10-17T07:25:56.521+0000] {processor.py:179} INFO - Processing /home/airflow/.local/lib/python3.8/site-packages/airflow/example_dags/example_skip_dag.py took 0.199 seconds
[2025-10-17T07:26:27.405+0000] {processor.py:157} INFO - Started process (PID=1322) to work on /home/airflow/.local/lib/python3.8/site-packages/airflow/example_dags/example_skip_dag.py
[2025-10-17T07:26:27.406+0000] {processor.py:829} INFO - Processing file /home/airflow/.local/lib/python3.8/site-packages/airflow/example_dags/example_skip_dag.py for tasks to queue
[2025-10-17T07:26:27.408+0000] {logging_mixin.py:154} INFO - [2025-10-17T07:26:27.408+0000] {dagbag.py:536} INFO - Filling up the DagBag from /home/airflow/.local/lib/python3.8/site-packages/airflow/example_dags/example_skip_dag.py
[2025-10-17T07:26:27.413+0000] {processor.py:839} INFO - DAG(s) dict_keys(['example_skip_dag']) retrieved from /home/airflow/.local/lib/python3.8/site-packages/airflow/example_dags/example_skip_dag.py
[2025-10-17T07:26:27.434+0000] {logging_mixin.py:154} INFO - [2025-10-17T07:26:27.433+0000] {dag.py:2941} INFO - Sync 1 DAGs
[2025-10-17T07:26:27.451+0000] {logging_mixin.py:154} INFO - [2025-10-17T07:26:27.451+0000] {dag.py:3722} INFO - Setting next_dagrun for example_skip_dag to 2025-10-16T07:26:27.451595+00:00, run_after=2025-10-17T07:26:27.451595+00:00
[2025-10-17T07:26:27.467+0000] {processor.py:179} INFO - Processing /home/airflow/.local/lib/python3.8/site-packages/airflow/example_dags/example_skip_dag.py took 0.065 seconds
[2025-10-17T07:26:57.737+0000] {processor.py:157} INFO - Started process (PID=1377) to work on /home/airflow/.local/lib/python3.8/site-packages/airflow/example_dags/example_skip_dag.py
[2025-10-17T07:26:57.738+0000] {processor.py:829} INFO - Processing file /home/airflow/.local/lib/python3.8/site-packages/airflow/example_dags/example_skip_dag.py for tasks to queue
[2025-10-17T07:26:57.740+0000] {logging_mixin.py:154} INFO - [2025-10-17T07:26:57.739+0000] {dagbag.py:536} INFO - Filling up the DagBag from /home/airflow/.local/lib/python3.8/site-packages/airflow/example_dags/example_skip_dag.py
[2025-10-17T07:26:57.745+0000] {processor.py:839} INFO - DAG(s) dict_keys(['example_skip_dag']) retrieved from /home/airflow/.local/lib/python3.8/site-packages/airflow/example_dags/example_skip_dag.py
[2025-10-17T07:26:57.765+0000] {logging_mixin.py:154} INFO - [2025-10-17T07:26:57.765+0000] {dag.py:2941} INFO - Sync 1 DAGs
[2025-10-17T07:26:57.783+0000] {logging_mixin.py:154} INFO - [2025-10-17T07:26:57.782+0000] {dag.py:3722} INFO - Setting next_dagrun for example_skip_dag to 2025-10-16T07:26:57.782641+00:00, run_after=2025-10-17T07:26:57.782641+00:00
[2025-10-17T07:26:57.799+0000] {processor.py:179} INFO - Processing /home/airflow/.local/lib/python3.8/site-packages/airflow/example_dags/example_skip_dag.py took 0.065 seconds
[2025-10-17T07:27:27.842+0000] {processor.py:157} INFO - Started process (PID=1431) to work on /home/airflow/.local/lib/python3.8/site-packages/airflow/example_dags/example_skip_dag.py
[2025-10-17T07:27:27.843+0000] {processor.py:829} INFO - Processing file /home/airflow/.local/lib/python3.8/site-packages/airflow/example_dags/example_skip_dag.py for tasks to queue
[2025-10-17T07:27:27.845+0000] {logging_mixin.py:154} INFO - [2025-10-17T07:27:27.845+0000] {dagbag.py:536} INFO - Filling up the DagBag from /home/airflow/.local/lib/python3.8/site-packages/airflow/example_dags/example_skip_dag.py
[2025-10-17T07:27:27.850+0000] {processor.py:839} INFO - DAG(s) dict_keys(['example_skip_dag']) retrieved from /home/airflow/.local/lib/python3.8/site-packages/airflow/example_dags/example_skip_dag.py
[2025-10-17T07:27:27.869+0000] {logging_mixin.py:154} INFO - [2025-10-17T07:27:27.869+0000] {dag.py:2941} INFO - Sync 1 DAGs
[2025-10-17T07:27:27.886+0000] {logging_mixin.py:154} INFO - [2025-10-17T07:27:27.885+0000] {dag.py:3722} INFO - Setting next_dagrun for example_skip_dag to 2025-10-16T07:27:27.885599+00:00, run_after=2025-10-17T07:27:27.885599+00:00
[2025-10-17T07:27:27.900+0000] {processor.py:179} INFO - Processing /home/airflow/.local/lib/python3.8/site-packages/airflow/example_dags/example_skip_dag.py took 0.061 seconds
[2025-10-17T07:27:58.063+0000] {processor.py:157} INFO - Started process (PID=1487) to work on /home/airflow/.local/lib/python3.8/site-packages/airflow/example_dags/example_skip_dag.py
[2025-10-17T07:27:58.064+0000] {processor.py:829} INFO - Processing file /home/airflow/.local/lib/python3.8/site-packages/airflow/example_dags/example_skip_dag.py for tasks to queue
[2025-10-17T07:27:58.065+0000] {logging_mixin.py:154} INFO - [2025-10-17T07:27:58.064+0000] {dagbag.py:536} INFO - Filling up the DagBag from /home/airflow/.local/lib/python3.8/site-packages/airflow/example_dags/example_skip_dag.py
[2025-10-17T07:27:58.073+0000] {processor.py:839} INFO - DAG(s) dict_keys(['example_skip_dag']) retrieved from /home/airflow/.local/lib/python3.8/site-packages/airflow/example_dags/example_skip_dag.py
[2025-10-17T07:27:58.093+0000] {logging_mixin.py:154} INFO - [2025-10-17T07:27:58.093+0000] {dag.py:2941} INFO - Sync 1 DAGs
[2025-10-17T07:27:58.112+0000] {logging_mixin.py:154} INFO - [2025-10-17T07:27:58.111+0000] {dag.py:3722} INFO - Setting next_dagrun for example_skip_dag to 2025-10-16T07:27:58.111736+00:00, run_after=2025-10-17T07:27:58.111736+00:00
[2025-10-17T07:27:58.129+0000] {processor.py:179} INFO - Processing /home/airflow/.local/lib/python3.8/site-packages/airflow/example_dags/example_skip_dag.py took 0.071 seconds
[2025-10-17T07:28:28.408+0000] {processor.py:157} INFO - Started process (PID=1545) to work on /home/airflow/.local/lib/python3.8/site-packages/airflow/example_dags/example_skip_dag.py
[2025-10-17T07:28:28.409+0000] {processor.py:829} INFO - Processing file /home/airflow/.local/lib/python3.8/site-packages/airflow/example_dags/example_skip_dag.py for tasks to queue
[2025-10-17T07:28:28.410+0000] {logging_mixin.py:154} INFO - [2025-10-17T07:28:28.410+0000] {dagbag.py:536} INFO - Filling up the DagBag from /home/airflow/.local/lib/python3.8/site-packages/airflow/example_dags/example_skip_dag.py
[2025-10-17T07:28:28.416+0000] {processor.py:839} INFO - DAG(s) dict_keys(['example_skip_dag']) retrieved from /home/airflow/.local/lib/python3.8/site-packages/airflow/example_dags/example_skip_dag.py
[2025-10-17T07:28:28.437+0000] {logging_mixin.py:154} INFO - [2025-10-17T07:28:28.436+0000] {dag.py:2941} INFO - Sync 1 DAGs
[2025-10-17T07:28:28.454+0000] {logging_mixin.py:154} INFO - [2025-10-17T07:28:28.453+0000] {dag.py:3722} INFO - Setting next_dagrun for example_skip_dag to 2025-10-16T07:28:28.453731+00:00, run_after=2025-10-17T07:28:28.453731+00:00
[2025-10-17T07:28:28.470+0000] {processor.py:179} INFO - Processing /home/airflow/.local/lib/python3.8/site-packages/airflow/example_dags/example_skip_dag.py took 0.065 seconds
[2025-10-17T07:28:58.773+0000] {processor.py:157} INFO - Started process (PID=1601) to work on /home/airflow/.local/lib/python3.8/site-packages/airflow/example_dags/example_skip_dag.py
[2025-10-17T07:28:58.774+0000] {processor.py:829} INFO - Processing file /home/airflow/.local/lib/python3.8/site-packages/airflow/example_dags/example_skip_dag.py for tasks to queue
[2025-10-17T07:28:58.775+0000] {logging_mixin.py:154} INFO - [2025-10-17T07:28:58.775+0000] {dagbag.py:536} INFO - Filling up the DagBag from /home/airflow/.local/lib/python3.8/site-packages/airflow/example_dags/example_skip_dag.py
[2025-10-17T07:28:58.784+0000] {processor.py:839} INFO - DAG(s) dict_keys(['example_skip_dag']) retrieved from /home/airflow/.local/lib/python3.8/site-packages/airflow/example_dags/example_skip_dag.py
[2025-10-17T07:28:58.802+0000] {logging_mixin.py:154} INFO - [2025-10-17T07:28:58.802+0000] {dag.py:2941} INFO - Sync 1 DAGs
[2025-10-17T07:28:58.819+0000] {logging_mixin.py:154} INFO - [2025-10-17T07:28:58.819+0000] {dag.py:3722} INFO - Setting next_dagrun for example_skip_dag to 2025-10-16T07:28:58.819164+00:00, run_after=2025-10-17T07:28:58.819164+00:00
[2025-10-17T07:28:58.835+0000] {processor.py:179} INFO - Processing /home/airflow/.local/lib/python3.8/site-packages/airflow/example_dags/example_skip_dag.py took 0.064 seconds
[2025-10-17T07:30:21.614+0000] {processor.py:157} INFO - Started process (PID=85) to work on /home/airflow/.local/lib/python3.8/site-packages/airflow/example_dags/example_skip_dag.py
[2025-10-17T07:30:21.616+0000] {processor.py:829} INFO - Processing file /home/airflow/.local/lib/python3.8/site-packages/airflow/example_dags/example_skip_dag.py for tasks to queue
[2025-10-17T07:30:21.621+0000] {logging_mixin.py:154} INFO - [2025-10-17T07:30:21.620+0000] {dagbag.py:536} INFO - Filling up the DagBag from /home/airflow/.local/lib/python3.8/site-packages/airflow/example_dags/example_skip_dag.py
[2025-10-17T07:30:21.642+0000] {processor.py:839} INFO - DAG(s) dict_keys(['example_skip_dag']) retrieved from /home/airflow/.local/lib/python3.8/site-packages/airflow/example_dags/example_skip_dag.py
[2025-10-17T07:30:21.838+0000] {logging_mixin.py:154} INFO - [2025-10-17T07:30:21.837+0000] {manager.py:499} INFO - Created Permission View: %s
[2025-10-17T07:30:21.860+0000] {logging_mixin.py:154} INFO - [2025-10-17T07:30:21.859+0000] {manager.py:499} INFO - Created Permission View: %s
[2025-10-17T07:30:21.876+0000] {logging_mixin.py:154} INFO - [2025-10-17T07:30:21.875+0000] {manager.py:499} INFO - Created Permission View: %s
[2025-10-17T07:30:21.876+0000] {logging_mixin.py:154} INFO - [2025-10-17T07:30:21.876+0000] {dag.py:2941} INFO - Sync 1 DAGs
[2025-10-17T07:30:21.894+0000] {logging_mixin.py:154} INFO - [2025-10-17T07:30:21.894+0000] {dag.py:2963} INFO - Creating ORM DAG for example_skip_dag
[2025-10-17T07:30:21.905+0000] {logging_mixin.py:154} INFO - [2025-10-17T07:30:21.905+0000] {dag.py:3722} INFO - Setting next_dagrun for example_skip_dag to 2025-10-16T07:30:21.904953+00:00, run_after=2025-10-17T07:30:21.904953+00:00
[2025-10-17T07:30:21.944+0000] {processor.py:179} INFO - Processing /home/airflow/.local/lib/python3.8/site-packages/airflow/example_dags/example_skip_dag.py took 0.337 seconds
[2025-10-17T07:30:52.502+0000] {processor.py:157} INFO - Started process (PID=141) to work on /home/airflow/.local/lib/python3.8/site-packages/airflow/example_dags/example_skip_dag.py
[2025-10-17T07:30:52.504+0000] {processor.py:829} INFO - Processing file /home/airflow/.local/lib/python3.8/site-packages/airflow/example_dags/example_skip_dag.py for tasks to queue
[2025-10-17T07:30:52.507+0000] {logging_mixin.py:154} INFO - [2025-10-17T07:30:52.507+0000] {dagbag.py:536} INFO - Filling up the DagBag from /home/airflow/.local/lib/python3.8/site-packages/airflow/example_dags/example_skip_dag.py
[2025-10-17T07:30:52.517+0000] {processor.py:839} INFO - DAG(s) dict_keys(['example_skip_dag']) retrieved from /home/airflow/.local/lib/python3.8/site-packages/airflow/example_dags/example_skip_dag.py
[2025-10-17T07:30:52.549+0000] {logging_mixin.py:154} INFO - [2025-10-17T07:30:52.549+0000] {dag.py:2941} INFO - Sync 1 DAGs
[2025-10-17T07:30:52.580+0000] {logging_mixin.py:154} INFO - [2025-10-17T07:30:52.579+0000] {dag.py:3722} INFO - Setting next_dagrun for example_skip_dag to 2025-10-16T07:30:52.579457+00:00, run_after=2025-10-17T07:30:52.579457+00:00
[2025-10-17T07:30:52.614+0000] {processor.py:179} INFO - Processing /home/airflow/.local/lib/python3.8/site-packages/airflow/example_dags/example_skip_dag.py took 0.116 seconds
[2025-10-17T07:31:23.393+0000] {processor.py:157} INFO - Started process (PID=197) to work on /home/airflow/.local/lib/python3.8/site-packages/airflow/example_dags/example_skip_dag.py
[2025-10-17T07:31:23.395+0000] {processor.py:829} INFO - Processing file /home/airflow/.local/lib/python3.8/site-packages/airflow/example_dags/example_skip_dag.py for tasks to queue
[2025-10-17T07:31:23.397+0000] {logging_mixin.py:154} INFO - [2025-10-17T07:31:23.397+0000] {dagbag.py:536} INFO - Filling up the DagBag from /home/airflow/.local/lib/python3.8/site-packages/airflow/example_dags/example_skip_dag.py
[2025-10-17T07:31:23.405+0000] {processor.py:839} INFO - DAG(s) dict_keys(['example_skip_dag']) retrieved from /home/airflow/.local/lib/python3.8/site-packages/airflow/example_dags/example_skip_dag.py
[2025-10-17T07:31:23.434+0000] {logging_mixin.py:154} INFO - [2025-10-17T07:31:23.434+0000] {dag.py:2941} INFO - Sync 1 DAGs
[2025-10-17T07:31:23.463+0000] {logging_mixin.py:154} INFO - [2025-10-17T07:31:23.462+0000] {dag.py:3722} INFO - Setting next_dagrun for example_skip_dag to 2025-10-16T07:31:23.462388+00:00, run_after=2025-10-17T07:31:23.462388+00:00
[2025-10-17T07:31:23.491+0000] {processor.py:179} INFO - Processing /home/airflow/.local/lib/python3.8/site-packages/airflow/example_dags/example_skip_dag.py took 0.104 seconds
[2025-10-17T07:31:53.763+0000] {processor.py:157} INFO - Started process (PID=253) to work on /home/airflow/.local/lib/python3.8/site-packages/airflow/example_dags/example_skip_dag.py
[2025-10-17T07:31:53.765+0000] {processor.py:829} INFO - Processing file /home/airflow/.local/lib/python3.8/site-packages/airflow/example_dags/example_skip_dag.py for tasks to queue
[2025-10-17T07:31:53.769+0000] {logging_mixin.py:154} INFO - [2025-10-17T07:31:53.768+0000] {dagbag.py:536} INFO - Filling up the DagBag from /home/airflow/.local/lib/python3.8/site-packages/airflow/example_dags/example_skip_dag.py
[2025-10-17T07:31:53.777+0000] {processor.py:839} INFO - DAG(s) dict_keys(['example_skip_dag']) retrieved from /home/airflow/.local/lib/python3.8/site-packages/airflow/example_dags/example_skip_dag.py
[2025-10-17T07:31:53.805+0000] {logging_mixin.py:154} INFO - [2025-10-17T07:31:53.804+0000] {dag.py:2941} INFO - Sync 1 DAGs
[2025-10-17T07:31:53.833+0000] {logging_mixin.py:154} INFO - [2025-10-17T07:31:53.832+0000] {dag.py:3722} INFO - Setting next_dagrun for example_skip_dag to 2025-10-16T07:31:53.832571+00:00, run_after=2025-10-17T07:31:53.832571+00:00
[2025-10-17T07:31:53.856+0000] {processor.py:179} INFO - Processing /home/airflow/.local/lib/python3.8/site-packages/airflow/example_dags/example_skip_dag.py took 0.099 seconds
[2025-10-17T07:32:24.710+0000] {processor.py:157} INFO - Started process (PID=311) to work on /home/airflow/.local/lib/python3.8/site-packages/airflow/example_dags/example_skip_dag.py
[2025-10-17T07:32:24.711+0000] {processor.py:829} INFO - Processing file /home/airflow/.local/lib/python3.8/site-packages/airflow/example_dags/example_skip_dag.py for tasks to queue
[2025-10-17T07:32:24.714+0000] {logging_mixin.py:154} INFO - [2025-10-17T07:32:24.713+0000] {dagbag.py:536} INFO - Filling up the DagBag from /home/airflow/.local/lib/python3.8/site-packages/airflow/example_dags/example_skip_dag.py
[2025-10-17T07:32:24.720+0000] {processor.py:839} INFO - DAG(s) dict_keys(['example_skip_dag']) retrieved from /home/airflow/.local/lib/python3.8/site-packages/airflow/example_dags/example_skip_dag.py
[2025-10-17T07:32:24.741+0000] {logging_mixin.py:154} INFO - [2025-10-17T07:32:24.741+0000] {dag.py:2941} INFO - Sync 1 DAGs
[2025-10-17T07:32:24.761+0000] {logging_mixin.py:154} INFO - [2025-10-17T07:32:24.760+0000] {dag.py:3722} INFO - Setting next_dagrun for example_skip_dag to 2025-10-16T07:32:24.760573+00:00, run_after=2025-10-17T07:32:24.760573+00:00
[2025-10-17T07:32:24.779+0000] {processor.py:179} INFO - Processing /home/airflow/.local/lib/python3.8/site-packages/airflow/example_dags/example_skip_dag.py took 0.072 seconds
[2025-10-17T07:35:44.166+0000] {processor.py:157} INFO - Started process (PID=81) to work on /home/airflow/.local/lib/python3.8/site-packages/airflow/example_dags/example_skip_dag.py
[2025-10-17T07:35:44.167+0000] {processor.py:829} INFO - Processing file /home/airflow/.local/lib/python3.8/site-packages/airflow/example_dags/example_skip_dag.py for tasks to queue
[2025-10-17T07:35:44.169+0000] {logging_mixin.py:154} INFO - [2025-10-17T07:35:44.169+0000] {dagbag.py:536} INFO - Filling up the DagBag from /home/airflow/.local/lib/python3.8/site-packages/airflow/example_dags/example_skip_dag.py
[2025-10-17T07:35:44.179+0000] {processor.py:839} INFO - DAG(s) dict_keys(['example_skip_dag']) retrieved from /home/airflow/.local/lib/python3.8/site-packages/airflow/example_dags/example_skip_dag.py
[2025-10-17T07:35:44.310+0000] {logging_mixin.py:154} INFO - [2025-10-17T07:35:44.310+0000] {manager.py:499} INFO - Created Permission View: %s
[2025-10-17T07:35:44.322+0000] {logging_mixin.py:154} INFO - [2025-10-17T07:35:44.322+0000] {manager.py:499} INFO - Created Permission View: %s
[2025-10-17T07:35:44.328+0000] {logging_mixin.py:154} INFO - [2025-10-17T07:35:44.328+0000] {manager.py:499} INFO - Created Permission View: %s
[2025-10-17T07:35:44.329+0000] {logging_mixin.py:154} INFO - [2025-10-17T07:35:44.329+0000] {dag.py:2941} INFO - Sync 1 DAGs
[2025-10-17T07:35:44.340+0000] {logging_mixin.py:154} INFO - [2025-10-17T07:35:44.340+0000] {dag.py:2963} INFO - Creating ORM DAG for example_skip_dag
[2025-10-17T07:35:44.348+0000] {logging_mixin.py:154} INFO - [2025-10-17T07:35:44.348+0000] {dag.py:3722} INFO - Setting next_dagrun for example_skip_dag to 2025-10-16T07:35:44.348319+00:00, run_after=2025-10-17T07:35:44.348319+00:00
[2025-10-17T07:35:44.368+0000] {processor.py:179} INFO - Processing /home/airflow/.local/lib/python3.8/site-packages/airflow/example_dags/example_skip_dag.py took 0.205 seconds
[2025-10-17T07:36:15.232+0000] {processor.py:157} INFO - Started process (PID=137) to work on /home/airflow/.local/lib/python3.8/site-packages/airflow/example_dags/example_skip_dag.py
[2025-10-17T07:36:15.233+0000] {processor.py:829} INFO - Processing file /home/airflow/.local/lib/python3.8/site-packages/airflow/example_dags/example_skip_dag.py for tasks to queue
[2025-10-17T07:36:15.235+0000] {logging_mixin.py:154} INFO - [2025-10-17T07:36:15.235+0000] {dagbag.py:536} INFO - Filling up the DagBag from /home/airflow/.local/lib/python3.8/site-packages/airflow/example_dags/example_skip_dag.py
[2025-10-17T07:36:15.241+0000] {processor.py:839} INFO - DAG(s) dict_keys(['example_skip_dag']) retrieved from /home/airflow/.local/lib/python3.8/site-packages/airflow/example_dags/example_skip_dag.py
[2025-10-17T07:36:15.260+0000] {logging_mixin.py:154} INFO - [2025-10-17T07:36:15.260+0000] {dag.py:2941} INFO - Sync 1 DAGs
[2025-10-17T07:36:15.278+0000] {logging_mixin.py:154} INFO - [2025-10-17T07:36:15.278+0000] {dag.py:3722} INFO - Setting next_dagrun for example_skip_dag to 2025-10-16T07:36:15.278484+00:00, run_after=2025-10-17T07:36:15.278484+00:00
[2025-10-17T07:36:15.295+0000] {processor.py:179} INFO - Processing /home/airflow/.local/lib/python3.8/site-packages/airflow/example_dags/example_skip_dag.py took 0.067 seconds
[2025-10-17T07:36:45.737+0000] {processor.py:157} INFO - Started process (PID=193) to work on /home/airflow/.local/lib/python3.8/site-packages/airflow/example_dags/example_skip_dag.py
[2025-10-17T07:36:45.738+0000] {processor.py:829} INFO - Processing file /home/airflow/.local/lib/python3.8/site-packages/airflow/example_dags/example_skip_dag.py for tasks to queue
[2025-10-17T07:36:45.740+0000] {logging_mixin.py:154} INFO - [2025-10-17T07:36:45.740+0000] {dagbag.py:536} INFO - Filling up the DagBag from /home/airflow/.local/lib/python3.8/site-packages/airflow/example_dags/example_skip_dag.py
[2025-10-17T07:36:45.746+0000] {processor.py:839} INFO - DAG(s) dict_keys(['example_skip_dag']) retrieved from /home/airflow/.local/lib/python3.8/site-packages/airflow/example_dags/example_skip_dag.py
[2025-10-17T07:36:45.767+0000] {logging_mixin.py:154} INFO - [2025-10-17T07:36:45.767+0000] {dag.py:2941} INFO - Sync 1 DAGs
[2025-10-17T07:36:45.788+0000] {logging_mixin.py:154} INFO - [2025-10-17T07:36:45.788+0000] {dag.py:3722} INFO - Setting next_dagrun for example_skip_dag to 2025-10-16T07:36:45.788431+00:00, run_after=2025-10-17T07:36:45.788431+00:00
[2025-10-17T07:36:45.806+0000] {processor.py:179} INFO - Processing /home/airflow/.local/lib/python3.8/site-packages/airflow/example_dags/example_skip_dag.py took 0.072 seconds
[2025-10-17T07:37:16.164+0000] {processor.py:157} INFO - Started process (PID=249) to work on /home/airflow/.local/lib/python3.8/site-packages/airflow/example_dags/example_skip_dag.py
[2025-10-17T07:37:16.165+0000] {processor.py:829} INFO - Processing file /home/airflow/.local/lib/python3.8/site-packages/airflow/example_dags/example_skip_dag.py for tasks to queue
[2025-10-17T07:37:16.167+0000] {logging_mixin.py:154} INFO - [2025-10-17T07:37:16.167+0000] {dagbag.py:536} INFO - Filling up the DagBag from /home/airflow/.local/lib/python3.8/site-packages/airflow/example_dags/example_skip_dag.py
[2025-10-17T07:37:16.173+0000] {processor.py:839} INFO - DAG(s) dict_keys(['example_skip_dag']) retrieved from /home/airflow/.local/lib/python3.8/site-packages/airflow/example_dags/example_skip_dag.py
[2025-10-17T07:37:16.193+0000] {logging_mixin.py:154} INFO - [2025-10-17T07:37:16.193+0000] {dag.py:2941} INFO - Sync 1 DAGs
[2025-10-17T07:37:16.212+0000] {logging_mixin.py:154} INFO - [2025-10-17T07:37:16.212+0000] {dag.py:3722} INFO - Setting next_dagrun for example_skip_dag to 2025-10-16T07:37:16.212067+00:00, run_after=2025-10-17T07:37:16.212067+00:00
[2025-10-17T07:37:16.232+0000] {processor.py:179} INFO - Processing /home/airflow/.local/lib/python3.8/site-packages/airflow/example_dags/example_skip_dag.py took 0.071 seconds
[2025-10-17T07:38:45.446+0000] {processor.py:157} INFO - Started process (PID=82) to work on /home/airflow/.local/lib/python3.8/site-packages/airflow/example_dags/example_skip_dag.py
[2025-10-17T07:38:45.448+0000] {processor.py:829} INFO - Processing file /home/airflow/.local/lib/python3.8/site-packages/airflow/example_dags/example_skip_dag.py for tasks to queue
[2025-10-17T07:38:45.451+0000] {logging_mixin.py:154} INFO - [2025-10-17T07:38:45.450+0000] {dagbag.py:536} INFO - Filling up the DagBag from /home/airflow/.local/lib/python3.8/site-packages/airflow/example_dags/example_skip_dag.py
[2025-10-17T07:38:45.463+0000] {processor.py:839} INFO - DAG(s) dict_keys(['example_skip_dag']) retrieved from /home/airflow/.local/lib/python3.8/site-packages/airflow/example_dags/example_skip_dag.py
[2025-10-17T07:38:45.598+0000] {logging_mixin.py:154} INFO - [2025-10-17T07:38:45.598+0000] {manager.py:499} INFO - Created Permission View: %s
[2025-10-17T07:38:45.629+0000] {logging_mixin.py:154} INFO - [2025-10-17T07:38:45.629+0000] {manager.py:499} INFO - Created Permission View: %s
[2025-10-17T07:38:45.641+0000] {logging_mixin.py:154} INFO - [2025-10-17T07:38:45.640+0000] {manager.py:499} INFO - Created Permission View: %s
[2025-10-17T07:38:45.642+0000] {logging_mixin.py:154} INFO - [2025-10-17T07:38:45.642+0000] {dag.py:2941} INFO - Sync 1 DAGs
[2025-10-17T07:38:45.662+0000] {logging_mixin.py:154} INFO - [2025-10-17T07:38:45.662+0000] {dag.py:2963} INFO - Creating ORM DAG for example_skip_dag
[2025-10-17T07:38:45.678+0000] {logging_mixin.py:154} INFO - [2025-10-17T07:38:45.678+0000] {dag.py:3722} INFO - Setting next_dagrun for example_skip_dag to 2025-10-16T07:38:45.677354+00:00, run_after=2025-10-17T07:38:45.677354+00:00
[2025-10-17T07:38:45.708+0000] {processor.py:179} INFO - Processing /home/airflow/.local/lib/python3.8/site-packages/airflow/example_dags/example_skip_dag.py took 0.266 seconds
[2025-10-17T07:39:16.614+0000] {processor.py:157} INFO - Started process (PID=138) to work on /home/airflow/.local/lib/python3.8/site-packages/airflow/example_dags/example_skip_dag.py
[2025-10-17T07:39:16.616+0000] {processor.py:829} INFO - Processing file /home/airflow/.local/lib/python3.8/site-packages/airflow/example_dags/example_skip_dag.py for tasks to queue
[2025-10-17T07:39:16.618+0000] {logging_mixin.py:154} INFO - [2025-10-17T07:39:16.618+0000] {dagbag.py:536} INFO - Filling up the DagBag from /home/airflow/.local/lib/python3.8/site-packages/airflow/example_dags/example_skip_dag.py
[2025-10-17T07:39:16.625+0000] {processor.py:839} INFO - DAG(s) dict_keys(['example_skip_dag']) retrieved from /home/airflow/.local/lib/python3.8/site-packages/airflow/example_dags/example_skip_dag.py
[2025-10-17T07:39:16.655+0000] {logging_mixin.py:154} INFO - [2025-10-17T07:39:16.654+0000] {dag.py:2941} INFO - Sync 1 DAGs
[2025-10-17T07:39:16.678+0000] {logging_mixin.py:154} INFO - [2025-10-17T07:39:16.678+0000] {dag.py:3722} INFO - Setting next_dagrun for example_skip_dag to 2025-10-16T07:39:16.677906+00:00, run_after=2025-10-17T07:39:16.677906+00:00
[2025-10-17T07:39:16.704+0000] {processor.py:179} INFO - Processing /home/airflow/.local/lib/python3.8/site-packages/airflow/example_dags/example_skip_dag.py took 0.095 seconds
[2025-10-17T07:39:46.761+0000] {processor.py:157} INFO - Started process (PID=193) to work on /home/airflow/.local/lib/python3.8/site-packages/airflow/example_dags/example_skip_dag.py
[2025-10-17T07:39:46.762+0000] {processor.py:829} INFO - Processing file /home/airflow/.local/lib/python3.8/site-packages/airflow/example_dags/example_skip_dag.py for tasks to queue
[2025-10-17T07:39:46.765+0000] {logging_mixin.py:154} INFO - [2025-10-17T07:39:46.765+0000] {dagbag.py:536} INFO - Filling up the DagBag from /home/airflow/.local/lib/python3.8/site-packages/airflow/example_dags/example_skip_dag.py
[2025-10-17T07:39:46.771+0000] {processor.py:839} INFO - DAG(s) dict_keys(['example_skip_dag']) retrieved from /home/airflow/.local/lib/python3.8/site-packages/airflow/example_dags/example_skip_dag.py
[2025-10-17T07:39:46.793+0000] {logging_mixin.py:154} INFO - [2025-10-17T07:39:46.792+0000] {dag.py:2941} INFO - Sync 1 DAGs
[2025-10-17T07:39:46.811+0000] {logging_mixin.py:154} INFO - [2025-10-17T07:39:46.811+0000] {dag.py:3722} INFO - Setting next_dagrun for example_skip_dag to 2025-10-16T07:39:46.811157+00:00, run_after=2025-10-17T07:39:46.811157+00:00
[2025-10-17T07:39:46.826+0000] {processor.py:179} INFO - Processing /home/airflow/.local/lib/python3.8/site-packages/airflow/example_dags/example_skip_dag.py took 0.069 seconds
[2025-10-17T07:40:17.244+0000] {processor.py:157} INFO - Started process (PID=250) to work on /home/airflow/.local/lib/python3.8/site-packages/airflow/example_dags/example_skip_dag.py
[2025-10-17T07:40:17.245+0000] {processor.py:829} INFO - Processing file /home/airflow/.local/lib/python3.8/site-packages/airflow/example_dags/example_skip_dag.py for tasks to queue
[2025-10-17T07:40:17.248+0000] {logging_mixin.py:154} INFO - [2025-10-17T07:40:17.247+0000] {dagbag.py:536} INFO - Filling up the DagBag from /home/airflow/.local/lib/python3.8/site-packages/airflow/example_dags/example_skip_dag.py
[2025-10-17T07:40:17.254+0000] {processor.py:839} INFO - DAG(s) dict_keys(['example_skip_dag']) retrieved from /home/airflow/.local/lib/python3.8/site-packages/airflow/example_dags/example_skip_dag.py
[2025-10-17T07:40:17.275+0000] {logging_mixin.py:154} INFO - [2025-10-17T07:40:17.275+0000] {dag.py:2941} INFO - Sync 1 DAGs
[2025-10-17T07:40:17.293+0000] {logging_mixin.py:154} INFO - [2025-10-17T07:40:17.293+0000] {dag.py:3722} INFO - Setting next_dagrun for example_skip_dag to 2025-10-16T07:40:17.293279+00:00, run_after=2025-10-17T07:40:17.293279+00:00
[2025-10-17T07:40:17.308+0000] {processor.py:179} INFO - Processing /home/airflow/.local/lib/python3.8/site-packages/airflow/example_dags/example_skip_dag.py took 0.068 seconds
[2025-10-17T07:40:47.766+0000] {processor.py:157} INFO - Started process (PID=306) to work on /home/airflow/.local/lib/python3.8/site-packages/airflow/example_dags/example_skip_dag.py
[2025-10-17T07:40:47.767+0000] {processor.py:829} INFO - Processing file /home/airflow/.local/lib/python3.8/site-packages/airflow/example_dags/example_skip_dag.py for tasks to queue
[2025-10-17T07:40:47.769+0000] {logging_mixin.py:154} INFO - [2025-10-17T07:40:47.769+0000] {dagbag.py:536} INFO - Filling up the DagBag from /home/airflow/.local/lib/python3.8/site-packages/airflow/example_dags/example_skip_dag.py
[2025-10-17T07:40:47.775+0000] {processor.py:839} INFO - DAG(s) dict_keys(['example_skip_dag']) retrieved from /home/airflow/.local/lib/python3.8/site-packages/airflow/example_dags/example_skip_dag.py
[2025-10-17T07:40:47.795+0000] {logging_mixin.py:154} INFO - [2025-10-17T07:40:47.795+0000] {dag.py:2941} INFO - Sync 1 DAGs
[2025-10-17T07:40:47.815+0000] {logging_mixin.py:154} INFO - [2025-10-17T07:40:47.814+0000] {dag.py:3722} INFO - Setting next_dagrun for example_skip_dag to 2025-10-16T07:40:47.814712+00:00, run_after=2025-10-17T07:40:47.814712+00:00
[2025-10-17T07:40:47.832+0000] {processor.py:179} INFO - Processing /home/airflow/.local/lib/python3.8/site-packages/airflow/example_dags/example_skip_dag.py took 0.069 seconds
[2025-10-17T07:41:18.452+0000] {processor.py:157} INFO - Started process (PID=362) to work on /home/airflow/.local/lib/python3.8/site-packages/airflow/example_dags/example_skip_dag.py
[2025-10-17T07:41:18.453+0000] {processor.py:829} INFO - Processing file /home/airflow/.local/lib/python3.8/site-packages/airflow/example_dags/example_skip_dag.py for tasks to queue
[2025-10-17T07:41:18.456+0000] {logging_mixin.py:154} INFO - [2025-10-17T07:41:18.455+0000] {dagbag.py:536} INFO - Filling up the DagBag from /home/airflow/.local/lib/python3.8/site-packages/airflow/example_dags/example_skip_dag.py
[2025-10-17T07:41:18.462+0000] {processor.py:839} INFO - DAG(s) dict_keys(['example_skip_dag']) retrieved from /home/airflow/.local/lib/python3.8/site-packages/airflow/example_dags/example_skip_dag.py
[2025-10-17T07:41:18.494+0000] {logging_mixin.py:154} INFO - [2025-10-17T07:41:18.494+0000] {dag.py:2941} INFO - Sync 1 DAGs
[2025-10-17T07:41:18.536+0000] {logging_mixin.py:154} INFO - [2025-10-17T07:41:18.536+0000] {dag.py:3722} INFO - Setting next_dagrun for example_skip_dag to 2025-10-16T07:41:18.536250+00:00, run_after=2025-10-17T07:41:18.536250+00:00
[2025-10-17T07:41:18.565+0000] {processor.py:179} INFO - Processing /home/airflow/.local/lib/python3.8/site-packages/airflow/example_dags/example_skip_dag.py took 0.117 seconds
[2025-10-17T07:42:28.844+0000] {processor.py:157} INFO - Started process (PID=81) to work on /home/airflow/.local/lib/python3.8/site-packages/airflow/example_dags/example_skip_dag.py
[2025-10-17T07:42:28.845+0000] {processor.py:829} INFO - Processing file /home/airflow/.local/lib/python3.8/site-packages/airflow/example_dags/example_skip_dag.py for tasks to queue
[2025-10-17T07:42:28.848+0000] {logging_mixin.py:154} INFO - [2025-10-17T07:42:28.848+0000] {dagbag.py:536} INFO - Filling up the DagBag from /home/airflow/.local/lib/python3.8/site-packages/airflow/example_dags/example_skip_dag.py
[2025-10-17T07:42:28.858+0000] {processor.py:839} INFO - DAG(s) dict_keys(['example_skip_dag']) retrieved from /home/airflow/.local/lib/python3.8/site-packages/airflow/example_dags/example_skip_dag.py
[2025-10-17T07:42:28.984+0000] {logging_mixin.py:154} INFO - [2025-10-17T07:42:28.983+0000] {manager.py:499} INFO - Created Permission View: %s
[2025-10-17T07:42:28.998+0000] {logging_mixin.py:154} INFO - [2025-10-17T07:42:28.997+0000] {manager.py:499} INFO - Created Permission View: %s
[2025-10-17T07:42:29.007+0000] {logging_mixin.py:154} INFO - [2025-10-17T07:42:29.007+0000] {manager.py:499} INFO - Created Permission View: %s
[2025-10-17T07:42:29.008+0000] {logging_mixin.py:154} INFO - [2025-10-17T07:42:29.007+0000] {dag.py:2941} INFO - Sync 1 DAGs
[2025-10-17T07:42:29.019+0000] {logging_mixin.py:154} INFO - [2025-10-17T07:42:29.019+0000] {dag.py:2963} INFO - Creating ORM DAG for example_skip_dag
[2025-10-17T07:42:29.031+0000] {logging_mixin.py:154} INFO - [2025-10-17T07:42:29.031+0000] {dag.py:3722} INFO - Setting next_dagrun for example_skip_dag to 2025-10-16T07:42:29.030775+00:00, run_after=2025-10-17T07:42:29.030775+00:00
[2025-10-17T07:42:29.056+0000] {processor.py:179} INFO - Processing /home/airflow/.local/lib/python3.8/site-packages/airflow/example_dags/example_skip_dag.py took 0.216 seconds
[2025-10-17T07:42:59.203+0000] {processor.py:157} INFO - Started process (PID=137) to work on /home/airflow/.local/lib/python3.8/site-packages/airflow/example_dags/example_skip_dag.py
[2025-10-17T07:42:59.205+0000] {processor.py:829} INFO - Processing file /home/airflow/.local/lib/python3.8/site-packages/airflow/example_dags/example_skip_dag.py for tasks to queue
[2025-10-17T07:42:59.208+0000] {logging_mixin.py:154} INFO - [2025-10-17T07:42:59.208+0000] {dagbag.py:536} INFO - Filling up the DagBag from /home/airflow/.local/lib/python3.8/site-packages/airflow/example_dags/example_skip_dag.py
[2025-10-17T07:42:59.214+0000] {processor.py:839} INFO - DAG(s) dict_keys(['example_skip_dag']) retrieved from /home/airflow/.local/lib/python3.8/site-packages/airflow/example_dags/example_skip_dag.py
[2025-10-17T07:42:59.245+0000] {logging_mixin.py:154} INFO - [2025-10-17T07:42:59.244+0000] {dag.py:2941} INFO - Sync 1 DAGs
[2025-10-17T07:42:59.272+0000] {logging_mixin.py:154} INFO - [2025-10-17T07:42:59.272+0000] {dag.py:3722} INFO - Setting next_dagrun for example_skip_dag to 2025-10-16T07:42:59.271789+00:00, run_after=2025-10-17T07:42:59.271789+00:00
[2025-10-17T07:42:59.296+0000] {processor.py:179} INFO - Processing /home/airflow/.local/lib/python3.8/site-packages/airflow/example_dags/example_skip_dag.py took 0.097 seconds
[2025-10-17T07:44:25.921+0000] {processor.py:157} INFO - Started process (PID=74) to work on /home/airflow/.local/lib/python3.8/site-packages/airflow/example_dags/example_skip_dag.py
[2025-10-17T07:44:25.923+0000] {processor.py:829} INFO - Processing file /home/airflow/.local/lib/python3.8/site-packages/airflow/example_dags/example_skip_dag.py for tasks to queue
[2025-10-17T07:44:25.925+0000] {logging_mixin.py:154} INFO - [2025-10-17T07:44:25.924+0000] {dagbag.py:536} INFO - Filling up the DagBag from /home/airflow/.local/lib/python3.8/site-packages/airflow/example_dags/example_skip_dag.py
[2025-10-17T07:44:25.935+0000] {processor.py:839} INFO - DAG(s) dict_keys(['example_skip_dag']) retrieved from /home/airflow/.local/lib/python3.8/site-packages/airflow/example_dags/example_skip_dag.py
[2025-10-17T07:44:26.031+0000] {logging_mixin.py:154} INFO - [2025-10-17T07:44:26.031+0000] {manager.py:499} INFO - Created Permission View: %s
[2025-10-17T07:44:26.041+0000] {logging_mixin.py:154} INFO - [2025-10-17T07:44:26.041+0000] {manager.py:499} INFO - Created Permission View: %s
[2025-10-17T07:44:26.049+0000] {logging_mixin.py:154} INFO - [2025-10-17T07:44:26.049+0000] {manager.py:499} INFO - Created Permission View: %s
[2025-10-17T07:44:26.049+0000] {logging_mixin.py:154} INFO - [2025-10-17T07:44:26.049+0000] {dag.py:2941} INFO - Sync 1 DAGs
[2025-10-17T07:44:26.062+0000] {logging_mixin.py:154} INFO - [2025-10-17T07:44:26.062+0000] {dag.py:2963} INFO - Creating ORM DAG for example_skip_dag
[2025-10-17T07:44:26.073+0000] {logging_mixin.py:154} INFO - [2025-10-17T07:44:26.073+0000] {dag.py:3722} INFO - Setting next_dagrun for example_skip_dag to 2025-10-16T07:44:26.073003+00:00, run_after=2025-10-17T07:44:26.073003+00:00
[2025-10-17T07:44:26.089+0000] {processor.py:179} INFO - Processing /home/airflow/.local/lib/python3.8/site-packages/airflow/example_dags/example_skip_dag.py took 0.172 seconds
[2025-10-17T07:44:36.283+0000] {processor.py:157} INFO - Started process (PID=66) to work on /home/airflow/.local/lib/python3.8/site-packages/airflow/example_dags/example_skip_dag.py
[2025-10-17T07:44:36.284+0000] {processor.py:829} INFO - Processing file /home/airflow/.local/lib/python3.8/site-packages/airflow/example_dags/example_skip_dag.py for tasks to queue
[2025-10-17T07:44:36.287+0000] {logging_mixin.py:154} INFO - [2025-10-17T07:44:36.286+0000] {dagbag.py:536} INFO - Filling up the DagBag from /home/airflow/.local/lib/python3.8/site-packages/airflow/example_dags/example_skip_dag.py
[2025-10-17T07:44:36.295+0000] {processor.py:839} INFO - DAG(s) dict_keys(['example_skip_dag']) retrieved from /home/airflow/.local/lib/python3.8/site-packages/airflow/example_dags/example_skip_dag.py
[2025-10-17T07:44:36.309+0000] {logging_mixin.py:154} INFO - [2025-10-17T07:44:36.309+0000] {dag.py:2941} INFO - Sync 1 DAGs
[2025-10-17T07:44:36.332+0000] {logging_mixin.py:154} INFO - [2025-10-17T07:44:36.331+0000] {dag.py:3722} INFO - Setting next_dagrun for example_skip_dag to 2025-10-16T07:44:36.331647+00:00, run_after=2025-10-17T07:44:36.331647+00:00
[2025-10-17T07:44:36.355+0000] {processor.py:179} INFO - Processing /home/airflow/.local/lib/python3.8/site-packages/airflow/example_dags/example_skip_dag.py took 0.076 seconds
[2025-10-17T07:45:06.809+0000] {processor.py:157} INFO - Started process (PID=122) to work on /home/airflow/.local/lib/python3.8/site-packages/airflow/example_dags/example_skip_dag.py
[2025-10-17T07:45:06.810+0000] {processor.py:829} INFO - Processing file /home/airflow/.local/lib/python3.8/site-packages/airflow/example_dags/example_skip_dag.py for tasks to queue
[2025-10-17T07:45:06.812+0000] {logging_mixin.py:154} INFO - [2025-10-17T07:45:06.812+0000] {dagbag.py:536} INFO - Filling up the DagBag from /home/airflow/.local/lib/python3.8/site-packages/airflow/example_dags/example_skip_dag.py
[2025-10-17T07:45:06.818+0000] {processor.py:839} INFO - DAG(s) dict_keys(['example_skip_dag']) retrieved from /home/airflow/.local/lib/python3.8/site-packages/airflow/example_dags/example_skip_dag.py
[2025-10-17T07:45:06.841+0000] {logging_mixin.py:154} INFO - [2025-10-17T07:45:06.841+0000] {dag.py:2941} INFO - Sync 1 DAGs
[2025-10-17T07:45:06.859+0000] {logging_mixin.py:154} INFO - [2025-10-17T07:45:06.859+0000] {dag.py:3722} INFO - Setting next_dagrun for example_skip_dag to 2025-10-16T07:45:06.859143+00:00, run_after=2025-10-17T07:45:06.859143+00:00
[2025-10-17T07:45:06.877+0000] {processor.py:179} INFO - Processing /home/airflow/.local/lib/python3.8/site-packages/airflow/example_dags/example_skip_dag.py took 0.073 seconds
[2025-10-17T07:46:20.627+0000] {processor.py:157} INFO - Started process (PID=74) to work on /home/airflow/.local/lib/python3.8/site-packages/airflow/example_dags/example_skip_dag.py
[2025-10-17T07:46:20.628+0000] {processor.py:829} INFO - Processing file /home/airflow/.local/lib/python3.8/site-packages/airflow/example_dags/example_skip_dag.py for tasks to queue
[2025-10-17T07:46:20.631+0000] {logging_mixin.py:154} INFO - [2025-10-17T07:46:20.630+0000] {dagbag.py:536} INFO - Filling up the DagBag from /home/airflow/.local/lib/python3.8/site-packages/airflow/example_dags/example_skip_dag.py
[2025-10-17T07:46:20.643+0000] {processor.py:839} INFO - DAG(s) dict_keys(['example_skip_dag']) retrieved from /home/airflow/.local/lib/python3.8/site-packages/airflow/example_dags/example_skip_dag.py
[2025-10-17T07:46:20.765+0000] {logging_mixin.py:154} INFO - [2025-10-17T07:46:20.765+0000] {manager.py:499} INFO - Created Permission View: %s
[2025-10-17T07:46:20.776+0000] {logging_mixin.py:154} INFO - [2025-10-17T07:46:20.776+0000] {manager.py:499} INFO - Created Permission View: %s
[2025-10-17T07:46:20.783+0000] {logging_mixin.py:154} INFO - [2025-10-17T07:46:20.782+0000] {manager.py:499} INFO - Created Permission View: %s
[2025-10-17T07:46:20.783+0000] {logging_mixin.py:154} INFO - [2025-10-17T07:46:20.783+0000] {dag.py:2941} INFO - Sync 1 DAGs
[2025-10-17T07:46:20.795+0000] {logging_mixin.py:154} INFO - [2025-10-17T07:46:20.795+0000] {dag.py:2963} INFO - Creating ORM DAG for example_skip_dag
[2025-10-17T07:46:20.805+0000] {logging_mixin.py:154} INFO - [2025-10-17T07:46:20.805+0000] {dag.py:3722} INFO - Setting next_dagrun for example_skip_dag to 2025-10-16T07:46:20.805051+00:00, run_after=2025-10-17T07:46:20.805051+00:00
[2025-10-17T07:46:20.824+0000] {processor.py:179} INFO - Processing /home/airflow/.local/lib/python3.8/site-packages/airflow/example_dags/example_skip_dag.py took 0.202 seconds
[2025-10-17T07:46:51.691+0000] {processor.py:157} INFO - Started process (PID=137) to work on /home/airflow/.local/lib/python3.8/site-packages/airflow/example_dags/example_skip_dag.py
[2025-10-17T07:46:51.692+0000] {processor.py:829} INFO - Processing file /home/airflow/.local/lib/python3.8/site-packages/airflow/example_dags/example_skip_dag.py for tasks to queue
[2025-10-17T07:46:51.694+0000] {logging_mixin.py:154} INFO - [2025-10-17T07:46:51.694+0000] {dagbag.py:536} INFO - Filling up the DagBag from /home/airflow/.local/lib/python3.8/site-packages/airflow/example_dags/example_skip_dag.py
[2025-10-17T07:46:51.700+0000] {processor.py:839} INFO - DAG(s) dict_keys(['example_skip_dag']) retrieved from /home/airflow/.local/lib/python3.8/site-packages/airflow/example_dags/example_skip_dag.py
[2025-10-17T07:46:51.722+0000] {logging_mixin.py:154} INFO - [2025-10-17T07:46:51.722+0000] {dag.py:2941} INFO - Sync 1 DAGs
[2025-10-17T07:46:51.740+0000] {logging_mixin.py:154} INFO - [2025-10-17T07:46:51.740+0000] {dag.py:3722} INFO - Setting next_dagrun for example_skip_dag to 2025-10-16T07:46:51.740315+00:00, run_after=2025-10-17T07:46:51.740315+00:00
[2025-10-17T07:46:51.758+0000] {processor.py:179} INFO - Processing /home/airflow/.local/lib/python3.8/site-packages/airflow/example_dags/example_skip_dag.py took 0.070 seconds
[2025-10-17T07:47:22.666+0000] {processor.py:157} INFO - Started process (PID=193) to work on /home/airflow/.local/lib/python3.8/site-packages/airflow/example_dags/example_skip_dag.py
[2025-10-17T07:47:22.668+0000] {processor.py:829} INFO - Processing file /home/airflow/.local/lib/python3.8/site-packages/airflow/example_dags/example_skip_dag.py for tasks to queue
[2025-10-17T07:47:22.671+0000] {logging_mixin.py:154} INFO - [2025-10-17T07:47:22.671+0000] {dagbag.py:536} INFO - Filling up the DagBag from /home/airflow/.local/lib/python3.8/site-packages/airflow/example_dags/example_skip_dag.py
[2025-10-17T07:47:22.678+0000] {processor.py:839} INFO - DAG(s) dict_keys(['example_skip_dag']) retrieved from /home/airflow/.local/lib/python3.8/site-packages/airflow/example_dags/example_skip_dag.py
[2025-10-17T07:47:22.703+0000] {logging_mixin.py:154} INFO - [2025-10-17T07:47:22.703+0000] {dag.py:2941} INFO - Sync 1 DAGs
[2025-10-17T07:47:22.724+0000] {logging_mixin.py:154} INFO - [2025-10-17T07:47:22.724+0000] {dag.py:3722} INFO - Setting next_dagrun for example_skip_dag to 2025-10-16T07:47:22.724316+00:00, run_after=2025-10-17T07:47:22.724316+00:00
[2025-10-17T07:47:22.746+0000] {processor.py:179} INFO - Processing /home/airflow/.local/lib/python3.8/site-packages/airflow/example_dags/example_skip_dag.py took 0.085 seconds
[2025-10-17T07:47:53.205+0000] {processor.py:157} INFO - Started process (PID=249) to work on /home/airflow/.local/lib/python3.8/site-packages/airflow/example_dags/example_skip_dag.py
[2025-10-17T07:47:53.206+0000] {processor.py:829} INFO - Processing file /home/airflow/.local/lib/python3.8/site-packages/airflow/example_dags/example_skip_dag.py for tasks to queue
[2025-10-17T07:47:53.208+0000] {logging_mixin.py:154} INFO - [2025-10-17T07:47:53.208+0000] {dagbag.py:536} INFO - Filling up the DagBag from /home/airflow/.local/lib/python3.8/site-packages/airflow/example_dags/example_skip_dag.py
[2025-10-17T07:47:53.214+0000] {processor.py:839} INFO - DAG(s) dict_keys(['example_skip_dag']) retrieved from /home/airflow/.local/lib/python3.8/site-packages/airflow/example_dags/example_skip_dag.py
[2025-10-17T07:47:53.236+0000] {logging_mixin.py:154} INFO - [2025-10-17T07:47:53.236+0000] {dag.py:2941} INFO - Sync 1 DAGs
[2025-10-17T07:47:53.255+0000] {logging_mixin.py:154} INFO - [2025-10-17T07:47:53.255+0000] {dag.py:3722} INFO - Setting next_dagrun for example_skip_dag to 2025-10-16T07:47:53.254984+00:00, run_after=2025-10-17T07:47:53.254984+00:00
[2025-10-17T07:47:53.270+0000] {processor.py:179} INFO - Processing /home/airflow/.local/lib/python3.8/site-packages/airflow/example_dags/example_skip_dag.py took 0.069 seconds
[2025-10-17T07:48:23.724+0000] {processor.py:157} INFO - Started process (PID=305) to work on /home/airflow/.local/lib/python3.8/site-packages/airflow/example_dags/example_skip_dag.py
[2025-10-17T07:48:23.725+0000] {processor.py:829} INFO - Processing file /home/airflow/.local/lib/python3.8/site-packages/airflow/example_dags/example_skip_dag.py for tasks to queue
[2025-10-17T07:48:23.727+0000] {logging_mixin.py:154} INFO - [2025-10-17T07:48:23.727+0000] {dagbag.py:536} INFO - Filling up the DagBag from /home/airflow/.local/lib/python3.8/site-packages/airflow/example_dags/example_skip_dag.py
[2025-10-17T07:48:23.733+0000] {processor.py:839} INFO - DAG(s) dict_keys(['example_skip_dag']) retrieved from /home/airflow/.local/lib/python3.8/site-packages/airflow/example_dags/example_skip_dag.py
[2025-10-17T07:48:23.754+0000] {logging_mixin.py:154} INFO - [2025-10-17T07:48:23.753+0000] {dag.py:2941} INFO - Sync 1 DAGs
[2025-10-17T07:48:23.775+0000] {logging_mixin.py:154} INFO - [2025-10-17T07:48:23.775+0000] {dag.py:3722} INFO - Setting next_dagrun for example_skip_dag to 2025-10-16T07:48:23.774744+00:00, run_after=2025-10-17T07:48:23.774744+00:00
[2025-10-17T07:48:23.793+0000] {processor.py:179} INFO - Processing /home/airflow/.local/lib/python3.8/site-packages/airflow/example_dags/example_skip_dag.py took 0.072 seconds
[2025-10-17T07:48:54.642+0000] {processor.py:157} INFO - Started process (PID=361) to work on /home/airflow/.local/lib/python3.8/site-packages/airflow/example_dags/example_skip_dag.py
[2025-10-17T07:48:54.643+0000] {processor.py:829} INFO - Processing file /home/airflow/.local/lib/python3.8/site-packages/airflow/example_dags/example_skip_dag.py for tasks to queue
[2025-10-17T07:48:54.645+0000] {logging_mixin.py:154} INFO - [2025-10-17T07:48:54.645+0000] {dagbag.py:536} INFO - Filling up the DagBag from /home/airflow/.local/lib/python3.8/site-packages/airflow/example_dags/example_skip_dag.py
[2025-10-17T07:48:54.651+0000] {processor.py:839} INFO - DAG(s) dict_keys(['example_skip_dag']) retrieved from /home/airflow/.local/lib/python3.8/site-packages/airflow/example_dags/example_skip_dag.py
[2025-10-17T07:48:54.671+0000] {logging_mixin.py:154} INFO - [2025-10-17T07:48:54.671+0000] {dag.py:2941} INFO - Sync 1 DAGs
[2025-10-17T07:48:54.689+0000] {logging_mixin.py:154} INFO - [2025-10-17T07:48:54.689+0000] {dag.py:3722} INFO - Setting next_dagrun for example_skip_dag to 2025-10-16T07:48:54.689074+00:00, run_after=2025-10-17T07:48:54.689074+00:00
[2025-10-17T07:48:54.706+0000] {processor.py:179} INFO - Processing /home/airflow/.local/lib/python3.8/site-packages/airflow/example_dags/example_skip_dag.py took 0.068 seconds
[2025-10-17T07:49:25.150+0000] {processor.py:157} INFO - Started process (PID=417) to work on /home/airflow/.local/lib/python3.8/site-packages/airflow/example_dags/example_skip_dag.py
[2025-10-17T07:49:25.151+0000] {processor.py:829} INFO - Processing file /home/airflow/.local/lib/python3.8/site-packages/airflow/example_dags/example_skip_dag.py for tasks to queue
[2025-10-17T07:49:25.153+0000] {logging_mixin.py:154} INFO - [2025-10-17T07:49:25.153+0000] {dagbag.py:536} INFO - Filling up the DagBag from /home/airflow/.local/lib/python3.8/site-packages/airflow/example_dags/example_skip_dag.py
[2025-10-17T07:49:25.159+0000] {processor.py:839} INFO - DAG(s) dict_keys(['example_skip_dag']) retrieved from /home/airflow/.local/lib/python3.8/site-packages/airflow/example_dags/example_skip_dag.py
[2025-10-17T07:49:25.180+0000] {logging_mixin.py:154} INFO - [2025-10-17T07:49:25.179+0000] {dag.py:2941} INFO - Sync 1 DAGs
[2025-10-17T07:49:25.199+0000] {logging_mixin.py:154} INFO - [2025-10-17T07:49:25.199+0000] {dag.py:3722} INFO - Setting next_dagrun for example_skip_dag to 2025-10-16T07:49:25.199358+00:00, run_after=2025-10-17T07:49:25.199358+00:00
[2025-10-17T07:49:25.217+0000] {processor.py:179} INFO - Processing /home/airflow/.local/lib/python3.8/site-packages/airflow/example_dags/example_skip_dag.py took 0.072 seconds
[2025-10-17T07:49:55.862+0000] {processor.py:157} INFO - Started process (PID=473) to work on /home/airflow/.local/lib/python3.8/site-packages/airflow/example_dags/example_skip_dag.py
[2025-10-17T07:49:55.864+0000] {processor.py:829} INFO - Processing file /home/airflow/.local/lib/python3.8/site-packages/airflow/example_dags/example_skip_dag.py for tasks to queue
[2025-10-17T07:49:55.866+0000] {logging_mixin.py:154} INFO - [2025-10-17T07:49:55.865+0000] {dagbag.py:536} INFO - Filling up the DagBag from /home/airflow/.local/lib/python3.8/site-packages/airflow/example_dags/example_skip_dag.py
[2025-10-17T07:49:55.872+0000] {processor.py:839} INFO - DAG(s) dict_keys(['example_skip_dag']) retrieved from /home/airflow/.local/lib/python3.8/site-packages/airflow/example_dags/example_skip_dag.py
[2025-10-17T07:49:55.898+0000] {logging_mixin.py:154} INFO - [2025-10-17T07:49:55.897+0000] {dag.py:2941} INFO - Sync 1 DAGs
[2025-10-17T07:49:55.921+0000] {logging_mixin.py:154} INFO - [2025-10-17T07:49:55.921+0000] {dag.py:3722} INFO - Setting next_dagrun for example_skip_dag to 2025-10-16T07:49:55.921180+00:00, run_after=2025-10-17T07:49:55.921180+00:00
[2025-10-17T07:49:55.947+0000] {processor.py:179} INFO - Processing /home/airflow/.local/lib/python3.8/site-packages/airflow/example_dags/example_skip_dag.py took 0.087 seconds
[2025-10-17T07:50:26.078+0000] {processor.py:157} INFO - Started process (PID=529) to work on /home/airflow/.local/lib/python3.8/site-packages/airflow/example_dags/example_skip_dag.py
[2025-10-17T07:50:26.079+0000] {processor.py:829} INFO - Processing file /home/airflow/.local/lib/python3.8/site-packages/airflow/example_dags/example_skip_dag.py for tasks to queue
[2025-10-17T07:50:26.082+0000] {logging_mixin.py:154} INFO - [2025-10-17T07:50:26.081+0000] {dagbag.py:536} INFO - Filling up the DagBag from /home/airflow/.local/lib/python3.8/site-packages/airflow/example_dags/example_skip_dag.py
[2025-10-17T07:50:26.088+0000] {processor.py:839} INFO - DAG(s) dict_keys(['example_skip_dag']) retrieved from /home/airflow/.local/lib/python3.8/site-packages/airflow/example_dags/example_skip_dag.py
[2025-10-17T07:50:26.109+0000] {logging_mixin.py:154} INFO - [2025-10-17T07:50:26.109+0000] {dag.py:2941} INFO - Sync 1 DAGs
[2025-10-17T07:50:26.128+0000] {logging_mixin.py:154} INFO - [2025-10-17T07:50:26.128+0000] {dag.py:3722} INFO - Setting next_dagrun for example_skip_dag to 2025-10-16T07:50:26.128377+00:00, run_after=2025-10-17T07:50:26.128377+00:00
[2025-10-17T07:50:26.144+0000] {processor.py:179} INFO - Processing /home/airflow/.local/lib/python3.8/site-packages/airflow/example_dags/example_skip_dag.py took 0.071 seconds
[2025-10-17T07:50:56.900+0000] {processor.py:157} INFO - Started process (PID=585) to work on /home/airflow/.local/lib/python3.8/site-packages/airflow/example_dags/example_skip_dag.py
[2025-10-17T07:50:56.901+0000] {processor.py:829} INFO - Processing file /home/airflow/.local/lib/python3.8/site-packages/airflow/example_dags/example_skip_dag.py for tasks to queue
[2025-10-17T07:50:56.903+0000] {logging_mixin.py:154} INFO - [2025-10-17T07:50:56.903+0000] {dagbag.py:536} INFO - Filling up the DagBag from /home/airflow/.local/lib/python3.8/site-packages/airflow/example_dags/example_skip_dag.py
[2025-10-17T07:50:56.908+0000] {processor.py:839} INFO - DAG(s) dict_keys(['example_skip_dag']) retrieved from /home/airflow/.local/lib/python3.8/site-packages/airflow/example_dags/example_skip_dag.py
[2025-10-17T07:50:56.927+0000] {logging_mixin.py:154} INFO - [2025-10-17T07:50:56.927+0000] {dag.py:2941} INFO - Sync 1 DAGs
[2025-10-17T07:50:56.945+0000] {logging_mixin.py:154} INFO - [2025-10-17T07:50:56.945+0000] {dag.py:3722} INFO - Setting next_dagrun for example_skip_dag to 2025-10-16T07:50:56.945336+00:00, run_after=2025-10-17T07:50:56.945336+00:00
[2025-10-17T07:50:56.963+0000] {processor.py:179} INFO - Processing /home/airflow/.local/lib/python3.8/site-packages/airflow/example_dags/example_skip_dag.py took 0.067 seconds
[2025-10-17T07:51:27.461+0000] {processor.py:157} INFO - Started process (PID=641) to work on /home/airflow/.local/lib/python3.8/site-packages/airflow/example_dags/example_skip_dag.py
[2025-10-17T07:51:27.463+0000] {processor.py:829} INFO - Processing file /home/airflow/.local/lib/python3.8/site-packages/airflow/example_dags/example_skip_dag.py for tasks to queue
[2025-10-17T07:51:27.465+0000] {logging_mixin.py:154} INFO - [2025-10-17T07:51:27.465+0000] {dagbag.py:536} INFO - Filling up the DagBag from /home/airflow/.local/lib/python3.8/site-packages/airflow/example_dags/example_skip_dag.py
[2025-10-17T07:51:27.473+0000] {processor.py:839} INFO - DAG(s) dict_keys(['example_skip_dag']) retrieved from /home/airflow/.local/lib/python3.8/site-packages/airflow/example_dags/example_skip_dag.py
[2025-10-17T07:51:27.500+0000] {logging_mixin.py:154} INFO - [2025-10-17T07:51:27.499+0000] {dag.py:2941} INFO - Sync 1 DAGs
[2025-10-17T07:51:27.524+0000] {logging_mixin.py:154} INFO - [2025-10-17T07:51:27.524+0000] {dag.py:3722} INFO - Setting next_dagrun for example_skip_dag to 2025-10-16T07:51:27.523933+00:00, run_after=2025-10-17T07:51:27.523933+00:00
[2025-10-17T07:51:27.551+0000] {processor.py:179} INFO - Processing /home/airflow/.local/lib/python3.8/site-packages/airflow/example_dags/example_skip_dag.py took 0.094 seconds
[2025-10-17T07:51:58.178+0000] {processor.py:157} INFO - Started process (PID=697) to work on /home/airflow/.local/lib/python3.8/site-packages/airflow/example_dags/example_skip_dag.py
[2025-10-17T07:51:58.179+0000] {processor.py:829} INFO - Processing file /home/airflow/.local/lib/python3.8/site-packages/airflow/example_dags/example_skip_dag.py for tasks to queue
[2025-10-17T07:51:58.181+0000] {logging_mixin.py:154} INFO - [2025-10-17T07:51:58.181+0000] {dagbag.py:536} INFO - Filling up the DagBag from /home/airflow/.local/lib/python3.8/site-packages/airflow/example_dags/example_skip_dag.py
[2025-10-17T07:51:58.187+0000] {processor.py:839} INFO - DAG(s) dict_keys(['example_skip_dag']) retrieved from /home/airflow/.local/lib/python3.8/site-packages/airflow/example_dags/example_skip_dag.py
[2025-10-17T07:51:58.207+0000] {logging_mixin.py:154} INFO - [2025-10-17T07:51:58.207+0000] {dag.py:2941} INFO - Sync 1 DAGs
[2025-10-17T07:51:58.226+0000] {logging_mixin.py:154} INFO - [2025-10-17T07:51:58.226+0000] {dag.py:3722} INFO - Setting next_dagrun for example_skip_dag to 2025-10-16T07:51:58.225915+00:00, run_after=2025-10-17T07:51:58.225915+00:00
[2025-10-17T07:51:58.243+0000] {processor.py:179} INFO - Processing /home/airflow/.local/lib/python3.8/site-packages/airflow/example_dags/example_skip_dag.py took 0.068 seconds
[2025-10-17T08:08:53.531+0000] {processor.py:157} INFO - Started process (PID=82) to work on /home/airflow/.local/lib/python3.8/site-packages/airflow/example_dags/example_skip_dag.py
[2025-10-17T08:08:53.533+0000] {processor.py:829} INFO - Processing file /home/airflow/.local/lib/python3.8/site-packages/airflow/example_dags/example_skip_dag.py for tasks to queue
[2025-10-17T08:08:53.535+0000] {logging_mixin.py:154} INFO - [2025-10-17T08:08:53.535+0000] {dagbag.py:536} INFO - Filling up the DagBag from /home/airflow/.local/lib/python3.8/site-packages/airflow/example_dags/example_skip_dag.py
[2025-10-17T08:08:53.549+0000] {processor.py:839} INFO - DAG(s) dict_keys(['example_skip_dag']) retrieved from /home/airflow/.local/lib/python3.8/site-packages/airflow/example_dags/example_skip_dag.py
[2025-10-17T08:08:53.685+0000] {logging_mixin.py:154} INFO - [2025-10-17T08:08:53.685+0000] {manager.py:499} INFO - Created Permission View: %s
[2025-10-17T08:08:53.703+0000] {logging_mixin.py:154} INFO - [2025-10-17T08:08:53.702+0000] {manager.py:499} INFO - Created Permission View: %s
[2025-10-17T08:08:53.718+0000] {logging_mixin.py:154} INFO - [2025-10-17T08:08:53.717+0000] {manager.py:499} INFO - Created Permission View: %s
[2025-10-17T08:08:53.718+0000] {logging_mixin.py:154} INFO - [2025-10-17T08:08:53.718+0000] {dag.py:2941} INFO - Sync 1 DAGs
[2025-10-17T08:08:53.737+0000] {logging_mixin.py:154} INFO - [2025-10-17T08:08:53.737+0000] {dag.py:2963} INFO - Creating ORM DAG for example_skip_dag
[2025-10-17T08:08:53.754+0000] {logging_mixin.py:154} INFO - [2025-10-17T08:08:53.753+0000] {dag.py:3722} INFO - Setting next_dagrun for example_skip_dag to 2025-10-16T08:08:53.753129+00:00, run_after=2025-10-17T08:08:53.753129+00:00
[2025-10-17T08:08:53.785+0000] {processor.py:179} INFO - Processing /home/airflow/.local/lib/python3.8/site-packages/airflow/example_dags/example_skip_dag.py took 0.258 seconds
[2025-10-17T08:09:24.748+0000] {processor.py:157} INFO - Started process (PID=138) to work on /home/airflow/.local/lib/python3.8/site-packages/airflow/example_dags/example_skip_dag.py
[2025-10-17T08:09:24.749+0000] {processor.py:829} INFO - Processing file /home/airflow/.local/lib/python3.8/site-packages/airflow/example_dags/example_skip_dag.py for tasks to queue
[2025-10-17T08:09:24.754+0000] {logging_mixin.py:154} INFO - [2025-10-17T08:09:24.753+0000] {dagbag.py:536} INFO - Filling up the DagBag from /home/airflow/.local/lib/python3.8/site-packages/airflow/example_dags/example_skip_dag.py
[2025-10-17T08:09:24.765+0000] {processor.py:839} INFO - DAG(s) dict_keys(['example_skip_dag']) retrieved from /home/airflow/.local/lib/python3.8/site-packages/airflow/example_dags/example_skip_dag.py
[2025-10-17T08:09:24.796+0000] {logging_mixin.py:154} INFO - [2025-10-17T08:09:24.796+0000] {dag.py:2941} INFO - Sync 1 DAGs
[2025-10-17T08:09:24.832+0000] {logging_mixin.py:154} INFO - [2025-10-17T08:09:24.832+0000] {dag.py:3722} INFO - Setting next_dagrun for example_skip_dag to 2025-10-16T08:09:24.832278+00:00, run_after=2025-10-17T08:09:24.832278+00:00
[2025-10-17T08:09:24.862+0000] {processor.py:179} INFO - Processing /home/airflow/.local/lib/python3.8/site-packages/airflow/example_dags/example_skip_dag.py took 0.117 seconds
[2025-10-17T08:09:55.784+0000] {processor.py:157} INFO - Started process (PID=194) to work on /home/airflow/.local/lib/python3.8/site-packages/airflow/example_dags/example_skip_dag.py
[2025-10-17T08:09:55.785+0000] {processor.py:829} INFO - Processing file /home/airflow/.local/lib/python3.8/site-packages/airflow/example_dags/example_skip_dag.py for tasks to queue
[2025-10-17T08:09:55.787+0000] {logging_mixin.py:154} INFO - [2025-10-17T08:09:55.787+0000] {dagbag.py:536} INFO - Filling up the DagBag from /home/airflow/.local/lib/python3.8/site-packages/airflow/example_dags/example_skip_dag.py
[2025-10-17T08:09:55.793+0000] {processor.py:839} INFO - DAG(s) dict_keys(['example_skip_dag']) retrieved from /home/airflow/.local/lib/python3.8/site-packages/airflow/example_dags/example_skip_dag.py
[2025-10-17T08:09:55.814+0000] {logging_mixin.py:154} INFO - [2025-10-17T08:09:55.814+0000] {dag.py:2941} INFO - Sync 1 DAGs
[2025-10-17T08:09:55.833+0000] {logging_mixin.py:154} INFO - [2025-10-17T08:09:55.833+0000] {dag.py:3722} INFO - Setting next_dagrun for example_skip_dag to 2025-10-16T08:09:55.832781+00:00, run_after=2025-10-17T08:09:55.832781+00:00
[2025-10-17T08:09:55.850+0000] {processor.py:179} INFO - Processing /home/airflow/.local/lib/python3.8/site-packages/airflow/example_dags/example_skip_dag.py took 0.068 seconds
[2025-10-17T08:10:26.727+0000] {processor.py:157} INFO - Started process (PID=250) to work on /home/airflow/.local/lib/python3.8/site-packages/airflow/example_dags/example_skip_dag.py
[2025-10-17T08:10:26.728+0000] {processor.py:829} INFO - Processing file /home/airflow/.local/lib/python3.8/site-packages/airflow/example_dags/example_skip_dag.py for tasks to queue
[2025-10-17T08:10:26.732+0000] {logging_mixin.py:154} INFO - [2025-10-17T08:10:26.732+0000] {dagbag.py:536} INFO - Filling up the DagBag from /home/airflow/.local/lib/python3.8/site-packages/airflow/example_dags/example_skip_dag.py
[2025-10-17T08:10:26.742+0000] {processor.py:839} INFO - DAG(s) dict_keys(['example_skip_dag']) retrieved from /home/airflow/.local/lib/python3.8/site-packages/airflow/example_dags/example_skip_dag.py
[2025-10-17T08:10:26.783+0000] {logging_mixin.py:154} INFO - [2025-10-17T08:10:26.783+0000] {dag.py:2941} INFO - Sync 1 DAGs
[2025-10-17T08:10:26.818+0000] {logging_mixin.py:154} INFO - [2025-10-17T08:10:26.818+0000] {dag.py:3722} INFO - Setting next_dagrun for example_skip_dag to 2025-10-16T08:10:26.818102+00:00, run_after=2025-10-17T08:10:26.818102+00:00
[2025-10-17T08:10:26.850+0000] {processor.py:179} INFO - Processing /home/airflow/.local/lib/python3.8/site-packages/airflow/example_dags/example_skip_dag.py took 0.129 seconds
[2025-10-17T08:10:57.514+0000] {processor.py:157} INFO - Started process (PID=306) to work on /home/airflow/.local/lib/python3.8/site-packages/airflow/example_dags/example_skip_dag.py
[2025-10-17T08:10:57.515+0000] {processor.py:829} INFO - Processing file /home/airflow/.local/lib/python3.8/site-packages/airflow/example_dags/example_skip_dag.py for tasks to queue
[2025-10-17T08:10:57.518+0000] {logging_mixin.py:154} INFO - [2025-10-17T08:10:57.517+0000] {dagbag.py:536} INFO - Filling up the DagBag from /home/airflow/.local/lib/python3.8/site-packages/airflow/example_dags/example_skip_dag.py
[2025-10-17T08:10:57.523+0000] {processor.py:839} INFO - DAG(s) dict_keys(['example_skip_dag']) retrieved from /home/airflow/.local/lib/python3.8/site-packages/airflow/example_dags/example_skip_dag.py
[2025-10-17T08:10:57.543+0000] {logging_mixin.py:154} INFO - [2025-10-17T08:10:57.543+0000] {dag.py:2941} INFO - Sync 1 DAGs
[2025-10-17T08:10:57.561+0000] {logging_mixin.py:154} INFO - [2025-10-17T08:10:57.561+0000] {dag.py:3722} INFO - Setting next_dagrun for example_skip_dag to 2025-10-16T08:10:57.561523+00:00, run_after=2025-10-17T08:10:57.561523+00:00
[2025-10-17T08:10:57.576+0000] {processor.py:179} INFO - Processing /home/airflow/.local/lib/python3.8/site-packages/airflow/example_dags/example_skip_dag.py took 0.065 seconds
[2025-10-17T08:12:35.546+0000] {processor.py:157} INFO - Started process (PID=83) to work on /home/airflow/.local/lib/python3.8/site-packages/airflow/example_dags/example_skip_dag.py
[2025-10-17T08:12:35.547+0000] {processor.py:829} INFO - Processing file /home/airflow/.local/lib/python3.8/site-packages/airflow/example_dags/example_skip_dag.py for tasks to queue
[2025-10-17T08:12:35.552+0000] {logging_mixin.py:154} INFO - [2025-10-17T08:12:35.551+0000] {dagbag.py:536} INFO - Filling up the DagBag from /home/airflow/.local/lib/python3.8/site-packages/airflow/example_dags/example_skip_dag.py
[2025-10-17T08:12:35.566+0000] {processor.py:839} INFO - DAG(s) dict_keys(['example_skip_dag']) retrieved from /home/airflow/.local/lib/python3.8/site-packages/airflow/example_dags/example_skip_dag.py
[2025-10-17T08:12:35.698+0000] {logging_mixin.py:154} INFO - [2025-10-17T08:12:35.698+0000] {manager.py:499} INFO - Created Permission View: %s
[2025-10-17T08:12:35.711+0000] {logging_mixin.py:154} INFO - [2025-10-17T08:12:35.710+0000] {manager.py:499} INFO - Created Permission View: %s
[2025-10-17T08:12:35.718+0000] {logging_mixin.py:154} INFO - [2025-10-17T08:12:35.717+0000] {manager.py:499} INFO - Created Permission View: %s
[2025-10-17T08:12:35.718+0000] {logging_mixin.py:154} INFO - [2025-10-17T08:12:35.718+0000] {dag.py:2941} INFO - Sync 1 DAGs
[2025-10-17T08:12:35.729+0000] {logging_mixin.py:154} INFO - [2025-10-17T08:12:35.728+0000] {dag.py:2963} INFO - Creating ORM DAG for example_skip_dag
[2025-10-17T08:12:35.738+0000] {logging_mixin.py:154} INFO - [2025-10-17T08:12:35.737+0000] {dag.py:3722} INFO - Setting next_dagrun for example_skip_dag to 2025-10-16T08:12:35.737386+00:00, run_after=2025-10-17T08:12:35.737386+00:00
[2025-10-17T08:12:35.758+0000] {processor.py:179} INFO - Processing /home/airflow/.local/lib/python3.8/site-packages/airflow/example_dags/example_skip_dag.py took 0.216 seconds
[2025-10-17T08:13:05.952+0000] {processor.py:157} INFO - Started process (PID=139) to work on /home/airflow/.local/lib/python3.8/site-packages/airflow/example_dags/example_skip_dag.py
[2025-10-17T08:13:05.953+0000] {processor.py:829} INFO - Processing file /home/airflow/.local/lib/python3.8/site-packages/airflow/example_dags/example_skip_dag.py for tasks to queue
[2025-10-17T08:13:05.956+0000] {logging_mixin.py:154} INFO - [2025-10-17T08:13:05.956+0000] {dagbag.py:536} INFO - Filling up the DagBag from /home/airflow/.local/lib/python3.8/site-packages/airflow/example_dags/example_skip_dag.py
[2025-10-17T08:13:05.965+0000] {processor.py:839} INFO - DAG(s) dict_keys(['example_skip_dag']) retrieved from /home/airflow/.local/lib/python3.8/site-packages/airflow/example_dags/example_skip_dag.py
[2025-10-17T08:13:05.992+0000] {logging_mixin.py:154} INFO - [2025-10-17T08:13:05.991+0000] {dag.py:2941} INFO - Sync 1 DAGs
[2025-10-17T08:13:06.013+0000] {logging_mixin.py:154} INFO - [2025-10-17T08:13:06.013+0000] {dag.py:3722} INFO - Setting next_dagrun for example_skip_dag to 2025-10-16T08:13:06.013024+00:00, run_after=2025-10-17T08:13:06.013024+00:00
[2025-10-17T08:13:06.035+0000] {processor.py:179} INFO - Processing /home/airflow/.local/lib/python3.8/site-packages/airflow/example_dags/example_skip_dag.py took 0.086 seconds
[2025-10-17T08:13:36.519+0000] {processor.py:157} INFO - Started process (PID=195) to work on /home/airflow/.local/lib/python3.8/site-packages/airflow/example_dags/example_skip_dag.py
[2025-10-17T08:13:36.520+0000] {processor.py:829} INFO - Processing file /home/airflow/.local/lib/python3.8/site-packages/airflow/example_dags/example_skip_dag.py for tasks to queue
[2025-10-17T08:13:36.522+0000] {logging_mixin.py:154} INFO - [2025-10-17T08:13:36.522+0000] {dagbag.py:536} INFO - Filling up the DagBag from /home/airflow/.local/lib/python3.8/site-packages/airflow/example_dags/example_skip_dag.py
[2025-10-17T08:13:36.529+0000] {processor.py:839} INFO - DAG(s) dict_keys(['example_skip_dag']) retrieved from /home/airflow/.local/lib/python3.8/site-packages/airflow/example_dags/example_skip_dag.py
[2025-10-17T08:13:36.550+0000] {logging_mixin.py:154} INFO - [2025-10-17T08:13:36.550+0000] {dag.py:2941} INFO - Sync 1 DAGs
[2025-10-17T08:13:36.569+0000] {logging_mixin.py:154} INFO - [2025-10-17T08:13:36.568+0000] {dag.py:3722} INFO - Setting next_dagrun for example_skip_dag to 2025-10-16T08:13:36.568678+00:00, run_after=2025-10-17T08:13:36.568678+00:00
[2025-10-17T08:13:36.587+0000] {processor.py:179} INFO - Processing /home/airflow/.local/lib/python3.8/site-packages/airflow/example_dags/example_skip_dag.py took 0.072 seconds
