[2025-10-17T07:19:45.409+0000] {processor.py:157} INFO - Started process (PID=569) to work on /home/airflow/.local/lib/python3.8/site-packages/airflow/example_dags/example_sensor_decorator.py
[2025-10-17T07:19:45.413+0000] {processor.py:829} INFO - Processing file /home/airflow/.local/lib/python3.8/site-packages/airflow/example_dags/example_sensor_decorator.py for tasks to queue
[2025-10-17T07:19:45.417+0000] {logging_mixin.py:154} INFO - [2025-10-17T07:19:45.417+0000] {dagbag.py:536} INFO - Filling up the DagBag from /home/airflow/.local/lib/python3.8/site-packages/airflow/example_dags/example_sensor_decorator.py
[2025-10-17T07:19:45.430+0000] {processor.py:839} INFO - DAG(s) dict_keys(['example_sensor_decorator']) retrieved from /home/airflow/.local/lib/python3.8/site-packages/airflow/example_dags/example_sensor_decorator.py
[2025-10-17T07:19:45.497+0000] {logging_mixin.py:154} INFO - [2025-10-17T07:19:45.496+0000] {dag.py:2941} INFO - Sync 1 DAGs
[2025-10-17T07:19:45.532+0000] {logging_mixin.py:154} INFO - [2025-10-17T07:19:45.532+0000] {dag.py:3722} INFO - Setting next_dagrun for example_sensor_decorator to None, run_after=None
[2025-10-17T07:19:45.614+0000] {processor.py:179} INFO - Processing /home/airflow/.local/lib/python3.8/site-packages/airflow/example_dags/example_sensor_decorator.py took 0.216 seconds
[2025-10-17T07:20:16.128+0000] {processor.py:157} INFO - Started process (PID=625) to work on /home/airflow/.local/lib/python3.8/site-packages/airflow/example_dags/example_sensor_decorator.py
[2025-10-17T07:20:16.129+0000] {processor.py:829} INFO - Processing file /home/airflow/.local/lib/python3.8/site-packages/airflow/example_dags/example_sensor_decorator.py for tasks to queue
[2025-10-17T07:20:16.131+0000] {logging_mixin.py:154} INFO - [2025-10-17T07:20:16.131+0000] {dagbag.py:536} INFO - Filling up the DagBag from /home/airflow/.local/lib/python3.8/site-packages/airflow/example_dags/example_sensor_decorator.py
[2025-10-17T07:20:16.137+0000] {processor.py:839} INFO - DAG(s) dict_keys(['example_sensor_decorator']) retrieved from /home/airflow/.local/lib/python3.8/site-packages/airflow/example_dags/example_sensor_decorator.py
[2025-10-17T07:20:16.160+0000] {logging_mixin.py:154} INFO - [2025-10-17T07:20:16.160+0000] {dag.py:2941} INFO - Sync 1 DAGs
[2025-10-17T07:20:16.173+0000] {logging_mixin.py:154} INFO - [2025-10-17T07:20:16.173+0000] {dag.py:3722} INFO - Setting next_dagrun for example_sensor_decorator to None, run_after=None
[2025-10-17T07:20:16.198+0000] {processor.py:179} INFO - Processing /home/airflow/.local/lib/python3.8/site-packages/airflow/example_dags/example_sensor_decorator.py took 0.074 seconds
[2025-10-17T07:20:46.778+0000] {processor.py:157} INFO - Started process (PID=681) to work on /home/airflow/.local/lib/python3.8/site-packages/airflow/example_dags/example_sensor_decorator.py
[2025-10-17T07:20:46.779+0000] {processor.py:829} INFO - Processing file /home/airflow/.local/lib/python3.8/site-packages/airflow/example_dags/example_sensor_decorator.py for tasks to queue
[2025-10-17T07:20:46.781+0000] {logging_mixin.py:154} INFO - [2025-10-17T07:20:46.781+0000] {dagbag.py:536} INFO - Filling up the DagBag from /home/airflow/.local/lib/python3.8/site-packages/airflow/example_dags/example_sensor_decorator.py
[2025-10-17T07:20:46.787+0000] {processor.py:839} INFO - DAG(s) dict_keys(['example_sensor_decorator']) retrieved from /home/airflow/.local/lib/python3.8/site-packages/airflow/example_dags/example_sensor_decorator.py
[2025-10-17T07:20:46.811+0000] {logging_mixin.py:154} INFO - [2025-10-17T07:20:46.811+0000] {dag.py:2941} INFO - Sync 1 DAGs
[2025-10-17T07:20:46.824+0000] {logging_mixin.py:154} INFO - [2025-10-17T07:20:46.823+0000] {dag.py:3722} INFO - Setting next_dagrun for example_sensor_decorator to None, run_after=None
[2025-10-17T07:20:46.849+0000] {processor.py:179} INFO - Processing /home/airflow/.local/lib/python3.8/site-packages/airflow/example_dags/example_sensor_decorator.py took 0.075 seconds
[2025-10-17T07:21:17.446+0000] {processor.py:157} INFO - Started process (PID=737) to work on /home/airflow/.local/lib/python3.8/site-packages/airflow/example_dags/example_sensor_decorator.py
[2025-10-17T07:21:17.448+0000] {processor.py:829} INFO - Processing file /home/airflow/.local/lib/python3.8/site-packages/airflow/example_dags/example_sensor_decorator.py for tasks to queue
[2025-10-17T07:21:17.452+0000] {logging_mixin.py:154} INFO - [2025-10-17T07:21:17.452+0000] {dagbag.py:536} INFO - Filling up the DagBag from /home/airflow/.local/lib/python3.8/site-packages/airflow/example_dags/example_sensor_decorator.py
[2025-10-17T07:21:17.465+0000] {processor.py:839} INFO - DAG(s) dict_keys(['example_sensor_decorator']) retrieved from /home/airflow/.local/lib/python3.8/site-packages/airflow/example_dags/example_sensor_decorator.py
[2025-10-17T07:21:17.499+0000] {logging_mixin.py:154} INFO - [2025-10-17T07:21:17.499+0000] {dag.py:2941} INFO - Sync 1 DAGs
[2025-10-17T07:21:17.517+0000] {logging_mixin.py:154} INFO - [2025-10-17T07:21:17.516+0000] {dag.py:3722} INFO - Setting next_dagrun for example_sensor_decorator to None, run_after=None
[2025-10-17T07:21:17.547+0000] {processor.py:179} INFO - Processing /home/airflow/.local/lib/python3.8/site-packages/airflow/example_dags/example_sensor_decorator.py took 0.109 seconds
[2025-10-17T07:21:47.983+0000] {processor.py:157} INFO - Started process (PID=793) to work on /home/airflow/.local/lib/python3.8/site-packages/airflow/example_dags/example_sensor_decorator.py
[2025-10-17T07:21:47.984+0000] {processor.py:829} INFO - Processing file /home/airflow/.local/lib/python3.8/site-packages/airflow/example_dags/example_sensor_decorator.py for tasks to queue
[2025-10-17T07:21:47.986+0000] {logging_mixin.py:154} INFO - [2025-10-17T07:21:47.986+0000] {dagbag.py:536} INFO - Filling up the DagBag from /home/airflow/.local/lib/python3.8/site-packages/airflow/example_dags/example_sensor_decorator.py
[2025-10-17T07:21:47.993+0000] {processor.py:839} INFO - DAG(s) dict_keys(['example_sensor_decorator']) retrieved from /home/airflow/.local/lib/python3.8/site-packages/airflow/example_dags/example_sensor_decorator.py
[2025-10-17T07:21:48.019+0000] {logging_mixin.py:154} INFO - [2025-10-17T07:21:48.019+0000] {dag.py:2941} INFO - Sync 1 DAGs
[2025-10-17T07:21:48.036+0000] {logging_mixin.py:154} INFO - [2025-10-17T07:21:48.035+0000] {dag.py:3722} INFO - Setting next_dagrun for example_sensor_decorator to None, run_after=None
[2025-10-17T07:21:48.064+0000] {processor.py:179} INFO - Processing /home/airflow/.local/lib/python3.8/site-packages/airflow/example_dags/example_sensor_decorator.py took 0.084 seconds
[2025-10-17T07:22:19.198+0000] {processor.py:157} INFO - Started process (PID=849) to work on /home/airflow/.local/lib/python3.8/site-packages/airflow/example_dags/example_sensor_decorator.py
[2025-10-17T07:22:19.199+0000] {processor.py:829} INFO - Processing file /home/airflow/.local/lib/python3.8/site-packages/airflow/example_dags/example_sensor_decorator.py for tasks to queue
[2025-10-17T07:22:19.202+0000] {logging_mixin.py:154} INFO - [2025-10-17T07:22:19.201+0000] {dagbag.py:536} INFO - Filling up the DagBag from /home/airflow/.local/lib/python3.8/site-packages/airflow/example_dags/example_sensor_decorator.py
[2025-10-17T07:22:19.207+0000] {processor.py:839} INFO - DAG(s) dict_keys(['example_sensor_decorator']) retrieved from /home/airflow/.local/lib/python3.8/site-packages/airflow/example_dags/example_sensor_decorator.py
[2025-10-17T07:22:19.226+0000] {logging_mixin.py:154} INFO - [2025-10-17T07:22:19.226+0000] {dag.py:2941} INFO - Sync 1 DAGs
[2025-10-17T07:22:19.237+0000] {logging_mixin.py:154} INFO - [2025-10-17T07:22:19.237+0000] {dag.py:3722} INFO - Setting next_dagrun for example_sensor_decorator to None, run_after=None
[2025-10-17T07:22:19.256+0000] {processor.py:179} INFO - Processing /home/airflow/.local/lib/python3.8/site-packages/airflow/example_dags/example_sensor_decorator.py took 0.060 seconds
[2025-10-17T07:22:50.126+0000] {processor.py:157} INFO - Started process (PID=905) to work on /home/airflow/.local/lib/python3.8/site-packages/airflow/example_dags/example_sensor_decorator.py
[2025-10-17T07:22:50.127+0000] {processor.py:829} INFO - Processing file /home/airflow/.local/lib/python3.8/site-packages/airflow/example_dags/example_sensor_decorator.py for tasks to queue
[2025-10-17T07:22:50.130+0000] {logging_mixin.py:154} INFO - [2025-10-17T07:22:50.129+0000] {dagbag.py:536} INFO - Filling up the DagBag from /home/airflow/.local/lib/python3.8/site-packages/airflow/example_dags/example_sensor_decorator.py
[2025-10-17T07:22:50.137+0000] {processor.py:839} INFO - DAG(s) dict_keys(['example_sensor_decorator']) retrieved from /home/airflow/.local/lib/python3.8/site-packages/airflow/example_dags/example_sensor_decorator.py
[2025-10-17T07:22:50.158+0000] {logging_mixin.py:154} INFO - [2025-10-17T07:22:50.158+0000] {dag.py:2941} INFO - Sync 1 DAGs
[2025-10-17T07:22:50.170+0000] {logging_mixin.py:154} INFO - [2025-10-17T07:22:50.170+0000] {dag.py:3722} INFO - Setting next_dagrun for example_sensor_decorator to None, run_after=None
[2025-10-17T07:22:50.187+0000] {processor.py:179} INFO - Processing /home/airflow/.local/lib/python3.8/site-packages/airflow/example_dags/example_sensor_decorator.py took 0.065 seconds
[2025-10-17T07:23:20.857+0000] {processor.py:157} INFO - Started process (PID=961) to work on /home/airflow/.local/lib/python3.8/site-packages/airflow/example_dags/example_sensor_decorator.py
[2025-10-17T07:23:20.858+0000] {processor.py:829} INFO - Processing file /home/airflow/.local/lib/python3.8/site-packages/airflow/example_dags/example_sensor_decorator.py for tasks to queue
[2025-10-17T07:23:20.861+0000] {logging_mixin.py:154} INFO - [2025-10-17T07:23:20.861+0000] {dagbag.py:536} INFO - Filling up the DagBag from /home/airflow/.local/lib/python3.8/site-packages/airflow/example_dags/example_sensor_decorator.py
[2025-10-17T07:23:20.867+0000] {processor.py:839} INFO - DAG(s) dict_keys(['example_sensor_decorator']) retrieved from /home/airflow/.local/lib/python3.8/site-packages/airflow/example_dags/example_sensor_decorator.py
[2025-10-17T07:23:20.887+0000] {logging_mixin.py:154} INFO - [2025-10-17T07:23:20.887+0000] {dag.py:2941} INFO - Sync 1 DAGs
[2025-10-17T07:23:20.898+0000] {logging_mixin.py:154} INFO - [2025-10-17T07:23:20.898+0000] {dag.py:3722} INFO - Setting next_dagrun for example_sensor_decorator to None, run_after=None
[2025-10-17T07:23:20.916+0000] {processor.py:179} INFO - Processing /home/airflow/.local/lib/python3.8/site-packages/airflow/example_dags/example_sensor_decorator.py took 0.063 seconds
[2025-10-17T07:23:52.030+0000] {processor.py:157} INFO - Started process (PID=1017) to work on /home/airflow/.local/lib/python3.8/site-packages/airflow/example_dags/example_sensor_decorator.py
[2025-10-17T07:23:52.031+0000] {processor.py:829} INFO - Processing file /home/airflow/.local/lib/python3.8/site-packages/airflow/example_dags/example_sensor_decorator.py for tasks to queue
[2025-10-17T07:23:52.034+0000] {logging_mixin.py:154} INFO - [2025-10-17T07:23:52.033+0000] {dagbag.py:536} INFO - Filling up the DagBag from /home/airflow/.local/lib/python3.8/site-packages/airflow/example_dags/example_sensor_decorator.py
[2025-10-17T07:23:52.041+0000] {processor.py:839} INFO - DAG(s) dict_keys(['example_sensor_decorator']) retrieved from /home/airflow/.local/lib/python3.8/site-packages/airflow/example_dags/example_sensor_decorator.py
[2025-10-17T07:23:52.062+0000] {logging_mixin.py:154} INFO - [2025-10-17T07:23:52.062+0000] {dag.py:2941} INFO - Sync 1 DAGs
[2025-10-17T07:23:52.074+0000] {logging_mixin.py:154} INFO - [2025-10-17T07:23:52.074+0000] {dag.py:3722} INFO - Setting next_dagrun for example_sensor_decorator to None, run_after=None
[2025-10-17T07:23:52.093+0000] {processor.py:179} INFO - Processing /home/airflow/.local/lib/python3.8/site-packages/airflow/example_dags/example_sensor_decorator.py took 0.066 seconds
[2025-10-17T07:24:23.207+0000] {processor.py:157} INFO - Started process (PID=1073) to work on /home/airflow/.local/lib/python3.8/site-packages/airflow/example_dags/example_sensor_decorator.py
[2025-10-17T07:24:23.208+0000] {processor.py:829} INFO - Processing file /home/airflow/.local/lib/python3.8/site-packages/airflow/example_dags/example_sensor_decorator.py for tasks to queue
[2025-10-17T07:24:23.211+0000] {logging_mixin.py:154} INFO - [2025-10-17T07:24:23.210+0000] {dagbag.py:536} INFO - Filling up the DagBag from /home/airflow/.local/lib/python3.8/site-packages/airflow/example_dags/example_sensor_decorator.py
[2025-10-17T07:24:23.218+0000] {processor.py:839} INFO - DAG(s) dict_keys(['example_sensor_decorator']) retrieved from /home/airflow/.local/lib/python3.8/site-packages/airflow/example_dags/example_sensor_decorator.py
[2025-10-17T07:24:23.242+0000] {logging_mixin.py:154} INFO - [2025-10-17T07:24:23.242+0000] {dag.py:2941} INFO - Sync 1 DAGs
[2025-10-17T07:24:23.267+0000] {logging_mixin.py:154} INFO - [2025-10-17T07:24:23.266+0000] {dag.py:3722} INFO - Setting next_dagrun for example_sensor_decorator to None, run_after=None
[2025-10-17T07:24:23.298+0000] {processor.py:179} INFO - Processing /home/airflow/.local/lib/python3.8/site-packages/airflow/example_dags/example_sensor_decorator.py took 0.095 seconds
[2025-10-17T07:24:53.411+0000] {processor.py:157} INFO - Started process (PID=1135) to work on /home/airflow/.local/lib/python3.8/site-packages/airflow/example_dags/example_sensor_decorator.py
[2025-10-17T07:24:53.412+0000] {processor.py:829} INFO - Processing file /home/airflow/.local/lib/python3.8/site-packages/airflow/example_dags/example_sensor_decorator.py for tasks to queue
[2025-10-17T07:24:53.414+0000] {logging_mixin.py:154} INFO - [2025-10-17T07:24:53.414+0000] {dagbag.py:536} INFO - Filling up the DagBag from /home/airflow/.local/lib/python3.8/site-packages/airflow/example_dags/example_sensor_decorator.py
[2025-10-17T07:24:53.420+0000] {processor.py:839} INFO - DAG(s) dict_keys(['example_sensor_decorator']) retrieved from /home/airflow/.local/lib/python3.8/site-packages/airflow/example_dags/example_sensor_decorator.py
[2025-10-17T07:24:53.439+0000] {logging_mixin.py:154} INFO - [2025-10-17T07:24:53.438+0000] {dag.py:2941} INFO - Sync 1 DAGs
[2025-10-17T07:24:53.449+0000] {logging_mixin.py:154} INFO - [2025-10-17T07:24:53.449+0000] {dag.py:3722} INFO - Setting next_dagrun for example_sensor_decorator to None, run_after=None
[2025-10-17T07:24:53.468+0000] {processor.py:179} INFO - Processing /home/airflow/.local/lib/python3.8/site-packages/airflow/example_dags/example_sensor_decorator.py took 0.060 seconds
[2025-10-17T07:25:24.301+0000] {processor.py:157} INFO - Started process (PID=1191) to work on /home/airflow/.local/lib/python3.8/site-packages/airflow/example_dags/example_sensor_decorator.py
[2025-10-17T07:25:24.302+0000] {processor.py:829} INFO - Processing file /home/airflow/.local/lib/python3.8/site-packages/airflow/example_dags/example_sensor_decorator.py for tasks to queue
[2025-10-17T07:25:24.304+0000] {logging_mixin.py:154} INFO - [2025-10-17T07:25:24.304+0000] {dagbag.py:536} INFO - Filling up the DagBag from /home/airflow/.local/lib/python3.8/site-packages/airflow/example_dags/example_sensor_decorator.py
[2025-10-17T07:25:24.310+0000] {processor.py:839} INFO - DAG(s) dict_keys(['example_sensor_decorator']) retrieved from /home/airflow/.local/lib/python3.8/site-packages/airflow/example_dags/example_sensor_decorator.py
[2025-10-17T07:25:24.330+0000] {logging_mixin.py:154} INFO - [2025-10-17T07:25:24.329+0000] {dag.py:2941} INFO - Sync 1 DAGs
[2025-10-17T07:25:24.340+0000] {logging_mixin.py:154} INFO - [2025-10-17T07:25:24.340+0000] {dag.py:3722} INFO - Setting next_dagrun for example_sensor_decorator to None, run_after=None
[2025-10-17T07:25:24.355+0000] {processor.py:179} INFO - Processing /home/airflow/.local/lib/python3.8/site-packages/airflow/example_dags/example_sensor_decorator.py took 0.058 seconds
[2025-10-17T07:25:55.262+0000] {processor.py:157} INFO - Started process (PID=1254) to work on /home/airflow/.local/lib/python3.8/site-packages/airflow/example_dags/example_sensor_decorator.py
[2025-10-17T07:25:55.267+0000] {processor.py:829} INFO - Processing file /home/airflow/.local/lib/python3.8/site-packages/airflow/example_dags/example_sensor_decorator.py for tasks to queue
[2025-10-17T07:25:55.269+0000] {logging_mixin.py:154} INFO - [2025-10-17T07:25:55.268+0000] {dagbag.py:536} INFO - Filling up the DagBag from /home/airflow/.local/lib/python3.8/site-packages/airflow/example_dags/example_sensor_decorator.py
[2025-10-17T07:25:55.274+0000] {processor.py:839} INFO - DAG(s) dict_keys(['example_sensor_decorator']) retrieved from /home/airflow/.local/lib/python3.8/site-packages/airflow/example_dags/example_sensor_decorator.py
[2025-10-17T07:25:55.424+0000] {logging_mixin.py:154} INFO - [2025-10-17T07:25:55.424+0000] {dag.py:2941} INFO - Sync 1 DAGs
[2025-10-17T07:25:55.432+0000] {logging_mixin.py:154} INFO - [2025-10-17T07:25:55.432+0000] {dag.py:3722} INFO - Setting next_dagrun for example_sensor_decorator to None, run_after=None
[2025-10-17T07:25:55.454+0000] {processor.py:179} INFO - Processing /home/airflow/.local/lib/python3.8/site-packages/airflow/example_dags/example_sensor_decorator.py took 0.195 seconds
[2025-10-17T07:26:26.033+0000] {processor.py:157} INFO - Started process (PID=1312) to work on /home/airflow/.local/lib/python3.8/site-packages/airflow/example_dags/example_sensor_decorator.py
[2025-10-17T07:26:26.034+0000] {processor.py:829} INFO - Processing file /home/airflow/.local/lib/python3.8/site-packages/airflow/example_dags/example_sensor_decorator.py for tasks to queue
[2025-10-17T07:26:26.036+0000] {logging_mixin.py:154} INFO - [2025-10-17T07:26:26.036+0000] {dagbag.py:536} INFO - Filling up the DagBag from /home/airflow/.local/lib/python3.8/site-packages/airflow/example_dags/example_sensor_decorator.py
[2025-10-17T07:26:26.042+0000] {processor.py:839} INFO - DAG(s) dict_keys(['example_sensor_decorator']) retrieved from /home/airflow/.local/lib/python3.8/site-packages/airflow/example_dags/example_sensor_decorator.py
[2025-10-17T07:26:26.061+0000] {logging_mixin.py:154} INFO - [2025-10-17T07:26:26.061+0000] {dag.py:2941} INFO - Sync 1 DAGs
[2025-10-17T07:26:26.071+0000] {logging_mixin.py:154} INFO - [2025-10-17T07:26:26.071+0000] {dag.py:3722} INFO - Setting next_dagrun for example_sensor_decorator to None, run_after=None
[2025-10-17T07:26:26.086+0000] {processor.py:179} INFO - Processing /home/airflow/.local/lib/python3.8/site-packages/airflow/example_dags/example_sensor_decorator.py took 0.056 seconds
[2025-10-17T07:26:56.287+0000] {processor.py:157} INFO - Started process (PID=1367) to work on /home/airflow/.local/lib/python3.8/site-packages/airflow/example_dags/example_sensor_decorator.py
[2025-10-17T07:26:56.289+0000] {processor.py:829} INFO - Processing file /home/airflow/.local/lib/python3.8/site-packages/airflow/example_dags/example_sensor_decorator.py for tasks to queue
[2025-10-17T07:26:56.291+0000] {logging_mixin.py:154} INFO - [2025-10-17T07:26:56.291+0000] {dagbag.py:536} INFO - Filling up the DagBag from /home/airflow/.local/lib/python3.8/site-packages/airflow/example_dags/example_sensor_decorator.py
[2025-10-17T07:26:56.297+0000] {processor.py:839} INFO - DAG(s) dict_keys(['example_sensor_decorator']) retrieved from /home/airflow/.local/lib/python3.8/site-packages/airflow/example_dags/example_sensor_decorator.py
[2025-10-17T07:26:56.317+0000] {logging_mixin.py:154} INFO - [2025-10-17T07:26:56.317+0000] {dag.py:2941} INFO - Sync 1 DAGs
[2025-10-17T07:26:56.328+0000] {logging_mixin.py:154} INFO - [2025-10-17T07:26:56.328+0000] {dag.py:3722} INFO - Setting next_dagrun for example_sensor_decorator to None, run_after=None
[2025-10-17T07:26:56.345+0000] {processor.py:179} INFO - Processing /home/airflow/.local/lib/python3.8/site-packages/airflow/example_dags/example_sensor_decorator.py took 0.061 seconds
[2025-10-17T07:27:26.476+0000] {processor.py:157} INFO - Started process (PID=1422) to work on /home/airflow/.local/lib/python3.8/site-packages/airflow/example_dags/example_sensor_decorator.py
[2025-10-17T07:27:26.477+0000] {processor.py:829} INFO - Processing file /home/airflow/.local/lib/python3.8/site-packages/airflow/example_dags/example_sensor_decorator.py for tasks to queue
[2025-10-17T07:27:26.480+0000] {logging_mixin.py:154} INFO - [2025-10-17T07:27:26.480+0000] {dagbag.py:536} INFO - Filling up the DagBag from /home/airflow/.local/lib/python3.8/site-packages/airflow/example_dags/example_sensor_decorator.py
[2025-10-17T07:27:26.485+0000] {processor.py:839} INFO - DAG(s) dict_keys(['example_sensor_decorator']) retrieved from /home/airflow/.local/lib/python3.8/site-packages/airflow/example_dags/example_sensor_decorator.py
[2025-10-17T07:27:26.505+0000] {logging_mixin.py:154} INFO - [2025-10-17T07:27:26.505+0000] {dag.py:2941} INFO - Sync 1 DAGs
[2025-10-17T07:27:26.515+0000] {logging_mixin.py:154} INFO - [2025-10-17T07:27:26.515+0000] {dag.py:3722} INFO - Setting next_dagrun for example_sensor_decorator to None, run_after=None
[2025-10-17T07:27:26.532+0000] {processor.py:179} INFO - Processing /home/airflow/.local/lib/python3.8/site-packages/airflow/example_dags/example_sensor_decorator.py took 0.059 seconds
[2025-10-17T07:27:56.696+0000] {processor.py:157} INFO - Started process (PID=1477) to work on /home/airflow/.local/lib/python3.8/site-packages/airflow/example_dags/example_sensor_decorator.py
[2025-10-17T07:27:56.697+0000] {processor.py:829} INFO - Processing file /home/airflow/.local/lib/python3.8/site-packages/airflow/example_dags/example_sensor_decorator.py for tasks to queue
[2025-10-17T07:27:56.698+0000] {logging_mixin.py:154} INFO - [2025-10-17T07:27:56.697+0000] {dagbag.py:536} INFO - Filling up the DagBag from /home/airflow/.local/lib/python3.8/site-packages/airflow/example_dags/example_sensor_decorator.py
[2025-10-17T07:27:56.704+0000] {processor.py:839} INFO - DAG(s) dict_keys(['example_sensor_decorator']) retrieved from /home/airflow/.local/lib/python3.8/site-packages/airflow/example_dags/example_sensor_decorator.py
[2025-10-17T07:27:56.724+0000] {logging_mixin.py:154} INFO - [2025-10-17T07:27:56.724+0000] {dag.py:2941} INFO - Sync 1 DAGs
[2025-10-17T07:27:56.734+0000] {logging_mixin.py:154} INFO - [2025-10-17T07:27:56.734+0000] {dag.py:3722} INFO - Setting next_dagrun for example_sensor_decorator to None, run_after=None
[2025-10-17T07:27:56.750+0000] {processor.py:179} INFO - Processing /home/airflow/.local/lib/python3.8/site-packages/airflow/example_dags/example_sensor_decorator.py took 0.057 seconds
[2025-10-17T07:28:27.035+0000] {processor.py:157} INFO - Started process (PID=1535) to work on /home/airflow/.local/lib/python3.8/site-packages/airflow/example_dags/example_sensor_decorator.py
[2025-10-17T07:28:27.036+0000] {processor.py:829} INFO - Processing file /home/airflow/.local/lib/python3.8/site-packages/airflow/example_dags/example_sensor_decorator.py for tasks to queue
[2025-10-17T07:28:27.037+0000] {logging_mixin.py:154} INFO - [2025-10-17T07:28:27.037+0000] {dagbag.py:536} INFO - Filling up the DagBag from /home/airflow/.local/lib/python3.8/site-packages/airflow/example_dags/example_sensor_decorator.py
[2025-10-17T07:28:27.043+0000] {processor.py:839} INFO - DAG(s) dict_keys(['example_sensor_decorator']) retrieved from /home/airflow/.local/lib/python3.8/site-packages/airflow/example_dags/example_sensor_decorator.py
[2025-10-17T07:28:27.062+0000] {logging_mixin.py:154} INFO - [2025-10-17T07:28:27.061+0000] {dag.py:2941} INFO - Sync 1 DAGs
[2025-10-17T07:28:27.072+0000] {logging_mixin.py:154} INFO - [2025-10-17T07:28:27.072+0000] {dag.py:3722} INFO - Setting next_dagrun for example_sensor_decorator to None, run_after=None
[2025-10-17T07:28:27.087+0000] {processor.py:179} INFO - Processing /home/airflow/.local/lib/python3.8/site-packages/airflow/example_dags/example_sensor_decorator.py took 0.055 seconds
[2025-10-17T07:28:57.352+0000] {processor.py:157} INFO - Started process (PID=1591) to work on /home/airflow/.local/lib/python3.8/site-packages/airflow/example_dags/example_sensor_decorator.py
[2025-10-17T07:28:57.354+0000] {processor.py:829} INFO - Processing file /home/airflow/.local/lib/python3.8/site-packages/airflow/example_dags/example_sensor_decorator.py for tasks to queue
[2025-10-17T07:28:57.354+0000] {logging_mixin.py:154} INFO - [2025-10-17T07:28:57.354+0000] {dagbag.py:536} INFO - Filling up the DagBag from /home/airflow/.local/lib/python3.8/site-packages/airflow/example_dags/example_sensor_decorator.py
[2025-10-17T07:28:57.360+0000] {processor.py:839} INFO - DAG(s) dict_keys(['example_sensor_decorator']) retrieved from /home/airflow/.local/lib/python3.8/site-packages/airflow/example_dags/example_sensor_decorator.py
[2025-10-17T07:28:57.379+0000] {logging_mixin.py:154} INFO - [2025-10-17T07:28:57.378+0000] {dag.py:2941} INFO - Sync 1 DAGs
[2025-10-17T07:28:57.389+0000] {logging_mixin.py:154} INFO - [2025-10-17T07:28:57.388+0000] {dag.py:3722} INFO - Setting next_dagrun for example_sensor_decorator to None, run_after=None
[2025-10-17T07:28:57.406+0000] {processor.py:179} INFO - Processing /home/airflow/.local/lib/python3.8/site-packages/airflow/example_dags/example_sensor_decorator.py took 0.056 seconds
[2025-10-17T07:30:19.850+0000] {processor.py:157} INFO - Started process (PID=74) to work on /home/airflow/.local/lib/python3.8/site-packages/airflow/example_dags/example_sensor_decorator.py
[2025-10-17T07:30:19.852+0000] {processor.py:829} INFO - Processing file /home/airflow/.local/lib/python3.8/site-packages/airflow/example_dags/example_sensor_decorator.py for tasks to queue
[2025-10-17T07:30:19.859+0000] {logging_mixin.py:154} INFO - [2025-10-17T07:30:19.858+0000] {dagbag.py:536} INFO - Filling up the DagBag from /home/airflow/.local/lib/python3.8/site-packages/airflow/example_dags/example_sensor_decorator.py
[2025-10-17T07:30:19.873+0000] {processor.py:839} INFO - DAG(s) dict_keys(['example_sensor_decorator']) retrieved from /home/airflow/.local/lib/python3.8/site-packages/airflow/example_dags/example_sensor_decorator.py
[2025-10-17T07:30:20.104+0000] {logging_mixin.py:154} INFO - [2025-10-17T07:30:20.103+0000] {manager.py:499} INFO - Created Permission View: %s
[2025-10-17T07:30:20.129+0000] {logging_mixin.py:154} INFO - [2025-10-17T07:30:20.128+0000] {manager.py:499} INFO - Created Permission View: %s
[2025-10-17T07:30:20.149+0000] {logging_mixin.py:154} INFO - [2025-10-17T07:30:20.148+0000] {manager.py:499} INFO - Created Permission View: %s
[2025-10-17T07:30:20.152+0000] {logging_mixin.py:154} INFO - [2025-10-17T07:30:20.151+0000] {dag.py:2941} INFO - Sync 1 DAGs
[2025-10-17T07:30:20.185+0000] {logging_mixin.py:154} INFO - [2025-10-17T07:30:20.184+0000] {dag.py:2963} INFO - Creating ORM DAG for example_sensor_decorator
[2025-10-17T07:30:20.187+0000] {logging_mixin.py:154} INFO - [2025-10-17T07:30:20.187+0000] {dag.py:3722} INFO - Setting next_dagrun for example_sensor_decorator to None, run_after=None
[2025-10-17T07:30:20.218+0000] {processor.py:179} INFO - Processing /home/airflow/.local/lib/python3.8/site-packages/airflow/example_dags/example_sensor_decorator.py took 0.377 seconds
[2025-10-17T07:30:50.402+0000] {processor.py:157} INFO - Started process (PID=131) to work on /home/airflow/.local/lib/python3.8/site-packages/airflow/example_dags/example_sensor_decorator.py
[2025-10-17T07:30:50.403+0000] {processor.py:829} INFO - Processing file /home/airflow/.local/lib/python3.8/site-packages/airflow/example_dags/example_sensor_decorator.py for tasks to queue
[2025-10-17T07:30:50.407+0000] {logging_mixin.py:154} INFO - [2025-10-17T07:30:50.407+0000] {dagbag.py:536} INFO - Filling up the DagBag from /home/airflow/.local/lib/python3.8/site-packages/airflow/example_dags/example_sensor_decorator.py
[2025-10-17T07:30:50.418+0000] {processor.py:839} INFO - DAG(s) dict_keys(['example_sensor_decorator']) retrieved from /home/airflow/.local/lib/python3.8/site-packages/airflow/example_dags/example_sensor_decorator.py
[2025-10-17T07:30:50.452+0000] {logging_mixin.py:154} INFO - [2025-10-17T07:30:50.451+0000] {dag.py:2941} INFO - Sync 1 DAGs
[2025-10-17T07:30:50.467+0000] {logging_mixin.py:154} INFO - [2025-10-17T07:30:50.467+0000] {dag.py:3722} INFO - Setting next_dagrun for example_sensor_decorator to None, run_after=None
[2025-10-17T07:30:50.503+0000] {processor.py:179} INFO - Processing /home/airflow/.local/lib/python3.8/site-packages/airflow/example_dags/example_sensor_decorator.py took 0.106 seconds
[2025-10-17T07:31:21.566+0000] {processor.py:157} INFO - Started process (PID=187) to work on /home/airflow/.local/lib/python3.8/site-packages/airflow/example_dags/example_sensor_decorator.py
[2025-10-17T07:31:21.567+0000] {processor.py:829} INFO - Processing file /home/airflow/.local/lib/python3.8/site-packages/airflow/example_dags/example_sensor_decorator.py for tasks to queue
[2025-10-17T07:31:21.569+0000] {logging_mixin.py:154} INFO - [2025-10-17T07:31:21.569+0000] {dagbag.py:536} INFO - Filling up the DagBag from /home/airflow/.local/lib/python3.8/site-packages/airflow/example_dags/example_sensor_decorator.py
[2025-10-17T07:31:21.575+0000] {processor.py:839} INFO - DAG(s) dict_keys(['example_sensor_decorator']) retrieved from /home/airflow/.local/lib/python3.8/site-packages/airflow/example_dags/example_sensor_decorator.py
[2025-10-17T07:31:21.594+0000] {logging_mixin.py:154} INFO - [2025-10-17T07:31:21.594+0000] {dag.py:2941} INFO - Sync 1 DAGs
[2025-10-17T07:31:21.605+0000] {logging_mixin.py:154} INFO - [2025-10-17T07:31:21.605+0000] {dag.py:3722} INFO - Setting next_dagrun for example_sensor_decorator to None, run_after=None
[2025-10-17T07:31:21.623+0000] {processor.py:179} INFO - Processing /home/airflow/.local/lib/python3.8/site-packages/airflow/example_dags/example_sensor_decorator.py took 0.060 seconds
[2025-10-17T07:31:52.008+0000] {processor.py:157} INFO - Started process (PID=243) to work on /home/airflow/.local/lib/python3.8/site-packages/airflow/example_dags/example_sensor_decorator.py
[2025-10-17T07:31:52.010+0000] {processor.py:829} INFO - Processing file /home/airflow/.local/lib/python3.8/site-packages/airflow/example_dags/example_sensor_decorator.py for tasks to queue
[2025-10-17T07:31:52.013+0000] {logging_mixin.py:154} INFO - [2025-10-17T07:31:52.013+0000] {dagbag.py:536} INFO - Filling up the DagBag from /home/airflow/.local/lib/python3.8/site-packages/airflow/example_dags/example_sensor_decorator.py
[2025-10-17T07:31:52.020+0000] {processor.py:839} INFO - DAG(s) dict_keys(['example_sensor_decorator']) retrieved from /home/airflow/.local/lib/python3.8/site-packages/airflow/example_dags/example_sensor_decorator.py
[2025-10-17T07:31:52.042+0000] {logging_mixin.py:154} INFO - [2025-10-17T07:31:52.042+0000] {dag.py:2941} INFO - Sync 1 DAGs
[2025-10-17T07:31:52.054+0000] {logging_mixin.py:154} INFO - [2025-10-17T07:31:52.054+0000] {dag.py:3722} INFO - Setting next_dagrun for example_sensor_decorator to None, run_after=None
[2025-10-17T07:31:52.079+0000] {processor.py:179} INFO - Processing /home/airflow/.local/lib/python3.8/site-packages/airflow/example_dags/example_sensor_decorator.py took 0.075 seconds
[2025-10-17T07:32:22.935+0000] {processor.py:157} INFO - Started process (PID=299) to work on /home/airflow/.local/lib/python3.8/site-packages/airflow/example_dags/example_sensor_decorator.py
[2025-10-17T07:32:22.937+0000] {processor.py:829} INFO - Processing file /home/airflow/.local/lib/python3.8/site-packages/airflow/example_dags/example_sensor_decorator.py for tasks to queue
[2025-10-17T07:32:22.940+0000] {logging_mixin.py:154} INFO - [2025-10-17T07:32:22.940+0000] {dagbag.py:536} INFO - Filling up the DagBag from /home/airflow/.local/lib/python3.8/site-packages/airflow/example_dags/example_sensor_decorator.py
[2025-10-17T07:32:22.946+0000] {processor.py:839} INFO - DAG(s) dict_keys(['example_sensor_decorator']) retrieved from /home/airflow/.local/lib/python3.8/site-packages/airflow/example_dags/example_sensor_decorator.py
[2025-10-17T07:32:22.968+0000] {logging_mixin.py:154} INFO - [2025-10-17T07:32:22.968+0000] {dag.py:2941} INFO - Sync 1 DAGs
[2025-10-17T07:32:22.979+0000] {logging_mixin.py:154} INFO - [2025-10-17T07:32:22.979+0000] {dag.py:3722} INFO - Setting next_dagrun for example_sensor_decorator to None, run_after=None
[2025-10-17T07:32:22.996+0000] {processor.py:179} INFO - Processing /home/airflow/.local/lib/python3.8/site-packages/airflow/example_dags/example_sensor_decorator.py took 0.064 seconds
[2025-10-17T07:35:42.638+0000] {processor.py:157} INFO - Started process (PID=64) to work on /home/airflow/.local/lib/python3.8/site-packages/airflow/example_dags/example_sensor_decorator.py
[2025-10-17T07:35:42.641+0000] {processor.py:829} INFO - Processing file /home/airflow/.local/lib/python3.8/site-packages/airflow/example_dags/example_sensor_decorator.py for tasks to queue
[2025-10-17T07:35:42.649+0000] {logging_mixin.py:154} INFO - [2025-10-17T07:35:42.648+0000] {dagbag.py:536} INFO - Filling up the DagBag from /home/airflow/.local/lib/python3.8/site-packages/airflow/example_dags/example_sensor_decorator.py
[2025-10-17T07:35:42.663+0000] {processor.py:839} INFO - DAG(s) dict_keys(['example_sensor_decorator']) retrieved from /home/airflow/.local/lib/python3.8/site-packages/airflow/example_dags/example_sensor_decorator.py
[2025-10-17T07:35:42.846+0000] {logging_mixin.py:154} INFO - [2025-10-17T07:35:42.846+0000] {manager.py:499} INFO - Created Permission View: %s
[2025-10-17T07:35:42.865+0000] {logging_mixin.py:154} INFO - [2025-10-17T07:35:42.865+0000] {manager.py:499} INFO - Created Permission View: %s
[2025-10-17T07:35:42.880+0000] {logging_mixin.py:154} INFO - [2025-10-17T07:35:42.880+0000] {manager.py:499} INFO - Created Permission View: %s
[2025-10-17T07:35:42.881+0000] {logging_mixin.py:154} INFO - [2025-10-17T07:35:42.881+0000] {dag.py:2941} INFO - Sync 1 DAGs
[2025-10-17T07:35:42.899+0000] {logging_mixin.py:154} INFO - [2025-10-17T07:35:42.899+0000] {dag.py:2963} INFO - Creating ORM DAG for example_sensor_decorator
[2025-10-17T07:35:42.900+0000] {logging_mixin.py:154} INFO - [2025-10-17T07:35:42.900+0000] {dag.py:3722} INFO - Setting next_dagrun for example_sensor_decorator to None, run_after=None
[2025-10-17T07:35:42.931+0000] {processor.py:179} INFO - Processing /home/airflow/.local/lib/python3.8/site-packages/airflow/example_dags/example_sensor_decorator.py took 0.298 seconds
[2025-10-17T07:36:13.849+0000] {processor.py:157} INFO - Started process (PID=127) to work on /home/airflow/.local/lib/python3.8/site-packages/airflow/example_dags/example_sensor_decorator.py
[2025-10-17T07:36:13.850+0000] {processor.py:829} INFO - Processing file /home/airflow/.local/lib/python3.8/site-packages/airflow/example_dags/example_sensor_decorator.py for tasks to queue
[2025-10-17T07:36:13.852+0000] {logging_mixin.py:154} INFO - [2025-10-17T07:36:13.852+0000] {dagbag.py:536} INFO - Filling up the DagBag from /home/airflow/.local/lib/python3.8/site-packages/airflow/example_dags/example_sensor_decorator.py
[2025-10-17T07:36:13.858+0000] {processor.py:839} INFO - DAG(s) dict_keys(['example_sensor_decorator']) retrieved from /home/airflow/.local/lib/python3.8/site-packages/airflow/example_dags/example_sensor_decorator.py
[2025-10-17T07:36:13.879+0000] {logging_mixin.py:154} INFO - [2025-10-17T07:36:13.878+0000] {dag.py:2941} INFO - Sync 1 DAGs
[2025-10-17T07:36:13.890+0000] {logging_mixin.py:154} INFO - [2025-10-17T07:36:13.890+0000] {dag.py:3722} INFO - Setting next_dagrun for example_sensor_decorator to None, run_after=None
[2025-10-17T07:36:13.908+0000] {processor.py:179} INFO - Processing /home/airflow/.local/lib/python3.8/site-packages/airflow/example_dags/example_sensor_decorator.py took 0.063 seconds
[2025-10-17T07:36:44.363+0000] {processor.py:157} INFO - Started process (PID=183) to work on /home/airflow/.local/lib/python3.8/site-packages/airflow/example_dags/example_sensor_decorator.py
[2025-10-17T07:36:44.364+0000] {processor.py:829} INFO - Processing file /home/airflow/.local/lib/python3.8/site-packages/airflow/example_dags/example_sensor_decorator.py for tasks to queue
[2025-10-17T07:36:44.367+0000] {logging_mixin.py:154} INFO - [2025-10-17T07:36:44.366+0000] {dagbag.py:536} INFO - Filling up the DagBag from /home/airflow/.local/lib/python3.8/site-packages/airflow/example_dags/example_sensor_decorator.py
[2025-10-17T07:36:44.372+0000] {processor.py:839} INFO - DAG(s) dict_keys(['example_sensor_decorator']) retrieved from /home/airflow/.local/lib/python3.8/site-packages/airflow/example_dags/example_sensor_decorator.py
[2025-10-17T07:36:44.394+0000] {logging_mixin.py:154} INFO - [2025-10-17T07:36:44.394+0000] {dag.py:2941} INFO - Sync 1 DAGs
[2025-10-17T07:36:44.404+0000] {logging_mixin.py:154} INFO - [2025-10-17T07:36:44.404+0000] {dag.py:3722} INFO - Setting next_dagrun for example_sensor_decorator to None, run_after=None
[2025-10-17T07:36:44.421+0000] {processor.py:179} INFO - Processing /home/airflow/.local/lib/python3.8/site-packages/airflow/example_dags/example_sensor_decorator.py took 0.061 seconds
[2025-10-17T07:37:14.777+0000] {processor.py:157} INFO - Started process (PID=239) to work on /home/airflow/.local/lib/python3.8/site-packages/airflow/example_dags/example_sensor_decorator.py
[2025-10-17T07:37:14.779+0000] {processor.py:829} INFO - Processing file /home/airflow/.local/lib/python3.8/site-packages/airflow/example_dags/example_sensor_decorator.py for tasks to queue
[2025-10-17T07:37:14.781+0000] {logging_mixin.py:154} INFO - [2025-10-17T07:37:14.781+0000] {dagbag.py:536} INFO - Filling up the DagBag from /home/airflow/.local/lib/python3.8/site-packages/airflow/example_dags/example_sensor_decorator.py
[2025-10-17T07:37:14.787+0000] {processor.py:839} INFO - DAG(s) dict_keys(['example_sensor_decorator']) retrieved from /home/airflow/.local/lib/python3.8/site-packages/airflow/example_dags/example_sensor_decorator.py
[2025-10-17T07:37:14.808+0000] {logging_mixin.py:154} INFO - [2025-10-17T07:37:14.807+0000] {dag.py:2941} INFO - Sync 1 DAGs
[2025-10-17T07:37:14.818+0000] {logging_mixin.py:154} INFO - [2025-10-17T07:37:14.818+0000] {dag.py:3722} INFO - Setting next_dagrun for example_sensor_decorator to None, run_after=None
[2025-10-17T07:37:14.834+0000] {processor.py:179} INFO - Processing /home/airflow/.local/lib/python3.8/site-packages/airflow/example_dags/example_sensor_decorator.py took 0.061 seconds
[2025-10-17T07:38:43.945+0000] {processor.py:157} INFO - Started process (PID=65) to work on /home/airflow/.local/lib/python3.8/site-packages/airflow/example_dags/example_sensor_decorator.py
[2025-10-17T07:38:43.947+0000] {processor.py:829} INFO - Processing file /home/airflow/.local/lib/python3.8/site-packages/airflow/example_dags/example_sensor_decorator.py for tasks to queue
[2025-10-17T07:38:43.951+0000] {logging_mixin.py:154} INFO - [2025-10-17T07:38:43.951+0000] {dagbag.py:536} INFO - Filling up the DagBag from /home/airflow/.local/lib/python3.8/site-packages/airflow/example_dags/example_sensor_decorator.py
[2025-10-17T07:38:43.963+0000] {processor.py:839} INFO - DAG(s) dict_keys(['example_sensor_decorator']) retrieved from /home/airflow/.local/lib/python3.8/site-packages/airflow/example_dags/example_sensor_decorator.py
[2025-10-17T07:38:44.142+0000] {logging_mixin.py:154} INFO - [2025-10-17T07:38:44.141+0000] {manager.py:499} INFO - Created Permission View: %s
[2025-10-17T07:38:44.155+0000] {logging_mixin.py:154} INFO - [2025-10-17T07:38:44.155+0000] {manager.py:499} INFO - Created Permission View: %s
[2025-10-17T07:38:44.166+0000] {logging_mixin.py:154} INFO - [2025-10-17T07:38:44.166+0000] {manager.py:499} INFO - Created Permission View: %s
[2025-10-17T07:38:44.167+0000] {logging_mixin.py:154} INFO - [2025-10-17T07:38:44.167+0000] {dag.py:2941} INFO - Sync 1 DAGs
[2025-10-17T07:38:44.179+0000] {logging_mixin.py:154} INFO - [2025-10-17T07:38:44.179+0000] {dag.py:2963} INFO - Creating ORM DAG for example_sensor_decorator
[2025-10-17T07:38:44.180+0000] {logging_mixin.py:154} INFO - [2025-10-17T07:38:44.180+0000] {dag.py:3722} INFO - Setting next_dagrun for example_sensor_decorator to None, run_after=None
[2025-10-17T07:38:44.202+0000] {processor.py:179} INFO - Processing /home/airflow/.local/lib/python3.8/site-packages/airflow/example_dags/example_sensor_decorator.py took 0.262 seconds
[2025-10-17T07:39:15.085+0000] {processor.py:157} INFO - Started process (PID=128) to work on /home/airflow/.local/lib/python3.8/site-packages/airflow/example_dags/example_sensor_decorator.py
[2025-10-17T07:39:15.086+0000] {processor.py:829} INFO - Processing file /home/airflow/.local/lib/python3.8/site-packages/airflow/example_dags/example_sensor_decorator.py for tasks to queue
[2025-10-17T07:39:15.089+0000] {logging_mixin.py:154} INFO - [2025-10-17T07:39:15.089+0000] {dagbag.py:536} INFO - Filling up the DagBag from /home/airflow/.local/lib/python3.8/site-packages/airflow/example_dags/example_sensor_decorator.py
[2025-10-17T07:39:15.095+0000] {processor.py:839} INFO - DAG(s) dict_keys(['example_sensor_decorator']) retrieved from /home/airflow/.local/lib/python3.8/site-packages/airflow/example_dags/example_sensor_decorator.py
[2025-10-17T07:39:15.115+0000] {logging_mixin.py:154} INFO - [2025-10-17T07:39:15.114+0000] {dag.py:2941} INFO - Sync 1 DAGs
[2025-10-17T07:39:15.125+0000] {logging_mixin.py:154} INFO - [2025-10-17T07:39:15.125+0000] {dag.py:3722} INFO - Setting next_dagrun for example_sensor_decorator to None, run_after=None
[2025-10-17T07:39:15.143+0000] {processor.py:179} INFO - Processing /home/airflow/.local/lib/python3.8/site-packages/airflow/example_dags/example_sensor_decorator.py took 0.061 seconds
[2025-10-17T07:39:45.294+0000] {processor.py:157} INFO - Started process (PID=184) to work on /home/airflow/.local/lib/python3.8/site-packages/airflow/example_dags/example_sensor_decorator.py
[2025-10-17T07:39:45.295+0000] {processor.py:829} INFO - Processing file /home/airflow/.local/lib/python3.8/site-packages/airflow/example_dags/example_sensor_decorator.py for tasks to queue
[2025-10-17T07:39:45.297+0000] {logging_mixin.py:154} INFO - [2025-10-17T07:39:45.297+0000] {dagbag.py:536} INFO - Filling up the DagBag from /home/airflow/.local/lib/python3.8/site-packages/airflow/example_dags/example_sensor_decorator.py
[2025-10-17T07:39:45.303+0000] {processor.py:839} INFO - DAG(s) dict_keys(['example_sensor_decorator']) retrieved from /home/airflow/.local/lib/python3.8/site-packages/airflow/example_dags/example_sensor_decorator.py
[2025-10-17T07:39:45.321+0000] {logging_mixin.py:154} INFO - [2025-10-17T07:39:45.321+0000] {dag.py:2941} INFO - Sync 1 DAGs
[2025-10-17T07:39:45.333+0000] {logging_mixin.py:154} INFO - [2025-10-17T07:39:45.333+0000] {dag.py:3722} INFO - Setting next_dagrun for example_sensor_decorator to None, run_after=None
[2025-10-17T07:39:45.348+0000] {processor.py:179} INFO - Processing /home/airflow/.local/lib/python3.8/site-packages/airflow/example_dags/example_sensor_decorator.py took 0.058 seconds
[2025-10-17T07:40:16.619+0000] {processor.py:157} INFO - Started process (PID=240) to work on /home/airflow/.local/lib/python3.8/site-packages/airflow/example_dags/example_sensor_decorator.py
[2025-10-17T07:40:16.621+0000] {processor.py:829} INFO - Processing file /home/airflow/.local/lib/python3.8/site-packages/airflow/example_dags/example_sensor_decorator.py for tasks to queue
[2025-10-17T07:40:16.623+0000] {logging_mixin.py:154} INFO - [2025-10-17T07:40:16.623+0000] {dagbag.py:536} INFO - Filling up the DagBag from /home/airflow/.local/lib/python3.8/site-packages/airflow/example_dags/example_sensor_decorator.py
[2025-10-17T07:40:16.629+0000] {processor.py:839} INFO - DAG(s) dict_keys(['example_sensor_decorator']) retrieved from /home/airflow/.local/lib/python3.8/site-packages/airflow/example_dags/example_sensor_decorator.py
[2025-10-17T07:40:16.648+0000] {logging_mixin.py:154} INFO - [2025-10-17T07:40:16.647+0000] {dag.py:2941} INFO - Sync 1 DAGs
[2025-10-17T07:40:16.658+0000] {logging_mixin.py:154} INFO - [2025-10-17T07:40:16.658+0000] {dag.py:3722} INFO - Setting next_dagrun for example_sensor_decorator to None, run_after=None
[2025-10-17T07:40:16.674+0000] {processor.py:179} INFO - Processing /home/airflow/.local/lib/python3.8/site-packages/airflow/example_dags/example_sensor_decorator.py took 0.058 seconds
[2025-10-17T07:40:47.323+0000] {processor.py:157} INFO - Started process (PID=296) to work on /home/airflow/.local/lib/python3.8/site-packages/airflow/example_dags/example_sensor_decorator.py
[2025-10-17T07:40:47.324+0000] {processor.py:829} INFO - Processing file /home/airflow/.local/lib/python3.8/site-packages/airflow/example_dags/example_sensor_decorator.py for tasks to queue
[2025-10-17T07:40:47.327+0000] {logging_mixin.py:154} INFO - [2025-10-17T07:40:47.326+0000] {dagbag.py:536} INFO - Filling up the DagBag from /home/airflow/.local/lib/python3.8/site-packages/airflow/example_dags/example_sensor_decorator.py
[2025-10-17T07:40:47.334+0000] {processor.py:839} INFO - DAG(s) dict_keys(['example_sensor_decorator']) retrieved from /home/airflow/.local/lib/python3.8/site-packages/airflow/example_dags/example_sensor_decorator.py
[2025-10-17T07:40:47.356+0000] {logging_mixin.py:154} INFO - [2025-10-17T07:40:47.355+0000] {dag.py:2941} INFO - Sync 1 DAGs
[2025-10-17T07:40:47.372+0000] {logging_mixin.py:154} INFO - [2025-10-17T07:40:47.372+0000] {dag.py:3722} INFO - Setting next_dagrun for example_sensor_decorator to None, run_after=None
[2025-10-17T07:40:47.392+0000] {processor.py:179} INFO - Processing /home/airflow/.local/lib/python3.8/site-packages/airflow/example_dags/example_sensor_decorator.py took 0.073 seconds
[2025-10-17T07:41:17.633+0000] {processor.py:157} INFO - Started process (PID=351) to work on /home/airflow/.local/lib/python3.8/site-packages/airflow/example_dags/example_sensor_decorator.py
[2025-10-17T07:41:17.635+0000] {processor.py:829} INFO - Processing file /home/airflow/.local/lib/python3.8/site-packages/airflow/example_dags/example_sensor_decorator.py for tasks to queue
[2025-10-17T07:41:17.637+0000] {logging_mixin.py:154} INFO - [2025-10-17T07:41:17.637+0000] {dagbag.py:536} INFO - Filling up the DagBag from /home/airflow/.local/lib/python3.8/site-packages/airflow/example_dags/example_sensor_decorator.py
[2025-10-17T07:41:17.643+0000] {processor.py:839} INFO - DAG(s) dict_keys(['example_sensor_decorator']) retrieved from /home/airflow/.local/lib/python3.8/site-packages/airflow/example_dags/example_sensor_decorator.py
[2025-10-17T07:41:17.664+0000] {logging_mixin.py:154} INFO - [2025-10-17T07:41:17.664+0000] {dag.py:2941} INFO - Sync 1 DAGs
[2025-10-17T07:41:17.675+0000] {logging_mixin.py:154} INFO - [2025-10-17T07:41:17.675+0000] {dag.py:3722} INFO - Setting next_dagrun for example_sensor_decorator to None, run_after=None
[2025-10-17T07:41:17.696+0000] {processor.py:179} INFO - Processing /home/airflow/.local/lib/python3.8/site-packages/airflow/example_dags/example_sensor_decorator.py took 0.066 seconds
[2025-10-17T07:42:27.278+0000] {processor.py:157} INFO - Started process (PID=64) to work on /home/airflow/.local/lib/python3.8/site-packages/airflow/example_dags/example_sensor_decorator.py
[2025-10-17T07:42:27.279+0000] {processor.py:829} INFO - Processing file /home/airflow/.local/lib/python3.8/site-packages/airflow/example_dags/example_sensor_decorator.py for tasks to queue
[2025-10-17T07:42:27.283+0000] {logging_mixin.py:154} INFO - [2025-10-17T07:42:27.282+0000] {dagbag.py:536} INFO - Filling up the DagBag from /home/airflow/.local/lib/python3.8/site-packages/airflow/example_dags/example_sensor_decorator.py
[2025-10-17T07:42:27.294+0000] {processor.py:839} INFO - DAG(s) dict_keys(['example_sensor_decorator']) retrieved from /home/airflow/.local/lib/python3.8/site-packages/airflow/example_dags/example_sensor_decorator.py
[2025-10-17T07:42:27.450+0000] {logging_mixin.py:154} INFO - [2025-10-17T07:42:27.450+0000] {manager.py:499} INFO - Created Permission View: %s
[2025-10-17T07:42:27.472+0000] {logging_mixin.py:154} INFO - [2025-10-17T07:42:27.471+0000] {manager.py:499} INFO - Created Permission View: %s
[2025-10-17T07:42:27.484+0000] {logging_mixin.py:154} INFO - [2025-10-17T07:42:27.484+0000] {manager.py:499} INFO - Created Permission View: %s
[2025-10-17T07:42:27.485+0000] {logging_mixin.py:154} INFO - [2025-10-17T07:42:27.485+0000] {dag.py:2941} INFO - Sync 1 DAGs
[2025-10-17T07:42:27.511+0000] {logging_mixin.py:154} INFO - [2025-10-17T07:42:27.510+0000] {dag.py:2963} INFO - Creating ORM DAG for example_sensor_decorator
[2025-10-17T07:42:27.512+0000] {logging_mixin.py:154} INFO - [2025-10-17T07:42:27.512+0000] {dag.py:3722} INFO - Setting next_dagrun for example_sensor_decorator to None, run_after=None
[2025-10-17T07:42:27.546+0000] {processor.py:179} INFO - Processing /home/airflow/.local/lib/python3.8/site-packages/airflow/example_dags/example_sensor_decorator.py took 0.273 seconds
[2025-10-17T07:42:57.758+0000] {processor.py:157} INFO - Started process (PID=120) to work on /home/airflow/.local/lib/python3.8/site-packages/airflow/example_dags/example_sensor_decorator.py
[2025-10-17T07:42:57.759+0000] {processor.py:829} INFO - Processing file /home/airflow/.local/lib/python3.8/site-packages/airflow/example_dags/example_sensor_decorator.py for tasks to queue
[2025-10-17T07:42:57.762+0000] {logging_mixin.py:154} INFO - [2025-10-17T07:42:57.761+0000] {dagbag.py:536} INFO - Filling up the DagBag from /home/airflow/.local/lib/python3.8/site-packages/airflow/example_dags/example_sensor_decorator.py
[2025-10-17T07:42:57.768+0000] {processor.py:839} INFO - DAG(s) dict_keys(['example_sensor_decorator']) retrieved from /home/airflow/.local/lib/python3.8/site-packages/airflow/example_dags/example_sensor_decorator.py
[2025-10-17T07:42:57.786+0000] {logging_mixin.py:154} INFO - [2025-10-17T07:42:57.786+0000] {dag.py:2941} INFO - Sync 1 DAGs
[2025-10-17T07:42:57.797+0000] {logging_mixin.py:154} INFO - [2025-10-17T07:42:57.797+0000] {dag.py:3722} INFO - Setting next_dagrun for example_sensor_decorator to None, run_after=None
[2025-10-17T07:42:57.814+0000] {processor.py:179} INFO - Processing /home/airflow/.local/lib/python3.8/site-packages/airflow/example_dags/example_sensor_decorator.py took 0.059 seconds
[2025-10-17T07:44:24.839+0000] {processor.py:157} INFO - Started process (PID=64) to work on /home/airflow/.local/lib/python3.8/site-packages/airflow/example_dags/example_sensor_decorator.py
[2025-10-17T07:44:24.841+0000] {processor.py:829} INFO - Processing file /home/airflow/.local/lib/python3.8/site-packages/airflow/example_dags/example_sensor_decorator.py for tasks to queue
[2025-10-17T07:44:24.844+0000] {logging_mixin.py:154} INFO - [2025-10-17T07:44:24.844+0000] {dagbag.py:536} INFO - Filling up the DagBag from /home/airflow/.local/lib/python3.8/site-packages/airflow/example_dags/example_sensor_decorator.py
[2025-10-17T07:44:24.856+0000] {processor.py:839} INFO - DAG(s) dict_keys(['example_sensor_decorator']) retrieved from /home/airflow/.local/lib/python3.8/site-packages/airflow/example_dags/example_sensor_decorator.py
[2025-10-17T07:44:24.960+0000] {logging_mixin.py:154} INFO - [2025-10-17T07:44:24.960+0000] {manager.py:499} INFO - Created Permission View: %s
[2025-10-17T07:44:24.970+0000] {logging_mixin.py:154} INFO - [2025-10-17T07:44:24.970+0000] {manager.py:499} INFO - Created Permission View: %s
[2025-10-17T07:44:24.979+0000] {logging_mixin.py:154} INFO - [2025-10-17T07:44:24.979+0000] {manager.py:499} INFO - Created Permission View: %s
[2025-10-17T07:44:24.980+0000] {logging_mixin.py:154} INFO - [2025-10-17T07:44:24.980+0000] {dag.py:2941} INFO - Sync 1 DAGs
[2025-10-17T07:44:24.990+0000] {logging_mixin.py:154} INFO - [2025-10-17T07:44:24.990+0000] {dag.py:2963} INFO - Creating ORM DAG for example_sensor_decorator
[2025-10-17T07:44:24.991+0000] {logging_mixin.py:154} INFO - [2025-10-17T07:44:24.991+0000] {dag.py:3722} INFO - Setting next_dagrun for example_sensor_decorator to None, run_after=None
[2025-10-17T07:44:25.010+0000] {processor.py:179} INFO - Processing /home/airflow/.local/lib/python3.8/site-packages/airflow/example_dags/example_sensor_decorator.py took 0.174 seconds
[2025-10-17T07:44:35.823+0000] {processor.py:157} INFO - Started process (PID=56) to work on /home/airflow/.local/lib/python3.8/site-packages/airflow/example_dags/example_sensor_decorator.py
[2025-10-17T07:44:35.824+0000] {processor.py:829} INFO - Processing file /home/airflow/.local/lib/python3.8/site-packages/airflow/example_dags/example_sensor_decorator.py for tasks to queue
[2025-10-17T07:44:35.827+0000] {logging_mixin.py:154} INFO - [2025-10-17T07:44:35.827+0000] {dagbag.py:536} INFO - Filling up the DagBag from /home/airflow/.local/lib/python3.8/site-packages/airflow/example_dags/example_sensor_decorator.py
[2025-10-17T07:44:35.834+0000] {processor.py:839} INFO - DAG(s) dict_keys(['example_sensor_decorator']) retrieved from /home/airflow/.local/lib/python3.8/site-packages/airflow/example_dags/example_sensor_decorator.py
[2025-10-17T07:44:35.848+0000] {logging_mixin.py:154} INFO - [2025-10-17T07:44:35.848+0000] {dag.py:2941} INFO - Sync 1 DAGs
[2025-10-17T07:44:35.862+0000] {logging_mixin.py:154} INFO - [2025-10-17T07:44:35.862+0000] {dag.py:3722} INFO - Setting next_dagrun for example_sensor_decorator to None, run_after=None
[2025-10-17T07:44:35.880+0000] {processor.py:179} INFO - Processing /home/airflow/.local/lib/python3.8/site-packages/airflow/example_dags/example_sensor_decorator.py took 0.060 seconds
[2025-10-17T07:45:06.370+0000] {processor.py:157} INFO - Started process (PID=112) to work on /home/airflow/.local/lib/python3.8/site-packages/airflow/example_dags/example_sensor_decorator.py
[2025-10-17T07:45:06.371+0000] {processor.py:829} INFO - Processing file /home/airflow/.local/lib/python3.8/site-packages/airflow/example_dags/example_sensor_decorator.py for tasks to queue
[2025-10-17T07:45:06.373+0000] {logging_mixin.py:154} INFO - [2025-10-17T07:45:06.373+0000] {dagbag.py:536} INFO - Filling up the DagBag from /home/airflow/.local/lib/python3.8/site-packages/airflow/example_dags/example_sensor_decorator.py
[2025-10-17T07:45:06.378+0000] {processor.py:839} INFO - DAG(s) dict_keys(['example_sensor_decorator']) retrieved from /home/airflow/.local/lib/python3.8/site-packages/airflow/example_dags/example_sensor_decorator.py
[2025-10-17T07:45:06.396+0000] {logging_mixin.py:154} INFO - [2025-10-17T07:45:06.396+0000] {dag.py:2941} INFO - Sync 1 DAGs
[2025-10-17T07:45:06.408+0000] {logging_mixin.py:154} INFO - [2025-10-17T07:45:06.408+0000] {dag.py:3722} INFO - Setting next_dagrun for example_sensor_decorator to None, run_after=None
[2025-10-17T07:45:06.424+0000] {processor.py:179} INFO - Processing /home/airflow/.local/lib/python3.8/site-packages/airflow/example_dags/example_sensor_decorator.py took 0.058 seconds
[2025-10-17T07:46:19.418+0000] {processor.py:157} INFO - Started process (PID=64) to work on /home/airflow/.local/lib/python3.8/site-packages/airflow/example_dags/example_sensor_decorator.py
[2025-10-17T07:46:19.420+0000] {processor.py:829} INFO - Processing file /home/airflow/.local/lib/python3.8/site-packages/airflow/example_dags/example_sensor_decorator.py for tasks to queue
[2025-10-17T07:46:19.424+0000] {logging_mixin.py:154} INFO - [2025-10-17T07:46:19.423+0000] {dagbag.py:536} INFO - Filling up the DagBag from /home/airflow/.local/lib/python3.8/site-packages/airflow/example_dags/example_sensor_decorator.py
[2025-10-17T07:46:19.434+0000] {processor.py:839} INFO - DAG(s) dict_keys(['example_sensor_decorator']) retrieved from /home/airflow/.local/lib/python3.8/site-packages/airflow/example_dags/example_sensor_decorator.py
[2025-10-17T07:46:19.556+0000] {logging_mixin.py:154} INFO - [2025-10-17T07:46:19.556+0000] {manager.py:499} INFO - Created Permission View: %s
[2025-10-17T07:46:19.568+0000] {logging_mixin.py:154} INFO - [2025-10-17T07:46:19.568+0000] {manager.py:499} INFO - Created Permission View: %s
[2025-10-17T07:46:19.575+0000] {logging_mixin.py:154} INFO - [2025-10-17T07:46:19.575+0000] {manager.py:499} INFO - Created Permission View: %s
[2025-10-17T07:46:19.576+0000] {logging_mixin.py:154} INFO - [2025-10-17T07:46:19.576+0000] {dag.py:2941} INFO - Sync 1 DAGs
[2025-10-17T07:46:19.589+0000] {logging_mixin.py:154} INFO - [2025-10-17T07:46:19.589+0000] {dag.py:2963} INFO - Creating ORM DAG for example_sensor_decorator
[2025-10-17T07:46:19.590+0000] {logging_mixin.py:154} INFO - [2025-10-17T07:46:19.590+0000] {dag.py:3722} INFO - Setting next_dagrun for example_sensor_decorator to None, run_after=None
[2025-10-17T07:46:19.610+0000] {processor.py:179} INFO - Processing /home/airflow/.local/lib/python3.8/site-packages/airflow/example_dags/example_sensor_decorator.py took 0.197 seconds
[2025-10-17T07:46:50.166+0000] {processor.py:157} INFO - Started process (PID=120) to work on /home/airflow/.local/lib/python3.8/site-packages/airflow/example_dags/example_sensor_decorator.py
[2025-10-17T07:46:50.167+0000] {processor.py:829} INFO - Processing file /home/airflow/.local/lib/python3.8/site-packages/airflow/example_dags/example_sensor_decorator.py for tasks to queue
[2025-10-17T07:46:50.169+0000] {logging_mixin.py:154} INFO - [2025-10-17T07:46:50.169+0000] {dagbag.py:536} INFO - Filling up the DagBag from /home/airflow/.local/lib/python3.8/site-packages/airflow/example_dags/example_sensor_decorator.py
[2025-10-17T07:46:50.175+0000] {processor.py:839} INFO - DAG(s) dict_keys(['example_sensor_decorator']) retrieved from /home/airflow/.local/lib/python3.8/site-packages/airflow/example_dags/example_sensor_decorator.py
[2025-10-17T07:46:50.193+0000] {logging_mixin.py:154} INFO - [2025-10-17T07:46:50.193+0000] {dag.py:2941} INFO - Sync 1 DAGs
[2025-10-17T07:46:50.203+0000] {logging_mixin.py:154} INFO - [2025-10-17T07:46:50.203+0000] {dag.py:3722} INFO - Setting next_dagrun for example_sensor_decorator to None, run_after=None
[2025-10-17T07:46:50.218+0000] {processor.py:179} INFO - Processing /home/airflow/.local/lib/python3.8/site-packages/airflow/example_dags/example_sensor_decorator.py took 0.056 seconds
[2025-10-17T07:47:21.028+0000] {processor.py:157} INFO - Started process (PID=176) to work on /home/airflow/.local/lib/python3.8/site-packages/airflow/example_dags/example_sensor_decorator.py
[2025-10-17T07:47:21.029+0000] {processor.py:829} INFO - Processing file /home/airflow/.local/lib/python3.8/site-packages/airflow/example_dags/example_sensor_decorator.py for tasks to queue
[2025-10-17T07:47:21.032+0000] {logging_mixin.py:154} INFO - [2025-10-17T07:47:21.031+0000] {dagbag.py:536} INFO - Filling up the DagBag from /home/airflow/.local/lib/python3.8/site-packages/airflow/example_dags/example_sensor_decorator.py
[2025-10-17T07:47:21.041+0000] {processor.py:839} INFO - DAG(s) dict_keys(['example_sensor_decorator']) retrieved from /home/airflow/.local/lib/python3.8/site-packages/airflow/example_dags/example_sensor_decorator.py
[2025-10-17T07:47:21.066+0000] {logging_mixin.py:154} INFO - [2025-10-17T07:47:21.066+0000] {dag.py:2941} INFO - Sync 1 DAGs
[2025-10-17T07:47:21.078+0000] {logging_mixin.py:154} INFO - [2025-10-17T07:47:21.078+0000] {dag.py:3722} INFO - Setting next_dagrun for example_sensor_decorator to None, run_after=None
[2025-10-17T07:47:21.101+0000] {processor.py:179} INFO - Processing /home/airflow/.local/lib/python3.8/site-packages/airflow/example_dags/example_sensor_decorator.py took 0.077 seconds
[2025-10-17T07:47:51.599+0000] {processor.py:157} INFO - Started process (PID=232) to work on /home/airflow/.local/lib/python3.8/site-packages/airflow/example_dags/example_sensor_decorator.py
[2025-10-17T07:47:51.600+0000] {processor.py:829} INFO - Processing file /home/airflow/.local/lib/python3.8/site-packages/airflow/example_dags/example_sensor_decorator.py for tasks to queue
[2025-10-17T07:47:51.603+0000] {logging_mixin.py:154} INFO - [2025-10-17T07:47:51.603+0000] {dagbag.py:536} INFO - Filling up the DagBag from /home/airflow/.local/lib/python3.8/site-packages/airflow/example_dags/example_sensor_decorator.py
[2025-10-17T07:47:51.610+0000] {processor.py:839} INFO - DAG(s) dict_keys(['example_sensor_decorator']) retrieved from /home/airflow/.local/lib/python3.8/site-packages/airflow/example_dags/example_sensor_decorator.py
[2025-10-17T07:47:51.630+0000] {logging_mixin.py:154} INFO - [2025-10-17T07:47:51.630+0000] {dag.py:2941} INFO - Sync 1 DAGs
[2025-10-17T07:47:51.641+0000] {logging_mixin.py:154} INFO - [2025-10-17T07:47:51.641+0000] {dag.py:3722} INFO - Setting next_dagrun for example_sensor_decorator to None, run_after=None
[2025-10-17T07:47:51.657+0000] {processor.py:179} INFO - Processing /home/airflow/.local/lib/python3.8/site-packages/airflow/example_dags/example_sensor_decorator.py took 0.062 seconds
[2025-10-17T07:48:22.149+0000] {processor.py:157} INFO - Started process (PID=295) to work on /home/airflow/.local/lib/python3.8/site-packages/airflow/example_dags/example_sensor_decorator.py
[2025-10-17T07:48:22.150+0000] {processor.py:829} INFO - Processing file /home/airflow/.local/lib/python3.8/site-packages/airflow/example_dags/example_sensor_decorator.py for tasks to queue
[2025-10-17T07:48:22.152+0000] {logging_mixin.py:154} INFO - [2025-10-17T07:48:22.151+0000] {dagbag.py:536} INFO - Filling up the DagBag from /home/airflow/.local/lib/python3.8/site-packages/airflow/example_dags/example_sensor_decorator.py
[2025-10-17T07:48:22.157+0000] {processor.py:839} INFO - DAG(s) dict_keys(['example_sensor_decorator']) retrieved from /home/airflow/.local/lib/python3.8/site-packages/airflow/example_dags/example_sensor_decorator.py
[2025-10-17T07:48:22.178+0000] {logging_mixin.py:154} INFO - [2025-10-17T07:48:22.178+0000] {dag.py:2941} INFO - Sync 1 DAGs
[2025-10-17T07:48:22.189+0000] {logging_mixin.py:154} INFO - [2025-10-17T07:48:22.189+0000] {dag.py:3722} INFO - Setting next_dagrun for example_sensor_decorator to None, run_after=None
[2025-10-17T07:48:22.205+0000] {processor.py:179} INFO - Processing /home/airflow/.local/lib/python3.8/site-packages/airflow/example_dags/example_sensor_decorator.py took 0.059 seconds
[2025-10-17T07:48:53.149+0000] {processor.py:157} INFO - Started process (PID=351) to work on /home/airflow/.local/lib/python3.8/site-packages/airflow/example_dags/example_sensor_decorator.py
[2025-10-17T07:48:53.150+0000] {processor.py:829} INFO - Processing file /home/airflow/.local/lib/python3.8/site-packages/airflow/example_dags/example_sensor_decorator.py for tasks to queue
[2025-10-17T07:48:53.152+0000] {logging_mixin.py:154} INFO - [2025-10-17T07:48:53.152+0000] {dagbag.py:536} INFO - Filling up the DagBag from /home/airflow/.local/lib/python3.8/site-packages/airflow/example_dags/example_sensor_decorator.py
[2025-10-17T07:48:53.157+0000] {processor.py:839} INFO - DAG(s) dict_keys(['example_sensor_decorator']) retrieved from /home/airflow/.local/lib/python3.8/site-packages/airflow/example_dags/example_sensor_decorator.py
[2025-10-17T07:48:53.176+0000] {logging_mixin.py:154} INFO - [2025-10-17T07:48:53.175+0000] {dag.py:2941} INFO - Sync 1 DAGs
[2025-10-17T07:48:53.186+0000] {logging_mixin.py:154} INFO - [2025-10-17T07:48:53.186+0000] {dag.py:3722} INFO - Setting next_dagrun for example_sensor_decorator to None, run_after=None
[2025-10-17T07:48:53.201+0000] {processor.py:179} INFO - Processing /home/airflow/.local/lib/python3.8/site-packages/airflow/example_dags/example_sensor_decorator.py took 0.055 seconds
[2025-10-17T07:49:23.466+0000] {processor.py:157} INFO - Started process (PID=407) to work on /home/airflow/.local/lib/python3.8/site-packages/airflow/example_dags/example_sensor_decorator.py
[2025-10-17T07:49:23.467+0000] {processor.py:829} INFO - Processing file /home/airflow/.local/lib/python3.8/site-packages/airflow/example_dags/example_sensor_decorator.py for tasks to queue
[2025-10-17T07:49:23.469+0000] {logging_mixin.py:154} INFO - [2025-10-17T07:49:23.469+0000] {dagbag.py:536} INFO - Filling up the DagBag from /home/airflow/.local/lib/python3.8/site-packages/airflow/example_dags/example_sensor_decorator.py
[2025-10-17T07:49:23.475+0000] {processor.py:839} INFO - DAG(s) dict_keys(['example_sensor_decorator']) retrieved from /home/airflow/.local/lib/python3.8/site-packages/airflow/example_dags/example_sensor_decorator.py
[2025-10-17T07:49:23.493+0000] {logging_mixin.py:154} INFO - [2025-10-17T07:49:23.493+0000] {dag.py:2941} INFO - Sync 1 DAGs
[2025-10-17T07:49:23.504+0000] {logging_mixin.py:154} INFO - [2025-10-17T07:49:23.504+0000] {dag.py:3722} INFO - Setting next_dagrun for example_sensor_decorator to None, run_after=None
[2025-10-17T07:49:23.525+0000] {processor.py:179} INFO - Processing /home/airflow/.local/lib/python3.8/site-packages/airflow/example_dags/example_sensor_decorator.py took 0.062 seconds
[2025-10-17T07:49:53.908+0000] {processor.py:157} INFO - Started process (PID=461) to work on /home/airflow/.local/lib/python3.8/site-packages/airflow/example_dags/example_sensor_decorator.py
[2025-10-17T07:49:53.910+0000] {processor.py:829} INFO - Processing file /home/airflow/.local/lib/python3.8/site-packages/airflow/example_dags/example_sensor_decorator.py for tasks to queue
[2025-10-17T07:49:53.914+0000] {logging_mixin.py:154} INFO - [2025-10-17T07:49:53.913+0000] {dagbag.py:536} INFO - Filling up the DagBag from /home/airflow/.local/lib/python3.8/site-packages/airflow/example_dags/example_sensor_decorator.py
[2025-10-17T07:49:53.921+0000] {processor.py:839} INFO - DAG(s) dict_keys(['example_sensor_decorator']) retrieved from /home/airflow/.local/lib/python3.8/site-packages/airflow/example_dags/example_sensor_decorator.py
[2025-10-17T07:49:53.948+0000] {logging_mixin.py:154} INFO - [2025-10-17T07:49:53.947+0000] {dag.py:2941} INFO - Sync 1 DAGs
[2025-10-17T07:49:53.962+0000] {logging_mixin.py:154} INFO - [2025-10-17T07:49:53.962+0000] {dag.py:3722} INFO - Setting next_dagrun for example_sensor_decorator to None, run_after=None
[2025-10-17T07:49:53.987+0000] {processor.py:179} INFO - Processing /home/airflow/.local/lib/python3.8/site-packages/airflow/example_dags/example_sensor_decorator.py took 0.082 seconds
[2025-10-17T07:50:24.017+0000] {processor.py:157} INFO - Started process (PID=516) to work on /home/airflow/.local/lib/python3.8/site-packages/airflow/example_dags/example_sensor_decorator.py
[2025-10-17T07:50:24.018+0000] {processor.py:829} INFO - Processing file /home/airflow/.local/lib/python3.8/site-packages/airflow/example_dags/example_sensor_decorator.py for tasks to queue
[2025-10-17T07:50:24.020+0000] {logging_mixin.py:154} INFO - [2025-10-17T07:50:24.020+0000] {dagbag.py:536} INFO - Filling up the DagBag from /home/airflow/.local/lib/python3.8/site-packages/airflow/example_dags/example_sensor_decorator.py
[2025-10-17T07:50:24.026+0000] {processor.py:839} INFO - DAG(s) dict_keys(['example_sensor_decorator']) retrieved from /home/airflow/.local/lib/python3.8/site-packages/airflow/example_dags/example_sensor_decorator.py
[2025-10-17T07:50:24.045+0000] {logging_mixin.py:154} INFO - [2025-10-17T07:50:24.045+0000] {dag.py:2941} INFO - Sync 1 DAGs
[2025-10-17T07:50:24.055+0000] {logging_mixin.py:154} INFO - [2025-10-17T07:50:24.055+0000] {dag.py:3722} INFO - Setting next_dagrun for example_sensor_decorator to None, run_after=None
[2025-10-17T07:50:24.070+0000] {processor.py:179} INFO - Processing /home/airflow/.local/lib/python3.8/site-packages/airflow/example_dags/example_sensor_decorator.py took 0.056 seconds
[2025-10-17T07:50:54.100+0000] {processor.py:157} INFO - Started process (PID=572) to work on /home/airflow/.local/lib/python3.8/site-packages/airflow/example_dags/example_sensor_decorator.py
[2025-10-17T07:50:54.101+0000] {processor.py:829} INFO - Processing file /home/airflow/.local/lib/python3.8/site-packages/airflow/example_dags/example_sensor_decorator.py for tasks to queue
[2025-10-17T07:50:54.103+0000] {logging_mixin.py:154} INFO - [2025-10-17T07:50:54.103+0000] {dagbag.py:536} INFO - Filling up the DagBag from /home/airflow/.local/lib/python3.8/site-packages/airflow/example_dags/example_sensor_decorator.py
[2025-10-17T07:50:54.108+0000] {processor.py:839} INFO - DAG(s) dict_keys(['example_sensor_decorator']) retrieved from /home/airflow/.local/lib/python3.8/site-packages/airflow/example_dags/example_sensor_decorator.py
[2025-10-17T07:50:54.126+0000] {logging_mixin.py:154} INFO - [2025-10-17T07:50:54.126+0000] {dag.py:2941} INFO - Sync 1 DAGs
[2025-10-17T07:50:54.137+0000] {logging_mixin.py:154} INFO - [2025-10-17T07:50:54.136+0000] {dag.py:3722} INFO - Setting next_dagrun for example_sensor_decorator to None, run_after=None
[2025-10-17T07:50:54.154+0000] {processor.py:179} INFO - Processing /home/airflow/.local/lib/python3.8/site-packages/airflow/example_dags/example_sensor_decorator.py took 0.057 seconds
[2025-10-17T07:51:24.540+0000] {processor.py:157} INFO - Started process (PID=628) to work on /home/airflow/.local/lib/python3.8/site-packages/airflow/example_dags/example_sensor_decorator.py
[2025-10-17T07:51:24.541+0000] {processor.py:829} INFO - Processing file /home/airflow/.local/lib/python3.8/site-packages/airflow/example_dags/example_sensor_decorator.py for tasks to queue
[2025-10-17T07:51:24.544+0000] {logging_mixin.py:154} INFO - [2025-10-17T07:51:24.543+0000] {dagbag.py:536} INFO - Filling up the DagBag from /home/airflow/.local/lib/python3.8/site-packages/airflow/example_dags/example_sensor_decorator.py
[2025-10-17T07:51:24.550+0000] {processor.py:839} INFO - DAG(s) dict_keys(['example_sensor_decorator']) retrieved from /home/airflow/.local/lib/python3.8/site-packages/airflow/example_dags/example_sensor_decorator.py
[2025-10-17T07:51:24.568+0000] {logging_mixin.py:154} INFO - [2025-10-17T07:51:24.568+0000] {dag.py:2941} INFO - Sync 1 DAGs
[2025-10-17T07:51:24.578+0000] {logging_mixin.py:154} INFO - [2025-10-17T07:51:24.578+0000] {dag.py:3722} INFO - Setting next_dagrun for example_sensor_decorator to None, run_after=None
[2025-10-17T07:51:24.596+0000] {processor.py:179} INFO - Processing /home/airflow/.local/lib/python3.8/site-packages/airflow/example_dags/example_sensor_decorator.py took 0.059 seconds
[2025-10-17T07:51:55.222+0000] {processor.py:157} INFO - Started process (PID=684) to work on /home/airflow/.local/lib/python3.8/site-packages/airflow/example_dags/example_sensor_decorator.py
[2025-10-17T07:51:55.223+0000] {processor.py:829} INFO - Processing file /home/airflow/.local/lib/python3.8/site-packages/airflow/example_dags/example_sensor_decorator.py for tasks to queue
[2025-10-17T07:51:55.226+0000] {logging_mixin.py:154} INFO - [2025-10-17T07:51:55.226+0000] {dagbag.py:536} INFO - Filling up the DagBag from /home/airflow/.local/lib/python3.8/site-packages/airflow/example_dags/example_sensor_decorator.py
[2025-10-17T07:51:55.231+0000] {processor.py:839} INFO - DAG(s) dict_keys(['example_sensor_decorator']) retrieved from /home/airflow/.local/lib/python3.8/site-packages/airflow/example_dags/example_sensor_decorator.py
[2025-10-17T07:51:55.249+0000] {logging_mixin.py:154} INFO - [2025-10-17T07:51:55.249+0000] {dag.py:2941} INFO - Sync 1 DAGs
[2025-10-17T07:51:55.259+0000] {logging_mixin.py:154} INFO - [2025-10-17T07:51:55.259+0000] {dag.py:3722} INFO - Setting next_dagrun for example_sensor_decorator to None, run_after=None
[2025-10-17T07:51:55.273+0000] {processor.py:179} INFO - Processing /home/airflow/.local/lib/python3.8/site-packages/airflow/example_dags/example_sensor_decorator.py took 0.054 seconds
[2025-10-17T08:08:51.756+0000] {processor.py:157} INFO - Started process (PID=64) to work on /home/airflow/.local/lib/python3.8/site-packages/airflow/example_dags/example_sensor_decorator.py
[2025-10-17T08:08:51.758+0000] {processor.py:829} INFO - Processing file /home/airflow/.local/lib/python3.8/site-packages/airflow/example_dags/example_sensor_decorator.py for tasks to queue
[2025-10-17T08:08:51.761+0000] {logging_mixin.py:154} INFO - [2025-10-17T08:08:51.760+0000] {dagbag.py:536} INFO - Filling up the DagBag from /home/airflow/.local/lib/python3.8/site-packages/airflow/example_dags/example_sensor_decorator.py
[2025-10-17T08:08:51.777+0000] {processor.py:839} INFO - DAG(s) dict_keys(['example_sensor_decorator']) retrieved from /home/airflow/.local/lib/python3.8/site-packages/airflow/example_dags/example_sensor_decorator.py
[2025-10-17T08:08:51.950+0000] {logging_mixin.py:154} INFO - [2025-10-17T08:08:51.950+0000] {manager.py:499} INFO - Created Permission View: %s
[2025-10-17T08:08:51.964+0000] {logging_mixin.py:154} INFO - [2025-10-17T08:08:51.964+0000] {manager.py:499} INFO - Created Permission View: %s
[2025-10-17T08:08:51.974+0000] {logging_mixin.py:154} INFO - [2025-10-17T08:08:51.973+0000] {manager.py:499} INFO - Created Permission View: %s
[2025-10-17T08:08:51.974+0000] {logging_mixin.py:154} INFO - [2025-10-17T08:08:51.974+0000] {dag.py:2941} INFO - Sync 1 DAGs
[2025-10-17T08:08:51.991+0000] {logging_mixin.py:154} INFO - [2025-10-17T08:08:51.991+0000] {dag.py:2963} INFO - Creating ORM DAG for example_sensor_decorator
[2025-10-17T08:08:51.992+0000] {logging_mixin.py:154} INFO - [2025-10-17T08:08:51.992+0000] {dag.py:3722} INFO - Setting next_dagrun for example_sensor_decorator to None, run_after=None
[2025-10-17T08:08:52.018+0000] {processor.py:179} INFO - Processing /home/airflow/.local/lib/python3.8/site-packages/airflow/example_dags/example_sensor_decorator.py took 0.269 seconds
[2025-10-17T08:09:22.211+0000] {processor.py:157} INFO - Started process (PID=121) to work on /home/airflow/.local/lib/python3.8/site-packages/airflow/example_dags/example_sensor_decorator.py
[2025-10-17T08:09:22.213+0000] {processor.py:829} INFO - Processing file /home/airflow/.local/lib/python3.8/site-packages/airflow/example_dags/example_sensor_decorator.py for tasks to queue
[2025-10-17T08:09:22.215+0000] {logging_mixin.py:154} INFO - [2025-10-17T08:09:22.215+0000] {dagbag.py:536} INFO - Filling up the DagBag from /home/airflow/.local/lib/python3.8/site-packages/airflow/example_dags/example_sensor_decorator.py
[2025-10-17T08:09:22.222+0000] {processor.py:839} INFO - DAG(s) dict_keys(['example_sensor_decorator']) retrieved from /home/airflow/.local/lib/python3.8/site-packages/airflow/example_dags/example_sensor_decorator.py
[2025-10-17T08:09:22.243+0000] {logging_mixin.py:154} INFO - [2025-10-17T08:09:22.243+0000] {dag.py:2941} INFO - Sync 1 DAGs
[2025-10-17T08:09:22.256+0000] {logging_mixin.py:154} INFO - [2025-10-17T08:09:22.256+0000] {dag.py:3722} INFO - Setting next_dagrun for example_sensor_decorator to None, run_after=None
[2025-10-17T08:09:22.274+0000] {processor.py:179} INFO - Processing /home/airflow/.local/lib/python3.8/site-packages/airflow/example_dags/example_sensor_decorator.py took 0.067 seconds
[2025-10-17T08:09:53.127+0000] {processor.py:157} INFO - Started process (PID=184) to work on /home/airflow/.local/lib/python3.8/site-packages/airflow/example_dags/example_sensor_decorator.py
[2025-10-17T08:09:53.129+0000] {processor.py:829} INFO - Processing file /home/airflow/.local/lib/python3.8/site-packages/airflow/example_dags/example_sensor_decorator.py for tasks to queue
[2025-10-17T08:09:53.133+0000] {logging_mixin.py:154} INFO - [2025-10-17T08:09:53.132+0000] {dagbag.py:536} INFO - Filling up the DagBag from /home/airflow/.local/lib/python3.8/site-packages/airflow/example_dags/example_sensor_decorator.py
[2025-10-17T08:09:53.141+0000] {processor.py:839} INFO - DAG(s) dict_keys(['example_sensor_decorator']) retrieved from /home/airflow/.local/lib/python3.8/site-packages/airflow/example_dags/example_sensor_decorator.py
[2025-10-17T08:09:53.170+0000] {logging_mixin.py:154} INFO - [2025-10-17T08:09:53.170+0000] {dag.py:2941} INFO - Sync 1 DAGs
[2025-10-17T08:09:53.193+0000] {logging_mixin.py:154} INFO - [2025-10-17T08:09:53.193+0000] {dag.py:3722} INFO - Setting next_dagrun for example_sensor_decorator to None, run_after=None
[2025-10-17T08:09:53.230+0000] {processor.py:179} INFO - Processing /home/airflow/.local/lib/python3.8/site-packages/airflow/example_dags/example_sensor_decorator.py took 0.108 seconds
[2025-10-17T08:10:24.261+0000] {processor.py:157} INFO - Started process (PID=240) to work on /home/airflow/.local/lib/python3.8/site-packages/airflow/example_dags/example_sensor_decorator.py
[2025-10-17T08:10:24.262+0000] {processor.py:829} INFO - Processing file /home/airflow/.local/lib/python3.8/site-packages/airflow/example_dags/example_sensor_decorator.py for tasks to queue
[2025-10-17T08:10:24.264+0000] {logging_mixin.py:154} INFO - [2025-10-17T08:10:24.264+0000] {dagbag.py:536} INFO - Filling up the DagBag from /home/airflow/.local/lib/python3.8/site-packages/airflow/example_dags/example_sensor_decorator.py
[2025-10-17T08:10:24.271+0000] {processor.py:839} INFO - DAG(s) dict_keys(['example_sensor_decorator']) retrieved from /home/airflow/.local/lib/python3.8/site-packages/airflow/example_dags/example_sensor_decorator.py
[2025-10-17T08:10:24.292+0000] {logging_mixin.py:154} INFO - [2025-10-17T08:10:24.292+0000] {dag.py:2941} INFO - Sync 1 DAGs
[2025-10-17T08:10:24.304+0000] {logging_mixin.py:154} INFO - [2025-10-17T08:10:24.304+0000] {dag.py:3722} INFO - Setting next_dagrun for example_sensor_decorator to None, run_after=None
[2025-10-17T08:10:24.322+0000] {processor.py:179} INFO - Processing /home/airflow/.local/lib/python3.8/site-packages/airflow/example_dags/example_sensor_decorator.py took 0.064 seconds
[2025-10-17T08:10:55.026+0000] {processor.py:157} INFO - Started process (PID=296) to work on /home/airflow/.local/lib/python3.8/site-packages/airflow/example_dags/example_sensor_decorator.py
[2025-10-17T08:10:55.028+0000] {processor.py:829} INFO - Processing file /home/airflow/.local/lib/python3.8/site-packages/airflow/example_dags/example_sensor_decorator.py for tasks to queue
[2025-10-17T08:10:55.030+0000] {logging_mixin.py:154} INFO - [2025-10-17T08:10:55.030+0000] {dagbag.py:536} INFO - Filling up the DagBag from /home/airflow/.local/lib/python3.8/site-packages/airflow/example_dags/example_sensor_decorator.py
[2025-10-17T08:10:55.036+0000] {processor.py:839} INFO - DAG(s) dict_keys(['example_sensor_decorator']) retrieved from /home/airflow/.local/lib/python3.8/site-packages/airflow/example_dags/example_sensor_decorator.py
[2025-10-17T08:10:55.056+0000] {logging_mixin.py:154} INFO - [2025-10-17T08:10:55.056+0000] {dag.py:2941} INFO - Sync 1 DAGs
[2025-10-17T08:10:55.069+0000] {logging_mixin.py:154} INFO - [2025-10-17T08:10:55.069+0000] {dag.py:3722} INFO - Setting next_dagrun for example_sensor_decorator to None, run_after=None
[2025-10-17T08:10:55.089+0000] {processor.py:179} INFO - Processing /home/airflow/.local/lib/python3.8/site-packages/airflow/example_dags/example_sensor_decorator.py took 0.066 seconds
[2025-10-17T08:11:25.919+0000] {processor.py:157} INFO - Started process (PID=352) to work on /home/airflow/.local/lib/python3.8/site-packages/airflow/example_dags/example_sensor_decorator.py
[2025-10-17T08:11:25.921+0000] {processor.py:829} INFO - Processing file /home/airflow/.local/lib/python3.8/site-packages/airflow/example_dags/example_sensor_decorator.py for tasks to queue
[2025-10-17T08:11:25.923+0000] {logging_mixin.py:154} INFO - [2025-10-17T08:11:25.923+0000] {dagbag.py:536} INFO - Filling up the DagBag from /home/airflow/.local/lib/python3.8/site-packages/airflow/example_dags/example_sensor_decorator.py
[2025-10-17T08:11:25.930+0000] {processor.py:839} INFO - DAG(s) dict_keys(['example_sensor_decorator']) retrieved from /home/airflow/.local/lib/python3.8/site-packages/airflow/example_dags/example_sensor_decorator.py
[2025-10-17T08:11:25.960+0000] {logging_mixin.py:154} INFO - [2025-10-17T08:11:25.959+0000] {dag.py:2941} INFO - Sync 1 DAGs
[2025-10-17T08:11:25.984+0000] {logging_mixin.py:154} INFO - [2025-10-17T08:11:25.983+0000] {dag.py:3722} INFO - Setting next_dagrun for example_sensor_decorator to None, run_after=None
[2025-10-17T08:11:26.020+0000] {processor.py:179} INFO - Processing /home/airflow/.local/lib/python3.8/site-packages/airflow/example_dags/example_sensor_decorator.py took 0.104 seconds
[2025-10-17T08:12:34.215+0000] {processor.py:157} INFO - Started process (PID=73) to work on /home/airflow/.local/lib/python3.8/site-packages/airflow/example_dags/example_sensor_decorator.py
[2025-10-17T08:12:34.217+0000] {processor.py:829} INFO - Processing file /home/airflow/.local/lib/python3.8/site-packages/airflow/example_dags/example_sensor_decorator.py for tasks to queue
[2025-10-17T08:12:34.222+0000] {logging_mixin.py:154} INFO - [2025-10-17T08:12:34.222+0000] {dagbag.py:536} INFO - Filling up the DagBag from /home/airflow/.local/lib/python3.8/site-packages/airflow/example_dags/example_sensor_decorator.py
[2025-10-17T08:12:34.237+0000] {processor.py:839} INFO - DAG(s) dict_keys(['example_sensor_decorator']) retrieved from /home/airflow/.local/lib/python3.8/site-packages/airflow/example_dags/example_sensor_decorator.py
[2025-10-17T08:12:34.419+0000] {logging_mixin.py:154} INFO - [2025-10-17T08:12:34.419+0000] {manager.py:499} INFO - Created Permission View: %s
[2025-10-17T08:12:34.448+0000] {logging_mixin.py:154} INFO - [2025-10-17T08:12:34.447+0000] {manager.py:499} INFO - Created Permission View: %s
[2025-10-17T08:12:34.470+0000] {logging_mixin.py:154} INFO - [2025-10-17T08:12:34.469+0000] {manager.py:499} INFO - Created Permission View: %s
[2025-10-17T08:12:34.470+0000] {logging_mixin.py:154} INFO - [2025-10-17T08:12:34.470+0000] {dag.py:2941} INFO - Sync 1 DAGs
[2025-10-17T08:12:34.502+0000] {logging_mixin.py:154} INFO - [2025-10-17T08:12:34.501+0000] {dag.py:2963} INFO - Creating ORM DAG for example_sensor_decorator
[2025-10-17T08:12:34.503+0000] {logging_mixin.py:154} INFO - [2025-10-17T08:12:34.503+0000] {dag.py:3722} INFO - Setting next_dagrun for example_sensor_decorator to None, run_after=None
[2025-10-17T08:12:34.553+0000] {processor.py:179} INFO - Processing /home/airflow/.local/lib/python3.8/site-packages/airflow/example_dags/example_sensor_decorator.py took 0.345 seconds
[2025-10-17T08:13:05.506+0000] {processor.py:157} INFO - Started process (PID=129) to work on /home/airflow/.local/lib/python3.8/site-packages/airflow/example_dags/example_sensor_decorator.py
[2025-10-17T08:13:05.508+0000] {processor.py:829} INFO - Processing file /home/airflow/.local/lib/python3.8/site-packages/airflow/example_dags/example_sensor_decorator.py for tasks to queue
[2025-10-17T08:13:05.510+0000] {logging_mixin.py:154} INFO - [2025-10-17T08:13:05.510+0000] {dagbag.py:536} INFO - Filling up the DagBag from /home/airflow/.local/lib/python3.8/site-packages/airflow/example_dags/example_sensor_decorator.py
[2025-10-17T08:13:05.517+0000] {processor.py:839} INFO - DAG(s) dict_keys(['example_sensor_decorator']) retrieved from /home/airflow/.local/lib/python3.8/site-packages/airflow/example_dags/example_sensor_decorator.py
[2025-10-17T08:13:05.538+0000] {logging_mixin.py:154} INFO - [2025-10-17T08:13:05.538+0000] {dag.py:2941} INFO - Sync 1 DAGs
[2025-10-17T08:13:05.551+0000] {logging_mixin.py:154} INFO - [2025-10-17T08:13:05.551+0000] {dag.py:3722} INFO - Setting next_dagrun for example_sensor_decorator to None, run_after=None
[2025-10-17T08:13:05.572+0000] {processor.py:179} INFO - Processing /home/airflow/.local/lib/python3.8/site-packages/airflow/example_dags/example_sensor_decorator.py took 0.069 seconds
[2025-10-17T08:13:36.084+0000] {processor.py:157} INFO - Started process (PID=185) to work on /home/airflow/.local/lib/python3.8/site-packages/airflow/example_dags/example_sensor_decorator.py
[2025-10-17T08:13:36.085+0000] {processor.py:829} INFO - Processing file /home/airflow/.local/lib/python3.8/site-packages/airflow/example_dags/example_sensor_decorator.py for tasks to queue
[2025-10-17T08:13:36.087+0000] {logging_mixin.py:154} INFO - [2025-10-17T08:13:36.087+0000] {dagbag.py:536} INFO - Filling up the DagBag from /home/airflow/.local/lib/python3.8/site-packages/airflow/example_dags/example_sensor_decorator.py
[2025-10-17T08:13:36.093+0000] {processor.py:839} INFO - DAG(s) dict_keys(['example_sensor_decorator']) retrieved from /home/airflow/.local/lib/python3.8/site-packages/airflow/example_dags/example_sensor_decorator.py
[2025-10-17T08:13:36.115+0000] {logging_mixin.py:154} INFO - [2025-10-17T08:13:36.114+0000] {dag.py:2941} INFO - Sync 1 DAGs
[2025-10-17T08:13:36.126+0000] {logging_mixin.py:154} INFO - [2025-10-17T08:13:36.125+0000] {dag.py:3722} INFO - Setting next_dagrun for example_sensor_decorator to None, run_after=None
[2025-10-17T08:13:36.141+0000] {processor.py:179} INFO - Processing /home/airflow/.local/lib/python3.8/site-packages/airflow/example_dags/example_sensor_decorator.py took 0.060 seconds
