[2025-10-17T07:19:42.739+0000] {processor.py:157} INFO - Started process (PID=560) to work on /home/airflow/.local/lib/python3.8/site-packages/airflow/example_dags/example_short_circuit_decorator.py
[2025-10-17T07:19:42.740+0000] {processor.py:829} INFO - Processing file /home/airflow/.local/lib/python3.8/site-packages/airflow/example_dags/example_short_circuit_decorator.py for tasks to queue
[2025-10-17T07:19:42.744+0000] {logging_mixin.py:154} INFO - [2025-10-17T07:19:42.743+0000] {dagbag.py:536} INFO - Filling up the DagBag from /home/airflow/.local/lib/python3.8/site-packages/airflow/example_dags/example_short_circuit_decorator.py
[2025-10-17T07:19:42.765+0000] {processor.py:839} INFO - DAG(s) dict_keys(['example_short_circuit_decorator']) retrieved from /home/airflow/.local/lib/python3.8/site-packages/airflow/example_dags/example_short_circuit_decorator.py
[2025-10-17T07:19:42.810+0000] {logging_mixin.py:154} INFO - [2025-10-17T07:19:42.810+0000] {dag.py:2941} INFO - Sync 1 DAGs
[2025-10-17T07:19:42.852+0000] {logging_mixin.py:154} INFO - [2025-10-17T07:19:42.852+0000] {dag.py:3722} INFO - Setting next_dagrun for example_short_circuit_decorator to 2025-10-16T07:19:42.851696+00:00, run_after=2025-10-17T07:19:42.851696+00:00
[2025-10-17T07:19:42.892+0000] {processor.py:179} INFO - Processing /home/airflow/.local/lib/python3.8/site-packages/airflow/example_dags/example_short_circuit_decorator.py took 0.160 seconds
[2025-10-17T07:20:13.015+0000] {processor.py:157} INFO - Started process (PID=615) to work on /home/airflow/.local/lib/python3.8/site-packages/airflow/example_dags/example_short_circuit_decorator.py
[2025-10-17T07:20:13.016+0000] {processor.py:829} INFO - Processing file /home/airflow/.local/lib/python3.8/site-packages/airflow/example_dags/example_short_circuit_decorator.py for tasks to queue
[2025-10-17T07:20:13.018+0000] {logging_mixin.py:154} INFO - [2025-10-17T07:20:13.018+0000] {dagbag.py:536} INFO - Filling up the DagBag from /home/airflow/.local/lib/python3.8/site-packages/airflow/example_dags/example_short_circuit_decorator.py
[2025-10-17T07:20:13.029+0000] {processor.py:839} INFO - DAG(s) dict_keys(['example_short_circuit_decorator']) retrieved from /home/airflow/.local/lib/python3.8/site-packages/airflow/example_dags/example_short_circuit_decorator.py
[2025-10-17T07:20:13.053+0000] {logging_mixin.py:154} INFO - [2025-10-17T07:20:13.053+0000] {dag.py:2941} INFO - Sync 1 DAGs
[2025-10-17T07:20:13.078+0000] {logging_mixin.py:154} INFO - [2025-10-17T07:20:13.078+0000] {dag.py:3722} INFO - Setting next_dagrun for example_short_circuit_decorator to 2025-10-16T07:20:13.078380+00:00, run_after=2025-10-17T07:20:13.078380+00:00
[2025-10-17T07:20:13.102+0000] {processor.py:179} INFO - Processing /home/airflow/.local/lib/python3.8/site-packages/airflow/example_dags/example_short_circuit_decorator.py took 0.092 seconds
[2025-10-17T07:20:43.782+0000] {processor.py:157} INFO - Started process (PID=671) to work on /home/airflow/.local/lib/python3.8/site-packages/airflow/example_dags/example_short_circuit_decorator.py
[2025-10-17T07:20:43.783+0000] {processor.py:829} INFO - Processing file /home/airflow/.local/lib/python3.8/site-packages/airflow/example_dags/example_short_circuit_decorator.py for tasks to queue
[2025-10-17T07:20:43.788+0000] {logging_mixin.py:154} INFO - [2025-10-17T07:20:43.787+0000] {dagbag.py:536} INFO - Filling up the DagBag from /home/airflow/.local/lib/python3.8/site-packages/airflow/example_dags/example_short_circuit_decorator.py
[2025-10-17T07:20:43.798+0000] {processor.py:839} INFO - DAG(s) dict_keys(['example_short_circuit_decorator']) retrieved from /home/airflow/.local/lib/python3.8/site-packages/airflow/example_dags/example_short_circuit_decorator.py
[2025-10-17T07:20:43.823+0000] {logging_mixin.py:154} INFO - [2025-10-17T07:20:43.823+0000] {dag.py:2941} INFO - Sync 1 DAGs
[2025-10-17T07:20:43.849+0000] {logging_mixin.py:154} INFO - [2025-10-17T07:20:43.849+0000] {dag.py:3722} INFO - Setting next_dagrun for example_short_circuit_decorator to 2025-10-16T07:20:43.848898+00:00, run_after=2025-10-17T07:20:43.848898+00:00
[2025-10-17T07:20:43.876+0000] {processor.py:179} INFO - Processing /home/airflow/.local/lib/python3.8/site-packages/airflow/example_dags/example_short_circuit_decorator.py took 0.100 seconds
[2025-10-17T07:21:14.637+0000] {processor.py:157} INFO - Started process (PID=727) to work on /home/airflow/.local/lib/python3.8/site-packages/airflow/example_dags/example_short_circuit_decorator.py
[2025-10-17T07:21:14.639+0000] {processor.py:829} INFO - Processing file /home/airflow/.local/lib/python3.8/site-packages/airflow/example_dags/example_short_circuit_decorator.py for tasks to queue
[2025-10-17T07:21:14.641+0000] {logging_mixin.py:154} INFO - [2025-10-17T07:21:14.641+0000] {dagbag.py:536} INFO - Filling up the DagBag from /home/airflow/.local/lib/python3.8/site-packages/airflow/example_dags/example_short_circuit_decorator.py
[2025-10-17T07:21:14.650+0000] {processor.py:839} INFO - DAG(s) dict_keys(['example_short_circuit_decorator']) retrieved from /home/airflow/.local/lib/python3.8/site-packages/airflow/example_dags/example_short_circuit_decorator.py
[2025-10-17T07:21:14.671+0000] {logging_mixin.py:154} INFO - [2025-10-17T07:21:14.670+0000] {dag.py:2941} INFO - Sync 1 DAGs
[2025-10-17T07:21:14.690+0000] {logging_mixin.py:154} INFO - [2025-10-17T07:21:14.690+0000] {dag.py:3722} INFO - Setting next_dagrun for example_short_circuit_decorator to 2025-10-16T07:21:14.689678+00:00, run_after=2025-10-17T07:21:14.689678+00:00
[2025-10-17T07:21:14.711+0000] {processor.py:179} INFO - Processing /home/airflow/.local/lib/python3.8/site-packages/airflow/example_dags/example_short_circuit_decorator.py took 0.077 seconds
[2025-10-17T07:21:44.887+0000] {processor.py:157} INFO - Started process (PID=783) to work on /home/airflow/.local/lib/python3.8/site-packages/airflow/example_dags/example_short_circuit_decorator.py
[2025-10-17T07:21:44.888+0000] {processor.py:829} INFO - Processing file /home/airflow/.local/lib/python3.8/site-packages/airflow/example_dags/example_short_circuit_decorator.py for tasks to queue
[2025-10-17T07:21:44.891+0000] {logging_mixin.py:154} INFO - [2025-10-17T07:21:44.891+0000] {dagbag.py:536} INFO - Filling up the DagBag from /home/airflow/.local/lib/python3.8/site-packages/airflow/example_dags/example_short_circuit_decorator.py
[2025-10-17T07:21:44.902+0000] {processor.py:839} INFO - DAG(s) dict_keys(['example_short_circuit_decorator']) retrieved from /home/airflow/.local/lib/python3.8/site-packages/airflow/example_dags/example_short_circuit_decorator.py
[2025-10-17T07:21:44.928+0000] {logging_mixin.py:154} INFO - [2025-10-17T07:21:44.928+0000] {dag.py:2941} INFO - Sync 1 DAGs
[2025-10-17T07:21:44.950+0000] {logging_mixin.py:154} INFO - [2025-10-17T07:21:44.949+0000] {dag.py:3722} INFO - Setting next_dagrun for example_short_circuit_decorator to 2025-10-16T07:21:44.949635+00:00, run_after=2025-10-17T07:21:44.949635+00:00
[2025-10-17T07:21:44.972+0000] {processor.py:179} INFO - Processing /home/airflow/.local/lib/python3.8/site-packages/airflow/example_dags/example_short_circuit_decorator.py took 0.089 seconds
[2025-10-17T07:22:15.396+0000] {processor.py:157} INFO - Started process (PID=839) to work on /home/airflow/.local/lib/python3.8/site-packages/airflow/example_dags/example_short_circuit_decorator.py
[2025-10-17T07:22:15.397+0000] {processor.py:829} INFO - Processing file /home/airflow/.local/lib/python3.8/site-packages/airflow/example_dags/example_short_circuit_decorator.py for tasks to queue
[2025-10-17T07:22:15.399+0000] {logging_mixin.py:154} INFO - [2025-10-17T07:22:15.399+0000] {dagbag.py:536} INFO - Filling up the DagBag from /home/airflow/.local/lib/python3.8/site-packages/airflow/example_dags/example_short_circuit_decorator.py
[2025-10-17T07:22:15.407+0000] {processor.py:839} INFO - DAG(s) dict_keys(['example_short_circuit_decorator']) retrieved from /home/airflow/.local/lib/python3.8/site-packages/airflow/example_dags/example_short_circuit_decorator.py
[2025-10-17T07:22:15.428+0000] {logging_mixin.py:154} INFO - [2025-10-17T07:22:15.428+0000] {dag.py:2941} INFO - Sync 1 DAGs
[2025-10-17T07:22:15.447+0000] {logging_mixin.py:154} INFO - [2025-10-17T07:22:15.447+0000] {dag.py:3722} INFO - Setting next_dagrun for example_short_circuit_decorator to 2025-10-16T07:22:15.447077+00:00, run_after=2025-10-17T07:22:15.447077+00:00
[2025-10-17T07:22:15.467+0000] {processor.py:179} INFO - Processing /home/airflow/.local/lib/python3.8/site-packages/airflow/example_dags/example_short_circuit_decorator.py took 0.075 seconds
[2025-10-17T07:22:45.909+0000] {processor.py:157} INFO - Started process (PID=895) to work on /home/airflow/.local/lib/python3.8/site-packages/airflow/example_dags/example_short_circuit_decorator.py
[2025-10-17T07:22:45.910+0000] {processor.py:829} INFO - Processing file /home/airflow/.local/lib/python3.8/site-packages/airflow/example_dags/example_short_circuit_decorator.py for tasks to queue
[2025-10-17T07:22:45.912+0000] {logging_mixin.py:154} INFO - [2025-10-17T07:22:45.912+0000] {dagbag.py:536} INFO - Filling up the DagBag from /home/airflow/.local/lib/python3.8/site-packages/airflow/example_dags/example_short_circuit_decorator.py
[2025-10-17T07:22:45.920+0000] {processor.py:839} INFO - DAG(s) dict_keys(['example_short_circuit_decorator']) retrieved from /home/airflow/.local/lib/python3.8/site-packages/airflow/example_dags/example_short_circuit_decorator.py
[2025-10-17T07:22:45.941+0000] {logging_mixin.py:154} INFO - [2025-10-17T07:22:45.941+0000] {dag.py:2941} INFO - Sync 1 DAGs
[2025-10-17T07:22:45.961+0000] {logging_mixin.py:154} INFO - [2025-10-17T07:22:45.961+0000] {dag.py:3722} INFO - Setting next_dagrun for example_short_circuit_decorator to 2025-10-16T07:22:45.961477+00:00, run_after=2025-10-17T07:22:45.961477+00:00
[2025-10-17T07:22:45.980+0000] {processor.py:179} INFO - Processing /home/airflow/.local/lib/python3.8/site-packages/airflow/example_dags/example_short_circuit_decorator.py took 0.074 seconds
[2025-10-17T07:23:16.051+0000] {processor.py:157} INFO - Started process (PID=950) to work on /home/airflow/.local/lib/python3.8/site-packages/airflow/example_dags/example_short_circuit_decorator.py
[2025-10-17T07:23:16.052+0000] {processor.py:829} INFO - Processing file /home/airflow/.local/lib/python3.8/site-packages/airflow/example_dags/example_short_circuit_decorator.py for tasks to queue
[2025-10-17T07:23:16.055+0000] {logging_mixin.py:154} INFO - [2025-10-17T07:23:16.054+0000] {dagbag.py:536} INFO - Filling up the DagBag from /home/airflow/.local/lib/python3.8/site-packages/airflow/example_dags/example_short_circuit_decorator.py
[2025-10-17T07:23:16.062+0000] {processor.py:839} INFO - DAG(s) dict_keys(['example_short_circuit_decorator']) retrieved from /home/airflow/.local/lib/python3.8/site-packages/airflow/example_dags/example_short_circuit_decorator.py
[2025-10-17T07:23:16.083+0000] {logging_mixin.py:154} INFO - [2025-10-17T07:23:16.083+0000] {dag.py:2941} INFO - Sync 1 DAGs
[2025-10-17T07:23:16.100+0000] {logging_mixin.py:154} INFO - [2025-10-17T07:23:16.100+0000] {dag.py:3722} INFO - Setting next_dagrun for example_short_circuit_decorator to 2025-10-16T07:23:16.100079+00:00, run_after=2025-10-17T07:23:16.100079+00:00
[2025-10-17T07:23:16.116+0000] {processor.py:179} INFO - Processing /home/airflow/.local/lib/python3.8/site-packages/airflow/example_dags/example_short_circuit_decorator.py took 0.067 seconds
[2025-10-17T07:23:46.222+0000] {processor.py:157} INFO - Started process (PID=1006) to work on /home/airflow/.local/lib/python3.8/site-packages/airflow/example_dags/example_short_circuit_decorator.py
[2025-10-17T07:23:46.223+0000] {processor.py:829} INFO - Processing file /home/airflow/.local/lib/python3.8/site-packages/airflow/example_dags/example_short_circuit_decorator.py for tasks to queue
[2025-10-17T07:23:46.226+0000] {logging_mixin.py:154} INFO - [2025-10-17T07:23:46.225+0000] {dagbag.py:536} INFO - Filling up the DagBag from /home/airflow/.local/lib/python3.8/site-packages/airflow/example_dags/example_short_circuit_decorator.py
[2025-10-17T07:23:46.233+0000] {processor.py:839} INFO - DAG(s) dict_keys(['example_short_circuit_decorator']) retrieved from /home/airflow/.local/lib/python3.8/site-packages/airflow/example_dags/example_short_circuit_decorator.py
[2025-10-17T07:23:46.256+0000] {logging_mixin.py:154} INFO - [2025-10-17T07:23:46.256+0000] {dag.py:2941} INFO - Sync 1 DAGs
[2025-10-17T07:23:46.276+0000] {logging_mixin.py:154} INFO - [2025-10-17T07:23:46.275+0000] {dag.py:3722} INFO - Setting next_dagrun for example_short_circuit_decorator to 2025-10-16T07:23:46.275565+00:00, run_after=2025-10-17T07:23:46.275565+00:00
[2025-10-17T07:23:46.294+0000] {processor.py:179} INFO - Processing /home/airflow/.local/lib/python3.8/site-packages/airflow/example_dags/example_short_circuit_decorator.py took 0.076 seconds
[2025-10-17T07:24:16.350+0000] {processor.py:157} INFO - Started process (PID=1062) to work on /home/airflow/.local/lib/python3.8/site-packages/airflow/example_dags/example_short_circuit_decorator.py
[2025-10-17T07:24:16.351+0000] {processor.py:829} INFO - Processing file /home/airflow/.local/lib/python3.8/site-packages/airflow/example_dags/example_short_circuit_decorator.py for tasks to queue
[2025-10-17T07:24:16.354+0000] {logging_mixin.py:154} INFO - [2025-10-17T07:24:16.353+0000] {dagbag.py:536} INFO - Filling up the DagBag from /home/airflow/.local/lib/python3.8/site-packages/airflow/example_dags/example_short_circuit_decorator.py
[2025-10-17T07:24:16.363+0000] {processor.py:839} INFO - DAG(s) dict_keys(['example_short_circuit_decorator']) retrieved from /home/airflow/.local/lib/python3.8/site-packages/airflow/example_dags/example_short_circuit_decorator.py
[2025-10-17T07:24:16.386+0000] {logging_mixin.py:154} INFO - [2025-10-17T07:24:16.386+0000] {dag.py:2941} INFO - Sync 1 DAGs
[2025-10-17T07:24:16.404+0000] {logging_mixin.py:154} INFO - [2025-10-17T07:24:16.404+0000] {dag.py:3722} INFO - Setting next_dagrun for example_short_circuit_decorator to 2025-10-16T07:24:16.404428+00:00, run_after=2025-10-17T07:24:16.404428+00:00
[2025-10-17T07:24:16.422+0000] {processor.py:179} INFO - Processing /home/airflow/.local/lib/python3.8/site-packages/airflow/example_dags/example_short_circuit_decorator.py took 0.076 seconds
[2025-10-17T07:24:47.242+0000] {processor.py:157} INFO - Started process (PID=1124) to work on /home/airflow/.local/lib/python3.8/site-packages/airflow/example_dags/example_short_circuit_decorator.py
[2025-10-17T07:24:47.243+0000] {processor.py:829} INFO - Processing file /home/airflow/.local/lib/python3.8/site-packages/airflow/example_dags/example_short_circuit_decorator.py for tasks to queue
[2025-10-17T07:24:47.245+0000] {logging_mixin.py:154} INFO - [2025-10-17T07:24:47.245+0000] {dagbag.py:536} INFO - Filling up the DagBag from /home/airflow/.local/lib/python3.8/site-packages/airflow/example_dags/example_short_circuit_decorator.py
[2025-10-17T07:24:47.253+0000] {processor.py:839} INFO - DAG(s) dict_keys(['example_short_circuit_decorator']) retrieved from /home/airflow/.local/lib/python3.8/site-packages/airflow/example_dags/example_short_circuit_decorator.py
[2025-10-17T07:24:47.275+0000] {logging_mixin.py:154} INFO - [2025-10-17T07:24:47.274+0000] {dag.py:2941} INFO - Sync 1 DAGs
[2025-10-17T07:24:47.294+0000] {logging_mixin.py:154} INFO - [2025-10-17T07:24:47.293+0000] {dag.py:3722} INFO - Setting next_dagrun for example_short_circuit_decorator to 2025-10-16T07:24:47.293564+00:00, run_after=2025-10-17T07:24:47.293564+00:00
[2025-10-17T07:24:47.309+0000] {processor.py:179} INFO - Processing /home/airflow/.local/lib/python3.8/site-packages/airflow/example_dags/example_short_circuit_decorator.py took 0.070 seconds
[2025-10-17T07:25:17.603+0000] {processor.py:157} INFO - Started process (PID=1180) to work on /home/airflow/.local/lib/python3.8/site-packages/airflow/example_dags/example_short_circuit_decorator.py
[2025-10-17T07:25:17.605+0000] {processor.py:829} INFO - Processing file /home/airflow/.local/lib/python3.8/site-packages/airflow/example_dags/example_short_circuit_decorator.py for tasks to queue
[2025-10-17T07:25:17.607+0000] {logging_mixin.py:154} INFO - [2025-10-17T07:25:17.607+0000] {dagbag.py:536} INFO - Filling up the DagBag from /home/airflow/.local/lib/python3.8/site-packages/airflow/example_dags/example_short_circuit_decorator.py
[2025-10-17T07:25:17.614+0000] {processor.py:839} INFO - DAG(s) dict_keys(['example_short_circuit_decorator']) retrieved from /home/airflow/.local/lib/python3.8/site-packages/airflow/example_dags/example_short_circuit_decorator.py
[2025-10-17T07:25:17.771+0000] {logging_mixin.py:154} INFO - [2025-10-17T07:25:17.771+0000] {dag.py:2941} INFO - Sync 1 DAGs
[2025-10-17T07:25:17.787+0000] {logging_mixin.py:154} INFO - [2025-10-17T07:25:17.787+0000] {dag.py:3722} INFO - Setting next_dagrun for example_short_circuit_decorator to 2025-10-16T07:25:17.786888+00:00, run_after=2025-10-17T07:25:17.786888+00:00
[2025-10-17T07:25:17.803+0000] {processor.py:179} INFO - Processing /home/airflow/.local/lib/python3.8/site-packages/airflow/example_dags/example_short_circuit_decorator.py took 0.202 seconds
[2025-10-17T07:25:48.170+0000] {processor.py:157} INFO - Started process (PID=1236) to work on /home/airflow/.local/lib/python3.8/site-packages/airflow/example_dags/example_short_circuit_decorator.py
[2025-10-17T07:25:48.171+0000] {processor.py:829} INFO - Processing file /home/airflow/.local/lib/python3.8/site-packages/airflow/example_dags/example_short_circuit_decorator.py for tasks to queue
[2025-10-17T07:25:48.174+0000] {logging_mixin.py:154} INFO - [2025-10-17T07:25:48.173+0000] {dagbag.py:536} INFO - Filling up the DagBag from /home/airflow/.local/lib/python3.8/site-packages/airflow/example_dags/example_short_circuit_decorator.py
[2025-10-17T07:25:48.181+0000] {processor.py:839} INFO - DAG(s) dict_keys(['example_short_circuit_decorator']) retrieved from /home/airflow/.local/lib/python3.8/site-packages/airflow/example_dags/example_short_circuit_decorator.py
[2025-10-17T07:25:48.203+0000] {logging_mixin.py:154} INFO - [2025-10-17T07:25:48.203+0000] {dag.py:2941} INFO - Sync 1 DAGs
[2025-10-17T07:25:48.354+0000] {logging_mixin.py:154} INFO - [2025-10-17T07:25:48.353+0000] {dag.py:3722} INFO - Setting next_dagrun for example_short_circuit_decorator to 2025-10-16T07:25:48.353669+00:00, run_after=2025-10-17T07:25:48.353669+00:00
[2025-10-17T07:25:48.369+0000] {processor.py:179} INFO - Processing /home/airflow/.local/lib/python3.8/site-packages/airflow/example_dags/example_short_circuit_decorator.py took 0.203 seconds
[2025-10-17T07:26:18.572+0000] {processor.py:157} INFO - Started process (PID=1296) to work on /home/airflow/.local/lib/python3.8/site-packages/airflow/example_dags/example_short_circuit_decorator.py
[2025-10-17T07:26:18.573+0000] {processor.py:829} INFO - Processing file /home/airflow/.local/lib/python3.8/site-packages/airflow/example_dags/example_short_circuit_decorator.py for tasks to queue
[2025-10-17T07:26:18.575+0000] {logging_mixin.py:154} INFO - [2025-10-17T07:26:18.575+0000] {dagbag.py:536} INFO - Filling up the DagBag from /home/airflow/.local/lib/python3.8/site-packages/airflow/example_dags/example_short_circuit_decorator.py
[2025-10-17T07:26:18.583+0000] {processor.py:839} INFO - DAG(s) dict_keys(['example_short_circuit_decorator']) retrieved from /home/airflow/.local/lib/python3.8/site-packages/airflow/example_dags/example_short_circuit_decorator.py
[2025-10-17T07:26:18.605+0000] {logging_mixin.py:154} INFO - [2025-10-17T07:26:18.605+0000] {dag.py:2941} INFO - Sync 1 DAGs
[2025-10-17T07:26:18.623+0000] {logging_mixin.py:154} INFO - [2025-10-17T07:26:18.623+0000] {dag.py:3722} INFO - Setting next_dagrun for example_short_circuit_decorator to 2025-10-16T07:26:18.623094+00:00, run_after=2025-10-17T07:26:18.623094+00:00
[2025-10-17T07:26:18.638+0000] {processor.py:179} INFO - Processing /home/airflow/.local/lib/python3.8/site-packages/airflow/example_dags/example_short_circuit_decorator.py took 0.068 seconds
[2025-10-17T07:26:48.718+0000] {processor.py:157} INFO - Started process (PID=1351) to work on /home/airflow/.local/lib/python3.8/site-packages/airflow/example_dags/example_short_circuit_decorator.py
[2025-10-17T07:26:48.719+0000] {processor.py:829} INFO - Processing file /home/airflow/.local/lib/python3.8/site-packages/airflow/example_dags/example_short_circuit_decorator.py for tasks to queue
[2025-10-17T07:26:48.721+0000] {logging_mixin.py:154} INFO - [2025-10-17T07:26:48.721+0000] {dagbag.py:536} INFO - Filling up the DagBag from /home/airflow/.local/lib/python3.8/site-packages/airflow/example_dags/example_short_circuit_decorator.py
[2025-10-17T07:26:48.728+0000] {processor.py:839} INFO - DAG(s) dict_keys(['example_short_circuit_decorator']) retrieved from /home/airflow/.local/lib/python3.8/site-packages/airflow/example_dags/example_short_circuit_decorator.py
[2025-10-17T07:26:48.751+0000] {logging_mixin.py:154} INFO - [2025-10-17T07:26:48.750+0000] {dag.py:2941} INFO - Sync 1 DAGs
[2025-10-17T07:26:48.771+0000] {logging_mixin.py:154} INFO - [2025-10-17T07:26:48.770+0000] {dag.py:3722} INFO - Setting next_dagrun for example_short_circuit_decorator to 2025-10-16T07:26:48.770576+00:00, run_after=2025-10-17T07:26:48.770576+00:00
[2025-10-17T07:26:48.788+0000] {processor.py:179} INFO - Processing /home/airflow/.local/lib/python3.8/site-packages/airflow/example_dags/example_short_circuit_decorator.py took 0.074 seconds
[2025-10-17T07:27:18.936+0000] {processor.py:157} INFO - Started process (PID=1406) to work on /home/airflow/.local/lib/python3.8/site-packages/airflow/example_dags/example_short_circuit_decorator.py
[2025-10-17T07:27:18.937+0000] {processor.py:829} INFO - Processing file /home/airflow/.local/lib/python3.8/site-packages/airflow/example_dags/example_short_circuit_decorator.py for tasks to queue
[2025-10-17T07:27:18.940+0000] {logging_mixin.py:154} INFO - [2025-10-17T07:27:18.940+0000] {dagbag.py:536} INFO - Filling up the DagBag from /home/airflow/.local/lib/python3.8/site-packages/airflow/example_dags/example_short_circuit_decorator.py
[2025-10-17T07:27:18.947+0000] {processor.py:839} INFO - DAG(s) dict_keys(['example_short_circuit_decorator']) retrieved from /home/airflow/.local/lib/python3.8/site-packages/airflow/example_dags/example_short_circuit_decorator.py
[2025-10-17T07:27:18.967+0000] {logging_mixin.py:154} INFO - [2025-10-17T07:27:18.967+0000] {dag.py:2941} INFO - Sync 1 DAGs
[2025-10-17T07:27:18.984+0000] {logging_mixin.py:154} INFO - [2025-10-17T07:27:18.984+0000] {dag.py:3722} INFO - Setting next_dagrun for example_short_circuit_decorator to 2025-10-16T07:27:18.984075+00:00, run_after=2025-10-17T07:27:18.984075+00:00
[2025-10-17T07:27:19.000+0000] {processor.py:179} INFO - Processing /home/airflow/.local/lib/python3.8/site-packages/airflow/example_dags/example_short_circuit_decorator.py took 0.067 seconds
[2025-10-17T07:27:49.182+0000] {processor.py:157} INFO - Started process (PID=1461) to work on /home/airflow/.local/lib/python3.8/site-packages/airflow/example_dags/example_short_circuit_decorator.py
[2025-10-17T07:27:49.184+0000] {processor.py:829} INFO - Processing file /home/airflow/.local/lib/python3.8/site-packages/airflow/example_dags/example_short_circuit_decorator.py for tasks to queue
[2025-10-17T07:27:49.185+0000] {logging_mixin.py:154} INFO - [2025-10-17T07:27:49.184+0000] {dagbag.py:536} INFO - Filling up the DagBag from /home/airflow/.local/lib/python3.8/site-packages/airflow/example_dags/example_short_circuit_decorator.py
[2025-10-17T07:27:49.193+0000] {processor.py:839} INFO - DAG(s) dict_keys(['example_short_circuit_decorator']) retrieved from /home/airflow/.local/lib/python3.8/site-packages/airflow/example_dags/example_short_circuit_decorator.py
[2025-10-17T07:27:49.214+0000] {logging_mixin.py:154} INFO - [2025-10-17T07:27:49.214+0000] {dag.py:2941} INFO - Sync 1 DAGs
[2025-10-17T07:27:49.231+0000] {logging_mixin.py:154} INFO - [2025-10-17T07:27:49.231+0000] {dag.py:3722} INFO - Setting next_dagrun for example_short_circuit_decorator to 2025-10-16T07:27:49.230956+00:00, run_after=2025-10-17T07:27:49.230956+00:00
[2025-10-17T07:27:49.252+0000] {processor.py:179} INFO - Processing /home/airflow/.local/lib/python3.8/site-packages/airflow/example_dags/example_short_circuit_decorator.py took 0.075 seconds
[2025-10-17T07:28:19.655+0000] {processor.py:157} INFO - Started process (PID=1519) to work on /home/airflow/.local/lib/python3.8/site-packages/airflow/example_dags/example_short_circuit_decorator.py
[2025-10-17T07:28:19.656+0000] {processor.py:829} INFO - Processing file /home/airflow/.local/lib/python3.8/site-packages/airflow/example_dags/example_short_circuit_decorator.py for tasks to queue
[2025-10-17T07:28:19.657+0000] {logging_mixin.py:154} INFO - [2025-10-17T07:28:19.657+0000] {dagbag.py:536} INFO - Filling up the DagBag from /home/airflow/.local/lib/python3.8/site-packages/airflow/example_dags/example_short_circuit_decorator.py
[2025-10-17T07:28:19.666+0000] {processor.py:839} INFO - DAG(s) dict_keys(['example_short_circuit_decorator']) retrieved from /home/airflow/.local/lib/python3.8/site-packages/airflow/example_dags/example_short_circuit_decorator.py
[2025-10-17T07:28:19.690+0000] {logging_mixin.py:154} INFO - [2025-10-17T07:28:19.689+0000] {dag.py:2941} INFO - Sync 1 DAGs
[2025-10-17T07:28:19.710+0000] {logging_mixin.py:154} INFO - [2025-10-17T07:28:19.710+0000] {dag.py:3722} INFO - Setting next_dagrun for example_short_circuit_decorator to 2025-10-16T07:28:19.710481+00:00, run_after=2025-10-17T07:28:19.710481+00:00
[2025-10-17T07:28:19.728+0000] {processor.py:179} INFO - Processing /home/airflow/.local/lib/python3.8/site-packages/airflow/example_dags/example_short_circuit_decorator.py took 0.076 seconds
[2025-10-17T07:28:49.921+0000] {processor.py:157} INFO - Started process (PID=1575) to work on /home/airflow/.local/lib/python3.8/site-packages/airflow/example_dags/example_short_circuit_decorator.py
[2025-10-17T07:28:49.922+0000] {processor.py:829} INFO - Processing file /home/airflow/.local/lib/python3.8/site-packages/airflow/example_dags/example_short_circuit_decorator.py for tasks to queue
[2025-10-17T07:28:49.923+0000] {logging_mixin.py:154} INFO - [2025-10-17T07:28:49.923+0000] {dagbag.py:536} INFO - Filling up the DagBag from /home/airflow/.local/lib/python3.8/site-packages/airflow/example_dags/example_short_circuit_decorator.py
[2025-10-17T07:28:49.931+0000] {processor.py:839} INFO - DAG(s) dict_keys(['example_short_circuit_decorator']) retrieved from /home/airflow/.local/lib/python3.8/site-packages/airflow/example_dags/example_short_circuit_decorator.py
[2025-10-17T07:28:49.952+0000] {logging_mixin.py:154} INFO - [2025-10-17T07:28:49.952+0000] {dag.py:2941} INFO - Sync 1 DAGs
[2025-10-17T07:28:49.970+0000] {logging_mixin.py:154} INFO - [2025-10-17T07:28:49.970+0000] {dag.py:3722} INFO - Setting next_dagrun for example_short_circuit_decorator to 2025-10-16T07:28:49.969991+00:00, run_after=2025-10-17T07:28:49.969991+00:00
[2025-10-17T07:28:49.989+0000] {processor.py:179} INFO - Processing /home/airflow/.local/lib/python3.8/site-packages/airflow/example_dags/example_short_circuit_decorator.py took 0.071 seconds
[2025-10-17T07:30:17.978+0000] {processor.py:157} INFO - Started process (PID=56) to work on /home/airflow/.local/lib/python3.8/site-packages/airflow/example_dags/example_short_circuit_decorator.py
[2025-10-17T07:30:17.980+0000] {processor.py:829} INFO - Processing file /home/airflow/.local/lib/python3.8/site-packages/airflow/example_dags/example_short_circuit_decorator.py for tasks to queue
[2025-10-17T07:30:17.984+0000] {logging_mixin.py:154} INFO - [2025-10-17T07:30:17.983+0000] {dagbag.py:536} INFO - Filling up the DagBag from /home/airflow/.local/lib/python3.8/site-packages/airflow/example_dags/example_short_circuit_decorator.py
[2025-10-17T07:30:18.003+0000] {processor.py:839} INFO - DAG(s) dict_keys(['example_short_circuit_decorator']) retrieved from /home/airflow/.local/lib/python3.8/site-packages/airflow/example_dags/example_short_circuit_decorator.py
[2025-10-17T07:30:18.171+0000] {logging_mixin.py:154} INFO - [2025-10-17T07:30:18.171+0000] {manager.py:499} INFO - Created Permission View: %s
[2025-10-17T07:30:18.184+0000] {logging_mixin.py:154} INFO - [2025-10-17T07:30:18.184+0000] {manager.py:499} INFO - Created Permission View: %s
[2025-10-17T07:30:18.193+0000] {logging_mixin.py:154} INFO - [2025-10-17T07:30:18.193+0000] {manager.py:499} INFO - Created Permission View: %s
[2025-10-17T07:30:18.194+0000] {logging_mixin.py:154} INFO - [2025-10-17T07:30:18.194+0000] {dag.py:2941} INFO - Sync 1 DAGs
[2025-10-17T07:30:18.206+0000] {logging_mixin.py:154} INFO - [2025-10-17T07:30:18.206+0000] {dag.py:2963} INFO - Creating ORM DAG for example_short_circuit_decorator
[2025-10-17T07:30:18.219+0000] {logging_mixin.py:154} INFO - [2025-10-17T07:30:18.218+0000] {dag.py:3722} INFO - Setting next_dagrun for example_short_circuit_decorator to 2025-10-16T07:30:18.218557+00:00, run_after=2025-10-17T07:30:18.218557+00:00
[2025-10-17T07:30:18.241+0000] {processor.py:179} INFO - Processing /home/airflow/.local/lib/python3.8/site-packages/airflow/example_dags/example_short_circuit_decorator.py took 0.268 seconds
[2025-10-17T07:30:48.346+0000] {processor.py:157} INFO - Started process (PID=114) to work on /home/airflow/.local/lib/python3.8/site-packages/airflow/example_dags/example_short_circuit_decorator.py
[2025-10-17T07:30:48.348+0000] {processor.py:829} INFO - Processing file /home/airflow/.local/lib/python3.8/site-packages/airflow/example_dags/example_short_circuit_decorator.py for tasks to queue
[2025-10-17T07:30:48.353+0000] {logging_mixin.py:154} INFO - [2025-10-17T07:30:48.352+0000] {dagbag.py:536} INFO - Filling up the DagBag from /home/airflow/.local/lib/python3.8/site-packages/airflow/example_dags/example_short_circuit_decorator.py
[2025-10-17T07:30:48.366+0000] {processor.py:839} INFO - DAG(s) dict_keys(['example_short_circuit_decorator']) retrieved from /home/airflow/.local/lib/python3.8/site-packages/airflow/example_dags/example_short_circuit_decorator.py
[2025-10-17T07:30:48.400+0000] {logging_mixin.py:154} INFO - [2025-10-17T07:30:48.400+0000] {dag.py:2941} INFO - Sync 1 DAGs
[2025-10-17T07:30:48.431+0000] {logging_mixin.py:154} INFO - [2025-10-17T07:30:48.431+0000] {dag.py:3722} INFO - Setting next_dagrun for example_short_circuit_decorator to 2025-10-16T07:30:48.430424+00:00, run_after=2025-10-17T07:30:48.430424+00:00
[2025-10-17T07:30:48.463+0000] {processor.py:179} INFO - Processing /home/airflow/.local/lib/python3.8/site-packages/airflow/example_dags/example_short_circuit_decorator.py took 0.123 seconds
[2025-10-17T07:31:18.745+0000] {processor.py:157} INFO - Started process (PID=170) to work on /home/airflow/.local/lib/python3.8/site-packages/airflow/example_dags/example_short_circuit_decorator.py
[2025-10-17T07:31:18.746+0000] {processor.py:829} INFO - Processing file /home/airflow/.local/lib/python3.8/site-packages/airflow/example_dags/example_short_circuit_decorator.py for tasks to queue
[2025-10-17T07:31:18.748+0000] {logging_mixin.py:154} INFO - [2025-10-17T07:31:18.748+0000] {dagbag.py:536} INFO - Filling up the DagBag from /home/airflow/.local/lib/python3.8/site-packages/airflow/example_dags/example_short_circuit_decorator.py
[2025-10-17T07:31:18.758+0000] {processor.py:839} INFO - DAG(s) dict_keys(['example_short_circuit_decorator']) retrieved from /home/airflow/.local/lib/python3.8/site-packages/airflow/example_dags/example_short_circuit_decorator.py
[2025-10-17T07:31:18.779+0000] {logging_mixin.py:154} INFO - [2025-10-17T07:31:18.779+0000] {dag.py:2941} INFO - Sync 1 DAGs
[2025-10-17T07:31:18.798+0000] {logging_mixin.py:154} INFO - [2025-10-17T07:31:18.798+0000] {dag.py:3722} INFO - Setting next_dagrun for example_short_circuit_decorator to 2025-10-16T07:31:18.798315+00:00, run_after=2025-10-17T07:31:18.798315+00:00
[2025-10-17T07:31:18.816+0000] {processor.py:179} INFO - Processing /home/airflow/.local/lib/python3.8/site-packages/airflow/example_dags/example_short_circuit_decorator.py took 0.075 seconds
[2025-10-17T07:31:49.160+0000] {processor.py:157} INFO - Started process (PID=226) to work on /home/airflow/.local/lib/python3.8/site-packages/airflow/example_dags/example_short_circuit_decorator.py
[2025-10-17T07:31:49.161+0000] {processor.py:829} INFO - Processing file /home/airflow/.local/lib/python3.8/site-packages/airflow/example_dags/example_short_circuit_decorator.py for tasks to queue
[2025-10-17T07:31:49.163+0000] {logging_mixin.py:154} INFO - [2025-10-17T07:31:49.163+0000] {dagbag.py:536} INFO - Filling up the DagBag from /home/airflow/.local/lib/python3.8/site-packages/airflow/example_dags/example_short_circuit_decorator.py
[2025-10-17T07:31:49.172+0000] {processor.py:839} INFO - DAG(s) dict_keys(['example_short_circuit_decorator']) retrieved from /home/airflow/.local/lib/python3.8/site-packages/airflow/example_dags/example_short_circuit_decorator.py
[2025-10-17T07:31:49.195+0000] {logging_mixin.py:154} INFO - [2025-10-17T07:31:49.195+0000] {dag.py:2941} INFO - Sync 1 DAGs
[2025-10-17T07:31:49.217+0000] {logging_mixin.py:154} INFO - [2025-10-17T07:31:49.217+0000] {dag.py:3722} INFO - Setting next_dagrun for example_short_circuit_decorator to 2025-10-16T07:31:49.217311+00:00, run_after=2025-10-17T07:31:49.217311+00:00
[2025-10-17T07:31:49.245+0000] {processor.py:179} INFO - Processing /home/airflow/.local/lib/python3.8/site-packages/airflow/example_dags/example_short_circuit_decorator.py took 0.089 seconds
[2025-10-17T07:32:19.560+0000] {processor.py:157} INFO - Started process (PID=284) to work on /home/airflow/.local/lib/python3.8/site-packages/airflow/example_dags/example_short_circuit_decorator.py
[2025-10-17T07:32:19.561+0000] {processor.py:829} INFO - Processing file /home/airflow/.local/lib/python3.8/site-packages/airflow/example_dags/example_short_circuit_decorator.py for tasks to queue
[2025-10-17T07:32:19.564+0000] {logging_mixin.py:154} INFO - [2025-10-17T07:32:19.564+0000] {dagbag.py:536} INFO - Filling up the DagBag from /home/airflow/.local/lib/python3.8/site-packages/airflow/example_dags/example_short_circuit_decorator.py
[2025-10-17T07:32:19.572+0000] {processor.py:839} INFO - DAG(s) dict_keys(['example_short_circuit_decorator']) retrieved from /home/airflow/.local/lib/python3.8/site-packages/airflow/example_dags/example_short_circuit_decorator.py
[2025-10-17T07:32:19.596+0000] {logging_mixin.py:154} INFO - [2025-10-17T07:32:19.596+0000] {dag.py:2941} INFO - Sync 1 DAGs
[2025-10-17T07:32:19.614+0000] {logging_mixin.py:154} INFO - [2025-10-17T07:32:19.614+0000] {dag.py:3722} INFO - Setting next_dagrun for example_short_circuit_decorator to 2025-10-16T07:32:19.614393+00:00, run_after=2025-10-17T07:32:19.614393+00:00
[2025-10-17T07:32:19.631+0000] {processor.py:179} INFO - Processing /home/airflow/.local/lib/python3.8/site-packages/airflow/example_dags/example_short_circuit_decorator.py took 0.074 seconds
[2025-10-17T07:35:40.823+0000] {processor.py:157} INFO - Started process (PID=56) to work on /home/airflow/.local/lib/python3.8/site-packages/airflow/example_dags/example_short_circuit_decorator.py
[2025-10-17T07:35:40.824+0000] {processor.py:829} INFO - Processing file /home/airflow/.local/lib/python3.8/site-packages/airflow/example_dags/example_short_circuit_decorator.py for tasks to queue
[2025-10-17T07:35:40.828+0000] {logging_mixin.py:154} INFO - [2025-10-17T07:35:40.827+0000] {dagbag.py:536} INFO - Filling up the DagBag from /home/airflow/.local/lib/python3.8/site-packages/airflow/example_dags/example_short_circuit_decorator.py
[2025-10-17T07:35:40.840+0000] {processor.py:839} INFO - DAG(s) dict_keys(['example_short_circuit_decorator']) retrieved from /home/airflow/.local/lib/python3.8/site-packages/airflow/example_dags/example_short_circuit_decorator.py
[2025-10-17T07:35:41.041+0000] {logging_mixin.py:154} INFO - [2025-10-17T07:35:41.041+0000] {manager.py:499} INFO - Created Permission View: %s
[2025-10-17T07:35:41.061+0000] {logging_mixin.py:154} INFO - [2025-10-17T07:35:41.060+0000] {manager.py:499} INFO - Created Permission View: %s
[2025-10-17T07:35:41.078+0000] {logging_mixin.py:154} INFO - [2025-10-17T07:35:41.078+0000] {manager.py:499} INFO - Created Permission View: %s
[2025-10-17T07:35:41.079+0000] {logging_mixin.py:154} INFO - [2025-10-17T07:35:41.079+0000] {dag.py:2941} INFO - Sync 1 DAGs
[2025-10-17T07:35:41.092+0000] {logging_mixin.py:154} INFO - [2025-10-17T07:35:41.092+0000] {dag.py:2963} INFO - Creating ORM DAG for example_short_circuit_decorator
[2025-10-17T07:35:41.102+0000] {logging_mixin.py:154} INFO - [2025-10-17T07:35:41.101+0000] {dag.py:3722} INFO - Setting next_dagrun for example_short_circuit_decorator to 2025-10-16T07:35:41.101269+00:00, run_after=2025-10-17T07:35:41.101269+00:00
[2025-10-17T07:35:41.123+0000] {processor.py:179} INFO - Processing /home/airflow/.local/lib/python3.8/site-packages/airflow/example_dags/example_short_circuit_decorator.py took 0.303 seconds
[2025-10-17T07:36:11.170+0000] {processor.py:157} INFO - Started process (PID=110) to work on /home/airflow/.local/lib/python3.8/site-packages/airflow/example_dags/example_short_circuit_decorator.py
[2025-10-17T07:36:11.171+0000] {processor.py:829} INFO - Processing file /home/airflow/.local/lib/python3.8/site-packages/airflow/example_dags/example_short_circuit_decorator.py for tasks to queue
[2025-10-17T07:36:11.173+0000] {logging_mixin.py:154} INFO - [2025-10-17T07:36:11.173+0000] {dagbag.py:536} INFO - Filling up the DagBag from /home/airflow/.local/lib/python3.8/site-packages/airflow/example_dags/example_short_circuit_decorator.py
[2025-10-17T07:36:11.184+0000] {processor.py:839} INFO - DAG(s) dict_keys(['example_short_circuit_decorator']) retrieved from /home/airflow/.local/lib/python3.8/site-packages/airflow/example_dags/example_short_circuit_decorator.py
[2025-10-17T07:36:11.209+0000] {logging_mixin.py:154} INFO - [2025-10-17T07:36:11.208+0000] {dag.py:2941} INFO - Sync 1 DAGs
[2025-10-17T07:36:11.235+0000] {logging_mixin.py:154} INFO - [2025-10-17T07:36:11.234+0000] {dag.py:3722} INFO - Setting next_dagrun for example_short_circuit_decorator to 2025-10-16T07:36:11.234690+00:00, run_after=2025-10-17T07:36:11.234690+00:00
[2025-10-17T07:36:11.253+0000] {processor.py:179} INFO - Processing /home/airflow/.local/lib/python3.8/site-packages/airflow/example_dags/example_short_circuit_decorator.py took 0.087 seconds
[2025-10-17T07:36:41.572+0000] {processor.py:157} INFO - Started process (PID=166) to work on /home/airflow/.local/lib/python3.8/site-packages/airflow/example_dags/example_short_circuit_decorator.py
[2025-10-17T07:36:41.573+0000] {processor.py:829} INFO - Processing file /home/airflow/.local/lib/python3.8/site-packages/airflow/example_dags/example_short_circuit_decorator.py for tasks to queue
[2025-10-17T07:36:41.575+0000] {logging_mixin.py:154} INFO - [2025-10-17T07:36:41.574+0000] {dagbag.py:536} INFO - Filling up the DagBag from /home/airflow/.local/lib/python3.8/site-packages/airflow/example_dags/example_short_circuit_decorator.py
[2025-10-17T07:36:41.583+0000] {processor.py:839} INFO - DAG(s) dict_keys(['example_short_circuit_decorator']) retrieved from /home/airflow/.local/lib/python3.8/site-packages/airflow/example_dags/example_short_circuit_decorator.py
[2025-10-17T07:36:41.604+0000] {logging_mixin.py:154} INFO - [2025-10-17T07:36:41.604+0000] {dag.py:2941} INFO - Sync 1 DAGs
[2025-10-17T07:36:41.625+0000] {logging_mixin.py:154} INFO - [2025-10-17T07:36:41.624+0000] {dag.py:3722} INFO - Setting next_dagrun for example_short_circuit_decorator to 2025-10-16T07:36:41.624544+00:00, run_after=2025-10-17T07:36:41.624544+00:00
[2025-10-17T07:36:41.643+0000] {processor.py:179} INFO - Processing /home/airflow/.local/lib/python3.8/site-packages/airflow/example_dags/example_short_circuit_decorator.py took 0.074 seconds
[2025-10-17T07:37:12.029+0000] {processor.py:157} INFO - Started process (PID=222) to work on /home/airflow/.local/lib/python3.8/site-packages/airflow/example_dags/example_short_circuit_decorator.py
[2025-10-17T07:37:12.030+0000] {processor.py:829} INFO - Processing file /home/airflow/.local/lib/python3.8/site-packages/airflow/example_dags/example_short_circuit_decorator.py for tasks to queue
[2025-10-17T07:37:12.033+0000] {logging_mixin.py:154} INFO - [2025-10-17T07:37:12.032+0000] {dagbag.py:536} INFO - Filling up the DagBag from /home/airflow/.local/lib/python3.8/site-packages/airflow/example_dags/example_short_circuit_decorator.py
[2025-10-17T07:37:12.041+0000] {processor.py:839} INFO - DAG(s) dict_keys(['example_short_circuit_decorator']) retrieved from /home/airflow/.local/lib/python3.8/site-packages/airflow/example_dags/example_short_circuit_decorator.py
[2025-10-17T07:37:12.061+0000] {logging_mixin.py:154} INFO - [2025-10-17T07:37:12.061+0000] {dag.py:2941} INFO - Sync 1 DAGs
[2025-10-17T07:37:12.080+0000] {logging_mixin.py:154} INFO - [2025-10-17T07:37:12.080+0000] {dag.py:3722} INFO - Setting next_dagrun for example_short_circuit_decorator to 2025-10-16T07:37:12.080451+00:00, run_after=2025-10-17T07:37:12.080451+00:00
[2025-10-17T07:37:12.100+0000] {processor.py:179} INFO - Processing /home/airflow/.local/lib/python3.8/site-packages/airflow/example_dags/example_short_circuit_decorator.py took 0.074 seconds
[2025-10-17T07:38:42.098+0000] {processor.py:157} INFO - Started process (PID=57) to work on /home/airflow/.local/lib/python3.8/site-packages/airflow/example_dags/example_short_circuit_decorator.py
[2025-10-17T07:38:42.100+0000] {processor.py:829} INFO - Processing file /home/airflow/.local/lib/python3.8/site-packages/airflow/example_dags/example_short_circuit_decorator.py for tasks to queue
[2025-10-17T07:38:42.104+0000] {logging_mixin.py:154} INFO - [2025-10-17T07:38:42.104+0000] {dagbag.py:536} INFO - Filling up the DagBag from /home/airflow/.local/lib/python3.8/site-packages/airflow/example_dags/example_short_circuit_decorator.py
[2025-10-17T07:38:42.122+0000] {processor.py:839} INFO - DAG(s) dict_keys(['example_short_circuit_decorator']) retrieved from /home/airflow/.local/lib/python3.8/site-packages/airflow/example_dags/example_short_circuit_decorator.py
[2025-10-17T07:38:42.282+0000] {logging_mixin.py:154} INFO - [2025-10-17T07:38:42.282+0000] {manager.py:499} INFO - Created Permission View: %s
[2025-10-17T07:38:42.298+0000] {logging_mixin.py:154} INFO - [2025-10-17T07:38:42.297+0000] {manager.py:499} INFO - Created Permission View: %s
[2025-10-17T07:38:42.308+0000] {logging_mixin.py:154} INFO - [2025-10-17T07:38:42.308+0000] {manager.py:499} INFO - Created Permission View: %s
[2025-10-17T07:38:42.309+0000] {logging_mixin.py:154} INFO - [2025-10-17T07:38:42.308+0000] {dag.py:2941} INFO - Sync 1 DAGs
[2025-10-17T07:38:42.324+0000] {logging_mixin.py:154} INFO - [2025-10-17T07:38:42.323+0000] {dag.py:2963} INFO - Creating ORM DAG for example_short_circuit_decorator
[2025-10-17T07:38:42.340+0000] {logging_mixin.py:154} INFO - [2025-10-17T07:38:42.339+0000] {dag.py:3722} INFO - Setting next_dagrun for example_short_circuit_decorator to 2025-10-16T07:38:42.339007+00:00, run_after=2025-10-17T07:38:42.339007+00:00
[2025-10-17T07:38:42.363+0000] {processor.py:179} INFO - Processing /home/airflow/.local/lib/python3.8/site-packages/airflow/example_dags/example_short_circuit_decorator.py took 0.271 seconds
[2025-10-17T07:39:13.174+0000] {processor.py:157} INFO - Started process (PID=111) to work on /home/airflow/.local/lib/python3.8/site-packages/airflow/example_dags/example_short_circuit_decorator.py
[2025-10-17T07:39:13.176+0000] {processor.py:829} INFO - Processing file /home/airflow/.local/lib/python3.8/site-packages/airflow/example_dags/example_short_circuit_decorator.py for tasks to queue
[2025-10-17T07:39:13.178+0000] {logging_mixin.py:154} INFO - [2025-10-17T07:39:13.177+0000] {dagbag.py:536} INFO - Filling up the DagBag from /home/airflow/.local/lib/python3.8/site-packages/airflow/example_dags/example_short_circuit_decorator.py
[2025-10-17T07:39:13.186+0000] {processor.py:839} INFO - DAG(s) dict_keys(['example_short_circuit_decorator']) retrieved from /home/airflow/.local/lib/python3.8/site-packages/airflow/example_dags/example_short_circuit_decorator.py
[2025-10-17T07:39:13.209+0000] {logging_mixin.py:154} INFO - [2025-10-17T07:39:13.208+0000] {dag.py:2941} INFO - Sync 1 DAGs
[2025-10-17T07:39:13.227+0000] {logging_mixin.py:154} INFO - [2025-10-17T07:39:13.227+0000] {dag.py:3722} INFO - Setting next_dagrun for example_short_circuit_decorator to 2025-10-16T07:39:13.226734+00:00, run_after=2025-10-17T07:39:13.226734+00:00
[2025-10-17T07:39:13.244+0000] {processor.py:179} INFO - Processing /home/airflow/.local/lib/python3.8/site-packages/airflow/example_dags/example_short_circuit_decorator.py took 0.073 seconds
[2025-10-17T07:39:43.514+0000] {processor.py:157} INFO - Started process (PID=167) to work on /home/airflow/.local/lib/python3.8/site-packages/airflow/example_dags/example_short_circuit_decorator.py
[2025-10-17T07:39:43.516+0000] {processor.py:829} INFO - Processing file /home/airflow/.local/lib/python3.8/site-packages/airflow/example_dags/example_short_circuit_decorator.py for tasks to queue
[2025-10-17T07:39:43.518+0000] {logging_mixin.py:154} INFO - [2025-10-17T07:39:43.518+0000] {dagbag.py:536} INFO - Filling up the DagBag from /home/airflow/.local/lib/python3.8/site-packages/airflow/example_dags/example_short_circuit_decorator.py
[2025-10-17T07:39:43.526+0000] {processor.py:839} INFO - DAG(s) dict_keys(['example_short_circuit_decorator']) retrieved from /home/airflow/.local/lib/python3.8/site-packages/airflow/example_dags/example_short_circuit_decorator.py
[2025-10-17T07:39:43.551+0000] {logging_mixin.py:154} INFO - [2025-10-17T07:39:43.550+0000] {dag.py:2941} INFO - Sync 1 DAGs
[2025-10-17T07:39:43.571+0000] {logging_mixin.py:154} INFO - [2025-10-17T07:39:43.571+0000] {dag.py:3722} INFO - Setting next_dagrun for example_short_circuit_decorator to 2025-10-16T07:39:43.570793+00:00, run_after=2025-10-17T07:39:43.570793+00:00
[2025-10-17T07:39:43.589+0000] {processor.py:179} INFO - Processing /home/airflow/.local/lib/python3.8/site-packages/airflow/example_dags/example_short_circuit_decorator.py took 0.078 seconds
[2025-10-17T07:40:13.921+0000] {processor.py:157} INFO - Started process (PID=223) to work on /home/airflow/.local/lib/python3.8/site-packages/airflow/example_dags/example_short_circuit_decorator.py
[2025-10-17T07:40:13.922+0000] {processor.py:829} INFO - Processing file /home/airflow/.local/lib/python3.8/site-packages/airflow/example_dags/example_short_circuit_decorator.py for tasks to queue
[2025-10-17T07:40:13.924+0000] {logging_mixin.py:154} INFO - [2025-10-17T07:40:13.924+0000] {dagbag.py:536} INFO - Filling up the DagBag from /home/airflow/.local/lib/python3.8/site-packages/airflow/example_dags/example_short_circuit_decorator.py
[2025-10-17T07:40:13.931+0000] {processor.py:839} INFO - DAG(s) dict_keys(['example_short_circuit_decorator']) retrieved from /home/airflow/.local/lib/python3.8/site-packages/airflow/example_dags/example_short_circuit_decorator.py
[2025-10-17T07:40:13.954+0000] {logging_mixin.py:154} INFO - [2025-10-17T07:40:13.954+0000] {dag.py:2941} INFO - Sync 1 DAGs
[2025-10-17T07:40:13.974+0000] {logging_mixin.py:154} INFO - [2025-10-17T07:40:13.974+0000] {dag.py:3722} INFO - Setting next_dagrun for example_short_circuit_decorator to 2025-10-16T07:40:13.974125+00:00, run_after=2025-10-17T07:40:13.974125+00:00
[2025-10-17T07:40:13.991+0000] {processor.py:179} INFO - Processing /home/airflow/.local/lib/python3.8/site-packages/airflow/example_dags/example_short_circuit_decorator.py took 0.073 seconds
[2025-10-17T07:40:44.576+0000] {processor.py:157} INFO - Started process (PID=279) to work on /home/airflow/.local/lib/python3.8/site-packages/airflow/example_dags/example_short_circuit_decorator.py
[2025-10-17T07:40:44.577+0000] {processor.py:829} INFO - Processing file /home/airflow/.local/lib/python3.8/site-packages/airflow/example_dags/example_short_circuit_decorator.py for tasks to queue
[2025-10-17T07:40:44.579+0000] {logging_mixin.py:154} INFO - [2025-10-17T07:40:44.579+0000] {dagbag.py:536} INFO - Filling up the DagBag from /home/airflow/.local/lib/python3.8/site-packages/airflow/example_dags/example_short_circuit_decorator.py
[2025-10-17T07:40:44.589+0000] {processor.py:839} INFO - DAG(s) dict_keys(['example_short_circuit_decorator']) retrieved from /home/airflow/.local/lib/python3.8/site-packages/airflow/example_dags/example_short_circuit_decorator.py
[2025-10-17T07:40:44.617+0000] {logging_mixin.py:154} INFO - [2025-10-17T07:40:44.617+0000] {dag.py:2941} INFO - Sync 1 DAGs
[2025-10-17T07:40:44.642+0000] {logging_mixin.py:154} INFO - [2025-10-17T07:40:44.642+0000] {dag.py:3722} INFO - Setting next_dagrun for example_short_circuit_decorator to 2025-10-16T07:40:44.642420+00:00, run_after=2025-10-17T07:40:44.642420+00:00
[2025-10-17T07:40:44.663+0000] {processor.py:179} INFO - Processing /home/airflow/.local/lib/python3.8/site-packages/airflow/example_dags/example_short_circuit_decorator.py took 0.091 seconds
[2025-10-17T07:41:15.111+0000] {processor.py:157} INFO - Started process (PID=342) to work on /home/airflow/.local/lib/python3.8/site-packages/airflow/example_dags/example_short_circuit_decorator.py
[2025-10-17T07:41:15.113+0000] {processor.py:829} INFO - Processing file /home/airflow/.local/lib/python3.8/site-packages/airflow/example_dags/example_short_circuit_decorator.py for tasks to queue
[2025-10-17T07:41:15.115+0000] {logging_mixin.py:154} INFO - [2025-10-17T07:41:15.115+0000] {dagbag.py:536} INFO - Filling up the DagBag from /home/airflow/.local/lib/python3.8/site-packages/airflow/example_dags/example_short_circuit_decorator.py
[2025-10-17T07:41:15.122+0000] {processor.py:839} INFO - DAG(s) dict_keys(['example_short_circuit_decorator']) retrieved from /home/airflow/.local/lib/python3.8/site-packages/airflow/example_dags/example_short_circuit_decorator.py
[2025-10-17T07:41:15.148+0000] {logging_mixin.py:154} INFO - [2025-10-17T07:41:15.147+0000] {dag.py:2941} INFO - Sync 1 DAGs
[2025-10-17T07:41:15.169+0000] {logging_mixin.py:154} INFO - [2025-10-17T07:41:15.169+0000] {dag.py:3722} INFO - Setting next_dagrun for example_short_circuit_decorator to 2025-10-16T07:41:15.169077+00:00, run_after=2025-10-17T07:41:15.169077+00:00
[2025-10-17T07:41:15.190+0000] {processor.py:179} INFO - Processing /home/airflow/.local/lib/python3.8/site-packages/airflow/example_dags/example_short_circuit_decorator.py took 0.082 seconds
[2025-10-17T07:42:25.850+0000] {processor.py:157} INFO - Started process (PID=56) to work on /home/airflow/.local/lib/python3.8/site-packages/airflow/example_dags/example_short_circuit_decorator.py
[2025-10-17T07:42:25.852+0000] {processor.py:829} INFO - Processing file /home/airflow/.local/lib/python3.8/site-packages/airflow/example_dags/example_short_circuit_decorator.py for tasks to queue
[2025-10-17T07:42:25.854+0000] {logging_mixin.py:154} INFO - [2025-10-17T07:42:25.854+0000] {dagbag.py:536} INFO - Filling up the DagBag from /home/airflow/.local/lib/python3.8/site-packages/airflow/example_dags/example_short_circuit_decorator.py
[2025-10-17T07:42:25.867+0000] {processor.py:839} INFO - DAG(s) dict_keys(['example_short_circuit_decorator']) retrieved from /home/airflow/.local/lib/python3.8/site-packages/airflow/example_dags/example_short_circuit_decorator.py
[2025-10-17T07:42:25.982+0000] {logging_mixin.py:154} INFO - [2025-10-17T07:42:25.982+0000] {manager.py:499} INFO - Created Permission View: %s
[2025-10-17T07:42:25.995+0000] {logging_mixin.py:154} INFO - [2025-10-17T07:42:25.994+0000] {manager.py:499} INFO - Created Permission View: %s
[2025-10-17T07:42:26.004+0000] {logging_mixin.py:154} INFO - [2025-10-17T07:42:26.004+0000] {manager.py:499} INFO - Created Permission View: %s
[2025-10-17T07:42:26.005+0000] {logging_mixin.py:154} INFO - [2025-10-17T07:42:26.004+0000] {dag.py:2941} INFO - Sync 1 DAGs
[2025-10-17T07:42:26.015+0000] {logging_mixin.py:154} INFO - [2025-10-17T07:42:26.015+0000] {dag.py:2963} INFO - Creating ORM DAG for example_short_circuit_decorator
[2025-10-17T07:42:26.025+0000] {logging_mixin.py:154} INFO - [2025-10-17T07:42:26.025+0000] {dag.py:3722} INFO - Setting next_dagrun for example_short_circuit_decorator to 2025-10-16T07:42:26.025473+00:00, run_after=2025-10-17T07:42:26.025473+00:00
[2025-10-17T07:42:26.042+0000] {processor.py:179} INFO - Processing /home/airflow/.local/lib/python3.8/site-packages/airflow/example_dags/example_short_circuit_decorator.py took 0.197 seconds
[2025-10-17T07:42:56.106+0000] {processor.py:157} INFO - Started process (PID=110) to work on /home/airflow/.local/lib/python3.8/site-packages/airflow/example_dags/example_short_circuit_decorator.py
[2025-10-17T07:42:56.107+0000] {processor.py:829} INFO - Processing file /home/airflow/.local/lib/python3.8/site-packages/airflow/example_dags/example_short_circuit_decorator.py for tasks to queue
[2025-10-17T07:42:56.109+0000] {logging_mixin.py:154} INFO - [2025-10-17T07:42:56.109+0000] {dagbag.py:536} INFO - Filling up the DagBag from /home/airflow/.local/lib/python3.8/site-packages/airflow/example_dags/example_short_circuit_decorator.py
[2025-10-17T07:42:56.117+0000] {processor.py:839} INFO - DAG(s) dict_keys(['example_short_circuit_decorator']) retrieved from /home/airflow/.local/lib/python3.8/site-packages/airflow/example_dags/example_short_circuit_decorator.py
[2025-10-17T07:42:56.135+0000] {logging_mixin.py:154} INFO - [2025-10-17T07:42:56.135+0000] {dag.py:2941} INFO - Sync 1 DAGs
[2025-10-17T07:42:56.154+0000] {logging_mixin.py:154} INFO - [2025-10-17T07:42:56.154+0000] {dag.py:3722} INFO - Setting next_dagrun for example_short_circuit_decorator to 2025-10-16T07:42:56.154086+00:00, run_after=2025-10-17T07:42:56.154086+00:00
[2025-10-17T07:42:56.173+0000] {processor.py:179} INFO - Processing /home/airflow/.local/lib/python3.8/site-packages/airflow/example_dags/example_short_circuit_decorator.py took 0.070 seconds
[2025-10-17T07:44:23.409+0000] {processor.py:157} INFO - Started process (PID=56) to work on /home/airflow/.local/lib/python3.8/site-packages/airflow/example_dags/example_short_circuit_decorator.py
[2025-10-17T07:44:23.410+0000] {processor.py:829} INFO - Processing file /home/airflow/.local/lib/python3.8/site-packages/airflow/example_dags/example_short_circuit_decorator.py for tasks to queue
[2025-10-17T07:44:23.413+0000] {logging_mixin.py:154} INFO - [2025-10-17T07:44:23.412+0000] {dagbag.py:536} INFO - Filling up the DagBag from /home/airflow/.local/lib/python3.8/site-packages/airflow/example_dags/example_short_circuit_decorator.py
[2025-10-17T07:44:23.424+0000] {processor.py:839} INFO - DAG(s) dict_keys(['example_short_circuit_decorator']) retrieved from /home/airflow/.local/lib/python3.8/site-packages/airflow/example_dags/example_short_circuit_decorator.py
[2025-10-17T07:44:23.543+0000] {logging_mixin.py:154} INFO - [2025-10-17T07:44:23.542+0000] {manager.py:499} INFO - Created Permission View: %s
[2025-10-17T07:44:23.553+0000] {logging_mixin.py:154} INFO - [2025-10-17T07:44:23.553+0000] {manager.py:499} INFO - Created Permission View: %s
[2025-10-17T07:44:23.562+0000] {logging_mixin.py:154} INFO - [2025-10-17T07:44:23.561+0000] {manager.py:499} INFO - Created Permission View: %s
[2025-10-17T07:44:23.562+0000] {logging_mixin.py:154} INFO - [2025-10-17T07:44:23.562+0000] {dag.py:2941} INFO - Sync 1 DAGs
[2025-10-17T07:44:23.572+0000] {logging_mixin.py:154} INFO - [2025-10-17T07:44:23.571+0000] {dag.py:2963} INFO - Creating ORM DAG for example_short_circuit_decorator
[2025-10-17T07:44:23.583+0000] {logging_mixin.py:154} INFO - [2025-10-17T07:44:23.582+0000] {dag.py:3722} INFO - Setting next_dagrun for example_short_circuit_decorator to 2025-10-16T07:44:23.582516+00:00, run_after=2025-10-17T07:44:23.582516+00:00
[2025-10-17T07:44:23.601+0000] {processor.py:179} INFO - Processing /home/airflow/.local/lib/python3.8/site-packages/airflow/example_dags/example_short_circuit_decorator.py took 0.195 seconds
[2025-10-17T07:44:35.219+0000] {processor.py:157} INFO - Started process (PID=48) to work on /home/airflow/.local/lib/python3.8/site-packages/airflow/example_dags/example_short_circuit_decorator.py
[2025-10-17T07:44:35.220+0000] {processor.py:829} INFO - Processing file /home/airflow/.local/lib/python3.8/site-packages/airflow/example_dags/example_short_circuit_decorator.py for tasks to queue
[2025-10-17T07:44:35.222+0000] {logging_mixin.py:154} INFO - [2025-10-17T07:44:35.222+0000] {dagbag.py:536} INFO - Filling up the DagBag from /home/airflow/.local/lib/python3.8/site-packages/airflow/example_dags/example_short_circuit_decorator.py
[2025-10-17T07:44:35.231+0000] {processor.py:839} INFO - DAG(s) dict_keys(['example_short_circuit_decorator']) retrieved from /home/airflow/.local/lib/python3.8/site-packages/airflow/example_dags/example_short_circuit_decorator.py
[2025-10-17T07:44:35.244+0000] {logging_mixin.py:154} INFO - [2025-10-17T07:44:35.243+0000] {dag.py:2941} INFO - Sync 1 DAGs
[2025-10-17T07:44:35.265+0000] {logging_mixin.py:154} INFO - [2025-10-17T07:44:35.265+0000] {dag.py:3722} INFO - Setting next_dagrun for example_short_circuit_decorator to 2025-10-16T07:44:35.265073+00:00, run_after=2025-10-17T07:44:35.265073+00:00
[2025-10-17T07:44:35.282+0000] {processor.py:179} INFO - Processing /home/airflow/.local/lib/python3.8/site-packages/airflow/example_dags/example_short_circuit_decorator.py took 0.066 seconds
[2025-10-17T07:45:05.787+0000] {processor.py:157} INFO - Started process (PID=103) to work on /home/airflow/.local/lib/python3.8/site-packages/airflow/example_dags/example_short_circuit_decorator.py
[2025-10-17T07:45:05.788+0000] {processor.py:829} INFO - Processing file /home/airflow/.local/lib/python3.8/site-packages/airflow/example_dags/example_short_circuit_decorator.py for tasks to queue
[2025-10-17T07:45:05.790+0000] {logging_mixin.py:154} INFO - [2025-10-17T07:45:05.790+0000] {dagbag.py:536} INFO - Filling up the DagBag from /home/airflow/.local/lib/python3.8/site-packages/airflow/example_dags/example_short_circuit_decorator.py
[2025-10-17T07:45:05.798+0000] {processor.py:839} INFO - DAG(s) dict_keys(['example_short_circuit_decorator']) retrieved from /home/airflow/.local/lib/python3.8/site-packages/airflow/example_dags/example_short_circuit_decorator.py
[2025-10-17T07:45:05.820+0000] {logging_mixin.py:154} INFO - [2025-10-17T07:45:05.820+0000] {dag.py:2941} INFO - Sync 1 DAGs
[2025-10-17T07:45:05.840+0000] {logging_mixin.py:154} INFO - [2025-10-17T07:45:05.840+0000] {dag.py:3722} INFO - Setting next_dagrun for example_short_circuit_decorator to 2025-10-16T07:45:05.840238+00:00, run_after=2025-10-17T07:45:05.840238+00:00
[2025-10-17T07:45:05.858+0000] {processor.py:179} INFO - Processing /home/airflow/.local/lib/python3.8/site-packages/airflow/example_dags/example_short_circuit_decorator.py took 0.074 seconds
[2025-10-17T07:46:18.083+0000] {processor.py:157} INFO - Started process (PID=56) to work on /home/airflow/.local/lib/python3.8/site-packages/airflow/example_dags/example_short_circuit_decorator.py
[2025-10-17T07:46:18.085+0000] {processor.py:829} INFO - Processing file /home/airflow/.local/lib/python3.8/site-packages/airflow/example_dags/example_short_circuit_decorator.py for tasks to queue
[2025-10-17T07:46:18.087+0000] {logging_mixin.py:154} INFO - [2025-10-17T07:46:18.086+0000] {dagbag.py:536} INFO - Filling up the DagBag from /home/airflow/.local/lib/python3.8/site-packages/airflow/example_dags/example_short_circuit_decorator.py
[2025-10-17T07:46:18.099+0000] {processor.py:839} INFO - DAG(s) dict_keys(['example_short_circuit_decorator']) retrieved from /home/airflow/.local/lib/python3.8/site-packages/airflow/example_dags/example_short_circuit_decorator.py
[2025-10-17T07:46:18.207+0000] {logging_mixin.py:154} INFO - [2025-10-17T07:46:18.207+0000] {manager.py:499} INFO - Created Permission View: %s
[2025-10-17T07:46:18.217+0000] {logging_mixin.py:154} INFO - [2025-10-17T07:46:18.217+0000] {manager.py:499} INFO - Created Permission View: %s
[2025-10-17T07:46:18.223+0000] {logging_mixin.py:154} INFO - [2025-10-17T07:46:18.223+0000] {manager.py:499} INFO - Created Permission View: %s
[2025-10-17T07:46:18.224+0000] {logging_mixin.py:154} INFO - [2025-10-17T07:46:18.223+0000] {dag.py:2941} INFO - Sync 1 DAGs
[2025-10-17T07:46:18.234+0000] {logging_mixin.py:154} INFO - [2025-10-17T07:46:18.234+0000] {dag.py:2963} INFO - Creating ORM DAG for example_short_circuit_decorator
[2025-10-17T07:46:18.245+0000] {logging_mixin.py:154} INFO - [2025-10-17T07:46:18.245+0000] {dag.py:3722} INFO - Setting next_dagrun for example_short_circuit_decorator to 2025-10-16T07:46:18.245014+00:00, run_after=2025-10-17T07:46:18.245014+00:00
[2025-10-17T07:46:18.262+0000] {processor.py:179} INFO - Processing /home/airflow/.local/lib/python3.8/site-packages/airflow/example_dags/example_short_circuit_decorator.py took 0.182 seconds
[2025-10-17T07:46:48.477+0000] {processor.py:157} INFO - Started process (PID=110) to work on /home/airflow/.local/lib/python3.8/site-packages/airflow/example_dags/example_short_circuit_decorator.py
[2025-10-17T07:46:48.479+0000] {processor.py:829} INFO - Processing file /home/airflow/.local/lib/python3.8/site-packages/airflow/example_dags/example_short_circuit_decorator.py for tasks to queue
[2025-10-17T07:46:48.481+0000] {logging_mixin.py:154} INFO - [2025-10-17T07:46:48.480+0000] {dagbag.py:536} INFO - Filling up the DagBag from /home/airflow/.local/lib/python3.8/site-packages/airflow/example_dags/example_short_circuit_decorator.py
[2025-10-17T07:46:48.488+0000] {processor.py:839} INFO - DAG(s) dict_keys(['example_short_circuit_decorator']) retrieved from /home/airflow/.local/lib/python3.8/site-packages/airflow/example_dags/example_short_circuit_decorator.py
[2025-10-17T07:46:48.510+0000] {logging_mixin.py:154} INFO - [2025-10-17T07:46:48.509+0000] {dag.py:2941} INFO - Sync 1 DAGs
[2025-10-17T07:46:48.528+0000] {logging_mixin.py:154} INFO - [2025-10-17T07:46:48.528+0000] {dag.py:3722} INFO - Setting next_dagrun for example_short_circuit_decorator to 2025-10-16T07:46:48.528131+00:00, run_after=2025-10-17T07:46:48.528131+00:00
[2025-10-17T07:46:48.545+0000] {processor.py:179} INFO - Processing /home/airflow/.local/lib/python3.8/site-packages/airflow/example_dags/example_short_circuit_decorator.py took 0.071 seconds
[2025-10-17T07:47:19.174+0000] {processor.py:157} INFO - Started process (PID=166) to work on /home/airflow/.local/lib/python3.8/site-packages/airflow/example_dags/example_short_circuit_decorator.py
[2025-10-17T07:47:19.176+0000] {processor.py:829} INFO - Processing file /home/airflow/.local/lib/python3.8/site-packages/airflow/example_dags/example_short_circuit_decorator.py for tasks to queue
[2025-10-17T07:47:19.182+0000] {logging_mixin.py:154} INFO - [2025-10-17T07:47:19.181+0000] {dagbag.py:536} INFO - Filling up the DagBag from /home/airflow/.local/lib/python3.8/site-packages/airflow/example_dags/example_short_circuit_decorator.py
[2025-10-17T07:47:19.199+0000] {processor.py:839} INFO - DAG(s) dict_keys(['example_short_circuit_decorator']) retrieved from /home/airflow/.local/lib/python3.8/site-packages/airflow/example_dags/example_short_circuit_decorator.py
[2025-10-17T07:47:19.231+0000] {logging_mixin.py:154} INFO - [2025-10-17T07:47:19.230+0000] {dag.py:2941} INFO - Sync 1 DAGs
[2025-10-17T07:47:19.258+0000] {logging_mixin.py:154} INFO - [2025-10-17T07:47:19.257+0000] {dag.py:3722} INFO - Setting next_dagrun for example_short_circuit_decorator to 2025-10-16T07:47:19.257433+00:00, run_after=2025-10-17T07:47:19.257433+00:00
[2025-10-17T07:47:19.285+0000] {processor.py:179} INFO - Processing /home/airflow/.local/lib/python3.8/site-packages/airflow/example_dags/example_short_circuit_decorator.py took 0.117 seconds
[2025-10-17T07:47:49.646+0000] {processor.py:157} INFO - Started process (PID=222) to work on /home/airflow/.local/lib/python3.8/site-packages/airflow/example_dags/example_short_circuit_decorator.py
[2025-10-17T07:47:49.647+0000] {processor.py:829} INFO - Processing file /home/airflow/.local/lib/python3.8/site-packages/airflow/example_dags/example_short_circuit_decorator.py for tasks to queue
[2025-10-17T07:47:49.650+0000] {logging_mixin.py:154} INFO - [2025-10-17T07:47:49.649+0000] {dagbag.py:536} INFO - Filling up the DagBag from /home/airflow/.local/lib/python3.8/site-packages/airflow/example_dags/example_short_circuit_decorator.py
[2025-10-17T07:47:49.657+0000] {processor.py:839} INFO - DAG(s) dict_keys(['example_short_circuit_decorator']) retrieved from /home/airflow/.local/lib/python3.8/site-packages/airflow/example_dags/example_short_circuit_decorator.py
[2025-10-17T07:47:49.678+0000] {logging_mixin.py:154} INFO - [2025-10-17T07:47:49.677+0000] {dag.py:2941} INFO - Sync 1 DAGs
[2025-10-17T07:47:49.697+0000] {logging_mixin.py:154} INFO - [2025-10-17T07:47:49.697+0000] {dag.py:3722} INFO - Setting next_dagrun for example_short_circuit_decorator to 2025-10-16T07:47:49.697075+00:00, run_after=2025-10-17T07:47:49.697075+00:00
[2025-10-17T07:47:49.715+0000] {processor.py:179} INFO - Processing /home/airflow/.local/lib/python3.8/site-packages/airflow/example_dags/example_short_circuit_decorator.py took 0.072 seconds
[2025-10-17T07:48:20.192+0000] {processor.py:157} INFO - Started process (PID=278) to work on /home/airflow/.local/lib/python3.8/site-packages/airflow/example_dags/example_short_circuit_decorator.py
[2025-10-17T07:48:20.194+0000] {processor.py:829} INFO - Processing file /home/airflow/.local/lib/python3.8/site-packages/airflow/example_dags/example_short_circuit_decorator.py for tasks to queue
[2025-10-17T07:48:20.196+0000] {logging_mixin.py:154} INFO - [2025-10-17T07:48:20.196+0000] {dagbag.py:536} INFO - Filling up the DagBag from /home/airflow/.local/lib/python3.8/site-packages/airflow/example_dags/example_short_circuit_decorator.py
[2025-10-17T07:48:20.204+0000] {processor.py:839} INFO - DAG(s) dict_keys(['example_short_circuit_decorator']) retrieved from /home/airflow/.local/lib/python3.8/site-packages/airflow/example_dags/example_short_circuit_decorator.py
[2025-10-17T07:48:20.225+0000] {logging_mixin.py:154} INFO - [2025-10-17T07:48:20.225+0000] {dag.py:2941} INFO - Sync 1 DAGs
[2025-10-17T07:48:20.245+0000] {logging_mixin.py:154} INFO - [2025-10-17T07:48:20.245+0000] {dag.py:3722} INFO - Setting next_dagrun for example_short_circuit_decorator to 2025-10-16T07:48:20.245126+00:00, run_after=2025-10-17T07:48:20.245126+00:00
[2025-10-17T07:48:20.263+0000] {processor.py:179} INFO - Processing /home/airflow/.local/lib/python3.8/site-packages/airflow/example_dags/example_short_circuit_decorator.py took 0.074 seconds
[2025-10-17T07:48:50.400+0000] {processor.py:157} INFO - Started process (PID=334) to work on /home/airflow/.local/lib/python3.8/site-packages/airflow/example_dags/example_short_circuit_decorator.py
[2025-10-17T07:48:50.401+0000] {processor.py:829} INFO - Processing file /home/airflow/.local/lib/python3.8/site-packages/airflow/example_dags/example_short_circuit_decorator.py for tasks to queue
[2025-10-17T07:48:50.403+0000] {logging_mixin.py:154} INFO - [2025-10-17T07:48:50.403+0000] {dagbag.py:536} INFO - Filling up the DagBag from /home/airflow/.local/lib/python3.8/site-packages/airflow/example_dags/example_short_circuit_decorator.py
[2025-10-17T07:48:50.411+0000] {processor.py:839} INFO - DAG(s) dict_keys(['example_short_circuit_decorator']) retrieved from /home/airflow/.local/lib/python3.8/site-packages/airflow/example_dags/example_short_circuit_decorator.py
[2025-10-17T07:48:50.432+0000] {logging_mixin.py:154} INFO - [2025-10-17T07:48:50.432+0000] {dag.py:2941} INFO - Sync 1 DAGs
[2025-10-17T07:48:50.451+0000] {logging_mixin.py:154} INFO - [2025-10-17T07:48:50.451+0000] {dag.py:3722} INFO - Setting next_dagrun for example_short_circuit_decorator to 2025-10-16T07:48:50.451191+00:00, run_after=2025-10-17T07:48:50.451191+00:00
[2025-10-17T07:48:50.469+0000] {processor.py:179} INFO - Processing /home/airflow/.local/lib/python3.8/site-packages/airflow/example_dags/example_short_circuit_decorator.py took 0.072 seconds
[2025-10-17T07:49:20.936+0000] {processor.py:157} INFO - Started process (PID=390) to work on /home/airflow/.local/lib/python3.8/site-packages/airflow/example_dags/example_short_circuit_decorator.py
[2025-10-17T07:49:20.937+0000] {processor.py:829} INFO - Processing file /home/airflow/.local/lib/python3.8/site-packages/airflow/example_dags/example_short_circuit_decorator.py for tasks to queue
[2025-10-17T07:49:20.939+0000] {logging_mixin.py:154} INFO - [2025-10-17T07:49:20.939+0000] {dagbag.py:536} INFO - Filling up the DagBag from /home/airflow/.local/lib/python3.8/site-packages/airflow/example_dags/example_short_circuit_decorator.py
[2025-10-17T07:49:20.947+0000] {processor.py:839} INFO - DAG(s) dict_keys(['example_short_circuit_decorator']) retrieved from /home/airflow/.local/lib/python3.8/site-packages/airflow/example_dags/example_short_circuit_decorator.py
[2025-10-17T07:49:20.967+0000] {logging_mixin.py:154} INFO - [2025-10-17T07:49:20.967+0000] {dag.py:2941} INFO - Sync 1 DAGs
[2025-10-17T07:49:20.988+0000] {logging_mixin.py:154} INFO - [2025-10-17T07:49:20.988+0000] {dag.py:3722} INFO - Setting next_dagrun for example_short_circuit_decorator to 2025-10-16T07:49:20.988157+00:00, run_after=2025-10-17T07:49:20.988157+00:00
[2025-10-17T07:49:21.003+0000] {processor.py:179} INFO - Processing /home/airflow/.local/lib/python3.8/site-packages/airflow/example_dags/example_short_circuit_decorator.py took 0.071 seconds
[2025-10-17T07:49:51.430+0000] {processor.py:157} INFO - Started process (PID=446) to work on /home/airflow/.local/lib/python3.8/site-packages/airflow/example_dags/example_short_circuit_decorator.py
[2025-10-17T07:49:51.431+0000] {processor.py:829} INFO - Processing file /home/airflow/.local/lib/python3.8/site-packages/airflow/example_dags/example_short_circuit_decorator.py for tasks to queue
[2025-10-17T07:49:51.433+0000] {logging_mixin.py:154} INFO - [2025-10-17T07:49:51.433+0000] {dagbag.py:536} INFO - Filling up the DagBag from /home/airflow/.local/lib/python3.8/site-packages/airflow/example_dags/example_short_circuit_decorator.py
[2025-10-17T07:49:51.443+0000] {processor.py:839} INFO - DAG(s) dict_keys(['example_short_circuit_decorator']) retrieved from /home/airflow/.local/lib/python3.8/site-packages/airflow/example_dags/example_short_circuit_decorator.py
[2025-10-17T07:49:51.469+0000] {logging_mixin.py:154} INFO - [2025-10-17T07:49:51.469+0000] {dag.py:2941} INFO - Sync 1 DAGs
[2025-10-17T07:49:51.497+0000] {logging_mixin.py:154} INFO - [2025-10-17T07:49:51.497+0000] {dag.py:3722} INFO - Setting next_dagrun for example_short_circuit_decorator to 2025-10-16T07:49:51.496540+00:00, run_after=2025-10-17T07:49:51.496540+00:00
[2025-10-17T07:49:51.526+0000] {processor.py:179} INFO - Processing /home/airflow/.local/lib/python3.8/site-packages/airflow/example_dags/example_short_circuit_decorator.py took 0.100 seconds
[2025-10-17T07:50:21.614+0000] {processor.py:157} INFO - Started process (PID=502) to work on /home/airflow/.local/lib/python3.8/site-packages/airflow/example_dags/example_short_circuit_decorator.py
[2025-10-17T07:50:21.615+0000] {processor.py:829} INFO - Processing file /home/airflow/.local/lib/python3.8/site-packages/airflow/example_dags/example_short_circuit_decorator.py for tasks to queue
[2025-10-17T07:50:21.618+0000] {logging_mixin.py:154} INFO - [2025-10-17T07:50:21.617+0000] {dagbag.py:536} INFO - Filling up the DagBag from /home/airflow/.local/lib/python3.8/site-packages/airflow/example_dags/example_short_circuit_decorator.py
[2025-10-17T07:50:21.625+0000] {processor.py:839} INFO - DAG(s) dict_keys(['example_short_circuit_decorator']) retrieved from /home/airflow/.local/lib/python3.8/site-packages/airflow/example_dags/example_short_circuit_decorator.py
[2025-10-17T07:50:21.648+0000] {logging_mixin.py:154} INFO - [2025-10-17T07:50:21.648+0000] {dag.py:2941} INFO - Sync 1 DAGs
[2025-10-17T07:50:21.666+0000] {logging_mixin.py:154} INFO - [2025-10-17T07:50:21.666+0000] {dag.py:3722} INFO - Setting next_dagrun for example_short_circuit_decorator to 2025-10-16T07:50:21.666521+00:00, run_after=2025-10-17T07:50:21.666521+00:00
[2025-10-17T07:50:21.684+0000] {processor.py:179} INFO - Processing /home/airflow/.local/lib/python3.8/site-packages/airflow/example_dags/example_short_circuit_decorator.py took 0.075 seconds
[2025-10-17T07:50:51.730+0000] {processor.py:157} INFO - Started process (PID=557) to work on /home/airflow/.local/lib/python3.8/site-packages/airflow/example_dags/example_short_circuit_decorator.py
[2025-10-17T07:50:51.732+0000] {processor.py:829} INFO - Processing file /home/airflow/.local/lib/python3.8/site-packages/airflow/example_dags/example_short_circuit_decorator.py for tasks to queue
[2025-10-17T07:50:51.734+0000] {logging_mixin.py:154} INFO - [2025-10-17T07:50:51.734+0000] {dagbag.py:536} INFO - Filling up the DagBag from /home/airflow/.local/lib/python3.8/site-packages/airflow/example_dags/example_short_circuit_decorator.py
[2025-10-17T07:50:51.742+0000] {processor.py:839} INFO - DAG(s) dict_keys(['example_short_circuit_decorator']) retrieved from /home/airflow/.local/lib/python3.8/site-packages/airflow/example_dags/example_short_circuit_decorator.py
[2025-10-17T07:50:51.762+0000] {logging_mixin.py:154} INFO - [2025-10-17T07:50:51.762+0000] {dag.py:2941} INFO - Sync 1 DAGs
[2025-10-17T07:50:51.781+0000] {logging_mixin.py:154} INFO - [2025-10-17T07:50:51.781+0000] {dag.py:3722} INFO - Setting next_dagrun for example_short_circuit_decorator to 2025-10-16T07:50:51.781134+00:00, run_after=2025-10-17T07:50:51.781134+00:00
[2025-10-17T07:50:51.800+0000] {processor.py:179} INFO - Processing /home/airflow/.local/lib/python3.8/site-packages/airflow/example_dags/example_short_circuit_decorator.py took 0.074 seconds
[2025-10-17T07:51:22.234+0000] {processor.py:157} INFO - Started process (PID=614) to work on /home/airflow/.local/lib/python3.8/site-packages/airflow/example_dags/example_short_circuit_decorator.py
[2025-10-17T07:51:22.235+0000] {processor.py:829} INFO - Processing file /home/airflow/.local/lib/python3.8/site-packages/airflow/example_dags/example_short_circuit_decorator.py for tasks to queue
[2025-10-17T07:51:22.237+0000] {logging_mixin.py:154} INFO - [2025-10-17T07:51:22.237+0000] {dagbag.py:536} INFO - Filling up the DagBag from /home/airflow/.local/lib/python3.8/site-packages/airflow/example_dags/example_short_circuit_decorator.py
[2025-10-17T07:51:22.244+0000] {processor.py:839} INFO - DAG(s) dict_keys(['example_short_circuit_decorator']) retrieved from /home/airflow/.local/lib/python3.8/site-packages/airflow/example_dags/example_short_circuit_decorator.py
[2025-10-17T07:51:22.264+0000] {logging_mixin.py:154} INFO - [2025-10-17T07:51:22.264+0000] {dag.py:2941} INFO - Sync 1 DAGs
[2025-10-17T07:51:22.282+0000] {logging_mixin.py:154} INFO - [2025-10-17T07:51:22.282+0000] {dag.py:3722} INFO - Setting next_dagrun for example_short_circuit_decorator to 2025-10-16T07:51:22.282014+00:00, run_after=2025-10-17T07:51:22.282014+00:00
[2025-10-17T07:51:22.303+0000] {processor.py:179} INFO - Processing /home/airflow/.local/lib/python3.8/site-packages/airflow/example_dags/example_short_circuit_decorator.py took 0.072 seconds
[2025-10-17T07:51:52.877+0000] {processor.py:157} INFO - Started process (PID=677) to work on /home/airflow/.local/lib/python3.8/site-packages/airflow/example_dags/example_short_circuit_decorator.py
[2025-10-17T07:51:52.878+0000] {processor.py:829} INFO - Processing file /home/airflow/.local/lib/python3.8/site-packages/airflow/example_dags/example_short_circuit_decorator.py for tasks to queue
[2025-10-17T07:51:52.882+0000] {logging_mixin.py:154} INFO - [2025-10-17T07:51:52.881+0000] {dagbag.py:536} INFO - Filling up the DagBag from /home/airflow/.local/lib/python3.8/site-packages/airflow/example_dags/example_short_circuit_decorator.py
[2025-10-17T07:51:52.890+0000] {processor.py:839} INFO - DAG(s) dict_keys(['example_short_circuit_decorator']) retrieved from /home/airflow/.local/lib/python3.8/site-packages/airflow/example_dags/example_short_circuit_decorator.py
[2025-10-17T07:51:52.920+0000] {logging_mixin.py:154} INFO - [2025-10-17T07:51:52.920+0000] {dag.py:2941} INFO - Sync 1 DAGs
[2025-10-17T07:51:52.945+0000] {logging_mixin.py:154} INFO - [2025-10-17T07:51:52.945+0000] {dag.py:3722} INFO - Setting next_dagrun for example_short_circuit_decorator to 2025-10-16T07:51:52.944753+00:00, run_after=2025-10-17T07:51:52.944753+00:00
[2025-10-17T07:51:52.969+0000] {processor.py:179} INFO - Processing /home/airflow/.local/lib/python3.8/site-packages/airflow/example_dags/example_short_circuit_decorator.py took 0.096 seconds
[2025-10-17T08:08:49.791+0000] {processor.py:157} INFO - Started process (PID=56) to work on /home/airflow/.local/lib/python3.8/site-packages/airflow/example_dags/example_short_circuit_decorator.py
[2025-10-17T08:08:49.793+0000] {processor.py:829} INFO - Processing file /home/airflow/.local/lib/python3.8/site-packages/airflow/example_dags/example_short_circuit_decorator.py for tasks to queue
[2025-10-17T08:08:49.797+0000] {logging_mixin.py:154} INFO - [2025-10-17T08:08:49.797+0000] {dagbag.py:536} INFO - Filling up the DagBag from /home/airflow/.local/lib/python3.8/site-packages/airflow/example_dags/example_short_circuit_decorator.py
[2025-10-17T08:08:49.819+0000] {processor.py:839} INFO - DAG(s) dict_keys(['example_short_circuit_decorator']) retrieved from /home/airflow/.local/lib/python3.8/site-packages/airflow/example_dags/example_short_circuit_decorator.py
[2025-10-17T08:08:50.006+0000] {logging_mixin.py:154} INFO - [2025-10-17T08:08:50.005+0000] {manager.py:499} INFO - Created Permission View: %s
[2025-10-17T08:08:50.020+0000] {logging_mixin.py:154} INFO - [2025-10-17T08:08:50.020+0000] {manager.py:499} INFO - Created Permission View: %s
[2025-10-17T08:08:50.029+0000] {logging_mixin.py:154} INFO - [2025-10-17T08:08:50.029+0000] {manager.py:499} INFO - Created Permission View: %s
[2025-10-17T08:08:50.030+0000] {logging_mixin.py:154} INFO - [2025-10-17T08:08:50.030+0000] {dag.py:2941} INFO - Sync 1 DAGs
[2025-10-17T08:08:50.043+0000] {logging_mixin.py:154} INFO - [2025-10-17T08:08:50.043+0000] {dag.py:2963} INFO - Creating ORM DAG for example_short_circuit_decorator
[2025-10-17T08:08:50.059+0000] {logging_mixin.py:154} INFO - [2025-10-17T08:08:50.059+0000] {dag.py:3722} INFO - Setting next_dagrun for example_short_circuit_decorator to 2025-10-16T08:08:50.058449+00:00, run_after=2025-10-17T08:08:50.058449+00:00
[2025-10-17T08:08:50.083+0000] {processor.py:179} INFO - Processing /home/airflow/.local/lib/python3.8/site-packages/airflow/example_dags/example_short_circuit_decorator.py took 0.297 seconds
[2025-10-17T08:09:20.909+0000] {processor.py:157} INFO - Started process (PID=111) to work on /home/airflow/.local/lib/python3.8/site-packages/airflow/example_dags/example_short_circuit_decorator.py
[2025-10-17T08:09:20.911+0000] {processor.py:829} INFO - Processing file /home/airflow/.local/lib/python3.8/site-packages/airflow/example_dags/example_short_circuit_decorator.py for tasks to queue
[2025-10-17T08:09:20.914+0000] {logging_mixin.py:154} INFO - [2025-10-17T08:09:20.913+0000] {dagbag.py:536} INFO - Filling up the DagBag from /home/airflow/.local/lib/python3.8/site-packages/airflow/example_dags/example_short_circuit_decorator.py
[2025-10-17T08:09:20.923+0000] {processor.py:839} INFO - DAG(s) dict_keys(['example_short_circuit_decorator']) retrieved from /home/airflow/.local/lib/python3.8/site-packages/airflow/example_dags/example_short_circuit_decorator.py
[2025-10-17T08:09:20.951+0000] {logging_mixin.py:154} INFO - [2025-10-17T08:09:20.950+0000] {dag.py:2941} INFO - Sync 1 DAGs
[2025-10-17T08:09:20.980+0000] {logging_mixin.py:154} INFO - [2025-10-17T08:09:20.980+0000] {dag.py:3722} INFO - Setting next_dagrun for example_short_circuit_decorator to 2025-10-16T08:09:20.980087+00:00, run_after=2025-10-17T08:09:20.980087+00:00
[2025-10-17T08:09:21.011+0000] {processor.py:179} INFO - Processing /home/airflow/.local/lib/python3.8/site-packages/airflow/example_dags/example_short_circuit_decorator.py took 0.105 seconds
[2025-10-17T08:09:51.116+0000] {processor.py:157} INFO - Started process (PID=167) to work on /home/airflow/.local/lib/python3.8/site-packages/airflow/example_dags/example_short_circuit_decorator.py
[2025-10-17T08:09:51.118+0000] {processor.py:829} INFO - Processing file /home/airflow/.local/lib/python3.8/site-packages/airflow/example_dags/example_short_circuit_decorator.py for tasks to queue
[2025-10-17T08:09:51.122+0000] {logging_mixin.py:154} INFO - [2025-10-17T08:09:51.121+0000] {dagbag.py:536} INFO - Filling up the DagBag from /home/airflow/.local/lib/python3.8/site-packages/airflow/example_dags/example_short_circuit_decorator.py
[2025-10-17T08:09:51.135+0000] {processor.py:839} INFO - DAG(s) dict_keys(['example_short_circuit_decorator']) retrieved from /home/airflow/.local/lib/python3.8/site-packages/airflow/example_dags/example_short_circuit_decorator.py
[2025-10-17T08:09:51.167+0000] {logging_mixin.py:154} INFO - [2025-10-17T08:09:51.167+0000] {dag.py:2941} INFO - Sync 1 DAGs
[2025-10-17T08:09:51.194+0000] {logging_mixin.py:154} INFO - [2025-10-17T08:09:51.193+0000] {dag.py:3722} INFO - Setting next_dagrun for example_short_circuit_decorator to 2025-10-16T08:09:51.193629+00:00, run_after=2025-10-17T08:09:51.193629+00:00
[2025-10-17T08:09:51.223+0000] {processor.py:179} INFO - Processing /home/airflow/.local/lib/python3.8/site-packages/airflow/example_dags/example_short_circuit_decorator.py took 0.111 seconds
[2025-10-17T08:10:21.359+0000] {processor.py:157} INFO - Started process (PID=223) to work on /home/airflow/.local/lib/python3.8/site-packages/airflow/example_dags/example_short_circuit_decorator.py
[2025-10-17T08:10:21.362+0000] {processor.py:829} INFO - Processing file /home/airflow/.local/lib/python3.8/site-packages/airflow/example_dags/example_short_circuit_decorator.py for tasks to queue
[2025-10-17T08:10:21.367+0000] {logging_mixin.py:154} INFO - [2025-10-17T08:10:21.367+0000] {dagbag.py:536} INFO - Filling up the DagBag from /home/airflow/.local/lib/python3.8/site-packages/airflow/example_dags/example_short_circuit_decorator.py
[2025-10-17T08:10:21.378+0000] {processor.py:839} INFO - DAG(s) dict_keys(['example_short_circuit_decorator']) retrieved from /home/airflow/.local/lib/python3.8/site-packages/airflow/example_dags/example_short_circuit_decorator.py
[2025-10-17T08:10:21.413+0000] {logging_mixin.py:154} INFO - [2025-10-17T08:10:21.413+0000] {dag.py:2941} INFO - Sync 1 DAGs
[2025-10-17T08:10:21.443+0000] {logging_mixin.py:154} INFO - [2025-10-17T08:10:21.443+0000] {dag.py:3722} INFO - Setting next_dagrun for example_short_circuit_decorator to 2025-10-16T08:10:21.443289+00:00, run_after=2025-10-17T08:10:21.443289+00:00
[2025-10-17T08:10:21.474+0000] {processor.py:179} INFO - Processing /home/airflow/.local/lib/python3.8/site-packages/airflow/example_dags/example_short_circuit_decorator.py took 0.120 seconds
[2025-10-17T08:10:52.059+0000] {processor.py:157} INFO - Started process (PID=279) to work on /home/airflow/.local/lib/python3.8/site-packages/airflow/example_dags/example_short_circuit_decorator.py
[2025-10-17T08:10:52.060+0000] {processor.py:829} INFO - Processing file /home/airflow/.local/lib/python3.8/site-packages/airflow/example_dags/example_short_circuit_decorator.py for tasks to queue
[2025-10-17T08:10:52.062+0000] {logging_mixin.py:154} INFO - [2025-10-17T08:10:52.061+0000] {dagbag.py:536} INFO - Filling up the DagBag from /home/airflow/.local/lib/python3.8/site-packages/airflow/example_dags/example_short_circuit_decorator.py
[2025-10-17T08:10:52.070+0000] {processor.py:839} INFO - DAG(s) dict_keys(['example_short_circuit_decorator']) retrieved from /home/airflow/.local/lib/python3.8/site-packages/airflow/example_dags/example_short_circuit_decorator.py
[2025-10-17T08:10:52.094+0000] {logging_mixin.py:154} INFO - [2025-10-17T08:10:52.094+0000] {dag.py:2941} INFO - Sync 1 DAGs
[2025-10-17T08:10:52.121+0000] {logging_mixin.py:154} INFO - [2025-10-17T08:10:52.121+0000] {dag.py:3722} INFO - Setting next_dagrun for example_short_circuit_decorator to 2025-10-16T08:10:52.120935+00:00, run_after=2025-10-17T08:10:52.120935+00:00
[2025-10-17T08:10:52.138+0000] {processor.py:179} INFO - Processing /home/airflow/.local/lib/python3.8/site-packages/airflow/example_dags/example_short_circuit_decorator.py took 0.083 seconds
[2025-10-17T08:11:22.310+0000] {processor.py:157} INFO - Started process (PID=335) to work on /home/airflow/.local/lib/python3.8/site-packages/airflow/example_dags/example_short_circuit_decorator.py
[2025-10-17T08:11:22.311+0000] {processor.py:829} INFO - Processing file /home/airflow/.local/lib/python3.8/site-packages/airflow/example_dags/example_short_circuit_decorator.py for tasks to queue
[2025-10-17T08:11:22.315+0000] {logging_mixin.py:154} INFO - [2025-10-17T08:11:22.314+0000] {dagbag.py:536} INFO - Filling up the DagBag from /home/airflow/.local/lib/python3.8/site-packages/airflow/example_dags/example_short_circuit_decorator.py
[2025-10-17T08:11:22.324+0000] {processor.py:839} INFO - DAG(s) dict_keys(['example_short_circuit_decorator']) retrieved from /home/airflow/.local/lib/python3.8/site-packages/airflow/example_dags/example_short_circuit_decorator.py
[2025-10-17T08:11:22.350+0000] {logging_mixin.py:154} INFO - [2025-10-17T08:11:22.349+0000] {dag.py:2941} INFO - Sync 1 DAGs
[2025-10-17T08:11:22.385+0000] {logging_mixin.py:154} INFO - [2025-10-17T08:11:22.385+0000] {dag.py:3722} INFO - Setting next_dagrun for example_short_circuit_decorator to 2025-10-16T08:11:22.384650+00:00, run_after=2025-10-17T08:11:22.384650+00:00
[2025-10-17T08:11:22.433+0000] {processor.py:179} INFO - Processing /home/airflow/.local/lib/python3.8/site-packages/airflow/example_dags/example_short_circuit_decorator.py took 0.127 seconds
[2025-10-17T08:12:32.224+0000] {processor.py:157} INFO - Started process (PID=57) to work on /home/airflow/.local/lib/python3.8/site-packages/airflow/example_dags/example_short_circuit_decorator.py
[2025-10-17T08:12:32.225+0000] {processor.py:829} INFO - Processing file /home/airflow/.local/lib/python3.8/site-packages/airflow/example_dags/example_short_circuit_decorator.py for tasks to queue
[2025-10-17T08:12:32.227+0000] {logging_mixin.py:154} INFO - [2025-10-17T08:12:32.227+0000] {dagbag.py:536} INFO - Filling up the DagBag from /home/airflow/.local/lib/python3.8/site-packages/airflow/example_dags/example_short_circuit_decorator.py
[2025-10-17T08:12:32.238+0000] {processor.py:839} INFO - DAG(s) dict_keys(['example_short_circuit_decorator']) retrieved from /home/airflow/.local/lib/python3.8/site-packages/airflow/example_dags/example_short_circuit_decorator.py
[2025-10-17T08:12:32.353+0000] {logging_mixin.py:154} INFO - [2025-10-17T08:12:32.353+0000] {manager.py:499} INFO - Created Permission View: %s
[2025-10-17T08:12:32.364+0000] {logging_mixin.py:154} INFO - [2025-10-17T08:12:32.364+0000] {manager.py:499} INFO - Created Permission View: %s
[2025-10-17T08:12:32.373+0000] {logging_mixin.py:154} INFO - [2025-10-17T08:12:32.373+0000] {manager.py:499} INFO - Created Permission View: %s
[2025-10-17T08:12:32.373+0000] {logging_mixin.py:154} INFO - [2025-10-17T08:12:32.373+0000] {dag.py:2941} INFO - Sync 1 DAGs
[2025-10-17T08:12:32.386+0000] {logging_mixin.py:154} INFO - [2025-10-17T08:12:32.386+0000] {dag.py:2963} INFO - Creating ORM DAG for example_short_circuit_decorator
[2025-10-17T08:12:32.397+0000] {logging_mixin.py:154} INFO - [2025-10-17T08:12:32.397+0000] {dag.py:3722} INFO - Setting next_dagrun for example_short_circuit_decorator to 2025-10-16T08:12:32.396704+00:00, run_after=2025-10-17T08:12:32.396704+00:00
[2025-10-17T08:12:32.416+0000] {processor.py:179} INFO - Processing /home/airflow/.local/lib/python3.8/site-packages/airflow/example_dags/example_short_circuit_decorator.py took 0.195 seconds
[2025-10-17T08:13:02.660+0000] {processor.py:157} INFO - Started process (PID=112) to work on /home/airflow/.local/lib/python3.8/site-packages/airflow/example_dags/example_short_circuit_decorator.py
[2025-10-17T08:13:02.661+0000] {processor.py:829} INFO - Processing file /home/airflow/.local/lib/python3.8/site-packages/airflow/example_dags/example_short_circuit_decorator.py for tasks to queue
[2025-10-17T08:13:02.663+0000] {logging_mixin.py:154} INFO - [2025-10-17T08:13:02.663+0000] {dagbag.py:536} INFO - Filling up the DagBag from /home/airflow/.local/lib/python3.8/site-packages/airflow/example_dags/example_short_circuit_decorator.py
[2025-10-17T08:13:02.674+0000] {processor.py:839} INFO - DAG(s) dict_keys(['example_short_circuit_decorator']) retrieved from /home/airflow/.local/lib/python3.8/site-packages/airflow/example_dags/example_short_circuit_decorator.py
[2025-10-17T08:13:02.700+0000] {logging_mixin.py:154} INFO - [2025-10-17T08:13:02.700+0000] {dag.py:2941} INFO - Sync 1 DAGs
[2025-10-17T08:13:02.720+0000] {logging_mixin.py:154} INFO - [2025-10-17T08:13:02.720+0000] {dag.py:3722} INFO - Setting next_dagrun for example_short_circuit_decorator to 2025-10-16T08:13:02.720197+00:00, run_after=2025-10-17T08:13:02.720197+00:00
[2025-10-17T08:13:02.738+0000] {processor.py:179} INFO - Processing /home/airflow/.local/lib/python3.8/site-packages/airflow/example_dags/example_short_circuit_decorator.py took 0.082 seconds
[2025-10-17T08:13:33.346+0000] {processor.py:157} INFO - Started process (PID=168) to work on /home/airflow/.local/lib/python3.8/site-packages/airflow/example_dags/example_short_circuit_decorator.py
[2025-10-17T08:13:33.347+0000] {processor.py:829} INFO - Processing file /home/airflow/.local/lib/python3.8/site-packages/airflow/example_dags/example_short_circuit_decorator.py for tasks to queue
[2025-10-17T08:13:33.349+0000] {logging_mixin.py:154} INFO - [2025-10-17T08:13:33.349+0000] {dagbag.py:536} INFO - Filling up the DagBag from /home/airflow/.local/lib/python3.8/site-packages/airflow/example_dags/example_short_circuit_decorator.py
[2025-10-17T08:13:33.357+0000] {processor.py:839} INFO - DAG(s) dict_keys(['example_short_circuit_decorator']) retrieved from /home/airflow/.local/lib/python3.8/site-packages/airflow/example_dags/example_short_circuit_decorator.py
[2025-10-17T08:13:33.381+0000] {logging_mixin.py:154} INFO - [2025-10-17T08:13:33.381+0000] {dag.py:2941} INFO - Sync 1 DAGs
[2025-10-17T08:13:33.405+0000] {logging_mixin.py:154} INFO - [2025-10-17T08:13:33.404+0000] {dag.py:3722} INFO - Setting next_dagrun for example_short_circuit_decorator to 2025-10-16T08:13:33.404226+00:00, run_after=2025-10-17T08:13:33.404226+00:00
[2025-10-17T08:13:33.424+0000] {processor.py:179} INFO - Processing /home/airflow/.local/lib/python3.8/site-packages/airflow/example_dags/example_short_circuit_decorator.py took 0.082 seconds
