[2025-10-17T07:19:46.136+0000] {processor.py:157} INFO - Started process (PID=574) to work on /home/airflow/.local/lib/python3.8/site-packages/airflow/example_dags/example_latest_only_with_trigger.py
[2025-10-17T07:19:46.138+0000] {processor.py:829} INFO - Processing file /home/airflow/.local/lib/python3.8/site-packages/airflow/example_dags/example_latest_only_with_trigger.py for tasks to queue
[2025-10-17T07:19:46.144+0000] {logging_mixin.py:154} INFO - [2025-10-17T07:19:46.143+0000] {dagbag.py:536} INFO - Filling up the DagBag from /home/airflow/.local/lib/python3.8/site-packages/airflow/example_dags/example_latest_only_with_trigger.py
[2025-10-17T07:19:46.153+0000] {processor.py:839} INFO - DAG(s) dict_keys(['latest_only_with_trigger']) retrieved from /home/airflow/.local/lib/python3.8/site-packages/airflow/example_dags/example_latest_only_with_trigger.py
[2025-10-17T07:19:46.201+0000] {logging_mixin.py:154} INFO - [2025-10-17T07:19:46.201+0000] {dag.py:2941} INFO - Sync 1 DAGs
[2025-10-17T07:19:46.248+0000] {logging_mixin.py:154} INFO - [2025-10-17T07:19:46.248+0000] {dag.py:3722} INFO - Setting next_dagrun for latest_only_with_trigger to 2025-10-17T03:19:46.247809+00:00, run_after=2025-10-17T07:19:46.247809+00:00
[2025-10-17T07:19:46.301+0000] {processor.py:179} INFO - Processing /home/airflow/.local/lib/python3.8/site-packages/airflow/example_dags/example_latest_only_with_trigger.py took 0.170 seconds
[2025-10-17T07:20:16.460+0000] {processor.py:157} INFO - Started process (PID=630) to work on /home/airflow/.local/lib/python3.8/site-packages/airflow/example_dags/example_latest_only_with_trigger.py
[2025-10-17T07:20:16.462+0000] {processor.py:829} INFO - Processing file /home/airflow/.local/lib/python3.8/site-packages/airflow/example_dags/example_latest_only_with_trigger.py for tasks to queue
[2025-10-17T07:20:16.467+0000] {logging_mixin.py:154} INFO - [2025-10-17T07:20:16.466+0000] {dagbag.py:536} INFO - Filling up the DagBag from /home/airflow/.local/lib/python3.8/site-packages/airflow/example_dags/example_latest_only_with_trigger.py
[2025-10-17T07:20:16.473+0000] {processor.py:839} INFO - DAG(s) dict_keys(['latest_only_with_trigger']) retrieved from /home/airflow/.local/lib/python3.8/site-packages/airflow/example_dags/example_latest_only_with_trigger.py
[2025-10-17T07:20:16.496+0000] {logging_mixin.py:154} INFO - [2025-10-17T07:20:16.496+0000] {dag.py:2941} INFO - Sync 1 DAGs
[2025-10-17T07:20:16.518+0000] {logging_mixin.py:154} INFO - [2025-10-17T07:20:16.518+0000] {dag.py:3722} INFO - Setting next_dagrun for latest_only_with_trigger to 2025-10-17T03:20:16.518153+00:00, run_after=2025-10-17T07:20:16.518153+00:00
[2025-10-17T07:20:16.539+0000] {processor.py:179} INFO - Processing /home/airflow/.local/lib/python3.8/site-packages/airflow/example_dags/example_latest_only_with_trigger.py took 0.084 seconds
[2025-10-17T07:20:47.291+0000] {processor.py:157} INFO - Started process (PID=686) to work on /home/airflow/.local/lib/python3.8/site-packages/airflow/example_dags/example_latest_only_with_trigger.py
[2025-10-17T07:20:47.297+0000] {processor.py:829} INFO - Processing file /home/airflow/.local/lib/python3.8/site-packages/airflow/example_dags/example_latest_only_with_trigger.py for tasks to queue
[2025-10-17T07:20:47.310+0000] {logging_mixin.py:154} INFO - [2025-10-17T07:20:47.310+0000] {dagbag.py:536} INFO - Filling up the DagBag from /home/airflow/.local/lib/python3.8/site-packages/airflow/example_dags/example_latest_only_with_trigger.py
[2025-10-17T07:20:47.335+0000] {processor.py:839} INFO - DAG(s) dict_keys(['latest_only_with_trigger']) retrieved from /home/airflow/.local/lib/python3.8/site-packages/airflow/example_dags/example_latest_only_with_trigger.py
[2025-10-17T07:20:47.415+0000] {logging_mixin.py:154} INFO - [2025-10-17T07:20:47.414+0000] {dag.py:2941} INFO - Sync 1 DAGs
[2025-10-17T07:20:47.479+0000] {logging_mixin.py:154} INFO - [2025-10-17T07:20:47.479+0000] {dag.py:3722} INFO - Setting next_dagrun for latest_only_with_trigger to 2025-10-17T03:20:47.478951+00:00, run_after=2025-10-17T07:20:47.478951+00:00
[2025-10-17T07:20:47.528+0000] {processor.py:179} INFO - Processing /home/airflow/.local/lib/python3.8/site-packages/airflow/example_dags/example_latest_only_with_trigger.py took 0.245 seconds
[2025-10-17T07:21:17.894+0000] {processor.py:157} INFO - Started process (PID=742) to work on /home/airflow/.local/lib/python3.8/site-packages/airflow/example_dags/example_latest_only_with_trigger.py
[2025-10-17T07:21:17.895+0000] {processor.py:829} INFO - Processing file /home/airflow/.local/lib/python3.8/site-packages/airflow/example_dags/example_latest_only_with_trigger.py for tasks to queue
[2025-10-17T07:21:17.899+0000] {logging_mixin.py:154} INFO - [2025-10-17T07:21:17.899+0000] {dagbag.py:536} INFO - Filling up the DagBag from /home/airflow/.local/lib/python3.8/site-packages/airflow/example_dags/example_latest_only_with_trigger.py
[2025-10-17T07:21:17.907+0000] {processor.py:839} INFO - DAG(s) dict_keys(['latest_only_with_trigger']) retrieved from /home/airflow/.local/lib/python3.8/site-packages/airflow/example_dags/example_latest_only_with_trigger.py
[2025-10-17T07:21:17.934+0000] {logging_mixin.py:154} INFO - [2025-10-17T07:21:17.934+0000] {dag.py:2941} INFO - Sync 1 DAGs
[2025-10-17T07:21:17.957+0000] {logging_mixin.py:154} INFO - [2025-10-17T07:21:17.957+0000] {dag.py:3722} INFO - Setting next_dagrun for latest_only_with_trigger to 2025-10-17T03:21:17.957070+00:00, run_after=2025-10-17T07:21:17.957070+00:00
[2025-10-17T07:21:17.984+0000] {processor.py:179} INFO - Processing /home/airflow/.local/lib/python3.8/site-packages/airflow/example_dags/example_latest_only_with_trigger.py took 0.094 seconds
[2025-10-17T07:21:48.302+0000] {processor.py:157} INFO - Started process (PID=798) to work on /home/airflow/.local/lib/python3.8/site-packages/airflow/example_dags/example_latest_only_with_trigger.py
[2025-10-17T07:21:48.303+0000] {processor.py:829} INFO - Processing file /home/airflow/.local/lib/python3.8/site-packages/airflow/example_dags/example_latest_only_with_trigger.py for tasks to queue
[2025-10-17T07:21:48.305+0000] {logging_mixin.py:154} INFO - [2025-10-17T07:21:48.305+0000] {dagbag.py:536} INFO - Filling up the DagBag from /home/airflow/.local/lib/python3.8/site-packages/airflow/example_dags/example_latest_only_with_trigger.py
[2025-10-17T07:21:48.311+0000] {processor.py:839} INFO - DAG(s) dict_keys(['latest_only_with_trigger']) retrieved from /home/airflow/.local/lib/python3.8/site-packages/airflow/example_dags/example_latest_only_with_trigger.py
[2025-10-17T07:21:48.333+0000] {logging_mixin.py:154} INFO - [2025-10-17T07:21:48.333+0000] {dag.py:2941} INFO - Sync 1 DAGs
[2025-10-17T07:21:48.353+0000] {logging_mixin.py:154} INFO - [2025-10-17T07:21:48.353+0000] {dag.py:3722} INFO - Setting next_dagrun for latest_only_with_trigger to 2025-10-17T03:21:48.353422+00:00, run_after=2025-10-17T07:21:48.353422+00:00
[2025-10-17T07:21:48.375+0000] {processor.py:179} INFO - Processing /home/airflow/.local/lib/python3.8/site-packages/airflow/example_dags/example_latest_only_with_trigger.py took 0.076 seconds
[2025-10-17T07:22:19.397+0000] {processor.py:157} INFO - Started process (PID=854) to work on /home/airflow/.local/lib/python3.8/site-packages/airflow/example_dags/example_latest_only_with_trigger.py
[2025-10-17T07:22:19.399+0000] {processor.py:829} INFO - Processing file /home/airflow/.local/lib/python3.8/site-packages/airflow/example_dags/example_latest_only_with_trigger.py for tasks to queue
[2025-10-17T07:22:19.401+0000] {logging_mixin.py:154} INFO - [2025-10-17T07:22:19.401+0000] {dagbag.py:536} INFO - Filling up the DagBag from /home/airflow/.local/lib/python3.8/site-packages/airflow/example_dags/example_latest_only_with_trigger.py
[2025-10-17T07:22:19.407+0000] {processor.py:839} INFO - DAG(s) dict_keys(['latest_only_with_trigger']) retrieved from /home/airflow/.local/lib/python3.8/site-packages/airflow/example_dags/example_latest_only_with_trigger.py
[2025-10-17T07:22:19.428+0000] {logging_mixin.py:154} INFO - [2025-10-17T07:22:19.427+0000] {dag.py:2941} INFO - Sync 1 DAGs
[2025-10-17T07:22:19.448+0000] {logging_mixin.py:154} INFO - [2025-10-17T07:22:19.448+0000] {dag.py:3722} INFO - Setting next_dagrun for latest_only_with_trigger to 2025-10-17T03:22:19.448278+00:00, run_after=2025-10-17T07:22:19.448278+00:00
[2025-10-17T07:22:19.467+0000] {processor.py:179} INFO - Processing /home/airflow/.local/lib/python3.8/site-packages/airflow/example_dags/example_latest_only_with_trigger.py took 0.073 seconds
[2025-10-17T07:22:50.513+0000] {processor.py:157} INFO - Started process (PID=910) to work on /home/airflow/.local/lib/python3.8/site-packages/airflow/example_dags/example_latest_only_with_trigger.py
[2025-10-17T07:22:50.515+0000] {processor.py:829} INFO - Processing file /home/airflow/.local/lib/python3.8/site-packages/airflow/example_dags/example_latest_only_with_trigger.py for tasks to queue
[2025-10-17T07:22:50.518+0000] {logging_mixin.py:154} INFO - [2025-10-17T07:22:50.517+0000] {dagbag.py:536} INFO - Filling up the DagBag from /home/airflow/.local/lib/python3.8/site-packages/airflow/example_dags/example_latest_only_with_trigger.py
[2025-10-17T07:22:50.523+0000] {processor.py:839} INFO - DAG(s) dict_keys(['latest_only_with_trigger']) retrieved from /home/airflow/.local/lib/python3.8/site-packages/airflow/example_dags/example_latest_only_with_trigger.py
[2025-10-17T07:22:50.544+0000] {logging_mixin.py:154} INFO - [2025-10-17T07:22:50.543+0000] {dag.py:2941} INFO - Sync 1 DAGs
[2025-10-17T07:22:50.563+0000] {logging_mixin.py:154} INFO - [2025-10-17T07:22:50.563+0000] {dag.py:3722} INFO - Setting next_dagrun for latest_only_with_trigger to 2025-10-17T03:22:50.563404+00:00, run_after=2025-10-17T07:22:50.563404+00:00
[2025-10-17T07:22:50.784+0000] {processor.py:179} INFO - Processing /home/airflow/.local/lib/python3.8/site-packages/airflow/example_dags/example_latest_only_with_trigger.py took 0.276 seconds
[2025-10-17T07:23:21.069+0000] {processor.py:157} INFO - Started process (PID=966) to work on /home/airflow/.local/lib/python3.8/site-packages/airflow/example_dags/example_latest_only_with_trigger.py
[2025-10-17T07:23:21.070+0000] {processor.py:829} INFO - Processing file /home/airflow/.local/lib/python3.8/site-packages/airflow/example_dags/example_latest_only_with_trigger.py for tasks to queue
[2025-10-17T07:23:21.072+0000] {logging_mixin.py:154} INFO - [2025-10-17T07:23:21.072+0000] {dagbag.py:536} INFO - Filling up the DagBag from /home/airflow/.local/lib/python3.8/site-packages/airflow/example_dags/example_latest_only_with_trigger.py
[2025-10-17T07:23:21.077+0000] {processor.py:839} INFO - DAG(s) dict_keys(['latest_only_with_trigger']) retrieved from /home/airflow/.local/lib/python3.8/site-packages/airflow/example_dags/example_latest_only_with_trigger.py
[2025-10-17T07:23:21.097+0000] {logging_mixin.py:154} INFO - [2025-10-17T07:23:21.097+0000] {dag.py:2941} INFO - Sync 1 DAGs
[2025-10-17T07:23:21.115+0000] {logging_mixin.py:154} INFO - [2025-10-17T07:23:21.115+0000] {dag.py:3722} INFO - Setting next_dagrun for latest_only_with_trigger to 2025-10-17T03:23:21.115558+00:00, run_after=2025-10-17T07:23:21.115558+00:00
[2025-10-17T07:23:21.132+0000] {processor.py:179} INFO - Processing /home/airflow/.local/lib/python3.8/site-packages/airflow/example_dags/example_latest_only_with_trigger.py took 0.067 seconds
[2025-10-17T07:23:52.313+0000] {processor.py:157} INFO - Started process (PID=1022) to work on /home/airflow/.local/lib/python3.8/site-packages/airflow/example_dags/example_latest_only_with_trigger.py
[2025-10-17T07:23:52.314+0000] {processor.py:829} INFO - Processing file /home/airflow/.local/lib/python3.8/site-packages/airflow/example_dags/example_latest_only_with_trigger.py for tasks to queue
[2025-10-17T07:23:52.316+0000] {logging_mixin.py:154} INFO - [2025-10-17T07:23:52.316+0000] {dagbag.py:536} INFO - Filling up the DagBag from /home/airflow/.local/lib/python3.8/site-packages/airflow/example_dags/example_latest_only_with_trigger.py
[2025-10-17T07:23:52.322+0000] {processor.py:839} INFO - DAG(s) dict_keys(['latest_only_with_trigger']) retrieved from /home/airflow/.local/lib/python3.8/site-packages/airflow/example_dags/example_latest_only_with_trigger.py
[2025-10-17T07:23:52.350+0000] {logging_mixin.py:154} INFO - [2025-10-17T07:23:52.349+0000] {dag.py:2941} INFO - Sync 1 DAGs
[2025-10-17T07:23:52.375+0000] {logging_mixin.py:154} INFO - [2025-10-17T07:23:52.375+0000] {dag.py:3722} INFO - Setting next_dagrun for latest_only_with_trigger to 2025-10-17T03:23:52.375083+00:00, run_after=2025-10-17T07:23:52.375083+00:00
[2025-10-17T07:23:52.397+0000] {processor.py:179} INFO - Processing /home/airflow/.local/lib/python3.8/site-packages/airflow/example_dags/example_latest_only_with_trigger.py took 0.088 seconds
[2025-10-17T07:24:23.536+0000] {processor.py:157} INFO - Started process (PID=1078) to work on /home/airflow/.local/lib/python3.8/site-packages/airflow/example_dags/example_latest_only_with_trigger.py
[2025-10-17T07:24:23.538+0000] {processor.py:829} INFO - Processing file /home/airflow/.local/lib/python3.8/site-packages/airflow/example_dags/example_latest_only_with_trigger.py for tasks to queue
[2025-10-17T07:24:23.540+0000] {logging_mixin.py:154} INFO - [2025-10-17T07:24:23.540+0000] {dagbag.py:536} INFO - Filling up the DagBag from /home/airflow/.local/lib/python3.8/site-packages/airflow/example_dags/example_latest_only_with_trigger.py
[2025-10-17T07:24:23.547+0000] {processor.py:839} INFO - DAG(s) dict_keys(['latest_only_with_trigger']) retrieved from /home/airflow/.local/lib/python3.8/site-packages/airflow/example_dags/example_latest_only_with_trigger.py
[2025-10-17T07:24:23.571+0000] {logging_mixin.py:154} INFO - [2025-10-17T07:24:23.571+0000] {dag.py:2941} INFO - Sync 1 DAGs
[2025-10-17T07:24:23.595+0000] {logging_mixin.py:154} INFO - [2025-10-17T07:24:23.595+0000] {dag.py:3722} INFO - Setting next_dagrun for latest_only_with_trigger to 2025-10-17T03:24:23.594921+00:00, run_after=2025-10-17T07:24:23.594921+00:00
[2025-10-17T07:24:23.616+0000] {processor.py:179} INFO - Processing /home/airflow/.local/lib/python3.8/site-packages/airflow/example_dags/example_latest_only_with_trigger.py took 0.084 seconds
[2025-10-17T07:24:53.664+0000] {processor.py:157} INFO - Started process (PID=1140) to work on /home/airflow/.local/lib/python3.8/site-packages/airflow/example_dags/example_latest_only_with_trigger.py
[2025-10-17T07:24:53.665+0000] {processor.py:829} INFO - Processing file /home/airflow/.local/lib/python3.8/site-packages/airflow/example_dags/example_latest_only_with_trigger.py for tasks to queue
[2025-10-17T07:24:53.667+0000] {logging_mixin.py:154} INFO - [2025-10-17T07:24:53.667+0000] {dagbag.py:536} INFO - Filling up the DagBag from /home/airflow/.local/lib/python3.8/site-packages/airflow/example_dags/example_latest_only_with_trigger.py
[2025-10-17T07:24:53.673+0000] {processor.py:839} INFO - DAG(s) dict_keys(['latest_only_with_trigger']) retrieved from /home/airflow/.local/lib/python3.8/site-packages/airflow/example_dags/example_latest_only_with_trigger.py
[2025-10-17T07:24:53.692+0000] {logging_mixin.py:154} INFO - [2025-10-17T07:24:53.692+0000] {dag.py:2941} INFO - Sync 1 DAGs
[2025-10-17T07:24:53.709+0000] {logging_mixin.py:154} INFO - [2025-10-17T07:24:53.709+0000] {dag.py:3722} INFO - Setting next_dagrun for latest_only_with_trigger to 2025-10-17T03:24:53.709336+00:00, run_after=2025-10-17T07:24:53.709336+00:00
[2025-10-17T07:24:53.728+0000] {processor.py:179} INFO - Processing /home/airflow/.local/lib/python3.8/site-packages/airflow/example_dags/example_latest_only_with_trigger.py took 0.067 seconds
[2025-10-17T07:25:24.557+0000] {processor.py:157} INFO - Started process (PID=1196) to work on /home/airflow/.local/lib/python3.8/site-packages/airflow/example_dags/example_latest_only_with_trigger.py
[2025-10-17T07:25:24.558+0000] {processor.py:829} INFO - Processing file /home/airflow/.local/lib/python3.8/site-packages/airflow/example_dags/example_latest_only_with_trigger.py for tasks to queue
[2025-10-17T07:25:24.560+0000] {logging_mixin.py:154} INFO - [2025-10-17T07:25:24.560+0000] {dagbag.py:536} INFO - Filling up the DagBag from /home/airflow/.local/lib/python3.8/site-packages/airflow/example_dags/example_latest_only_with_trigger.py
[2025-10-17T07:25:24.566+0000] {processor.py:839} INFO - DAG(s) dict_keys(['latest_only_with_trigger']) retrieved from /home/airflow/.local/lib/python3.8/site-packages/airflow/example_dags/example_latest_only_with_trigger.py
[2025-10-17T07:25:24.586+0000] {logging_mixin.py:154} INFO - [2025-10-17T07:25:24.585+0000] {dag.py:2941} INFO - Sync 1 DAGs
[2025-10-17T07:25:24.606+0000] {logging_mixin.py:154} INFO - [2025-10-17T07:25:24.606+0000] {dag.py:3722} INFO - Setting next_dagrun for latest_only_with_trigger to 2025-10-17T03:25:24.606123+00:00, run_after=2025-10-17T07:25:24.606123+00:00
[2025-10-17T07:25:24.622+0000] {processor.py:179} INFO - Processing /home/airflow/.local/lib/python3.8/site-packages/airflow/example_dags/example_latest_only_with_trigger.py took 0.068 seconds
[2025-10-17T07:25:55.861+0000] {processor.py:157} INFO - Started process (PID=1259) to work on /home/airflow/.local/lib/python3.8/site-packages/airflow/example_dags/example_latest_only_with_trigger.py
[2025-10-17T07:25:55.862+0000] {processor.py:829} INFO - Processing file /home/airflow/.local/lib/python3.8/site-packages/airflow/example_dags/example_latest_only_with_trigger.py for tasks to queue
[2025-10-17T07:25:55.864+0000] {logging_mixin.py:154} INFO - [2025-10-17T07:25:55.864+0000] {dagbag.py:536} INFO - Filling up the DagBag from /home/airflow/.local/lib/python3.8/site-packages/airflow/example_dags/example_latest_only_with_trigger.py
[2025-10-17T07:25:55.869+0000] {processor.py:839} INFO - DAG(s) dict_keys(['latest_only_with_trigger']) retrieved from /home/airflow/.local/lib/python3.8/site-packages/airflow/example_dags/example_latest_only_with_trigger.py
[2025-10-17T07:25:56.017+0000] {logging_mixin.py:154} INFO - [2025-10-17T07:25:56.017+0000] {dag.py:2941} INFO - Sync 1 DAGs
[2025-10-17T07:25:56.033+0000] {logging_mixin.py:154} INFO - [2025-10-17T07:25:56.033+0000] {dag.py:3722} INFO - Setting next_dagrun for latest_only_with_trigger to 2025-10-17T03:25:56.033390+00:00, run_after=2025-10-17T07:25:56.033390+00:00
[2025-10-17T07:25:56.055+0000] {processor.py:179} INFO - Processing /home/airflow/.local/lib/python3.8/site-packages/airflow/example_dags/example_latest_only_with_trigger.py took 0.197 seconds
[2025-10-17T07:26:26.231+0000] {processor.py:157} INFO - Started process (PID=1317) to work on /home/airflow/.local/lib/python3.8/site-packages/airflow/example_dags/example_latest_only_with_trigger.py
[2025-10-17T07:26:26.233+0000] {processor.py:829} INFO - Processing file /home/airflow/.local/lib/python3.8/site-packages/airflow/example_dags/example_latest_only_with_trigger.py for tasks to queue
[2025-10-17T07:26:26.235+0000] {logging_mixin.py:154} INFO - [2025-10-17T07:26:26.234+0000] {dagbag.py:536} INFO - Filling up the DagBag from /home/airflow/.local/lib/python3.8/site-packages/airflow/example_dags/example_latest_only_with_trigger.py
[2025-10-17T07:26:26.240+0000] {processor.py:839} INFO - DAG(s) dict_keys(['latest_only_with_trigger']) retrieved from /home/airflow/.local/lib/python3.8/site-packages/airflow/example_dags/example_latest_only_with_trigger.py
[2025-10-17T07:26:26.260+0000] {logging_mixin.py:154} INFO - [2025-10-17T07:26:26.259+0000] {dag.py:2941} INFO - Sync 1 DAGs
[2025-10-17T07:26:26.277+0000] {logging_mixin.py:154} INFO - [2025-10-17T07:26:26.277+0000] {dag.py:3722} INFO - Setting next_dagrun for latest_only_with_trigger to 2025-10-17T03:26:26.277375+00:00, run_after=2025-10-17T07:26:26.277375+00:00
[2025-10-17T07:26:26.293+0000] {processor.py:179} INFO - Processing /home/airflow/.local/lib/python3.8/site-packages/airflow/example_dags/example_latest_only_with_trigger.py took 0.065 seconds
[2025-10-17T07:26:56.552+0000] {processor.py:157} INFO - Started process (PID=1372) to work on /home/airflow/.local/lib/python3.8/site-packages/airflow/example_dags/example_latest_only_with_trigger.py
[2025-10-17T07:26:56.554+0000] {processor.py:829} INFO - Processing file /home/airflow/.local/lib/python3.8/site-packages/airflow/example_dags/example_latest_only_with_trigger.py for tasks to queue
[2025-10-17T07:26:56.556+0000] {logging_mixin.py:154} INFO - [2025-10-17T07:26:56.555+0000] {dagbag.py:536} INFO - Filling up the DagBag from /home/airflow/.local/lib/python3.8/site-packages/airflow/example_dags/example_latest_only_with_trigger.py
[2025-10-17T07:26:56.561+0000] {processor.py:839} INFO - DAG(s) dict_keys(['latest_only_with_trigger']) retrieved from /home/airflow/.local/lib/python3.8/site-packages/airflow/example_dags/example_latest_only_with_trigger.py
[2025-10-17T07:26:56.581+0000] {logging_mixin.py:154} INFO - [2025-10-17T07:26:56.581+0000] {dag.py:2941} INFO - Sync 1 DAGs
[2025-10-17T07:26:56.601+0000] {logging_mixin.py:154} INFO - [2025-10-17T07:26:56.601+0000] {dag.py:3722} INFO - Setting next_dagrun for latest_only_with_trigger to 2025-10-17T03:26:56.600795+00:00, run_after=2025-10-17T07:26:56.600795+00:00
[2025-10-17T07:26:56.617+0000] {processor.py:179} INFO - Processing /home/airflow/.local/lib/python3.8/site-packages/airflow/example_dags/example_latest_only_with_trigger.py took 0.069 seconds
[2025-10-17T07:27:26.663+0000] {processor.py:157} INFO - Started process (PID=1427) to work on /home/airflow/.local/lib/python3.8/site-packages/airflow/example_dags/example_latest_only_with_trigger.py
[2025-10-17T07:27:26.664+0000] {processor.py:829} INFO - Processing file /home/airflow/.local/lib/python3.8/site-packages/airflow/example_dags/example_latest_only_with_trigger.py for tasks to queue
[2025-10-17T07:27:26.666+0000] {logging_mixin.py:154} INFO - [2025-10-17T07:27:26.665+0000] {dagbag.py:536} INFO - Filling up the DagBag from /home/airflow/.local/lib/python3.8/site-packages/airflow/example_dags/example_latest_only_with_trigger.py
[2025-10-17T07:27:26.670+0000] {processor.py:839} INFO - DAG(s) dict_keys(['latest_only_with_trigger']) retrieved from /home/airflow/.local/lib/python3.8/site-packages/airflow/example_dags/example_latest_only_with_trigger.py
[2025-10-17T07:27:26.689+0000] {logging_mixin.py:154} INFO - [2025-10-17T07:27:26.689+0000] {dag.py:2941} INFO - Sync 1 DAGs
[2025-10-17T07:27:26.706+0000] {logging_mixin.py:154} INFO - [2025-10-17T07:27:26.705+0000] {dag.py:3722} INFO - Setting next_dagrun for latest_only_with_trigger to 2025-10-17T03:27:26.705600+00:00, run_after=2025-10-17T07:27:26.705600+00:00
[2025-10-17T07:27:26.722+0000] {processor.py:179} INFO - Processing /home/airflow/.local/lib/python3.8/site-packages/airflow/example_dags/example_latest_only_with_trigger.py took 0.062 seconds
[2025-10-17T07:27:56.881+0000] {processor.py:157} INFO - Started process (PID=1482) to work on /home/airflow/.local/lib/python3.8/site-packages/airflow/example_dags/example_latest_only_with_trigger.py
[2025-10-17T07:27:56.882+0000] {processor.py:829} INFO - Processing file /home/airflow/.local/lib/python3.8/site-packages/airflow/example_dags/example_latest_only_with_trigger.py for tasks to queue
[2025-10-17T07:27:56.883+0000] {logging_mixin.py:154} INFO - [2025-10-17T07:27:56.882+0000] {dagbag.py:536} INFO - Filling up the DagBag from /home/airflow/.local/lib/python3.8/site-packages/airflow/example_dags/example_latest_only_with_trigger.py
[2025-10-17T07:27:56.889+0000] {processor.py:839} INFO - DAG(s) dict_keys(['latest_only_with_trigger']) retrieved from /home/airflow/.local/lib/python3.8/site-packages/airflow/example_dags/example_latest_only_with_trigger.py
[2025-10-17T07:27:56.908+0000] {logging_mixin.py:154} INFO - [2025-10-17T07:27:56.908+0000] {dag.py:2941} INFO - Sync 1 DAGs
[2025-10-17T07:27:56.927+0000] {logging_mixin.py:154} INFO - [2025-10-17T07:27:56.926+0000] {dag.py:3722} INFO - Setting next_dagrun for latest_only_with_trigger to 2025-10-17T03:27:56.926638+00:00, run_after=2025-10-17T07:27:56.926638+00:00
[2025-10-17T07:27:56.943+0000] {processor.py:179} INFO - Processing /home/airflow/.local/lib/python3.8/site-packages/airflow/example_dags/example_latest_only_with_trigger.py took 0.066 seconds
[2025-10-17T07:28:27.230+0000] {processor.py:157} INFO - Started process (PID=1540) to work on /home/airflow/.local/lib/python3.8/site-packages/airflow/example_dags/example_latest_only_with_trigger.py
[2025-10-17T07:28:27.232+0000] {processor.py:829} INFO - Processing file /home/airflow/.local/lib/python3.8/site-packages/airflow/example_dags/example_latest_only_with_trigger.py for tasks to queue
[2025-10-17T07:28:27.232+0000] {logging_mixin.py:154} INFO - [2025-10-17T07:28:27.232+0000] {dagbag.py:536} INFO - Filling up the DagBag from /home/airflow/.local/lib/python3.8/site-packages/airflow/example_dags/example_latest_only_with_trigger.py
[2025-10-17T07:28:27.238+0000] {processor.py:839} INFO - DAG(s) dict_keys(['latest_only_with_trigger']) retrieved from /home/airflow/.local/lib/python3.8/site-packages/airflow/example_dags/example_latest_only_with_trigger.py
[2025-10-17T07:28:27.258+0000] {logging_mixin.py:154} INFO - [2025-10-17T07:28:27.257+0000] {dag.py:2941} INFO - Sync 1 DAGs
[2025-10-17T07:28:27.276+0000] {logging_mixin.py:154} INFO - [2025-10-17T07:28:27.276+0000] {dag.py:3722} INFO - Setting next_dagrun for latest_only_with_trigger to 2025-10-17T03:28:27.276090+00:00, run_after=2025-10-17T07:28:27.276090+00:00
[2025-10-17T07:28:27.294+0000] {processor.py:179} INFO - Processing /home/airflow/.local/lib/python3.8/site-packages/airflow/example_dags/example_latest_only_with_trigger.py took 0.066 seconds
[2025-10-17T07:28:57.598+0000] {processor.py:157} INFO - Started process (PID=1596) to work on /home/airflow/.local/lib/python3.8/site-packages/airflow/example_dags/example_latest_only_with_trigger.py
[2025-10-17T07:28:57.599+0000] {processor.py:829} INFO - Processing file /home/airflow/.local/lib/python3.8/site-packages/airflow/example_dags/example_latest_only_with_trigger.py for tasks to queue
[2025-10-17T07:28:57.600+0000] {logging_mixin.py:154} INFO - [2025-10-17T07:28:57.599+0000] {dagbag.py:536} INFO - Filling up the DagBag from /home/airflow/.local/lib/python3.8/site-packages/airflow/example_dags/example_latest_only_with_trigger.py
[2025-10-17T07:28:57.606+0000] {processor.py:839} INFO - DAG(s) dict_keys(['latest_only_with_trigger']) retrieved from /home/airflow/.local/lib/python3.8/site-packages/airflow/example_dags/example_latest_only_with_trigger.py
[2025-10-17T07:28:57.626+0000] {logging_mixin.py:154} INFO - [2025-10-17T07:28:57.625+0000] {dag.py:2941} INFO - Sync 1 DAGs
[2025-10-17T07:28:57.644+0000] {logging_mixin.py:154} INFO - [2025-10-17T07:28:57.644+0000] {dag.py:3722} INFO - Setting next_dagrun for latest_only_with_trigger to 2025-10-17T03:28:57.644346+00:00, run_after=2025-10-17T07:28:57.644346+00:00
[2025-10-17T07:28:57.660+0000] {processor.py:179} INFO - Processing /home/airflow/.local/lib/python3.8/site-packages/airflow/example_dags/example_latest_only_with_trigger.py took 0.065 seconds
[2025-10-17T07:30:20.676+0000] {processor.py:157} INFO - Started process (PID=80) to work on /home/airflow/.local/lib/python3.8/site-packages/airflow/example_dags/example_latest_only_with_trigger.py
[2025-10-17T07:30:20.677+0000] {processor.py:829} INFO - Processing file /home/airflow/.local/lib/python3.8/site-packages/airflow/example_dags/example_latest_only_with_trigger.py for tasks to queue
[2025-10-17T07:30:20.680+0000] {logging_mixin.py:154} INFO - [2025-10-17T07:30:20.680+0000] {dagbag.py:536} INFO - Filling up the DagBag from /home/airflow/.local/lib/python3.8/site-packages/airflow/example_dags/example_latest_only_with_trigger.py
[2025-10-17T07:30:20.690+0000] {processor.py:839} INFO - DAG(s) dict_keys(['latest_only_with_trigger']) retrieved from /home/airflow/.local/lib/python3.8/site-packages/airflow/example_dags/example_latest_only_with_trigger.py
[2025-10-17T07:30:20.841+0000] {logging_mixin.py:154} INFO - [2025-10-17T07:30:20.840+0000] {manager.py:499} INFO - Created Permission View: %s
[2025-10-17T07:30:20.861+0000] {logging_mixin.py:154} INFO - [2025-10-17T07:30:20.860+0000] {manager.py:499} INFO - Created Permission View: %s
[2025-10-17T07:30:20.876+0000] {logging_mixin.py:154} INFO - [2025-10-17T07:30:20.876+0000] {manager.py:499} INFO - Created Permission View: %s
[2025-10-17T07:30:20.877+0000] {logging_mixin.py:154} INFO - [2025-10-17T07:30:20.876+0000] {dag.py:2941} INFO - Sync 1 DAGs
[2025-10-17T07:30:20.897+0000] {logging_mixin.py:154} INFO - [2025-10-17T07:30:20.896+0000] {dag.py:2963} INFO - Creating ORM DAG for latest_only_with_trigger
[2025-10-17T07:30:20.911+0000] {logging_mixin.py:154} INFO - [2025-10-17T07:30:20.911+0000] {dag.py:3722} INFO - Setting next_dagrun for latest_only_with_trigger to 2025-10-17T03:30:20.910996+00:00, run_after=2025-10-17T07:30:20.910996+00:00
[2025-10-17T07:30:20.950+0000] {processor.py:179} INFO - Processing /home/airflow/.local/lib/python3.8/site-packages/airflow/example_dags/example_latest_only_with_trigger.py took 0.277 seconds
[2025-10-17T07:30:51.008+0000] {processor.py:157} INFO - Started process (PID=136) to work on /home/airflow/.local/lib/python3.8/site-packages/airflow/example_dags/example_latest_only_with_trigger.py
[2025-10-17T07:30:51.010+0000] {processor.py:829} INFO - Processing file /home/airflow/.local/lib/python3.8/site-packages/airflow/example_dags/example_latest_only_with_trigger.py for tasks to queue
[2025-10-17T07:30:51.014+0000] {logging_mixin.py:154} INFO - [2025-10-17T07:30:51.014+0000] {dagbag.py:536} INFO - Filling up the DagBag from /home/airflow/.local/lib/python3.8/site-packages/airflow/example_dags/example_latest_only_with_trigger.py
[2025-10-17T07:30:51.023+0000] {processor.py:839} INFO - DAG(s) dict_keys(['latest_only_with_trigger']) retrieved from /home/airflow/.local/lib/python3.8/site-packages/airflow/example_dags/example_latest_only_with_trigger.py
[2025-10-17T07:30:51.054+0000] {logging_mixin.py:154} INFO - [2025-10-17T07:30:51.054+0000] {dag.py:2941} INFO - Sync 1 DAGs
[2025-10-17T07:30:51.085+0000] {logging_mixin.py:154} INFO - [2025-10-17T07:30:51.085+0000] {dag.py:3722} INFO - Setting next_dagrun for latest_only_with_trigger to 2025-10-17T03:30:51.085243+00:00, run_after=2025-10-17T07:30:51.085243+00:00
[2025-10-17T07:30:51.118+0000] {processor.py:179} INFO - Processing /home/airflow/.local/lib/python3.8/site-packages/airflow/example_dags/example_latest_only_with_trigger.py took 0.114 seconds
[2025-10-17T07:31:22.015+0000] {processor.py:157} INFO - Started process (PID=192) to work on /home/airflow/.local/lib/python3.8/site-packages/airflow/example_dags/example_latest_only_with_trigger.py
[2025-10-17T07:31:22.016+0000] {processor.py:829} INFO - Processing file /home/airflow/.local/lib/python3.8/site-packages/airflow/example_dags/example_latest_only_with_trigger.py for tasks to queue
[2025-10-17T07:31:22.019+0000] {logging_mixin.py:154} INFO - [2025-10-17T07:31:22.019+0000] {dagbag.py:536} INFO - Filling up the DagBag from /home/airflow/.local/lib/python3.8/site-packages/airflow/example_dags/example_latest_only_with_trigger.py
[2025-10-17T07:31:22.031+0000] {processor.py:839} INFO - DAG(s) dict_keys(['latest_only_with_trigger']) retrieved from /home/airflow/.local/lib/python3.8/site-packages/airflow/example_dags/example_latest_only_with_trigger.py
[2025-10-17T07:31:22.056+0000] {logging_mixin.py:154} INFO - [2025-10-17T07:31:22.055+0000] {dag.py:2941} INFO - Sync 1 DAGs
[2025-10-17T07:31:22.082+0000] {logging_mixin.py:154} INFO - [2025-10-17T07:31:22.082+0000] {dag.py:3722} INFO - Setting next_dagrun for latest_only_with_trigger to 2025-10-17T03:31:22.082056+00:00, run_after=2025-10-17T07:31:22.082056+00:00
[2025-10-17T07:31:22.103+0000] {processor.py:179} INFO - Processing /home/airflow/.local/lib/python3.8/site-packages/airflow/example_dags/example_latest_only_with_trigger.py took 0.094 seconds
[2025-10-17T07:31:52.356+0000] {processor.py:157} INFO - Started process (PID=248) to work on /home/airflow/.local/lib/python3.8/site-packages/airflow/example_dags/example_latest_only_with_trigger.py
[2025-10-17T07:31:52.357+0000] {processor.py:829} INFO - Processing file /home/airflow/.local/lib/python3.8/site-packages/airflow/example_dags/example_latest_only_with_trigger.py for tasks to queue
[2025-10-17T07:31:52.360+0000] {logging_mixin.py:154} INFO - [2025-10-17T07:31:52.359+0000] {dagbag.py:536} INFO - Filling up the DagBag from /home/airflow/.local/lib/python3.8/site-packages/airflow/example_dags/example_latest_only_with_trigger.py
[2025-10-17T07:31:52.366+0000] {processor.py:839} INFO - DAG(s) dict_keys(['latest_only_with_trigger']) retrieved from /home/airflow/.local/lib/python3.8/site-packages/airflow/example_dags/example_latest_only_with_trigger.py
[2025-10-17T07:31:52.398+0000] {logging_mixin.py:154} INFO - [2025-10-17T07:31:52.398+0000] {dag.py:2941} INFO - Sync 1 DAGs
[2025-10-17T07:31:52.432+0000] {logging_mixin.py:154} INFO - [2025-10-17T07:31:52.432+0000] {dag.py:3722} INFO - Setting next_dagrun for latest_only_with_trigger to 2025-10-17T03:31:52.431331+00:00, run_after=2025-10-17T07:31:52.431331+00:00
[2025-10-17T07:31:52.462+0000] {processor.py:179} INFO - Processing /home/airflow/.local/lib/python3.8/site-packages/airflow/example_dags/example_latest_only_with_trigger.py took 0.111 seconds
[2025-10-17T07:32:23.301+0000] {processor.py:157} INFO - Started process (PID=304) to work on /home/airflow/.local/lib/python3.8/site-packages/airflow/example_dags/example_latest_only_with_trigger.py
[2025-10-17T07:32:23.302+0000] {processor.py:829} INFO - Processing file /home/airflow/.local/lib/python3.8/site-packages/airflow/example_dags/example_latest_only_with_trigger.py for tasks to queue
[2025-10-17T07:32:23.304+0000] {logging_mixin.py:154} INFO - [2025-10-17T07:32:23.304+0000] {dagbag.py:536} INFO - Filling up the DagBag from /home/airflow/.local/lib/python3.8/site-packages/airflow/example_dags/example_latest_only_with_trigger.py
[2025-10-17T07:32:23.310+0000] {processor.py:839} INFO - DAG(s) dict_keys(['latest_only_with_trigger']) retrieved from /home/airflow/.local/lib/python3.8/site-packages/airflow/example_dags/example_latest_only_with_trigger.py
[2025-10-17T07:32:23.332+0000] {logging_mixin.py:154} INFO - [2025-10-17T07:32:23.331+0000] {dag.py:2941} INFO - Sync 1 DAGs
[2025-10-17T07:32:23.352+0000] {logging_mixin.py:154} INFO - [2025-10-17T07:32:23.352+0000] {dag.py:3722} INFO - Setting next_dagrun for latest_only_with_trigger to 2025-10-17T03:32:23.352208+00:00, run_after=2025-10-17T07:32:23.352208+00:00
[2025-10-17T07:32:23.370+0000] {processor.py:179} INFO - Processing /home/airflow/.local/lib/python3.8/site-packages/airflow/example_dags/example_latest_only_with_trigger.py took 0.073 seconds
[2025-10-17T07:35:43.587+0000] {processor.py:157} INFO - Started process (PID=76) to work on /home/airflow/.local/lib/python3.8/site-packages/airflow/example_dags/example_latest_only_with_trigger.py
[2025-10-17T07:35:43.588+0000] {processor.py:829} INFO - Processing file /home/airflow/.local/lib/python3.8/site-packages/airflow/example_dags/example_latest_only_with_trigger.py for tasks to queue
[2025-10-17T07:35:43.592+0000] {logging_mixin.py:154} INFO - [2025-10-17T07:35:43.592+0000] {dagbag.py:536} INFO - Filling up the DagBag from /home/airflow/.local/lib/python3.8/site-packages/airflow/example_dags/example_latest_only_with_trigger.py
[2025-10-17T07:35:43.604+0000] {processor.py:839} INFO - DAG(s) dict_keys(['latest_only_with_trigger']) retrieved from /home/airflow/.local/lib/python3.8/site-packages/airflow/example_dags/example_latest_only_with_trigger.py
[2025-10-17T07:35:43.728+0000] {logging_mixin.py:154} INFO - [2025-10-17T07:35:43.727+0000] {manager.py:499} INFO - Created Permission View: %s
[2025-10-17T07:35:43.740+0000] {logging_mixin.py:154} INFO - [2025-10-17T07:35:43.739+0000] {manager.py:499} INFO - Created Permission View: %s
[2025-10-17T07:35:43.749+0000] {logging_mixin.py:154} INFO - [2025-10-17T07:35:43.748+0000] {manager.py:499} INFO - Created Permission View: %s
[2025-10-17T07:35:43.749+0000] {logging_mixin.py:154} INFO - [2025-10-17T07:35:43.749+0000] {dag.py:2941} INFO - Sync 1 DAGs
[2025-10-17T07:35:43.761+0000] {logging_mixin.py:154} INFO - [2025-10-17T07:35:43.761+0000] {dag.py:2963} INFO - Creating ORM DAG for latest_only_with_trigger
[2025-10-17T07:35:43.770+0000] {logging_mixin.py:154} INFO - [2025-10-17T07:35:43.770+0000] {dag.py:3722} INFO - Setting next_dagrun for latest_only_with_trigger to 2025-10-17T03:35:43.770290+00:00, run_after=2025-10-17T07:35:43.770290+00:00
[2025-10-17T07:35:43.792+0000] {processor.py:179} INFO - Processing /home/airflow/.local/lib/python3.8/site-packages/airflow/example_dags/example_latest_only_with_trigger.py took 0.217 seconds
[2025-10-17T07:36:14.041+0000] {processor.py:157} INFO - Started process (PID=132) to work on /home/airflow/.local/lib/python3.8/site-packages/airflow/example_dags/example_latest_only_with_trigger.py
[2025-10-17T07:36:14.042+0000] {processor.py:829} INFO - Processing file /home/airflow/.local/lib/python3.8/site-packages/airflow/example_dags/example_latest_only_with_trigger.py for tasks to queue
[2025-10-17T07:36:14.045+0000] {logging_mixin.py:154} INFO - [2025-10-17T07:36:14.044+0000] {dagbag.py:536} INFO - Filling up the DagBag from /home/airflow/.local/lib/python3.8/site-packages/airflow/example_dags/example_latest_only_with_trigger.py
[2025-10-17T07:36:14.050+0000] {processor.py:839} INFO - DAG(s) dict_keys(['latest_only_with_trigger']) retrieved from /home/airflow/.local/lib/python3.8/site-packages/airflow/example_dags/example_latest_only_with_trigger.py
[2025-10-17T07:36:14.070+0000] {logging_mixin.py:154} INFO - [2025-10-17T07:36:14.070+0000] {dag.py:2941} INFO - Sync 1 DAGs
[2025-10-17T07:36:14.089+0000] {logging_mixin.py:154} INFO - [2025-10-17T07:36:14.089+0000] {dag.py:3722} INFO - Setting next_dagrun for latest_only_with_trigger to 2025-10-17T03:36:14.088982+00:00, run_after=2025-10-17T07:36:14.088982+00:00
[2025-10-17T07:36:14.108+0000] {processor.py:179} INFO - Processing /home/airflow/.local/lib/python3.8/site-packages/airflow/example_dags/example_latest_only_with_trigger.py took 0.070 seconds
[2025-10-17T07:36:44.555+0000] {processor.py:157} INFO - Started process (PID=188) to work on /home/airflow/.local/lib/python3.8/site-packages/airflow/example_dags/example_latest_only_with_trigger.py
[2025-10-17T07:36:44.556+0000] {processor.py:829} INFO - Processing file /home/airflow/.local/lib/python3.8/site-packages/airflow/example_dags/example_latest_only_with_trigger.py for tasks to queue
[2025-10-17T07:36:44.558+0000] {logging_mixin.py:154} INFO - [2025-10-17T07:36:44.558+0000] {dagbag.py:536} INFO - Filling up the DagBag from /home/airflow/.local/lib/python3.8/site-packages/airflow/example_dags/example_latest_only_with_trigger.py
[2025-10-17T07:36:44.563+0000] {processor.py:839} INFO - DAG(s) dict_keys(['latest_only_with_trigger']) retrieved from /home/airflow/.local/lib/python3.8/site-packages/airflow/example_dags/example_latest_only_with_trigger.py
[2025-10-17T07:36:44.584+0000] {logging_mixin.py:154} INFO - [2025-10-17T07:36:44.583+0000] {dag.py:2941} INFO - Sync 1 DAGs
[2025-10-17T07:36:44.603+0000] {logging_mixin.py:154} INFO - [2025-10-17T07:36:44.602+0000] {dag.py:3722} INFO - Setting next_dagrun for latest_only_with_trigger to 2025-10-17T03:36:44.602688+00:00, run_after=2025-10-17T07:36:44.602688+00:00
[2025-10-17T07:36:44.620+0000] {processor.py:179} INFO - Processing /home/airflow/.local/lib/python3.8/site-packages/airflow/example_dags/example_latest_only_with_trigger.py took 0.069 seconds
[2025-10-17T07:37:14.974+0000] {processor.py:157} INFO - Started process (PID=244) to work on /home/airflow/.local/lib/python3.8/site-packages/airflow/example_dags/example_latest_only_with_trigger.py
[2025-10-17T07:37:14.976+0000] {processor.py:829} INFO - Processing file /home/airflow/.local/lib/python3.8/site-packages/airflow/example_dags/example_latest_only_with_trigger.py for tasks to queue
[2025-10-17T07:37:14.979+0000] {logging_mixin.py:154} INFO - [2025-10-17T07:37:14.978+0000] {dagbag.py:536} INFO - Filling up the DagBag from /home/airflow/.local/lib/python3.8/site-packages/airflow/example_dags/example_latest_only_with_trigger.py
[2025-10-17T07:37:14.986+0000] {processor.py:839} INFO - DAG(s) dict_keys(['latest_only_with_trigger']) retrieved from /home/airflow/.local/lib/python3.8/site-packages/airflow/example_dags/example_latest_only_with_trigger.py
[2025-10-17T07:37:15.009+0000] {logging_mixin.py:154} INFO - [2025-10-17T07:37:15.009+0000] {dag.py:2941} INFO - Sync 1 DAGs
[2025-10-17T07:37:15.028+0000] {logging_mixin.py:154} INFO - [2025-10-17T07:37:15.028+0000] {dag.py:3722} INFO - Setting next_dagrun for latest_only_with_trigger to 2025-10-17T03:37:15.028095+00:00, run_after=2025-10-17T07:37:15.028095+00:00
[2025-10-17T07:37:15.045+0000] {processor.py:179} INFO - Processing /home/airflow/.local/lib/python3.8/site-packages/airflow/example_dags/example_latest_only_with_trigger.py took 0.074 seconds
[2025-10-17T07:38:44.814+0000] {processor.py:157} INFO - Started process (PID=77) to work on /home/airflow/.local/lib/python3.8/site-packages/airflow/example_dags/example_latest_only_with_trigger.py
[2025-10-17T07:38:44.815+0000] {processor.py:829} INFO - Processing file /home/airflow/.local/lib/python3.8/site-packages/airflow/example_dags/example_latest_only_with_trigger.py for tasks to queue
[2025-10-17T07:38:44.820+0000] {logging_mixin.py:154} INFO - [2025-10-17T07:38:44.819+0000] {dagbag.py:536} INFO - Filling up the DagBag from /home/airflow/.local/lib/python3.8/site-packages/airflow/example_dags/example_latest_only_with_trigger.py
[2025-10-17T07:38:44.836+0000] {processor.py:839} INFO - DAG(s) dict_keys(['latest_only_with_trigger']) retrieved from /home/airflow/.local/lib/python3.8/site-packages/airflow/example_dags/example_latest_only_with_trigger.py
[2025-10-17T07:38:44.977+0000] {logging_mixin.py:154} INFO - [2025-10-17T07:38:44.976+0000] {manager.py:499} INFO - Created Permission View: %s
[2025-10-17T07:38:44.991+0000] {logging_mixin.py:154} INFO - [2025-10-17T07:38:44.991+0000] {manager.py:499} INFO - Created Permission View: %s
[2025-10-17T07:38:45.008+0000] {logging_mixin.py:154} INFO - [2025-10-17T07:38:45.007+0000] {manager.py:499} INFO - Created Permission View: %s
[2025-10-17T07:38:45.010+0000] {logging_mixin.py:154} INFO - [2025-10-17T07:38:45.010+0000] {dag.py:2941} INFO - Sync 1 DAGs
[2025-10-17T07:38:45.038+0000] {logging_mixin.py:154} INFO - [2025-10-17T07:38:45.037+0000] {dag.py:2963} INFO - Creating ORM DAG for latest_only_with_trigger
[2025-10-17T07:38:45.053+0000] {logging_mixin.py:154} INFO - [2025-10-17T07:38:45.053+0000] {dag.py:3722} INFO - Setting next_dagrun for latest_only_with_trigger to 2025-10-17T03:38:45.052580+00:00, run_after=2025-10-17T07:38:45.052580+00:00
[2025-10-17T07:38:45.081+0000] {processor.py:179} INFO - Processing /home/airflow/.local/lib/python3.8/site-packages/airflow/example_dags/example_latest_only_with_trigger.py took 0.272 seconds
[2025-10-17T07:39:15.371+0000] {processor.py:157} INFO - Started process (PID=133) to work on /home/airflow/.local/lib/python3.8/site-packages/airflow/example_dags/example_latest_only_with_trigger.py
[2025-10-17T07:39:15.372+0000] {processor.py:829} INFO - Processing file /home/airflow/.local/lib/python3.8/site-packages/airflow/example_dags/example_latest_only_with_trigger.py for tasks to queue
[2025-10-17T07:39:15.375+0000] {logging_mixin.py:154} INFO - [2025-10-17T07:39:15.375+0000] {dagbag.py:536} INFO - Filling up the DagBag from /home/airflow/.local/lib/python3.8/site-packages/airflow/example_dags/example_latest_only_with_trigger.py
[2025-10-17T07:39:15.381+0000] {processor.py:839} INFO - DAG(s) dict_keys(['latest_only_with_trigger']) retrieved from /home/airflow/.local/lib/python3.8/site-packages/airflow/example_dags/example_latest_only_with_trigger.py
[2025-10-17T07:39:15.408+0000] {logging_mixin.py:154} INFO - [2025-10-17T07:39:15.408+0000] {dag.py:2941} INFO - Sync 1 DAGs
[2025-10-17T07:39:15.434+0000] {logging_mixin.py:154} INFO - [2025-10-17T07:39:15.434+0000] {dag.py:3722} INFO - Setting next_dagrun for latest_only_with_trigger to 2025-10-17T03:39:15.433845+00:00, run_after=2025-10-17T07:39:15.433845+00:00
[2025-10-17T07:39:15.456+0000] {processor.py:179} INFO - Processing /home/airflow/.local/lib/python3.8/site-packages/airflow/example_dags/example_latest_only_with_trigger.py took 0.090 seconds
[2025-10-17T07:39:45.500+0000] {processor.py:157} INFO - Started process (PID=189) to work on /home/airflow/.local/lib/python3.8/site-packages/airflow/example_dags/example_latest_only_with_trigger.py
[2025-10-17T07:39:45.502+0000] {processor.py:829} INFO - Processing file /home/airflow/.local/lib/python3.8/site-packages/airflow/example_dags/example_latest_only_with_trigger.py for tasks to queue
[2025-10-17T07:39:45.504+0000] {logging_mixin.py:154} INFO - [2025-10-17T07:39:45.504+0000] {dagbag.py:536} INFO - Filling up the DagBag from /home/airflow/.local/lib/python3.8/site-packages/airflow/example_dags/example_latest_only_with_trigger.py
[2025-10-17T07:39:45.509+0000] {processor.py:839} INFO - DAG(s) dict_keys(['latest_only_with_trigger']) retrieved from /home/airflow/.local/lib/python3.8/site-packages/airflow/example_dags/example_latest_only_with_trigger.py
[2025-10-17T07:39:45.530+0000] {logging_mixin.py:154} INFO - [2025-10-17T07:39:45.530+0000] {dag.py:2941} INFO - Sync 1 DAGs
[2025-10-17T07:39:45.548+0000] {logging_mixin.py:154} INFO - [2025-10-17T07:39:45.548+0000] {dag.py:3722} INFO - Setting next_dagrun for latest_only_with_trigger to 2025-10-17T03:39:45.548408+00:00, run_after=2025-10-17T07:39:45.548408+00:00
[2025-10-17T07:39:45.566+0000] {processor.py:179} INFO - Processing /home/airflow/.local/lib/python3.8/site-packages/airflow/example_dags/example_latest_only_with_trigger.py took 0.069 seconds
[2025-10-17T07:40:16.874+0000] {processor.py:157} INFO - Started process (PID=245) to work on /home/airflow/.local/lib/python3.8/site-packages/airflow/example_dags/example_latest_only_with_trigger.py
[2025-10-17T07:40:16.875+0000] {processor.py:829} INFO - Processing file /home/airflow/.local/lib/python3.8/site-packages/airflow/example_dags/example_latest_only_with_trigger.py for tasks to queue
[2025-10-17T07:40:16.877+0000] {logging_mixin.py:154} INFO - [2025-10-17T07:40:16.877+0000] {dagbag.py:536} INFO - Filling up the DagBag from /home/airflow/.local/lib/python3.8/site-packages/airflow/example_dags/example_latest_only_with_trigger.py
[2025-10-17T07:40:16.882+0000] {processor.py:839} INFO - DAG(s) dict_keys(['latest_only_with_trigger']) retrieved from /home/airflow/.local/lib/python3.8/site-packages/airflow/example_dags/example_latest_only_with_trigger.py
[2025-10-17T07:40:16.902+0000] {logging_mixin.py:154} INFO - [2025-10-17T07:40:16.901+0000] {dag.py:2941} INFO - Sync 1 DAGs
[2025-10-17T07:40:16.920+0000] {logging_mixin.py:154} INFO - [2025-10-17T07:40:16.920+0000] {dag.py:3722} INFO - Setting next_dagrun for latest_only_with_trigger to 2025-10-17T03:40:16.920485+00:00, run_after=2025-10-17T07:40:16.920485+00:00
[2025-10-17T07:40:16.936+0000] {processor.py:179} INFO - Processing /home/airflow/.local/lib/python3.8/site-packages/airflow/example_dags/example_latest_only_with_trigger.py took 0.065 seconds
[2025-10-17T07:40:47.524+0000] {processor.py:157} INFO - Started process (PID=301) to work on /home/airflow/.local/lib/python3.8/site-packages/airflow/example_dags/example_latest_only_with_trigger.py
[2025-10-17T07:40:47.525+0000] {processor.py:829} INFO - Processing file /home/airflow/.local/lib/python3.8/site-packages/airflow/example_dags/example_latest_only_with_trigger.py for tasks to queue
[2025-10-17T07:40:47.527+0000] {logging_mixin.py:154} INFO - [2025-10-17T07:40:47.527+0000] {dagbag.py:536} INFO - Filling up the DagBag from /home/airflow/.local/lib/python3.8/site-packages/airflow/example_dags/example_latest_only_with_trigger.py
[2025-10-17T07:40:47.532+0000] {processor.py:839} INFO - DAG(s) dict_keys(['latest_only_with_trigger']) retrieved from /home/airflow/.local/lib/python3.8/site-packages/airflow/example_dags/example_latest_only_with_trigger.py
[2025-10-17T07:40:47.553+0000] {logging_mixin.py:154} INFO - [2025-10-17T07:40:47.552+0000] {dag.py:2941} INFO - Sync 1 DAGs
[2025-10-17T07:40:47.571+0000] {logging_mixin.py:154} INFO - [2025-10-17T07:40:47.571+0000] {dag.py:3722} INFO - Setting next_dagrun for latest_only_with_trigger to 2025-10-17T03:40:47.571428+00:00, run_after=2025-10-17T07:40:47.571428+00:00
[2025-10-17T07:40:47.589+0000] {processor.py:179} INFO - Processing /home/airflow/.local/lib/python3.8/site-packages/airflow/example_dags/example_latest_only_with_trigger.py took 0.068 seconds
[2025-10-17T07:41:18.051+0000] {processor.py:157} INFO - Started process (PID=357) to work on /home/airflow/.local/lib/python3.8/site-packages/airflow/example_dags/example_latest_only_with_trigger.py
[2025-10-17T07:41:18.052+0000] {processor.py:829} INFO - Processing file /home/airflow/.local/lib/python3.8/site-packages/airflow/example_dags/example_latest_only_with_trigger.py for tasks to queue
[2025-10-17T07:41:18.055+0000] {logging_mixin.py:154} INFO - [2025-10-17T07:41:18.054+0000] {dagbag.py:536} INFO - Filling up the DagBag from /home/airflow/.local/lib/python3.8/site-packages/airflow/example_dags/example_latest_only_with_trigger.py
[2025-10-17T07:41:18.060+0000] {processor.py:839} INFO - DAG(s) dict_keys(['latest_only_with_trigger']) retrieved from /home/airflow/.local/lib/python3.8/site-packages/airflow/example_dags/example_latest_only_with_trigger.py
[2025-10-17T07:41:18.081+0000] {logging_mixin.py:154} INFO - [2025-10-17T07:41:18.081+0000] {dag.py:2941} INFO - Sync 1 DAGs
[2025-10-17T07:41:18.102+0000] {logging_mixin.py:154} INFO - [2025-10-17T07:41:18.102+0000] {dag.py:3722} INFO - Setting next_dagrun for latest_only_with_trigger to 2025-10-17T03:41:18.101970+00:00, run_after=2025-10-17T07:41:18.101970+00:00
[2025-10-17T07:41:18.121+0000] {processor.py:179} INFO - Processing /home/airflow/.local/lib/python3.8/site-packages/airflow/example_dags/example_latest_only_with_trigger.py took 0.074 seconds
[2025-10-17T07:42:28.039+0000] {processor.py:157} INFO - Started process (PID=69) to work on /home/airflow/.local/lib/python3.8/site-packages/airflow/example_dags/example_latest_only_with_trigger.py
[2025-10-17T07:42:28.041+0000] {processor.py:829} INFO - Processing file /home/airflow/.local/lib/python3.8/site-packages/airflow/example_dags/example_latest_only_with_trigger.py for tasks to queue
[2025-10-17T07:42:28.043+0000] {logging_mixin.py:154} INFO - [2025-10-17T07:42:28.043+0000] {dagbag.py:536} INFO - Filling up the DagBag from /home/airflow/.local/lib/python3.8/site-packages/airflow/example_dags/example_latest_only_with_trigger.py
[2025-10-17T07:42:28.051+0000] {processor.py:839} INFO - DAG(s) dict_keys(['latest_only_with_trigger']) retrieved from /home/airflow/.local/lib/python3.8/site-packages/airflow/example_dags/example_latest_only_with_trigger.py
[2025-10-17T07:42:28.171+0000] {logging_mixin.py:154} INFO - [2025-10-17T07:42:28.170+0000] {manager.py:499} INFO - Created Permission View: %s
[2025-10-17T07:42:28.183+0000] {logging_mixin.py:154} INFO - [2025-10-17T07:42:28.183+0000] {manager.py:499} INFO - Created Permission View: %s
[2025-10-17T07:42:28.199+0000] {logging_mixin.py:154} INFO - [2025-10-17T07:42:28.198+0000] {manager.py:499} INFO - Created Permission View: %s
[2025-10-17T07:42:28.200+0000] {logging_mixin.py:154} INFO - [2025-10-17T07:42:28.200+0000] {dag.py:2941} INFO - Sync 1 DAGs
[2025-10-17T07:42:28.233+0000] {logging_mixin.py:154} INFO - [2025-10-17T07:42:28.232+0000] {dag.py:2963} INFO - Creating ORM DAG for latest_only_with_trigger
[2025-10-17T07:42:28.252+0000] {logging_mixin.py:154} INFO - [2025-10-17T07:42:28.251+0000] {dag.py:3722} INFO - Setting next_dagrun for latest_only_with_trigger to 2025-10-17T03:42:28.251302+00:00, run_after=2025-10-17T07:42:28.251302+00:00
[2025-10-17T07:42:28.289+0000] {processor.py:179} INFO - Processing /home/airflow/.local/lib/python3.8/site-packages/airflow/example_dags/example_latest_only_with_trigger.py took 0.255 seconds
[2025-10-17T07:42:58.988+0000] {processor.py:157} INFO - Started process (PID=132) to work on /home/airflow/.local/lib/python3.8/site-packages/airflow/example_dags/example_latest_only_with_trigger.py
[2025-10-17T07:42:58.990+0000] {processor.py:829} INFO - Processing file /home/airflow/.local/lib/python3.8/site-packages/airflow/example_dags/example_latest_only_with_trigger.py for tasks to queue
[2025-10-17T07:42:58.992+0000] {logging_mixin.py:154} INFO - [2025-10-17T07:42:58.992+0000] {dagbag.py:536} INFO - Filling up the DagBag from /home/airflow/.local/lib/python3.8/site-packages/airflow/example_dags/example_latest_only_with_trigger.py
[2025-10-17T07:42:58.997+0000] {processor.py:839} INFO - DAG(s) dict_keys(['latest_only_with_trigger']) retrieved from /home/airflow/.local/lib/python3.8/site-packages/airflow/example_dags/example_latest_only_with_trigger.py
[2025-10-17T07:42:59.017+0000] {logging_mixin.py:154} INFO - [2025-10-17T07:42:59.017+0000] {dag.py:2941} INFO - Sync 1 DAGs
[2025-10-17T07:42:59.039+0000] {logging_mixin.py:154} INFO - [2025-10-17T07:42:59.039+0000] {dag.py:3722} INFO - Setting next_dagrun for latest_only_with_trigger to 2025-10-17T03:42:59.038872+00:00, run_after=2025-10-17T07:42:59.038872+00:00
[2025-10-17T07:42:59.059+0000] {processor.py:179} INFO - Processing /home/airflow/.local/lib/python3.8/site-packages/airflow/example_dags/example_latest_only_with_trigger.py took 0.074 seconds
[2025-10-17T07:44:25.388+0000] {processor.py:157} INFO - Started process (PID=69) to work on /home/airflow/.local/lib/python3.8/site-packages/airflow/example_dags/example_latest_only_with_trigger.py
[2025-10-17T07:44:25.390+0000] {processor.py:829} INFO - Processing file /home/airflow/.local/lib/python3.8/site-packages/airflow/example_dags/example_latest_only_with_trigger.py for tasks to queue
[2025-10-17T07:44:25.392+0000] {logging_mixin.py:154} INFO - [2025-10-17T07:44:25.392+0000] {dagbag.py:536} INFO - Filling up the DagBag from /home/airflow/.local/lib/python3.8/site-packages/airflow/example_dags/example_latest_only_with_trigger.py
[2025-10-17T07:44:25.401+0000] {processor.py:839} INFO - DAG(s) dict_keys(['latest_only_with_trigger']) retrieved from /home/airflow/.local/lib/python3.8/site-packages/airflow/example_dags/example_latest_only_with_trigger.py
[2025-10-17T07:44:25.510+0000] {logging_mixin.py:154} INFO - [2025-10-17T07:44:25.509+0000] {manager.py:499} INFO - Created Permission View: %s
[2025-10-17T07:44:25.525+0000] {logging_mixin.py:154} INFO - [2025-10-17T07:44:25.525+0000] {manager.py:499} INFO - Created Permission View: %s
[2025-10-17T07:44:25.537+0000] {logging_mixin.py:154} INFO - [2025-10-17T07:44:25.536+0000] {manager.py:499} INFO - Created Permission View: %s
[2025-10-17T07:44:25.537+0000] {logging_mixin.py:154} INFO - [2025-10-17T07:44:25.537+0000] {dag.py:2941} INFO - Sync 1 DAGs
[2025-10-17T07:44:25.555+0000] {logging_mixin.py:154} INFO - [2025-10-17T07:44:25.555+0000] {dag.py:2963} INFO - Creating ORM DAG for latest_only_with_trigger
[2025-10-17T07:44:25.574+0000] {logging_mixin.py:154} INFO - [2025-10-17T07:44:25.574+0000] {dag.py:3722} INFO - Setting next_dagrun for latest_only_with_trigger to 2025-10-17T03:44:25.574000+00:00, run_after=2025-10-17T07:44:25.574000+00:00
[2025-10-17T07:44:25.608+0000] {processor.py:179} INFO - Processing /home/airflow/.local/lib/python3.8/site-packages/airflow/example_dags/example_latest_only_with_trigger.py took 0.224 seconds
[2025-10-17T07:44:36.040+0000] {processor.py:157} INFO - Started process (PID=61) to work on /home/airflow/.local/lib/python3.8/site-packages/airflow/example_dags/example_latest_only_with_trigger.py
[2025-10-17T07:44:36.041+0000] {processor.py:829} INFO - Processing file /home/airflow/.local/lib/python3.8/site-packages/airflow/example_dags/example_latest_only_with_trigger.py for tasks to queue
[2025-10-17T07:44:36.045+0000] {logging_mixin.py:154} INFO - [2025-10-17T07:44:36.044+0000] {dagbag.py:536} INFO - Filling up the DagBag from /home/airflow/.local/lib/python3.8/site-packages/airflow/example_dags/example_latest_only_with_trigger.py
[2025-10-17T07:44:36.053+0000] {processor.py:839} INFO - DAG(s) dict_keys(['latest_only_with_trigger']) retrieved from /home/airflow/.local/lib/python3.8/site-packages/airflow/example_dags/example_latest_only_with_trigger.py
[2025-10-17T07:44:36.067+0000] {logging_mixin.py:154} INFO - [2025-10-17T07:44:36.067+0000] {dag.py:2941} INFO - Sync 1 DAGs
[2025-10-17T07:44:36.094+0000] {logging_mixin.py:154} INFO - [2025-10-17T07:44:36.094+0000] {dag.py:3722} INFO - Setting next_dagrun for latest_only_with_trigger to 2025-10-17T03:44:36.093818+00:00, run_after=2025-10-17T07:44:36.093818+00:00
[2025-10-17T07:44:36.111+0000] {processor.py:179} INFO - Processing /home/airflow/.local/lib/python3.8/site-packages/airflow/example_dags/example_latest_only_with_trigger.py took 0.074 seconds
[2025-10-17T07:45:06.582+0000] {processor.py:157} INFO - Started process (PID=117) to work on /home/airflow/.local/lib/python3.8/site-packages/airflow/example_dags/example_latest_only_with_trigger.py
[2025-10-17T07:45:06.582+0000] {processor.py:829} INFO - Processing file /home/airflow/.local/lib/python3.8/site-packages/airflow/example_dags/example_latest_only_with_trigger.py for tasks to queue
[2025-10-17T07:45:06.585+0000] {logging_mixin.py:154} INFO - [2025-10-17T07:45:06.585+0000] {dagbag.py:536} INFO - Filling up the DagBag from /home/airflow/.local/lib/python3.8/site-packages/airflow/example_dags/example_latest_only_with_trigger.py
[2025-10-17T07:45:06.590+0000] {processor.py:839} INFO - DAG(s) dict_keys(['latest_only_with_trigger']) retrieved from /home/airflow/.local/lib/python3.8/site-packages/airflow/example_dags/example_latest_only_with_trigger.py
[2025-10-17T07:45:06.612+0000] {logging_mixin.py:154} INFO - [2025-10-17T07:45:06.612+0000] {dag.py:2941} INFO - Sync 1 DAGs
[2025-10-17T07:45:06.630+0000] {logging_mixin.py:154} INFO - [2025-10-17T07:45:06.630+0000] {dag.py:3722} INFO - Setting next_dagrun for latest_only_with_trigger to 2025-10-17T03:45:06.630315+00:00, run_after=2025-10-17T07:45:06.630315+00:00
[2025-10-17T07:45:06.647+0000] {processor.py:179} INFO - Processing /home/airflow/.local/lib/python3.8/site-packages/airflow/example_dags/example_latest_only_with_trigger.py took 0.069 seconds
[2025-10-17T07:46:20.090+0000] {processor.py:157} INFO - Started process (PID=69) to work on /home/airflow/.local/lib/python3.8/site-packages/airflow/example_dags/example_latest_only_with_trigger.py
[2025-10-17T07:46:20.092+0000] {processor.py:829} INFO - Processing file /home/airflow/.local/lib/python3.8/site-packages/airflow/example_dags/example_latest_only_with_trigger.py for tasks to queue
[2025-10-17T07:46:20.095+0000] {logging_mixin.py:154} INFO - [2025-10-17T07:46:20.095+0000] {dagbag.py:536} INFO - Filling up the DagBag from /home/airflow/.local/lib/python3.8/site-packages/airflow/example_dags/example_latest_only_with_trigger.py
[2025-10-17T07:46:20.107+0000] {processor.py:839} INFO - DAG(s) dict_keys(['latest_only_with_trigger']) retrieved from /home/airflow/.local/lib/python3.8/site-packages/airflow/example_dags/example_latest_only_with_trigger.py
[2025-10-17T07:46:20.222+0000] {logging_mixin.py:154} INFO - [2025-10-17T07:46:20.222+0000] {manager.py:499} INFO - Created Permission View: %s
[2025-10-17T07:46:20.233+0000] {logging_mixin.py:154} INFO - [2025-10-17T07:46:20.232+0000] {manager.py:499} INFO - Created Permission View: %s
[2025-10-17T07:46:20.241+0000] {logging_mixin.py:154} INFO - [2025-10-17T07:46:20.241+0000] {manager.py:499} INFO - Created Permission View: %s
[2025-10-17T07:46:20.242+0000] {logging_mixin.py:154} INFO - [2025-10-17T07:46:20.242+0000] {dag.py:2941} INFO - Sync 1 DAGs
[2025-10-17T07:46:20.258+0000] {logging_mixin.py:154} INFO - [2025-10-17T07:46:20.257+0000] {dag.py:2963} INFO - Creating ORM DAG for latest_only_with_trigger
[2025-10-17T07:46:20.270+0000] {logging_mixin.py:154} INFO - [2025-10-17T07:46:20.270+0000] {dag.py:3722} INFO - Setting next_dagrun for latest_only_with_trigger to 2025-10-17T03:46:20.270131+00:00, run_after=2025-10-17T07:46:20.270131+00:00
[2025-10-17T07:46:20.290+0000] {processor.py:179} INFO - Processing /home/airflow/.local/lib/python3.8/site-packages/airflow/example_dags/example_latest_only_with_trigger.py took 0.205 seconds
[2025-10-17T07:46:50.385+0000] {processor.py:157} INFO - Started process (PID=125) to work on /home/airflow/.local/lib/python3.8/site-packages/airflow/example_dags/example_latest_only_with_trigger.py
[2025-10-17T07:46:50.387+0000] {processor.py:829} INFO - Processing file /home/airflow/.local/lib/python3.8/site-packages/airflow/example_dags/example_latest_only_with_trigger.py for tasks to queue
[2025-10-17T07:46:50.389+0000] {logging_mixin.py:154} INFO - [2025-10-17T07:46:50.389+0000] {dagbag.py:536} INFO - Filling up the DagBag from /home/airflow/.local/lib/python3.8/site-packages/airflow/example_dags/example_latest_only_with_trigger.py
[2025-10-17T07:46:50.394+0000] {processor.py:839} INFO - DAG(s) dict_keys(['latest_only_with_trigger']) retrieved from /home/airflow/.local/lib/python3.8/site-packages/airflow/example_dags/example_latest_only_with_trigger.py
[2025-10-17T07:46:50.414+0000] {logging_mixin.py:154} INFO - [2025-10-17T07:46:50.414+0000] {dag.py:2941} INFO - Sync 1 DAGs
[2025-10-17T07:46:50.433+0000] {logging_mixin.py:154} INFO - [2025-10-17T07:46:50.433+0000] {dag.py:3722} INFO - Setting next_dagrun for latest_only_with_trigger to 2025-10-17T03:46:50.433236+00:00, run_after=2025-10-17T07:46:50.433236+00:00
[2025-10-17T07:46:50.451+0000] {processor.py:179} INFO - Processing /home/airflow/.local/lib/python3.8/site-packages/airflow/example_dags/example_latest_only_with_trigger.py took 0.069 seconds
[2025-10-17T07:47:21.323+0000] {processor.py:157} INFO - Started process (PID=181) to work on /home/airflow/.local/lib/python3.8/site-packages/airflow/example_dags/example_latest_only_with_trigger.py
[2025-10-17T07:47:21.324+0000] {processor.py:829} INFO - Processing file /home/airflow/.local/lib/python3.8/site-packages/airflow/example_dags/example_latest_only_with_trigger.py for tasks to queue
[2025-10-17T07:47:21.327+0000] {logging_mixin.py:154} INFO - [2025-10-17T07:47:21.327+0000] {dagbag.py:536} INFO - Filling up the DagBag from /home/airflow/.local/lib/python3.8/site-packages/airflow/example_dags/example_latest_only_with_trigger.py
[2025-10-17T07:47:21.332+0000] {processor.py:839} INFO - DAG(s) dict_keys(['latest_only_with_trigger']) retrieved from /home/airflow/.local/lib/python3.8/site-packages/airflow/example_dags/example_latest_only_with_trigger.py
[2025-10-17T07:47:21.354+0000] {logging_mixin.py:154} INFO - [2025-10-17T07:47:21.353+0000] {dag.py:2941} INFO - Sync 1 DAGs
[2025-10-17T07:47:21.374+0000] {logging_mixin.py:154} INFO - [2025-10-17T07:47:21.374+0000] {dag.py:3722} INFO - Setting next_dagrun for latest_only_with_trigger to 2025-10-17T03:47:21.374487+00:00, run_after=2025-10-17T07:47:21.374487+00:00
[2025-10-17T07:47:21.393+0000] {processor.py:179} INFO - Processing /home/airflow/.local/lib/python3.8/site-packages/airflow/example_dags/example_latest_only_with_trigger.py took 0.074 seconds
[2025-10-17T07:47:51.901+0000] {processor.py:157} INFO - Started process (PID=244) to work on /home/airflow/.local/lib/python3.8/site-packages/airflow/example_dags/example_latest_only_with_trigger.py
[2025-10-17T07:47:51.903+0000] {processor.py:829} INFO - Processing file /home/airflow/.local/lib/python3.8/site-packages/airflow/example_dags/example_latest_only_with_trigger.py for tasks to queue
[2025-10-17T07:47:51.905+0000] {logging_mixin.py:154} INFO - [2025-10-17T07:47:51.904+0000] {dagbag.py:536} INFO - Filling up the DagBag from /home/airflow/.local/lib/python3.8/site-packages/airflow/example_dags/example_latest_only_with_trigger.py
[2025-10-17T07:47:51.911+0000] {processor.py:839} INFO - DAG(s) dict_keys(['latest_only_with_trigger']) retrieved from /home/airflow/.local/lib/python3.8/site-packages/airflow/example_dags/example_latest_only_with_trigger.py
[2025-10-17T07:47:51.930+0000] {logging_mixin.py:154} INFO - [2025-10-17T07:47:51.930+0000] {dag.py:2941} INFO - Sync 1 DAGs
[2025-10-17T07:47:51.951+0000] {logging_mixin.py:154} INFO - [2025-10-17T07:47:51.951+0000] {dag.py:3722} INFO - Setting next_dagrun for latest_only_with_trigger to 2025-10-17T03:47:51.950894+00:00, run_after=2025-10-17T07:47:51.950894+00:00
[2025-10-17T07:47:51.969+0000] {processor.py:179} INFO - Processing /home/airflow/.local/lib/python3.8/site-packages/airflow/example_dags/example_latest_only_with_trigger.py took 0.072 seconds
[2025-10-17T07:48:22.407+0000] {processor.py:157} INFO - Started process (PID=300) to work on /home/airflow/.local/lib/python3.8/site-packages/airflow/example_dags/example_latest_only_with_trigger.py
[2025-10-17T07:48:22.408+0000] {processor.py:829} INFO - Processing file /home/airflow/.local/lib/python3.8/site-packages/airflow/example_dags/example_latest_only_with_trigger.py for tasks to queue
[2025-10-17T07:48:22.410+0000] {logging_mixin.py:154} INFO - [2025-10-17T07:48:22.410+0000] {dagbag.py:536} INFO - Filling up the DagBag from /home/airflow/.local/lib/python3.8/site-packages/airflow/example_dags/example_latest_only_with_trigger.py
[2025-10-17T07:48:22.416+0000] {processor.py:839} INFO - DAG(s) dict_keys(['latest_only_with_trigger']) retrieved from /home/airflow/.local/lib/python3.8/site-packages/airflow/example_dags/example_latest_only_with_trigger.py
[2025-10-17T07:48:22.438+0000] {logging_mixin.py:154} INFO - [2025-10-17T07:48:22.437+0000] {dag.py:2941} INFO - Sync 1 DAGs
[2025-10-17T07:48:22.459+0000] {logging_mixin.py:154} INFO - [2025-10-17T07:48:22.458+0000] {dag.py:3722} INFO - Setting next_dagrun for latest_only_with_trigger to 2025-10-17T03:48:22.458577+00:00, run_after=2025-10-17T07:48:22.458577+00:00
[2025-10-17T07:48:22.485+0000] {processor.py:179} INFO - Processing /home/airflow/.local/lib/python3.8/site-packages/airflow/example_dags/example_latest_only_with_trigger.py took 0.081 seconds
[2025-10-17T07:48:53.344+0000] {processor.py:157} INFO - Started process (PID=356) to work on /home/airflow/.local/lib/python3.8/site-packages/airflow/example_dags/example_latest_only_with_trigger.py
[2025-10-17T07:48:53.345+0000] {processor.py:829} INFO - Processing file /home/airflow/.local/lib/python3.8/site-packages/airflow/example_dags/example_latest_only_with_trigger.py for tasks to queue
[2025-10-17T07:48:53.347+0000] {logging_mixin.py:154} INFO - [2025-10-17T07:48:53.347+0000] {dagbag.py:536} INFO - Filling up the DagBag from /home/airflow/.local/lib/python3.8/site-packages/airflow/example_dags/example_latest_only_with_trigger.py
[2025-10-17T07:48:53.352+0000] {processor.py:839} INFO - DAG(s) dict_keys(['latest_only_with_trigger']) retrieved from /home/airflow/.local/lib/python3.8/site-packages/airflow/example_dags/example_latest_only_with_trigger.py
[2025-10-17T07:48:53.373+0000] {logging_mixin.py:154} INFO - [2025-10-17T07:48:53.373+0000] {dag.py:2941} INFO - Sync 1 DAGs
[2025-10-17T07:48:53.393+0000] {logging_mixin.py:154} INFO - [2025-10-17T07:48:53.392+0000] {dag.py:3722} INFO - Setting next_dagrun for latest_only_with_trigger to 2025-10-17T03:48:53.392641+00:00, run_after=2025-10-17T07:48:53.392641+00:00
[2025-10-17T07:48:53.409+0000] {processor.py:179} INFO - Processing /home/airflow/.local/lib/python3.8/site-packages/airflow/example_dags/example_latest_only_with_trigger.py took 0.069 seconds
[2025-10-17T07:49:23.829+0000] {processor.py:157} INFO - Started process (PID=412) to work on /home/airflow/.local/lib/python3.8/site-packages/airflow/example_dags/example_latest_only_with_trigger.py
[2025-10-17T07:49:23.830+0000] {processor.py:829} INFO - Processing file /home/airflow/.local/lib/python3.8/site-packages/airflow/example_dags/example_latest_only_with_trigger.py for tasks to queue
[2025-10-17T07:49:23.833+0000] {logging_mixin.py:154} INFO - [2025-10-17T07:49:23.832+0000] {dagbag.py:536} INFO - Filling up the DagBag from /home/airflow/.local/lib/python3.8/site-packages/airflow/example_dags/example_latest_only_with_trigger.py
[2025-10-17T07:49:23.838+0000] {processor.py:839} INFO - DAG(s) dict_keys(['latest_only_with_trigger']) retrieved from /home/airflow/.local/lib/python3.8/site-packages/airflow/example_dags/example_latest_only_with_trigger.py
[2025-10-17T07:49:23.860+0000] {logging_mixin.py:154} INFO - [2025-10-17T07:49:23.860+0000] {dag.py:2941} INFO - Sync 1 DAGs
[2025-10-17T07:49:23.882+0000] {logging_mixin.py:154} INFO - [2025-10-17T07:49:23.882+0000] {dag.py:3722} INFO - Setting next_dagrun for latest_only_with_trigger to 2025-10-17T03:49:23.881914+00:00, run_after=2025-10-17T07:49:23.881914+00:00
[2025-10-17T07:49:23.903+0000] {processor.py:179} INFO - Processing /home/airflow/.local/lib/python3.8/site-packages/airflow/example_dags/example_latest_only_with_trigger.py took 0.078 seconds
[2025-10-17T07:49:54.411+0000] {processor.py:157} INFO - Started process (PID=467) to work on /home/airflow/.local/lib/python3.8/site-packages/airflow/example_dags/example_latest_only_with_trigger.py
[2025-10-17T07:49:54.412+0000] {processor.py:829} INFO - Processing file /home/airflow/.local/lib/python3.8/site-packages/airflow/example_dags/example_latest_only_with_trigger.py for tasks to queue
[2025-10-17T07:49:54.414+0000] {logging_mixin.py:154} INFO - [2025-10-17T07:49:54.414+0000] {dagbag.py:536} INFO - Filling up the DagBag from /home/airflow/.local/lib/python3.8/site-packages/airflow/example_dags/example_latest_only_with_trigger.py
[2025-10-17T07:49:54.420+0000] {processor.py:839} INFO - DAG(s) dict_keys(['latest_only_with_trigger']) retrieved from /home/airflow/.local/lib/python3.8/site-packages/airflow/example_dags/example_latest_only_with_trigger.py
[2025-10-17T07:49:54.444+0000] {logging_mixin.py:154} INFO - [2025-10-17T07:49:54.444+0000] {dag.py:2941} INFO - Sync 1 DAGs
[2025-10-17T07:49:54.468+0000] {logging_mixin.py:154} INFO - [2025-10-17T07:49:54.468+0000] {dag.py:3722} INFO - Setting next_dagrun for latest_only_with_trigger to 2025-10-17T03:49:54.467989+00:00, run_after=2025-10-17T07:49:54.467989+00:00
[2025-10-17T07:49:54.488+0000] {processor.py:179} INFO - Processing /home/airflow/.local/lib/python3.8/site-packages/airflow/example_dags/example_latest_only_with_trigger.py took 0.081 seconds
[2025-10-17T07:50:25.679+0000] {processor.py:157} INFO - Started process (PID=524) to work on /home/airflow/.local/lib/python3.8/site-packages/airflow/example_dags/example_latest_only_with_trigger.py
[2025-10-17T07:50:25.680+0000] {processor.py:829} INFO - Processing file /home/airflow/.local/lib/python3.8/site-packages/airflow/example_dags/example_latest_only_with_trigger.py for tasks to queue
[2025-10-17T07:50:25.682+0000] {logging_mixin.py:154} INFO - [2025-10-17T07:50:25.682+0000] {dagbag.py:536} INFO - Filling up the DagBag from /home/airflow/.local/lib/python3.8/site-packages/airflow/example_dags/example_latest_only_with_trigger.py
[2025-10-17T07:50:25.688+0000] {processor.py:839} INFO - DAG(s) dict_keys(['latest_only_with_trigger']) retrieved from /home/airflow/.local/lib/python3.8/site-packages/airflow/example_dags/example_latest_only_with_trigger.py
[2025-10-17T07:50:25.709+0000] {logging_mixin.py:154} INFO - [2025-10-17T07:50:25.708+0000] {dag.py:2941} INFO - Sync 1 DAGs
[2025-10-17T07:50:25.727+0000] {logging_mixin.py:154} INFO - [2025-10-17T07:50:25.727+0000] {dag.py:3722} INFO - Setting next_dagrun for latest_only_with_trigger to 2025-10-17T03:50:25.727410+00:00, run_after=2025-10-17T07:50:25.727410+00:00
[2025-10-17T07:50:25.746+0000] {processor.py:179} INFO - Processing /home/airflow/.local/lib/python3.8/site-packages/airflow/example_dags/example_latest_only_with_trigger.py took 0.071 seconds
[2025-10-17T07:50:56.713+0000] {processor.py:157} INFO - Started process (PID=580) to work on /home/airflow/.local/lib/python3.8/site-packages/airflow/example_dags/example_latest_only_with_trigger.py
[2025-10-17T07:50:56.714+0000] {processor.py:829} INFO - Processing file /home/airflow/.local/lib/python3.8/site-packages/airflow/example_dags/example_latest_only_with_trigger.py for tasks to queue
[2025-10-17T07:50:56.716+0000] {logging_mixin.py:154} INFO - [2025-10-17T07:50:56.716+0000] {dagbag.py:536} INFO - Filling up the DagBag from /home/airflow/.local/lib/python3.8/site-packages/airflow/example_dags/example_latest_only_with_trigger.py
[2025-10-17T07:50:56.722+0000] {processor.py:839} INFO - DAG(s) dict_keys(['latest_only_with_trigger']) retrieved from /home/airflow/.local/lib/python3.8/site-packages/airflow/example_dags/example_latest_only_with_trigger.py
[2025-10-17T07:50:56.741+0000] {logging_mixin.py:154} INFO - [2025-10-17T07:50:56.741+0000] {dag.py:2941} INFO - Sync 1 DAGs
[2025-10-17T07:50:56.758+0000] {logging_mixin.py:154} INFO - [2025-10-17T07:50:56.758+0000] {dag.py:3722} INFO - Setting next_dagrun for latest_only_with_trigger to 2025-10-17T03:50:56.758107+00:00, run_after=2025-10-17T07:50:56.758107+00:00
[2025-10-17T07:50:56.773+0000] {processor.py:179} INFO - Processing /home/airflow/.local/lib/python3.8/site-packages/airflow/example_dags/example_latest_only_with_trigger.py took 0.063 seconds
[2025-10-17T07:51:27.228+0000] {processor.py:157} INFO - Started process (PID=636) to work on /home/airflow/.local/lib/python3.8/site-packages/airflow/example_dags/example_latest_only_with_trigger.py
[2025-10-17T07:51:27.230+0000] {processor.py:829} INFO - Processing file /home/airflow/.local/lib/python3.8/site-packages/airflow/example_dags/example_latest_only_with_trigger.py for tasks to queue
[2025-10-17T07:51:27.232+0000] {logging_mixin.py:154} INFO - [2025-10-17T07:51:27.232+0000] {dagbag.py:536} INFO - Filling up the DagBag from /home/airflow/.local/lib/python3.8/site-packages/airflow/example_dags/example_latest_only_with_trigger.py
[2025-10-17T07:51:27.238+0000] {processor.py:839} INFO - DAG(s) dict_keys(['latest_only_with_trigger']) retrieved from /home/airflow/.local/lib/python3.8/site-packages/airflow/example_dags/example_latest_only_with_trigger.py
[2025-10-17T07:51:27.263+0000] {logging_mixin.py:154} INFO - [2025-10-17T07:51:27.263+0000] {dag.py:2941} INFO - Sync 1 DAGs
[2025-10-17T07:51:27.286+0000] {logging_mixin.py:154} INFO - [2025-10-17T07:51:27.286+0000] {dag.py:3722} INFO - Setting next_dagrun for latest_only_with_trigger to 2025-10-17T03:51:27.285813+00:00, run_after=2025-10-17T07:51:27.285813+00:00
[2025-10-17T07:51:27.312+0000] {processor.py:179} INFO - Processing /home/airflow/.local/lib/python3.8/site-packages/airflow/example_dags/example_latest_only_with_trigger.py took 0.088 seconds
[2025-10-17T07:51:57.931+0000] {processor.py:157} INFO - Started process (PID=692) to work on /home/airflow/.local/lib/python3.8/site-packages/airflow/example_dags/example_latest_only_with_trigger.py
[2025-10-17T07:51:57.932+0000] {processor.py:829} INFO - Processing file /home/airflow/.local/lib/python3.8/site-packages/airflow/example_dags/example_latest_only_with_trigger.py for tasks to queue
[2025-10-17T07:51:57.934+0000] {logging_mixin.py:154} INFO - [2025-10-17T07:51:57.934+0000] {dagbag.py:536} INFO - Filling up the DagBag from /home/airflow/.local/lib/python3.8/site-packages/airflow/example_dags/example_latest_only_with_trigger.py
[2025-10-17T07:51:57.940+0000] {processor.py:839} INFO - DAG(s) dict_keys(['latest_only_with_trigger']) retrieved from /home/airflow/.local/lib/python3.8/site-packages/airflow/example_dags/example_latest_only_with_trigger.py
[2025-10-17T07:51:57.960+0000] {logging_mixin.py:154} INFO - [2025-10-17T07:51:57.959+0000] {dag.py:2941} INFO - Sync 1 DAGs
[2025-10-17T07:51:57.978+0000] {logging_mixin.py:154} INFO - [2025-10-17T07:51:57.978+0000] {dag.py:3722} INFO - Setting next_dagrun for latest_only_with_trigger to 2025-10-17T03:51:57.978399+00:00, run_after=2025-10-17T07:51:57.978399+00:00
[2025-10-17T07:51:57.996+0000] {processor.py:179} INFO - Processing /home/airflow/.local/lib/python3.8/site-packages/airflow/example_dags/example_latest_only_with_trigger.py took 0.068 seconds
[2025-10-17T08:08:52.883+0000] {processor.py:157} INFO - Started process (PID=77) to work on /home/airflow/.local/lib/python3.8/site-packages/airflow/example_dags/example_latest_only_with_trigger.py
[2025-10-17T08:08:52.891+0000] {processor.py:829} INFO - Processing file /home/airflow/.local/lib/python3.8/site-packages/airflow/example_dags/example_latest_only_with_trigger.py for tasks to queue
[2025-10-17T08:08:52.896+0000] {logging_mixin.py:154} INFO - [2025-10-17T08:08:52.896+0000] {dagbag.py:536} INFO - Filling up the DagBag from /home/airflow/.local/lib/python3.8/site-packages/airflow/example_dags/example_latest_only_with_trigger.py
[2025-10-17T08:08:52.913+0000] {processor.py:839} INFO - DAG(s) dict_keys(['latest_only_with_trigger']) retrieved from /home/airflow/.local/lib/python3.8/site-packages/airflow/example_dags/example_latest_only_with_trigger.py
[2025-10-17T08:08:53.102+0000] {logging_mixin.py:154} INFO - [2025-10-17T08:08:53.102+0000] {manager.py:499} INFO - Created Permission View: %s
[2025-10-17T08:08:53.124+0000] {logging_mixin.py:154} INFO - [2025-10-17T08:08:53.123+0000] {manager.py:499} INFO - Created Permission View: %s
[2025-10-17T08:08:53.139+0000] {logging_mixin.py:154} INFO - [2025-10-17T08:08:53.139+0000] {manager.py:499} INFO - Created Permission View: %s
[2025-10-17T08:08:53.140+0000] {logging_mixin.py:154} INFO - [2025-10-17T08:08:53.140+0000] {dag.py:2941} INFO - Sync 1 DAGs
[2025-10-17T08:08:53.162+0000] {logging_mixin.py:154} INFO - [2025-10-17T08:08:53.161+0000] {dag.py:2963} INFO - Creating ORM DAG for latest_only_with_trigger
[2025-10-17T08:08:53.183+0000] {logging_mixin.py:154} INFO - [2025-10-17T08:08:53.182+0000] {dag.py:3722} INFO - Setting next_dagrun for latest_only_with_trigger to 2025-10-17T04:08:53.182200+00:00, run_after=2025-10-17T08:08:53.182200+00:00
[2025-10-17T08:08:53.218+0000] {processor.py:179} INFO - Processing /home/airflow/.local/lib/python3.8/site-packages/airflow/example_dags/example_latest_only_with_trigger.py took 0.341 seconds
[2025-10-17T08:09:23.462+0000] {processor.py:157} INFO - Started process (PID=133) to work on /home/airflow/.local/lib/python3.8/site-packages/airflow/example_dags/example_latest_only_with_trigger.py
[2025-10-17T08:09:23.464+0000] {processor.py:829} INFO - Processing file /home/airflow/.local/lib/python3.8/site-packages/airflow/example_dags/example_latest_only_with_trigger.py for tasks to queue
[2025-10-17T08:09:23.467+0000] {logging_mixin.py:154} INFO - [2025-10-17T08:09:23.466+0000] {dagbag.py:536} INFO - Filling up the DagBag from /home/airflow/.local/lib/python3.8/site-packages/airflow/example_dags/example_latest_only_with_trigger.py
[2025-10-17T08:09:23.472+0000] {processor.py:839} INFO - DAG(s) dict_keys(['latest_only_with_trigger']) retrieved from /home/airflow/.local/lib/python3.8/site-packages/airflow/example_dags/example_latest_only_with_trigger.py
[2025-10-17T08:09:23.493+0000] {logging_mixin.py:154} INFO - [2025-10-17T08:09:23.493+0000] {dag.py:2941} INFO - Sync 1 DAGs
[2025-10-17T08:09:23.512+0000] {logging_mixin.py:154} INFO - [2025-10-17T08:09:23.512+0000] {dag.py:3722} INFO - Setting next_dagrun for latest_only_with_trigger to 2025-10-17T04:09:23.511951+00:00, run_after=2025-10-17T08:09:23.511951+00:00
[2025-10-17T08:09:23.531+0000] {processor.py:179} INFO - Processing /home/airflow/.local/lib/python3.8/site-packages/airflow/example_dags/example_latest_only_with_trigger.py took 0.072 seconds
[2025-10-17T08:09:54.444+0000] {processor.py:157} INFO - Started process (PID=189) to work on /home/airflow/.local/lib/python3.8/site-packages/airflow/example_dags/example_latest_only_with_trigger.py
[2025-10-17T08:09:54.446+0000] {processor.py:829} INFO - Processing file /home/airflow/.local/lib/python3.8/site-packages/airflow/example_dags/example_latest_only_with_trigger.py for tasks to queue
[2025-10-17T08:09:54.449+0000] {logging_mixin.py:154} INFO - [2025-10-17T08:09:54.449+0000] {dagbag.py:536} INFO - Filling up the DagBag from /home/airflow/.local/lib/python3.8/site-packages/airflow/example_dags/example_latest_only_with_trigger.py
[2025-10-17T08:09:54.458+0000] {processor.py:839} INFO - DAG(s) dict_keys(['latest_only_with_trigger']) retrieved from /home/airflow/.local/lib/python3.8/site-packages/airflow/example_dags/example_latest_only_with_trigger.py
[2025-10-17T08:09:54.486+0000] {logging_mixin.py:154} INFO - [2025-10-17T08:09:54.485+0000] {dag.py:2941} INFO - Sync 1 DAGs
[2025-10-17T08:09:54.512+0000] {logging_mixin.py:154} INFO - [2025-10-17T08:09:54.512+0000] {dag.py:3722} INFO - Setting next_dagrun for latest_only_with_trigger to 2025-10-17T04:09:54.512101+00:00, run_after=2025-10-17T08:09:54.512101+00:00
[2025-10-17T08:09:54.535+0000] {processor.py:179} INFO - Processing /home/airflow/.local/lib/python3.8/site-packages/airflow/example_dags/example_latest_only_with_trigger.py took 0.095 seconds
[2025-10-17T08:10:25.455+0000] {processor.py:157} INFO - Started process (PID=245) to work on /home/airflow/.local/lib/python3.8/site-packages/airflow/example_dags/example_latest_only_with_trigger.py
[2025-10-17T08:10:25.456+0000] {processor.py:829} INFO - Processing file /home/airflow/.local/lib/python3.8/site-packages/airflow/example_dags/example_latest_only_with_trigger.py for tasks to queue
[2025-10-17T08:10:25.458+0000] {logging_mixin.py:154} INFO - [2025-10-17T08:10:25.458+0000] {dagbag.py:536} INFO - Filling up the DagBag from /home/airflow/.local/lib/python3.8/site-packages/airflow/example_dags/example_latest_only_with_trigger.py
[2025-10-17T08:10:25.464+0000] {processor.py:839} INFO - DAG(s) dict_keys(['latest_only_with_trigger']) retrieved from /home/airflow/.local/lib/python3.8/site-packages/airflow/example_dags/example_latest_only_with_trigger.py
[2025-10-17T08:10:25.486+0000] {logging_mixin.py:154} INFO - [2025-10-17T08:10:25.486+0000] {dag.py:2941} INFO - Sync 1 DAGs
[2025-10-17T08:10:25.503+0000] {logging_mixin.py:154} INFO - [2025-10-17T08:10:25.503+0000] {dag.py:3722} INFO - Setting next_dagrun for latest_only_with_trigger to 2025-10-17T04:10:25.503543+00:00, run_after=2025-10-17T08:10:25.503543+00:00
[2025-10-17T08:10:25.520+0000] {processor.py:179} INFO - Processing /home/airflow/.local/lib/python3.8/site-packages/airflow/example_dags/example_latest_only_with_trigger.py took 0.068 seconds
[2025-10-17T08:10:56.218+0000] {processor.py:157} INFO - Started process (PID=301) to work on /home/airflow/.local/lib/python3.8/site-packages/airflow/example_dags/example_latest_only_with_trigger.py
[2025-10-17T08:10:56.219+0000] {processor.py:829} INFO - Processing file /home/airflow/.local/lib/python3.8/site-packages/airflow/example_dags/example_latest_only_with_trigger.py for tasks to queue
[2025-10-17T08:10:56.222+0000] {logging_mixin.py:154} INFO - [2025-10-17T08:10:56.221+0000] {dagbag.py:536} INFO - Filling up the DagBag from /home/airflow/.local/lib/python3.8/site-packages/airflow/example_dags/example_latest_only_with_trigger.py
[2025-10-17T08:10:56.227+0000] {processor.py:839} INFO - DAG(s) dict_keys(['latest_only_with_trigger']) retrieved from /home/airflow/.local/lib/python3.8/site-packages/airflow/example_dags/example_latest_only_with_trigger.py
[2025-10-17T08:10:56.247+0000] {logging_mixin.py:154} INFO - [2025-10-17T08:10:56.246+0000] {dag.py:2941} INFO - Sync 1 DAGs
[2025-10-17T08:10:56.265+0000] {logging_mixin.py:154} INFO - [2025-10-17T08:10:56.265+0000] {dag.py:3722} INFO - Setting next_dagrun for latest_only_with_trigger to 2025-10-17T04:10:56.265392+00:00, run_after=2025-10-17T08:10:56.265392+00:00
[2025-10-17T08:10:56.284+0000] {processor.py:179} INFO - Processing /home/airflow/.local/lib/python3.8/site-packages/airflow/example_dags/example_latest_only_with_trigger.py took 0.070 seconds
[2025-10-17T08:11:26.336+0000] {processor.py:157} INFO - Started process (PID=357) to work on /home/airflow/.local/lib/python3.8/site-packages/airflow/example_dags/example_latest_only_with_trigger.py
[2025-10-17T08:11:26.338+0000] {processor.py:829} INFO - Processing file /home/airflow/.local/lib/python3.8/site-packages/airflow/example_dags/example_latest_only_with_trigger.py for tasks to queue
[2025-10-17T08:11:26.340+0000] {logging_mixin.py:154} INFO - [2025-10-17T08:11:26.340+0000] {dagbag.py:536} INFO - Filling up the DagBag from /home/airflow/.local/lib/python3.8/site-packages/airflow/example_dags/example_latest_only_with_trigger.py
[2025-10-17T08:11:26.347+0000] {processor.py:839} INFO - DAG(s) dict_keys(['latest_only_with_trigger']) retrieved from /home/airflow/.local/lib/python3.8/site-packages/airflow/example_dags/example_latest_only_with_trigger.py
[2025-10-17T08:11:26.370+0000] {logging_mixin.py:154} INFO - [2025-10-17T08:11:26.369+0000] {dag.py:2941} INFO - Sync 1 DAGs
[2025-10-17T08:11:26.393+0000] {logging_mixin.py:154} INFO - [2025-10-17T08:11:26.393+0000] {dag.py:3722} INFO - Setting next_dagrun for latest_only_with_trigger to 2025-10-17T04:11:26.392624+00:00, run_after=2025-10-17T08:11:26.392624+00:00
[2025-10-17T08:11:26.422+0000] {processor.py:179} INFO - Processing /home/airflow/.local/lib/python3.8/site-packages/airflow/example_dags/example_latest_only_with_trigger.py took 0.090 seconds
[2025-10-17T08:12:35.018+0000] {processor.py:157} INFO - Started process (PID=78) to work on /home/airflow/.local/lib/python3.8/site-packages/airflow/example_dags/example_latest_only_with_trigger.py
[2025-10-17T08:12:35.019+0000] {processor.py:829} INFO - Processing file /home/airflow/.local/lib/python3.8/site-packages/airflow/example_dags/example_latest_only_with_trigger.py for tasks to queue
[2025-10-17T08:12:35.022+0000] {logging_mixin.py:154} INFO - [2025-10-17T08:12:35.021+0000] {dagbag.py:536} INFO - Filling up the DagBag from /home/airflow/.local/lib/python3.8/site-packages/airflow/example_dags/example_latest_only_with_trigger.py
[2025-10-17T08:12:35.029+0000] {processor.py:839} INFO - DAG(s) dict_keys(['latest_only_with_trigger']) retrieved from /home/airflow/.local/lib/python3.8/site-packages/airflow/example_dags/example_latest_only_with_trigger.py
[2025-10-17T08:12:35.124+0000] {logging_mixin.py:154} INFO - [2025-10-17T08:12:35.124+0000] {manager.py:499} INFO - Created Permission View: %s
[2025-10-17T08:12:35.133+0000] {logging_mixin.py:154} INFO - [2025-10-17T08:12:35.133+0000] {manager.py:499} INFO - Created Permission View: %s
[2025-10-17T08:12:35.140+0000] {logging_mixin.py:154} INFO - [2025-10-17T08:12:35.140+0000] {manager.py:499} INFO - Created Permission View: %s
[2025-10-17T08:12:35.140+0000] {logging_mixin.py:154} INFO - [2025-10-17T08:12:35.140+0000] {dag.py:2941} INFO - Sync 1 DAGs
[2025-10-17T08:12:35.150+0000] {logging_mixin.py:154} INFO - [2025-10-17T08:12:35.150+0000] {dag.py:2963} INFO - Creating ORM DAG for latest_only_with_trigger
[2025-10-17T08:12:35.160+0000] {logging_mixin.py:154} INFO - [2025-10-17T08:12:35.160+0000] {dag.py:3722} INFO - Setting next_dagrun for latest_only_with_trigger to 2025-10-17T04:12:35.159838+00:00, run_after=2025-10-17T08:12:35.159838+00:00
[2025-10-17T08:12:35.186+0000] {processor.py:179} INFO - Processing /home/airflow/.local/lib/python3.8/site-packages/airflow/example_dags/example_latest_only_with_trigger.py took 0.172 seconds
[2025-10-17T08:13:05.712+0000] {processor.py:157} INFO - Started process (PID=134) to work on /home/airflow/.local/lib/python3.8/site-packages/airflow/example_dags/example_latest_only_with_trigger.py
[2025-10-17T08:13:05.713+0000] {processor.py:829} INFO - Processing file /home/airflow/.local/lib/python3.8/site-packages/airflow/example_dags/example_latest_only_with_trigger.py for tasks to queue
[2025-10-17T08:13:05.715+0000] {logging_mixin.py:154} INFO - [2025-10-17T08:13:05.715+0000] {dagbag.py:536} INFO - Filling up the DagBag from /home/airflow/.local/lib/python3.8/site-packages/airflow/example_dags/example_latest_only_with_trigger.py
[2025-10-17T08:13:05.720+0000] {processor.py:839} INFO - DAG(s) dict_keys(['latest_only_with_trigger']) retrieved from /home/airflow/.local/lib/python3.8/site-packages/airflow/example_dags/example_latest_only_with_trigger.py
[2025-10-17T08:13:05.741+0000] {logging_mixin.py:154} INFO - [2025-10-17T08:13:05.740+0000] {dag.py:2941} INFO - Sync 1 DAGs
[2025-10-17T08:13:05.761+0000] {logging_mixin.py:154} INFO - [2025-10-17T08:13:05.761+0000] {dag.py:3722} INFO - Setting next_dagrun for latest_only_with_trigger to 2025-10-17T04:13:05.760829+00:00, run_after=2025-10-17T08:13:05.760829+00:00
[2025-10-17T08:13:05.778+0000] {processor.py:179} INFO - Processing /home/airflow/.local/lib/python3.8/site-packages/airflow/example_dags/example_latest_only_with_trigger.py took 0.069 seconds
[2025-10-17T08:13:36.280+0000] {processor.py:157} INFO - Started process (PID=190) to work on /home/airflow/.local/lib/python3.8/site-packages/airflow/example_dags/example_latest_only_with_trigger.py
[2025-10-17T08:13:36.281+0000] {processor.py:829} INFO - Processing file /home/airflow/.local/lib/python3.8/site-packages/airflow/example_dags/example_latest_only_with_trigger.py for tasks to queue
[2025-10-17T08:13:36.285+0000] {logging_mixin.py:154} INFO - [2025-10-17T08:13:36.284+0000] {dagbag.py:536} INFO - Filling up the DagBag from /home/airflow/.local/lib/python3.8/site-packages/airflow/example_dags/example_latest_only_with_trigger.py
[2025-10-17T08:13:36.291+0000] {processor.py:839} INFO - DAG(s) dict_keys(['latest_only_with_trigger']) retrieved from /home/airflow/.local/lib/python3.8/site-packages/airflow/example_dags/example_latest_only_with_trigger.py
[2025-10-17T08:13:36.311+0000] {logging_mixin.py:154} INFO - [2025-10-17T08:13:36.311+0000] {dag.py:2941} INFO - Sync 1 DAGs
[2025-10-17T08:13:36.330+0000] {logging_mixin.py:154} INFO - [2025-10-17T08:13:36.330+0000] {dag.py:3722} INFO - Setting next_dagrun for latest_only_with_trigger to 2025-10-17T04:13:36.330325+00:00, run_after=2025-10-17T08:13:36.330325+00:00
[2025-10-17T08:13:36.346+0000] {processor.py:179} INFO - Processing /home/airflow/.local/lib/python3.8/site-packages/airflow/example_dags/example_latest_only_with_trigger.py took 0.070 seconds
