[2025-10-17T07:19:44.381+0000] {processor.py:157} INFO - Started process (PID=566) to work on /home/airflow/.local/lib/python3.8/site-packages/airflow/example_dags/example_dag_decorator.py
[2025-10-17T07:19:44.383+0000] {processor.py:829} INFO - Processing file /home/airflow/.local/lib/python3.8/site-packages/airflow/example_dags/example_dag_decorator.py for tasks to queue
[2025-10-17T07:19:44.398+0000] {logging_mixin.py:154} INFO - [2025-10-17T07:19:44.387+0000] {dagbag.py:536} INFO - Filling up the DagBag from /home/airflow/.local/lib/python3.8/site-packages/airflow/example_dags/example_dag_decorator.py
[2025-10-17T07:19:44.655+0000] {processor.py:839} INFO - DAG(s) dict_keys(['example_dag_decorator']) retrieved from /home/airflow/.local/lib/python3.8/site-packages/airflow/example_dags/example_dag_decorator.py
[2025-10-17T07:19:45.393+0000] {logging_mixin.py:154} INFO - [2025-10-17T07:19:45.392+0000] {dag.py:2941} INFO - Sync 1 DAGs
[2025-10-17T07:19:45.441+0000] {logging_mixin.py:154} INFO - [2025-10-17T07:19:45.440+0000] {dag.py:3722} INFO - Setting next_dagrun for example_dag_decorator to None, run_after=None
[2025-10-17T07:19:45.534+0000] {processor.py:179} INFO - Processing /home/airflow/.local/lib/python3.8/site-packages/airflow/example_dags/example_dag_decorator.py took 1.169 seconds
[2025-10-17T07:20:15.905+0000] {processor.py:157} INFO - Started process (PID=622) to work on /home/airflow/.local/lib/python3.8/site-packages/airflow/example_dags/example_dag_decorator.py
[2025-10-17T07:20:15.907+0000] {processor.py:829} INFO - Processing file /home/airflow/.local/lib/python3.8/site-packages/airflow/example_dags/example_dag_decorator.py for tasks to queue
[2025-10-17T07:20:15.910+0000] {logging_mixin.py:154} INFO - [2025-10-17T07:20:15.909+0000] {dagbag.py:536} INFO - Filling up the DagBag from /home/airflow/.local/lib/python3.8/site-packages/airflow/example_dags/example_dag_decorator.py
[2025-10-17T07:20:15.971+0000] {processor.py:839} INFO - DAG(s) dict_keys(['example_dag_decorator']) retrieved from /home/airflow/.local/lib/python3.8/site-packages/airflow/example_dags/example_dag_decorator.py
[2025-10-17T07:20:16.224+0000] {logging_mixin.py:154} INFO - [2025-10-17T07:20:16.224+0000] {dag.py:2941} INFO - Sync 1 DAGs
[2025-10-17T07:20:16.234+0000] {logging_mixin.py:154} INFO - [2025-10-17T07:20:16.233+0000] {dag.py:3722} INFO - Setting next_dagrun for example_dag_decorator to None, run_after=None
[2025-10-17T07:20:16.256+0000] {processor.py:179} INFO - Processing /home/airflow/.local/lib/python3.8/site-packages/airflow/example_dags/example_dag_decorator.py took 0.355 seconds
[2025-10-17T07:20:46.398+0000] {processor.py:157} INFO - Started process (PID=678) to work on /home/airflow/.local/lib/python3.8/site-packages/airflow/example_dags/example_dag_decorator.py
[2025-10-17T07:20:46.405+0000] {processor.py:829} INFO - Processing file /home/airflow/.local/lib/python3.8/site-packages/airflow/example_dags/example_dag_decorator.py for tasks to queue
[2025-10-17T07:20:46.409+0000] {logging_mixin.py:154} INFO - [2025-10-17T07:20:46.409+0000] {dagbag.py:536} INFO - Filling up the DagBag from /home/airflow/.local/lib/python3.8/site-packages/airflow/example_dags/example_dag_decorator.py
[2025-10-17T07:20:46.568+0000] {processor.py:839} INFO - DAG(s) dict_keys(['example_dag_decorator']) retrieved from /home/airflow/.local/lib/python3.8/site-packages/airflow/example_dags/example_dag_decorator.py
[2025-10-17T07:20:46.883+0000] {logging_mixin.py:154} INFO - [2025-10-17T07:20:46.883+0000] {dag.py:2941} INFO - Sync 1 DAGs
[2025-10-17T07:20:46.893+0000] {logging_mixin.py:154} INFO - [2025-10-17T07:20:46.893+0000] {dag.py:3722} INFO - Setting next_dagrun for example_dag_decorator to None, run_after=None
[2025-10-17T07:20:46.918+0000] {processor.py:179} INFO - Processing /home/airflow/.local/lib/python3.8/site-packages/airflow/example_dags/example_dag_decorator.py took 0.527 seconds
[2025-10-17T07:21:17.122+0000] {processor.py:157} INFO - Started process (PID=734) to work on /home/airflow/.local/lib/python3.8/site-packages/airflow/example_dags/example_dag_decorator.py
[2025-10-17T07:21:17.124+0000] {processor.py:829} INFO - Processing file /home/airflow/.local/lib/python3.8/site-packages/airflow/example_dags/example_dag_decorator.py for tasks to queue
[2025-10-17T07:21:17.127+0000] {logging_mixin.py:154} INFO - [2025-10-17T07:21:17.127+0000] {dagbag.py:536} INFO - Filling up the DagBag from /home/airflow/.local/lib/python3.8/site-packages/airflow/example_dags/example_dag_decorator.py
[2025-10-17T07:21:17.228+0000] {processor.py:839} INFO - DAG(s) dict_keys(['example_dag_decorator']) retrieved from /home/airflow/.local/lib/python3.8/site-packages/airflow/example_dags/example_dag_decorator.py
[2025-10-17T07:21:17.641+0000] {logging_mixin.py:154} INFO - [2025-10-17T07:21:17.641+0000] {dag.py:2941} INFO - Sync 1 DAGs
[2025-10-17T07:21:17.662+0000] {logging_mixin.py:154} INFO - [2025-10-17T07:21:17.661+0000] {dag.py:3722} INFO - Setting next_dagrun for example_dag_decorator to None, run_after=None
[2025-10-17T07:21:17.693+0000] {processor.py:179} INFO - Processing /home/airflow/.local/lib/python3.8/site-packages/airflow/example_dags/example_dag_decorator.py took 0.575 seconds
[2025-10-17T07:21:47.760+0000] {processor.py:157} INFO - Started process (PID=790) to work on /home/airflow/.local/lib/python3.8/site-packages/airflow/example_dags/example_dag_decorator.py
[2025-10-17T07:21:47.761+0000] {processor.py:829} INFO - Processing file /home/airflow/.local/lib/python3.8/site-packages/airflow/example_dags/example_dag_decorator.py for tasks to queue
[2025-10-17T07:21:47.764+0000] {logging_mixin.py:154} INFO - [2025-10-17T07:21:47.763+0000] {dagbag.py:536} INFO - Filling up the DagBag from /home/airflow/.local/lib/python3.8/site-packages/airflow/example_dags/example_dag_decorator.py
[2025-10-17T07:21:47.824+0000] {processor.py:839} INFO - DAG(s) dict_keys(['example_dag_decorator']) retrieved from /home/airflow/.local/lib/python3.8/site-packages/airflow/example_dags/example_dag_decorator.py
[2025-10-17T07:21:48.091+0000] {logging_mixin.py:154} INFO - [2025-10-17T07:21:48.091+0000] {dag.py:2941} INFO - Sync 1 DAGs
[2025-10-17T07:21:48.102+0000] {logging_mixin.py:154} INFO - [2025-10-17T07:21:48.102+0000] {dag.py:3722} INFO - Setting next_dagrun for example_dag_decorator to None, run_after=None
[2025-10-17T07:21:48.127+0000] {processor.py:179} INFO - Processing /home/airflow/.local/lib/python3.8/site-packages/airflow/example_dags/example_dag_decorator.py took 0.371 seconds
[2025-10-17T07:22:18.632+0000] {processor.py:157} INFO - Started process (PID=845) to work on /home/airflow/.local/lib/python3.8/site-packages/airflow/example_dags/example_dag_decorator.py
[2025-10-17T07:22:18.634+0000] {processor.py:829} INFO - Processing file /home/airflow/.local/lib/python3.8/site-packages/airflow/example_dags/example_dag_decorator.py for tasks to queue
[2025-10-17T07:22:18.636+0000] {logging_mixin.py:154} INFO - [2025-10-17T07:22:18.636+0000] {dagbag.py:536} INFO - Filling up the DagBag from /home/airflow/.local/lib/python3.8/site-packages/airflow/example_dags/example_dag_decorator.py
[2025-10-17T07:22:18.722+0000] {processor.py:839} INFO - DAG(s) dict_keys(['example_dag_decorator']) retrieved from /home/airflow/.local/lib/python3.8/site-packages/airflow/example_dags/example_dag_decorator.py
[2025-10-17T07:22:18.975+0000] {logging_mixin.py:154} INFO - [2025-10-17T07:22:18.975+0000] {dag.py:2941} INFO - Sync 1 DAGs
[2025-10-17T07:22:18.983+0000] {logging_mixin.py:154} INFO - [2025-10-17T07:22:18.983+0000] {dag.py:3722} INFO - Setting next_dagrun for example_dag_decorator to None, run_after=None
[2025-10-17T07:22:19.005+0000] {processor.py:179} INFO - Processing /home/airflow/.local/lib/python3.8/site-packages/airflow/example_dags/example_dag_decorator.py took 0.376 seconds
[2025-10-17T07:22:49.201+0000] {processor.py:157} INFO - Started process (PID=900) to work on /home/airflow/.local/lib/python3.8/site-packages/airflow/example_dags/example_dag_decorator.py
[2025-10-17T07:22:49.202+0000] {processor.py:829} INFO - Processing file /home/airflow/.local/lib/python3.8/site-packages/airflow/example_dags/example_dag_decorator.py for tasks to queue
[2025-10-17T07:22:49.205+0000] {logging_mixin.py:154} INFO - [2025-10-17T07:22:49.204+0000] {dagbag.py:536} INFO - Filling up the DagBag from /home/airflow/.local/lib/python3.8/site-packages/airflow/example_dags/example_dag_decorator.py
[2025-10-17T07:22:49.470+0000] {processor.py:839} INFO - DAG(s) dict_keys(['example_dag_decorator']) retrieved from /home/airflow/.local/lib/python3.8/site-packages/airflow/example_dags/example_dag_decorator.py
[2025-10-17T07:22:49.555+0000] {logging_mixin.py:154} INFO - [2025-10-17T07:22:49.555+0000] {dag.py:2941} INFO - Sync 1 DAGs
[2025-10-17T07:22:49.564+0000] {logging_mixin.py:154} INFO - [2025-10-17T07:22:49.564+0000] {dag.py:3722} INFO - Setting next_dagrun for example_dag_decorator to None, run_after=None
[2025-10-17T07:22:49.583+0000] {processor.py:179} INFO - Processing /home/airflow/.local/lib/python3.8/site-packages/airflow/example_dags/example_dag_decorator.py took 0.385 seconds
[2025-10-17T07:23:20.334+0000] {processor.py:157} INFO - Started process (PID=957) to work on /home/airflow/.local/lib/python3.8/site-packages/airflow/example_dags/example_dag_decorator.py
[2025-10-17T07:23:20.336+0000] {processor.py:829} INFO - Processing file /home/airflow/.local/lib/python3.8/site-packages/airflow/example_dags/example_dag_decorator.py for tasks to queue
[2025-10-17T07:23:20.338+0000] {logging_mixin.py:154} INFO - [2025-10-17T07:23:20.337+0000] {dagbag.py:536} INFO - Filling up the DagBag from /home/airflow/.local/lib/python3.8/site-packages/airflow/example_dags/example_dag_decorator.py
[2025-10-17T07:23:20.396+0000] {processor.py:839} INFO - DAG(s) dict_keys(['example_dag_decorator']) retrieved from /home/airflow/.local/lib/python3.8/site-packages/airflow/example_dags/example_dag_decorator.py
[2025-10-17T07:23:20.655+0000] {logging_mixin.py:154} INFO - [2025-10-17T07:23:20.655+0000] {dag.py:2941} INFO - Sync 1 DAGs
[2025-10-17T07:23:20.663+0000] {logging_mixin.py:154} INFO - [2025-10-17T07:23:20.663+0000] {dag.py:3722} INFO - Setting next_dagrun for example_dag_decorator to None, run_after=None
[2025-10-17T07:23:20.683+0000] {processor.py:179} INFO - Processing /home/airflow/.local/lib/python3.8/site-packages/airflow/example_dags/example_dag_decorator.py took 0.352 seconds
[2025-10-17T07:23:51.492+0000] {processor.py:157} INFO - Started process (PID=1013) to work on /home/airflow/.local/lib/python3.8/site-packages/airflow/example_dags/example_dag_decorator.py
[2025-10-17T07:23:51.494+0000] {processor.py:829} INFO - Processing file /home/airflow/.local/lib/python3.8/site-packages/airflow/example_dags/example_dag_decorator.py for tasks to queue
[2025-10-17T07:23:51.496+0000] {logging_mixin.py:154} INFO - [2025-10-17T07:23:51.496+0000] {dagbag.py:536} INFO - Filling up the DagBag from /home/airflow/.local/lib/python3.8/site-packages/airflow/example_dags/example_dag_decorator.py
[2025-10-17T07:23:51.550+0000] {processor.py:839} INFO - DAG(s) dict_keys(['example_dag_decorator']) retrieved from /home/airflow/.local/lib/python3.8/site-packages/airflow/example_dags/example_dag_decorator.py
[2025-10-17T07:23:51.785+0000] {logging_mixin.py:154} INFO - [2025-10-17T07:23:51.784+0000] {dag.py:2941} INFO - Sync 1 DAGs
[2025-10-17T07:23:51.794+0000] {logging_mixin.py:154} INFO - [2025-10-17T07:23:51.794+0000] {dag.py:3722} INFO - Setting next_dagrun for example_dag_decorator to None, run_after=None
[2025-10-17T07:23:51.815+0000] {processor.py:179} INFO - Processing /home/airflow/.local/lib/python3.8/site-packages/airflow/example_dags/example_dag_decorator.py took 0.326 seconds
[2025-10-17T07:24:22.674+0000] {processor.py:157} INFO - Started process (PID=1069) to work on /home/airflow/.local/lib/python3.8/site-packages/airflow/example_dags/example_dag_decorator.py
[2025-10-17T07:24:22.675+0000] {processor.py:829} INFO - Processing file /home/airflow/.local/lib/python3.8/site-packages/airflow/example_dags/example_dag_decorator.py for tasks to queue
[2025-10-17T07:24:22.677+0000] {logging_mixin.py:154} INFO - [2025-10-17T07:24:22.677+0000] {dagbag.py:536} INFO - Filling up the DagBag from /home/airflow/.local/lib/python3.8/site-packages/airflow/example_dags/example_dag_decorator.py
[2025-10-17T07:24:22.729+0000] {processor.py:839} INFO - DAG(s) dict_keys(['example_dag_decorator']) retrieved from /home/airflow/.local/lib/python3.8/site-packages/airflow/example_dags/example_dag_decorator.py
[2025-10-17T07:24:22.948+0000] {logging_mixin.py:154} INFO - [2025-10-17T07:24:22.948+0000] {dag.py:2941} INFO - Sync 1 DAGs
[2025-10-17T07:24:22.959+0000] {logging_mixin.py:154} INFO - [2025-10-17T07:24:22.959+0000] {dag.py:3722} INFO - Setting next_dagrun for example_dag_decorator to None, run_after=None
[2025-10-17T07:24:22.986+0000] {processor.py:179} INFO - Processing /home/airflow/.local/lib/python3.8/site-packages/airflow/example_dags/example_dag_decorator.py took 0.315 seconds
[2025-10-17T07:24:53.027+0000] {processor.py:157} INFO - Started process (PID=1132) to work on /home/airflow/.local/lib/python3.8/site-packages/airflow/example_dags/example_dag_decorator.py
[2025-10-17T07:24:53.028+0000] {processor.py:829} INFO - Processing file /home/airflow/.local/lib/python3.8/site-packages/airflow/example_dags/example_dag_decorator.py for tasks to queue
[2025-10-17T07:24:53.030+0000] {logging_mixin.py:154} INFO - [2025-10-17T07:24:53.030+0000] {dagbag.py:536} INFO - Filling up the DagBag from /home/airflow/.local/lib/python3.8/site-packages/airflow/example_dags/example_dag_decorator.py
[2025-10-17T07:24:53.083+0000] {processor.py:839} INFO - DAG(s) dict_keys(['example_dag_decorator']) retrieved from /home/airflow/.local/lib/python3.8/site-packages/airflow/example_dags/example_dag_decorator.py
[2025-10-17T07:24:53.288+0000] {logging_mixin.py:154} INFO - [2025-10-17T07:24:53.288+0000] {dag.py:2941} INFO - Sync 1 DAGs
[2025-10-17T07:24:53.295+0000] {logging_mixin.py:154} INFO - [2025-10-17T07:24:53.295+0000] {dag.py:3722} INFO - Setting next_dagrun for example_dag_decorator to None, run_after=None
[2025-10-17T07:24:53.310+0000] {processor.py:179} INFO - Processing /home/airflow/.local/lib/python3.8/site-packages/airflow/example_dags/example_dag_decorator.py took 0.287 seconds
[2025-10-17T07:25:23.825+0000] {processor.py:157} INFO - Started process (PID=1187) to work on /home/airflow/.local/lib/python3.8/site-packages/airflow/example_dags/example_dag_decorator.py
[2025-10-17T07:25:23.826+0000] {processor.py:829} INFO - Processing file /home/airflow/.local/lib/python3.8/site-packages/airflow/example_dags/example_dag_decorator.py for tasks to queue
[2025-10-17T07:25:23.828+0000] {logging_mixin.py:154} INFO - [2025-10-17T07:25:23.828+0000] {dagbag.py:536} INFO - Filling up the DagBag from /home/airflow/.local/lib/python3.8/site-packages/airflow/example_dags/example_dag_decorator.py
[2025-10-17T07:25:23.879+0000] {processor.py:839} INFO - DAG(s) dict_keys(['example_dag_decorator']) retrieved from /home/airflow/.local/lib/python3.8/site-packages/airflow/example_dags/example_dag_decorator.py
[2025-10-17T07:25:24.084+0000] {logging_mixin.py:154} INFO - [2025-10-17T07:25:24.084+0000] {dag.py:2941} INFO - Sync 1 DAGs
[2025-10-17T07:25:24.093+0000] {logging_mixin.py:154} INFO - [2025-10-17T07:25:24.092+0000] {dag.py:3722} INFO - Setting next_dagrun for example_dag_decorator to None, run_after=None
[2025-10-17T07:25:24.108+0000] {processor.py:179} INFO - Processing /home/airflow/.local/lib/python3.8/site-packages/airflow/example_dags/example_dag_decorator.py took 0.286 seconds
[2025-10-17T07:25:54.705+0000] {processor.py:157} INFO - Started process (PID=1249) to work on /home/airflow/.local/lib/python3.8/site-packages/airflow/example_dags/example_dag_decorator.py
[2025-10-17T07:25:54.713+0000] {processor.py:829} INFO - Processing file /home/airflow/.local/lib/python3.8/site-packages/airflow/example_dags/example_dag_decorator.py for tasks to queue
[2025-10-17T07:25:54.715+0000] {logging_mixin.py:154} INFO - [2025-10-17T07:25:54.715+0000] {dagbag.py:536} INFO - Filling up the DagBag from /home/airflow/.local/lib/python3.8/site-packages/airflow/example_dags/example_dag_decorator.py
[2025-10-17T07:25:54.895+0000] {processor.py:839} INFO - DAG(s) dict_keys(['example_dag_decorator']) retrieved from /home/airflow/.local/lib/python3.8/site-packages/airflow/example_dags/example_dag_decorator.py
[2025-10-17T07:25:54.973+0000] {logging_mixin.py:154} INFO - [2025-10-17T07:25:54.973+0000] {dag.py:2941} INFO - Sync 1 DAGs
[2025-10-17T07:25:54.980+0000] {logging_mixin.py:154} INFO - [2025-10-17T07:25:54.980+0000] {dag.py:3722} INFO - Setting next_dagrun for example_dag_decorator to None, run_after=None
[2025-10-17T07:25:55.007+0000] {processor.py:179} INFO - Processing /home/airflow/.local/lib/python3.8/site-packages/airflow/example_dags/example_dag_decorator.py took 0.305 seconds
[2025-10-17T07:26:25.860+0000] {processor.py:157} INFO - Started process (PID=1309) to work on /home/airflow/.local/lib/python3.8/site-packages/airflow/example_dags/example_dag_decorator.py
[2025-10-17T07:26:25.862+0000] {processor.py:829} INFO - Processing file /home/airflow/.local/lib/python3.8/site-packages/airflow/example_dags/example_dag_decorator.py for tasks to queue
[2025-10-17T07:26:25.864+0000] {logging_mixin.py:154} INFO - [2025-10-17T07:26:25.864+0000] {dagbag.py:536} INFO - Filling up the DagBag from /home/airflow/.local/lib/python3.8/site-packages/airflow/example_dags/example_dag_decorator.py
[2025-10-17T07:26:25.919+0000] {processor.py:839} INFO - DAG(s) dict_keys(['example_dag_decorator']) retrieved from /home/airflow/.local/lib/python3.8/site-packages/airflow/example_dags/example_dag_decorator.py
[2025-10-17T07:26:26.004+0000] {logging_mixin.py:154} INFO - [2025-10-17T07:26:26.004+0000] {dag.py:2941} INFO - Sync 1 DAGs
[2025-10-17T07:26:26.014+0000] {logging_mixin.py:154} INFO - [2025-10-17T07:26:26.014+0000] {dag.py:3722} INFO - Setting next_dagrun for example_dag_decorator to None, run_after=None
[2025-10-17T07:26:26.032+0000] {processor.py:179} INFO - Processing /home/airflow/.local/lib/python3.8/site-packages/airflow/example_dags/example_dag_decorator.py took 0.175 seconds
[2025-10-17T07:26:56.106+0000] {processor.py:157} INFO - Started process (PID=1366) to work on /home/airflow/.local/lib/python3.8/site-packages/airflow/example_dags/example_dag_decorator.py
[2025-10-17T07:26:56.107+0000] {processor.py:829} INFO - Processing file /home/airflow/.local/lib/python3.8/site-packages/airflow/example_dags/example_dag_decorator.py for tasks to queue
[2025-10-17T07:26:56.109+0000] {logging_mixin.py:154} INFO - [2025-10-17T07:26:56.109+0000] {dagbag.py:536} INFO - Filling up the DagBag from /home/airflow/.local/lib/python3.8/site-packages/airflow/example_dags/example_dag_decorator.py
[2025-10-17T07:26:56.161+0000] {processor.py:839} INFO - DAG(s) dict_keys(['example_dag_decorator']) retrieved from /home/airflow/.local/lib/python3.8/site-packages/airflow/example_dags/example_dag_decorator.py
[2025-10-17T07:26:56.241+0000] {logging_mixin.py:154} INFO - [2025-10-17T07:26:56.241+0000] {dag.py:2941} INFO - Sync 1 DAGs
[2025-10-17T07:26:56.249+0000] {logging_mixin.py:154} INFO - [2025-10-17T07:26:56.249+0000] {dag.py:3722} INFO - Setting next_dagrun for example_dag_decorator to None, run_after=None
[2025-10-17T07:26:56.267+0000] {processor.py:179} INFO - Processing /home/airflow/.local/lib/python3.8/site-packages/airflow/example_dags/example_dag_decorator.py took 0.164 seconds
[2025-10-17T07:27:26.301+0000] {processor.py:157} INFO - Started process (PID=1421) to work on /home/airflow/.local/lib/python3.8/site-packages/airflow/example_dags/example_dag_decorator.py
[2025-10-17T07:27:26.302+0000] {processor.py:829} INFO - Processing file /home/airflow/.local/lib/python3.8/site-packages/airflow/example_dags/example_dag_decorator.py for tasks to queue
[2025-10-17T07:27:26.305+0000] {logging_mixin.py:154} INFO - [2025-10-17T07:27:26.304+0000] {dagbag.py:536} INFO - Filling up the DagBag from /home/airflow/.local/lib/python3.8/site-packages/airflow/example_dags/example_dag_decorator.py
[2025-10-17T07:27:26.355+0000] {processor.py:839} INFO - DAG(s) dict_keys(['example_dag_decorator']) retrieved from /home/airflow/.local/lib/python3.8/site-packages/airflow/example_dags/example_dag_decorator.py
[2025-10-17T07:27:26.434+0000] {logging_mixin.py:154} INFO - [2025-10-17T07:27:26.434+0000] {dag.py:2941} INFO - Sync 1 DAGs
[2025-10-17T07:27:26.443+0000] {logging_mixin.py:154} INFO - [2025-10-17T07:27:26.443+0000] {dag.py:3722} INFO - Setting next_dagrun for example_dag_decorator to None, run_after=None
[2025-10-17T07:27:26.458+0000] {processor.py:179} INFO - Processing /home/airflow/.local/lib/python3.8/site-packages/airflow/example_dags/example_dag_decorator.py took 0.160 seconds
[2025-10-17T07:27:56.518+0000] {processor.py:157} INFO - Started process (PID=1476) to work on /home/airflow/.local/lib/python3.8/site-packages/airflow/example_dags/example_dag_decorator.py
[2025-10-17T07:27:56.519+0000] {processor.py:829} INFO - Processing file /home/airflow/.local/lib/python3.8/site-packages/airflow/example_dags/example_dag_decorator.py for tasks to queue
[2025-10-17T07:27:56.520+0000] {logging_mixin.py:154} INFO - [2025-10-17T07:27:56.519+0000] {dagbag.py:536} INFO - Filling up the DagBag from /home/airflow/.local/lib/python3.8/site-packages/airflow/example_dags/example_dag_decorator.py
[2025-10-17T07:27:56.571+0000] {processor.py:839} INFO - DAG(s) dict_keys(['example_dag_decorator']) retrieved from /home/airflow/.local/lib/python3.8/site-packages/airflow/example_dags/example_dag_decorator.py
[2025-10-17T07:27:56.652+0000] {logging_mixin.py:154} INFO - [2025-10-17T07:27:56.651+0000] {dag.py:2941} INFO - Sync 1 DAGs
[2025-10-17T07:27:56.661+0000] {logging_mixin.py:154} INFO - [2025-10-17T07:27:56.661+0000] {dag.py:3722} INFO - Setting next_dagrun for example_dag_decorator to None, run_after=None
[2025-10-17T07:27:56.677+0000] {processor.py:179} INFO - Processing /home/airflow/.local/lib/python3.8/site-packages/airflow/example_dags/example_dag_decorator.py took 0.162 seconds
[2025-10-17T07:28:26.868+0000] {processor.py:157} INFO - Started process (PID=1532) to work on /home/airflow/.local/lib/python3.8/site-packages/airflow/example_dags/example_dag_decorator.py
[2025-10-17T07:28:26.870+0000] {processor.py:829} INFO - Processing file /home/airflow/.local/lib/python3.8/site-packages/airflow/example_dags/example_dag_decorator.py for tasks to queue
[2025-10-17T07:28:26.871+0000] {logging_mixin.py:154} INFO - [2025-10-17T07:28:26.870+0000] {dagbag.py:536} INFO - Filling up the DagBag from /home/airflow/.local/lib/python3.8/site-packages/airflow/example_dags/example_dag_decorator.py
[2025-10-17T07:28:26.925+0000] {processor.py:839} INFO - DAG(s) dict_keys(['example_dag_decorator']) retrieved from /home/airflow/.local/lib/python3.8/site-packages/airflow/example_dags/example_dag_decorator.py
[2025-10-17T07:28:27.008+0000] {logging_mixin.py:154} INFO - [2025-10-17T07:28:27.007+0000] {dag.py:2941} INFO - Sync 1 DAGs
[2025-10-17T07:28:27.017+0000] {logging_mixin.py:154} INFO - [2025-10-17T07:28:27.017+0000] {dag.py:3722} INFO - Setting next_dagrun for example_dag_decorator to None, run_after=None
[2025-10-17T07:28:27.033+0000] {processor.py:179} INFO - Processing /home/airflow/.local/lib/python3.8/site-packages/airflow/example_dags/example_dag_decorator.py took 0.167 seconds
[2025-10-17T07:28:57.213+0000] {processor.py:157} INFO - Started process (PID=1588) to work on /home/airflow/.local/lib/python3.8/site-packages/airflow/example_dags/example_dag_decorator.py
[2025-10-17T07:28:57.214+0000] {processor.py:829} INFO - Processing file /home/airflow/.local/lib/python3.8/site-packages/airflow/example_dags/example_dag_decorator.py for tasks to queue
[2025-10-17T07:28:57.215+0000] {logging_mixin.py:154} INFO - [2025-10-17T07:28:57.214+0000] {dagbag.py:536} INFO - Filling up the DagBag from /home/airflow/.local/lib/python3.8/site-packages/airflow/example_dags/example_dag_decorator.py
[2025-10-17T07:28:57.280+0000] {processor.py:839} INFO - DAG(s) dict_keys(['example_dag_decorator']) retrieved from /home/airflow/.local/lib/python3.8/site-packages/airflow/example_dags/example_dag_decorator.py
[2025-10-17T07:28:57.305+0000] {logging_mixin.py:154} INFO - [2025-10-17T07:28:57.305+0000] {dag.py:2941} INFO - Sync 1 DAGs
[2025-10-17T07:28:57.316+0000] {logging_mixin.py:154} INFO - [2025-10-17T07:28:57.316+0000] {dag.py:3722} INFO - Setting next_dagrun for example_dag_decorator to None, run_after=None
[2025-10-17T07:28:57.333+0000] {processor.py:179} INFO - Processing /home/airflow/.local/lib/python3.8/site-packages/airflow/example_dags/example_dag_decorator.py took 0.123 seconds
[2025-10-17T07:30:19.330+0000] {processor.py:157} INFO - Started process (PID=61) to work on /home/airflow/.local/lib/python3.8/site-packages/airflow/example_dags/example_dag_decorator.py
[2025-10-17T07:30:19.331+0000] {processor.py:829} INFO - Processing file /home/airflow/.local/lib/python3.8/site-packages/airflow/example_dags/example_dag_decorator.py for tasks to queue
[2025-10-17T07:30:19.334+0000] {logging_mixin.py:154} INFO - [2025-10-17T07:30:19.334+0000] {dagbag.py:536} INFO - Filling up the DagBag from /home/airflow/.local/lib/python3.8/site-packages/airflow/example_dags/example_dag_decorator.py
[2025-10-17T07:30:19.576+0000] {processor.py:839} INFO - DAG(s) dict_keys(['example_dag_decorator']) retrieved from /home/airflow/.local/lib/python3.8/site-packages/airflow/example_dags/example_dag_decorator.py
[2025-10-17T07:30:19.723+0000] {logging_mixin.py:154} INFO - [2025-10-17T07:30:19.723+0000] {manager.py:499} INFO - Created Permission View: %s
[2025-10-17T07:30:19.737+0000] {logging_mixin.py:154} INFO - [2025-10-17T07:30:19.737+0000] {manager.py:499} INFO - Created Permission View: %s
[2025-10-17T07:30:19.751+0000] {logging_mixin.py:154} INFO - [2025-10-17T07:30:19.751+0000] {manager.py:499} INFO - Created Permission View: %s
[2025-10-17T07:30:19.751+0000] {logging_mixin.py:154} INFO - [2025-10-17T07:30:19.751+0000] {dag.py:2941} INFO - Sync 1 DAGs
[2025-10-17T07:30:19.767+0000] {logging_mixin.py:154} INFO - [2025-10-17T07:30:19.766+0000] {dag.py:2963} INFO - Creating ORM DAG for example_dag_decorator
[2025-10-17T07:30:19.767+0000] {logging_mixin.py:154} INFO - [2025-10-17T07:30:19.767+0000] {dag.py:3722} INFO - Setting next_dagrun for example_dag_decorator to None, run_after=None
[2025-10-17T07:30:19.796+0000] {processor.py:179} INFO - Processing /home/airflow/.local/lib/python3.8/site-packages/airflow/example_dags/example_dag_decorator.py took 0.471 seconds
[2025-10-17T07:30:49.936+0000] {processor.py:157} INFO - Started process (PID=127) to work on /home/airflow/.local/lib/python3.8/site-packages/airflow/example_dags/example_dag_decorator.py
[2025-10-17T07:30:49.938+0000] {processor.py:829} INFO - Processing file /home/airflow/.local/lib/python3.8/site-packages/airflow/example_dags/example_dag_decorator.py for tasks to queue
[2025-10-17T07:30:49.942+0000] {logging_mixin.py:154} INFO - [2025-10-17T07:30:49.942+0000] {dagbag.py:536} INFO - Filling up the DagBag from /home/airflow/.local/lib/python3.8/site-packages/airflow/example_dags/example_dag_decorator.py
[2025-10-17T07:30:50.037+0000] {processor.py:839} INFO - DAG(s) dict_keys(['example_dag_decorator']) retrieved from /home/airflow/.local/lib/python3.8/site-packages/airflow/example_dags/example_dag_decorator.py
[2025-10-17T07:30:50.183+0000] {logging_mixin.py:154} INFO - [2025-10-17T07:30:50.182+0000] {dag.py:2941} INFO - Sync 1 DAGs
[2025-10-17T07:30:50.197+0000] {logging_mixin.py:154} INFO - [2025-10-17T07:30:50.197+0000] {dag.py:3722} INFO - Setting next_dagrun for example_dag_decorator to None, run_after=None
[2025-10-17T07:30:50.229+0000] {processor.py:179} INFO - Processing /home/airflow/.local/lib/python3.8/site-packages/airflow/example_dags/example_dag_decorator.py took 0.298 seconds
[2025-10-17T07:31:21.027+0000] {processor.py:157} INFO - Started process (PID=183) to work on /home/airflow/.local/lib/python3.8/site-packages/airflow/example_dags/example_dag_decorator.py
[2025-10-17T07:31:21.028+0000] {processor.py:829} INFO - Processing file /home/airflow/.local/lib/python3.8/site-packages/airflow/example_dags/example_dag_decorator.py for tasks to queue
[2025-10-17T07:31:21.030+0000] {logging_mixin.py:154} INFO - [2025-10-17T07:31:21.030+0000] {dagbag.py:536} INFO - Filling up the DagBag from /home/airflow/.local/lib/python3.8/site-packages/airflow/example_dags/example_dag_decorator.py
[2025-10-17T07:31:21.086+0000] {processor.py:839} INFO - DAG(s) dict_keys(['example_dag_decorator']) retrieved from /home/airflow/.local/lib/python3.8/site-packages/airflow/example_dags/example_dag_decorator.py
[2025-10-17T07:31:21.357+0000] {logging_mixin.py:154} INFO - [2025-10-17T07:31:21.357+0000] {dag.py:2941} INFO - Sync 1 DAGs
[2025-10-17T07:31:21.366+0000] {logging_mixin.py:154} INFO - [2025-10-17T07:31:21.366+0000] {dag.py:3722} INFO - Setting next_dagrun for example_dag_decorator to None, run_after=None
[2025-10-17T07:31:21.384+0000] {processor.py:179} INFO - Processing /home/airflow/.local/lib/python3.8/site-packages/airflow/example_dags/example_dag_decorator.py took 0.360 seconds
[2025-10-17T07:31:51.542+0000] {processor.py:157} INFO - Started process (PID=238) to work on /home/airflow/.local/lib/python3.8/site-packages/airflow/example_dags/example_dag_decorator.py
[2025-10-17T07:31:51.543+0000] {processor.py:829} INFO - Processing file /home/airflow/.local/lib/python3.8/site-packages/airflow/example_dags/example_dag_decorator.py for tasks to queue
[2025-10-17T07:31:51.545+0000] {logging_mixin.py:154} INFO - [2025-10-17T07:31:51.545+0000] {dagbag.py:536} INFO - Filling up the DagBag from /home/airflow/.local/lib/python3.8/site-packages/airflow/example_dags/example_dag_decorator.py
[2025-10-17T07:31:51.601+0000] {processor.py:839} INFO - DAG(s) dict_keys(['example_dag_decorator']) retrieved from /home/airflow/.local/lib/python3.8/site-packages/airflow/example_dags/example_dag_decorator.py
[2025-10-17T07:31:51.695+0000] {logging_mixin.py:154} INFO - [2025-10-17T07:31:51.695+0000] {dag.py:2941} INFO - Sync 1 DAGs
[2025-10-17T07:31:51.883+0000] {logging_mixin.py:154} INFO - [2025-10-17T07:31:51.882+0000] {dag.py:3722} INFO - Setting next_dagrun for example_dag_decorator to None, run_after=None
[2025-10-17T07:31:51.901+0000] {processor.py:179} INFO - Processing /home/airflow/.local/lib/python3.8/site-packages/airflow/example_dags/example_dag_decorator.py took 0.363 seconds
[2025-10-17T07:32:22.851+0000] {processor.py:157} INFO - Started process (PID=297) to work on /home/airflow/.local/lib/python3.8/site-packages/airflow/example_dags/example_dag_decorator.py
[2025-10-17T07:32:22.853+0000] {processor.py:829} INFO - Processing file /home/airflow/.local/lib/python3.8/site-packages/airflow/example_dags/example_dag_decorator.py for tasks to queue
[2025-10-17T07:32:22.855+0000] {logging_mixin.py:154} INFO - [2025-10-17T07:32:22.855+0000] {dagbag.py:536} INFO - Filling up the DagBag from /home/airflow/.local/lib/python3.8/site-packages/airflow/example_dags/example_dag_decorator.py
[2025-10-17T07:32:22.911+0000] {processor.py:839} INFO - DAG(s) dict_keys(['example_dag_decorator']) retrieved from /home/airflow/.local/lib/python3.8/site-packages/airflow/example_dags/example_dag_decorator.py
[2025-10-17T07:32:23.002+0000] {logging_mixin.py:154} INFO - [2025-10-17T07:32:23.001+0000] {dag.py:2941} INFO - Sync 1 DAGs
[2025-10-17T07:32:23.178+0000] {logging_mixin.py:154} INFO - [2025-10-17T07:32:23.178+0000] {dag.py:3722} INFO - Setting next_dagrun for example_dag_decorator to None, run_after=None
[2025-10-17T07:32:23.198+0000] {processor.py:179} INFO - Processing /home/airflow/.local/lib/python3.8/site-packages/airflow/example_dags/example_dag_decorator.py took 0.350 seconds
[2025-10-17T07:35:42.040+0000] {processor.py:157} INFO - Started process (PID=61) to work on /home/airflow/.local/lib/python3.8/site-packages/airflow/example_dags/example_dag_decorator.py
[2025-10-17T07:35:42.041+0000] {processor.py:829} INFO - Processing file /home/airflow/.local/lib/python3.8/site-packages/airflow/example_dags/example_dag_decorator.py for tasks to queue
[2025-10-17T07:35:42.047+0000] {logging_mixin.py:154} INFO - [2025-10-17T07:35:42.046+0000] {dagbag.py:536} INFO - Filling up the DagBag from /home/airflow/.local/lib/python3.8/site-packages/airflow/example_dags/example_dag_decorator.py
[2025-10-17T07:35:42.209+0000] {processor.py:839} INFO - DAG(s) dict_keys(['example_dag_decorator']) retrieved from /home/airflow/.local/lib/python3.8/site-packages/airflow/example_dags/example_dag_decorator.py
[2025-10-17T07:35:42.356+0000] {logging_mixin.py:154} INFO - [2025-10-17T07:35:42.355+0000] {manager.py:499} INFO - Created Permission View: %s
[2025-10-17T07:35:42.378+0000] {logging_mixin.py:154} INFO - [2025-10-17T07:35:42.378+0000] {manager.py:499} INFO - Created Permission View: %s
[2025-10-17T07:35:42.392+0000] {logging_mixin.py:154} INFO - [2025-10-17T07:35:42.391+0000] {manager.py:499} INFO - Created Permission View: %s
[2025-10-17T07:35:42.392+0000] {logging_mixin.py:154} INFO - [2025-10-17T07:35:42.392+0000] {dag.py:2941} INFO - Sync 1 DAGs
[2025-10-17T07:35:42.410+0000] {logging_mixin.py:154} INFO - [2025-10-17T07:35:42.410+0000] {dag.py:2963} INFO - Creating ORM DAG for example_dag_decorator
[2025-10-17T07:35:42.411+0000] {logging_mixin.py:154} INFO - [2025-10-17T07:35:42.411+0000] {dag.py:3722} INFO - Setting next_dagrun for example_dag_decorator to None, run_after=None
[2025-10-17T07:35:42.442+0000] {processor.py:179} INFO - Processing /home/airflow/.local/lib/python3.8/site-packages/airflow/example_dags/example_dag_decorator.py took 0.408 seconds
[2025-10-17T07:36:12.628+0000] {processor.py:157} INFO - Started process (PID=117) to work on /home/airflow/.local/lib/python3.8/site-packages/airflow/example_dags/example_dag_decorator.py
[2025-10-17T07:36:12.630+0000] {processor.py:829} INFO - Processing file /home/airflow/.local/lib/python3.8/site-packages/airflow/example_dags/example_dag_decorator.py for tasks to queue
[2025-10-17T07:36:12.632+0000] {logging_mixin.py:154} INFO - [2025-10-17T07:36:12.631+0000] {dagbag.py:536} INFO - Filling up the DagBag from /home/airflow/.local/lib/python3.8/site-packages/airflow/example_dags/example_dag_decorator.py
[2025-10-17T07:36:12.693+0000] {processor.py:839} INFO - DAG(s) dict_keys(['example_dag_decorator']) retrieved from /home/airflow/.local/lib/python3.8/site-packages/airflow/example_dags/example_dag_decorator.py
[2025-10-17T07:36:12.780+0000] {logging_mixin.py:154} INFO - [2025-10-17T07:36:12.780+0000] {dag.py:2941} INFO - Sync 1 DAGs
[2025-10-17T07:36:12.789+0000] {logging_mixin.py:154} INFO - [2025-10-17T07:36:12.788+0000] {dag.py:3722} INFO - Setting next_dagrun for example_dag_decorator to None, run_after=None
[2025-10-17T07:36:12.805+0000] {processor.py:179} INFO - Processing /home/airflow/.local/lib/python3.8/site-packages/airflow/example_dags/example_dag_decorator.py took 0.180 seconds
[2025-10-17T07:36:42.836+0000] {processor.py:157} INFO - Started process (PID=171) to work on /home/airflow/.local/lib/python3.8/site-packages/airflow/example_dags/example_dag_decorator.py
[2025-10-17T07:36:42.837+0000] {processor.py:829} INFO - Processing file /home/airflow/.local/lib/python3.8/site-packages/airflow/example_dags/example_dag_decorator.py for tasks to queue
[2025-10-17T07:36:42.839+0000] {logging_mixin.py:154} INFO - [2025-10-17T07:36:42.839+0000] {dagbag.py:536} INFO - Filling up the DagBag from /home/airflow/.local/lib/python3.8/site-packages/airflow/example_dags/example_dag_decorator.py
[2025-10-17T07:36:42.897+0000] {processor.py:839} INFO - DAG(s) dict_keys(['example_dag_decorator']) retrieved from /home/airflow/.local/lib/python3.8/site-packages/airflow/example_dags/example_dag_decorator.py
[2025-10-17T07:36:43.138+0000] {logging_mixin.py:154} INFO - [2025-10-17T07:36:43.137+0000] {dag.py:2941} INFO - Sync 1 DAGs
[2025-10-17T07:36:43.146+0000] {logging_mixin.py:154} INFO - [2025-10-17T07:36:43.145+0000] {dag.py:3722} INFO - Setting next_dagrun for example_dag_decorator to None, run_after=None
[2025-10-17T07:36:43.161+0000] {processor.py:179} INFO - Processing /home/airflow/.local/lib/python3.8/site-packages/airflow/example_dags/example_dag_decorator.py took 0.328 seconds
[2025-10-17T07:37:13.301+0000] {processor.py:157} INFO - Started process (PID=234) to work on /home/airflow/.local/lib/python3.8/site-packages/airflow/example_dags/example_dag_decorator.py
[2025-10-17T07:37:13.302+0000] {processor.py:829} INFO - Processing file /home/airflow/.local/lib/python3.8/site-packages/airflow/example_dags/example_dag_decorator.py for tasks to queue
[2025-10-17T07:37:13.304+0000] {logging_mixin.py:154} INFO - [2025-10-17T07:37:13.304+0000] {dagbag.py:536} INFO - Filling up the DagBag from /home/airflow/.local/lib/python3.8/site-packages/airflow/example_dags/example_dag_decorator.py
[2025-10-17T07:37:13.372+0000] {processor.py:839} INFO - DAG(s) dict_keys(['example_dag_decorator']) retrieved from /home/airflow/.local/lib/python3.8/site-packages/airflow/example_dags/example_dag_decorator.py
[2025-10-17T07:37:13.467+0000] {logging_mixin.py:154} INFO - [2025-10-17T07:37:13.467+0000] {dag.py:2941} INFO - Sync 1 DAGs
[2025-10-17T07:37:13.640+0000] {logging_mixin.py:154} INFO - [2025-10-17T07:37:13.640+0000] {dag.py:3722} INFO - Setting next_dagrun for example_dag_decorator to None, run_after=None
[2025-10-17T07:37:13.659+0000] {processor.py:179} INFO - Processing /home/airflow/.local/lib/python3.8/site-packages/airflow/example_dags/example_dag_decorator.py took 0.362 seconds
[2025-10-17T07:38:43.413+0000] {processor.py:157} INFO - Started process (PID=62) to work on /home/airflow/.local/lib/python3.8/site-packages/airflow/example_dags/example_dag_decorator.py
[2025-10-17T07:38:43.415+0000] {processor.py:829} INFO - Processing file /home/airflow/.local/lib/python3.8/site-packages/airflow/example_dags/example_dag_decorator.py for tasks to queue
[2025-10-17T07:38:43.424+0000] {logging_mixin.py:154} INFO - [2025-10-17T07:38:43.423+0000] {dagbag.py:536} INFO - Filling up the DagBag from /home/airflow/.local/lib/python3.8/site-packages/airflow/example_dags/example_dag_decorator.py
[2025-10-17T07:38:43.614+0000] {processor.py:839} INFO - DAG(s) dict_keys(['example_dag_decorator']) retrieved from /home/airflow/.local/lib/python3.8/site-packages/airflow/example_dags/example_dag_decorator.py
[2025-10-17T07:38:43.746+0000] {logging_mixin.py:154} INFO - [2025-10-17T07:38:43.746+0000] {manager.py:499} INFO - Created Permission View: %s
[2025-10-17T07:38:43.762+0000] {logging_mixin.py:154} INFO - [2025-10-17T07:38:43.762+0000] {manager.py:499} INFO - Created Permission View: %s
[2025-10-17T07:38:43.774+0000] {logging_mixin.py:154} INFO - [2025-10-17T07:38:43.773+0000] {manager.py:499} INFO - Created Permission View: %s
[2025-10-17T07:38:43.774+0000] {logging_mixin.py:154} INFO - [2025-10-17T07:38:43.774+0000] {dag.py:2941} INFO - Sync 1 DAGs
[2025-10-17T07:38:43.788+0000] {logging_mixin.py:154} INFO - [2025-10-17T07:38:43.788+0000] {dag.py:2963} INFO - Creating ORM DAG for example_dag_decorator
[2025-10-17T07:38:43.788+0000] {logging_mixin.py:154} INFO - [2025-10-17T07:38:43.788+0000] {dag.py:3722} INFO - Setting next_dagrun for example_dag_decorator to None, run_after=None
[2025-10-17T07:38:43.822+0000] {processor.py:179} INFO - Processing /home/airflow/.local/lib/python3.8/site-packages/airflow/example_dags/example_dag_decorator.py took 0.414 seconds
[2025-10-17T07:39:13.963+0000] {processor.py:157} INFO - Started process (PID=118) to work on /home/airflow/.local/lib/python3.8/site-packages/airflow/example_dags/example_dag_decorator.py
[2025-10-17T07:39:13.964+0000] {processor.py:829} INFO - Processing file /home/airflow/.local/lib/python3.8/site-packages/airflow/example_dags/example_dag_decorator.py for tasks to queue
[2025-10-17T07:39:13.966+0000] {logging_mixin.py:154} INFO - [2025-10-17T07:39:13.966+0000] {dagbag.py:536} INFO - Filling up the DagBag from /home/airflow/.local/lib/python3.8/site-packages/airflow/example_dags/example_dag_decorator.py
[2025-10-17T07:39:14.028+0000] {processor.py:839} INFO - DAG(s) dict_keys(['example_dag_decorator']) retrieved from /home/airflow/.local/lib/python3.8/site-packages/airflow/example_dags/example_dag_decorator.py
[2025-10-17T07:39:14.111+0000] {logging_mixin.py:154} INFO - [2025-10-17T07:39:14.111+0000] {dag.py:2941} INFO - Sync 1 DAGs
[2025-10-17T07:39:14.120+0000] {logging_mixin.py:154} INFO - [2025-10-17T07:39:14.120+0000] {dag.py:3722} INFO - Setting next_dagrun for example_dag_decorator to None, run_after=None
[2025-10-17T07:39:14.137+0000] {processor.py:179} INFO - Processing /home/airflow/.local/lib/python3.8/site-packages/airflow/example_dags/example_dag_decorator.py took 0.177 seconds
[2025-10-17T07:39:44.801+0000] {processor.py:157} INFO - Started process (PID=181) to work on /home/airflow/.local/lib/python3.8/site-packages/airflow/example_dags/example_dag_decorator.py
[2025-10-17T07:39:44.803+0000] {processor.py:829} INFO - Processing file /home/airflow/.local/lib/python3.8/site-packages/airflow/example_dags/example_dag_decorator.py for tasks to queue
[2025-10-17T07:39:44.806+0000] {logging_mixin.py:154} INFO - [2025-10-17T07:39:44.805+0000] {dagbag.py:536} INFO - Filling up the DagBag from /home/airflow/.local/lib/python3.8/site-packages/airflow/example_dags/example_dag_decorator.py
[2025-10-17T07:39:44.870+0000] {processor.py:839} INFO - DAG(s) dict_keys(['example_dag_decorator']) retrieved from /home/airflow/.local/lib/python3.8/site-packages/airflow/example_dags/example_dag_decorator.py
[2025-10-17T07:39:45.191+0000] {logging_mixin.py:154} INFO - [2025-10-17T07:39:45.191+0000] {dag.py:2941} INFO - Sync 1 DAGs
[2025-10-17T07:39:45.198+0000] {logging_mixin.py:154} INFO - [2025-10-17T07:39:45.198+0000] {dag.py:3722} INFO - Setting next_dagrun for example_dag_decorator to None, run_after=None
[2025-10-17T07:39:45.215+0000] {processor.py:179} INFO - Processing /home/airflow/.local/lib/python3.8/site-packages/airflow/example_dags/example_dag_decorator.py took 0.417 seconds
[2025-10-17T07:40:16.115+0000] {processor.py:157} INFO - Started process (PID=236) to work on /home/airflow/.local/lib/python3.8/site-packages/airflow/example_dags/example_dag_decorator.py
[2025-10-17T07:40:16.116+0000] {processor.py:829} INFO - Processing file /home/airflow/.local/lib/python3.8/site-packages/airflow/example_dags/example_dag_decorator.py for tasks to queue
[2025-10-17T07:40:16.119+0000] {logging_mixin.py:154} INFO - [2025-10-17T07:40:16.118+0000] {dagbag.py:536} INFO - Filling up the DagBag from /home/airflow/.local/lib/python3.8/site-packages/airflow/example_dags/example_dag_decorator.py
[2025-10-17T07:40:16.173+0000] {processor.py:839} INFO - DAG(s) dict_keys(['example_dag_decorator']) retrieved from /home/airflow/.local/lib/python3.8/site-packages/airflow/example_dags/example_dag_decorator.py
[2025-10-17T07:40:16.265+0000] {logging_mixin.py:154} INFO - [2025-10-17T07:40:16.264+0000] {dag.py:2941} INFO - Sync 1 DAGs
[2025-10-17T07:40:16.414+0000] {logging_mixin.py:154} INFO - [2025-10-17T07:40:16.414+0000] {dag.py:3722} INFO - Setting next_dagrun for example_dag_decorator to None, run_after=None
[2025-10-17T07:40:16.431+0000] {processor.py:179} INFO - Processing /home/airflow/.local/lib/python3.8/site-packages/airflow/example_dags/example_dag_decorator.py took 0.319 seconds
[2025-10-17T07:40:46.794+0000] {processor.py:157} INFO - Started process (PID=292) to work on /home/airflow/.local/lib/python3.8/site-packages/airflow/example_dags/example_dag_decorator.py
[2025-10-17T07:40:46.795+0000] {processor.py:829} INFO - Processing file /home/airflow/.local/lib/python3.8/site-packages/airflow/example_dags/example_dag_decorator.py for tasks to queue
[2025-10-17T07:40:46.797+0000] {logging_mixin.py:154} INFO - [2025-10-17T07:40:46.796+0000] {dagbag.py:536} INFO - Filling up the DagBag from /home/airflow/.local/lib/python3.8/site-packages/airflow/example_dags/example_dag_decorator.py
[2025-10-17T07:40:46.856+0000] {processor.py:839} INFO - DAG(s) dict_keys(['example_dag_decorator']) retrieved from /home/airflow/.local/lib/python3.8/site-packages/airflow/example_dags/example_dag_decorator.py
[2025-10-17T07:40:46.950+0000] {logging_mixin.py:154} INFO - [2025-10-17T07:40:46.949+0000] {dag.py:2941} INFO - Sync 1 DAGs
[2025-10-17T07:40:47.123+0000] {logging_mixin.py:154} INFO - [2025-10-17T07:40:47.123+0000] {dag.py:3722} INFO - Setting next_dagrun for example_dag_decorator to None, run_after=None
[2025-10-17T07:40:47.138+0000] {processor.py:179} INFO - Processing /home/airflow/.local/lib/python3.8/site-packages/airflow/example_dags/example_dag_decorator.py took 0.348 seconds
[2025-10-17T07:41:17.312+0000] {processor.py:157} INFO - Started process (PID=347) to work on /home/airflow/.local/lib/python3.8/site-packages/airflow/example_dags/example_dag_decorator.py
[2025-10-17T07:41:17.314+0000] {processor.py:829} INFO - Processing file /home/airflow/.local/lib/python3.8/site-packages/airflow/example_dags/example_dag_decorator.py for tasks to queue
[2025-10-17T07:41:17.317+0000] {logging_mixin.py:154} INFO - [2025-10-17T07:41:17.316+0000] {dagbag.py:536} INFO - Filling up the DagBag from /home/airflow/.local/lib/python3.8/site-packages/airflow/example_dags/example_dag_decorator.py
[2025-10-17T07:41:17.385+0000] {processor.py:839} INFO - DAG(s) dict_keys(['example_dag_decorator']) retrieved from /home/airflow/.local/lib/python3.8/site-packages/airflow/example_dags/example_dag_decorator.py
[2025-10-17T07:41:17.485+0000] {logging_mixin.py:154} INFO - [2025-10-17T07:41:17.485+0000] {dag.py:2941} INFO - Sync 1 DAGs
[2025-10-17T07:41:17.494+0000] {logging_mixin.py:154} INFO - [2025-10-17T07:41:17.494+0000] {dag.py:3722} INFO - Setting next_dagrun for example_dag_decorator to None, run_after=None
[2025-10-17T07:41:17.515+0000] {processor.py:179} INFO - Processing /home/airflow/.local/lib/python3.8/site-packages/airflow/example_dags/example_dag_decorator.py took 0.206 seconds
[2025-10-17T07:42:26.841+0000] {processor.py:157} INFO - Started process (PID=61) to work on /home/airflow/.local/lib/python3.8/site-packages/airflow/example_dags/example_dag_decorator.py
[2025-10-17T07:42:26.842+0000] {processor.py:829} INFO - Processing file /home/airflow/.local/lib/python3.8/site-packages/airflow/example_dags/example_dag_decorator.py for tasks to queue
[2025-10-17T07:42:26.845+0000] {logging_mixin.py:154} INFO - [2025-10-17T07:42:26.844+0000] {dagbag.py:536} INFO - Filling up the DagBag from /home/airflow/.local/lib/python3.8/site-packages/airflow/example_dags/example_dag_decorator.py
[2025-10-17T07:42:26.973+0000] {processor.py:839} INFO - DAG(s) dict_keys(['example_dag_decorator']) retrieved from /home/airflow/.local/lib/python3.8/site-packages/airflow/example_dags/example_dag_decorator.py
[2025-10-17T07:42:27.079+0000] {logging_mixin.py:154} INFO - [2025-10-17T07:42:27.079+0000] {manager.py:499} INFO - Created Permission View: %s
[2025-10-17T07:42:27.090+0000] {logging_mixin.py:154} INFO - [2025-10-17T07:42:27.089+0000] {manager.py:499} INFO - Created Permission View: %s
[2025-10-17T07:42:27.098+0000] {logging_mixin.py:154} INFO - [2025-10-17T07:42:27.098+0000] {manager.py:499} INFO - Created Permission View: %s
[2025-10-17T07:42:27.098+0000] {logging_mixin.py:154} INFO - [2025-10-17T07:42:27.098+0000] {dag.py:2941} INFO - Sync 1 DAGs
[2025-10-17T07:42:27.109+0000] {logging_mixin.py:154} INFO - [2025-10-17T07:42:27.109+0000] {dag.py:2963} INFO - Creating ORM DAG for example_dag_decorator
[2025-10-17T07:42:27.110+0000] {logging_mixin.py:154} INFO - [2025-10-17T07:42:27.110+0000] {dag.py:3722} INFO - Setting next_dagrun for example_dag_decorator to None, run_after=None
[2025-10-17T07:42:27.130+0000] {processor.py:179} INFO - Processing /home/airflow/.local/lib/python3.8/site-packages/airflow/example_dags/example_dag_decorator.py took 0.294 seconds
[2025-10-17T07:42:57.499+0000] {processor.py:157} INFO - Started process (PID=117) to work on /home/airflow/.local/lib/python3.8/site-packages/airflow/example_dags/example_dag_decorator.py
[2025-10-17T07:42:57.500+0000] {processor.py:829} INFO - Processing file /home/airflow/.local/lib/python3.8/site-packages/airflow/example_dags/example_dag_decorator.py for tasks to queue
[2025-10-17T07:42:57.502+0000] {logging_mixin.py:154} INFO - [2025-10-17T07:42:57.502+0000] {dagbag.py:536} INFO - Filling up the DagBag from /home/airflow/.local/lib/python3.8/site-packages/airflow/example_dags/example_dag_decorator.py
[2025-10-17T07:42:57.591+0000] {processor.py:839} INFO - DAG(s) dict_keys(['example_dag_decorator']) retrieved from /home/airflow/.local/lib/python3.8/site-packages/airflow/example_dags/example_dag_decorator.py
[2025-10-17T07:42:57.678+0000] {logging_mixin.py:154} INFO - [2025-10-17T07:42:57.678+0000] {dag.py:2941} INFO - Sync 1 DAGs
[2025-10-17T07:42:57.687+0000] {logging_mixin.py:154} INFO - [2025-10-17T07:42:57.687+0000] {dag.py:3722} INFO - Setting next_dagrun for example_dag_decorator to None, run_after=None
[2025-10-17T07:42:57.705+0000] {processor.py:179} INFO - Processing /home/airflow/.local/lib/python3.8/site-packages/airflow/example_dags/example_dag_decorator.py took 0.210 seconds
[2025-10-17T07:44:24.495+0000] {processor.py:157} INFO - Started process (PID=61) to work on /home/airflow/.local/lib/python3.8/site-packages/airflow/example_dags/example_dag_decorator.py
[2025-10-17T07:44:24.497+0000] {processor.py:829} INFO - Processing file /home/airflow/.local/lib/python3.8/site-packages/airflow/example_dags/example_dag_decorator.py for tasks to queue
[2025-10-17T07:44:24.500+0000] {logging_mixin.py:154} INFO - [2025-10-17T07:44:24.500+0000] {dagbag.py:536} INFO - Filling up the DagBag from /home/airflow/.local/lib/python3.8/site-packages/airflow/example_dags/example_dag_decorator.py
[2025-10-17T07:44:24.634+0000] {processor.py:839} INFO - DAG(s) dict_keys(['example_dag_decorator']) retrieved from /home/airflow/.local/lib/python3.8/site-packages/airflow/example_dags/example_dag_decorator.py
[2025-10-17T07:44:24.774+0000] {logging_mixin.py:154} INFO - [2025-10-17T07:44:24.774+0000] {manager.py:499} INFO - Created Permission View: %s
[2025-10-17T07:44:24.783+0000] {logging_mixin.py:154} INFO - [2025-10-17T07:44:24.783+0000] {manager.py:499} INFO - Created Permission View: %s
[2025-10-17T07:44:24.789+0000] {logging_mixin.py:154} INFO - [2025-10-17T07:44:24.789+0000] {manager.py:499} INFO - Created Permission View: %s
[2025-10-17T07:44:24.789+0000] {logging_mixin.py:154} INFO - [2025-10-17T07:44:24.789+0000] {dag.py:2941} INFO - Sync 1 DAGs
[2025-10-17T07:44:24.799+0000] {logging_mixin.py:154} INFO - [2025-10-17T07:44:24.798+0000] {dag.py:2963} INFO - Creating ORM DAG for example_dag_decorator
[2025-10-17T07:44:24.799+0000] {logging_mixin.py:154} INFO - [2025-10-17T07:44:24.799+0000] {dag.py:3722} INFO - Setting next_dagrun for example_dag_decorator to None, run_after=None
[2025-10-17T07:44:24.816+0000] {processor.py:179} INFO - Processing /home/airflow/.local/lib/python3.8/site-packages/airflow/example_dags/example_dag_decorator.py took 0.325 seconds
[2025-10-17T07:44:35.632+0000] {processor.py:157} INFO - Started process (PID=53) to work on /home/airflow/.local/lib/python3.8/site-packages/airflow/example_dags/example_dag_decorator.py
[2025-10-17T07:44:35.633+0000] {processor.py:829} INFO - Processing file /home/airflow/.local/lib/python3.8/site-packages/airflow/example_dags/example_dag_decorator.py for tasks to queue
[2025-10-17T07:44:35.635+0000] {logging_mixin.py:154} INFO - [2025-10-17T07:44:35.635+0000] {dagbag.py:536} INFO - Filling up the DagBag from /home/airflow/.local/lib/python3.8/site-packages/airflow/example_dags/example_dag_decorator.py
[2025-10-17T07:44:35.690+0000] {processor.py:839} INFO - DAG(s) dict_keys(['example_dag_decorator']) retrieved from /home/airflow/.local/lib/python3.8/site-packages/airflow/example_dags/example_dag_decorator.py
[2025-10-17T07:44:35.701+0000] {logging_mixin.py:154} INFO - [2025-10-17T07:44:35.701+0000] {dag.py:2941} INFO - Sync 1 DAGs
[2025-10-17T07:44:35.712+0000] {logging_mixin.py:154} INFO - [2025-10-17T07:44:35.712+0000] {dag.py:3722} INFO - Setting next_dagrun for example_dag_decorator to None, run_after=None
[2025-10-17T07:44:35.732+0000] {processor.py:179} INFO - Processing /home/airflow/.local/lib/python3.8/site-packages/airflow/example_dags/example_dag_decorator.py took 0.103 seconds
[2025-10-17T07:45:06.180+0000] {processor.py:157} INFO - Started process (PID=109) to work on /home/airflow/.local/lib/python3.8/site-packages/airflow/example_dags/example_dag_decorator.py
[2025-10-17T07:45:06.181+0000] {processor.py:829} INFO - Processing file /home/airflow/.local/lib/python3.8/site-packages/airflow/example_dags/example_dag_decorator.py for tasks to queue
[2025-10-17T07:45:06.183+0000] {logging_mixin.py:154} INFO - [2025-10-17T07:45:06.183+0000] {dagbag.py:536} INFO - Filling up the DagBag from /home/airflow/.local/lib/python3.8/site-packages/airflow/example_dags/example_dag_decorator.py
[2025-10-17T07:45:06.239+0000] {processor.py:839} INFO - DAG(s) dict_keys(['example_dag_decorator']) retrieved from /home/airflow/.local/lib/python3.8/site-packages/airflow/example_dags/example_dag_decorator.py
[2025-10-17T07:45:06.322+0000] {logging_mixin.py:154} INFO - [2025-10-17T07:45:06.322+0000] {dag.py:2941} INFO - Sync 1 DAGs
[2025-10-17T07:45:06.332+0000] {logging_mixin.py:154} INFO - [2025-10-17T07:45:06.331+0000] {dag.py:3722} INFO - Setting next_dagrun for example_dag_decorator to None, run_after=None
[2025-10-17T07:45:06.348+0000] {processor.py:179} INFO - Processing /home/airflow/.local/lib/python3.8/site-packages/airflow/example_dags/example_dag_decorator.py took 0.171 seconds
[2025-10-17T07:46:18.976+0000] {processor.py:157} INFO - Started process (PID=61) to work on /home/airflow/.local/lib/python3.8/site-packages/airflow/example_dags/example_dag_decorator.py
[2025-10-17T07:46:18.977+0000] {processor.py:829} INFO - Processing file /home/airflow/.local/lib/python3.8/site-packages/airflow/example_dags/example_dag_decorator.py for tasks to queue
[2025-10-17T07:46:18.980+0000] {logging_mixin.py:154} INFO - [2025-10-17T07:46:18.980+0000] {dagbag.py:536} INFO - Filling up the DagBag from /home/airflow/.local/lib/python3.8/site-packages/airflow/example_dags/example_dag_decorator.py
[2025-10-17T07:46:19.118+0000] {processor.py:839} INFO - DAG(s) dict_keys(['example_dag_decorator']) retrieved from /home/airflow/.local/lib/python3.8/site-packages/airflow/example_dags/example_dag_decorator.py
[2025-10-17T07:46:19.234+0000] {logging_mixin.py:154} INFO - [2025-10-17T07:46:19.234+0000] {manager.py:499} INFO - Created Permission View: %s
[2025-10-17T07:46:19.244+0000] {logging_mixin.py:154} INFO - [2025-10-17T07:46:19.244+0000] {manager.py:499} INFO - Created Permission View: %s
[2025-10-17T07:46:19.252+0000] {logging_mixin.py:154} INFO - [2025-10-17T07:46:19.252+0000] {manager.py:499} INFO - Created Permission View: %s
[2025-10-17T07:46:19.252+0000] {logging_mixin.py:154} INFO - [2025-10-17T07:46:19.252+0000] {dag.py:2941} INFO - Sync 1 DAGs
[2025-10-17T07:46:19.266+0000] {logging_mixin.py:154} INFO - [2025-10-17T07:46:19.265+0000] {dag.py:2963} INFO - Creating ORM DAG for example_dag_decorator
[2025-10-17T07:46:19.267+0000] {logging_mixin.py:154} INFO - [2025-10-17T07:46:19.266+0000] {dag.py:3722} INFO - Setting next_dagrun for example_dag_decorator to None, run_after=None
[2025-10-17T07:46:19.286+0000] {processor.py:179} INFO - Processing /home/airflow/.local/lib/python3.8/site-packages/airflow/example_dags/example_dag_decorator.py took 0.315 seconds
[2025-10-17T07:46:49.855+0000] {processor.py:157} INFO - Started process (PID=117) to work on /home/airflow/.local/lib/python3.8/site-packages/airflow/example_dags/example_dag_decorator.py
[2025-10-17T07:46:49.856+0000] {processor.py:829} INFO - Processing file /home/airflow/.local/lib/python3.8/site-packages/airflow/example_dags/example_dag_decorator.py for tasks to queue
[2025-10-17T07:46:49.858+0000] {logging_mixin.py:154} INFO - [2025-10-17T07:46:49.858+0000] {dagbag.py:536} INFO - Filling up the DagBag from /home/airflow/.local/lib/python3.8/site-packages/airflow/example_dags/example_dag_decorator.py
[2025-10-17T07:46:49.946+0000] {processor.py:839} INFO - DAG(s) dict_keys(['example_dag_decorator']) retrieved from /home/airflow/.local/lib/python3.8/site-packages/airflow/example_dags/example_dag_decorator.py
[2025-10-17T07:46:50.032+0000] {logging_mixin.py:154} INFO - [2025-10-17T07:46:50.032+0000] {dag.py:2941} INFO - Sync 1 DAGs
[2025-10-17T07:46:50.042+0000] {logging_mixin.py:154} INFO - [2025-10-17T07:46:50.041+0000] {dag.py:3722} INFO - Setting next_dagrun for example_dag_decorator to None, run_after=None
[2025-10-17T07:46:50.059+0000] {processor.py:179} INFO - Processing /home/airflow/.local/lib/python3.8/site-packages/airflow/example_dags/example_dag_decorator.py took 0.208 seconds
[2025-10-17T07:47:20.660+0000] {processor.py:157} INFO - Started process (PID=173) to work on /home/airflow/.local/lib/python3.8/site-packages/airflow/example_dags/example_dag_decorator.py
[2025-10-17T07:47:20.661+0000] {processor.py:829} INFO - Processing file /home/airflow/.local/lib/python3.8/site-packages/airflow/example_dags/example_dag_decorator.py for tasks to queue
[2025-10-17T07:47:20.663+0000] {logging_mixin.py:154} INFO - [2025-10-17T07:47:20.662+0000] {dagbag.py:536} INFO - Filling up the DagBag from /home/airflow/.local/lib/python3.8/site-packages/airflow/example_dags/example_dag_decorator.py
[2025-10-17T07:47:20.718+0000] {processor.py:839} INFO - DAG(s) dict_keys(['example_dag_decorator']) retrieved from /home/airflow/.local/lib/python3.8/site-packages/airflow/example_dags/example_dag_decorator.py
[2025-10-17T07:47:20.972+0000] {logging_mixin.py:154} INFO - [2025-10-17T07:47:20.971+0000] {dag.py:2941} INFO - Sync 1 DAGs
[2025-10-17T07:47:20.980+0000] {logging_mixin.py:154} INFO - [2025-10-17T07:47:20.980+0000] {dag.py:3722} INFO - Setting next_dagrun for example_dag_decorator to None, run_after=None
[2025-10-17T07:47:21.000+0000] {processor.py:179} INFO - Processing /home/airflow/.local/lib/python3.8/site-packages/airflow/example_dags/example_dag_decorator.py took 0.343 seconds
[2025-10-17T07:47:51.411+0000] {processor.py:157} INFO - Started process (PID=229) to work on /home/airflow/.local/lib/python3.8/site-packages/airflow/example_dags/example_dag_decorator.py
[2025-10-17T07:47:51.413+0000] {processor.py:829} INFO - Processing file /home/airflow/.local/lib/python3.8/site-packages/airflow/example_dags/example_dag_decorator.py for tasks to queue
[2025-10-17T07:47:51.415+0000] {logging_mixin.py:154} INFO - [2025-10-17T07:47:51.414+0000] {dagbag.py:536} INFO - Filling up the DagBag from /home/airflow/.local/lib/python3.8/site-packages/airflow/example_dags/example_dag_decorator.py
[2025-10-17T07:47:51.471+0000] {processor.py:839} INFO - DAG(s) dict_keys(['example_dag_decorator']) retrieved from /home/airflow/.local/lib/python3.8/site-packages/airflow/example_dags/example_dag_decorator.py
[2025-10-17T07:47:51.567+0000] {logging_mixin.py:154} INFO - [2025-10-17T07:47:51.567+0000] {dag.py:2941} INFO - Sync 1 DAGs
[2025-10-17T07:47:51.719+0000] {logging_mixin.py:154} INFO - [2025-10-17T07:47:51.719+0000] {dag.py:3722} INFO - Setting next_dagrun for example_dag_decorator to None, run_after=None
[2025-10-17T07:47:51.745+0000] {processor.py:179} INFO - Processing /home/airflow/.local/lib/python3.8/site-packages/airflow/example_dags/example_dag_decorator.py took 0.337 seconds
[2025-10-17T07:48:21.982+0000] {processor.py:157} INFO - Started process (PID=292) to work on /home/airflow/.local/lib/python3.8/site-packages/airflow/example_dags/example_dag_decorator.py
[2025-10-17T07:48:21.983+0000] {processor.py:829} INFO - Processing file /home/airflow/.local/lib/python3.8/site-packages/airflow/example_dags/example_dag_decorator.py for tasks to queue
[2025-10-17T07:48:21.985+0000] {logging_mixin.py:154} INFO - [2025-10-17T07:48:21.985+0000] {dagbag.py:536} INFO - Filling up the DagBag from /home/airflow/.local/lib/python3.8/site-packages/airflow/example_dags/example_dag_decorator.py
[2025-10-17T07:48:22.039+0000] {processor.py:839} INFO - DAG(s) dict_keys(['example_dag_decorator']) retrieved from /home/airflow/.local/lib/python3.8/site-packages/airflow/example_dags/example_dag_decorator.py
[2025-10-17T07:48:22.121+0000] {logging_mixin.py:154} INFO - [2025-10-17T07:48:22.121+0000] {dag.py:2941} INFO - Sync 1 DAGs
[2025-10-17T07:48:22.130+0000] {logging_mixin.py:154} INFO - [2025-10-17T07:48:22.129+0000] {dag.py:3722} INFO - Setting next_dagrun for example_dag_decorator to None, run_after=None
[2025-10-17T07:48:22.274+0000] {processor.py:179} INFO - Processing /home/airflow/.local/lib/python3.8/site-packages/airflow/example_dags/example_dag_decorator.py took 0.295 seconds
[2025-10-17T07:48:52.630+0000] {processor.py:157} INFO - Started process (PID=347) to work on /home/airflow/.local/lib/python3.8/site-packages/airflow/example_dags/example_dag_decorator.py
[2025-10-17T07:48:52.632+0000] {processor.py:829} INFO - Processing file /home/airflow/.local/lib/python3.8/site-packages/airflow/example_dags/example_dag_decorator.py for tasks to queue
[2025-10-17T07:48:52.635+0000] {logging_mixin.py:154} INFO - [2025-10-17T07:48:52.634+0000] {dagbag.py:536} INFO - Filling up the DagBag from /home/airflow/.local/lib/python3.8/site-packages/airflow/example_dags/example_dag_decorator.py
[2025-10-17T07:48:52.695+0000] {processor.py:839} INFO - DAG(s) dict_keys(['example_dag_decorator']) retrieved from /home/airflow/.local/lib/python3.8/site-packages/airflow/example_dags/example_dag_decorator.py
[2025-10-17T07:48:52.941+0000] {logging_mixin.py:154} INFO - [2025-10-17T07:48:52.941+0000] {dag.py:2941} INFO - Sync 1 DAGs
[2025-10-17T07:48:52.950+0000] {logging_mixin.py:154} INFO - [2025-10-17T07:48:52.949+0000] {dag.py:3722} INFO - Setting next_dagrun for example_dag_decorator to None, run_after=None
[2025-10-17T07:48:52.966+0000] {processor.py:179} INFO - Processing /home/airflow/.local/lib/python3.8/site-packages/airflow/example_dags/example_dag_decorator.py took 0.339 seconds
[2025-10-17T07:49:23.147+0000] {processor.py:157} INFO - Started process (PID=402) to work on /home/airflow/.local/lib/python3.8/site-packages/airflow/example_dags/example_dag_decorator.py
[2025-10-17T07:49:23.149+0000] {processor.py:829} INFO - Processing file /home/airflow/.local/lib/python3.8/site-packages/airflow/example_dags/example_dag_decorator.py for tasks to queue
[2025-10-17T07:49:23.151+0000] {logging_mixin.py:154} INFO - [2025-10-17T07:49:23.151+0000] {dagbag.py:536} INFO - Filling up the DagBag from /home/airflow/.local/lib/python3.8/site-packages/airflow/example_dags/example_dag_decorator.py
[2025-10-17T07:49:23.203+0000] {processor.py:839} INFO - DAG(s) dict_keys(['example_dag_decorator']) retrieved from /home/airflow/.local/lib/python3.8/site-packages/airflow/example_dags/example_dag_decorator.py
[2025-10-17T07:49:23.415+0000] {logging_mixin.py:154} INFO - [2025-10-17T07:49:23.415+0000] {dag.py:2941} INFO - Sync 1 DAGs
[2025-10-17T07:49:23.423+0000] {logging_mixin.py:154} INFO - [2025-10-17T07:49:23.423+0000] {dag.py:3722} INFO - Setting next_dagrun for example_dag_decorator to None, run_after=None
[2025-10-17T07:49:23.441+0000] {processor.py:179} INFO - Processing /home/airflow/.local/lib/python3.8/site-packages/airflow/example_dags/example_dag_decorator.py took 0.296 seconds
[2025-10-17T07:49:53.718+0000] {processor.py:157} INFO - Started process (PID=458) to work on /home/airflow/.local/lib/python3.8/site-packages/airflow/example_dags/example_dag_decorator.py
[2025-10-17T07:49:53.720+0000] {processor.py:829} INFO - Processing file /home/airflow/.local/lib/python3.8/site-packages/airflow/example_dags/example_dag_decorator.py for tasks to queue
[2025-10-17T07:49:53.722+0000] {logging_mixin.py:154} INFO - [2025-10-17T07:49:53.722+0000] {dagbag.py:536} INFO - Filling up the DagBag from /home/airflow/.local/lib/python3.8/site-packages/airflow/example_dags/example_dag_decorator.py
[2025-10-17T07:49:53.787+0000] {processor.py:839} INFO - DAG(s) dict_keys(['example_dag_decorator']) retrieved from /home/airflow/.local/lib/python3.8/site-packages/airflow/example_dags/example_dag_decorator.py
[2025-10-17T07:49:53.883+0000] {logging_mixin.py:154} INFO - [2025-10-17T07:49:53.883+0000] {dag.py:2941} INFO - Sync 1 DAGs
[2025-10-17T07:49:54.075+0000] {logging_mixin.py:154} INFO - [2025-10-17T07:49:54.075+0000] {dag.py:3722} INFO - Setting next_dagrun for example_dag_decorator to None, run_after=None
[2025-10-17T07:49:54.094+0000] {processor.py:179} INFO - Processing /home/airflow/.local/lib/python3.8/site-packages/airflow/example_dags/example_dag_decorator.py took 0.379 seconds
[2025-10-17T07:50:25.032+0000] {processor.py:157} INFO - Started process (PID=518) to work on /home/airflow/.local/lib/python3.8/site-packages/airflow/example_dags/example_dag_decorator.py
[2025-10-17T07:50:25.033+0000] {processor.py:829} INFO - Processing file /home/airflow/.local/lib/python3.8/site-packages/airflow/example_dags/example_dag_decorator.py for tasks to queue
[2025-10-17T07:50:25.035+0000] {logging_mixin.py:154} INFO - [2025-10-17T07:50:25.035+0000] {dagbag.py:536} INFO - Filling up the DagBag from /home/airflow/.local/lib/python3.8/site-packages/airflow/example_dags/example_dag_decorator.py
[2025-10-17T07:50:25.084+0000] {processor.py:839} INFO - DAG(s) dict_keys(['example_dag_decorator']) retrieved from /home/airflow/.local/lib/python3.8/site-packages/airflow/example_dags/example_dag_decorator.py
[2025-10-17T07:50:25.182+0000] {logging_mixin.py:154} INFO - [2025-10-17T07:50:25.181+0000] {dag.py:2941} INFO - Sync 1 DAGs
[2025-10-17T07:50:25.348+0000] {logging_mixin.py:154} INFO - [2025-10-17T07:50:25.348+0000] {dag.py:3722} INFO - Setting next_dagrun for example_dag_decorator to None, run_after=None
[2025-10-17T07:50:25.367+0000] {processor.py:179} INFO - Processing /home/airflow/.local/lib/python3.8/site-packages/airflow/example_dags/example_dag_decorator.py took 0.338 seconds
[2025-10-17T07:50:56.128+0000] {processor.py:157} INFO - Started process (PID=574) to work on /home/airflow/.local/lib/python3.8/site-packages/airflow/example_dags/example_dag_decorator.py
[2025-10-17T07:50:56.129+0000] {processor.py:829} INFO - Processing file /home/airflow/.local/lib/python3.8/site-packages/airflow/example_dags/example_dag_decorator.py for tasks to queue
[2025-10-17T07:50:56.131+0000] {logging_mixin.py:154} INFO - [2025-10-17T07:50:56.131+0000] {dagbag.py:536} INFO - Filling up the DagBag from /home/airflow/.local/lib/python3.8/site-packages/airflow/example_dags/example_dag_decorator.py
[2025-10-17T07:50:56.183+0000] {processor.py:839} INFO - DAG(s) dict_keys(['example_dag_decorator']) retrieved from /home/airflow/.local/lib/python3.8/site-packages/airflow/example_dags/example_dag_decorator.py
[2025-10-17T07:50:56.411+0000] {logging_mixin.py:154} INFO - [2025-10-17T07:50:56.411+0000] {dag.py:2941} INFO - Sync 1 DAGs
[2025-10-17T07:50:56.419+0000] {logging_mixin.py:154} INFO - [2025-10-17T07:50:56.419+0000] {dag.py:3722} INFO - Setting next_dagrun for example_dag_decorator to None, run_after=None
[2025-10-17T07:50:56.437+0000] {processor.py:179} INFO - Processing /home/airflow/.local/lib/python3.8/site-packages/airflow/example_dags/example_dag_decorator.py took 0.313 seconds
[2025-10-17T07:51:26.561+0000] {processor.py:157} INFO - Started process (PID=629) to work on /home/airflow/.local/lib/python3.8/site-packages/airflow/example_dags/example_dag_decorator.py
[2025-10-17T07:51:26.562+0000] {processor.py:829} INFO - Processing file /home/airflow/.local/lib/python3.8/site-packages/airflow/example_dags/example_dag_decorator.py for tasks to queue
[2025-10-17T07:51:26.565+0000] {logging_mixin.py:154} INFO - [2025-10-17T07:51:26.564+0000] {dagbag.py:536} INFO - Filling up the DagBag from /home/airflow/.local/lib/python3.8/site-packages/airflow/example_dags/example_dag_decorator.py
[2025-10-17T07:51:26.622+0000] {processor.py:839} INFO - DAG(s) dict_keys(['example_dag_decorator']) retrieved from /home/airflow/.local/lib/python3.8/site-packages/airflow/example_dags/example_dag_decorator.py
[2025-10-17T07:51:26.908+0000] {logging_mixin.py:154} INFO - [2025-10-17T07:51:26.908+0000] {dag.py:2941} INFO - Sync 1 DAGs
[2025-10-17T07:51:26.916+0000] {logging_mixin.py:154} INFO - [2025-10-17T07:51:26.916+0000] {dag.py:3722} INFO - Setting next_dagrun for example_dag_decorator to None, run_after=None
[2025-10-17T07:51:26.935+0000] {processor.py:179} INFO - Processing /home/airflow/.local/lib/python3.8/site-packages/airflow/example_dags/example_dag_decorator.py took 0.378 seconds
[2025-10-17T07:51:57.252+0000] {processor.py:157} INFO - Started process (PID=686) to work on /home/airflow/.local/lib/python3.8/site-packages/airflow/example_dags/example_dag_decorator.py
[2025-10-17T07:51:57.253+0000] {processor.py:829} INFO - Processing file /home/airflow/.local/lib/python3.8/site-packages/airflow/example_dags/example_dag_decorator.py for tasks to queue
[2025-10-17T07:51:57.255+0000] {logging_mixin.py:154} INFO - [2025-10-17T07:51:57.255+0000] {dagbag.py:536} INFO - Filling up the DagBag from /home/airflow/.local/lib/python3.8/site-packages/airflow/example_dags/example_dag_decorator.py
[2025-10-17T07:51:57.305+0000] {processor.py:839} INFO - DAG(s) dict_keys(['example_dag_decorator']) retrieved from /home/airflow/.local/lib/python3.8/site-packages/airflow/example_dags/example_dag_decorator.py
[2025-10-17T07:51:57.541+0000] {logging_mixin.py:154} INFO - [2025-10-17T07:51:57.541+0000] {dag.py:2941} INFO - Sync 1 DAGs
[2025-10-17T07:51:57.549+0000] {logging_mixin.py:154} INFO - [2025-10-17T07:51:57.549+0000] {dag.py:3722} INFO - Setting next_dagrun for example_dag_decorator to None, run_after=None
[2025-10-17T07:51:57.567+0000] {processor.py:179} INFO - Processing /home/airflow/.local/lib/python3.8/site-packages/airflow/example_dags/example_dag_decorator.py took 0.318 seconds
[2025-10-17T08:08:51.174+0000] {processor.py:157} INFO - Started process (PID=61) to work on /home/airflow/.local/lib/python3.8/site-packages/airflow/example_dags/example_dag_decorator.py
[2025-10-17T08:08:51.175+0000] {processor.py:829} INFO - Processing file /home/airflow/.local/lib/python3.8/site-packages/airflow/example_dags/example_dag_decorator.py for tasks to queue
[2025-10-17T08:08:51.180+0000] {logging_mixin.py:154} INFO - [2025-10-17T08:08:51.180+0000] {dagbag.py:536} INFO - Filling up the DagBag from /home/airflow/.local/lib/python3.8/site-packages/airflow/example_dags/example_dag_decorator.py
[2025-10-17T08:08:51.404+0000] {processor.py:839} INFO - DAG(s) dict_keys(['example_dag_decorator']) retrieved from /home/airflow/.local/lib/python3.8/site-packages/airflow/example_dags/example_dag_decorator.py
[2025-10-17T08:08:51.563+0000] {logging_mixin.py:154} INFO - [2025-10-17T08:08:51.563+0000] {manager.py:499} INFO - Created Permission View: %s
[2025-10-17T08:08:51.574+0000] {logging_mixin.py:154} INFO - [2025-10-17T08:08:51.574+0000] {manager.py:499} INFO - Created Permission View: %s
[2025-10-17T08:08:51.583+0000] {logging_mixin.py:154} INFO - [2025-10-17T08:08:51.583+0000] {manager.py:499} INFO - Created Permission View: %s
[2025-10-17T08:08:51.584+0000] {logging_mixin.py:154} INFO - [2025-10-17T08:08:51.583+0000] {dag.py:2941} INFO - Sync 1 DAGs
[2025-10-17T08:08:51.601+0000] {logging_mixin.py:154} INFO - [2025-10-17T08:08:51.601+0000] {dag.py:2963} INFO - Creating ORM DAG for example_dag_decorator
[2025-10-17T08:08:51.602+0000] {logging_mixin.py:154} INFO - [2025-10-17T08:08:51.602+0000] {dag.py:3722} INFO - Setting next_dagrun for example_dag_decorator to None, run_after=None
[2025-10-17T08:08:51.626+0000] {processor.py:179} INFO - Processing /home/airflow/.local/lib/python3.8/site-packages/airflow/example_dags/example_dag_decorator.py took 0.458 seconds
[2025-10-17T08:09:21.984+0000] {processor.py:157} INFO - Started process (PID=118) to work on /home/airflow/.local/lib/python3.8/site-packages/airflow/example_dags/example_dag_decorator.py
[2025-10-17T08:09:21.985+0000] {processor.py:829} INFO - Processing file /home/airflow/.local/lib/python3.8/site-packages/airflow/example_dags/example_dag_decorator.py for tasks to queue
[2025-10-17T08:09:21.987+0000] {logging_mixin.py:154} INFO - [2025-10-17T08:09:21.987+0000] {dagbag.py:536} INFO - Filling up the DagBag from /home/airflow/.local/lib/python3.8/site-packages/airflow/example_dags/example_dag_decorator.py
[2025-10-17T08:09:22.067+0000] {processor.py:839} INFO - DAG(s) dict_keys(['example_dag_decorator']) retrieved from /home/airflow/.local/lib/python3.8/site-packages/airflow/example_dags/example_dag_decorator.py
[2025-10-17T08:09:22.152+0000] {logging_mixin.py:154} INFO - [2025-10-17T08:09:22.152+0000] {dag.py:2941} INFO - Sync 1 DAGs
[2025-10-17T08:09:22.162+0000] {logging_mixin.py:154} INFO - [2025-10-17T08:09:22.162+0000] {dag.py:3722} INFO - Setting next_dagrun for example_dag_decorator to None, run_after=None
[2025-10-17T08:09:22.182+0000] {processor.py:179} INFO - Processing /home/airflow/.local/lib/python3.8/site-packages/airflow/example_dags/example_dag_decorator.py took 0.203 seconds
[2025-10-17T08:09:52.534+0000] {processor.py:157} INFO - Started process (PID=173) to work on /home/airflow/.local/lib/python3.8/site-packages/airflow/example_dags/example_dag_decorator.py
[2025-10-17T08:09:52.536+0000] {processor.py:829} INFO - Processing file /home/airflow/.local/lib/python3.8/site-packages/airflow/example_dags/example_dag_decorator.py for tasks to queue
[2025-10-17T08:09:52.540+0000] {logging_mixin.py:154} INFO - [2025-10-17T08:09:52.539+0000] {dagbag.py:536} INFO - Filling up the DagBag from /home/airflow/.local/lib/python3.8/site-packages/airflow/example_dags/example_dag_decorator.py
[2025-10-17T08:09:52.635+0000] {processor.py:839} INFO - DAG(s) dict_keys(['example_dag_decorator']) retrieved from /home/airflow/.local/lib/python3.8/site-packages/airflow/example_dags/example_dag_decorator.py
[2025-10-17T08:09:52.799+0000] {logging_mixin.py:154} INFO - [2025-10-17T08:09:52.799+0000] {dag.py:2941} INFO - Sync 1 DAGs
[2025-10-17T08:09:52.811+0000] {logging_mixin.py:154} INFO - [2025-10-17T08:09:52.811+0000] {dag.py:3722} INFO - Setting next_dagrun for example_dag_decorator to None, run_after=None
[2025-10-17T08:09:52.838+0000] {processor.py:179} INFO - Processing /home/airflow/.local/lib/python3.8/site-packages/airflow/example_dags/example_dag_decorator.py took 0.308 seconds
[2025-10-17T08:10:23.648+0000] {processor.py:157} INFO - Started process (PID=236) to work on /home/airflow/.local/lib/python3.8/site-packages/airflow/example_dags/example_dag_decorator.py
[2025-10-17T08:10:23.650+0000] {processor.py:829} INFO - Processing file /home/airflow/.local/lib/python3.8/site-packages/airflow/example_dags/example_dag_decorator.py for tasks to queue
[2025-10-17T08:10:23.652+0000] {logging_mixin.py:154} INFO - [2025-10-17T08:10:23.652+0000] {dagbag.py:536} INFO - Filling up the DagBag from /home/airflow/.local/lib/python3.8/site-packages/airflow/example_dags/example_dag_decorator.py
[2025-10-17T08:10:23.733+0000] {processor.py:839} INFO - DAG(s) dict_keys(['example_dag_decorator']) retrieved from /home/airflow/.local/lib/python3.8/site-packages/airflow/example_dags/example_dag_decorator.py
[2025-10-17T08:10:24.022+0000] {logging_mixin.py:154} INFO - [2025-10-17T08:10:24.022+0000] {dag.py:2941} INFO - Sync 1 DAGs
[2025-10-17T08:10:24.033+0000] {logging_mixin.py:154} INFO - [2025-10-17T08:10:24.033+0000] {dag.py:3722} INFO - Setting next_dagrun for example_dag_decorator to None, run_after=None
[2025-10-17T08:10:24.056+0000] {processor.py:179} INFO - Processing /home/airflow/.local/lib/python3.8/site-packages/airflow/example_dags/example_dag_decorator.py took 0.413 seconds
[2025-10-17T08:10:54.342+0000] {processor.py:157} INFO - Started process (PID=292) to work on /home/airflow/.local/lib/python3.8/site-packages/airflow/example_dags/example_dag_decorator.py
[2025-10-17T08:10:54.343+0000] {processor.py:829} INFO - Processing file /home/airflow/.local/lib/python3.8/site-packages/airflow/example_dags/example_dag_decorator.py for tasks to queue
[2025-10-17T08:10:54.345+0000] {logging_mixin.py:154} INFO - [2025-10-17T08:10:54.345+0000] {dagbag.py:536} INFO - Filling up the DagBag from /home/airflow/.local/lib/python3.8/site-packages/airflow/example_dags/example_dag_decorator.py
[2025-10-17T08:10:54.415+0000] {processor.py:839} INFO - DAG(s) dict_keys(['example_dag_decorator']) retrieved from /home/airflow/.local/lib/python3.8/site-packages/airflow/example_dags/example_dag_decorator.py
[2025-10-17T08:10:54.527+0000] {logging_mixin.py:154} INFO - [2025-10-17T08:10:54.526+0000] {dag.py:2941} INFO - Sync 1 DAGs
[2025-10-17T08:10:54.854+0000] {logging_mixin.py:154} INFO - [2025-10-17T08:10:54.854+0000] {dag.py:3722} INFO - Setting next_dagrun for example_dag_decorator to None, run_after=None
[2025-10-17T08:10:54.877+0000] {processor.py:179} INFO - Processing /home/airflow/.local/lib/python3.8/site-packages/airflow/example_dags/example_dag_decorator.py took 0.538 seconds
[2025-10-17T08:11:25.593+0000] {processor.py:157} INFO - Started process (PID=348) to work on /home/airflow/.local/lib/python3.8/site-packages/airflow/example_dags/example_dag_decorator.py
[2025-10-17T08:11:25.594+0000] {processor.py:829} INFO - Processing file /home/airflow/.local/lib/python3.8/site-packages/airflow/example_dags/example_dag_decorator.py for tasks to queue
[2025-10-17T08:11:25.596+0000] {logging_mixin.py:154} INFO - [2025-10-17T08:11:25.596+0000] {dagbag.py:536} INFO - Filling up the DagBag from /home/airflow/.local/lib/python3.8/site-packages/airflow/example_dags/example_dag_decorator.py
[2025-10-17T08:11:25.650+0000] {processor.py:839} INFO - DAG(s) dict_keys(['example_dag_decorator']) retrieved from /home/airflow/.local/lib/python3.8/site-packages/airflow/example_dags/example_dag_decorator.py
[2025-10-17T08:11:25.671+0000] {logging_mixin.py:154} INFO - [2025-10-17T08:11:25.671+0000] {dag.py:2941} INFO - Sync 1 DAGs
[2025-10-17T08:11:25.682+0000] {logging_mixin.py:154} INFO - [2025-10-17T08:11:25.682+0000] {dag.py:3722} INFO - Setting next_dagrun for example_dag_decorator to None, run_after=None
[2025-10-17T08:11:25.699+0000] {processor.py:179} INFO - Processing /home/airflow/.local/lib/python3.8/site-packages/airflow/example_dags/example_dag_decorator.py took 0.109 seconds
[2025-10-17T08:12:33.314+0000] {processor.py:157} INFO - Started process (PID=62) to work on /home/airflow/.local/lib/python3.8/site-packages/airflow/example_dags/example_dag_decorator.py
[2025-10-17T08:12:33.318+0000] {processor.py:829} INFO - Processing file /home/airflow/.local/lib/python3.8/site-packages/airflow/example_dags/example_dag_decorator.py for tasks to queue
[2025-10-17T08:12:33.324+0000] {logging_mixin.py:154} INFO - [2025-10-17T08:12:33.323+0000] {dagbag.py:536} INFO - Filling up the DagBag from /home/airflow/.local/lib/python3.8/site-packages/airflow/example_dags/example_dag_decorator.py
[2025-10-17T08:12:33.681+0000] {processor.py:839} INFO - DAG(s) dict_keys(['example_dag_decorator']) retrieved from /home/airflow/.local/lib/python3.8/site-packages/airflow/example_dags/example_dag_decorator.py
[2025-10-17T08:12:33.955+0000] {logging_mixin.py:154} INFO - [2025-10-17T08:12:33.954+0000] {manager.py:499} INFO - Created Permission View: %s
[2025-10-17T08:12:33.977+0000] {logging_mixin.py:154} INFO - [2025-10-17T08:12:33.976+0000] {manager.py:499} INFO - Created Permission View: %s
[2025-10-17T08:12:33.992+0000] {logging_mixin.py:154} INFO - [2025-10-17T08:12:33.991+0000] {manager.py:499} INFO - Created Permission View: %s
[2025-10-17T08:12:33.993+0000] {logging_mixin.py:154} INFO - [2025-10-17T08:12:33.992+0000] {dag.py:2941} INFO - Sync 1 DAGs
[2025-10-17T08:12:34.015+0000] {logging_mixin.py:154} INFO - [2025-10-17T08:12:34.014+0000] {dag.py:2963} INFO - Creating ORM DAG for example_dag_decorator
[2025-10-17T08:12:34.016+0000] {logging_mixin.py:154} INFO - [2025-10-17T08:12:34.015+0000] {dag.py:3722} INFO - Setting next_dagrun for example_dag_decorator to None, run_after=None
[2025-10-17T08:12:34.048+0000] {processor.py:179} INFO - Processing /home/airflow/.local/lib/python3.8/site-packages/airflow/example_dags/example_dag_decorator.py took 0.740 seconds
[2025-10-17T08:13:04.318+0000] {processor.py:157} INFO - Started process (PID=126) to work on /home/airflow/.local/lib/python3.8/site-packages/airflow/example_dags/example_dag_decorator.py
[2025-10-17T08:13:04.319+0000] {processor.py:829} INFO - Processing file /home/airflow/.local/lib/python3.8/site-packages/airflow/example_dags/example_dag_decorator.py for tasks to queue
[2025-10-17T08:13:04.321+0000] {logging_mixin.py:154} INFO - [2025-10-17T08:13:04.321+0000] {dagbag.py:536} INFO - Filling up the DagBag from /home/airflow/.local/lib/python3.8/site-packages/airflow/example_dags/example_dag_decorator.py
[2025-10-17T08:13:04.383+0000] {processor.py:839} INFO - DAG(s) dict_keys(['example_dag_decorator']) retrieved from /home/airflow/.local/lib/python3.8/site-packages/airflow/example_dags/example_dag_decorator.py
[2025-10-17T08:13:04.471+0000] {logging_mixin.py:154} INFO - [2025-10-17T08:13:04.471+0000] {dag.py:2941} INFO - Sync 1 DAGs
[2025-10-17T08:13:04.481+0000] {logging_mixin.py:154} INFO - [2025-10-17T08:13:04.481+0000] {dag.py:3722} INFO - Setting next_dagrun for example_dag_decorator to None, run_after=None
[2025-10-17T08:13:04.500+0000] {processor.py:179} INFO - Processing /home/airflow/.local/lib/python3.8/site-packages/airflow/example_dags/example_dag_decorator.py took 0.185 seconds
[2025-10-17T08:13:34.850+0000] {processor.py:157} INFO - Started process (PID=183) to work on /home/airflow/.local/lib/python3.8/site-packages/airflow/example_dags/example_dag_decorator.py
[2025-10-17T08:13:34.851+0000] {processor.py:829} INFO - Processing file /home/airflow/.local/lib/python3.8/site-packages/airflow/example_dags/example_dag_decorator.py for tasks to queue
[2025-10-17T08:13:34.853+0000] {logging_mixin.py:154} INFO - [2025-10-17T08:13:34.853+0000] {dagbag.py:536} INFO - Filling up the DagBag from /home/airflow/.local/lib/python3.8/site-packages/airflow/example_dags/example_dag_decorator.py
[2025-10-17T08:13:34.913+0000] {processor.py:839} INFO - DAG(s) dict_keys(['example_dag_decorator']) retrieved from /home/airflow/.local/lib/python3.8/site-packages/airflow/example_dags/example_dag_decorator.py
[2025-10-17T08:13:35.138+0000] {logging_mixin.py:154} INFO - [2025-10-17T08:13:35.138+0000] {dag.py:2941} INFO - Sync 1 DAGs
[2025-10-17T08:13:35.146+0000] {logging_mixin.py:154} INFO - [2025-10-17T08:13:35.145+0000] {dag.py:3722} INFO - Setting next_dagrun for example_dag_decorator to None, run_after=None
[2025-10-17T08:13:35.162+0000] {processor.py:179} INFO - Processing /home/airflow/.local/lib/python3.8/site-packages/airflow/example_dags/example_dag_decorator.py took 0.315 seconds
