[2025-10-17T07:19:48.600+0000] {processor.py:157} INFO - Started process (PID=589) to work on /home/airflow/.local/lib/python3.8/site-packages/airflow/example_dags/example_python_operator.py
[2025-10-17T07:19:48.604+0000] {processor.py:829} INFO - Processing file /home/airflow/.local/lib/python3.8/site-packages/airflow/example_dags/example_python_operator.py for tasks to queue
[2025-10-17T07:19:48.608+0000] {logging_mixin.py:154} INFO - [2025-10-17T07:19:48.607+0000] {dagbag.py:536} INFO - Filling up the DagBag from /home/airflow/.local/lib/python3.8/site-packages/airflow/example_dags/example_python_operator.py
[2025-10-17T07:19:48.633+0000] {processor.py:839} INFO - DAG(s) dict_keys(['example_python_operator']) retrieved from /home/airflow/.local/lib/python3.8/site-packages/airflow/example_dags/example_python_operator.py
[2025-10-17T07:19:48.681+0000] {logging_mixin.py:154} INFO - [2025-10-17T07:19:48.680+0000] {dag.py:2941} INFO - Sync 1 DAGs
[2025-10-17T07:19:48.703+0000] {logging_mixin.py:154} INFO - [2025-10-17T07:19:48.702+0000] {dag.py:3722} INFO - Setting next_dagrun for example_python_operator to None, run_after=None
[2025-10-17T07:19:48.748+0000] {processor.py:179} INFO - Processing /home/airflow/.local/lib/python3.8/site-packages/airflow/example_dags/example_python_operator.py took 0.158 seconds
[2025-10-17T07:20:19.277+0000] {processor.py:157} INFO - Started process (PID=645) to work on /home/airflow/.local/lib/python3.8/site-packages/airflow/example_dags/example_python_operator.py
[2025-10-17T07:20:19.278+0000] {processor.py:829} INFO - Processing file /home/airflow/.local/lib/python3.8/site-packages/airflow/example_dags/example_python_operator.py for tasks to queue
[2025-10-17T07:20:19.281+0000] {logging_mixin.py:154} INFO - [2025-10-17T07:20:19.280+0000] {dagbag.py:536} INFO - Filling up the DagBag from /home/airflow/.local/lib/python3.8/site-packages/airflow/example_dags/example_python_operator.py
[2025-10-17T07:20:19.290+0000] {processor.py:839} INFO - DAG(s) dict_keys(['example_python_operator']) retrieved from /home/airflow/.local/lib/python3.8/site-packages/airflow/example_dags/example_python_operator.py
[2025-10-17T07:20:19.314+0000] {logging_mixin.py:154} INFO - [2025-10-17T07:20:19.314+0000] {dag.py:2941} INFO - Sync 1 DAGs
[2025-10-17T07:20:19.326+0000] {logging_mixin.py:154} INFO - [2025-10-17T07:20:19.325+0000] {dag.py:3722} INFO - Setting next_dagrun for example_python_operator to None, run_after=None
[2025-10-17T07:20:19.344+0000] {processor.py:179} INFO - Processing /home/airflow/.local/lib/python3.8/site-packages/airflow/example_dags/example_python_operator.py took 0.071 seconds
[2025-10-17T07:20:50.067+0000] {processor.py:157} INFO - Started process (PID=701) to work on /home/airflow/.local/lib/python3.8/site-packages/airflow/example_dags/example_python_operator.py
[2025-10-17T07:20:50.069+0000] {processor.py:829} INFO - Processing file /home/airflow/.local/lib/python3.8/site-packages/airflow/example_dags/example_python_operator.py for tasks to queue
[2025-10-17T07:20:50.074+0000] {logging_mixin.py:154} INFO - [2025-10-17T07:20:50.073+0000] {dagbag.py:536} INFO - Filling up the DagBag from /home/airflow/.local/lib/python3.8/site-packages/airflow/example_dags/example_python_operator.py
[2025-10-17T07:20:50.089+0000] {processor.py:839} INFO - DAG(s) dict_keys(['example_python_operator']) retrieved from /home/airflow/.local/lib/python3.8/site-packages/airflow/example_dags/example_python_operator.py
[2025-10-17T07:20:50.129+0000] {logging_mixin.py:154} INFO - [2025-10-17T07:20:50.129+0000] {dag.py:2941} INFO - Sync 1 DAGs
[2025-10-17T07:20:50.151+0000] {logging_mixin.py:154} INFO - [2025-10-17T07:20:50.151+0000] {dag.py:3722} INFO - Setting next_dagrun for example_python_operator to None, run_after=None
[2025-10-17T07:20:50.208+0000] {processor.py:179} INFO - Processing /home/airflow/.local/lib/python3.8/site-packages/airflow/example_dags/example_python_operator.py took 0.149 seconds
[2025-10-17T07:21:20.646+0000] {processor.py:157} INFO - Started process (PID=757) to work on /home/airflow/.local/lib/python3.8/site-packages/airflow/example_dags/example_python_operator.py
[2025-10-17T07:21:20.647+0000] {processor.py:829} INFO - Processing file /home/airflow/.local/lib/python3.8/site-packages/airflow/example_dags/example_python_operator.py for tasks to queue
[2025-10-17T07:21:20.649+0000] {logging_mixin.py:154} INFO - [2025-10-17T07:21:20.649+0000] {dagbag.py:536} INFO - Filling up the DagBag from /home/airflow/.local/lib/python3.8/site-packages/airflow/example_dags/example_python_operator.py
[2025-10-17T07:21:20.658+0000] {processor.py:839} INFO - DAG(s) dict_keys(['example_python_operator']) retrieved from /home/airflow/.local/lib/python3.8/site-packages/airflow/example_dags/example_python_operator.py
[2025-10-17T07:21:20.678+0000] {logging_mixin.py:154} INFO - [2025-10-17T07:21:20.678+0000] {dag.py:2941} INFO - Sync 1 DAGs
[2025-10-17T07:21:20.689+0000] {logging_mixin.py:154} INFO - [2025-10-17T07:21:20.688+0000] {dag.py:3722} INFO - Setting next_dagrun for example_python_operator to None, run_after=None
[2025-10-17T07:21:20.708+0000] {processor.py:179} INFO - Processing /home/airflow/.local/lib/python3.8/site-packages/airflow/example_dags/example_python_operator.py took 0.066 seconds
[2025-10-17T07:21:51.267+0000] {processor.py:157} INFO - Started process (PID=813) to work on /home/airflow/.local/lib/python3.8/site-packages/airflow/example_dags/example_python_operator.py
[2025-10-17T07:21:51.276+0000] {processor.py:829} INFO - Processing file /home/airflow/.local/lib/python3.8/site-packages/airflow/example_dags/example_python_operator.py for tasks to queue
[2025-10-17T07:21:51.280+0000] {logging_mixin.py:154} INFO - [2025-10-17T07:21:51.279+0000] {dagbag.py:536} INFO - Filling up the DagBag from /home/airflow/.local/lib/python3.8/site-packages/airflow/example_dags/example_python_operator.py
[2025-10-17T07:21:51.298+0000] {processor.py:839} INFO - DAG(s) dict_keys(['example_python_operator']) retrieved from /home/airflow/.local/lib/python3.8/site-packages/airflow/example_dags/example_python_operator.py
[2025-10-17T07:21:51.334+0000] {logging_mixin.py:154} INFO - [2025-10-17T07:21:51.333+0000] {dag.py:2941} INFO - Sync 1 DAGs
[2025-10-17T07:21:51.352+0000] {logging_mixin.py:154} INFO - [2025-10-17T07:21:51.352+0000] {dag.py:3722} INFO - Setting next_dagrun for example_python_operator to None, run_after=None
[2025-10-17T07:21:51.383+0000] {processor.py:179} INFO - Processing /home/airflow/.local/lib/python3.8/site-packages/airflow/example_dags/example_python_operator.py took 0.121 seconds
[2025-10-17T07:22:22.105+0000] {processor.py:157} INFO - Started process (PID=869) to work on /home/airflow/.local/lib/python3.8/site-packages/airflow/example_dags/example_python_operator.py
[2025-10-17T07:22:22.106+0000] {processor.py:829} INFO - Processing file /home/airflow/.local/lib/python3.8/site-packages/airflow/example_dags/example_python_operator.py for tasks to queue
[2025-10-17T07:22:22.108+0000] {logging_mixin.py:154} INFO - [2025-10-17T07:22:22.108+0000] {dagbag.py:536} INFO - Filling up the DagBag from /home/airflow/.local/lib/python3.8/site-packages/airflow/example_dags/example_python_operator.py
[2025-10-17T07:22:22.117+0000] {processor.py:839} INFO - DAG(s) dict_keys(['example_python_operator']) retrieved from /home/airflow/.local/lib/python3.8/site-packages/airflow/example_dags/example_python_operator.py
[2025-10-17T07:22:22.136+0000] {logging_mixin.py:154} INFO - [2025-10-17T07:22:22.136+0000] {dag.py:2941} INFO - Sync 1 DAGs
[2025-10-17T07:22:22.146+0000] {logging_mixin.py:154} INFO - [2025-10-17T07:22:22.146+0000] {dag.py:3722} INFO - Setting next_dagrun for example_python_operator to None, run_after=None
[2025-10-17T07:22:22.181+0000] {processor.py:179} INFO - Processing /home/airflow/.local/lib/python3.8/site-packages/airflow/example_dags/example_python_operator.py took 0.080 seconds
[2025-10-17T07:22:52.820+0000] {processor.py:157} INFO - Started process (PID=925) to work on /home/airflow/.local/lib/python3.8/site-packages/airflow/example_dags/example_python_operator.py
[2025-10-17T07:22:52.822+0000] {processor.py:829} INFO - Processing file /home/airflow/.local/lib/python3.8/site-packages/airflow/example_dags/example_python_operator.py for tasks to queue
[2025-10-17T07:22:52.824+0000] {logging_mixin.py:154} INFO - [2025-10-17T07:22:52.824+0000] {dagbag.py:536} INFO - Filling up the DagBag from /home/airflow/.local/lib/python3.8/site-packages/airflow/example_dags/example_python_operator.py
[2025-10-17T07:22:52.833+0000] {processor.py:839} INFO - DAG(s) dict_keys(['example_python_operator']) retrieved from /home/airflow/.local/lib/python3.8/site-packages/airflow/example_dags/example_python_operator.py
[2025-10-17T07:22:52.858+0000] {logging_mixin.py:154} INFO - [2025-10-17T07:22:52.857+0000] {dag.py:2941} INFO - Sync 1 DAGs
[2025-10-17T07:22:52.869+0000] {logging_mixin.py:154} INFO - [2025-10-17T07:22:52.869+0000] {dag.py:3722} INFO - Setting next_dagrun for example_python_operator to None, run_after=None
[2025-10-17T07:22:52.887+0000] {processor.py:179} INFO - Processing /home/airflow/.local/lib/python3.8/site-packages/airflow/example_dags/example_python_operator.py took 0.070 seconds
[2025-10-17T07:23:23.162+0000] {processor.py:157} INFO - Started process (PID=981) to work on /home/airflow/.local/lib/python3.8/site-packages/airflow/example_dags/example_python_operator.py
[2025-10-17T07:23:23.163+0000] {processor.py:829} INFO - Processing file /home/airflow/.local/lib/python3.8/site-packages/airflow/example_dags/example_python_operator.py for tasks to queue
[2025-10-17T07:23:23.165+0000] {logging_mixin.py:154} INFO - [2025-10-17T07:23:23.165+0000] {dagbag.py:536} INFO - Filling up the DagBag from /home/airflow/.local/lib/python3.8/site-packages/airflow/example_dags/example_python_operator.py
[2025-10-17T07:23:23.174+0000] {processor.py:839} INFO - DAG(s) dict_keys(['example_python_operator']) retrieved from /home/airflow/.local/lib/python3.8/site-packages/airflow/example_dags/example_python_operator.py
[2025-10-17T07:23:23.197+0000] {logging_mixin.py:154} INFO - [2025-10-17T07:23:23.197+0000] {dag.py:2941} INFO - Sync 1 DAGs
[2025-10-17T07:23:23.209+0000] {logging_mixin.py:154} INFO - [2025-10-17T07:23:23.209+0000] {dag.py:3722} INFO - Setting next_dagrun for example_python_operator to None, run_after=None
[2025-10-17T07:23:23.359+0000] {processor.py:179} INFO - Processing /home/airflow/.local/lib/python3.8/site-packages/airflow/example_dags/example_python_operator.py took 0.201 seconds
[2025-10-17T07:23:53.416+0000] {processor.py:157} INFO - Started process (PID=1037) to work on /home/airflow/.local/lib/python3.8/site-packages/airflow/example_dags/example_python_operator.py
[2025-10-17T07:23:53.418+0000] {processor.py:829} INFO - Processing file /home/airflow/.local/lib/python3.8/site-packages/airflow/example_dags/example_python_operator.py for tasks to queue
[2025-10-17T07:23:53.420+0000] {logging_mixin.py:154} INFO - [2025-10-17T07:23:53.419+0000] {dagbag.py:536} INFO - Filling up the DagBag from /home/airflow/.local/lib/python3.8/site-packages/airflow/example_dags/example_python_operator.py
[2025-10-17T07:23:53.429+0000] {processor.py:839} INFO - DAG(s) dict_keys(['example_python_operator']) retrieved from /home/airflow/.local/lib/python3.8/site-packages/airflow/example_dags/example_python_operator.py
[2025-10-17T07:23:53.455+0000] {logging_mixin.py:154} INFO - [2025-10-17T07:23:53.454+0000] {dag.py:2941} INFO - Sync 1 DAGs
[2025-10-17T07:23:53.466+0000] {logging_mixin.py:154} INFO - [2025-10-17T07:23:53.465+0000] {dag.py:3722} INFO - Setting next_dagrun for example_python_operator to None, run_after=None
[2025-10-17T07:23:53.485+0000] {processor.py:179} INFO - Processing /home/airflow/.local/lib/python3.8/site-packages/airflow/example_dags/example_python_operator.py took 0.072 seconds
[2025-10-17T07:24:24.429+0000] {processor.py:157} INFO - Started process (PID=1093) to work on /home/airflow/.local/lib/python3.8/site-packages/airflow/example_dags/example_python_operator.py
[2025-10-17T07:24:24.431+0000] {processor.py:829} INFO - Processing file /home/airflow/.local/lib/python3.8/site-packages/airflow/example_dags/example_python_operator.py for tasks to queue
[2025-10-17T07:24:24.433+0000] {logging_mixin.py:154} INFO - [2025-10-17T07:24:24.432+0000] {dagbag.py:536} INFO - Filling up the DagBag from /home/airflow/.local/lib/python3.8/site-packages/airflow/example_dags/example_python_operator.py
[2025-10-17T07:24:24.442+0000] {processor.py:839} INFO - DAG(s) dict_keys(['example_python_operator']) retrieved from /home/airflow/.local/lib/python3.8/site-packages/airflow/example_dags/example_python_operator.py
[2025-10-17T07:24:24.469+0000] {logging_mixin.py:154} INFO - [2025-10-17T07:24:24.468+0000] {dag.py:2941} INFO - Sync 1 DAGs
[2025-10-17T07:24:24.480+0000] {logging_mixin.py:154} INFO - [2025-10-17T07:24:24.479+0000] {dag.py:3722} INFO - Setting next_dagrun for example_python_operator to None, run_after=None
[2025-10-17T07:24:24.499+0000] {processor.py:179} INFO - Processing /home/airflow/.local/lib/python3.8/site-packages/airflow/example_dags/example_python_operator.py took 0.073 seconds
[2025-10-17T07:24:55.843+0000] {processor.py:157} INFO - Started process (PID=1162) to work on /home/airflow/.local/lib/python3.8/site-packages/airflow/example_dags/example_python_operator.py
[2025-10-17T07:24:55.844+0000] {processor.py:829} INFO - Processing file /home/airflow/.local/lib/python3.8/site-packages/airflow/example_dags/example_python_operator.py for tasks to queue
[2025-10-17T07:24:55.847+0000] {logging_mixin.py:154} INFO - [2025-10-17T07:24:55.846+0000] {dagbag.py:536} INFO - Filling up the DagBag from /home/airflow/.local/lib/python3.8/site-packages/airflow/example_dags/example_python_operator.py
[2025-10-17T07:24:55.855+0000] {processor.py:839} INFO - DAG(s) dict_keys(['example_python_operator']) retrieved from /home/airflow/.local/lib/python3.8/site-packages/airflow/example_dags/example_python_operator.py
[2025-10-17T07:24:55.879+0000] {logging_mixin.py:154} INFO - [2025-10-17T07:24:55.879+0000] {dag.py:2941} INFO - Sync 1 DAGs
[2025-10-17T07:24:55.890+0000] {logging_mixin.py:154} INFO - [2025-10-17T07:24:55.890+0000] {dag.py:3722} INFO - Setting next_dagrun for example_python_operator to None, run_after=None
[2025-10-17T07:24:56.048+0000] {processor.py:179} INFO - Processing /home/airflow/.local/lib/python3.8/site-packages/airflow/example_dags/example_python_operator.py took 0.208 seconds
[2025-10-17T07:25:26.419+0000] {processor.py:157} INFO - Started process (PID=1218) to work on /home/airflow/.local/lib/python3.8/site-packages/airflow/example_dags/example_python_operator.py
[2025-10-17T07:25:26.420+0000] {processor.py:829} INFO - Processing file /home/airflow/.local/lib/python3.8/site-packages/airflow/example_dags/example_python_operator.py for tasks to queue
[2025-10-17T07:25:26.422+0000] {logging_mixin.py:154} INFO - [2025-10-17T07:25:26.422+0000] {dagbag.py:536} INFO - Filling up the DagBag from /home/airflow/.local/lib/python3.8/site-packages/airflow/example_dags/example_python_operator.py
[2025-10-17T07:25:26.431+0000] {processor.py:839} INFO - DAG(s) dict_keys(['example_python_operator']) retrieved from /home/airflow/.local/lib/python3.8/site-packages/airflow/example_dags/example_python_operator.py
[2025-10-17T07:25:26.454+0000] {logging_mixin.py:154} INFO - [2025-10-17T07:25:26.454+0000] {dag.py:2941} INFO - Sync 1 DAGs
[2025-10-17T07:25:26.465+0000] {logging_mixin.py:154} INFO - [2025-10-17T07:25:26.465+0000] {dag.py:3722} INFO - Setting next_dagrun for example_python_operator to None, run_after=None
[2025-10-17T07:25:26.486+0000] {processor.py:179} INFO - Processing /home/airflow/.local/lib/python3.8/site-packages/airflow/example_dags/example_python_operator.py took 0.070 seconds
[2025-10-17T07:25:57.311+0000] {processor.py:157} INFO - Started process (PID=1274) to work on /home/airflow/.local/lib/python3.8/site-packages/airflow/example_dags/example_python_operator.py
[2025-10-17T07:25:57.313+0000] {processor.py:829} INFO - Processing file /home/airflow/.local/lib/python3.8/site-packages/airflow/example_dags/example_python_operator.py for tasks to queue
[2025-10-17T07:25:57.317+0000] {logging_mixin.py:154} INFO - [2025-10-17T07:25:57.316+0000] {dagbag.py:536} INFO - Filling up the DagBag from /home/airflow/.local/lib/python3.8/site-packages/airflow/example_dags/example_python_operator.py
[2025-10-17T07:25:57.326+0000] {processor.py:839} INFO - DAG(s) dict_keys(['example_python_operator']) retrieved from /home/airflow/.local/lib/python3.8/site-packages/airflow/example_dags/example_python_operator.py
[2025-10-17T07:25:57.351+0000] {logging_mixin.py:154} INFO - [2025-10-17T07:25:57.351+0000] {dag.py:2941} INFO - Sync 1 DAGs
[2025-10-17T07:25:57.362+0000] {logging_mixin.py:154} INFO - [2025-10-17T07:25:57.362+0000] {dag.py:3722} INFO - Setting next_dagrun for example_python_operator to None, run_after=None
[2025-10-17T07:25:57.377+0000] {processor.py:179} INFO - Processing /home/airflow/.local/lib/python3.8/site-packages/airflow/example_dags/example_python_operator.py took 0.070 seconds
[2025-10-17T07:26:27.946+0000] {processor.py:157} INFO - Started process (PID=1333) to work on /home/airflow/.local/lib/python3.8/site-packages/airflow/example_dags/example_python_operator.py
[2025-10-17T07:26:27.947+0000] {processor.py:829} INFO - Processing file /home/airflow/.local/lib/python3.8/site-packages/airflow/example_dags/example_python_operator.py for tasks to queue
[2025-10-17T07:26:27.949+0000] {logging_mixin.py:154} INFO - [2025-10-17T07:26:27.949+0000] {dagbag.py:536} INFO - Filling up the DagBag from /home/airflow/.local/lib/python3.8/site-packages/airflow/example_dags/example_python_operator.py
[2025-10-17T07:26:27.958+0000] {processor.py:839} INFO - DAG(s) dict_keys(['example_python_operator']) retrieved from /home/airflow/.local/lib/python3.8/site-packages/airflow/example_dags/example_python_operator.py
[2025-10-17T07:26:27.980+0000] {logging_mixin.py:154} INFO - [2025-10-17T07:26:27.979+0000] {dag.py:2941} INFO - Sync 1 DAGs
[2025-10-17T07:26:27.991+0000] {logging_mixin.py:154} INFO - [2025-10-17T07:26:27.990+0000] {dag.py:3722} INFO - Setting next_dagrun for example_python_operator to None, run_after=None
[2025-10-17T07:26:28.007+0000] {processor.py:179} INFO - Processing /home/airflow/.local/lib/python3.8/site-packages/airflow/example_dags/example_python_operator.py took 0.065 seconds
[2025-10-17T07:26:58.276+0000] {processor.py:157} INFO - Started process (PID=1388) to work on /home/airflow/.local/lib/python3.8/site-packages/airflow/example_dags/example_python_operator.py
[2025-10-17T07:26:58.277+0000] {processor.py:829} INFO - Processing file /home/airflow/.local/lib/python3.8/site-packages/airflow/example_dags/example_python_operator.py for tasks to queue
[2025-10-17T07:26:58.279+0000] {logging_mixin.py:154} INFO - [2025-10-17T07:26:58.279+0000] {dagbag.py:536} INFO - Filling up the DagBag from /home/airflow/.local/lib/python3.8/site-packages/airflow/example_dags/example_python_operator.py
[2025-10-17T07:26:58.287+0000] {processor.py:839} INFO - DAG(s) dict_keys(['example_python_operator']) retrieved from /home/airflow/.local/lib/python3.8/site-packages/airflow/example_dags/example_python_operator.py
[2025-10-17T07:26:58.308+0000] {logging_mixin.py:154} INFO - [2025-10-17T07:26:58.308+0000] {dag.py:2941} INFO - Sync 1 DAGs
[2025-10-17T07:26:58.319+0000] {logging_mixin.py:154} INFO - [2025-10-17T07:26:58.319+0000] {dag.py:3722} INFO - Setting next_dagrun for example_python_operator to None, run_after=None
[2025-10-17T07:26:58.334+0000] {processor.py:179} INFO - Processing /home/airflow/.local/lib/python3.8/site-packages/airflow/example_dags/example_python_operator.py took 0.061 seconds
[2025-10-17T07:27:28.509+0000] {processor.py:157} INFO - Started process (PID=1443) to work on /home/airflow/.local/lib/python3.8/site-packages/airflow/example_dags/example_python_operator.py
[2025-10-17T07:27:28.510+0000] {processor.py:829} INFO - Processing file /home/airflow/.local/lib/python3.8/site-packages/airflow/example_dags/example_python_operator.py for tasks to queue
[2025-10-17T07:27:28.512+0000] {logging_mixin.py:154} INFO - [2025-10-17T07:27:28.512+0000] {dagbag.py:536} INFO - Filling up the DagBag from /home/airflow/.local/lib/python3.8/site-packages/airflow/example_dags/example_python_operator.py
[2025-10-17T07:27:28.521+0000] {processor.py:839} INFO - DAG(s) dict_keys(['example_python_operator']) retrieved from /home/airflow/.local/lib/python3.8/site-packages/airflow/example_dags/example_python_operator.py
[2025-10-17T07:27:28.540+0000] {logging_mixin.py:154} INFO - [2025-10-17T07:27:28.540+0000] {dag.py:2941} INFO - Sync 1 DAGs
[2025-10-17T07:27:28.550+0000] {logging_mixin.py:154} INFO - [2025-10-17T07:27:28.550+0000] {dag.py:3722} INFO - Setting next_dagrun for example_python_operator to None, run_after=None
[2025-10-17T07:27:28.566+0000] {processor.py:179} INFO - Processing /home/airflow/.local/lib/python3.8/site-packages/airflow/example_dags/example_python_operator.py took 0.060 seconds
[2025-10-17T07:27:58.614+0000] {processor.py:157} INFO - Started process (PID=1497) to work on /home/airflow/.local/lib/python3.8/site-packages/airflow/example_dags/example_python_operator.py
[2025-10-17T07:27:58.615+0000] {processor.py:829} INFO - Processing file /home/airflow/.local/lib/python3.8/site-packages/airflow/example_dags/example_python_operator.py for tasks to queue
[2025-10-17T07:27:58.616+0000] {logging_mixin.py:154} INFO - [2025-10-17T07:27:58.616+0000] {dagbag.py:536} INFO - Filling up the DagBag from /home/airflow/.local/lib/python3.8/site-packages/airflow/example_dags/example_python_operator.py
[2025-10-17T07:27:58.625+0000] {processor.py:839} INFO - DAG(s) dict_keys(['example_python_operator']) retrieved from /home/airflow/.local/lib/python3.8/site-packages/airflow/example_dags/example_python_operator.py
[2025-10-17T07:27:58.648+0000] {logging_mixin.py:154} INFO - [2025-10-17T07:27:58.648+0000] {dag.py:2941} INFO - Sync 1 DAGs
[2025-10-17T07:27:58.659+0000] {logging_mixin.py:154} INFO - [2025-10-17T07:27:58.658+0000] {dag.py:3722} INFO - Setting next_dagrun for example_python_operator to None, run_after=None
[2025-10-17T07:27:58.675+0000] {processor.py:179} INFO - Processing /home/airflow/.local/lib/python3.8/site-packages/airflow/example_dags/example_python_operator.py took 0.064 seconds
[2025-10-17T07:28:28.878+0000] {processor.py:157} INFO - Started process (PID=1555) to work on /home/airflow/.local/lib/python3.8/site-packages/airflow/example_dags/example_python_operator.py
[2025-10-17T07:28:28.879+0000] {processor.py:829} INFO - Processing file /home/airflow/.local/lib/python3.8/site-packages/airflow/example_dags/example_python_operator.py for tasks to queue
[2025-10-17T07:28:28.880+0000] {logging_mixin.py:154} INFO - [2025-10-17T07:28:28.879+0000] {dagbag.py:536} INFO - Filling up the DagBag from /home/airflow/.local/lib/python3.8/site-packages/airflow/example_dags/example_python_operator.py
[2025-10-17T07:28:28.888+0000] {processor.py:839} INFO - DAG(s) dict_keys(['example_python_operator']) retrieved from /home/airflow/.local/lib/python3.8/site-packages/airflow/example_dags/example_python_operator.py
[2025-10-17T07:28:28.912+0000] {logging_mixin.py:154} INFO - [2025-10-17T07:28:28.912+0000] {dag.py:2941} INFO - Sync 1 DAGs
[2025-10-17T07:28:28.922+0000] {logging_mixin.py:154} INFO - [2025-10-17T07:28:28.922+0000] {dag.py:3722} INFO - Setting next_dagrun for example_python_operator to None, run_after=None
[2025-10-17T07:28:28.939+0000] {processor.py:179} INFO - Processing /home/airflow/.local/lib/python3.8/site-packages/airflow/example_dags/example_python_operator.py took 0.064 seconds
[2025-10-17T07:28:59.277+0000] {processor.py:157} INFO - Started process (PID=1611) to work on /home/airflow/.local/lib/python3.8/site-packages/airflow/example_dags/example_python_operator.py
[2025-10-17T07:28:59.278+0000] {processor.py:829} INFO - Processing file /home/airflow/.local/lib/python3.8/site-packages/airflow/example_dags/example_python_operator.py for tasks to queue
[2025-10-17T07:28:59.279+0000] {logging_mixin.py:154} INFO - [2025-10-17T07:28:59.279+0000] {dagbag.py:536} INFO - Filling up the DagBag from /home/airflow/.local/lib/python3.8/site-packages/airflow/example_dags/example_python_operator.py
[2025-10-17T07:28:59.300+0000] {processor.py:839} INFO - DAG(s) dict_keys(['example_python_operator']) retrieved from /home/airflow/.local/lib/python3.8/site-packages/airflow/example_dags/example_python_operator.py
[2025-10-17T07:28:59.346+0000] {logging_mixin.py:154} INFO - [2025-10-17T07:28:59.345+0000] {dag.py:2941} INFO - Sync 1 DAGs
[2025-10-17T07:28:59.363+0000] {logging_mixin.py:154} INFO - [2025-10-17T07:28:59.363+0000] {dag.py:3722} INFO - Setting next_dagrun for example_python_operator to None, run_after=None
[2025-10-17T07:28:59.394+0000] {processor.py:179} INFO - Processing /home/airflow/.local/lib/python3.8/site-packages/airflow/example_dags/example_python_operator.py took 0.121 seconds
[2025-10-17T07:30:24.050+0000] {processor.py:157} INFO - Started process (PID=95) to work on /home/airflow/.local/lib/python3.8/site-packages/airflow/example_dags/example_python_operator.py
[2025-10-17T07:30:24.052+0000] {processor.py:829} INFO - Processing file /home/airflow/.local/lib/python3.8/site-packages/airflow/example_dags/example_python_operator.py for tasks to queue
[2025-10-17T07:30:24.057+0000] {logging_mixin.py:154} INFO - [2025-10-17T07:30:24.056+0000] {dagbag.py:536} INFO - Filling up the DagBag from /home/airflow/.local/lib/python3.8/site-packages/airflow/example_dags/example_python_operator.py
[2025-10-17T07:30:24.077+0000] {processor.py:839} INFO - DAG(s) dict_keys(['example_python_operator']) retrieved from /home/airflow/.local/lib/python3.8/site-packages/airflow/example_dags/example_python_operator.py
[2025-10-17T07:30:24.401+0000] {logging_mixin.py:154} INFO - [2025-10-17T07:30:24.400+0000] {manager.py:499} INFO - Created Permission View: %s
[2025-10-17T07:30:24.428+0000] {logging_mixin.py:154} INFO - [2025-10-17T07:30:24.427+0000] {manager.py:499} INFO - Created Permission View: %s
[2025-10-17T07:30:24.454+0000] {logging_mixin.py:154} INFO - [2025-10-17T07:30:24.454+0000] {manager.py:499} INFO - Created Permission View: %s
[2025-10-17T07:30:24.456+0000] {logging_mixin.py:154} INFO - [2025-10-17T07:30:24.455+0000] {dag.py:2941} INFO - Sync 1 DAGs
[2025-10-17T07:30:24.489+0000] {logging_mixin.py:154} INFO - [2025-10-17T07:30:24.489+0000] {dag.py:2963} INFO - Creating ORM DAG for example_python_operator
[2025-10-17T07:30:24.491+0000] {logging_mixin.py:154} INFO - [2025-10-17T07:30:24.491+0000] {dag.py:3722} INFO - Setting next_dagrun for example_python_operator to None, run_after=None
[2025-10-17T07:30:24.548+0000] {processor.py:179} INFO - Processing /home/airflow/.local/lib/python3.8/site-packages/airflow/example_dags/example_python_operator.py took 0.505 seconds
[2025-10-17T07:30:55.289+0000] {processor.py:157} INFO - Started process (PID=151) to work on /home/airflow/.local/lib/python3.8/site-packages/airflow/example_dags/example_python_operator.py
[2025-10-17T07:30:55.290+0000] {processor.py:829} INFO - Processing file /home/airflow/.local/lib/python3.8/site-packages/airflow/example_dags/example_python_operator.py for tasks to queue
[2025-10-17T07:30:55.293+0000] {logging_mixin.py:154} INFO - [2025-10-17T07:30:55.293+0000] {dagbag.py:536} INFO - Filling up the DagBag from /home/airflow/.local/lib/python3.8/site-packages/airflow/example_dags/example_python_operator.py
[2025-10-17T07:30:55.307+0000] {processor.py:839} INFO - DAG(s) dict_keys(['example_python_operator']) retrieved from /home/airflow/.local/lib/python3.8/site-packages/airflow/example_dags/example_python_operator.py
[2025-10-17T07:30:55.340+0000] {logging_mixin.py:154} INFO - [2025-10-17T07:30:55.340+0000] {dag.py:2941} INFO - Sync 1 DAGs
[2025-10-17T07:30:55.357+0000] {logging_mixin.py:154} INFO - [2025-10-17T07:30:55.357+0000] {dag.py:3722} INFO - Setting next_dagrun for example_python_operator to None, run_after=None
[2025-10-17T07:30:55.391+0000] {processor.py:179} INFO - Processing /home/airflow/.local/lib/python3.8/site-packages/airflow/example_dags/example_python_operator.py took 0.108 seconds
[2025-10-17T07:31:25.961+0000] {processor.py:157} INFO - Started process (PID=207) to work on /home/airflow/.local/lib/python3.8/site-packages/airflow/example_dags/example_python_operator.py
[2025-10-17T07:31:25.962+0000] {processor.py:829} INFO - Processing file /home/airflow/.local/lib/python3.8/site-packages/airflow/example_dags/example_python_operator.py for tasks to queue
[2025-10-17T07:31:25.965+0000] {logging_mixin.py:154} INFO - [2025-10-17T07:31:25.964+0000] {dagbag.py:536} INFO - Filling up the DagBag from /home/airflow/.local/lib/python3.8/site-packages/airflow/example_dags/example_python_operator.py
[2025-10-17T07:31:25.976+0000] {processor.py:839} INFO - DAG(s) dict_keys(['example_python_operator']) retrieved from /home/airflow/.local/lib/python3.8/site-packages/airflow/example_dags/example_python_operator.py
[2025-10-17T07:31:25.998+0000] {logging_mixin.py:154} INFO - [2025-10-17T07:31:25.998+0000] {dag.py:2941} INFO - Sync 1 DAGs
[2025-10-17T07:31:26.009+0000] {logging_mixin.py:154} INFO - [2025-10-17T07:31:26.009+0000] {dag.py:3722} INFO - Setting next_dagrun for example_python_operator to None, run_after=None
[2025-10-17T07:31:26.026+0000] {processor.py:179} INFO - Processing /home/airflow/.local/lib/python3.8/site-packages/airflow/example_dags/example_python_operator.py took 0.071 seconds
[2025-10-17T07:31:56.261+0000] {processor.py:157} INFO - Started process (PID=263) to work on /home/airflow/.local/lib/python3.8/site-packages/airflow/example_dags/example_python_operator.py
[2025-10-17T07:31:56.263+0000] {processor.py:829} INFO - Processing file /home/airflow/.local/lib/python3.8/site-packages/airflow/example_dags/example_python_operator.py for tasks to queue
[2025-10-17T07:31:56.265+0000] {logging_mixin.py:154} INFO - [2025-10-17T07:31:56.265+0000] {dagbag.py:536} INFO - Filling up the DagBag from /home/airflow/.local/lib/python3.8/site-packages/airflow/example_dags/example_python_operator.py
[2025-10-17T07:31:56.274+0000] {processor.py:839} INFO - DAG(s) dict_keys(['example_python_operator']) retrieved from /home/airflow/.local/lib/python3.8/site-packages/airflow/example_dags/example_python_operator.py
[2025-10-17T07:31:56.295+0000] {logging_mixin.py:154} INFO - [2025-10-17T07:31:56.295+0000] {dag.py:2941} INFO - Sync 1 DAGs
[2025-10-17T07:31:56.307+0000] {logging_mixin.py:154} INFO - [2025-10-17T07:31:56.307+0000] {dag.py:3722} INFO - Setting next_dagrun for example_python_operator to None, run_after=None
[2025-10-17T07:31:56.326+0000] {processor.py:179} INFO - Processing /home/airflow/.local/lib/python3.8/site-packages/airflow/example_dags/example_python_operator.py took 0.069 seconds
[2025-10-17T07:32:27.346+0000] {processor.py:157} INFO - Started process (PID=322) to work on /home/airflow/.local/lib/python3.8/site-packages/airflow/example_dags/example_python_operator.py
[2025-10-17T07:32:27.347+0000] {processor.py:829} INFO - Processing file /home/airflow/.local/lib/python3.8/site-packages/airflow/example_dags/example_python_operator.py for tasks to queue
[2025-10-17T07:32:27.350+0000] {logging_mixin.py:154} INFO - [2025-10-17T07:32:27.349+0000] {dagbag.py:536} INFO - Filling up the DagBag from /home/airflow/.local/lib/python3.8/site-packages/airflow/example_dags/example_python_operator.py
[2025-10-17T07:32:27.359+0000] {processor.py:839} INFO - DAG(s) dict_keys(['example_python_operator']) retrieved from /home/airflow/.local/lib/python3.8/site-packages/airflow/example_dags/example_python_operator.py
[2025-10-17T07:32:27.388+0000] {logging_mixin.py:154} INFO - [2025-10-17T07:32:27.387+0000] {dag.py:2941} INFO - Sync 1 DAGs
[2025-10-17T07:32:27.403+0000] {logging_mixin.py:154} INFO - [2025-10-17T07:32:27.403+0000] {dag.py:3722} INFO - Setting next_dagrun for example_python_operator to None, run_after=None
[2025-10-17T07:32:27.428+0000] {processor.py:179} INFO - Processing /home/airflow/.local/lib/python3.8/site-packages/airflow/example_dags/example_python_operator.py took 0.085 seconds
[2025-10-17T07:35:45.561+0000] {processor.py:157} INFO - Started process (PID=91) to work on /home/airflow/.local/lib/python3.8/site-packages/airflow/example_dags/example_python_operator.py
[2025-10-17T07:35:45.562+0000] {processor.py:829} INFO - Processing file /home/airflow/.local/lib/python3.8/site-packages/airflow/example_dags/example_python_operator.py for tasks to queue
[2025-10-17T07:35:45.564+0000] {logging_mixin.py:154} INFO - [2025-10-17T07:35:45.564+0000] {dagbag.py:536} INFO - Filling up the DagBag from /home/airflow/.local/lib/python3.8/site-packages/airflow/example_dags/example_python_operator.py
[2025-10-17T07:35:45.575+0000] {processor.py:839} INFO - DAG(s) dict_keys(['example_python_operator']) retrieved from /home/airflow/.local/lib/python3.8/site-packages/airflow/example_dags/example_python_operator.py
[2025-10-17T07:35:45.701+0000] {logging_mixin.py:154} INFO - [2025-10-17T07:35:45.701+0000] {manager.py:499} INFO - Created Permission View: %s
[2025-10-17T07:35:45.714+0000] {logging_mixin.py:154} INFO - [2025-10-17T07:35:45.714+0000] {manager.py:499} INFO - Created Permission View: %s
[2025-10-17T07:35:45.722+0000] {logging_mixin.py:154} INFO - [2025-10-17T07:35:45.722+0000] {manager.py:499} INFO - Created Permission View: %s
[2025-10-17T07:35:45.722+0000] {logging_mixin.py:154} INFO - [2025-10-17T07:35:45.722+0000] {dag.py:2941} INFO - Sync 1 DAGs
[2025-10-17T07:35:45.732+0000] {logging_mixin.py:154} INFO - [2025-10-17T07:35:45.732+0000] {dag.py:2963} INFO - Creating ORM DAG for example_python_operator
[2025-10-17T07:35:45.732+0000] {logging_mixin.py:154} INFO - [2025-10-17T07:35:45.732+0000] {dag.py:3722} INFO - Setting next_dagrun for example_python_operator to None, run_after=None
[2025-10-17T07:35:45.749+0000] {processor.py:179} INFO - Processing /home/airflow/.local/lib/python3.8/site-packages/airflow/example_dags/example_python_operator.py took 0.192 seconds
[2025-10-17T07:36:15.802+0000] {processor.py:157} INFO - Started process (PID=147) to work on /home/airflow/.local/lib/python3.8/site-packages/airflow/example_dags/example_python_operator.py
[2025-10-17T07:36:15.803+0000] {processor.py:829} INFO - Processing file /home/airflow/.local/lib/python3.8/site-packages/airflow/example_dags/example_python_operator.py for tasks to queue
[2025-10-17T07:36:15.806+0000] {logging_mixin.py:154} INFO - [2025-10-17T07:36:15.805+0000] {dagbag.py:536} INFO - Filling up the DagBag from /home/airflow/.local/lib/python3.8/site-packages/airflow/example_dags/example_python_operator.py
[2025-10-17T07:36:15.815+0000] {processor.py:839} INFO - DAG(s) dict_keys(['example_python_operator']) retrieved from /home/airflow/.local/lib/python3.8/site-packages/airflow/example_dags/example_python_operator.py
[2025-10-17T07:36:15.838+0000] {logging_mixin.py:154} INFO - [2025-10-17T07:36:15.838+0000] {dag.py:2941} INFO - Sync 1 DAGs
[2025-10-17T07:36:15.850+0000] {logging_mixin.py:154} INFO - [2025-10-17T07:36:15.849+0000] {dag.py:3722} INFO - Setting next_dagrun for example_python_operator to None, run_after=None
[2025-10-17T07:36:15.865+0000] {processor.py:179} INFO - Processing /home/airflow/.local/lib/python3.8/site-packages/airflow/example_dags/example_python_operator.py took 0.066 seconds
[2025-10-17T07:36:46.264+0000] {processor.py:157} INFO - Started process (PID=203) to work on /home/airflow/.local/lib/python3.8/site-packages/airflow/example_dags/example_python_operator.py
[2025-10-17T07:36:46.265+0000] {processor.py:829} INFO - Processing file /home/airflow/.local/lib/python3.8/site-packages/airflow/example_dags/example_python_operator.py for tasks to queue
[2025-10-17T07:36:46.267+0000] {logging_mixin.py:154} INFO - [2025-10-17T07:36:46.267+0000] {dagbag.py:536} INFO - Filling up the DagBag from /home/airflow/.local/lib/python3.8/site-packages/airflow/example_dags/example_python_operator.py
[2025-10-17T07:36:46.276+0000] {processor.py:839} INFO - DAG(s) dict_keys(['example_python_operator']) retrieved from /home/airflow/.local/lib/python3.8/site-packages/airflow/example_dags/example_python_operator.py
[2025-10-17T07:36:46.300+0000] {logging_mixin.py:154} INFO - [2025-10-17T07:36:46.300+0000] {dag.py:2941} INFO - Sync 1 DAGs
[2025-10-17T07:36:46.311+0000] {logging_mixin.py:154} INFO - [2025-10-17T07:36:46.311+0000] {dag.py:3722} INFO - Setting next_dagrun for example_python_operator to None, run_after=None
[2025-10-17T07:36:46.330+0000] {processor.py:179} INFO - Processing /home/airflow/.local/lib/python3.8/site-packages/airflow/example_dags/example_python_operator.py took 0.070 seconds
[2025-10-17T07:37:16.661+0000] {processor.py:157} INFO - Started process (PID=259) to work on /home/airflow/.local/lib/python3.8/site-packages/airflow/example_dags/example_python_operator.py
[2025-10-17T07:37:16.662+0000] {processor.py:829} INFO - Processing file /home/airflow/.local/lib/python3.8/site-packages/airflow/example_dags/example_python_operator.py for tasks to queue
[2025-10-17T07:37:16.665+0000] {logging_mixin.py:154} INFO - [2025-10-17T07:37:16.665+0000] {dagbag.py:536} INFO - Filling up the DagBag from /home/airflow/.local/lib/python3.8/site-packages/airflow/example_dags/example_python_operator.py
[2025-10-17T07:37:16.674+0000] {processor.py:839} INFO - DAG(s) dict_keys(['example_python_operator']) retrieved from /home/airflow/.local/lib/python3.8/site-packages/airflow/example_dags/example_python_operator.py
[2025-10-17T07:37:16.694+0000] {logging_mixin.py:154} INFO - [2025-10-17T07:37:16.694+0000] {dag.py:2941} INFO - Sync 1 DAGs
[2025-10-17T07:37:16.705+0000] {logging_mixin.py:154} INFO - [2025-10-17T07:37:16.704+0000] {dag.py:3722} INFO - Setting next_dagrun for example_python_operator to None, run_after=None
[2025-10-17T07:37:16.724+0000] {processor.py:179} INFO - Processing /home/airflow/.local/lib/python3.8/site-packages/airflow/example_dags/example_python_operator.py took 0.067 seconds
[2025-10-17T07:38:47.000+0000] {processor.py:157} INFO - Started process (PID=92) to work on /home/airflow/.local/lib/python3.8/site-packages/airflow/example_dags/example_python_operator.py
[2025-10-17T07:38:47.001+0000] {processor.py:829} INFO - Processing file /home/airflow/.local/lib/python3.8/site-packages/airflow/example_dags/example_python_operator.py for tasks to queue
[2025-10-17T07:38:47.004+0000] {logging_mixin.py:154} INFO - [2025-10-17T07:38:47.003+0000] {dagbag.py:536} INFO - Filling up the DagBag from /home/airflow/.local/lib/python3.8/site-packages/airflow/example_dags/example_python_operator.py
[2025-10-17T07:38:47.013+0000] {processor.py:839} INFO - DAG(s) dict_keys(['example_python_operator']) retrieved from /home/airflow/.local/lib/python3.8/site-packages/airflow/example_dags/example_python_operator.py
[2025-10-17T07:38:47.110+0000] {logging_mixin.py:154} INFO - [2025-10-17T07:38:47.110+0000] {manager.py:499} INFO - Created Permission View: %s
[2025-10-17T07:38:47.119+0000] {logging_mixin.py:154} INFO - [2025-10-17T07:38:47.119+0000] {manager.py:499} INFO - Created Permission View: %s
[2025-10-17T07:38:47.126+0000] {logging_mixin.py:154} INFO - [2025-10-17T07:38:47.126+0000] {manager.py:499} INFO - Created Permission View: %s
[2025-10-17T07:38:47.126+0000] {logging_mixin.py:154} INFO - [2025-10-17T07:38:47.126+0000] {dag.py:2941} INFO - Sync 1 DAGs
[2025-10-17T07:38:47.136+0000] {logging_mixin.py:154} INFO - [2025-10-17T07:38:47.136+0000] {dag.py:2963} INFO - Creating ORM DAG for example_python_operator
[2025-10-17T07:38:47.136+0000] {logging_mixin.py:154} INFO - [2025-10-17T07:38:47.136+0000] {dag.py:3722} INFO - Setting next_dagrun for example_python_operator to None, run_after=None
[2025-10-17T07:38:47.154+0000] {processor.py:179} INFO - Processing /home/airflow/.local/lib/python3.8/site-packages/airflow/example_dags/example_python_operator.py took 0.157 seconds
[2025-10-17T07:39:17.207+0000] {processor.py:157} INFO - Started process (PID=148) to work on /home/airflow/.local/lib/python3.8/site-packages/airflow/example_dags/example_python_operator.py
[2025-10-17T07:39:17.208+0000] {processor.py:829} INFO - Processing file /home/airflow/.local/lib/python3.8/site-packages/airflow/example_dags/example_python_operator.py for tasks to queue
[2025-10-17T07:39:17.211+0000] {logging_mixin.py:154} INFO - [2025-10-17T07:39:17.211+0000] {dagbag.py:536} INFO - Filling up the DagBag from /home/airflow/.local/lib/python3.8/site-packages/airflow/example_dags/example_python_operator.py
[2025-10-17T07:39:17.222+0000] {processor.py:839} INFO - DAG(s) dict_keys(['example_python_operator']) retrieved from /home/airflow/.local/lib/python3.8/site-packages/airflow/example_dags/example_python_operator.py
[2025-10-17T07:39:17.250+0000] {logging_mixin.py:154} INFO - [2025-10-17T07:39:17.249+0000] {dag.py:2941} INFO - Sync 1 DAGs
[2025-10-17T07:39:17.263+0000] {logging_mixin.py:154} INFO - [2025-10-17T07:39:17.263+0000] {dag.py:3722} INFO - Setting next_dagrun for example_python_operator to None, run_after=None
[2025-10-17T07:39:17.284+0000] {processor.py:179} INFO - Processing /home/airflow/.local/lib/python3.8/site-packages/airflow/example_dags/example_python_operator.py took 0.080 seconds
[2025-10-17T07:39:47.582+0000] {processor.py:157} INFO - Started process (PID=204) to work on /home/airflow/.local/lib/python3.8/site-packages/airflow/example_dags/example_python_operator.py
[2025-10-17T07:39:47.583+0000] {processor.py:829} INFO - Processing file /home/airflow/.local/lib/python3.8/site-packages/airflow/example_dags/example_python_operator.py for tasks to queue
[2025-10-17T07:39:47.585+0000] {logging_mixin.py:154} INFO - [2025-10-17T07:39:47.585+0000] {dagbag.py:536} INFO - Filling up the DagBag from /home/airflow/.local/lib/python3.8/site-packages/airflow/example_dags/example_python_operator.py
[2025-10-17T07:39:47.595+0000] {processor.py:839} INFO - DAG(s) dict_keys(['example_python_operator']) retrieved from /home/airflow/.local/lib/python3.8/site-packages/airflow/example_dags/example_python_operator.py
[2025-10-17T07:39:47.620+0000] {logging_mixin.py:154} INFO - [2025-10-17T07:39:47.619+0000] {dag.py:2941} INFO - Sync 1 DAGs
[2025-10-17T07:39:47.633+0000] {logging_mixin.py:154} INFO - [2025-10-17T07:39:47.633+0000] {dag.py:3722} INFO - Setting next_dagrun for example_python_operator to None, run_after=None
[2025-10-17T07:39:47.657+0000] {processor.py:179} INFO - Processing /home/airflow/.local/lib/python3.8/site-packages/airflow/example_dags/example_python_operator.py took 0.079 seconds
[2025-10-17T07:40:17.725+0000] {processor.py:157} INFO - Started process (PID=260) to work on /home/airflow/.local/lib/python3.8/site-packages/airflow/example_dags/example_python_operator.py
[2025-10-17T07:40:17.726+0000] {processor.py:829} INFO - Processing file /home/airflow/.local/lib/python3.8/site-packages/airflow/example_dags/example_python_operator.py for tasks to queue
[2025-10-17T07:40:17.728+0000] {logging_mixin.py:154} INFO - [2025-10-17T07:40:17.728+0000] {dagbag.py:536} INFO - Filling up the DagBag from /home/airflow/.local/lib/python3.8/site-packages/airflow/example_dags/example_python_operator.py
[2025-10-17T07:40:17.737+0000] {processor.py:839} INFO - DAG(s) dict_keys(['example_python_operator']) retrieved from /home/airflow/.local/lib/python3.8/site-packages/airflow/example_dags/example_python_operator.py
[2025-10-17T07:40:17.758+0000] {logging_mixin.py:154} INFO - [2025-10-17T07:40:17.758+0000] {dag.py:2941} INFO - Sync 1 DAGs
[2025-10-17T07:40:17.770+0000] {logging_mixin.py:154} INFO - [2025-10-17T07:40:17.770+0000] {dag.py:3722} INFO - Setting next_dagrun for example_python_operator to None, run_after=None
[2025-10-17T07:40:17.787+0000] {processor.py:179} INFO - Processing /home/airflow/.local/lib/python3.8/site-packages/airflow/example_dags/example_python_operator.py took 0.066 seconds
[2025-10-17T07:40:48.302+0000] {processor.py:157} INFO - Started process (PID=316) to work on /home/airflow/.local/lib/python3.8/site-packages/airflow/example_dags/example_python_operator.py
[2025-10-17T07:40:48.303+0000] {processor.py:829} INFO - Processing file /home/airflow/.local/lib/python3.8/site-packages/airflow/example_dags/example_python_operator.py for tasks to queue
[2025-10-17T07:40:48.305+0000] {logging_mixin.py:154} INFO - [2025-10-17T07:40:48.305+0000] {dagbag.py:536} INFO - Filling up the DagBag from /home/airflow/.local/lib/python3.8/site-packages/airflow/example_dags/example_python_operator.py
[2025-10-17T07:40:48.314+0000] {processor.py:839} INFO - DAG(s) dict_keys(['example_python_operator']) retrieved from /home/airflow/.local/lib/python3.8/site-packages/airflow/example_dags/example_python_operator.py
[2025-10-17T07:40:48.335+0000] {logging_mixin.py:154} INFO - [2025-10-17T07:40:48.335+0000] {dag.py:2941} INFO - Sync 1 DAGs
[2025-10-17T07:40:48.345+0000] {logging_mixin.py:154} INFO - [2025-10-17T07:40:48.345+0000] {dag.py:3722} INFO - Setting next_dagrun for example_python_operator to None, run_after=None
[2025-10-17T07:40:48.362+0000] {processor.py:179} INFO - Processing /home/airflow/.local/lib/python3.8/site-packages/airflow/example_dags/example_python_operator.py took 0.063 seconds
[2025-10-17T07:41:19.136+0000] {processor.py:157} INFO - Started process (PID=372) to work on /home/airflow/.local/lib/python3.8/site-packages/airflow/example_dags/example_python_operator.py
[2025-10-17T07:41:19.137+0000] {processor.py:829} INFO - Processing file /home/airflow/.local/lib/python3.8/site-packages/airflow/example_dags/example_python_operator.py for tasks to queue
[2025-10-17T07:41:19.140+0000] {logging_mixin.py:154} INFO - [2025-10-17T07:41:19.139+0000] {dagbag.py:536} INFO - Filling up the DagBag from /home/airflow/.local/lib/python3.8/site-packages/airflow/example_dags/example_python_operator.py
[2025-10-17T07:41:19.149+0000] {processor.py:839} INFO - DAG(s) dict_keys(['example_python_operator']) retrieved from /home/airflow/.local/lib/python3.8/site-packages/airflow/example_dags/example_python_operator.py
[2025-10-17T07:41:19.174+0000] {logging_mixin.py:154} INFO - [2025-10-17T07:41:19.173+0000] {dag.py:2941} INFO - Sync 1 DAGs
[2025-10-17T07:41:19.185+0000] {logging_mixin.py:154} INFO - [2025-10-17T07:41:19.185+0000] {dag.py:3722} INFO - Setting next_dagrun for example_python_operator to None, run_after=None
[2025-10-17T07:41:19.203+0000] {processor.py:179} INFO - Processing /home/airflow/.local/lib/python3.8/site-packages/airflow/example_dags/example_python_operator.py took 0.070 seconds
[2025-10-17T07:42:30.094+0000] {processor.py:157} INFO - Started process (PID=91) to work on /home/airflow/.local/lib/python3.8/site-packages/airflow/example_dags/example_python_operator.py
[2025-10-17T07:42:30.095+0000] {processor.py:829} INFO - Processing file /home/airflow/.local/lib/python3.8/site-packages/airflow/example_dags/example_python_operator.py for tasks to queue
[2025-10-17T07:42:30.097+0000] {logging_mixin.py:154} INFO - [2025-10-17T07:42:30.097+0000] {dagbag.py:536} INFO - Filling up the DagBag from /home/airflow/.local/lib/python3.8/site-packages/airflow/example_dags/example_python_operator.py
[2025-10-17T07:42:30.109+0000] {processor.py:839} INFO - DAG(s) dict_keys(['example_python_operator']) retrieved from /home/airflow/.local/lib/python3.8/site-packages/airflow/example_dags/example_python_operator.py
[2025-10-17T07:42:30.228+0000] {logging_mixin.py:154} INFO - [2025-10-17T07:42:30.228+0000] {manager.py:499} INFO - Created Permission View: %s
[2025-10-17T07:42:30.236+0000] {logging_mixin.py:154} INFO - [2025-10-17T07:42:30.236+0000] {manager.py:499} INFO - Created Permission View: %s
[2025-10-17T07:42:30.245+0000] {logging_mixin.py:154} INFO - [2025-10-17T07:42:30.244+0000] {manager.py:499} INFO - Created Permission View: %s
[2025-10-17T07:42:30.245+0000] {logging_mixin.py:154} INFO - [2025-10-17T07:42:30.245+0000] {dag.py:2941} INFO - Sync 1 DAGs
[2025-10-17T07:42:30.255+0000] {logging_mixin.py:154} INFO - [2025-10-17T07:42:30.255+0000] {dag.py:2963} INFO - Creating ORM DAG for example_python_operator
[2025-10-17T07:42:30.256+0000] {logging_mixin.py:154} INFO - [2025-10-17T07:42:30.256+0000] {dag.py:3722} INFO - Setting next_dagrun for example_python_operator to None, run_after=None
[2025-10-17T07:42:30.272+0000] {processor.py:179} INFO - Processing /home/airflow/.local/lib/python3.8/site-packages/airflow/example_dags/example_python_operator.py took 0.182 seconds
[2025-10-17T07:43:00.842+0000] {processor.py:157} INFO - Started process (PID=147) to work on /home/airflow/.local/lib/python3.8/site-packages/airflow/example_dags/example_python_operator.py
[2025-10-17T07:43:00.843+0000] {processor.py:829} INFO - Processing file /home/airflow/.local/lib/python3.8/site-packages/airflow/example_dags/example_python_operator.py for tasks to queue
[2025-10-17T07:43:00.845+0000] {logging_mixin.py:154} INFO - [2025-10-17T07:43:00.845+0000] {dagbag.py:536} INFO - Filling up the DagBag from /home/airflow/.local/lib/python3.8/site-packages/airflow/example_dags/example_python_operator.py
[2025-10-17T07:43:00.854+0000] {processor.py:839} INFO - DAG(s) dict_keys(['example_python_operator']) retrieved from /home/airflow/.local/lib/python3.8/site-packages/airflow/example_dags/example_python_operator.py
[2025-10-17T07:43:00.874+0000] {logging_mixin.py:154} INFO - [2025-10-17T07:43:00.874+0000] {dag.py:2941} INFO - Sync 1 DAGs
[2025-10-17T07:43:00.884+0000] {logging_mixin.py:154} INFO - [2025-10-17T07:43:00.884+0000] {dag.py:3722} INFO - Setting next_dagrun for example_python_operator to None, run_after=None
[2025-10-17T07:43:00.900+0000] {processor.py:179} INFO - Processing /home/airflow/.local/lib/python3.8/site-packages/airflow/example_dags/example_python_operator.py took 0.061 seconds
[2025-10-17T07:44:27.089+0000] {processor.py:157} INFO - Started process (PID=91) to work on /home/airflow/.local/lib/python3.8/site-packages/airflow/example_dags/example_python_operator.py
[2025-10-17T07:44:27.090+0000] {processor.py:829} INFO - Processing file /home/airflow/.local/lib/python3.8/site-packages/airflow/example_dags/example_python_operator.py for tasks to queue
[2025-10-17T07:44:27.093+0000] {logging_mixin.py:154} INFO - [2025-10-17T07:44:27.093+0000] {dagbag.py:536} INFO - Filling up the DagBag from /home/airflow/.local/lib/python3.8/site-packages/airflow/example_dags/example_python_operator.py
[2025-10-17T07:44:27.103+0000] {processor.py:839} INFO - DAG(s) dict_keys(['example_python_operator']) retrieved from /home/airflow/.local/lib/python3.8/site-packages/airflow/example_dags/example_python_operator.py
[2025-10-17T07:44:27.212+0000] {logging_mixin.py:154} INFO - [2025-10-17T07:44:27.212+0000] {manager.py:499} INFO - Created Permission View: %s
[2025-10-17T07:44:27.222+0000] {logging_mixin.py:154} INFO - [2025-10-17T07:44:27.222+0000] {manager.py:499} INFO - Created Permission View: %s
[2025-10-17T07:44:27.230+0000] {logging_mixin.py:154} INFO - [2025-10-17T07:44:27.229+0000] {manager.py:499} INFO - Created Permission View: %s
[2025-10-17T07:44:27.230+0000] {logging_mixin.py:154} INFO - [2025-10-17T07:44:27.230+0000] {dag.py:2941} INFO - Sync 1 DAGs
[2025-10-17T07:44:27.244+0000] {logging_mixin.py:154} INFO - [2025-10-17T07:44:27.243+0000] {dag.py:2963} INFO - Creating ORM DAG for example_python_operator
[2025-10-17T07:44:27.245+0000] {logging_mixin.py:154} INFO - [2025-10-17T07:44:27.244+0000] {dag.py:3722} INFO - Setting next_dagrun for example_python_operator to None, run_after=None
[2025-10-17T07:44:27.262+0000] {processor.py:179} INFO - Processing /home/airflow/.local/lib/python3.8/site-packages/airflow/example_dags/example_python_operator.py took 0.178 seconds
[2025-10-17T07:44:36.807+0000] {processor.py:157} INFO - Started process (PID=76) to work on /home/airflow/.local/lib/python3.8/site-packages/airflow/example_dags/example_python_operator.py
[2025-10-17T07:44:36.808+0000] {processor.py:829} INFO - Processing file /home/airflow/.local/lib/python3.8/site-packages/airflow/example_dags/example_python_operator.py for tasks to queue
[2025-10-17T07:44:36.811+0000] {logging_mixin.py:154} INFO - [2025-10-17T07:44:36.810+0000] {dagbag.py:536} INFO - Filling up the DagBag from /home/airflow/.local/lib/python3.8/site-packages/airflow/example_dags/example_python_operator.py
[2025-10-17T07:44:36.821+0000] {processor.py:839} INFO - DAG(s) dict_keys(['example_python_operator']) retrieved from /home/airflow/.local/lib/python3.8/site-packages/airflow/example_dags/example_python_operator.py
[2025-10-17T07:44:36.837+0000] {logging_mixin.py:154} INFO - [2025-10-17T07:44:36.837+0000] {dag.py:2941} INFO - Sync 1 DAGs
[2025-10-17T07:44:36.851+0000] {logging_mixin.py:154} INFO - [2025-10-17T07:44:36.850+0000] {dag.py:3722} INFO - Setting next_dagrun for example_python_operator to None, run_after=None
[2025-10-17T07:44:36.872+0000] {processor.py:179} INFO - Processing /home/airflow/.local/lib/python3.8/site-packages/airflow/example_dags/example_python_operator.py took 0.068 seconds
[2025-10-17T07:45:07.259+0000] {processor.py:157} INFO - Started process (PID=132) to work on /home/airflow/.local/lib/python3.8/site-packages/airflow/example_dags/example_python_operator.py
[2025-10-17T07:45:07.260+0000] {processor.py:829} INFO - Processing file /home/airflow/.local/lib/python3.8/site-packages/airflow/example_dags/example_python_operator.py for tasks to queue
[2025-10-17T07:45:07.262+0000] {logging_mixin.py:154} INFO - [2025-10-17T07:45:07.262+0000] {dagbag.py:536} INFO - Filling up the DagBag from /home/airflow/.local/lib/python3.8/site-packages/airflow/example_dags/example_python_operator.py
[2025-10-17T07:45:07.270+0000] {processor.py:839} INFO - DAG(s) dict_keys(['example_python_operator']) retrieved from /home/airflow/.local/lib/python3.8/site-packages/airflow/example_dags/example_python_operator.py
[2025-10-17T07:45:07.357+0000] {logging_mixin.py:154} INFO - [2025-10-17T07:45:07.357+0000] {dag.py:2941} INFO - Sync 1 DAGs
[2025-10-17T07:45:07.365+0000] {logging_mixin.py:154} INFO - [2025-10-17T07:45:07.365+0000] {dag.py:3722} INFO - Setting next_dagrun for example_python_operator to None, run_after=None
[2025-10-17T07:45:07.381+0000] {processor.py:179} INFO - Processing /home/airflow/.local/lib/python3.8/site-packages/airflow/example_dags/example_python_operator.py took 0.125 seconds
[2025-10-17T07:46:21.859+0000] {processor.py:157} INFO - Started process (PID=91) to work on /home/airflow/.local/lib/python3.8/site-packages/airflow/example_dags/example_python_operator.py
[2025-10-17T07:46:21.860+0000] {processor.py:829} INFO - Processing file /home/airflow/.local/lib/python3.8/site-packages/airflow/example_dags/example_python_operator.py for tasks to queue
[2025-10-17T07:46:21.863+0000] {logging_mixin.py:154} INFO - [2025-10-17T07:46:21.862+0000] {dagbag.py:536} INFO - Filling up the DagBag from /home/airflow/.local/lib/python3.8/site-packages/airflow/example_dags/example_python_operator.py
[2025-10-17T07:46:21.873+0000] {processor.py:839} INFO - DAG(s) dict_keys(['example_python_operator']) retrieved from /home/airflow/.local/lib/python3.8/site-packages/airflow/example_dags/example_python_operator.py
[2025-10-17T07:46:22.003+0000] {logging_mixin.py:154} INFO - [2025-10-17T07:46:22.003+0000] {manager.py:499} INFO - Created Permission View: %s
[2025-10-17T07:46:22.017+0000] {logging_mixin.py:154} INFO - [2025-10-17T07:46:22.016+0000] {manager.py:499} INFO - Created Permission View: %s
[2025-10-17T07:46:22.025+0000] {logging_mixin.py:154} INFO - [2025-10-17T07:46:22.025+0000] {manager.py:499} INFO - Created Permission View: %s
[2025-10-17T07:46:22.026+0000] {logging_mixin.py:154} INFO - [2025-10-17T07:46:22.025+0000] {dag.py:2941} INFO - Sync 1 DAGs
[2025-10-17T07:46:22.038+0000] {logging_mixin.py:154} INFO - [2025-10-17T07:46:22.038+0000] {dag.py:2963} INFO - Creating ORM DAG for example_python_operator
[2025-10-17T07:46:22.039+0000] {logging_mixin.py:154} INFO - [2025-10-17T07:46:22.039+0000] {dag.py:3722} INFO - Setting next_dagrun for example_python_operator to None, run_after=None
[2025-10-17T07:46:22.055+0000] {processor.py:179} INFO - Processing /home/airflow/.local/lib/python3.8/site-packages/airflow/example_dags/example_python_operator.py took 0.200 seconds
[2025-10-17T07:46:52.255+0000] {processor.py:157} INFO - Started process (PID=147) to work on /home/airflow/.local/lib/python3.8/site-packages/airflow/example_dags/example_python_operator.py
[2025-10-17T07:46:52.256+0000] {processor.py:829} INFO - Processing file /home/airflow/.local/lib/python3.8/site-packages/airflow/example_dags/example_python_operator.py for tasks to queue
[2025-10-17T07:46:52.258+0000] {logging_mixin.py:154} INFO - [2025-10-17T07:46:52.258+0000] {dagbag.py:536} INFO - Filling up the DagBag from /home/airflow/.local/lib/python3.8/site-packages/airflow/example_dags/example_python_operator.py
[2025-10-17T07:46:52.266+0000] {processor.py:839} INFO - DAG(s) dict_keys(['example_python_operator']) retrieved from /home/airflow/.local/lib/python3.8/site-packages/airflow/example_dags/example_python_operator.py
[2025-10-17T07:46:52.288+0000] {logging_mixin.py:154} INFO - [2025-10-17T07:46:52.287+0000] {dag.py:2941} INFO - Sync 1 DAGs
[2025-10-17T07:46:52.298+0000] {logging_mixin.py:154} INFO - [2025-10-17T07:46:52.298+0000] {dag.py:3722} INFO - Setting next_dagrun for example_python_operator to None, run_after=None
[2025-10-17T07:46:52.316+0000] {processor.py:179} INFO - Processing /home/airflow/.local/lib/python3.8/site-packages/airflow/example_dags/example_python_operator.py took 0.065 seconds
[2025-10-17T07:47:23.236+0000] {processor.py:157} INFO - Started process (PID=203) to work on /home/airflow/.local/lib/python3.8/site-packages/airflow/example_dags/example_python_operator.py
[2025-10-17T07:47:23.237+0000] {processor.py:829} INFO - Processing file /home/airflow/.local/lib/python3.8/site-packages/airflow/example_dags/example_python_operator.py for tasks to queue
[2025-10-17T07:47:23.239+0000] {logging_mixin.py:154} INFO - [2025-10-17T07:47:23.238+0000] {dagbag.py:536} INFO - Filling up the DagBag from /home/airflow/.local/lib/python3.8/site-packages/airflow/example_dags/example_python_operator.py
[2025-10-17T07:47:23.248+0000] {processor.py:839} INFO - DAG(s) dict_keys(['example_python_operator']) retrieved from /home/airflow/.local/lib/python3.8/site-packages/airflow/example_dags/example_python_operator.py
[2025-10-17T07:47:23.271+0000] {logging_mixin.py:154} INFO - [2025-10-17T07:47:23.271+0000] {dag.py:2941} INFO - Sync 1 DAGs
[2025-10-17T07:47:23.282+0000] {logging_mixin.py:154} INFO - [2025-10-17T07:47:23.282+0000] {dag.py:3722} INFO - Setting next_dagrun for example_python_operator to None, run_after=None
[2025-10-17T07:47:23.303+0000] {processor.py:179} INFO - Processing /home/airflow/.local/lib/python3.8/site-packages/airflow/example_dags/example_python_operator.py took 0.071 seconds
[2025-10-17T07:47:53.726+0000] {processor.py:157} INFO - Started process (PID=259) to work on /home/airflow/.local/lib/python3.8/site-packages/airflow/example_dags/example_python_operator.py
[2025-10-17T07:47:53.727+0000] {processor.py:829} INFO - Processing file /home/airflow/.local/lib/python3.8/site-packages/airflow/example_dags/example_python_operator.py for tasks to queue
[2025-10-17T07:47:53.730+0000] {logging_mixin.py:154} INFO - [2025-10-17T07:47:53.729+0000] {dagbag.py:536} INFO - Filling up the DagBag from /home/airflow/.local/lib/python3.8/site-packages/airflow/example_dags/example_python_operator.py
[2025-10-17T07:47:53.739+0000] {processor.py:839} INFO - DAG(s) dict_keys(['example_python_operator']) retrieved from /home/airflow/.local/lib/python3.8/site-packages/airflow/example_dags/example_python_operator.py
[2025-10-17T07:47:53.766+0000] {logging_mixin.py:154} INFO - [2025-10-17T07:47:53.765+0000] {dag.py:2941} INFO - Sync 1 DAGs
[2025-10-17T07:47:53.779+0000] {logging_mixin.py:154} INFO - [2025-10-17T07:47:53.779+0000] {dag.py:3722} INFO - Setting next_dagrun for example_python_operator to None, run_after=None
[2025-10-17T07:47:53.803+0000] {processor.py:179} INFO - Processing /home/airflow/.local/lib/python3.8/site-packages/airflow/example_dags/example_python_operator.py took 0.081 seconds
[2025-10-17T07:48:24.196+0000] {processor.py:157} INFO - Started process (PID=315) to work on /home/airflow/.local/lib/python3.8/site-packages/airflow/example_dags/example_python_operator.py
[2025-10-17T07:48:24.197+0000] {processor.py:829} INFO - Processing file /home/airflow/.local/lib/python3.8/site-packages/airflow/example_dags/example_python_operator.py for tasks to queue
[2025-10-17T07:48:24.199+0000] {logging_mixin.py:154} INFO - [2025-10-17T07:48:24.199+0000] {dagbag.py:536} INFO - Filling up the DagBag from /home/airflow/.local/lib/python3.8/site-packages/airflow/example_dags/example_python_operator.py
[2025-10-17T07:48:24.207+0000] {processor.py:839} INFO - DAG(s) dict_keys(['example_python_operator']) retrieved from /home/airflow/.local/lib/python3.8/site-packages/airflow/example_dags/example_python_operator.py
[2025-10-17T07:48:24.228+0000] {logging_mixin.py:154} INFO - [2025-10-17T07:48:24.227+0000] {dag.py:2941} INFO - Sync 1 DAGs
[2025-10-17T07:48:24.237+0000] {logging_mixin.py:154} INFO - [2025-10-17T07:48:24.237+0000] {dag.py:3722} INFO - Setting next_dagrun for example_python_operator to None, run_after=None
[2025-10-17T07:48:24.252+0000] {processor.py:179} INFO - Processing /home/airflow/.local/lib/python3.8/site-packages/airflow/example_dags/example_python_operator.py took 0.060 seconds
[2025-10-17T07:48:55.190+0000] {processor.py:157} INFO - Started process (PID=371) to work on /home/airflow/.local/lib/python3.8/site-packages/airflow/example_dags/example_python_operator.py
[2025-10-17T07:48:55.191+0000] {processor.py:829} INFO - Processing file /home/airflow/.local/lib/python3.8/site-packages/airflow/example_dags/example_python_operator.py for tasks to queue
[2025-10-17T07:48:55.193+0000] {logging_mixin.py:154} INFO - [2025-10-17T07:48:55.193+0000] {dagbag.py:536} INFO - Filling up the DagBag from /home/airflow/.local/lib/python3.8/site-packages/airflow/example_dags/example_python_operator.py
[2025-10-17T07:48:55.202+0000] {processor.py:839} INFO - DAG(s) dict_keys(['example_python_operator']) retrieved from /home/airflow/.local/lib/python3.8/site-packages/airflow/example_dags/example_python_operator.py
[2025-10-17T07:48:55.224+0000] {logging_mixin.py:154} INFO - [2025-10-17T07:48:55.224+0000] {dag.py:2941} INFO - Sync 1 DAGs
[2025-10-17T07:48:55.234+0000] {logging_mixin.py:154} INFO - [2025-10-17T07:48:55.234+0000] {dag.py:3722} INFO - Setting next_dagrun for example_python_operator to None, run_after=None
[2025-10-17T07:48:55.251+0000] {processor.py:179} INFO - Processing /home/airflow/.local/lib/python3.8/site-packages/airflow/example_dags/example_python_operator.py took 0.064 seconds
[2025-10-17T07:49:25.625+0000] {processor.py:157} INFO - Started process (PID=427) to work on /home/airflow/.local/lib/python3.8/site-packages/airflow/example_dags/example_python_operator.py
[2025-10-17T07:49:25.626+0000] {processor.py:829} INFO - Processing file /home/airflow/.local/lib/python3.8/site-packages/airflow/example_dags/example_python_operator.py for tasks to queue
[2025-10-17T07:49:25.628+0000] {logging_mixin.py:154} INFO - [2025-10-17T07:49:25.628+0000] {dagbag.py:536} INFO - Filling up the DagBag from /home/airflow/.local/lib/python3.8/site-packages/airflow/example_dags/example_python_operator.py
[2025-10-17T07:49:25.638+0000] {processor.py:839} INFO - DAG(s) dict_keys(['example_python_operator']) retrieved from /home/airflow/.local/lib/python3.8/site-packages/airflow/example_dags/example_python_operator.py
[2025-10-17T07:49:25.659+0000] {logging_mixin.py:154} INFO - [2025-10-17T07:49:25.658+0000] {dag.py:2941} INFO - Sync 1 DAGs
[2025-10-17T07:49:25.669+0000] {logging_mixin.py:154} INFO - [2025-10-17T07:49:25.669+0000] {dag.py:3722} INFO - Setting next_dagrun for example_python_operator to None, run_after=None
[2025-10-17T07:49:25.688+0000] {processor.py:179} INFO - Processing /home/airflow/.local/lib/python3.8/site-packages/airflow/example_dags/example_python_operator.py took 0.066 seconds
[2025-10-17T07:49:56.481+0000] {processor.py:157} INFO - Started process (PID=483) to work on /home/airflow/.local/lib/python3.8/site-packages/airflow/example_dags/example_python_operator.py
[2025-10-17T07:49:56.482+0000] {processor.py:829} INFO - Processing file /home/airflow/.local/lib/python3.8/site-packages/airflow/example_dags/example_python_operator.py for tasks to queue
[2025-10-17T07:49:56.484+0000] {logging_mixin.py:154} INFO - [2025-10-17T07:49:56.484+0000] {dagbag.py:536} INFO - Filling up the DagBag from /home/airflow/.local/lib/python3.8/site-packages/airflow/example_dags/example_python_operator.py
[2025-10-17T07:49:56.493+0000] {processor.py:839} INFO - DAG(s) dict_keys(['example_python_operator']) retrieved from /home/airflow/.local/lib/python3.8/site-packages/airflow/example_dags/example_python_operator.py
[2025-10-17T07:49:56.516+0000] {logging_mixin.py:154} INFO - [2025-10-17T07:49:56.515+0000] {dag.py:2941} INFO - Sync 1 DAGs
[2025-10-17T07:49:56.529+0000] {logging_mixin.py:154} INFO - [2025-10-17T07:49:56.528+0000] {dag.py:3722} INFO - Setting next_dagrun for example_python_operator to None, run_after=None
[2025-10-17T07:49:56.550+0000] {processor.py:179} INFO - Processing /home/airflow/.local/lib/python3.8/site-packages/airflow/example_dags/example_python_operator.py took 0.073 seconds
[2025-10-17T07:50:26.658+0000] {processor.py:157} INFO - Started process (PID=539) to work on /home/airflow/.local/lib/python3.8/site-packages/airflow/example_dags/example_python_operator.py
[2025-10-17T07:50:26.659+0000] {processor.py:829} INFO - Processing file /home/airflow/.local/lib/python3.8/site-packages/airflow/example_dags/example_python_operator.py for tasks to queue
[2025-10-17T07:50:26.662+0000] {logging_mixin.py:154} INFO - [2025-10-17T07:50:26.661+0000] {dagbag.py:536} INFO - Filling up the DagBag from /home/airflow/.local/lib/python3.8/site-packages/airflow/example_dags/example_python_operator.py
[2025-10-17T07:50:26.670+0000] {processor.py:839} INFO - DAG(s) dict_keys(['example_python_operator']) retrieved from /home/airflow/.local/lib/python3.8/site-packages/airflow/example_dags/example_python_operator.py
[2025-10-17T07:50:26.692+0000] {logging_mixin.py:154} INFO - [2025-10-17T07:50:26.692+0000] {dag.py:2941} INFO - Sync 1 DAGs
[2025-10-17T07:50:26.703+0000] {logging_mixin.py:154} INFO - [2025-10-17T07:50:26.702+0000] {dag.py:3722} INFO - Setting next_dagrun for example_python_operator to None, run_after=None
[2025-10-17T07:50:26.718+0000] {processor.py:179} INFO - Processing /home/airflow/.local/lib/python3.8/site-packages/airflow/example_dags/example_python_operator.py took 0.064 seconds
[2025-10-17T07:50:57.445+0000] {processor.py:157} INFO - Started process (PID=595) to work on /home/airflow/.local/lib/python3.8/site-packages/airflow/example_dags/example_python_operator.py
[2025-10-17T07:50:57.446+0000] {processor.py:829} INFO - Processing file /home/airflow/.local/lib/python3.8/site-packages/airflow/example_dags/example_python_operator.py for tasks to queue
[2025-10-17T07:50:57.448+0000] {logging_mixin.py:154} INFO - [2025-10-17T07:50:57.448+0000] {dagbag.py:536} INFO - Filling up the DagBag from /home/airflow/.local/lib/python3.8/site-packages/airflow/example_dags/example_python_operator.py
[2025-10-17T07:50:57.457+0000] {processor.py:839} INFO - DAG(s) dict_keys(['example_python_operator']) retrieved from /home/airflow/.local/lib/python3.8/site-packages/airflow/example_dags/example_python_operator.py
[2025-10-17T07:50:57.478+0000] {logging_mixin.py:154} INFO - [2025-10-17T07:50:57.478+0000] {dag.py:2941} INFO - Sync 1 DAGs
[2025-10-17T07:50:57.488+0000] {logging_mixin.py:154} INFO - [2025-10-17T07:50:57.488+0000] {dag.py:3722} INFO - Setting next_dagrun for example_python_operator to None, run_after=None
[2025-10-17T07:50:57.505+0000] {processor.py:179} INFO - Processing /home/airflow/.local/lib/python3.8/site-packages/airflow/example_dags/example_python_operator.py took 0.063 seconds
[2025-10-17T07:51:28.083+0000] {processor.py:157} INFO - Started process (PID=651) to work on /home/airflow/.local/lib/python3.8/site-packages/airflow/example_dags/example_python_operator.py
[2025-10-17T07:51:28.084+0000] {processor.py:829} INFO - Processing file /home/airflow/.local/lib/python3.8/site-packages/airflow/example_dags/example_python_operator.py for tasks to queue
[2025-10-17T07:51:28.086+0000] {logging_mixin.py:154} INFO - [2025-10-17T07:51:28.086+0000] {dagbag.py:536} INFO - Filling up the DagBag from /home/airflow/.local/lib/python3.8/site-packages/airflow/example_dags/example_python_operator.py
[2025-10-17T07:51:28.095+0000] {processor.py:839} INFO - DAG(s) dict_keys(['example_python_operator']) retrieved from /home/airflow/.local/lib/python3.8/site-packages/airflow/example_dags/example_python_operator.py
[2025-10-17T07:51:28.118+0000] {logging_mixin.py:154} INFO - [2025-10-17T07:51:28.117+0000] {dag.py:2941} INFO - Sync 1 DAGs
[2025-10-17T07:51:28.128+0000] {logging_mixin.py:154} INFO - [2025-10-17T07:51:28.128+0000] {dag.py:3722} INFO - Setting next_dagrun for example_python_operator to None, run_after=None
[2025-10-17T07:51:28.147+0000] {processor.py:179} INFO - Processing /home/airflow/.local/lib/python3.8/site-packages/airflow/example_dags/example_python_operator.py took 0.068 seconds
[2025-10-17T07:51:58.633+0000] {processor.py:157} INFO - Started process (PID=707) to work on /home/airflow/.local/lib/python3.8/site-packages/airflow/example_dags/example_python_operator.py
[2025-10-17T07:51:58.634+0000] {processor.py:829} INFO - Processing file /home/airflow/.local/lib/python3.8/site-packages/airflow/example_dags/example_python_operator.py for tasks to queue
[2025-10-17T07:51:58.636+0000] {logging_mixin.py:154} INFO - [2025-10-17T07:51:58.636+0000] {dagbag.py:536} INFO - Filling up the DagBag from /home/airflow/.local/lib/python3.8/site-packages/airflow/example_dags/example_python_operator.py
[2025-10-17T07:51:58.645+0000] {processor.py:839} INFO - DAG(s) dict_keys(['example_python_operator']) retrieved from /home/airflow/.local/lib/python3.8/site-packages/airflow/example_dags/example_python_operator.py
[2025-10-17T07:51:58.668+0000] {logging_mixin.py:154} INFO - [2025-10-17T07:51:58.667+0000] {dag.py:2941} INFO - Sync 1 DAGs
[2025-10-17T07:51:58.678+0000] {logging_mixin.py:154} INFO - [2025-10-17T07:51:58.678+0000] {dag.py:3722} INFO - Setting next_dagrun for example_python_operator to None, run_after=None
[2025-10-17T07:51:58.695+0000] {processor.py:179} INFO - Processing /home/airflow/.local/lib/python3.8/site-packages/airflow/example_dags/example_python_operator.py took 0.066 seconds
[2025-10-17T08:08:54.975+0000] {processor.py:157} INFO - Started process (PID=92) to work on /home/airflow/.local/lib/python3.8/site-packages/airflow/example_dags/example_python_operator.py
[2025-10-17T08:08:54.976+0000] {processor.py:829} INFO - Processing file /home/airflow/.local/lib/python3.8/site-packages/airflow/example_dags/example_python_operator.py for tasks to queue
[2025-10-17T08:08:54.979+0000] {logging_mixin.py:154} INFO - [2025-10-17T08:08:54.978+0000] {dagbag.py:536} INFO - Filling up the DagBag from /home/airflow/.local/lib/python3.8/site-packages/airflow/example_dags/example_python_operator.py
[2025-10-17T08:08:54.989+0000] {processor.py:839} INFO - DAG(s) dict_keys(['example_python_operator']) retrieved from /home/airflow/.local/lib/python3.8/site-packages/airflow/example_dags/example_python_operator.py
[2025-10-17T08:08:55.112+0000] {logging_mixin.py:154} INFO - [2025-10-17T08:08:55.112+0000] {manager.py:499} INFO - Created Permission View: %s
[2025-10-17T08:08:55.121+0000] {logging_mixin.py:154} INFO - [2025-10-17T08:08:55.121+0000] {manager.py:499} INFO - Created Permission View: %s
[2025-10-17T08:08:55.127+0000] {logging_mixin.py:154} INFO - [2025-10-17T08:08:55.127+0000] {manager.py:499} INFO - Created Permission View: %s
[2025-10-17T08:08:55.128+0000] {logging_mixin.py:154} INFO - [2025-10-17T08:08:55.128+0000] {dag.py:2941} INFO - Sync 1 DAGs
[2025-10-17T08:08:55.137+0000] {logging_mixin.py:154} INFO - [2025-10-17T08:08:55.137+0000] {dag.py:2963} INFO - Creating ORM DAG for example_python_operator
[2025-10-17T08:08:55.138+0000] {logging_mixin.py:154} INFO - [2025-10-17T08:08:55.138+0000] {dag.py:3722} INFO - Setting next_dagrun for example_python_operator to None, run_after=None
[2025-10-17T08:08:55.157+0000] {processor.py:179} INFO - Processing /home/airflow/.local/lib/python3.8/site-packages/airflow/example_dags/example_python_operator.py took 0.186 seconds
[2025-10-17T08:09:25.354+0000] {processor.py:157} INFO - Started process (PID=148) to work on /home/airflow/.local/lib/python3.8/site-packages/airflow/example_dags/example_python_operator.py
[2025-10-17T08:09:25.356+0000] {processor.py:829} INFO - Processing file /home/airflow/.local/lib/python3.8/site-packages/airflow/example_dags/example_python_operator.py for tasks to queue
[2025-10-17T08:09:25.359+0000] {logging_mixin.py:154} INFO - [2025-10-17T08:09:25.359+0000] {dagbag.py:536} INFO - Filling up the DagBag from /home/airflow/.local/lib/python3.8/site-packages/airflow/example_dags/example_python_operator.py
[2025-10-17T08:09:25.372+0000] {processor.py:839} INFO - DAG(s) dict_keys(['example_python_operator']) retrieved from /home/airflow/.local/lib/python3.8/site-packages/airflow/example_dags/example_python_operator.py
[2025-10-17T08:09:25.393+0000] {logging_mixin.py:154} INFO - [2025-10-17T08:09:25.393+0000] {dag.py:2941} INFO - Sync 1 DAGs
[2025-10-17T08:09:25.404+0000] {logging_mixin.py:154} INFO - [2025-10-17T08:09:25.404+0000] {dag.py:3722} INFO - Setting next_dagrun for example_python_operator to None, run_after=None
[2025-10-17T08:09:25.422+0000] {processor.py:179} INFO - Processing /home/airflow/.local/lib/python3.8/site-packages/airflow/example_dags/example_python_operator.py took 0.071 seconds
[2025-10-17T08:09:56.403+0000] {processor.py:157} INFO - Started process (PID=204) to work on /home/airflow/.local/lib/python3.8/site-packages/airflow/example_dags/example_python_operator.py
[2025-10-17T08:09:56.404+0000] {processor.py:829} INFO - Processing file /home/airflow/.local/lib/python3.8/site-packages/airflow/example_dags/example_python_operator.py for tasks to queue
[2025-10-17T08:09:56.406+0000] {logging_mixin.py:154} INFO - [2025-10-17T08:09:56.406+0000] {dagbag.py:536} INFO - Filling up the DagBag from /home/airflow/.local/lib/python3.8/site-packages/airflow/example_dags/example_python_operator.py
[2025-10-17T08:09:56.416+0000] {processor.py:839} INFO - DAG(s) dict_keys(['example_python_operator']) retrieved from /home/airflow/.local/lib/python3.8/site-packages/airflow/example_dags/example_python_operator.py
[2025-10-17T08:09:56.441+0000] {logging_mixin.py:154} INFO - [2025-10-17T08:09:56.441+0000] {dag.py:2941} INFO - Sync 1 DAGs
[2025-10-17T08:09:56.454+0000] {logging_mixin.py:154} INFO - [2025-10-17T08:09:56.454+0000] {dag.py:3722} INFO - Setting next_dagrun for example_python_operator to None, run_after=None
[2025-10-17T08:09:56.476+0000] {processor.py:179} INFO - Processing /home/airflow/.local/lib/python3.8/site-packages/airflow/example_dags/example_python_operator.py took 0.078 seconds
[2025-10-17T08:10:27.395+0000] {processor.py:157} INFO - Started process (PID=260) to work on /home/airflow/.local/lib/python3.8/site-packages/airflow/example_dags/example_python_operator.py
[2025-10-17T08:10:27.397+0000] {processor.py:829} INFO - Processing file /home/airflow/.local/lib/python3.8/site-packages/airflow/example_dags/example_python_operator.py for tasks to queue
[2025-10-17T08:10:27.400+0000] {logging_mixin.py:154} INFO - [2025-10-17T08:10:27.399+0000] {dagbag.py:536} INFO - Filling up the DagBag from /home/airflow/.local/lib/python3.8/site-packages/airflow/example_dags/example_python_operator.py
[2025-10-17T08:10:27.408+0000] {processor.py:839} INFO - DAG(s) dict_keys(['example_python_operator']) retrieved from /home/airflow/.local/lib/python3.8/site-packages/airflow/example_dags/example_python_operator.py
[2025-10-17T08:10:27.434+0000] {logging_mixin.py:154} INFO - [2025-10-17T08:10:27.434+0000] {dag.py:2941} INFO - Sync 1 DAGs
[2025-10-17T08:10:27.446+0000] {logging_mixin.py:154} INFO - [2025-10-17T08:10:27.446+0000] {dag.py:3722} INFO - Setting next_dagrun for example_python_operator to None, run_after=None
[2025-10-17T08:10:27.464+0000] {processor.py:179} INFO - Processing /home/airflow/.local/lib/python3.8/site-packages/airflow/example_dags/example_python_operator.py took 0.072 seconds
[2025-10-17T08:10:58.024+0000] {processor.py:157} INFO - Started process (PID=316) to work on /home/airflow/.local/lib/python3.8/site-packages/airflow/example_dags/example_python_operator.py
[2025-10-17T08:10:58.025+0000] {processor.py:829} INFO - Processing file /home/airflow/.local/lib/python3.8/site-packages/airflow/example_dags/example_python_operator.py for tasks to queue
[2025-10-17T08:10:58.027+0000] {logging_mixin.py:154} INFO - [2025-10-17T08:10:58.027+0000] {dagbag.py:536} INFO - Filling up the DagBag from /home/airflow/.local/lib/python3.8/site-packages/airflow/example_dags/example_python_operator.py
[2025-10-17T08:10:58.036+0000] {processor.py:839} INFO - DAG(s) dict_keys(['example_python_operator']) retrieved from /home/airflow/.local/lib/python3.8/site-packages/airflow/example_dags/example_python_operator.py
[2025-10-17T08:10:58.060+0000] {logging_mixin.py:154} INFO - [2025-10-17T08:10:58.060+0000] {dag.py:2941} INFO - Sync 1 DAGs
[2025-10-17T08:10:58.070+0000] {logging_mixin.py:154} INFO - [2025-10-17T08:10:58.070+0000] {dag.py:3722} INFO - Setting next_dagrun for example_python_operator to None, run_after=None
[2025-10-17T08:10:58.090+0000] {processor.py:179} INFO - Processing /home/airflow/.local/lib/python3.8/site-packages/airflow/example_dags/example_python_operator.py took 0.069 seconds
[2025-10-17T08:12:36.812+0000] {processor.py:157} INFO - Started process (PID=93) to work on /home/airflow/.local/lib/python3.8/site-packages/airflow/example_dags/example_python_operator.py
[2025-10-17T08:12:36.814+0000] {processor.py:829} INFO - Processing file /home/airflow/.local/lib/python3.8/site-packages/airflow/example_dags/example_python_operator.py for tasks to queue
[2025-10-17T08:12:36.818+0000] {logging_mixin.py:154} INFO - [2025-10-17T08:12:36.817+0000] {dagbag.py:536} INFO - Filling up the DagBag from /home/airflow/.local/lib/python3.8/site-packages/airflow/example_dags/example_python_operator.py
[2025-10-17T08:12:36.837+0000] {processor.py:839} INFO - DAG(s) dict_keys(['example_python_operator']) retrieved from /home/airflow/.local/lib/python3.8/site-packages/airflow/example_dags/example_python_operator.py
[2025-10-17T08:12:36.985+0000] {logging_mixin.py:154} INFO - [2025-10-17T08:12:36.985+0000] {manager.py:499} INFO - Created Permission View: %s
[2025-10-17T08:12:36.998+0000] {logging_mixin.py:154} INFO - [2025-10-17T08:12:36.998+0000] {manager.py:499} INFO - Created Permission View: %s
[2025-10-17T08:12:37.007+0000] {logging_mixin.py:154} INFO - [2025-10-17T08:12:37.007+0000] {manager.py:499} INFO - Created Permission View: %s
[2025-10-17T08:12:37.008+0000] {logging_mixin.py:154} INFO - [2025-10-17T08:12:37.008+0000] {dag.py:2941} INFO - Sync 1 DAGs
[2025-10-17T08:12:37.020+0000] {logging_mixin.py:154} INFO - [2025-10-17T08:12:37.020+0000] {dag.py:2963} INFO - Creating ORM DAG for example_python_operator
[2025-10-17T08:12:37.021+0000] {logging_mixin.py:154} INFO - [2025-10-17T08:12:37.021+0000] {dag.py:3722} INFO - Setting next_dagrun for example_python_operator to None, run_after=None
[2025-10-17T08:12:37.041+0000] {processor.py:179} INFO - Processing /home/airflow/.local/lib/python3.8/site-packages/airflow/example_dags/example_python_operator.py took 0.234 seconds
[2025-10-17T08:13:07.535+0000] {processor.py:157} INFO - Started process (PID=149) to work on /home/airflow/.local/lib/python3.8/site-packages/airflow/example_dags/example_python_operator.py
[2025-10-17T08:13:07.536+0000] {processor.py:829} INFO - Processing file /home/airflow/.local/lib/python3.8/site-packages/airflow/example_dags/example_python_operator.py for tasks to queue
[2025-10-17T08:13:07.539+0000] {logging_mixin.py:154} INFO - [2025-10-17T08:13:07.538+0000] {dagbag.py:536} INFO - Filling up the DagBag from /home/airflow/.local/lib/python3.8/site-packages/airflow/example_dags/example_python_operator.py
[2025-10-17T08:13:07.548+0000] {processor.py:839} INFO - DAG(s) dict_keys(['example_python_operator']) retrieved from /home/airflow/.local/lib/python3.8/site-packages/airflow/example_dags/example_python_operator.py
[2025-10-17T08:13:07.570+0000] {logging_mixin.py:154} INFO - [2025-10-17T08:13:07.570+0000] {dag.py:2941} INFO - Sync 1 DAGs
[2025-10-17T08:13:07.582+0000] {logging_mixin.py:154} INFO - [2025-10-17T08:13:07.582+0000] {dag.py:3722} INFO - Setting next_dagrun for example_python_operator to None, run_after=None
[2025-10-17T08:13:07.597+0000] {processor.py:179} INFO - Processing /home/airflow/.local/lib/python3.8/site-packages/airflow/example_dags/example_python_operator.py took 0.067 seconds
[2025-10-17T08:13:38.105+0000] {processor.py:157} INFO - Started process (PID=205) to work on /home/airflow/.local/lib/python3.8/site-packages/airflow/example_dags/example_python_operator.py
[2025-10-17T08:13:38.106+0000] {processor.py:829} INFO - Processing file /home/airflow/.local/lib/python3.8/site-packages/airflow/example_dags/example_python_operator.py for tasks to queue
[2025-10-17T08:13:38.108+0000] {logging_mixin.py:154} INFO - [2025-10-17T08:13:38.107+0000] {dagbag.py:536} INFO - Filling up the DagBag from /home/airflow/.local/lib/python3.8/site-packages/airflow/example_dags/example_python_operator.py
[2025-10-17T08:13:38.116+0000] {processor.py:839} INFO - DAG(s) dict_keys(['example_python_operator']) retrieved from /home/airflow/.local/lib/python3.8/site-packages/airflow/example_dags/example_python_operator.py
[2025-10-17T08:13:38.137+0000] {logging_mixin.py:154} INFO - [2025-10-17T08:13:38.137+0000] {dag.py:2941} INFO - Sync 1 DAGs
[2025-10-17T08:13:38.147+0000] {logging_mixin.py:154} INFO - [2025-10-17T08:13:38.147+0000] {dag.py:3722} INFO - Setting next_dagrun for example_python_operator to None, run_after=None
[2025-10-17T08:13:38.165+0000] {processor.py:179} INFO - Processing /home/airflow/.local/lib/python3.8/site-packages/airflow/example_dags/example_python_operator.py took 0.064 seconds
