[2025-10-17T07:19:47.319+0000] {processor.py:157} INFO - Started process (PID=582) to work on /home/airflow/.local/lib/python3.8/site-packages/airflow/example_dags/example_dynamic_task_mapping_with_no_taskflow_operators.py
[2025-10-17T07:19:47.322+0000] {processor.py:829} INFO - Processing file /home/airflow/.local/lib/python3.8/site-packages/airflow/example_dags/example_dynamic_task_mapping_with_no_taskflow_operators.py for tasks to queue
[2025-10-17T07:19:47.326+0000] {logging_mixin.py:154} INFO - [2025-10-17T07:19:47.326+0000] {dagbag.py:536} INFO - Filling up the DagBag from /home/airflow/.local/lib/python3.8/site-packages/airflow/example_dags/example_dynamic_task_mapping_with_no_taskflow_operators.py
[2025-10-17T07:19:47.367+0000] {processor.py:839} INFO - DAG(s) dict_keys(['example_dynamic_task_mapping_with_no_taskflow_operators']) retrieved from /home/airflow/.local/lib/python3.8/site-packages/airflow/example_dags/example_dynamic_task_mapping_with_no_taskflow_operators.py
[2025-10-17T07:19:47.414+0000] {logging_mixin.py:154} INFO - [2025-10-17T07:19:47.413+0000] {dag.py:2941} INFO - Sync 1 DAGs
[2025-10-17T07:19:47.460+0000] {logging_mixin.py:154} INFO - [2025-10-17T07:19:47.459+0000] {dag.py:3722} INFO - Setting next_dagrun for example_dynamic_task_mapping_with_no_taskflow_operators to 2025-10-16T07:19:47.459522+00:00, run_after=2025-10-17T07:19:47.459522+00:00
[2025-10-17T07:19:47.523+0000] {processor.py:179} INFO - Processing /home/airflow/.local/lib/python3.8/site-packages/airflow/example_dags/example_dynamic_task_mapping_with_no_taskflow_operators.py took 0.217 seconds
[2025-10-17T07:20:17.908+0000] {processor.py:157} INFO - Started process (PID=638) to work on /home/airflow/.local/lib/python3.8/site-packages/airflow/example_dags/example_dynamic_task_mapping_with_no_taskflow_operators.py
[2025-10-17T07:20:17.909+0000] {processor.py:829} INFO - Processing file /home/airflow/.local/lib/python3.8/site-packages/airflow/example_dags/example_dynamic_task_mapping_with_no_taskflow_operators.py for tasks to queue
[2025-10-17T07:20:17.912+0000] {logging_mixin.py:154} INFO - [2025-10-17T07:20:17.912+0000] {dagbag.py:536} INFO - Filling up the DagBag from /home/airflow/.local/lib/python3.8/site-packages/airflow/example_dags/example_dynamic_task_mapping_with_no_taskflow_operators.py
[2025-10-17T07:20:17.919+0000] {processor.py:839} INFO - DAG(s) dict_keys(['example_dynamic_task_mapping_with_no_taskflow_operators']) retrieved from /home/airflow/.local/lib/python3.8/site-packages/airflow/example_dags/example_dynamic_task_mapping_with_no_taskflow_operators.py
[2025-10-17T07:20:17.941+0000] {logging_mixin.py:154} INFO - [2025-10-17T07:20:17.941+0000] {dag.py:2941} INFO - Sync 1 DAGs
[2025-10-17T07:20:17.962+0000] {logging_mixin.py:154} INFO - [2025-10-17T07:20:17.962+0000] {dag.py:3722} INFO - Setting next_dagrun for example_dynamic_task_mapping_with_no_taskflow_operators to 2025-10-16T07:20:17.962041+00:00, run_after=2025-10-17T07:20:17.962041+00:00
[2025-10-17T07:20:17.979+0000] {processor.py:179} INFO - Processing /home/airflow/.local/lib/python3.8/site-packages/airflow/example_dags/example_dynamic_task_mapping_with_no_taskflow_operators.py took 0.074 seconds
[2025-10-17T07:20:48.368+0000] {processor.py:157} INFO - Started process (PID=694) to work on /home/airflow/.local/lib/python3.8/site-packages/airflow/example_dags/example_dynamic_task_mapping_with_no_taskflow_operators.py
[2025-10-17T07:20:48.370+0000] {processor.py:829} INFO - Processing file /home/airflow/.local/lib/python3.8/site-packages/airflow/example_dags/example_dynamic_task_mapping_with_no_taskflow_operators.py for tasks to queue
[2025-10-17T07:20:48.375+0000] {logging_mixin.py:154} INFO - [2025-10-17T07:20:48.374+0000] {dagbag.py:536} INFO - Filling up the DagBag from /home/airflow/.local/lib/python3.8/site-packages/airflow/example_dags/example_dynamic_task_mapping_with_no_taskflow_operators.py
[2025-10-17T07:20:48.390+0000] {processor.py:839} INFO - DAG(s) dict_keys(['example_dynamic_task_mapping_with_no_taskflow_operators']) retrieved from /home/airflow/.local/lib/python3.8/site-packages/airflow/example_dags/example_dynamic_task_mapping_with_no_taskflow_operators.py
[2025-10-17T07:20:48.440+0000] {logging_mixin.py:154} INFO - [2025-10-17T07:20:48.439+0000] {dag.py:2941} INFO - Sync 1 DAGs
[2025-10-17T07:20:48.491+0000] {logging_mixin.py:154} INFO - [2025-10-17T07:20:48.490+0000] {dag.py:3722} INFO - Setting next_dagrun for example_dynamic_task_mapping_with_no_taskflow_operators to 2025-10-16T07:20:48.490352+00:00, run_after=2025-10-17T07:20:48.490352+00:00
[2025-10-17T07:20:48.534+0000] {processor.py:179} INFO - Processing /home/airflow/.local/lib/python3.8/site-packages/airflow/example_dags/example_dynamic_task_mapping_with_no_taskflow_operators.py took 0.177 seconds
[2025-10-17T07:21:19.334+0000] {processor.py:157} INFO - Started process (PID=750) to work on /home/airflow/.local/lib/python3.8/site-packages/airflow/example_dags/example_dynamic_task_mapping_with_no_taskflow_operators.py
[2025-10-17T07:21:19.335+0000] {processor.py:829} INFO - Processing file /home/airflow/.local/lib/python3.8/site-packages/airflow/example_dags/example_dynamic_task_mapping_with_no_taskflow_operators.py for tasks to queue
[2025-10-17T07:21:19.337+0000] {logging_mixin.py:154} INFO - [2025-10-17T07:21:19.337+0000] {dagbag.py:536} INFO - Filling up the DagBag from /home/airflow/.local/lib/python3.8/site-packages/airflow/example_dags/example_dynamic_task_mapping_with_no_taskflow_operators.py
[2025-10-17T07:21:19.343+0000] {processor.py:839} INFO - DAG(s) dict_keys(['example_dynamic_task_mapping_with_no_taskflow_operators']) retrieved from /home/airflow/.local/lib/python3.8/site-packages/airflow/example_dags/example_dynamic_task_mapping_with_no_taskflow_operators.py
[2025-10-17T07:21:19.361+0000] {logging_mixin.py:154} INFO - [2025-10-17T07:21:19.361+0000] {dag.py:2941} INFO - Sync 1 DAGs
[2025-10-17T07:21:19.381+0000] {logging_mixin.py:154} INFO - [2025-10-17T07:21:19.381+0000] {dag.py:3722} INFO - Setting next_dagrun for example_dynamic_task_mapping_with_no_taskflow_operators to 2025-10-16T07:21:19.381340+00:00, run_after=2025-10-17T07:21:19.381340+00:00
[2025-10-17T07:21:19.401+0000] {processor.py:179} INFO - Processing /home/airflow/.local/lib/python3.8/site-packages/airflow/example_dags/example_dynamic_task_mapping_with_no_taskflow_operators.py took 0.071 seconds
[2025-10-17T07:21:49.785+0000] {processor.py:157} INFO - Started process (PID=806) to work on /home/airflow/.local/lib/python3.8/site-packages/airflow/example_dags/example_dynamic_task_mapping_with_no_taskflow_operators.py
[2025-10-17T07:21:49.798+0000] {processor.py:829} INFO - Processing file /home/airflow/.local/lib/python3.8/site-packages/airflow/example_dags/example_dynamic_task_mapping_with_no_taskflow_operators.py for tasks to queue
[2025-10-17T07:21:49.800+0000] {logging_mixin.py:154} INFO - [2025-10-17T07:21:49.800+0000] {dagbag.py:536} INFO - Filling up the DagBag from /home/airflow/.local/lib/python3.8/site-packages/airflow/example_dags/example_dynamic_task_mapping_with_no_taskflow_operators.py
[2025-10-17T07:21:49.808+0000] {processor.py:839} INFO - DAG(s) dict_keys(['example_dynamic_task_mapping_with_no_taskflow_operators']) retrieved from /home/airflow/.local/lib/python3.8/site-packages/airflow/example_dags/example_dynamic_task_mapping_with_no_taskflow_operators.py
[2025-10-17T07:21:49.836+0000] {logging_mixin.py:154} INFO - [2025-10-17T07:21:49.835+0000] {dag.py:2941} INFO - Sync 1 DAGs
[2025-10-17T07:21:49.865+0000] {logging_mixin.py:154} INFO - [2025-10-17T07:21:49.864+0000] {dag.py:3722} INFO - Setting next_dagrun for example_dynamic_task_mapping_with_no_taskflow_operators to 2025-10-16T07:21:49.864607+00:00, run_after=2025-10-17T07:21:49.864607+00:00
[2025-10-17T07:21:49.921+0000] {processor.py:179} INFO - Processing /home/airflow/.local/lib/python3.8/site-packages/airflow/example_dags/example_dynamic_task_mapping_with_no_taskflow_operators.py took 0.139 seconds
[2025-10-17T07:22:20.804+0000] {processor.py:157} INFO - Started process (PID=862) to work on /home/airflow/.local/lib/python3.8/site-packages/airflow/example_dags/example_dynamic_task_mapping_with_no_taskflow_operators.py
[2025-10-17T07:22:20.805+0000] {processor.py:829} INFO - Processing file /home/airflow/.local/lib/python3.8/site-packages/airflow/example_dags/example_dynamic_task_mapping_with_no_taskflow_operators.py for tasks to queue
[2025-10-17T07:22:20.807+0000] {logging_mixin.py:154} INFO - [2025-10-17T07:22:20.807+0000] {dagbag.py:536} INFO - Filling up the DagBag from /home/airflow/.local/lib/python3.8/site-packages/airflow/example_dags/example_dynamic_task_mapping_with_no_taskflow_operators.py
[2025-10-17T07:22:20.813+0000] {processor.py:839} INFO - DAG(s) dict_keys(['example_dynamic_task_mapping_with_no_taskflow_operators']) retrieved from /home/airflow/.local/lib/python3.8/site-packages/airflow/example_dags/example_dynamic_task_mapping_with_no_taskflow_operators.py
[2025-10-17T07:22:20.830+0000] {logging_mixin.py:154} INFO - [2025-10-17T07:22:20.830+0000] {dag.py:2941} INFO - Sync 1 DAGs
[2025-10-17T07:22:20.848+0000] {logging_mixin.py:154} INFO - [2025-10-17T07:22:20.848+0000] {dag.py:3722} INFO - Setting next_dagrun for example_dynamic_task_mapping_with_no_taskflow_operators to 2025-10-16T07:22:20.848323+00:00, run_after=2025-10-17T07:22:20.848323+00:00
[2025-10-17T07:22:20.865+0000] {processor.py:179} INFO - Processing /home/airflow/.local/lib/python3.8/site-packages/airflow/example_dags/example_dynamic_task_mapping_with_no_taskflow_operators.py took 0.064 seconds
[2025-10-17T07:22:51.479+0000] {processor.py:157} INFO - Started process (PID=918) to work on /home/airflow/.local/lib/python3.8/site-packages/airflow/example_dags/example_dynamic_task_mapping_with_no_taskflow_operators.py
[2025-10-17T07:22:51.481+0000] {processor.py:829} INFO - Processing file /home/airflow/.local/lib/python3.8/site-packages/airflow/example_dags/example_dynamic_task_mapping_with_no_taskflow_operators.py for tasks to queue
[2025-10-17T07:22:51.484+0000] {logging_mixin.py:154} INFO - [2025-10-17T07:22:51.484+0000] {dagbag.py:536} INFO - Filling up the DagBag from /home/airflow/.local/lib/python3.8/site-packages/airflow/example_dags/example_dynamic_task_mapping_with_no_taskflow_operators.py
[2025-10-17T07:22:51.492+0000] {processor.py:839} INFO - DAG(s) dict_keys(['example_dynamic_task_mapping_with_no_taskflow_operators']) retrieved from /home/airflow/.local/lib/python3.8/site-packages/airflow/example_dags/example_dynamic_task_mapping_with_no_taskflow_operators.py
[2025-10-17T07:22:51.516+0000] {logging_mixin.py:154} INFO - [2025-10-17T07:22:51.516+0000] {dag.py:2941} INFO - Sync 1 DAGs
[2025-10-17T07:22:51.537+0000] {logging_mixin.py:154} INFO - [2025-10-17T07:22:51.537+0000] {dag.py:3722} INFO - Setting next_dagrun for example_dynamic_task_mapping_with_no_taskflow_operators to 2025-10-16T07:22:51.537396+00:00, run_after=2025-10-17T07:22:51.537396+00:00
[2025-10-17T07:22:51.556+0000] {processor.py:179} INFO - Processing /home/airflow/.local/lib/python3.8/site-packages/airflow/example_dags/example_dynamic_task_mapping_with_no_taskflow_operators.py took 0.080 seconds
[2025-10-17T07:23:22.439+0000] {processor.py:157} INFO - Started process (PID=974) to work on /home/airflow/.local/lib/python3.8/site-packages/airflow/example_dags/example_dynamic_task_mapping_with_no_taskflow_operators.py
[2025-10-17T07:23:22.440+0000] {processor.py:829} INFO - Processing file /home/airflow/.local/lib/python3.8/site-packages/airflow/example_dags/example_dynamic_task_mapping_with_no_taskflow_operators.py for tasks to queue
[2025-10-17T07:23:22.442+0000] {logging_mixin.py:154} INFO - [2025-10-17T07:23:22.442+0000] {dagbag.py:536} INFO - Filling up the DagBag from /home/airflow/.local/lib/python3.8/site-packages/airflow/example_dags/example_dynamic_task_mapping_with_no_taskflow_operators.py
[2025-10-17T07:23:22.448+0000] {processor.py:839} INFO - DAG(s) dict_keys(['example_dynamic_task_mapping_with_no_taskflow_operators']) retrieved from /home/airflow/.local/lib/python3.8/site-packages/airflow/example_dags/example_dynamic_task_mapping_with_no_taskflow_operators.py
[2025-10-17T07:23:22.468+0000] {logging_mixin.py:154} INFO - [2025-10-17T07:23:22.468+0000] {dag.py:2941} INFO - Sync 1 DAGs
[2025-10-17T07:23:22.487+0000] {logging_mixin.py:154} INFO - [2025-10-17T07:23:22.487+0000] {dag.py:3722} INFO - Setting next_dagrun for example_dynamic_task_mapping_with_no_taskflow_operators to 2025-10-16T07:23:22.487372+00:00, run_after=2025-10-17T07:23:22.487372+00:00
[2025-10-17T07:23:22.647+0000] {processor.py:179} INFO - Processing /home/airflow/.local/lib/python3.8/site-packages/airflow/example_dags/example_dynamic_task_mapping_with_no_taskflow_operators.py took 0.211 seconds
[2025-10-17T07:23:52.873+0000] {processor.py:157} INFO - Started process (PID=1030) to work on /home/airflow/.local/lib/python3.8/site-packages/airflow/example_dags/example_dynamic_task_mapping_with_no_taskflow_operators.py
[2025-10-17T07:23:52.874+0000] {processor.py:829} INFO - Processing file /home/airflow/.local/lib/python3.8/site-packages/airflow/example_dags/example_dynamic_task_mapping_with_no_taskflow_operators.py for tasks to queue
[2025-10-17T07:23:52.877+0000] {logging_mixin.py:154} INFO - [2025-10-17T07:23:52.877+0000] {dagbag.py:536} INFO - Filling up the DagBag from /home/airflow/.local/lib/python3.8/site-packages/airflow/example_dags/example_dynamic_task_mapping_with_no_taskflow_operators.py
[2025-10-17T07:23:52.886+0000] {processor.py:839} INFO - DAG(s) dict_keys(['example_dynamic_task_mapping_with_no_taskflow_operators']) retrieved from /home/airflow/.local/lib/python3.8/site-packages/airflow/example_dags/example_dynamic_task_mapping_with_no_taskflow_operators.py
[2025-10-17T07:23:52.909+0000] {logging_mixin.py:154} INFO - [2025-10-17T07:23:52.908+0000] {dag.py:2941} INFO - Sync 1 DAGs
[2025-10-17T07:23:52.933+0000] {logging_mixin.py:154} INFO - [2025-10-17T07:23:52.933+0000] {dag.py:3722} INFO - Setting next_dagrun for example_dynamic_task_mapping_with_no_taskflow_operators to 2025-10-16T07:23:52.933043+00:00, run_after=2025-10-17T07:23:52.933043+00:00
[2025-10-17T07:23:52.955+0000] {processor.py:179} INFO - Processing /home/airflow/.local/lib/python3.8/site-packages/airflow/example_dags/example_dynamic_task_mapping_with_no_taskflow_operators.py took 0.086 seconds
[2025-10-17T07:24:24.075+0000] {processor.py:157} INFO - Started process (PID=1086) to work on /home/airflow/.local/lib/python3.8/site-packages/airflow/example_dags/example_dynamic_task_mapping_with_no_taskflow_operators.py
[2025-10-17T07:24:24.076+0000] {processor.py:829} INFO - Processing file /home/airflow/.local/lib/python3.8/site-packages/airflow/example_dags/example_dynamic_task_mapping_with_no_taskflow_operators.py for tasks to queue
[2025-10-17T07:24:24.078+0000] {logging_mixin.py:154} INFO - [2025-10-17T07:24:24.078+0000] {dagbag.py:536} INFO - Filling up the DagBag from /home/airflow/.local/lib/python3.8/site-packages/airflow/example_dags/example_dynamic_task_mapping_with_no_taskflow_operators.py
[2025-10-17T07:24:24.084+0000] {processor.py:839} INFO - DAG(s) dict_keys(['example_dynamic_task_mapping_with_no_taskflow_operators']) retrieved from /home/airflow/.local/lib/python3.8/site-packages/airflow/example_dags/example_dynamic_task_mapping_with_no_taskflow_operators.py
[2025-10-17T07:24:24.104+0000] {logging_mixin.py:154} INFO - [2025-10-17T07:24:24.103+0000] {dag.py:2941} INFO - Sync 1 DAGs
[2025-10-17T07:24:24.123+0000] {logging_mixin.py:154} INFO - [2025-10-17T07:24:24.123+0000] {dag.py:3722} INFO - Setting next_dagrun for example_dynamic_task_mapping_with_no_taskflow_operators to 2025-10-16T07:24:24.123503+00:00, run_after=2025-10-17T07:24:24.123503+00:00
[2025-10-17T07:24:24.142+0000] {processor.py:179} INFO - Processing /home/airflow/.local/lib/python3.8/site-packages/airflow/example_dags/example_dynamic_task_mapping_with_no_taskflow_operators.py took 0.070 seconds
[2025-10-17T07:24:55.072+0000] {processor.py:157} INFO - Started process (PID=1155) to work on /home/airflow/.local/lib/python3.8/site-packages/airflow/example_dags/example_dynamic_task_mapping_with_no_taskflow_operators.py
[2025-10-17T07:24:55.073+0000] {processor.py:829} INFO - Processing file /home/airflow/.local/lib/python3.8/site-packages/airflow/example_dags/example_dynamic_task_mapping_with_no_taskflow_operators.py for tasks to queue
[2025-10-17T07:24:55.075+0000] {logging_mixin.py:154} INFO - [2025-10-17T07:24:55.075+0000] {dagbag.py:536} INFO - Filling up the DagBag from /home/airflow/.local/lib/python3.8/site-packages/airflow/example_dags/example_dynamic_task_mapping_with_no_taskflow_operators.py
[2025-10-17T07:24:55.081+0000] {processor.py:839} INFO - DAG(s) dict_keys(['example_dynamic_task_mapping_with_no_taskflow_operators']) retrieved from /home/airflow/.local/lib/python3.8/site-packages/airflow/example_dags/example_dynamic_task_mapping_with_no_taskflow_operators.py
[2025-10-17T07:24:55.100+0000] {logging_mixin.py:154} INFO - [2025-10-17T07:24:55.100+0000] {dag.py:2941} INFO - Sync 1 DAGs
[2025-10-17T07:24:55.119+0000] {logging_mixin.py:154} INFO - [2025-10-17T07:24:55.119+0000] {dag.py:3722} INFO - Setting next_dagrun for example_dynamic_task_mapping_with_no_taskflow_operators to 2025-10-16T07:24:55.119478+00:00, run_after=2025-10-17T07:24:55.119478+00:00
[2025-10-17T07:24:55.292+0000] {processor.py:179} INFO - Processing /home/airflow/.local/lib/python3.8/site-packages/airflow/example_dags/example_dynamic_task_mapping_with_no_taskflow_operators.py took 0.223 seconds
[2025-10-17T07:25:25.963+0000] {processor.py:157} INFO - Started process (PID=1211) to work on /home/airflow/.local/lib/python3.8/site-packages/airflow/example_dags/example_dynamic_task_mapping_with_no_taskflow_operators.py
[2025-10-17T07:25:25.964+0000] {processor.py:829} INFO - Processing file /home/airflow/.local/lib/python3.8/site-packages/airflow/example_dags/example_dynamic_task_mapping_with_no_taskflow_operators.py for tasks to queue
[2025-10-17T07:25:25.967+0000] {logging_mixin.py:154} INFO - [2025-10-17T07:25:25.966+0000] {dagbag.py:536} INFO - Filling up the DagBag from /home/airflow/.local/lib/python3.8/site-packages/airflow/example_dags/example_dynamic_task_mapping_with_no_taskflow_operators.py
[2025-10-17T07:25:25.973+0000] {processor.py:839} INFO - DAG(s) dict_keys(['example_dynamic_task_mapping_with_no_taskflow_operators']) retrieved from /home/airflow/.local/lib/python3.8/site-packages/airflow/example_dags/example_dynamic_task_mapping_with_no_taskflow_operators.py
[2025-10-17T07:25:25.991+0000] {logging_mixin.py:154} INFO - [2025-10-17T07:25:25.991+0000] {dag.py:2941} INFO - Sync 1 DAGs
[2025-10-17T07:25:26.010+0000] {logging_mixin.py:154} INFO - [2025-10-17T07:25:26.010+0000] {dag.py:3722} INFO - Setting next_dagrun for example_dynamic_task_mapping_with_no_taskflow_operators to 2025-10-16T07:25:26.009796+00:00, run_after=2025-10-17T07:25:26.009796+00:00
[2025-10-17T07:25:26.024+0000] {processor.py:179} INFO - Processing /home/airflow/.local/lib/python3.8/site-packages/airflow/example_dags/example_dynamic_task_mapping_with_no_taskflow_operators.py took 0.064 seconds
[2025-10-17T07:25:56.797+0000] {processor.py:157} INFO - Started process (PID=1267) to work on /home/airflow/.local/lib/python3.8/site-packages/airflow/example_dags/example_dynamic_task_mapping_with_no_taskflow_operators.py
[2025-10-17T07:25:56.799+0000] {processor.py:829} INFO - Processing file /home/airflow/.local/lib/python3.8/site-packages/airflow/example_dags/example_dynamic_task_mapping_with_no_taskflow_operators.py for tasks to queue
[2025-10-17T07:25:56.801+0000] {logging_mixin.py:154} INFO - [2025-10-17T07:25:56.801+0000] {dagbag.py:536} INFO - Filling up the DagBag from /home/airflow/.local/lib/python3.8/site-packages/airflow/example_dags/example_dynamic_task_mapping_with_no_taskflow_operators.py
[2025-10-17T07:25:56.960+0000] {processor.py:839} INFO - DAG(s) dict_keys(['example_dynamic_task_mapping_with_no_taskflow_operators']) retrieved from /home/airflow/.local/lib/python3.8/site-packages/airflow/example_dags/example_dynamic_task_mapping_with_no_taskflow_operators.py
[2025-10-17T07:25:56.974+0000] {logging_mixin.py:154} INFO - [2025-10-17T07:25:56.974+0000] {dag.py:2941} INFO - Sync 1 DAGs
[2025-10-17T07:25:56.989+0000] {logging_mixin.py:154} INFO - [2025-10-17T07:25:56.989+0000] {dag.py:3722} INFO - Setting next_dagrun for example_dynamic_task_mapping_with_no_taskflow_operators to 2025-10-16T07:25:56.989360+00:00, run_after=2025-10-17T07:25:56.989360+00:00
[2025-10-17T07:25:57.003+0000] {processor.py:179} INFO - Processing /home/airflow/.local/lib/python3.8/site-packages/airflow/example_dags/example_dynamic_task_mapping_with_no_taskflow_operators.py took 0.210 seconds
[2025-10-17T07:26:27.580+0000] {processor.py:157} INFO - Started process (PID=1325) to work on /home/airflow/.local/lib/python3.8/site-packages/airflow/example_dags/example_dynamic_task_mapping_with_no_taskflow_operators.py
[2025-10-17T07:26:27.581+0000] {processor.py:829} INFO - Processing file /home/airflow/.local/lib/python3.8/site-packages/airflow/example_dags/example_dynamic_task_mapping_with_no_taskflow_operators.py for tasks to queue
[2025-10-17T07:26:27.583+0000] {logging_mixin.py:154} INFO - [2025-10-17T07:26:27.583+0000] {dagbag.py:536} INFO - Filling up the DagBag from /home/airflow/.local/lib/python3.8/site-packages/airflow/example_dags/example_dynamic_task_mapping_with_no_taskflow_operators.py
[2025-10-17T07:26:27.589+0000] {processor.py:839} INFO - DAG(s) dict_keys(['example_dynamic_task_mapping_with_no_taskflow_operators']) retrieved from /home/airflow/.local/lib/python3.8/site-packages/airflow/example_dags/example_dynamic_task_mapping_with_no_taskflow_operators.py
[2025-10-17T07:26:27.610+0000] {logging_mixin.py:154} INFO - [2025-10-17T07:26:27.610+0000] {dag.py:2941} INFO - Sync 1 DAGs
[2025-10-17T07:26:27.628+0000] {logging_mixin.py:154} INFO - [2025-10-17T07:26:27.628+0000] {dag.py:3722} INFO - Setting next_dagrun for example_dynamic_task_mapping_with_no_taskflow_operators to 2025-10-16T07:26:27.628107+00:00, run_after=2025-10-17T07:26:27.628107+00:00
[2025-10-17T07:26:27.644+0000] {processor.py:179} INFO - Processing /home/airflow/.local/lib/python3.8/site-packages/airflow/example_dags/example_dynamic_task_mapping_with_no_taskflow_operators.py took 0.067 seconds
[2025-10-17T07:26:57.908+0000] {processor.py:157} INFO - Started process (PID=1380) to work on /home/airflow/.local/lib/python3.8/site-packages/airflow/example_dags/example_dynamic_task_mapping_with_no_taskflow_operators.py
[2025-10-17T07:26:57.909+0000] {processor.py:829} INFO - Processing file /home/airflow/.local/lib/python3.8/site-packages/airflow/example_dags/example_dynamic_task_mapping_with_no_taskflow_operators.py for tasks to queue
[2025-10-17T07:26:57.911+0000] {logging_mixin.py:154} INFO - [2025-10-17T07:26:57.910+0000] {dagbag.py:536} INFO - Filling up the DagBag from /home/airflow/.local/lib/python3.8/site-packages/airflow/example_dags/example_dynamic_task_mapping_with_no_taskflow_operators.py
[2025-10-17T07:26:57.917+0000] {processor.py:839} INFO - DAG(s) dict_keys(['example_dynamic_task_mapping_with_no_taskflow_operators']) retrieved from /home/airflow/.local/lib/python3.8/site-packages/airflow/example_dags/example_dynamic_task_mapping_with_no_taskflow_operators.py
[2025-10-17T07:26:57.936+0000] {logging_mixin.py:154} INFO - [2025-10-17T07:26:57.936+0000] {dag.py:2941} INFO - Sync 1 DAGs
[2025-10-17T07:26:57.954+0000] {logging_mixin.py:154} INFO - [2025-10-17T07:26:57.954+0000] {dag.py:3722} INFO - Setting next_dagrun for example_dynamic_task_mapping_with_no_taskflow_operators to 2025-10-16T07:26:57.954450+00:00, run_after=2025-10-17T07:26:57.954450+00:00
[2025-10-17T07:26:57.970+0000] {processor.py:179} INFO - Processing /home/airflow/.local/lib/python3.8/site-packages/airflow/example_dags/example_dynamic_task_mapping_with_no_taskflow_operators.py took 0.066 seconds
[2025-10-17T07:27:28.126+0000] {processor.py:157} INFO - Started process (PID=1435) to work on /home/airflow/.local/lib/python3.8/site-packages/airflow/example_dags/example_dynamic_task_mapping_with_no_taskflow_operators.py
[2025-10-17T07:27:28.127+0000] {processor.py:829} INFO - Processing file /home/airflow/.local/lib/python3.8/site-packages/airflow/example_dags/example_dynamic_task_mapping_with_no_taskflow_operators.py for tasks to queue
[2025-10-17T07:27:28.129+0000] {logging_mixin.py:154} INFO - [2025-10-17T07:27:28.129+0000] {dagbag.py:536} INFO - Filling up the DagBag from /home/airflow/.local/lib/python3.8/site-packages/airflow/example_dags/example_dynamic_task_mapping_with_no_taskflow_operators.py
[2025-10-17T07:27:28.136+0000] {processor.py:839} INFO - DAG(s) dict_keys(['example_dynamic_task_mapping_with_no_taskflow_operators']) retrieved from /home/airflow/.local/lib/python3.8/site-packages/airflow/example_dags/example_dynamic_task_mapping_with_no_taskflow_operators.py
[2025-10-17T07:27:28.155+0000] {logging_mixin.py:154} INFO - [2025-10-17T07:27:28.155+0000] {dag.py:2941} INFO - Sync 1 DAGs
[2025-10-17T07:27:28.172+0000] {logging_mixin.py:154} INFO - [2025-10-17T07:27:28.172+0000] {dag.py:3722} INFO - Setting next_dagrun for example_dynamic_task_mapping_with_no_taskflow_operators to 2025-10-16T07:27:28.172518+00:00, run_after=2025-10-17T07:27:28.172518+00:00
[2025-10-17T07:27:28.188+0000] {processor.py:179} INFO - Processing /home/airflow/.local/lib/python3.8/site-packages/airflow/example_dags/example_dynamic_task_mapping_with_no_taskflow_operators.py took 0.066 seconds
[2025-10-17T07:27:58.252+0000] {processor.py:157} INFO - Started process (PID=1490) to work on /home/airflow/.local/lib/python3.8/site-packages/airflow/example_dags/example_dynamic_task_mapping_with_no_taskflow_operators.py
[2025-10-17T07:27:58.253+0000] {processor.py:829} INFO - Processing file /home/airflow/.local/lib/python3.8/site-packages/airflow/example_dags/example_dynamic_task_mapping_with_no_taskflow_operators.py for tasks to queue
[2025-10-17T07:27:58.254+0000] {logging_mixin.py:154} INFO - [2025-10-17T07:27:58.254+0000] {dagbag.py:536} INFO - Filling up the DagBag from /home/airflow/.local/lib/python3.8/site-packages/airflow/example_dags/example_dynamic_task_mapping_with_no_taskflow_operators.py
[2025-10-17T07:27:58.261+0000] {processor.py:839} INFO - DAG(s) dict_keys(['example_dynamic_task_mapping_with_no_taskflow_operators']) retrieved from /home/airflow/.local/lib/python3.8/site-packages/airflow/example_dags/example_dynamic_task_mapping_with_no_taskflow_operators.py
[2025-10-17T07:27:58.280+0000] {logging_mixin.py:154} INFO - [2025-10-17T07:27:58.280+0000] {dag.py:2941} INFO - Sync 1 DAGs
[2025-10-17T07:27:58.298+0000] {logging_mixin.py:154} INFO - [2025-10-17T07:27:58.298+0000] {dag.py:3722} INFO - Setting next_dagrun for example_dynamic_task_mapping_with_no_taskflow_operators to 2025-10-16T07:27:58.297760+00:00, run_after=2025-10-17T07:27:58.297760+00:00
[2025-10-17T07:27:58.315+0000] {processor.py:179} INFO - Processing /home/airflow/.local/lib/python3.8/site-packages/airflow/example_dags/example_dynamic_task_mapping_with_no_taskflow_operators.py took 0.066 seconds
[2025-10-17T07:28:28.579+0000] {processor.py:157} INFO - Started process (PID=1548) to work on /home/airflow/.local/lib/python3.8/site-packages/airflow/example_dags/example_dynamic_task_mapping_with_no_taskflow_operators.py
[2025-10-17T07:28:28.580+0000] {processor.py:829} INFO - Processing file /home/airflow/.local/lib/python3.8/site-packages/airflow/example_dags/example_dynamic_task_mapping_with_no_taskflow_operators.py for tasks to queue
[2025-10-17T07:28:28.581+0000] {logging_mixin.py:154} INFO - [2025-10-17T07:28:28.580+0000] {dagbag.py:536} INFO - Filling up the DagBag from /home/airflow/.local/lib/python3.8/site-packages/airflow/example_dags/example_dynamic_task_mapping_with_no_taskflow_operators.py
[2025-10-17T07:28:28.588+0000] {processor.py:839} INFO - DAG(s) dict_keys(['example_dynamic_task_mapping_with_no_taskflow_operators']) retrieved from /home/airflow/.local/lib/python3.8/site-packages/airflow/example_dags/example_dynamic_task_mapping_with_no_taskflow_operators.py
[2025-10-17T07:28:28.606+0000] {logging_mixin.py:154} INFO - [2025-10-17T07:28:28.606+0000] {dag.py:2941} INFO - Sync 1 DAGs
[2025-10-17T07:28:28.623+0000] {logging_mixin.py:154} INFO - [2025-10-17T07:28:28.623+0000] {dag.py:3722} INFO - Setting next_dagrun for example_dynamic_task_mapping_with_no_taskflow_operators to 2025-10-16T07:28:28.623617+00:00, run_after=2025-10-17T07:28:28.623617+00:00
[2025-10-17T07:28:28.639+0000] {processor.py:179} INFO - Processing /home/airflow/.local/lib/python3.8/site-packages/airflow/example_dags/example_dynamic_task_mapping_with_no_taskflow_operators.py took 0.063 seconds
[2025-10-17T07:28:58.946+0000] {processor.py:157} INFO - Started process (PID=1604) to work on /home/airflow/.local/lib/python3.8/site-packages/airflow/example_dags/example_dynamic_task_mapping_with_no_taskflow_operators.py
[2025-10-17T07:28:58.947+0000] {processor.py:829} INFO - Processing file /home/airflow/.local/lib/python3.8/site-packages/airflow/example_dags/example_dynamic_task_mapping_with_no_taskflow_operators.py for tasks to queue
[2025-10-17T07:28:58.948+0000] {logging_mixin.py:154} INFO - [2025-10-17T07:28:58.947+0000] {dagbag.py:536} INFO - Filling up the DagBag from /home/airflow/.local/lib/python3.8/site-packages/airflow/example_dags/example_dynamic_task_mapping_with_no_taskflow_operators.py
[2025-10-17T07:28:58.955+0000] {processor.py:839} INFO - DAG(s) dict_keys(['example_dynamic_task_mapping_with_no_taskflow_operators']) retrieved from /home/airflow/.local/lib/python3.8/site-packages/airflow/example_dags/example_dynamic_task_mapping_with_no_taskflow_operators.py
[2025-10-17T07:28:58.972+0000] {logging_mixin.py:154} INFO - [2025-10-17T07:28:58.972+0000] {dag.py:2941} INFO - Sync 1 DAGs
[2025-10-17T07:28:58.990+0000] {logging_mixin.py:154} INFO - [2025-10-17T07:28:58.990+0000] {dag.py:3722} INFO - Setting next_dagrun for example_dynamic_task_mapping_with_no_taskflow_operators to 2025-10-16T07:28:58.990244+00:00, run_after=2025-10-17T07:28:58.990244+00:00
[2025-10-17T07:28:59.004+0000] {processor.py:179} INFO - Processing /home/airflow/.local/lib/python3.8/site-packages/airflow/example_dags/example_dynamic_task_mapping_with_no_taskflow_operators.py took 0.062 seconds
[2025-10-17T07:30:22.448+0000] {processor.py:157} INFO - Started process (PID=88) to work on /home/airflow/.local/lib/python3.8/site-packages/airflow/example_dags/example_dynamic_task_mapping_with_no_taskflow_operators.py
[2025-10-17T07:30:22.451+0000] {processor.py:829} INFO - Processing file /home/airflow/.local/lib/python3.8/site-packages/airflow/example_dags/example_dynamic_task_mapping_with_no_taskflow_operators.py for tasks to queue
[2025-10-17T07:30:22.455+0000] {logging_mixin.py:154} INFO - [2025-10-17T07:30:22.454+0000] {dagbag.py:536} INFO - Filling up the DagBag from /home/airflow/.local/lib/python3.8/site-packages/airflow/example_dags/example_dynamic_task_mapping_with_no_taskflow_operators.py
[2025-10-17T07:30:22.475+0000] {processor.py:839} INFO - DAG(s) dict_keys(['example_dynamic_task_mapping_with_no_taskflow_operators']) retrieved from /home/airflow/.local/lib/python3.8/site-packages/airflow/example_dags/example_dynamic_task_mapping_with_no_taskflow_operators.py
[2025-10-17T07:30:22.680+0000] {logging_mixin.py:154} INFO - [2025-10-17T07:30:22.680+0000] {manager.py:499} INFO - Created Permission View: %s
[2025-10-17T07:30:22.709+0000] {logging_mixin.py:154} INFO - [2025-10-17T07:30:22.708+0000] {manager.py:499} INFO - Created Permission View: %s
[2025-10-17T07:30:22.731+0000] {logging_mixin.py:154} INFO - [2025-10-17T07:30:22.731+0000] {manager.py:499} INFO - Created Permission View: %s
[2025-10-17T07:30:22.732+0000] {logging_mixin.py:154} INFO - [2025-10-17T07:30:22.732+0000] {dag.py:2941} INFO - Sync 1 DAGs
[2025-10-17T07:30:22.757+0000] {logging_mixin.py:154} INFO - [2025-10-17T07:30:22.756+0000] {dag.py:2963} INFO - Creating ORM DAG for example_dynamic_task_mapping_with_no_taskflow_operators
[2025-10-17T07:30:22.776+0000] {logging_mixin.py:154} INFO - [2025-10-17T07:30:22.775+0000] {dag.py:3722} INFO - Setting next_dagrun for example_dynamic_task_mapping_with_no_taskflow_operators to 2025-10-16T07:30:22.775422+00:00, run_after=2025-10-17T07:30:22.775422+00:00
[2025-10-17T07:30:22.803+0000] {processor.py:179} INFO - Processing /home/airflow/.local/lib/python3.8/site-packages/airflow/example_dags/example_dynamic_task_mapping_with_no_taskflow_operators.py took 0.362 seconds
[2025-10-17T07:30:53.672+0000] {processor.py:157} INFO - Started process (PID=144) to work on /home/airflow/.local/lib/python3.8/site-packages/airflow/example_dags/example_dynamic_task_mapping_with_no_taskflow_operators.py
[2025-10-17T07:30:53.673+0000] {processor.py:829} INFO - Processing file /home/airflow/.local/lib/python3.8/site-packages/airflow/example_dags/example_dynamic_task_mapping_with_no_taskflow_operators.py for tasks to queue
[2025-10-17T07:30:53.677+0000] {logging_mixin.py:154} INFO - [2025-10-17T07:30:53.676+0000] {dagbag.py:536} INFO - Filling up the DagBag from /home/airflow/.local/lib/python3.8/site-packages/airflow/example_dags/example_dynamic_task_mapping_with_no_taskflow_operators.py
[2025-10-17T07:30:53.686+0000] {processor.py:839} INFO - DAG(s) dict_keys(['example_dynamic_task_mapping_with_no_taskflow_operators']) retrieved from /home/airflow/.local/lib/python3.8/site-packages/airflow/example_dags/example_dynamic_task_mapping_with_no_taskflow_operators.py
[2025-10-17T07:30:53.719+0000] {logging_mixin.py:154} INFO - [2025-10-17T07:30:53.718+0000] {dag.py:2941} INFO - Sync 1 DAGs
[2025-10-17T07:30:53.753+0000] {logging_mixin.py:154} INFO - [2025-10-17T07:30:53.753+0000] {dag.py:3722} INFO - Setting next_dagrun for example_dynamic_task_mapping_with_no_taskflow_operators to 2025-10-16T07:30:53.752783+00:00, run_after=2025-10-17T07:30:53.752783+00:00
[2025-10-17T07:30:53.786+0000] {processor.py:179} INFO - Processing /home/airflow/.local/lib/python3.8/site-packages/airflow/example_dags/example_dynamic_task_mapping_with_no_taskflow_operators.py took 0.120 seconds
[2025-10-17T07:31:24.535+0000] {processor.py:157} INFO - Started process (PID=200) to work on /home/airflow/.local/lib/python3.8/site-packages/airflow/example_dags/example_dynamic_task_mapping_with_no_taskflow_operators.py
[2025-10-17T07:31:24.536+0000] {processor.py:829} INFO - Processing file /home/airflow/.local/lib/python3.8/site-packages/airflow/example_dags/example_dynamic_task_mapping_with_no_taskflow_operators.py for tasks to queue
[2025-10-17T07:31:24.540+0000] {logging_mixin.py:154} INFO - [2025-10-17T07:31:24.539+0000] {dagbag.py:536} INFO - Filling up the DagBag from /home/airflow/.local/lib/python3.8/site-packages/airflow/example_dags/example_dynamic_task_mapping_with_no_taskflow_operators.py
[2025-10-17T07:31:24.549+0000] {processor.py:839} INFO - DAG(s) dict_keys(['example_dynamic_task_mapping_with_no_taskflow_operators']) retrieved from /home/airflow/.local/lib/python3.8/site-packages/airflow/example_dags/example_dynamic_task_mapping_with_no_taskflow_operators.py
[2025-10-17T07:31:24.574+0000] {logging_mixin.py:154} INFO - [2025-10-17T07:31:24.574+0000] {dag.py:2941} INFO - Sync 1 DAGs
[2025-10-17T07:31:24.596+0000] {logging_mixin.py:154} INFO - [2025-10-17T07:31:24.596+0000] {dag.py:3722} INFO - Setting next_dagrun for example_dynamic_task_mapping_with_no_taskflow_operators to 2025-10-16T07:31:24.596138+00:00, run_after=2025-10-17T07:31:24.596138+00:00
[2025-10-17T07:31:24.619+0000] {processor.py:179} INFO - Processing /home/airflow/.local/lib/python3.8/site-packages/airflow/example_dags/example_dynamic_task_mapping_with_no_taskflow_operators.py took 0.092 seconds
[2025-10-17T07:31:54.891+0000] {processor.py:157} INFO - Started process (PID=256) to work on /home/airflow/.local/lib/python3.8/site-packages/airflow/example_dags/example_dynamic_task_mapping_with_no_taskflow_operators.py
[2025-10-17T07:31:54.892+0000] {processor.py:829} INFO - Processing file /home/airflow/.local/lib/python3.8/site-packages/airflow/example_dags/example_dynamic_task_mapping_with_no_taskflow_operators.py for tasks to queue
[2025-10-17T07:31:54.894+0000] {logging_mixin.py:154} INFO - [2025-10-17T07:31:54.894+0000] {dagbag.py:536} INFO - Filling up the DagBag from /home/airflow/.local/lib/python3.8/site-packages/airflow/example_dags/example_dynamic_task_mapping_with_no_taskflow_operators.py
[2025-10-17T07:31:54.900+0000] {processor.py:839} INFO - DAG(s) dict_keys(['example_dynamic_task_mapping_with_no_taskflow_operators']) retrieved from /home/airflow/.local/lib/python3.8/site-packages/airflow/example_dags/example_dynamic_task_mapping_with_no_taskflow_operators.py
[2025-10-17T07:31:54.921+0000] {logging_mixin.py:154} INFO - [2025-10-17T07:31:54.921+0000] {dag.py:2941} INFO - Sync 1 DAGs
[2025-10-17T07:31:54.943+0000] {logging_mixin.py:154} INFO - [2025-10-17T07:31:54.942+0000] {dag.py:3722} INFO - Setting next_dagrun for example_dynamic_task_mapping_with_no_taskflow_operators to 2025-10-16T07:31:54.942718+00:00, run_after=2025-10-17T07:31:54.942718+00:00
[2025-10-17T07:31:54.963+0000] {processor.py:179} INFO - Processing /home/airflow/.local/lib/python3.8/site-packages/airflow/example_dags/example_dynamic_task_mapping_with_no_taskflow_operators.py took 0.076 seconds
[2025-10-17T07:32:25.889+0000] {processor.py:157} INFO - Started process (PID=314) to work on /home/airflow/.local/lib/python3.8/site-packages/airflow/example_dags/example_dynamic_task_mapping_with_no_taskflow_operators.py
[2025-10-17T07:32:25.890+0000] {processor.py:829} INFO - Processing file /home/airflow/.local/lib/python3.8/site-packages/airflow/example_dags/example_dynamic_task_mapping_with_no_taskflow_operators.py for tasks to queue
[2025-10-17T07:32:25.892+0000] {logging_mixin.py:154} INFO - [2025-10-17T07:32:25.892+0000] {dagbag.py:536} INFO - Filling up the DagBag from /home/airflow/.local/lib/python3.8/site-packages/airflow/example_dags/example_dynamic_task_mapping_with_no_taskflow_operators.py
[2025-10-17T07:32:25.898+0000] {processor.py:839} INFO - DAG(s) dict_keys(['example_dynamic_task_mapping_with_no_taskflow_operators']) retrieved from /home/airflow/.local/lib/python3.8/site-packages/airflow/example_dags/example_dynamic_task_mapping_with_no_taskflow_operators.py
[2025-10-17T07:32:25.916+0000] {logging_mixin.py:154} INFO - [2025-10-17T07:32:25.916+0000] {dag.py:2941} INFO - Sync 1 DAGs
[2025-10-17T07:32:25.942+0000] {logging_mixin.py:154} INFO - [2025-10-17T07:32:25.942+0000] {dag.py:3722} INFO - Setting next_dagrun for example_dynamic_task_mapping_with_no_taskflow_operators to 2025-10-16T07:32:25.942054+00:00, run_after=2025-10-17T07:32:25.942054+00:00
[2025-10-17T07:32:25.964+0000] {processor.py:179} INFO - Processing /home/airflow/.local/lib/python3.8/site-packages/airflow/example_dags/example_dynamic_task_mapping_with_no_taskflow_operators.py took 0.078 seconds
[2025-10-17T07:35:44.647+0000] {processor.py:157} INFO - Started process (PID=84) to work on /home/airflow/.local/lib/python3.8/site-packages/airflow/example_dags/example_dynamic_task_mapping_with_no_taskflow_operators.py
[2025-10-17T07:35:44.648+0000] {processor.py:829} INFO - Processing file /home/airflow/.local/lib/python3.8/site-packages/airflow/example_dags/example_dynamic_task_mapping_with_no_taskflow_operators.py for tasks to queue
[2025-10-17T07:35:44.651+0000] {logging_mixin.py:154} INFO - [2025-10-17T07:35:44.651+0000] {dagbag.py:536} INFO - Filling up the DagBag from /home/airflow/.local/lib/python3.8/site-packages/airflow/example_dags/example_dynamic_task_mapping_with_no_taskflow_operators.py
[2025-10-17T07:35:44.662+0000] {processor.py:839} INFO - DAG(s) dict_keys(['example_dynamic_task_mapping_with_no_taskflow_operators']) retrieved from /home/airflow/.local/lib/python3.8/site-packages/airflow/example_dags/example_dynamic_task_mapping_with_no_taskflow_operators.py
[2025-10-17T07:35:44.789+0000] {logging_mixin.py:154} INFO - [2025-10-17T07:35:44.789+0000] {manager.py:499} INFO - Created Permission View: %s
[2025-10-17T07:35:44.804+0000] {logging_mixin.py:154} INFO - [2025-10-17T07:35:44.804+0000] {manager.py:499} INFO - Created Permission View: %s
[2025-10-17T07:35:44.811+0000] {logging_mixin.py:154} INFO - [2025-10-17T07:35:44.811+0000] {manager.py:499} INFO - Created Permission View: %s
[2025-10-17T07:35:44.812+0000] {logging_mixin.py:154} INFO - [2025-10-17T07:35:44.812+0000] {dag.py:2941} INFO - Sync 1 DAGs
[2025-10-17T07:35:44.826+0000] {logging_mixin.py:154} INFO - [2025-10-17T07:35:44.825+0000] {dag.py:2963} INFO - Creating ORM DAG for example_dynamic_task_mapping_with_no_taskflow_operators
[2025-10-17T07:35:44.838+0000] {logging_mixin.py:154} INFO - [2025-10-17T07:35:44.838+0000] {dag.py:3722} INFO - Setting next_dagrun for example_dynamic_task_mapping_with_no_taskflow_operators to 2025-10-16T07:35:44.837678+00:00, run_after=2025-10-17T07:35:44.837678+00:00
[2025-10-17T07:35:44.855+0000] {processor.py:179} INFO - Processing /home/airflow/.local/lib/python3.8/site-packages/airflow/example_dags/example_dynamic_task_mapping_with_no_taskflow_operators.py took 0.212 seconds
[2025-10-17T07:36:15.415+0000] {processor.py:157} INFO - Started process (PID=140) to work on /home/airflow/.local/lib/python3.8/site-packages/airflow/example_dags/example_dynamic_task_mapping_with_no_taskflow_operators.py
[2025-10-17T07:36:15.417+0000] {processor.py:829} INFO - Processing file /home/airflow/.local/lib/python3.8/site-packages/airflow/example_dags/example_dynamic_task_mapping_with_no_taskflow_operators.py for tasks to queue
[2025-10-17T07:36:15.419+0000] {logging_mixin.py:154} INFO - [2025-10-17T07:36:15.419+0000] {dagbag.py:536} INFO - Filling up the DagBag from /home/airflow/.local/lib/python3.8/site-packages/airflow/example_dags/example_dynamic_task_mapping_with_no_taskflow_operators.py
[2025-10-17T07:36:15.426+0000] {processor.py:839} INFO - DAG(s) dict_keys(['example_dynamic_task_mapping_with_no_taskflow_operators']) retrieved from /home/airflow/.local/lib/python3.8/site-packages/airflow/example_dags/example_dynamic_task_mapping_with_no_taskflow_operators.py
[2025-10-17T07:36:15.444+0000] {logging_mixin.py:154} INFO - [2025-10-17T07:36:15.443+0000] {dag.py:2941} INFO - Sync 1 DAGs
[2025-10-17T07:36:15.463+0000] {logging_mixin.py:154} INFO - [2025-10-17T07:36:15.463+0000] {dag.py:3722} INFO - Setting next_dagrun for example_dynamic_task_mapping_with_no_taskflow_operators to 2025-10-16T07:36:15.462823+00:00, run_after=2025-10-17T07:36:15.462823+00:00
[2025-10-17T07:36:15.480+0000] {processor.py:179} INFO - Processing /home/airflow/.local/lib/python3.8/site-packages/airflow/example_dags/example_dynamic_task_mapping_with_no_taskflow_operators.py took 0.068 seconds
[2025-10-17T07:36:45.924+0000] {processor.py:157} INFO - Started process (PID=196) to work on /home/airflow/.local/lib/python3.8/site-packages/airflow/example_dags/example_dynamic_task_mapping_with_no_taskflow_operators.py
[2025-10-17T07:36:45.925+0000] {processor.py:829} INFO - Processing file /home/airflow/.local/lib/python3.8/site-packages/airflow/example_dags/example_dynamic_task_mapping_with_no_taskflow_operators.py for tasks to queue
[2025-10-17T07:36:45.927+0000] {logging_mixin.py:154} INFO - [2025-10-17T07:36:45.927+0000] {dagbag.py:536} INFO - Filling up the DagBag from /home/airflow/.local/lib/python3.8/site-packages/airflow/example_dags/example_dynamic_task_mapping_with_no_taskflow_operators.py
[2025-10-17T07:36:45.934+0000] {processor.py:839} INFO - DAG(s) dict_keys(['example_dynamic_task_mapping_with_no_taskflow_operators']) retrieved from /home/airflow/.local/lib/python3.8/site-packages/airflow/example_dags/example_dynamic_task_mapping_with_no_taskflow_operators.py
[2025-10-17T07:36:45.955+0000] {logging_mixin.py:154} INFO - [2025-10-17T07:36:45.955+0000] {dag.py:2941} INFO - Sync 1 DAGs
[2025-10-17T07:36:45.976+0000] {logging_mixin.py:154} INFO - [2025-10-17T07:36:45.976+0000] {dag.py:3722} INFO - Setting next_dagrun for example_dynamic_task_mapping_with_no_taskflow_operators to 2025-10-16T07:36:45.976076+00:00, run_after=2025-10-17T07:36:45.976076+00:00
[2025-10-17T07:36:45.994+0000] {processor.py:179} INFO - Processing /home/airflow/.local/lib/python3.8/site-packages/airflow/example_dags/example_dynamic_task_mapping_with_no_taskflow_operators.py took 0.073 seconds
[2025-10-17T07:37:16.347+0000] {processor.py:157} INFO - Started process (PID=252) to work on /home/airflow/.local/lib/python3.8/site-packages/airflow/example_dags/example_dynamic_task_mapping_with_no_taskflow_operators.py
[2025-10-17T07:37:16.348+0000] {processor.py:829} INFO - Processing file /home/airflow/.local/lib/python3.8/site-packages/airflow/example_dags/example_dynamic_task_mapping_with_no_taskflow_operators.py for tasks to queue
[2025-10-17T07:37:16.351+0000] {logging_mixin.py:154} INFO - [2025-10-17T07:37:16.350+0000] {dagbag.py:536} INFO - Filling up the DagBag from /home/airflow/.local/lib/python3.8/site-packages/airflow/example_dags/example_dynamic_task_mapping_with_no_taskflow_operators.py
[2025-10-17T07:37:16.357+0000] {processor.py:839} INFO - DAG(s) dict_keys(['example_dynamic_task_mapping_with_no_taskflow_operators']) retrieved from /home/airflow/.local/lib/python3.8/site-packages/airflow/example_dags/example_dynamic_task_mapping_with_no_taskflow_operators.py
[2025-10-17T07:37:16.376+0000] {logging_mixin.py:154} INFO - [2025-10-17T07:37:16.376+0000] {dag.py:2941} INFO - Sync 1 DAGs
[2025-10-17T07:37:16.397+0000] {logging_mixin.py:154} INFO - [2025-10-17T07:37:16.397+0000] {dag.py:3722} INFO - Setting next_dagrun for example_dynamic_task_mapping_with_no_taskflow_operators to 2025-10-16T07:37:16.396759+00:00, run_after=2025-10-17T07:37:16.396759+00:00
[2025-10-17T07:37:16.414+0000] {processor.py:179} INFO - Processing /home/airflow/.local/lib/python3.8/site-packages/airflow/example_dags/example_dynamic_task_mapping_with_no_taskflow_operators.py took 0.070 seconds
[2025-10-17T07:38:46.019+0000] {processor.py:157} INFO - Started process (PID=85) to work on /home/airflow/.local/lib/python3.8/site-packages/airflow/example_dags/example_dynamic_task_mapping_with_no_taskflow_operators.py
[2025-10-17T07:38:46.020+0000] {processor.py:829} INFO - Processing file /home/airflow/.local/lib/python3.8/site-packages/airflow/example_dags/example_dynamic_task_mapping_with_no_taskflow_operators.py for tasks to queue
[2025-10-17T07:38:46.022+0000] {logging_mixin.py:154} INFO - [2025-10-17T07:38:46.022+0000] {dagbag.py:536} INFO - Filling up the DagBag from /home/airflow/.local/lib/python3.8/site-packages/airflow/example_dags/example_dynamic_task_mapping_with_no_taskflow_operators.py
[2025-10-17T07:38:46.033+0000] {processor.py:839} INFO - DAG(s) dict_keys(['example_dynamic_task_mapping_with_no_taskflow_operators']) retrieved from /home/airflow/.local/lib/python3.8/site-packages/airflow/example_dags/example_dynamic_task_mapping_with_no_taskflow_operators.py
[2025-10-17T07:38:46.157+0000] {logging_mixin.py:154} INFO - [2025-10-17T07:38:46.156+0000] {manager.py:499} INFO - Created Permission View: %s
[2025-10-17T07:38:46.171+0000] {logging_mixin.py:154} INFO - [2025-10-17T07:38:46.171+0000] {manager.py:499} INFO - Created Permission View: %s
[2025-10-17T07:38:46.180+0000] {logging_mixin.py:154} INFO - [2025-10-17T07:38:46.180+0000] {manager.py:499} INFO - Created Permission View: %s
[2025-10-17T07:38:46.181+0000] {logging_mixin.py:154} INFO - [2025-10-17T07:38:46.181+0000] {dag.py:2941} INFO - Sync 1 DAGs
[2025-10-17T07:38:46.194+0000] {logging_mixin.py:154} INFO - [2025-10-17T07:38:46.194+0000] {dag.py:2963} INFO - Creating ORM DAG for example_dynamic_task_mapping_with_no_taskflow_operators
[2025-10-17T07:38:46.206+0000] {logging_mixin.py:154} INFO - [2025-10-17T07:38:46.206+0000] {dag.py:3722} INFO - Setting next_dagrun for example_dynamic_task_mapping_with_no_taskflow_operators to 2025-10-16T07:38:46.205998+00:00, run_after=2025-10-17T07:38:46.205998+00:00
[2025-10-17T07:38:46.226+0000] {processor.py:179} INFO - Processing /home/airflow/.local/lib/python3.8/site-packages/airflow/example_dags/example_dynamic_task_mapping_with_no_taskflow_operators.py took 0.211 seconds
[2025-10-17T07:39:16.853+0000] {processor.py:157} INFO - Started process (PID=141) to work on /home/airflow/.local/lib/python3.8/site-packages/airflow/example_dags/example_dynamic_task_mapping_with_no_taskflow_operators.py
[2025-10-17T07:39:16.855+0000] {processor.py:829} INFO - Processing file /home/airflow/.local/lib/python3.8/site-packages/airflow/example_dags/example_dynamic_task_mapping_with_no_taskflow_operators.py for tasks to queue
[2025-10-17T07:39:16.857+0000] {logging_mixin.py:154} INFO - [2025-10-17T07:39:16.857+0000] {dagbag.py:536} INFO - Filling up the DagBag from /home/airflow/.local/lib/python3.8/site-packages/airflow/example_dags/example_dynamic_task_mapping_with_no_taskflow_operators.py
[2025-10-17T07:39:16.863+0000] {processor.py:839} INFO - DAG(s) dict_keys(['example_dynamic_task_mapping_with_no_taskflow_operators']) retrieved from /home/airflow/.local/lib/python3.8/site-packages/airflow/example_dags/example_dynamic_task_mapping_with_no_taskflow_operators.py
[2025-10-17T07:39:16.886+0000] {logging_mixin.py:154} INFO - [2025-10-17T07:39:16.886+0000] {dag.py:2941} INFO - Sync 1 DAGs
[2025-10-17T07:39:16.908+0000] {logging_mixin.py:154} INFO - [2025-10-17T07:39:16.908+0000] {dag.py:3722} INFO - Setting next_dagrun for example_dynamic_task_mapping_with_no_taskflow_operators to 2025-10-16T07:39:16.908006+00:00, run_after=2025-10-17T07:39:16.908006+00:00
[2025-10-17T07:39:16.927+0000] {processor.py:179} INFO - Processing /home/airflow/.local/lib/python3.8/site-packages/airflow/example_dags/example_dynamic_task_mapping_with_no_taskflow_operators.py took 0.077 seconds
[2025-10-17T07:39:47.115+0000] {processor.py:157} INFO - Started process (PID=197) to work on /home/airflow/.local/lib/python3.8/site-packages/airflow/example_dags/example_dynamic_task_mapping_with_no_taskflow_operators.py
[2025-10-17T07:39:47.117+0000] {processor.py:829} INFO - Processing file /home/airflow/.local/lib/python3.8/site-packages/airflow/example_dags/example_dynamic_task_mapping_with_no_taskflow_operators.py for tasks to queue
[2025-10-17T07:39:47.120+0000] {logging_mixin.py:154} INFO - [2025-10-17T07:39:47.119+0000] {dagbag.py:536} INFO - Filling up the DagBag from /home/airflow/.local/lib/python3.8/site-packages/airflow/example_dags/example_dynamic_task_mapping_with_no_taskflow_operators.py
[2025-10-17T07:39:47.127+0000] {processor.py:839} INFO - DAG(s) dict_keys(['example_dynamic_task_mapping_with_no_taskflow_operators']) retrieved from /home/airflow/.local/lib/python3.8/site-packages/airflow/example_dags/example_dynamic_task_mapping_with_no_taskflow_operators.py
[2025-10-17T07:39:47.149+0000] {logging_mixin.py:154} INFO - [2025-10-17T07:39:47.148+0000] {dag.py:2941} INFO - Sync 1 DAGs
[2025-10-17T07:39:47.169+0000] {logging_mixin.py:154} INFO - [2025-10-17T07:39:47.169+0000] {dag.py:3722} INFO - Setting next_dagrun for example_dynamic_task_mapping_with_no_taskflow_operators to 2025-10-16T07:39:47.168947+00:00, run_after=2025-10-17T07:39:47.168947+00:00
[2025-10-17T07:39:47.192+0000] {processor.py:179} INFO - Processing /home/airflow/.local/lib/python3.8/site-packages/airflow/example_dags/example_dynamic_task_mapping_with_no_taskflow_operators.py took 0.080 seconds
[2025-10-17T07:40:17.347+0000] {processor.py:157} INFO - Started process (PID=253) to work on /home/airflow/.local/lib/python3.8/site-packages/airflow/example_dags/example_dynamic_task_mapping_with_no_taskflow_operators.py
[2025-10-17T07:40:17.348+0000] {processor.py:829} INFO - Processing file /home/airflow/.local/lib/python3.8/site-packages/airflow/example_dags/example_dynamic_task_mapping_with_no_taskflow_operators.py for tasks to queue
[2025-10-17T07:40:17.350+0000] {logging_mixin.py:154} INFO - [2025-10-17T07:40:17.350+0000] {dagbag.py:536} INFO - Filling up the DagBag from /home/airflow/.local/lib/python3.8/site-packages/airflow/example_dags/example_dynamic_task_mapping_with_no_taskflow_operators.py
[2025-10-17T07:40:17.356+0000] {processor.py:839} INFO - DAG(s) dict_keys(['example_dynamic_task_mapping_with_no_taskflow_operators']) retrieved from /home/airflow/.local/lib/python3.8/site-packages/airflow/example_dags/example_dynamic_task_mapping_with_no_taskflow_operators.py
[2025-10-17T07:40:17.376+0000] {logging_mixin.py:154} INFO - [2025-10-17T07:40:17.376+0000] {dag.py:2941} INFO - Sync 1 DAGs
[2025-10-17T07:40:17.397+0000] {logging_mixin.py:154} INFO - [2025-10-17T07:40:17.397+0000] {dag.py:3722} INFO - Setting next_dagrun for example_dynamic_task_mapping_with_no_taskflow_operators to 2025-10-16T07:40:17.397360+00:00, run_after=2025-10-17T07:40:17.397360+00:00
[2025-10-17T07:40:17.413+0000] {processor.py:179} INFO - Processing /home/airflow/.local/lib/python3.8/site-packages/airflow/example_dags/example_dynamic_task_mapping_with_no_taskflow_operators.py took 0.069 seconds
[2025-10-17T07:40:47.930+0000] {processor.py:157} INFO - Started process (PID=309) to work on /home/airflow/.local/lib/python3.8/site-packages/airflow/example_dags/example_dynamic_task_mapping_with_no_taskflow_operators.py
[2025-10-17T07:40:47.931+0000] {processor.py:829} INFO - Processing file /home/airflow/.local/lib/python3.8/site-packages/airflow/example_dags/example_dynamic_task_mapping_with_no_taskflow_operators.py for tasks to queue
[2025-10-17T07:40:47.933+0000] {logging_mixin.py:154} INFO - [2025-10-17T07:40:47.932+0000] {dagbag.py:536} INFO - Filling up the DagBag from /home/airflow/.local/lib/python3.8/site-packages/airflow/example_dags/example_dynamic_task_mapping_with_no_taskflow_operators.py
[2025-10-17T07:40:47.939+0000] {processor.py:839} INFO - DAG(s) dict_keys(['example_dynamic_task_mapping_with_no_taskflow_operators']) retrieved from /home/airflow/.local/lib/python3.8/site-packages/airflow/example_dags/example_dynamic_task_mapping_with_no_taskflow_operators.py
[2025-10-17T07:40:47.959+0000] {logging_mixin.py:154} INFO - [2025-10-17T07:40:47.959+0000] {dag.py:2941} INFO - Sync 1 DAGs
[2025-10-17T07:40:47.979+0000] {logging_mixin.py:154} INFO - [2025-10-17T07:40:47.978+0000] {dag.py:3722} INFO - Setting next_dagrun for example_dynamic_task_mapping_with_no_taskflow_operators to 2025-10-16T07:40:47.978622+00:00, run_after=2025-10-17T07:40:47.978622+00:00
[2025-10-17T07:40:47.995+0000] {processor.py:179} INFO - Processing /home/airflow/.local/lib/python3.8/site-packages/airflow/example_dags/example_dynamic_task_mapping_with_no_taskflow_operators.py took 0.068 seconds
[2025-10-17T07:41:18.621+0000] {processor.py:157} INFO - Started process (PID=365) to work on /home/airflow/.local/lib/python3.8/site-packages/airflow/example_dags/example_dynamic_task_mapping_with_no_taskflow_operators.py
[2025-10-17T07:41:18.622+0000] {processor.py:829} INFO - Processing file /home/airflow/.local/lib/python3.8/site-packages/airflow/example_dags/example_dynamic_task_mapping_with_no_taskflow_operators.py for tasks to queue
[2025-10-17T07:41:18.625+0000] {logging_mixin.py:154} INFO - [2025-10-17T07:41:18.625+0000] {dagbag.py:536} INFO - Filling up the DagBag from /home/airflow/.local/lib/python3.8/site-packages/airflow/example_dags/example_dynamic_task_mapping_with_no_taskflow_operators.py
[2025-10-17T07:41:18.632+0000] {processor.py:839} INFO - DAG(s) dict_keys(['example_dynamic_task_mapping_with_no_taskflow_operators']) retrieved from /home/airflow/.local/lib/python3.8/site-packages/airflow/example_dags/example_dynamic_task_mapping_with_no_taskflow_operators.py
[2025-10-17T07:41:18.653+0000] {logging_mixin.py:154} INFO - [2025-10-17T07:41:18.653+0000] {dag.py:2941} INFO - Sync 1 DAGs
[2025-10-17T07:41:18.678+0000] {logging_mixin.py:154} INFO - [2025-10-17T07:41:18.678+0000] {dag.py:3722} INFO - Setting next_dagrun for example_dynamic_task_mapping_with_no_taskflow_operators to 2025-10-16T07:41:18.678127+00:00, run_after=2025-10-17T07:41:18.678127+00:00
[2025-10-17T07:41:18.706+0000] {processor.py:179} INFO - Processing /home/airflow/.local/lib/python3.8/site-packages/airflow/example_dags/example_dynamic_task_mapping_with_no_taskflow_operators.py took 0.088 seconds
[2025-10-17T07:42:29.275+0000] {processor.py:157} INFO - Started process (PID=84) to work on /home/airflow/.local/lib/python3.8/site-packages/airflow/example_dags/example_dynamic_task_mapping_with_no_taskflow_operators.py
[2025-10-17T07:42:29.276+0000] {processor.py:829} INFO - Processing file /home/airflow/.local/lib/python3.8/site-packages/airflow/example_dags/example_dynamic_task_mapping_with_no_taskflow_operators.py for tasks to queue
[2025-10-17T07:42:29.279+0000] {logging_mixin.py:154} INFO - [2025-10-17T07:42:29.278+0000] {dagbag.py:536} INFO - Filling up the DagBag from /home/airflow/.local/lib/python3.8/site-packages/airflow/example_dags/example_dynamic_task_mapping_with_no_taskflow_operators.py
[2025-10-17T07:42:29.289+0000] {processor.py:839} INFO - DAG(s) dict_keys(['example_dynamic_task_mapping_with_no_taskflow_operators']) retrieved from /home/airflow/.local/lib/python3.8/site-packages/airflow/example_dags/example_dynamic_task_mapping_with_no_taskflow_operators.py
[2025-10-17T07:42:29.414+0000] {logging_mixin.py:154} INFO - [2025-10-17T07:42:29.414+0000] {manager.py:499} INFO - Created Permission View: %s
[2025-10-17T07:42:29.432+0000] {logging_mixin.py:154} INFO - [2025-10-17T07:42:29.432+0000] {manager.py:499} INFO - Created Permission View: %s
[2025-10-17T07:42:29.441+0000] {logging_mixin.py:154} INFO - [2025-10-17T07:42:29.441+0000] {manager.py:499} INFO - Created Permission View: %s
[2025-10-17T07:42:29.442+0000] {logging_mixin.py:154} INFO - [2025-10-17T07:42:29.442+0000] {dag.py:2941} INFO - Sync 1 DAGs
[2025-10-17T07:42:29.455+0000] {logging_mixin.py:154} INFO - [2025-10-17T07:42:29.455+0000] {dag.py:2963} INFO - Creating ORM DAG for example_dynamic_task_mapping_with_no_taskflow_operators
[2025-10-17T07:42:29.469+0000] {logging_mixin.py:154} INFO - [2025-10-17T07:42:29.469+0000] {dag.py:3722} INFO - Setting next_dagrun for example_dynamic_task_mapping_with_no_taskflow_operators to 2025-10-16T07:42:29.468716+00:00, run_after=2025-10-17T07:42:29.468716+00:00
[2025-10-17T07:42:29.492+0000] {processor.py:179} INFO - Processing /home/airflow/.local/lib/python3.8/site-packages/airflow/example_dags/example_dynamic_task_mapping_with_no_taskflow_operators.py took 0.221 seconds
[2025-10-17T07:43:00.445+0000] {processor.py:157} INFO - Started process (PID=140) to work on /home/airflow/.local/lib/python3.8/site-packages/airflow/example_dags/example_dynamic_task_mapping_with_no_taskflow_operators.py
[2025-10-17T07:43:00.447+0000] {processor.py:829} INFO - Processing file /home/airflow/.local/lib/python3.8/site-packages/airflow/example_dags/example_dynamic_task_mapping_with_no_taskflow_operators.py for tasks to queue
[2025-10-17T07:43:00.449+0000] {logging_mixin.py:154} INFO - [2025-10-17T07:43:00.449+0000] {dagbag.py:536} INFO - Filling up the DagBag from /home/airflow/.local/lib/python3.8/site-packages/airflow/example_dags/example_dynamic_task_mapping_with_no_taskflow_operators.py
[2025-10-17T07:43:00.456+0000] {processor.py:839} INFO - DAG(s) dict_keys(['example_dynamic_task_mapping_with_no_taskflow_operators']) retrieved from /home/airflow/.local/lib/python3.8/site-packages/airflow/example_dags/example_dynamic_task_mapping_with_no_taskflow_operators.py
[2025-10-17T07:43:00.479+0000] {logging_mixin.py:154} INFO - [2025-10-17T07:43:00.478+0000] {dag.py:2941} INFO - Sync 1 DAGs
[2025-10-17T07:43:00.498+0000] {logging_mixin.py:154} INFO - [2025-10-17T07:43:00.498+0000] {dag.py:3722} INFO - Setting next_dagrun for example_dynamic_task_mapping_with_no_taskflow_operators to 2025-10-16T07:43:00.498429+00:00, run_after=2025-10-17T07:43:00.498429+00:00
[2025-10-17T07:43:00.516+0000] {processor.py:179} INFO - Processing /home/airflow/.local/lib/python3.8/site-packages/airflow/example_dags/example_dynamic_task_mapping_with_no_taskflow_operators.py took 0.074 seconds
[2025-10-17T07:44:26.278+0000] {processor.py:157} INFO - Started process (PID=77) to work on /home/airflow/.local/lib/python3.8/site-packages/airflow/example_dags/example_dynamic_task_mapping_with_no_taskflow_operators.py
[2025-10-17T07:44:26.279+0000] {processor.py:829} INFO - Processing file /home/airflow/.local/lib/python3.8/site-packages/airflow/example_dags/example_dynamic_task_mapping_with_no_taskflow_operators.py for tasks to queue
[2025-10-17T07:44:26.281+0000] {logging_mixin.py:154} INFO - [2025-10-17T07:44:26.281+0000] {dagbag.py:536} INFO - Filling up the DagBag from /home/airflow/.local/lib/python3.8/site-packages/airflow/example_dags/example_dynamic_task_mapping_with_no_taskflow_operators.py
[2025-10-17T07:44:26.291+0000] {processor.py:839} INFO - DAG(s) dict_keys(['example_dynamic_task_mapping_with_no_taskflow_operators']) retrieved from /home/airflow/.local/lib/python3.8/site-packages/airflow/example_dags/example_dynamic_task_mapping_with_no_taskflow_operators.py
[2025-10-17T07:44:26.423+0000] {logging_mixin.py:154} INFO - [2025-10-17T07:44:26.423+0000] {manager.py:499} INFO - Created Permission View: %s
[2025-10-17T07:44:26.439+0000] {logging_mixin.py:154} INFO - [2025-10-17T07:44:26.439+0000] {manager.py:499} INFO - Created Permission View: %s
[2025-10-17T07:44:26.450+0000] {logging_mixin.py:154} INFO - [2025-10-17T07:44:26.450+0000] {manager.py:499} INFO - Created Permission View: %s
[2025-10-17T07:44:26.450+0000] {logging_mixin.py:154} INFO - [2025-10-17T07:44:26.450+0000] {dag.py:2941} INFO - Sync 1 DAGs
[2025-10-17T07:44:26.463+0000] {logging_mixin.py:154} INFO - [2025-10-17T07:44:26.463+0000] {dag.py:2963} INFO - Creating ORM DAG for example_dynamic_task_mapping_with_no_taskflow_operators
[2025-10-17T07:44:26.476+0000] {logging_mixin.py:154} INFO - [2025-10-17T07:44:26.475+0000] {dag.py:3722} INFO - Setting next_dagrun for example_dynamic_task_mapping_with_no_taskflow_operators to 2025-10-16T07:44:26.475600+00:00, run_after=2025-10-17T07:44:26.475600+00:00
[2025-10-17T07:44:26.499+0000] {processor.py:179} INFO - Processing /home/airflow/.local/lib/python3.8/site-packages/airflow/example_dags/example_dynamic_task_mapping_with_no_taskflow_operators.py took 0.225 seconds
[2025-10-17T07:44:36.451+0000] {processor.py:157} INFO - Started process (PID=69) to work on /home/airflow/.local/lib/python3.8/site-packages/airflow/example_dags/example_dynamic_task_mapping_with_no_taskflow_operators.py
[2025-10-17T07:44:36.452+0000] {processor.py:829} INFO - Processing file /home/airflow/.local/lib/python3.8/site-packages/airflow/example_dags/example_dynamic_task_mapping_with_no_taskflow_operators.py for tasks to queue
[2025-10-17T07:44:36.454+0000] {logging_mixin.py:154} INFO - [2025-10-17T07:44:36.454+0000] {dagbag.py:536} INFO - Filling up the DagBag from /home/airflow/.local/lib/python3.8/site-packages/airflow/example_dags/example_dynamic_task_mapping_with_no_taskflow_operators.py
[2025-10-17T07:44:36.465+0000] {processor.py:839} INFO - DAG(s) dict_keys(['example_dynamic_task_mapping_with_no_taskflow_operators']) retrieved from /home/airflow/.local/lib/python3.8/site-packages/airflow/example_dags/example_dynamic_task_mapping_with_no_taskflow_operators.py
[2025-10-17T07:44:36.477+0000] {logging_mixin.py:154} INFO - [2025-10-17T07:44:36.476+0000] {dag.py:2941} INFO - Sync 1 DAGs
[2025-10-17T07:44:36.497+0000] {logging_mixin.py:154} INFO - [2025-10-17T07:44:36.497+0000] {dag.py:3722} INFO - Setting next_dagrun for example_dynamic_task_mapping_with_no_taskflow_operators to 2025-10-16T07:44:36.496908+00:00, run_after=2025-10-17T07:44:36.496908+00:00
[2025-10-17T07:44:36.514+0000] {processor.py:179} INFO - Processing /home/airflow/.local/lib/python3.8/site-packages/airflow/example_dags/example_dynamic_task_mapping_with_no_taskflow_operators.py took 0.067 seconds
[2025-10-17T07:45:06.972+0000] {processor.py:157} INFO - Started process (PID=125) to work on /home/airflow/.local/lib/python3.8/site-packages/airflow/example_dags/example_dynamic_task_mapping_with_no_taskflow_operators.py
[2025-10-17T07:45:06.973+0000] {processor.py:829} INFO - Processing file /home/airflow/.local/lib/python3.8/site-packages/airflow/example_dags/example_dynamic_task_mapping_with_no_taskflow_operators.py for tasks to queue
[2025-10-17T07:45:06.975+0000] {logging_mixin.py:154} INFO - [2025-10-17T07:45:06.975+0000] {dagbag.py:536} INFO - Filling up the DagBag from /home/airflow/.local/lib/python3.8/site-packages/airflow/example_dags/example_dynamic_task_mapping_with_no_taskflow_operators.py
[2025-10-17T07:45:06.983+0000] {processor.py:839} INFO - DAG(s) dict_keys(['example_dynamic_task_mapping_with_no_taskflow_operators']) retrieved from /home/airflow/.local/lib/python3.8/site-packages/airflow/example_dags/example_dynamic_task_mapping_with_no_taskflow_operators.py
[2025-10-17T07:45:07.003+0000] {logging_mixin.py:154} INFO - [2025-10-17T07:45:07.003+0000] {dag.py:2941} INFO - Sync 1 DAGs
[2025-10-17T07:45:07.021+0000] {logging_mixin.py:154} INFO - [2025-10-17T07:45:07.021+0000] {dag.py:3722} INFO - Setting next_dagrun for example_dynamic_task_mapping_with_no_taskflow_operators to 2025-10-16T07:45:07.021056+00:00, run_after=2025-10-17T07:45:07.021056+00:00
[2025-10-17T07:45:07.036+0000] {processor.py:179} INFO - Processing /home/airflow/.local/lib/python3.8/site-packages/airflow/example_dags/example_dynamic_task_mapping_with_no_taskflow_operators.py took 0.067 seconds
[2025-10-17T07:46:21.035+0000] {processor.py:157} INFO - Started process (PID=77) to work on /home/airflow/.local/lib/python3.8/site-packages/airflow/example_dags/example_dynamic_task_mapping_with_no_taskflow_operators.py
[2025-10-17T07:46:21.036+0000] {processor.py:829} INFO - Processing file /home/airflow/.local/lib/python3.8/site-packages/airflow/example_dags/example_dynamic_task_mapping_with_no_taskflow_operators.py for tasks to queue
[2025-10-17T07:46:21.039+0000] {logging_mixin.py:154} INFO - [2025-10-17T07:46:21.038+0000] {dagbag.py:536} INFO - Filling up the DagBag from /home/airflow/.local/lib/python3.8/site-packages/airflow/example_dags/example_dynamic_task_mapping_with_no_taskflow_operators.py
[2025-10-17T07:46:21.048+0000] {processor.py:839} INFO - DAG(s) dict_keys(['example_dynamic_task_mapping_with_no_taskflow_operators']) retrieved from /home/airflow/.local/lib/python3.8/site-packages/airflow/example_dags/example_dynamic_task_mapping_with_no_taskflow_operators.py
[2025-10-17T07:46:21.148+0000] {logging_mixin.py:154} INFO - [2025-10-17T07:46:21.148+0000] {manager.py:499} INFO - Created Permission View: %s
[2025-10-17T07:46:21.163+0000] {logging_mixin.py:154} INFO - [2025-10-17T07:46:21.162+0000] {manager.py:499} INFO - Created Permission View: %s
[2025-10-17T07:46:21.173+0000] {logging_mixin.py:154} INFO - [2025-10-17T07:46:21.173+0000] {manager.py:499} INFO - Created Permission View: %s
[2025-10-17T07:46:21.173+0000] {logging_mixin.py:154} INFO - [2025-10-17T07:46:21.173+0000] {dag.py:2941} INFO - Sync 1 DAGs
[2025-10-17T07:46:21.186+0000] {logging_mixin.py:154} INFO - [2025-10-17T07:46:21.185+0000] {dag.py:2963} INFO - Creating ORM DAG for example_dynamic_task_mapping_with_no_taskflow_operators
[2025-10-17T07:46:21.199+0000] {logging_mixin.py:154} INFO - [2025-10-17T07:46:21.199+0000] {dag.py:3722} INFO - Setting next_dagrun for example_dynamic_task_mapping_with_no_taskflow_operators to 2025-10-16T07:46:21.198832+00:00, run_after=2025-10-17T07:46:21.198832+00:00
[2025-10-17T07:46:21.222+0000] {processor.py:179} INFO - Processing /home/airflow/.local/lib/python3.8/site-packages/airflow/example_dags/example_dynamic_task_mapping_with_no_taskflow_operators.py took 0.190 seconds
[2025-10-17T07:46:51.792+0000] {processor.py:157} INFO - Started process (PID=140) to work on /home/airflow/.local/lib/python3.8/site-packages/airflow/example_dags/example_dynamic_task_mapping_with_no_taskflow_operators.py
[2025-10-17T07:46:51.793+0000] {processor.py:829} INFO - Processing file /home/airflow/.local/lib/python3.8/site-packages/airflow/example_dags/example_dynamic_task_mapping_with_no_taskflow_operators.py for tasks to queue
[2025-10-17T07:46:51.795+0000] {logging_mixin.py:154} INFO - [2025-10-17T07:46:51.795+0000] {dagbag.py:536} INFO - Filling up the DagBag from /home/airflow/.local/lib/python3.8/site-packages/airflow/example_dags/example_dynamic_task_mapping_with_no_taskflow_operators.py
[2025-10-17T07:46:51.801+0000] {processor.py:839} INFO - DAG(s) dict_keys(['example_dynamic_task_mapping_with_no_taskflow_operators']) retrieved from /home/airflow/.local/lib/python3.8/site-packages/airflow/example_dags/example_dynamic_task_mapping_with_no_taskflow_operators.py
[2025-10-17T07:46:51.820+0000] {logging_mixin.py:154} INFO - [2025-10-17T07:46:51.819+0000] {dag.py:2941} INFO - Sync 1 DAGs
[2025-10-17T07:46:51.838+0000] {logging_mixin.py:154} INFO - [2025-10-17T07:46:51.838+0000] {dag.py:3722} INFO - Setting next_dagrun for example_dynamic_task_mapping_with_no_taskflow_operators to 2025-10-16T07:46:51.837990+00:00, run_after=2025-10-17T07:46:51.837990+00:00
[2025-10-17T07:46:51.854+0000] {processor.py:179} INFO - Processing /home/airflow/.local/lib/python3.8/site-packages/airflow/example_dags/example_dynamic_task_mapping_with_no_taskflow_operators.py took 0.065 seconds
[2025-10-17T07:47:22.802+0000] {processor.py:157} INFO - Started process (PID=196) to work on /home/airflow/.local/lib/python3.8/site-packages/airflow/example_dags/example_dynamic_task_mapping_with_no_taskflow_operators.py
[2025-10-17T07:47:22.804+0000] {processor.py:829} INFO - Processing file /home/airflow/.local/lib/python3.8/site-packages/airflow/example_dags/example_dynamic_task_mapping_with_no_taskflow_operators.py for tasks to queue
[2025-10-17T07:47:22.807+0000] {logging_mixin.py:154} INFO - [2025-10-17T07:47:22.806+0000] {dagbag.py:536} INFO - Filling up the DagBag from /home/airflow/.local/lib/python3.8/site-packages/airflow/example_dags/example_dynamic_task_mapping_with_no_taskflow_operators.py
[2025-10-17T07:47:22.816+0000] {processor.py:839} INFO - DAG(s) dict_keys(['example_dynamic_task_mapping_with_no_taskflow_operators']) retrieved from /home/airflow/.local/lib/python3.8/site-packages/airflow/example_dags/example_dynamic_task_mapping_with_no_taskflow_operators.py
[2025-10-17T07:47:22.839+0000] {logging_mixin.py:154} INFO - [2025-10-17T07:47:22.839+0000] {dag.py:2941} INFO - Sync 1 DAGs
[2025-10-17T07:47:22.862+0000] {logging_mixin.py:154} INFO - [2025-10-17T07:47:22.862+0000] {dag.py:3722} INFO - Setting next_dagrun for example_dynamic_task_mapping_with_no_taskflow_operators to 2025-10-16T07:47:22.862201+00:00, run_after=2025-10-17T07:47:22.862201+00:00
[2025-10-17T07:47:22.881+0000] {processor.py:179} INFO - Processing /home/airflow/.local/lib/python3.8/site-packages/airflow/example_dags/example_dynamic_task_mapping_with_no_taskflow_operators.py took 0.085 seconds
[2025-10-17T07:47:53.310+0000] {processor.py:157} INFO - Started process (PID=252) to work on /home/airflow/.local/lib/python3.8/site-packages/airflow/example_dags/example_dynamic_task_mapping_with_no_taskflow_operators.py
[2025-10-17T07:47:53.311+0000] {processor.py:829} INFO - Processing file /home/airflow/.local/lib/python3.8/site-packages/airflow/example_dags/example_dynamic_task_mapping_with_no_taskflow_operators.py for tasks to queue
[2025-10-17T07:47:53.313+0000] {logging_mixin.py:154} INFO - [2025-10-17T07:47:53.313+0000] {dagbag.py:536} INFO - Filling up the DagBag from /home/airflow/.local/lib/python3.8/site-packages/airflow/example_dags/example_dynamic_task_mapping_with_no_taskflow_operators.py
[2025-10-17T07:47:53.319+0000] {processor.py:839} INFO - DAG(s) dict_keys(['example_dynamic_task_mapping_with_no_taskflow_operators']) retrieved from /home/airflow/.local/lib/python3.8/site-packages/airflow/example_dags/example_dynamic_task_mapping_with_no_taskflow_operators.py
[2025-10-17T07:47:53.338+0000] {logging_mixin.py:154} INFO - [2025-10-17T07:47:53.338+0000] {dag.py:2941} INFO - Sync 1 DAGs
[2025-10-17T07:47:53.358+0000] {logging_mixin.py:154} INFO - [2025-10-17T07:47:53.358+0000] {dag.py:3722} INFO - Setting next_dagrun for example_dynamic_task_mapping_with_no_taskflow_operators to 2025-10-16T07:47:53.358116+00:00, run_after=2025-10-17T07:47:53.358116+00:00
[2025-10-17T07:47:53.374+0000] {processor.py:179} INFO - Processing /home/airflow/.local/lib/python3.8/site-packages/airflow/example_dags/example_dynamic_task_mapping_with_no_taskflow_operators.py took 0.068 seconds
[2025-10-17T07:48:23.831+0000] {processor.py:157} INFO - Started process (PID=308) to work on /home/airflow/.local/lib/python3.8/site-packages/airflow/example_dags/example_dynamic_task_mapping_with_no_taskflow_operators.py
[2025-10-17T07:48:23.832+0000] {processor.py:829} INFO - Processing file /home/airflow/.local/lib/python3.8/site-packages/airflow/example_dags/example_dynamic_task_mapping_with_no_taskflow_operators.py for tasks to queue
[2025-10-17T07:48:23.834+0000] {logging_mixin.py:154} INFO - [2025-10-17T07:48:23.834+0000] {dagbag.py:536} INFO - Filling up the DagBag from /home/airflow/.local/lib/python3.8/site-packages/airflow/example_dags/example_dynamic_task_mapping_with_no_taskflow_operators.py
[2025-10-17T07:48:23.841+0000] {processor.py:839} INFO - DAG(s) dict_keys(['example_dynamic_task_mapping_with_no_taskflow_operators']) retrieved from /home/airflow/.local/lib/python3.8/site-packages/airflow/example_dags/example_dynamic_task_mapping_with_no_taskflow_operators.py
[2025-10-17T07:48:23.859+0000] {logging_mixin.py:154} INFO - [2025-10-17T07:48:23.859+0000] {dag.py:2941} INFO - Sync 1 DAGs
[2025-10-17T07:48:23.877+0000] {logging_mixin.py:154} INFO - [2025-10-17T07:48:23.877+0000] {dag.py:3722} INFO - Setting next_dagrun for example_dynamic_task_mapping_with_no_taskflow_operators to 2025-10-16T07:48:23.877361+00:00, run_after=2025-10-17T07:48:23.877361+00:00
[2025-10-17T07:48:23.895+0000] {processor.py:179} INFO - Processing /home/airflow/.local/lib/python3.8/site-packages/airflow/example_dags/example_dynamic_task_mapping_with_no_taskflow_operators.py took 0.067 seconds
[2025-10-17T07:48:54.742+0000] {processor.py:157} INFO - Started process (PID=364) to work on /home/airflow/.local/lib/python3.8/site-packages/airflow/example_dags/example_dynamic_task_mapping_with_no_taskflow_operators.py
[2025-10-17T07:48:54.743+0000] {processor.py:829} INFO - Processing file /home/airflow/.local/lib/python3.8/site-packages/airflow/example_dags/example_dynamic_task_mapping_with_no_taskflow_operators.py for tasks to queue
[2025-10-17T07:48:54.745+0000] {logging_mixin.py:154} INFO - [2025-10-17T07:48:54.745+0000] {dagbag.py:536} INFO - Filling up the DagBag from /home/airflow/.local/lib/python3.8/site-packages/airflow/example_dags/example_dynamic_task_mapping_with_no_taskflow_operators.py
[2025-10-17T07:48:54.751+0000] {processor.py:839} INFO - DAG(s) dict_keys(['example_dynamic_task_mapping_with_no_taskflow_operators']) retrieved from /home/airflow/.local/lib/python3.8/site-packages/airflow/example_dags/example_dynamic_task_mapping_with_no_taskflow_operators.py
[2025-10-17T07:48:54.770+0000] {logging_mixin.py:154} INFO - [2025-10-17T07:48:54.770+0000] {dag.py:2941} INFO - Sync 1 DAGs
[2025-10-17T07:48:54.788+0000] {logging_mixin.py:154} INFO - [2025-10-17T07:48:54.788+0000] {dag.py:3722} INFO - Setting next_dagrun for example_dynamic_task_mapping_with_no_taskflow_operators to 2025-10-16T07:48:54.788317+00:00, run_after=2025-10-17T07:48:54.788317+00:00
[2025-10-17T07:48:54.804+0000] {processor.py:179} INFO - Processing /home/airflow/.local/lib/python3.8/site-packages/airflow/example_dags/example_dynamic_task_mapping_with_no_taskflow_operators.py took 0.065 seconds
[2025-10-17T07:49:25.255+0000] {processor.py:157} INFO - Started process (PID=420) to work on /home/airflow/.local/lib/python3.8/site-packages/airflow/example_dags/example_dynamic_task_mapping_with_no_taskflow_operators.py
[2025-10-17T07:49:25.256+0000] {processor.py:829} INFO - Processing file /home/airflow/.local/lib/python3.8/site-packages/airflow/example_dags/example_dynamic_task_mapping_with_no_taskflow_operators.py for tasks to queue
[2025-10-17T07:49:25.258+0000] {logging_mixin.py:154} INFO - [2025-10-17T07:49:25.258+0000] {dagbag.py:536} INFO - Filling up the DagBag from /home/airflow/.local/lib/python3.8/site-packages/airflow/example_dags/example_dynamic_task_mapping_with_no_taskflow_operators.py
[2025-10-17T07:49:25.264+0000] {processor.py:839} INFO - DAG(s) dict_keys(['example_dynamic_task_mapping_with_no_taskflow_operators']) retrieved from /home/airflow/.local/lib/python3.8/site-packages/airflow/example_dags/example_dynamic_task_mapping_with_no_taskflow_operators.py
[2025-10-17T07:49:25.283+0000] {logging_mixin.py:154} INFO - [2025-10-17T07:49:25.283+0000] {dag.py:2941} INFO - Sync 1 DAGs
[2025-10-17T07:49:25.301+0000] {logging_mixin.py:154} INFO - [2025-10-17T07:49:25.300+0000] {dag.py:3722} INFO - Setting next_dagrun for example_dynamic_task_mapping_with_no_taskflow_operators to 2025-10-16T07:49:25.300763+00:00, run_after=2025-10-17T07:49:25.300763+00:00
[2025-10-17T07:49:25.317+0000] {processor.py:179} INFO - Processing /home/airflow/.local/lib/python3.8/site-packages/airflow/example_dags/example_dynamic_task_mapping_with_no_taskflow_operators.py took 0.065 seconds
[2025-10-17T07:49:56.002+0000] {processor.py:157} INFO - Started process (PID=476) to work on /home/airflow/.local/lib/python3.8/site-packages/airflow/example_dags/example_dynamic_task_mapping_with_no_taskflow_operators.py
[2025-10-17T07:49:56.004+0000] {processor.py:829} INFO - Processing file /home/airflow/.local/lib/python3.8/site-packages/airflow/example_dags/example_dynamic_task_mapping_with_no_taskflow_operators.py for tasks to queue
[2025-10-17T07:49:56.006+0000] {logging_mixin.py:154} INFO - [2025-10-17T07:49:56.006+0000] {dagbag.py:536} INFO - Filling up the DagBag from /home/airflow/.local/lib/python3.8/site-packages/airflow/example_dags/example_dynamic_task_mapping_with_no_taskflow_operators.py
[2025-10-17T07:49:56.014+0000] {processor.py:839} INFO - DAG(s) dict_keys(['example_dynamic_task_mapping_with_no_taskflow_operators']) retrieved from /home/airflow/.local/lib/python3.8/site-packages/airflow/example_dags/example_dynamic_task_mapping_with_no_taskflow_operators.py
[2025-10-17T07:49:56.032+0000] {logging_mixin.py:154} INFO - [2025-10-17T07:49:56.032+0000] {dag.py:2941} INFO - Sync 1 DAGs
[2025-10-17T07:49:56.050+0000] {logging_mixin.py:154} INFO - [2025-10-17T07:49:56.049+0000] {dag.py:3722} INFO - Setting next_dagrun for example_dynamic_task_mapping_with_no_taskflow_operators to 2025-10-16T07:49:56.049768+00:00, run_after=2025-10-17T07:49:56.049768+00:00
[2025-10-17T07:49:56.067+0000] {processor.py:179} INFO - Processing /home/airflow/.local/lib/python3.8/site-packages/airflow/example_dags/example_dynamic_task_mapping_with_no_taskflow_operators.py took 0.069 seconds
[2025-10-17T07:50:26.185+0000] {processor.py:157} INFO - Started process (PID=532) to work on /home/airflow/.local/lib/python3.8/site-packages/airflow/example_dags/example_dynamic_task_mapping_with_no_taskflow_operators.py
[2025-10-17T07:50:26.186+0000] {processor.py:829} INFO - Processing file /home/airflow/.local/lib/python3.8/site-packages/airflow/example_dags/example_dynamic_task_mapping_with_no_taskflow_operators.py for tasks to queue
[2025-10-17T07:50:26.189+0000] {logging_mixin.py:154} INFO - [2025-10-17T07:50:26.188+0000] {dagbag.py:536} INFO - Filling up the DagBag from /home/airflow/.local/lib/python3.8/site-packages/airflow/example_dags/example_dynamic_task_mapping_with_no_taskflow_operators.py
[2025-10-17T07:50:26.196+0000] {processor.py:839} INFO - DAG(s) dict_keys(['example_dynamic_task_mapping_with_no_taskflow_operators']) retrieved from /home/airflow/.local/lib/python3.8/site-packages/airflow/example_dags/example_dynamic_task_mapping_with_no_taskflow_operators.py
[2025-10-17T07:50:26.215+0000] {logging_mixin.py:154} INFO - [2025-10-17T07:50:26.215+0000] {dag.py:2941} INFO - Sync 1 DAGs
[2025-10-17T07:50:26.235+0000] {logging_mixin.py:154} INFO - [2025-10-17T07:50:26.235+0000] {dag.py:3722} INFO - Setting next_dagrun for example_dynamic_task_mapping_with_no_taskflow_operators to 2025-10-16T07:50:26.234813+00:00, run_after=2025-10-17T07:50:26.234813+00:00
[2025-10-17T07:50:26.253+0000] {processor.py:179} INFO - Processing /home/airflow/.local/lib/python3.8/site-packages/airflow/example_dags/example_dynamic_task_mapping_with_no_taskflow_operators.py took 0.071 seconds
[2025-10-17T07:50:57.079+0000] {processor.py:157} INFO - Started process (PID=588) to work on /home/airflow/.local/lib/python3.8/site-packages/airflow/example_dags/example_dynamic_task_mapping_with_no_taskflow_operators.py
[2025-10-17T07:50:57.081+0000] {processor.py:829} INFO - Processing file /home/airflow/.local/lib/python3.8/site-packages/airflow/example_dags/example_dynamic_task_mapping_with_no_taskflow_operators.py for tasks to queue
[2025-10-17T07:50:57.083+0000] {logging_mixin.py:154} INFO - [2025-10-17T07:50:57.082+0000] {dagbag.py:536} INFO - Filling up the DagBag from /home/airflow/.local/lib/python3.8/site-packages/airflow/example_dags/example_dynamic_task_mapping_with_no_taskflow_operators.py
[2025-10-17T07:50:57.089+0000] {processor.py:839} INFO - DAG(s) dict_keys(['example_dynamic_task_mapping_with_no_taskflow_operators']) retrieved from /home/airflow/.local/lib/python3.8/site-packages/airflow/example_dags/example_dynamic_task_mapping_with_no_taskflow_operators.py
[2025-10-17T07:50:57.107+0000] {logging_mixin.py:154} INFO - [2025-10-17T07:50:57.107+0000] {dag.py:2941} INFO - Sync 1 DAGs
[2025-10-17T07:50:57.125+0000] {logging_mixin.py:154} INFO - [2025-10-17T07:50:57.125+0000] {dag.py:3722} INFO - Setting next_dagrun for example_dynamic_task_mapping_with_no_taskflow_operators to 2025-10-16T07:50:57.124798+00:00, run_after=2025-10-17T07:50:57.124798+00:00
[2025-10-17T07:50:57.141+0000] {processor.py:179} INFO - Processing /home/airflow/.local/lib/python3.8/site-packages/airflow/example_dags/example_dynamic_task_mapping_with_no_taskflow_operators.py took 0.065 seconds
[2025-10-17T07:51:27.686+0000] {processor.py:157} INFO - Started process (PID=644) to work on /home/airflow/.local/lib/python3.8/site-packages/airflow/example_dags/example_dynamic_task_mapping_with_no_taskflow_operators.py
[2025-10-17T07:51:27.687+0000] {processor.py:829} INFO - Processing file /home/airflow/.local/lib/python3.8/site-packages/airflow/example_dags/example_dynamic_task_mapping_with_no_taskflow_operators.py for tasks to queue
[2025-10-17T07:51:27.689+0000] {logging_mixin.py:154} INFO - [2025-10-17T07:51:27.689+0000] {dagbag.py:536} INFO - Filling up the DagBag from /home/airflow/.local/lib/python3.8/site-packages/airflow/example_dags/example_dynamic_task_mapping_with_no_taskflow_operators.py
[2025-10-17T07:51:27.696+0000] {processor.py:839} INFO - DAG(s) dict_keys(['example_dynamic_task_mapping_with_no_taskflow_operators']) retrieved from /home/airflow/.local/lib/python3.8/site-packages/airflow/example_dags/example_dynamic_task_mapping_with_no_taskflow_operators.py
[2025-10-17T07:51:27.720+0000] {logging_mixin.py:154} INFO - [2025-10-17T07:51:27.720+0000] {dag.py:2941} INFO - Sync 1 DAGs
[2025-10-17T07:51:27.741+0000] {logging_mixin.py:154} INFO - [2025-10-17T07:51:27.741+0000] {dag.py:3722} INFO - Setting next_dagrun for example_dynamic_task_mapping_with_no_taskflow_operators to 2025-10-16T07:51:27.741089+00:00, run_after=2025-10-17T07:51:27.741089+00:00
[2025-10-17T07:51:27.758+0000] {processor.py:179} INFO - Processing /home/airflow/.local/lib/python3.8/site-packages/airflow/example_dags/example_dynamic_task_mapping_with_no_taskflow_operators.py took 0.076 seconds
[2025-10-17T07:51:58.319+0000] {processor.py:157} INFO - Started process (PID=700) to work on /home/airflow/.local/lib/python3.8/site-packages/airflow/example_dags/example_dynamic_task_mapping_with_no_taskflow_operators.py
[2025-10-17T07:51:58.320+0000] {processor.py:829} INFO - Processing file /home/airflow/.local/lib/python3.8/site-packages/airflow/example_dags/example_dynamic_task_mapping_with_no_taskflow_operators.py for tasks to queue
[2025-10-17T07:51:58.322+0000] {logging_mixin.py:154} INFO - [2025-10-17T07:51:58.322+0000] {dagbag.py:536} INFO - Filling up the DagBag from /home/airflow/.local/lib/python3.8/site-packages/airflow/example_dags/example_dynamic_task_mapping_with_no_taskflow_operators.py
[2025-10-17T07:51:58.328+0000] {processor.py:839} INFO - DAG(s) dict_keys(['example_dynamic_task_mapping_with_no_taskflow_operators']) retrieved from /home/airflow/.local/lib/python3.8/site-packages/airflow/example_dags/example_dynamic_task_mapping_with_no_taskflow_operators.py
[2025-10-17T07:51:58.345+0000] {logging_mixin.py:154} INFO - [2025-10-17T07:51:58.345+0000] {dag.py:2941} INFO - Sync 1 DAGs
[2025-10-17T07:51:58.362+0000] {logging_mixin.py:154} INFO - [2025-10-17T07:51:58.362+0000] {dag.py:3722} INFO - Setting next_dagrun for example_dynamic_task_mapping_with_no_taskflow_operators to 2025-10-16T07:51:58.362510+00:00, run_after=2025-10-17T07:51:58.362510+00:00
[2025-10-17T07:51:58.378+0000] {processor.py:179} INFO - Processing /home/airflow/.local/lib/python3.8/site-packages/airflow/example_dags/example_dynamic_task_mapping_with_no_taskflow_operators.py took 0.063 seconds
[2025-10-17T08:08:54.081+0000] {processor.py:157} INFO - Started process (PID=85) to work on /home/airflow/.local/lib/python3.8/site-packages/airflow/example_dags/example_dynamic_task_mapping_with_no_taskflow_operators.py
[2025-10-17T08:08:54.082+0000] {processor.py:829} INFO - Processing file /home/airflow/.local/lib/python3.8/site-packages/airflow/example_dags/example_dynamic_task_mapping_with_no_taskflow_operators.py for tasks to queue
[2025-10-17T08:08:54.085+0000] {logging_mixin.py:154} INFO - [2025-10-17T08:08:54.084+0000] {dagbag.py:536} INFO - Filling up the DagBag from /home/airflow/.local/lib/python3.8/site-packages/airflow/example_dags/example_dynamic_task_mapping_with_no_taskflow_operators.py
[2025-10-17T08:08:54.094+0000] {processor.py:839} INFO - DAG(s) dict_keys(['example_dynamic_task_mapping_with_no_taskflow_operators']) retrieved from /home/airflow/.local/lib/python3.8/site-packages/airflow/example_dags/example_dynamic_task_mapping_with_no_taskflow_operators.py
[2025-10-17T08:08:54.224+0000] {logging_mixin.py:154} INFO - [2025-10-17T08:08:54.223+0000] {manager.py:499} INFO - Created Permission View: %s
[2025-10-17T08:08:54.239+0000] {logging_mixin.py:154} INFO - [2025-10-17T08:08:54.239+0000] {manager.py:499} INFO - Created Permission View: %s
[2025-10-17T08:08:54.248+0000] {logging_mixin.py:154} INFO - [2025-10-17T08:08:54.248+0000] {manager.py:499} INFO - Created Permission View: %s
[2025-10-17T08:08:54.248+0000] {logging_mixin.py:154} INFO - [2025-10-17T08:08:54.248+0000] {dag.py:2941} INFO - Sync 1 DAGs
[2025-10-17T08:08:54.261+0000] {logging_mixin.py:154} INFO - [2025-10-17T08:08:54.260+0000] {dag.py:2963} INFO - Creating ORM DAG for example_dynamic_task_mapping_with_no_taskflow_operators
[2025-10-17T08:08:54.272+0000] {logging_mixin.py:154} INFO - [2025-10-17T08:08:54.272+0000] {dag.py:3722} INFO - Setting next_dagrun for example_dynamic_task_mapping_with_no_taskflow_operators to 2025-10-16T08:08:54.271800+00:00, run_after=2025-10-17T08:08:54.271800+00:00
[2025-10-17T08:08:54.289+0000] {processor.py:179} INFO - Processing /home/airflow/.local/lib/python3.8/site-packages/airflow/example_dags/example_dynamic_task_mapping_with_no_taskflow_operators.py took 0.212 seconds
[2025-10-17T08:09:25.014+0000] {processor.py:157} INFO - Started process (PID=141) to work on /home/airflow/.local/lib/python3.8/site-packages/airflow/example_dags/example_dynamic_task_mapping_with_no_taskflow_operators.py
[2025-10-17T08:09:25.015+0000] {processor.py:829} INFO - Processing file /home/airflow/.local/lib/python3.8/site-packages/airflow/example_dags/example_dynamic_task_mapping_with_no_taskflow_operators.py for tasks to queue
[2025-10-17T08:09:25.017+0000] {logging_mixin.py:154} INFO - [2025-10-17T08:09:25.017+0000] {dagbag.py:536} INFO - Filling up the DagBag from /home/airflow/.local/lib/python3.8/site-packages/airflow/example_dags/example_dynamic_task_mapping_with_no_taskflow_operators.py
[2025-10-17T08:09:25.024+0000] {processor.py:839} INFO - DAG(s) dict_keys(['example_dynamic_task_mapping_with_no_taskflow_operators']) retrieved from /home/airflow/.local/lib/python3.8/site-packages/airflow/example_dags/example_dynamic_task_mapping_with_no_taskflow_operators.py
[2025-10-17T08:09:25.049+0000] {logging_mixin.py:154} INFO - [2025-10-17T08:09:25.049+0000] {dag.py:2941} INFO - Sync 1 DAGs
[2025-10-17T08:09:25.075+0000] {logging_mixin.py:154} INFO - [2025-10-17T08:09:25.075+0000] {dag.py:3722} INFO - Setting next_dagrun for example_dynamic_task_mapping_with_no_taskflow_operators to 2025-10-16T08:09:25.075267+00:00, run_after=2025-10-17T08:09:25.075267+00:00
[2025-10-17T08:09:25.097+0000] {processor.py:179} INFO - Processing /home/airflow/.local/lib/python3.8/site-packages/airflow/example_dags/example_dynamic_task_mapping_with_no_taskflow_operators.py took 0.086 seconds
[2025-10-17T08:09:55.971+0000] {processor.py:157} INFO - Started process (PID=197) to work on /home/airflow/.local/lib/python3.8/site-packages/airflow/example_dags/example_dynamic_task_mapping_with_no_taskflow_operators.py
[2025-10-17T08:09:55.972+0000] {processor.py:829} INFO - Processing file /home/airflow/.local/lib/python3.8/site-packages/airflow/example_dags/example_dynamic_task_mapping_with_no_taskflow_operators.py for tasks to queue
[2025-10-17T08:09:55.975+0000] {logging_mixin.py:154} INFO - [2025-10-17T08:09:55.974+0000] {dagbag.py:536} INFO - Filling up the DagBag from /home/airflow/.local/lib/python3.8/site-packages/airflow/example_dags/example_dynamic_task_mapping_with_no_taskflow_operators.py
[2025-10-17T08:09:55.981+0000] {processor.py:839} INFO - DAG(s) dict_keys(['example_dynamic_task_mapping_with_no_taskflow_operators']) retrieved from /home/airflow/.local/lib/python3.8/site-packages/airflow/example_dags/example_dynamic_task_mapping_with_no_taskflow_operators.py
[2025-10-17T08:09:56.001+0000] {logging_mixin.py:154} INFO - [2025-10-17T08:09:56.001+0000] {dag.py:2941} INFO - Sync 1 DAGs
[2025-10-17T08:09:56.020+0000] {logging_mixin.py:154} INFO - [2025-10-17T08:09:56.019+0000] {dag.py:3722} INFO - Setting next_dagrun for example_dynamic_task_mapping_with_no_taskflow_operators to 2025-10-16T08:09:56.019690+00:00, run_after=2025-10-17T08:09:56.019690+00:00
[2025-10-17T08:09:56.038+0000] {processor.py:179} INFO - Processing /home/airflow/.local/lib/python3.8/site-packages/airflow/example_dags/example_dynamic_task_mapping_with_no_taskflow_operators.py took 0.072 seconds
[2025-10-17T08:10:26.991+0000] {processor.py:157} INFO - Started process (PID=253) to work on /home/airflow/.local/lib/python3.8/site-packages/airflow/example_dags/example_dynamic_task_mapping_with_no_taskflow_operators.py
[2025-10-17T08:10:26.992+0000] {processor.py:829} INFO - Processing file /home/airflow/.local/lib/python3.8/site-packages/airflow/example_dags/example_dynamic_task_mapping_with_no_taskflow_operators.py for tasks to queue
[2025-10-17T08:10:26.994+0000] {logging_mixin.py:154} INFO - [2025-10-17T08:10:26.994+0000] {dagbag.py:536} INFO - Filling up the DagBag from /home/airflow/.local/lib/python3.8/site-packages/airflow/example_dags/example_dynamic_task_mapping_with_no_taskflow_operators.py
[2025-10-17T08:10:27.001+0000] {processor.py:839} INFO - DAG(s) dict_keys(['example_dynamic_task_mapping_with_no_taskflow_operators']) retrieved from /home/airflow/.local/lib/python3.8/site-packages/airflow/example_dags/example_dynamic_task_mapping_with_no_taskflow_operators.py
[2025-10-17T08:10:27.020+0000] {logging_mixin.py:154} INFO - [2025-10-17T08:10:27.020+0000] {dag.py:2941} INFO - Sync 1 DAGs
[2025-10-17T08:10:27.041+0000] {logging_mixin.py:154} INFO - [2025-10-17T08:10:27.040+0000] {dag.py:3722} INFO - Setting next_dagrun for example_dynamic_task_mapping_with_no_taskflow_operators to 2025-10-16T08:10:27.040712+00:00, run_after=2025-10-17T08:10:27.040712+00:00
[2025-10-17T08:10:27.060+0000] {processor.py:179} INFO - Processing /home/airflow/.local/lib/python3.8/site-packages/airflow/example_dags/example_dynamic_task_mapping_with_no_taskflow_operators.py took 0.073 seconds
[2025-10-17T08:10:57.692+0000] {processor.py:157} INFO - Started process (PID=309) to work on /home/airflow/.local/lib/python3.8/site-packages/airflow/example_dags/example_dynamic_task_mapping_with_no_taskflow_operators.py
[2025-10-17T08:10:57.693+0000] {processor.py:829} INFO - Processing file /home/airflow/.local/lib/python3.8/site-packages/airflow/example_dags/example_dynamic_task_mapping_with_no_taskflow_operators.py for tasks to queue
[2025-10-17T08:10:57.695+0000] {logging_mixin.py:154} INFO - [2025-10-17T08:10:57.695+0000] {dagbag.py:536} INFO - Filling up the DagBag from /home/airflow/.local/lib/python3.8/site-packages/airflow/example_dags/example_dynamic_task_mapping_with_no_taskflow_operators.py
[2025-10-17T08:10:57.702+0000] {processor.py:839} INFO - DAG(s) dict_keys(['example_dynamic_task_mapping_with_no_taskflow_operators']) retrieved from /home/airflow/.local/lib/python3.8/site-packages/airflow/example_dags/example_dynamic_task_mapping_with_no_taskflow_operators.py
[2025-10-17T08:10:57.720+0000] {logging_mixin.py:154} INFO - [2025-10-17T08:10:57.720+0000] {dag.py:2941} INFO - Sync 1 DAGs
[2025-10-17T08:10:57.741+0000] {logging_mixin.py:154} INFO - [2025-10-17T08:10:57.740+0000] {dag.py:3722} INFO - Setting next_dagrun for example_dynamic_task_mapping_with_no_taskflow_operators to 2025-10-16T08:10:57.740670+00:00, run_after=2025-10-17T08:10:57.740670+00:00
[2025-10-17T08:10:57.760+0000] {processor.py:179} INFO - Processing /home/airflow/.local/lib/python3.8/site-packages/airflow/example_dags/example_dynamic_task_mapping_with_no_taskflow_operators.py took 0.072 seconds
[2025-10-17T08:12:36.025+0000] {processor.py:157} INFO - Started process (PID=86) to work on /home/airflow/.local/lib/python3.8/site-packages/airflow/example_dags/example_dynamic_task_mapping_with_no_taskflow_operators.py
[2025-10-17T08:12:36.027+0000] {processor.py:829} INFO - Processing file /home/airflow/.local/lib/python3.8/site-packages/airflow/example_dags/example_dynamic_task_mapping_with_no_taskflow_operators.py for tasks to queue
[2025-10-17T08:12:36.029+0000] {logging_mixin.py:154} INFO - [2025-10-17T08:12:36.029+0000] {dagbag.py:536} INFO - Filling up the DagBag from /home/airflow/.local/lib/python3.8/site-packages/airflow/example_dags/example_dynamic_task_mapping_with_no_taskflow_operators.py
[2025-10-17T08:12:36.040+0000] {processor.py:839} INFO - DAG(s) dict_keys(['example_dynamic_task_mapping_with_no_taskflow_operators']) retrieved from /home/airflow/.local/lib/python3.8/site-packages/airflow/example_dags/example_dynamic_task_mapping_with_no_taskflow_operators.py
[2025-10-17T08:12:36.187+0000] {logging_mixin.py:154} INFO - [2025-10-17T08:12:36.187+0000] {manager.py:499} INFO - Created Permission View: %s
[2025-10-17T08:12:36.204+0000] {logging_mixin.py:154} INFO - [2025-10-17T08:12:36.204+0000] {manager.py:499} INFO - Created Permission View: %s
[2025-10-17T08:12:36.213+0000] {logging_mixin.py:154} INFO - [2025-10-17T08:12:36.213+0000] {manager.py:499} INFO - Created Permission View: %s
[2025-10-17T08:12:36.214+0000] {logging_mixin.py:154} INFO - [2025-10-17T08:12:36.214+0000] {dag.py:2941} INFO - Sync 1 DAGs
[2025-10-17T08:12:36.227+0000] {logging_mixin.py:154} INFO - [2025-10-17T08:12:36.227+0000] {dag.py:2963} INFO - Creating ORM DAG for example_dynamic_task_mapping_with_no_taskflow_operators
[2025-10-17T08:12:36.238+0000] {logging_mixin.py:154} INFO - [2025-10-17T08:12:36.238+0000] {dag.py:3722} INFO - Setting next_dagrun for example_dynamic_task_mapping_with_no_taskflow_operators to 2025-10-16T08:12:36.237915+00:00, run_after=2025-10-17T08:12:36.237915+00:00
[2025-10-17T08:12:36.255+0000] {processor.py:179} INFO - Processing /home/airflow/.local/lib/python3.8/site-packages/airflow/example_dags/example_dynamic_task_mapping_with_no_taskflow_operators.py took 0.234 seconds
[2025-10-17T08:13:07.156+0000] {processor.py:157} INFO - Started process (PID=142) to work on /home/airflow/.local/lib/python3.8/site-packages/airflow/example_dags/example_dynamic_task_mapping_with_no_taskflow_operators.py
[2025-10-17T08:13:07.158+0000] {processor.py:829} INFO - Processing file /home/airflow/.local/lib/python3.8/site-packages/airflow/example_dags/example_dynamic_task_mapping_with_no_taskflow_operators.py for tasks to queue
[2025-10-17T08:13:07.160+0000] {logging_mixin.py:154} INFO - [2025-10-17T08:13:07.160+0000] {dagbag.py:536} INFO - Filling up the DagBag from /home/airflow/.local/lib/python3.8/site-packages/airflow/example_dags/example_dynamic_task_mapping_with_no_taskflow_operators.py
[2025-10-17T08:13:07.167+0000] {processor.py:839} INFO - DAG(s) dict_keys(['example_dynamic_task_mapping_with_no_taskflow_operators']) retrieved from /home/airflow/.local/lib/python3.8/site-packages/airflow/example_dags/example_dynamic_task_mapping_with_no_taskflow_operators.py
[2025-10-17T08:13:07.191+0000] {logging_mixin.py:154} INFO - [2025-10-17T08:13:07.190+0000] {dag.py:2941} INFO - Sync 1 DAGs
[2025-10-17T08:13:07.212+0000] {logging_mixin.py:154} INFO - [2025-10-17T08:13:07.212+0000] {dag.py:3722} INFO - Setting next_dagrun for example_dynamic_task_mapping_with_no_taskflow_operators to 2025-10-16T08:13:07.211869+00:00, run_after=2025-10-17T08:13:07.211869+00:00
[2025-10-17T08:13:07.229+0000] {processor.py:179} INFO - Processing /home/airflow/.local/lib/python3.8/site-packages/airflow/example_dags/example_dynamic_task_mapping_with_no_taskflow_operators.py took 0.078 seconds
[2025-10-17T08:13:37.689+0000] {processor.py:157} INFO - Started process (PID=198) to work on /home/airflow/.local/lib/python3.8/site-packages/airflow/example_dags/example_dynamic_task_mapping_with_no_taskflow_operators.py
[2025-10-17T08:13:37.690+0000] {processor.py:829} INFO - Processing file /home/airflow/.local/lib/python3.8/site-packages/airflow/example_dags/example_dynamic_task_mapping_with_no_taskflow_operators.py for tasks to queue
[2025-10-17T08:13:37.692+0000] {logging_mixin.py:154} INFO - [2025-10-17T08:13:37.692+0000] {dagbag.py:536} INFO - Filling up the DagBag from /home/airflow/.local/lib/python3.8/site-packages/airflow/example_dags/example_dynamic_task_mapping_with_no_taskflow_operators.py
[2025-10-17T08:13:37.698+0000] {processor.py:839} INFO - DAG(s) dict_keys(['example_dynamic_task_mapping_with_no_taskflow_operators']) retrieved from /home/airflow/.local/lib/python3.8/site-packages/airflow/example_dags/example_dynamic_task_mapping_with_no_taskflow_operators.py
[2025-10-17T08:13:37.721+0000] {logging_mixin.py:154} INFO - [2025-10-17T08:13:37.720+0000] {dag.py:2941} INFO - Sync 1 DAGs
[2025-10-17T08:13:37.745+0000] {logging_mixin.py:154} INFO - [2025-10-17T08:13:37.745+0000] {dag.py:3722} INFO - Setting next_dagrun for example_dynamic_task_mapping_with_no_taskflow_operators to 2025-10-16T08:13:37.745010+00:00, run_after=2025-10-17T08:13:37.745010+00:00
[2025-10-17T08:13:37.766+0000] {processor.py:179} INFO - Processing /home/airflow/.local/lib/python3.8/site-packages/airflow/example_dags/example_dynamic_task_mapping_with_no_taskflow_operators.py took 0.080 seconds
