[2025-10-17T07:19:49.881+0000] {processor.py:157} INFO - Started process (PID=600) to work on /home/airflow/.local/lib/python3.8/site-packages/airflow/example_dags/example_task_group.py
[2025-10-17T07:19:49.883+0000] {processor.py:829} INFO - Processing file /home/airflow/.local/lib/python3.8/site-packages/airflow/example_dags/example_task_group.py for tasks to queue
[2025-10-17T07:19:49.886+0000] {logging_mixin.py:154} INFO - [2025-10-17T07:19:49.886+0000] {dagbag.py:536} INFO - Filling up the DagBag from /home/airflow/.local/lib/python3.8/site-packages/airflow/example_dags/example_task_group.py
[2025-10-17T07:19:49.906+0000] {processor.py:839} INFO - DAG(s) dict_keys(['example_task_group']) retrieved from /home/airflow/.local/lib/python3.8/site-packages/airflow/example_dags/example_task_group.py
[2025-10-17T07:19:49.967+0000] {logging_mixin.py:154} INFO - [2025-10-17T07:19:49.967+0000] {dag.py:2941} INFO - Sync 1 DAGs
[2025-10-17T07:19:50.026+0000] {logging_mixin.py:154} INFO - [2025-10-17T07:19:50.026+0000] {dag.py:3722} INFO - Setting next_dagrun for example_task_group to 2025-10-16T07:19:50.025676+00:00, run_after=2025-10-17T07:19:50.025676+00:00
[2025-10-17T07:19:50.069+0000] {processor.py:179} INFO - Processing /home/airflow/.local/lib/python3.8/site-packages/airflow/example_dags/example_task_group.py took 0.194 seconds
[2025-10-17T07:20:20.966+0000] {processor.py:157} INFO - Started process (PID=656) to work on /home/airflow/.local/lib/python3.8/site-packages/airflow/example_dags/example_task_group.py
[2025-10-17T07:20:20.967+0000] {processor.py:829} INFO - Processing file /home/airflow/.local/lib/python3.8/site-packages/airflow/example_dags/example_task_group.py for tasks to queue
[2025-10-17T07:20:20.969+0000] {logging_mixin.py:154} INFO - [2025-10-17T07:20:20.969+0000] {dagbag.py:536} INFO - Filling up the DagBag from /home/airflow/.local/lib/python3.8/site-packages/airflow/example_dags/example_task_group.py
[2025-10-17T07:20:20.976+0000] {processor.py:839} INFO - DAG(s) dict_keys(['example_task_group']) retrieved from /home/airflow/.local/lib/python3.8/site-packages/airflow/example_dags/example_task_group.py
[2025-10-17T07:20:20.999+0000] {logging_mixin.py:154} INFO - [2025-10-17T07:20:20.998+0000] {dag.py:2941} INFO - Sync 1 DAGs
[2025-10-17T07:20:21.017+0000] {logging_mixin.py:154} INFO - [2025-10-17T07:20:21.017+0000] {dag.py:3722} INFO - Setting next_dagrun for example_task_group to 2025-10-16T07:20:21.017450+00:00, run_after=2025-10-17T07:20:21.017450+00:00
[2025-10-17T07:20:21.036+0000] {processor.py:179} INFO - Processing /home/airflow/.local/lib/python3.8/site-packages/airflow/example_dags/example_task_group.py took 0.074 seconds
[2025-10-17T07:20:51.395+0000] {processor.py:157} INFO - Started process (PID=712) to work on /home/airflow/.local/lib/python3.8/site-packages/airflow/example_dags/example_task_group.py
[2025-10-17T07:20:51.397+0000] {processor.py:829} INFO - Processing file /home/airflow/.local/lib/python3.8/site-packages/airflow/example_dags/example_task_group.py for tasks to queue
[2025-10-17T07:20:51.400+0000] {logging_mixin.py:154} INFO - [2025-10-17T07:20:51.399+0000] {dagbag.py:536} INFO - Filling up the DagBag from /home/airflow/.local/lib/python3.8/site-packages/airflow/example_dags/example_task_group.py
[2025-10-17T07:20:51.411+0000] {processor.py:839} INFO - DAG(s) dict_keys(['example_task_group']) retrieved from /home/airflow/.local/lib/python3.8/site-packages/airflow/example_dags/example_task_group.py
[2025-10-17T07:20:51.444+0000] {logging_mixin.py:154} INFO - [2025-10-17T07:20:51.443+0000] {dag.py:2941} INFO - Sync 1 DAGs
[2025-10-17T07:20:51.474+0000] {logging_mixin.py:154} INFO - [2025-10-17T07:20:51.474+0000] {dag.py:3722} INFO - Setting next_dagrun for example_task_group to 2025-10-16T07:20:51.473871+00:00, run_after=2025-10-17T07:20:51.473871+00:00
[2025-10-17T07:20:51.511+0000] {processor.py:179} INFO - Processing /home/airflow/.local/lib/python3.8/site-packages/airflow/example_dags/example_task_group.py took 0.122 seconds
[2025-10-17T07:21:22.430+0000] {processor.py:157} INFO - Started process (PID=768) to work on /home/airflow/.local/lib/python3.8/site-packages/airflow/example_dags/example_task_group.py
[2025-10-17T07:21:22.434+0000] {processor.py:829} INFO - Processing file /home/airflow/.local/lib/python3.8/site-packages/airflow/example_dags/example_task_group.py for tasks to queue
[2025-10-17T07:21:22.436+0000] {logging_mixin.py:154} INFO - [2025-10-17T07:21:22.436+0000] {dagbag.py:536} INFO - Filling up the DagBag from /home/airflow/.local/lib/python3.8/site-packages/airflow/example_dags/example_task_group.py
[2025-10-17T07:21:22.445+0000] {processor.py:839} INFO - DAG(s) dict_keys(['example_task_group']) retrieved from /home/airflow/.local/lib/python3.8/site-packages/airflow/example_dags/example_task_group.py
[2025-10-17T07:21:22.486+0000] {logging_mixin.py:154} INFO - [2025-10-17T07:21:22.485+0000] {dag.py:2941} INFO - Sync 1 DAGs
[2025-10-17T07:21:22.515+0000] {logging_mixin.py:154} INFO - [2025-10-17T07:21:22.515+0000] {dag.py:3722} INFO - Setting next_dagrun for example_task_group to 2025-10-16T07:21:22.514798+00:00, run_after=2025-10-17T07:21:22.514798+00:00
[2025-10-17T07:21:22.564+0000] {processor.py:179} INFO - Processing /home/airflow/.local/lib/python3.8/site-packages/airflow/example_dags/example_task_group.py took 0.140 seconds
[2025-10-17T07:21:53.007+0000] {processor.py:157} INFO - Started process (PID=824) to work on /home/airflow/.local/lib/python3.8/site-packages/airflow/example_dags/example_task_group.py
[2025-10-17T07:21:53.010+0000] {processor.py:829} INFO - Processing file /home/airflow/.local/lib/python3.8/site-packages/airflow/example_dags/example_task_group.py for tasks to queue
[2025-10-17T07:21:53.013+0000] {logging_mixin.py:154} INFO - [2025-10-17T07:21:53.013+0000] {dagbag.py:536} INFO - Filling up the DagBag from /home/airflow/.local/lib/python3.8/site-packages/airflow/example_dags/example_task_group.py
[2025-10-17T07:21:53.020+0000] {processor.py:839} INFO - DAG(s) dict_keys(['example_task_group']) retrieved from /home/airflow/.local/lib/python3.8/site-packages/airflow/example_dags/example_task_group.py
[2025-10-17T07:21:53.043+0000] {logging_mixin.py:154} INFO - [2025-10-17T07:21:53.043+0000] {dag.py:2941} INFO - Sync 1 DAGs
[2025-10-17T07:21:53.064+0000] {logging_mixin.py:154} INFO - [2025-10-17T07:21:53.064+0000] {dag.py:3722} INFO - Setting next_dagrun for example_task_group to 2025-10-16T07:21:53.064305+00:00, run_after=2025-10-17T07:21:53.064305+00:00
[2025-10-17T07:21:53.091+0000] {processor.py:179} INFO - Processing /home/airflow/.local/lib/python3.8/site-packages/airflow/example_dags/example_task_group.py took 0.088 seconds
[2025-10-17T07:22:23.643+0000] {processor.py:157} INFO - Started process (PID=880) to work on /home/airflow/.local/lib/python3.8/site-packages/airflow/example_dags/example_task_group.py
[2025-10-17T07:22:23.644+0000] {processor.py:829} INFO - Processing file /home/airflow/.local/lib/python3.8/site-packages/airflow/example_dags/example_task_group.py for tasks to queue
[2025-10-17T07:22:23.647+0000] {logging_mixin.py:154} INFO - [2025-10-17T07:22:23.646+0000] {dagbag.py:536} INFO - Filling up the DagBag from /home/airflow/.local/lib/python3.8/site-packages/airflow/example_dags/example_task_group.py
[2025-10-17T07:22:23.653+0000] {processor.py:839} INFO - DAG(s) dict_keys(['example_task_group']) retrieved from /home/airflow/.local/lib/python3.8/site-packages/airflow/example_dags/example_task_group.py
[2025-10-17T07:22:23.673+0000] {logging_mixin.py:154} INFO - [2025-10-17T07:22:23.673+0000] {dag.py:2941} INFO - Sync 1 DAGs
[2025-10-17T07:22:23.691+0000] {logging_mixin.py:154} INFO - [2025-10-17T07:22:23.691+0000] {dag.py:3722} INFO - Setting next_dagrun for example_task_group to 2025-10-16T07:22:23.691201+00:00, run_after=2025-10-17T07:22:23.691201+00:00
[2025-10-17T07:22:23.710+0000] {processor.py:179} INFO - Processing /home/airflow/.local/lib/python3.8/site-packages/airflow/example_dags/example_task_group.py took 0.070 seconds
[2025-10-17T07:22:54.362+0000] {processor.py:157} INFO - Started process (PID=943) to work on /home/airflow/.local/lib/python3.8/site-packages/airflow/example_dags/example_task_group.py
[2025-10-17T07:22:54.364+0000] {processor.py:829} INFO - Processing file /home/airflow/.local/lib/python3.8/site-packages/airflow/example_dags/example_task_group.py for tasks to queue
[2025-10-17T07:22:54.366+0000] {logging_mixin.py:154} INFO - [2025-10-17T07:22:54.366+0000] {dagbag.py:536} INFO - Filling up the DagBag from /home/airflow/.local/lib/python3.8/site-packages/airflow/example_dags/example_task_group.py
[2025-10-17T07:22:54.373+0000] {processor.py:839} INFO - DAG(s) dict_keys(['example_task_group']) retrieved from /home/airflow/.local/lib/python3.8/site-packages/airflow/example_dags/example_task_group.py
[2025-10-17T07:22:54.393+0000] {logging_mixin.py:154} INFO - [2025-10-17T07:22:54.393+0000] {dag.py:2941} INFO - Sync 1 DAGs
[2025-10-17T07:22:54.410+0000] {logging_mixin.py:154} INFO - [2025-10-17T07:22:54.410+0000] {dag.py:3722} INFO - Setting next_dagrun for example_task_group to 2025-10-16T07:22:54.410013+00:00, run_after=2025-10-17T07:22:54.410013+00:00
[2025-10-17T07:22:54.426+0000] {processor.py:179} INFO - Processing /home/airflow/.local/lib/python3.8/site-packages/airflow/example_dags/example_task_group.py took 0.069 seconds
[2025-10-17T07:23:24.960+0000] {processor.py:157} INFO - Started process (PID=999) to work on /home/airflow/.local/lib/python3.8/site-packages/airflow/example_dags/example_task_group.py
[2025-10-17T07:23:24.961+0000] {processor.py:829} INFO - Processing file /home/airflow/.local/lib/python3.8/site-packages/airflow/example_dags/example_task_group.py for tasks to queue
[2025-10-17T07:23:24.964+0000] {logging_mixin.py:154} INFO - [2025-10-17T07:23:24.963+0000] {dagbag.py:536} INFO - Filling up the DagBag from /home/airflow/.local/lib/python3.8/site-packages/airflow/example_dags/example_task_group.py
[2025-10-17T07:23:24.971+0000] {processor.py:839} INFO - DAG(s) dict_keys(['example_task_group']) retrieved from /home/airflow/.local/lib/python3.8/site-packages/airflow/example_dags/example_task_group.py
[2025-10-17T07:23:24.991+0000] {logging_mixin.py:154} INFO - [2025-10-17T07:23:24.991+0000] {dag.py:2941} INFO - Sync 1 DAGs
[2025-10-17T07:23:25.011+0000] {logging_mixin.py:154} INFO - [2025-10-17T07:23:25.010+0000] {dag.py:3722} INFO - Setting next_dagrun for example_task_group to 2025-10-16T07:23:25.010705+00:00, run_after=2025-10-17T07:23:25.010705+00:00
[2025-10-17T07:23:25.028+0000] {processor.py:179} INFO - Processing /home/airflow/.local/lib/python3.8/site-packages/airflow/example_dags/example_task_group.py took 0.071 seconds
[2025-10-17T07:23:55.524+0000] {processor.py:157} INFO - Started process (PID=1055) to work on /home/airflow/.local/lib/python3.8/site-packages/airflow/example_dags/example_task_group.py
[2025-10-17T07:23:55.526+0000] {processor.py:829} INFO - Processing file /home/airflow/.local/lib/python3.8/site-packages/airflow/example_dags/example_task_group.py for tasks to queue
[2025-10-17T07:23:55.528+0000] {logging_mixin.py:154} INFO - [2025-10-17T07:23:55.528+0000] {dagbag.py:536} INFO - Filling up the DagBag from /home/airflow/.local/lib/python3.8/site-packages/airflow/example_dags/example_task_group.py
[2025-10-17T07:23:55.535+0000] {processor.py:839} INFO - DAG(s) dict_keys(['example_task_group']) retrieved from /home/airflow/.local/lib/python3.8/site-packages/airflow/example_dags/example_task_group.py
[2025-10-17T07:23:55.558+0000] {logging_mixin.py:154} INFO - [2025-10-17T07:23:55.557+0000] {dag.py:2941} INFO - Sync 1 DAGs
[2025-10-17T07:23:55.719+0000] {logging_mixin.py:154} INFO - [2025-10-17T07:23:55.719+0000] {dag.py:3722} INFO - Setting next_dagrun for example_task_group to 2025-10-16T07:23:55.719443+00:00, run_after=2025-10-17T07:23:55.719443+00:00
[2025-10-17T07:23:55.739+0000] {processor.py:179} INFO - Processing /home/airflow/.local/lib/python3.8/site-packages/airflow/example_dags/example_task_group.py took 0.221 seconds
[2025-10-17T07:24:26.250+0000] {processor.py:157} INFO - Started process (PID=1111) to work on /home/airflow/.local/lib/python3.8/site-packages/airflow/example_dags/example_task_group.py
[2025-10-17T07:24:26.251+0000] {processor.py:829} INFO - Processing file /home/airflow/.local/lib/python3.8/site-packages/airflow/example_dags/example_task_group.py for tasks to queue
[2025-10-17T07:24:26.253+0000] {logging_mixin.py:154} INFO - [2025-10-17T07:24:26.253+0000] {dagbag.py:536} INFO - Filling up the DagBag from /home/airflow/.local/lib/python3.8/site-packages/airflow/example_dags/example_task_group.py
[2025-10-17T07:24:26.259+0000] {processor.py:839} INFO - DAG(s) dict_keys(['example_task_group']) retrieved from /home/airflow/.local/lib/python3.8/site-packages/airflow/example_dags/example_task_group.py
[2025-10-17T07:24:26.284+0000] {logging_mixin.py:154} INFO - [2025-10-17T07:24:26.284+0000] {dag.py:2941} INFO - Sync 1 DAGs
[2025-10-17T07:24:26.305+0000] {logging_mixin.py:154} INFO - [2025-10-17T07:24:26.305+0000] {dag.py:3722} INFO - Setting next_dagrun for example_task_group to 2025-10-16T07:24:26.305185+00:00, run_after=2025-10-17T07:24:26.305185+00:00
[2025-10-17T07:24:26.472+0000] {processor.py:179} INFO - Processing /home/airflow/.local/lib/python3.8/site-packages/airflow/example_dags/example_task_group.py took 0.226 seconds
[2025-10-17T07:24:57.216+0000] {processor.py:157} INFO - Started process (PID=1173) to work on /home/airflow/.local/lib/python3.8/site-packages/airflow/example_dags/example_task_group.py
[2025-10-17T07:24:57.217+0000] {processor.py:829} INFO - Processing file /home/airflow/.local/lib/python3.8/site-packages/airflow/example_dags/example_task_group.py for tasks to queue
[2025-10-17T07:24:57.219+0000] {logging_mixin.py:154} INFO - [2025-10-17T07:24:57.219+0000] {dagbag.py:536} INFO - Filling up the DagBag from /home/airflow/.local/lib/python3.8/site-packages/airflow/example_dags/example_task_group.py
[2025-10-17T07:24:57.226+0000] {processor.py:839} INFO - DAG(s) dict_keys(['example_task_group']) retrieved from /home/airflow/.local/lib/python3.8/site-packages/airflow/example_dags/example_task_group.py
[2025-10-17T07:24:57.246+0000] {logging_mixin.py:154} INFO - [2025-10-17T07:24:57.246+0000] {dag.py:2941} INFO - Sync 1 DAGs
[2025-10-17T07:24:57.403+0000] {logging_mixin.py:154} INFO - [2025-10-17T07:24:57.403+0000] {dag.py:3722} INFO - Setting next_dagrun for example_task_group to 2025-10-16T07:24:57.402998+00:00, run_after=2025-10-17T07:24:57.402998+00:00
[2025-10-17T07:24:57.418+0000] {processor.py:179} INFO - Processing /home/airflow/.local/lib/python3.8/site-packages/airflow/example_dags/example_task_group.py took 0.206 seconds
[2025-10-17T07:25:27.498+0000] {processor.py:157} INFO - Started process (PID=1229) to work on /home/airflow/.local/lib/python3.8/site-packages/airflow/example_dags/example_task_group.py
[2025-10-17T07:25:27.499+0000] {processor.py:829} INFO - Processing file /home/airflow/.local/lib/python3.8/site-packages/airflow/example_dags/example_task_group.py for tasks to queue
[2025-10-17T07:25:27.501+0000] {logging_mixin.py:154} INFO - [2025-10-17T07:25:27.501+0000] {dagbag.py:536} INFO - Filling up the DagBag from /home/airflow/.local/lib/python3.8/site-packages/airflow/example_dags/example_task_group.py
[2025-10-17T07:25:27.508+0000] {processor.py:839} INFO - DAG(s) dict_keys(['example_task_group']) retrieved from /home/airflow/.local/lib/python3.8/site-packages/airflow/example_dags/example_task_group.py
[2025-10-17T07:25:27.528+0000] {logging_mixin.py:154} INFO - [2025-10-17T07:25:27.527+0000] {dag.py:2941} INFO - Sync 1 DAGs
[2025-10-17T07:25:27.546+0000] {logging_mixin.py:154} INFO - [2025-10-17T07:25:27.546+0000] {dag.py:3722} INFO - Setting next_dagrun for example_task_group to 2025-10-16T07:25:27.546200+00:00, run_after=2025-10-17T07:25:27.546200+00:00
[2025-10-17T07:25:27.707+0000] {processor.py:179} INFO - Processing /home/airflow/.local/lib/python3.8/site-packages/airflow/example_dags/example_task_group.py took 0.212 seconds
[2025-10-17T07:25:58.017+0000] {processor.py:157} INFO - Started process (PID=1289) to work on /home/airflow/.local/lib/python3.8/site-packages/airflow/example_dags/example_task_group.py
[2025-10-17T07:25:58.019+0000] {processor.py:829} INFO - Processing file /home/airflow/.local/lib/python3.8/site-packages/airflow/example_dags/example_task_group.py for tasks to queue
[2025-10-17T07:25:58.021+0000] {logging_mixin.py:154} INFO - [2025-10-17T07:25:58.021+0000] {dagbag.py:536} INFO - Filling up the DagBag from /home/airflow/.local/lib/python3.8/site-packages/airflow/example_dags/example_task_group.py
[2025-10-17T07:25:58.029+0000] {processor.py:839} INFO - DAG(s) dict_keys(['example_task_group']) retrieved from /home/airflow/.local/lib/python3.8/site-packages/airflow/example_dags/example_task_group.py
[2025-10-17T07:25:58.051+0000] {logging_mixin.py:154} INFO - [2025-10-17T07:25:58.050+0000] {dag.py:2941} INFO - Sync 1 DAGs
[2025-10-17T07:25:58.070+0000] {logging_mixin.py:154} INFO - [2025-10-17T07:25:58.070+0000] {dag.py:3722} INFO - Setting next_dagrun for example_task_group to 2025-10-16T07:25:58.069743+00:00, run_after=2025-10-17T07:25:58.069743+00:00
[2025-10-17T07:25:58.088+0000] {processor.py:179} INFO - Processing /home/airflow/.local/lib/python3.8/site-packages/airflow/example_dags/example_task_group.py took 0.074 seconds
[2025-10-17T07:26:28.446+0000] {processor.py:157} INFO - Started process (PID=1343) to work on /home/airflow/.local/lib/python3.8/site-packages/airflow/example_dags/example_task_group.py
[2025-10-17T07:26:28.447+0000] {processor.py:829} INFO - Processing file /home/airflow/.local/lib/python3.8/site-packages/airflow/example_dags/example_task_group.py for tasks to queue
[2025-10-17T07:26:28.449+0000] {logging_mixin.py:154} INFO - [2025-10-17T07:26:28.449+0000] {dagbag.py:536} INFO - Filling up the DagBag from /home/airflow/.local/lib/python3.8/site-packages/airflow/example_dags/example_task_group.py
[2025-10-17T07:26:28.455+0000] {processor.py:839} INFO - DAG(s) dict_keys(['example_task_group']) retrieved from /home/airflow/.local/lib/python3.8/site-packages/airflow/example_dags/example_task_group.py
[2025-10-17T07:26:28.476+0000] {logging_mixin.py:154} INFO - [2025-10-17T07:26:28.476+0000] {dag.py:2941} INFO - Sync 1 DAGs
[2025-10-17T07:26:28.495+0000] {logging_mixin.py:154} INFO - [2025-10-17T07:26:28.494+0000] {dag.py:3722} INFO - Setting next_dagrun for example_task_group to 2025-10-16T07:26:28.494730+00:00, run_after=2025-10-17T07:26:28.494730+00:00
[2025-10-17T07:26:28.511+0000] {processor.py:179} INFO - Processing /home/airflow/.local/lib/python3.8/site-packages/airflow/example_dags/example_task_group.py took 0.069 seconds
[2025-10-17T07:26:58.686+0000] {processor.py:157} INFO - Started process (PID=1398) to work on /home/airflow/.local/lib/python3.8/site-packages/airflow/example_dags/example_task_group.py
[2025-10-17T07:26:58.687+0000] {processor.py:829} INFO - Processing file /home/airflow/.local/lib/python3.8/site-packages/airflow/example_dags/example_task_group.py for tasks to queue
[2025-10-17T07:26:58.689+0000] {logging_mixin.py:154} INFO - [2025-10-17T07:26:58.689+0000] {dagbag.py:536} INFO - Filling up the DagBag from /home/airflow/.local/lib/python3.8/site-packages/airflow/example_dags/example_task_group.py
[2025-10-17T07:26:58.696+0000] {processor.py:839} INFO - DAG(s) dict_keys(['example_task_group']) retrieved from /home/airflow/.local/lib/python3.8/site-packages/airflow/example_dags/example_task_group.py
[2025-10-17T07:26:58.715+0000] {logging_mixin.py:154} INFO - [2025-10-17T07:26:58.714+0000] {dag.py:2941} INFO - Sync 1 DAGs
[2025-10-17T07:26:58.733+0000] {logging_mixin.py:154} INFO - [2025-10-17T07:26:58.733+0000] {dag.py:3722} INFO - Setting next_dagrun for example_task_group to 2025-10-16T07:26:58.732801+00:00, run_after=2025-10-17T07:26:58.732801+00:00
[2025-10-17T07:26:58.748+0000] {processor.py:179} INFO - Processing /home/airflow/.local/lib/python3.8/site-packages/airflow/example_dags/example_task_group.py took 0.066 seconds
[2025-10-17T07:27:28.924+0000] {processor.py:157} INFO - Started process (PID=1453) to work on /home/airflow/.local/lib/python3.8/site-packages/airflow/example_dags/example_task_group.py
[2025-10-17T07:27:28.925+0000] {processor.py:829} INFO - Processing file /home/airflow/.local/lib/python3.8/site-packages/airflow/example_dags/example_task_group.py for tasks to queue
[2025-10-17T07:27:28.927+0000] {logging_mixin.py:154} INFO - [2025-10-17T07:27:28.927+0000] {dagbag.py:536} INFO - Filling up the DagBag from /home/airflow/.local/lib/python3.8/site-packages/airflow/example_dags/example_task_group.py
[2025-10-17T07:27:28.934+0000] {processor.py:839} INFO - DAG(s) dict_keys(['example_task_group']) retrieved from /home/airflow/.local/lib/python3.8/site-packages/airflow/example_dags/example_task_group.py
[2025-10-17T07:27:28.954+0000] {logging_mixin.py:154} INFO - [2025-10-17T07:27:28.954+0000] {dag.py:2941} INFO - Sync 1 DAGs
[2025-10-17T07:27:28.973+0000] {logging_mixin.py:154} INFO - [2025-10-17T07:27:28.972+0000] {dag.py:3722} INFO - Setting next_dagrun for example_task_group to 2025-10-16T07:27:28.972672+00:00, run_after=2025-10-17T07:27:28.972672+00:00
[2025-10-17T07:27:28.988+0000] {processor.py:179} INFO - Processing /home/airflow/.local/lib/python3.8/site-packages/airflow/example_dags/example_task_group.py took 0.067 seconds
[2025-10-17T07:27:59.131+0000] {processor.py:157} INFO - Started process (PID=1509) to work on /home/airflow/.local/lib/python3.8/site-packages/airflow/example_dags/example_task_group.py
[2025-10-17T07:27:59.132+0000] {processor.py:829} INFO - Processing file /home/airflow/.local/lib/python3.8/site-packages/airflow/example_dags/example_task_group.py for tasks to queue
[2025-10-17T07:27:59.133+0000] {logging_mixin.py:154} INFO - [2025-10-17T07:27:59.132+0000] {dagbag.py:536} INFO - Filling up the DagBag from /home/airflow/.local/lib/python3.8/site-packages/airflow/example_dags/example_task_group.py
[2025-10-17T07:27:59.141+0000] {processor.py:839} INFO - DAG(s) dict_keys(['example_task_group']) retrieved from /home/airflow/.local/lib/python3.8/site-packages/airflow/example_dags/example_task_group.py
[2025-10-17T07:27:59.162+0000] {logging_mixin.py:154} INFO - [2025-10-17T07:27:59.162+0000] {dag.py:2941} INFO - Sync 1 DAGs
[2025-10-17T07:27:59.182+0000] {logging_mixin.py:154} INFO - [2025-10-17T07:27:59.181+0000] {dag.py:3722} INFO - Setting next_dagrun for example_task_group to 2025-10-16T07:27:59.181685+00:00, run_after=2025-10-17T07:27:59.181685+00:00
[2025-10-17T07:27:59.198+0000] {processor.py:179} INFO - Processing /home/airflow/.local/lib/python3.8/site-packages/airflow/example_dags/example_task_group.py took 0.071 seconds
[2025-10-17T07:28:29.379+0000] {processor.py:157} INFO - Started process (PID=1566) to work on /home/airflow/.local/lib/python3.8/site-packages/airflow/example_dags/example_task_group.py
[2025-10-17T07:28:29.380+0000] {processor.py:829} INFO - Processing file /home/airflow/.local/lib/python3.8/site-packages/airflow/example_dags/example_task_group.py for tasks to queue
[2025-10-17T07:28:29.381+0000] {logging_mixin.py:154} INFO - [2025-10-17T07:28:29.380+0000] {dagbag.py:536} INFO - Filling up the DagBag from /home/airflow/.local/lib/python3.8/site-packages/airflow/example_dags/example_task_group.py
[2025-10-17T07:28:29.388+0000] {processor.py:839} INFO - DAG(s) dict_keys(['example_task_group']) retrieved from /home/airflow/.local/lib/python3.8/site-packages/airflow/example_dags/example_task_group.py
[2025-10-17T07:28:29.408+0000] {logging_mixin.py:154} INFO - [2025-10-17T07:28:29.408+0000] {dag.py:2941} INFO - Sync 1 DAGs
[2025-10-17T07:28:29.427+0000] {logging_mixin.py:154} INFO - [2025-10-17T07:28:29.427+0000] {dag.py:3722} INFO - Setting next_dagrun for example_task_group to 2025-10-16T07:28:29.427216+00:00, run_after=2025-10-17T07:28:29.427216+00:00
[2025-10-17T07:28:29.443+0000] {processor.py:179} INFO - Processing /home/airflow/.local/lib/python3.8/site-packages/airflow/example_dags/example_task_group.py took 0.068 seconds
[2025-10-17T07:29:00.127+0000] {processor.py:157} INFO - Started process (PID=1622) to work on /home/airflow/.local/lib/python3.8/site-packages/airflow/example_dags/example_task_group.py
[2025-10-17T07:29:00.128+0000] {processor.py:829} INFO - Processing file /home/airflow/.local/lib/python3.8/site-packages/airflow/example_dags/example_task_group.py for tasks to queue
[2025-10-17T07:29:00.129+0000] {logging_mixin.py:154} INFO - [2025-10-17T07:29:00.129+0000] {dagbag.py:536} INFO - Filling up the DagBag from /home/airflow/.local/lib/python3.8/site-packages/airflow/example_dags/example_task_group.py
[2025-10-17T07:29:00.139+0000] {processor.py:839} INFO - DAG(s) dict_keys(['example_task_group']) retrieved from /home/airflow/.local/lib/python3.8/site-packages/airflow/example_dags/example_task_group.py
[2025-10-17T07:29:00.164+0000] {logging_mixin.py:154} INFO - [2025-10-17T07:29:00.164+0000] {dag.py:2941} INFO - Sync 1 DAGs
[2025-10-17T07:29:00.188+0000] {logging_mixin.py:154} INFO - [2025-10-17T07:29:00.188+0000] {dag.py:3722} INFO - Setting next_dagrun for example_task_group to 2025-10-16T07:29:00.188106+00:00, run_after=2025-10-17T07:29:00.188106+00:00
[2025-10-17T07:29:00.208+0000] {processor.py:179} INFO - Processing /home/airflow/.local/lib/python3.8/site-packages/airflow/example_dags/example_task_group.py took 0.085 seconds
[2025-10-17T07:30:26.575+0000] {processor.py:157} INFO - Started process (PID=106) to work on /home/airflow/.local/lib/python3.8/site-packages/airflow/example_dags/example_task_group.py
[2025-10-17T07:30:26.577+0000] {processor.py:829} INFO - Processing file /home/airflow/.local/lib/python3.8/site-packages/airflow/example_dags/example_task_group.py for tasks to queue
[2025-10-17T07:30:26.583+0000] {logging_mixin.py:154} INFO - [2025-10-17T07:30:26.582+0000] {dagbag.py:536} INFO - Filling up the DagBag from /home/airflow/.local/lib/python3.8/site-packages/airflow/example_dags/example_task_group.py
[2025-10-17T07:30:26.598+0000] {processor.py:839} INFO - DAG(s) dict_keys(['example_task_group']) retrieved from /home/airflow/.local/lib/python3.8/site-packages/airflow/example_dags/example_task_group.py
[2025-10-17T07:30:26.795+0000] {logging_mixin.py:154} INFO - [2025-10-17T07:30:26.794+0000] {manager.py:499} INFO - Created Permission View: %s
[2025-10-17T07:30:26.818+0000] {logging_mixin.py:154} INFO - [2025-10-17T07:30:26.817+0000] {manager.py:499} INFO - Created Permission View: %s
[2025-10-17T07:30:26.836+0000] {logging_mixin.py:154} INFO - [2025-10-17T07:30:26.836+0000] {manager.py:499} INFO - Created Permission View: %s
[2025-10-17T07:30:26.837+0000] {logging_mixin.py:154} INFO - [2025-10-17T07:30:26.837+0000] {dag.py:2941} INFO - Sync 1 DAGs
[2025-10-17T07:30:26.855+0000] {logging_mixin.py:154} INFO - [2025-10-17T07:30:26.854+0000] {dag.py:2963} INFO - Creating ORM DAG for example_task_group
[2025-10-17T07:30:26.872+0000] {logging_mixin.py:154} INFO - [2025-10-17T07:30:26.871+0000] {dag.py:3722} INFO - Setting next_dagrun for example_task_group to 2025-10-16T07:30:26.871091+00:00, run_after=2025-10-17T07:30:26.871091+00:00
[2025-10-17T07:30:26.915+0000] {processor.py:179} INFO - Processing /home/airflow/.local/lib/python3.8/site-packages/airflow/example_dags/example_task_group.py took 0.346 seconds
[2025-10-17T07:30:57.320+0000] {processor.py:157} INFO - Started process (PID=162) to work on /home/airflow/.local/lib/python3.8/site-packages/airflow/example_dags/example_task_group.py
[2025-10-17T07:30:57.322+0000] {processor.py:829} INFO - Processing file /home/airflow/.local/lib/python3.8/site-packages/airflow/example_dags/example_task_group.py for tasks to queue
[2025-10-17T07:30:57.326+0000] {logging_mixin.py:154} INFO - [2025-10-17T07:30:57.325+0000] {dagbag.py:536} INFO - Filling up the DagBag from /home/airflow/.local/lib/python3.8/site-packages/airflow/example_dags/example_task_group.py
[2025-10-17T07:30:57.337+0000] {processor.py:839} INFO - DAG(s) dict_keys(['example_task_group']) retrieved from /home/airflow/.local/lib/python3.8/site-packages/airflow/example_dags/example_task_group.py
[2025-10-17T07:30:57.377+0000] {logging_mixin.py:154} INFO - [2025-10-17T07:30:57.377+0000] {dag.py:2941} INFO - Sync 1 DAGs
[2025-10-17T07:30:57.415+0000] {logging_mixin.py:154} INFO - [2025-10-17T07:30:57.415+0000] {dag.py:3722} INFO - Setting next_dagrun for example_task_group to 2025-10-16T07:30:57.414363+00:00, run_after=2025-10-17T07:30:57.414363+00:00
[2025-10-17T07:30:57.453+0000] {processor.py:179} INFO - Processing /home/airflow/.local/lib/python3.8/site-packages/airflow/example_dags/example_task_group.py took 0.137 seconds
[2025-10-17T07:31:27.557+0000] {processor.py:157} INFO - Started process (PID=219) to work on /home/airflow/.local/lib/python3.8/site-packages/airflow/example_dags/example_task_group.py
[2025-10-17T07:31:27.558+0000] {processor.py:829} INFO - Processing file /home/airflow/.local/lib/python3.8/site-packages/airflow/example_dags/example_task_group.py for tasks to queue
[2025-10-17T07:31:27.560+0000] {logging_mixin.py:154} INFO - [2025-10-17T07:31:27.560+0000] {dagbag.py:536} INFO - Filling up the DagBag from /home/airflow/.local/lib/python3.8/site-packages/airflow/example_dags/example_task_group.py
[2025-10-17T07:31:27.567+0000] {processor.py:839} INFO - DAG(s) dict_keys(['example_task_group']) retrieved from /home/airflow/.local/lib/python3.8/site-packages/airflow/example_dags/example_task_group.py
[2025-10-17T07:31:27.589+0000] {logging_mixin.py:154} INFO - [2025-10-17T07:31:27.589+0000] {dag.py:2941} INFO - Sync 1 DAGs
[2025-10-17T07:31:27.608+0000] {logging_mixin.py:154} INFO - [2025-10-17T07:31:27.607+0000] {dag.py:3722} INFO - Setting next_dagrun for example_task_group to 2025-10-16T07:31:27.607760+00:00, run_after=2025-10-17T07:31:27.607760+00:00
[2025-10-17T07:31:27.624+0000] {processor.py:179} INFO - Processing /home/airflow/.local/lib/python3.8/site-packages/airflow/example_dags/example_task_group.py took 0.070 seconds
[2025-10-17T07:31:57.840+0000] {processor.py:157} INFO - Started process (PID=274) to work on /home/airflow/.local/lib/python3.8/site-packages/airflow/example_dags/example_task_group.py
[2025-10-17T07:31:57.842+0000] {processor.py:829} INFO - Processing file /home/airflow/.local/lib/python3.8/site-packages/airflow/example_dags/example_task_group.py for tasks to queue
[2025-10-17T07:31:57.844+0000] {logging_mixin.py:154} INFO - [2025-10-17T07:31:57.844+0000] {dagbag.py:536} INFO - Filling up the DagBag from /home/airflow/.local/lib/python3.8/site-packages/airflow/example_dags/example_task_group.py
[2025-10-17T07:31:57.851+0000] {processor.py:839} INFO - DAG(s) dict_keys(['example_task_group']) retrieved from /home/airflow/.local/lib/python3.8/site-packages/airflow/example_dags/example_task_group.py
[2025-10-17T07:31:57.874+0000] {logging_mixin.py:154} INFO - [2025-10-17T07:31:57.874+0000] {dag.py:2941} INFO - Sync 1 DAGs
[2025-10-17T07:31:57.894+0000] {logging_mixin.py:154} INFO - [2025-10-17T07:31:57.894+0000] {dag.py:3722} INFO - Setting next_dagrun for example_task_group to 2025-10-16T07:31:57.894257+00:00, run_after=2025-10-17T07:31:57.894257+00:00
[2025-10-17T07:31:57.913+0000] {processor.py:179} INFO - Processing /home/airflow/.local/lib/python3.8/site-packages/airflow/example_dags/example_task_group.py took 0.076 seconds
[2025-10-17T07:32:28.149+0000] {processor.py:157} INFO - Started process (PID=334) to work on /home/airflow/.local/lib/python3.8/site-packages/airflow/example_dags/example_task_group.py
[2025-10-17T07:32:28.151+0000] {processor.py:829} INFO - Processing file /home/airflow/.local/lib/python3.8/site-packages/airflow/example_dags/example_task_group.py for tasks to queue
[2025-10-17T07:32:28.154+0000] {logging_mixin.py:154} INFO - [2025-10-17T07:32:28.153+0000] {dagbag.py:536} INFO - Filling up the DagBag from /home/airflow/.local/lib/python3.8/site-packages/airflow/example_dags/example_task_group.py
[2025-10-17T07:32:28.163+0000] {processor.py:839} INFO - DAG(s) dict_keys(['example_task_group']) retrieved from /home/airflow/.local/lib/python3.8/site-packages/airflow/example_dags/example_task_group.py
[2025-10-17T07:32:28.184+0000] {logging_mixin.py:154} INFO - [2025-10-17T07:32:28.184+0000] {dag.py:2941} INFO - Sync 1 DAGs
[2025-10-17T07:32:28.205+0000] {logging_mixin.py:154} INFO - [2025-10-17T07:32:28.205+0000] {dag.py:3722} INFO - Setting next_dagrun for example_task_group to 2025-10-16T07:32:28.205000+00:00, run_after=2025-10-17T07:32:28.205000+00:00
[2025-10-17T07:32:28.227+0000] {processor.py:179} INFO - Processing /home/airflow/.local/lib/python3.8/site-packages/airflow/example_dags/example_task_group.py took 0.081 seconds
[2025-10-17T07:35:46.718+0000] {processor.py:157} INFO - Started process (PID=102) to work on /home/airflow/.local/lib/python3.8/site-packages/airflow/example_dags/example_task_group.py
[2025-10-17T07:35:46.719+0000] {processor.py:829} INFO - Processing file /home/airflow/.local/lib/python3.8/site-packages/airflow/example_dags/example_task_group.py for tasks to queue
[2025-10-17T07:35:46.721+0000] {logging_mixin.py:154} INFO - [2025-10-17T07:35:46.721+0000] {dagbag.py:536} INFO - Filling up the DagBag from /home/airflow/.local/lib/python3.8/site-packages/airflow/example_dags/example_task_group.py
[2025-10-17T07:35:46.729+0000] {processor.py:839} INFO - DAG(s) dict_keys(['example_task_group']) retrieved from /home/airflow/.local/lib/python3.8/site-packages/airflow/example_dags/example_task_group.py
[2025-10-17T07:35:46.857+0000] {logging_mixin.py:154} INFO - [2025-10-17T07:35:46.856+0000] {manager.py:499} INFO - Created Permission View: %s
[2025-10-17T07:35:46.867+0000] {logging_mixin.py:154} INFO - [2025-10-17T07:35:46.867+0000] {manager.py:499} INFO - Created Permission View: %s
[2025-10-17T07:35:46.874+0000] {logging_mixin.py:154} INFO - [2025-10-17T07:35:46.874+0000] {manager.py:499} INFO - Created Permission View: %s
[2025-10-17T07:35:46.875+0000] {logging_mixin.py:154} INFO - [2025-10-17T07:35:46.875+0000] {dag.py:2941} INFO - Sync 1 DAGs
[2025-10-17T07:35:46.884+0000] {logging_mixin.py:154} INFO - [2025-10-17T07:35:46.884+0000] {dag.py:2963} INFO - Creating ORM DAG for example_task_group
[2025-10-17T07:35:46.893+0000] {logging_mixin.py:154} INFO - [2025-10-17T07:35:46.893+0000] {dag.py:3722} INFO - Setting next_dagrun for example_task_group to 2025-10-16T07:35:46.893499+00:00, run_after=2025-10-17T07:35:46.893499+00:00
[2025-10-17T07:35:46.909+0000] {processor.py:179} INFO - Processing /home/airflow/.local/lib/python3.8/site-packages/airflow/example_dags/example_task_group.py took 0.195 seconds
[2025-10-17T07:36:17.300+0000] {processor.py:157} INFO - Started process (PID=158) to work on /home/airflow/.local/lib/python3.8/site-packages/airflow/example_dags/example_task_group.py
[2025-10-17T07:36:17.302+0000] {processor.py:829} INFO - Processing file /home/airflow/.local/lib/python3.8/site-packages/airflow/example_dags/example_task_group.py for tasks to queue
[2025-10-17T07:36:17.304+0000] {logging_mixin.py:154} INFO - [2025-10-17T07:36:17.304+0000] {dagbag.py:536} INFO - Filling up the DagBag from /home/airflow/.local/lib/python3.8/site-packages/airflow/example_dags/example_task_group.py
[2025-10-17T07:36:17.310+0000] {processor.py:839} INFO - DAG(s) dict_keys(['example_task_group']) retrieved from /home/airflow/.local/lib/python3.8/site-packages/airflow/example_dags/example_task_group.py
[2025-10-17T07:36:17.332+0000] {logging_mixin.py:154} INFO - [2025-10-17T07:36:17.331+0000] {dag.py:2941} INFO - Sync 1 DAGs
[2025-10-17T07:36:17.351+0000] {logging_mixin.py:154} INFO - [2025-10-17T07:36:17.351+0000] {dag.py:3722} INFO - Setting next_dagrun for example_task_group to 2025-10-16T07:36:17.350827+00:00, run_after=2025-10-17T07:36:17.350827+00:00
[2025-10-17T07:36:17.369+0000] {processor.py:179} INFO - Processing /home/airflow/.local/lib/python3.8/site-packages/airflow/example_dags/example_task_group.py took 0.072 seconds
[2025-10-17T07:36:47.750+0000] {processor.py:157} INFO - Started process (PID=214) to work on /home/airflow/.local/lib/python3.8/site-packages/airflow/example_dags/example_task_group.py
[2025-10-17T07:36:47.751+0000] {processor.py:829} INFO - Processing file /home/airflow/.local/lib/python3.8/site-packages/airflow/example_dags/example_task_group.py for tasks to queue
[2025-10-17T07:36:47.753+0000] {logging_mixin.py:154} INFO - [2025-10-17T07:36:47.753+0000] {dagbag.py:536} INFO - Filling up the DagBag from /home/airflow/.local/lib/python3.8/site-packages/airflow/example_dags/example_task_group.py
[2025-10-17T07:36:47.760+0000] {processor.py:839} INFO - DAG(s) dict_keys(['example_task_group']) retrieved from /home/airflow/.local/lib/python3.8/site-packages/airflow/example_dags/example_task_group.py
[2025-10-17T07:36:47.780+0000] {logging_mixin.py:154} INFO - [2025-10-17T07:36:47.780+0000] {dag.py:2941} INFO - Sync 1 DAGs
[2025-10-17T07:36:47.800+0000] {logging_mixin.py:154} INFO - [2025-10-17T07:36:47.800+0000] {dag.py:3722} INFO - Setting next_dagrun for example_task_group to 2025-10-16T07:36:47.799948+00:00, run_after=2025-10-17T07:36:47.799948+00:00
[2025-10-17T07:36:47.817+0000] {processor.py:179} INFO - Processing /home/airflow/.local/lib/python3.8/site-packages/airflow/example_dags/example_task_group.py took 0.070 seconds
[2025-10-17T07:37:18.267+0000] {processor.py:157} INFO - Started process (PID=270) to work on /home/airflow/.local/lib/python3.8/site-packages/airflow/example_dags/example_task_group.py
[2025-10-17T07:37:18.268+0000] {processor.py:829} INFO - Processing file /home/airflow/.local/lib/python3.8/site-packages/airflow/example_dags/example_task_group.py for tasks to queue
[2025-10-17T07:37:18.270+0000] {logging_mixin.py:154} INFO - [2025-10-17T07:37:18.270+0000] {dagbag.py:536} INFO - Filling up the DagBag from /home/airflow/.local/lib/python3.8/site-packages/airflow/example_dags/example_task_group.py
[2025-10-17T07:37:18.277+0000] {processor.py:839} INFO - DAG(s) dict_keys(['example_task_group']) retrieved from /home/airflow/.local/lib/python3.8/site-packages/airflow/example_dags/example_task_group.py
[2025-10-17T07:37:18.298+0000] {logging_mixin.py:154} INFO - [2025-10-17T07:37:18.298+0000] {dag.py:2941} INFO - Sync 1 DAGs
[2025-10-17T07:37:18.319+0000] {logging_mixin.py:154} INFO - [2025-10-17T07:37:18.319+0000] {dag.py:3722} INFO - Setting next_dagrun for example_task_group to 2025-10-16T07:37:18.319222+00:00, run_after=2025-10-17T07:37:18.319222+00:00
[2025-10-17T07:37:18.336+0000] {processor.py:179} INFO - Processing /home/airflow/.local/lib/python3.8/site-packages/airflow/example_dags/example_task_group.py took 0.072 seconds
[2025-10-17T07:38:48.176+0000] {processor.py:157} INFO - Started process (PID=103) to work on /home/airflow/.local/lib/python3.8/site-packages/airflow/example_dags/example_task_group.py
[2025-10-17T07:38:48.177+0000] {processor.py:829} INFO - Processing file /home/airflow/.local/lib/python3.8/site-packages/airflow/example_dags/example_task_group.py for tasks to queue
[2025-10-17T07:38:48.180+0000] {logging_mixin.py:154} INFO - [2025-10-17T07:38:48.180+0000] {dagbag.py:536} INFO - Filling up the DagBag from /home/airflow/.local/lib/python3.8/site-packages/airflow/example_dags/example_task_group.py
[2025-10-17T07:38:48.188+0000] {processor.py:839} INFO - DAG(s) dict_keys(['example_task_group']) retrieved from /home/airflow/.local/lib/python3.8/site-packages/airflow/example_dags/example_task_group.py
[2025-10-17T07:38:48.297+0000] {logging_mixin.py:154} INFO - [2025-10-17T07:38:48.296+0000] {manager.py:499} INFO - Created Permission View: %s
[2025-10-17T07:38:48.306+0000] {logging_mixin.py:154} INFO - [2025-10-17T07:38:48.306+0000] {manager.py:499} INFO - Created Permission View: %s
[2025-10-17T07:38:48.312+0000] {logging_mixin.py:154} INFO - [2025-10-17T07:38:48.312+0000] {manager.py:499} INFO - Created Permission View: %s
[2025-10-17T07:38:48.312+0000] {logging_mixin.py:154} INFO - [2025-10-17T07:38:48.312+0000] {dag.py:2941} INFO - Sync 1 DAGs
[2025-10-17T07:38:48.322+0000] {logging_mixin.py:154} INFO - [2025-10-17T07:38:48.321+0000] {dag.py:2963} INFO - Creating ORM DAG for example_task_group
[2025-10-17T07:38:48.329+0000] {logging_mixin.py:154} INFO - [2025-10-17T07:38:48.329+0000] {dag.py:3722} INFO - Setting next_dagrun for example_task_group to 2025-10-16T07:38:48.329544+00:00, run_after=2025-10-17T07:38:48.329544+00:00
[2025-10-17T07:38:48.348+0000] {processor.py:179} INFO - Processing /home/airflow/.local/lib/python3.8/site-packages/airflow/example_dags/example_task_group.py took 0.175 seconds
[2025-10-17T07:39:18.757+0000] {processor.py:157} INFO - Started process (PID=159) to work on /home/airflow/.local/lib/python3.8/site-packages/airflow/example_dags/example_task_group.py
[2025-10-17T07:39:18.759+0000] {processor.py:829} INFO - Processing file /home/airflow/.local/lib/python3.8/site-packages/airflow/example_dags/example_task_group.py for tasks to queue
[2025-10-17T07:39:18.761+0000] {logging_mixin.py:154} INFO - [2025-10-17T07:39:18.761+0000] {dagbag.py:536} INFO - Filling up the DagBag from /home/airflow/.local/lib/python3.8/site-packages/airflow/example_dags/example_task_group.py
[2025-10-17T07:39:18.769+0000] {processor.py:839} INFO - DAG(s) dict_keys(['example_task_group']) retrieved from /home/airflow/.local/lib/python3.8/site-packages/airflow/example_dags/example_task_group.py
[2025-10-17T07:39:18.791+0000] {logging_mixin.py:154} INFO - [2025-10-17T07:39:18.791+0000] {dag.py:2941} INFO - Sync 1 DAGs
[2025-10-17T07:39:18.811+0000] {logging_mixin.py:154} INFO - [2025-10-17T07:39:18.810+0000] {dag.py:3722} INFO - Setting next_dagrun for example_task_group to 2025-10-16T07:39:18.810658+00:00, run_after=2025-10-17T07:39:18.810658+00:00
[2025-10-17T07:39:18.829+0000] {processor.py:179} INFO - Processing /home/airflow/.local/lib/python3.8/site-packages/airflow/example_dags/example_task_group.py took 0.075 seconds
[2025-10-17T07:39:49.222+0000] {processor.py:157} INFO - Started process (PID=215) to work on /home/airflow/.local/lib/python3.8/site-packages/airflow/example_dags/example_task_group.py
[2025-10-17T07:39:49.223+0000] {processor.py:829} INFO - Processing file /home/airflow/.local/lib/python3.8/site-packages/airflow/example_dags/example_task_group.py for tasks to queue
[2025-10-17T07:39:49.225+0000] {logging_mixin.py:154} INFO - [2025-10-17T07:39:49.225+0000] {dagbag.py:536} INFO - Filling up the DagBag from /home/airflow/.local/lib/python3.8/site-packages/airflow/example_dags/example_task_group.py
[2025-10-17T07:39:49.233+0000] {processor.py:839} INFO - DAG(s) dict_keys(['example_task_group']) retrieved from /home/airflow/.local/lib/python3.8/site-packages/airflow/example_dags/example_task_group.py
[2025-10-17T07:39:49.255+0000] {logging_mixin.py:154} INFO - [2025-10-17T07:39:49.255+0000] {dag.py:2941} INFO - Sync 1 DAGs
[2025-10-17T07:39:49.278+0000] {logging_mixin.py:154} INFO - [2025-10-17T07:39:49.278+0000] {dag.py:3722} INFO - Setting next_dagrun for example_task_group to 2025-10-16T07:39:49.277839+00:00, run_after=2025-10-17T07:39:49.277839+00:00
[2025-10-17T07:39:49.299+0000] {processor.py:179} INFO - Processing /home/airflow/.local/lib/python3.8/site-packages/airflow/example_dags/example_task_group.py took 0.081 seconds
[2025-10-17T07:40:20.270+0000] {processor.py:157} INFO - Started process (PID=271) to work on /home/airflow/.local/lib/python3.8/site-packages/airflow/example_dags/example_task_group.py
[2025-10-17T07:40:20.272+0000] {processor.py:829} INFO - Processing file /home/airflow/.local/lib/python3.8/site-packages/airflow/example_dags/example_task_group.py for tasks to queue
[2025-10-17T07:40:20.274+0000] {logging_mixin.py:154} INFO - [2025-10-17T07:40:20.274+0000] {dagbag.py:536} INFO - Filling up the DagBag from /home/airflow/.local/lib/python3.8/site-packages/airflow/example_dags/example_task_group.py
[2025-10-17T07:40:20.280+0000] {processor.py:839} INFO - DAG(s) dict_keys(['example_task_group']) retrieved from /home/airflow/.local/lib/python3.8/site-packages/airflow/example_dags/example_task_group.py
[2025-10-17T07:40:20.302+0000] {logging_mixin.py:154} INFO - [2025-10-17T07:40:20.302+0000] {dag.py:2941} INFO - Sync 1 DAGs
[2025-10-17T07:40:20.321+0000] {logging_mixin.py:154} INFO - [2025-10-17T07:40:20.321+0000] {dag.py:3722} INFO - Setting next_dagrun for example_task_group to 2025-10-16T07:40:20.320874+00:00, run_after=2025-10-17T07:40:20.320874+00:00
[2025-10-17T07:40:20.340+0000] {processor.py:179} INFO - Processing /home/airflow/.local/lib/python3.8/site-packages/airflow/example_dags/example_task_group.py took 0.073 seconds
[2025-10-17T07:40:50.819+0000] {processor.py:157} INFO - Started process (PID=327) to work on /home/airflow/.local/lib/python3.8/site-packages/airflow/example_dags/example_task_group.py
[2025-10-17T07:40:50.820+0000] {processor.py:829} INFO - Processing file /home/airflow/.local/lib/python3.8/site-packages/airflow/example_dags/example_task_group.py for tasks to queue
[2025-10-17T07:40:50.822+0000] {logging_mixin.py:154} INFO - [2025-10-17T07:40:50.822+0000] {dagbag.py:536} INFO - Filling up the DagBag from /home/airflow/.local/lib/python3.8/site-packages/airflow/example_dags/example_task_group.py
[2025-10-17T07:40:50.828+0000] {processor.py:839} INFO - DAG(s) dict_keys(['example_task_group']) retrieved from /home/airflow/.local/lib/python3.8/site-packages/airflow/example_dags/example_task_group.py
[2025-10-17T07:40:50.847+0000] {logging_mixin.py:154} INFO - [2025-10-17T07:40:50.847+0000] {dag.py:2941} INFO - Sync 1 DAGs
[2025-10-17T07:40:50.864+0000] {logging_mixin.py:154} INFO - [2025-10-17T07:40:50.864+0000] {dag.py:3722} INFO - Setting next_dagrun for example_task_group to 2025-10-16T07:40:50.864135+00:00, run_after=2025-10-17T07:40:50.864135+00:00
[2025-10-17T07:40:50.880+0000] {processor.py:179} INFO - Processing /home/airflow/.local/lib/python3.8/site-packages/airflow/example_dags/example_task_group.py took 0.065 seconds
[2025-10-17T07:42:31.204+0000] {processor.py:157} INFO - Started process (PID=102) to work on /home/airflow/.local/lib/python3.8/site-packages/airflow/example_dags/example_task_group.py
[2025-10-17T07:42:31.206+0000] {processor.py:829} INFO - Processing file /home/airflow/.local/lib/python3.8/site-packages/airflow/example_dags/example_task_group.py for tasks to queue
[2025-10-17T07:42:31.208+0000] {logging_mixin.py:154} INFO - [2025-10-17T07:42:31.208+0000] {dagbag.py:536} INFO - Filling up the DagBag from /home/airflow/.local/lib/python3.8/site-packages/airflow/example_dags/example_task_group.py
[2025-10-17T07:42:31.217+0000] {processor.py:839} INFO - DAG(s) dict_keys(['example_task_group']) retrieved from /home/airflow/.local/lib/python3.8/site-packages/airflow/example_dags/example_task_group.py
[2025-10-17T07:42:31.314+0000] {logging_mixin.py:154} INFO - [2025-10-17T07:42:31.314+0000] {manager.py:499} INFO - Created Permission View: %s
[2025-10-17T07:42:31.324+0000] {logging_mixin.py:154} INFO - [2025-10-17T07:42:31.324+0000] {manager.py:499} INFO - Created Permission View: %s
[2025-10-17T07:42:31.330+0000] {logging_mixin.py:154} INFO - [2025-10-17T07:42:31.330+0000] {manager.py:499} INFO - Created Permission View: %s
[2025-10-17T07:42:31.331+0000] {logging_mixin.py:154} INFO - [2025-10-17T07:42:31.330+0000] {dag.py:2941} INFO - Sync 1 DAGs
[2025-10-17T07:42:31.340+0000] {logging_mixin.py:154} INFO - [2025-10-17T07:42:31.340+0000] {dag.py:2963} INFO - Creating ORM DAG for example_task_group
[2025-10-17T07:42:31.348+0000] {logging_mixin.py:154} INFO - [2025-10-17T07:42:31.348+0000] {dag.py:3722} INFO - Setting next_dagrun for example_task_group to 2025-10-16T07:42:31.348520+00:00, run_after=2025-10-17T07:42:31.348520+00:00
[2025-10-17T07:42:31.367+0000] {processor.py:179} INFO - Processing /home/airflow/.local/lib/python3.8/site-packages/airflow/example_dags/example_task_group.py took 0.165 seconds
[2025-10-17T07:43:02.367+0000] {processor.py:157} INFO - Started process (PID=158) to work on /home/airflow/.local/lib/python3.8/site-packages/airflow/example_dags/example_task_group.py
[2025-10-17T07:43:02.369+0000] {processor.py:829} INFO - Processing file /home/airflow/.local/lib/python3.8/site-packages/airflow/example_dags/example_task_group.py for tasks to queue
[2025-10-17T07:43:02.371+0000] {logging_mixin.py:154} INFO - [2025-10-17T07:43:02.371+0000] {dagbag.py:536} INFO - Filling up the DagBag from /home/airflow/.local/lib/python3.8/site-packages/airflow/example_dags/example_task_group.py
[2025-10-17T07:43:02.378+0000] {processor.py:839} INFO - DAG(s) dict_keys(['example_task_group']) retrieved from /home/airflow/.local/lib/python3.8/site-packages/airflow/example_dags/example_task_group.py
[2025-10-17T07:43:02.398+0000] {logging_mixin.py:154} INFO - [2025-10-17T07:43:02.398+0000] {dag.py:2941} INFO - Sync 1 DAGs
[2025-10-17T07:43:02.415+0000] {logging_mixin.py:154} INFO - [2025-10-17T07:43:02.415+0000] {dag.py:3722} INFO - Setting next_dagrun for example_task_group to 2025-10-16T07:43:02.415110+00:00, run_after=2025-10-17T07:43:02.415110+00:00
[2025-10-17T07:43:02.432+0000] {processor.py:179} INFO - Processing /home/airflow/.local/lib/python3.8/site-packages/airflow/example_dags/example_task_group.py took 0.068 seconds
[2025-10-17T07:44:37.815+0000] {processor.py:157} INFO - Started process (PID=87) to work on /home/airflow/.local/lib/python3.8/site-packages/airflow/example_dags/example_task_group.py
[2025-10-17T07:44:37.816+0000] {processor.py:829} INFO - Processing file /home/airflow/.local/lib/python3.8/site-packages/airflow/example_dags/example_task_group.py for tasks to queue
[2025-10-17T07:44:37.818+0000] {logging_mixin.py:154} INFO - [2025-10-17T07:44:37.818+0000] {dagbag.py:536} INFO - Filling up the DagBag from /home/airflow/.local/lib/python3.8/site-packages/airflow/example_dags/example_task_group.py
[2025-10-17T07:44:37.827+0000] {processor.py:839} INFO - DAG(s) dict_keys(['example_task_group']) retrieved from /home/airflow/.local/lib/python3.8/site-packages/airflow/example_dags/example_task_group.py
[2025-10-17T07:44:37.919+0000] {logging_mixin.py:154} INFO - [2025-10-17T07:44:37.918+0000] {manager.py:499} INFO - Created Permission View: %s
[2025-10-17T07:44:37.927+0000] {logging_mixin.py:154} INFO - [2025-10-17T07:44:37.927+0000] {manager.py:499} INFO - Created Permission View: %s
[2025-10-17T07:44:37.935+0000] {logging_mixin.py:154} INFO - [2025-10-17T07:44:37.934+0000] {manager.py:499} INFO - Created Permission View: %s
[2025-10-17T07:44:37.935+0000] {logging_mixin.py:154} INFO - [2025-10-17T07:44:37.935+0000] {dag.py:2941} INFO - Sync 1 DAGs
[2025-10-17T07:44:37.945+0000] {logging_mixin.py:154} INFO - [2025-10-17T07:44:37.945+0000] {dag.py:2963} INFO - Creating ORM DAG for example_task_group
[2025-10-17T07:44:37.953+0000] {logging_mixin.py:154} INFO - [2025-10-17T07:44:37.953+0000] {dag.py:3722} INFO - Setting next_dagrun for example_task_group to 2025-10-16T07:44:37.953340+00:00, run_after=2025-10-17T07:44:37.953340+00:00
[2025-10-17T07:44:37.970+0000] {processor.py:179} INFO - Processing /home/airflow/.local/lib/python3.8/site-packages/airflow/example_dags/example_task_group.py took 0.158 seconds
[2025-10-17T07:45:08.008+0000] {processor.py:157} INFO - Started process (PID=143) to work on /home/airflow/.local/lib/python3.8/site-packages/airflow/example_dags/example_task_group.py
[2025-10-17T07:45:08.008+0000] {processor.py:829} INFO - Processing file /home/airflow/.local/lib/python3.8/site-packages/airflow/example_dags/example_task_group.py for tasks to queue
[2025-10-17T07:45:08.010+0000] {logging_mixin.py:154} INFO - [2025-10-17T07:45:08.010+0000] {dagbag.py:536} INFO - Filling up the DagBag from /home/airflow/.local/lib/python3.8/site-packages/airflow/example_dags/example_task_group.py
[2025-10-17T07:45:08.017+0000] {processor.py:839} INFO - DAG(s) dict_keys(['example_task_group']) retrieved from /home/airflow/.local/lib/python3.8/site-packages/airflow/example_dags/example_task_group.py
[2025-10-17T07:45:08.038+0000] {logging_mixin.py:154} INFO - [2025-10-17T07:45:08.037+0000] {dag.py:2941} INFO - Sync 1 DAGs
[2025-10-17T07:45:08.056+0000] {logging_mixin.py:154} INFO - [2025-10-17T07:45:08.055+0000] {dag.py:3722} INFO - Setting next_dagrun for example_task_group to 2025-10-16T07:45:08.055655+00:00, run_after=2025-10-17T07:45:08.055655+00:00
[2025-10-17T07:45:08.071+0000] {processor.py:179} INFO - Processing /home/airflow/.local/lib/python3.8/site-packages/airflow/example_dags/example_task_group.py took 0.067 seconds
[2025-10-17T07:46:23.052+0000] {processor.py:157} INFO - Started process (PID=102) to work on /home/airflow/.local/lib/python3.8/site-packages/airflow/example_dags/example_task_group.py
[2025-10-17T07:46:23.054+0000] {processor.py:829} INFO - Processing file /home/airflow/.local/lib/python3.8/site-packages/airflow/example_dags/example_task_group.py for tasks to queue
[2025-10-17T07:46:23.056+0000] {logging_mixin.py:154} INFO - [2025-10-17T07:46:23.056+0000] {dagbag.py:536} INFO - Filling up the DagBag from /home/airflow/.local/lib/python3.8/site-packages/airflow/example_dags/example_task_group.py
[2025-10-17T07:46:23.065+0000] {processor.py:839} INFO - DAG(s) dict_keys(['example_task_group']) retrieved from /home/airflow/.local/lib/python3.8/site-packages/airflow/example_dags/example_task_group.py
[2025-10-17T07:46:23.159+0000] {logging_mixin.py:154} INFO - [2025-10-17T07:46:23.159+0000] {manager.py:499} INFO - Created Permission View: %s
[2025-10-17T07:46:23.169+0000] {logging_mixin.py:154} INFO - [2025-10-17T07:46:23.169+0000] {manager.py:499} INFO - Created Permission View: %s
[2025-10-17T07:46:23.176+0000] {logging_mixin.py:154} INFO - [2025-10-17T07:46:23.176+0000] {manager.py:499} INFO - Created Permission View: %s
[2025-10-17T07:46:23.177+0000] {logging_mixin.py:154} INFO - [2025-10-17T07:46:23.177+0000] {dag.py:2941} INFO - Sync 1 DAGs
[2025-10-17T07:46:23.187+0000] {logging_mixin.py:154} INFO - [2025-10-17T07:46:23.187+0000] {dag.py:2963} INFO - Creating ORM DAG for example_task_group
[2025-10-17T07:46:23.196+0000] {logging_mixin.py:154} INFO - [2025-10-17T07:46:23.196+0000] {dag.py:3722} INFO - Setting next_dagrun for example_task_group to 2025-10-16T07:46:23.195828+00:00, run_after=2025-10-17T07:46:23.195828+00:00
[2025-10-17T07:46:23.214+0000] {processor.py:179} INFO - Processing /home/airflow/.local/lib/python3.8/site-packages/airflow/example_dags/example_task_group.py took 0.165 seconds
[2025-10-17T07:46:53.811+0000] {processor.py:157} INFO - Started process (PID=158) to work on /home/airflow/.local/lib/python3.8/site-packages/airflow/example_dags/example_task_group.py
[2025-10-17T07:46:53.812+0000] {processor.py:829} INFO - Processing file /home/airflow/.local/lib/python3.8/site-packages/airflow/example_dags/example_task_group.py for tasks to queue
[2025-10-17T07:46:53.814+0000] {logging_mixin.py:154} INFO - [2025-10-17T07:46:53.814+0000] {dagbag.py:536} INFO - Filling up the DagBag from /home/airflow/.local/lib/python3.8/site-packages/airflow/example_dags/example_task_group.py
[2025-10-17T07:46:53.822+0000] {processor.py:839} INFO - DAG(s) dict_keys(['example_task_group']) retrieved from /home/airflow/.local/lib/python3.8/site-packages/airflow/example_dags/example_task_group.py
[2025-10-17T07:46:53.848+0000] {logging_mixin.py:154} INFO - [2025-10-17T07:46:53.848+0000] {dag.py:2941} INFO - Sync 1 DAGs
[2025-10-17T07:46:53.873+0000] {logging_mixin.py:154} INFO - [2025-10-17T07:46:53.872+0000] {dag.py:3722} INFO - Setting next_dagrun for example_task_group to 2025-10-16T07:46:53.872588+00:00, run_after=2025-10-17T07:46:53.872588+00:00
[2025-10-17T07:46:53.898+0000] {processor.py:179} INFO - Processing /home/airflow/.local/lib/python3.8/site-packages/airflow/example_dags/example_task_group.py took 0.091 seconds
[2025-10-17T07:47:24.863+0000] {processor.py:157} INFO - Started process (PID=214) to work on /home/airflow/.local/lib/python3.8/site-packages/airflow/example_dags/example_task_group.py
[2025-10-17T07:47:24.864+0000] {processor.py:829} INFO - Processing file /home/airflow/.local/lib/python3.8/site-packages/airflow/example_dags/example_task_group.py for tasks to queue
[2025-10-17T07:47:24.866+0000] {logging_mixin.py:154} INFO - [2025-10-17T07:47:24.866+0000] {dagbag.py:536} INFO - Filling up the DagBag from /home/airflow/.local/lib/python3.8/site-packages/airflow/example_dags/example_task_group.py
[2025-10-17T07:47:24.873+0000] {processor.py:839} INFO - DAG(s) dict_keys(['example_task_group']) retrieved from /home/airflow/.local/lib/python3.8/site-packages/airflow/example_dags/example_task_group.py
[2025-10-17T07:47:24.895+0000] {logging_mixin.py:154} INFO - [2025-10-17T07:47:24.895+0000] {dag.py:2941} INFO - Sync 1 DAGs
[2025-10-17T07:47:24.919+0000] {logging_mixin.py:154} INFO - [2025-10-17T07:47:24.919+0000] {dag.py:3722} INFO - Setting next_dagrun for example_task_group to 2025-10-16T07:47:24.918705+00:00, run_after=2025-10-17T07:47:24.918705+00:00
[2025-10-17T07:47:24.941+0000] {processor.py:179} INFO - Processing /home/airflow/.local/lib/python3.8/site-packages/airflow/example_dags/example_task_group.py took 0.081 seconds
[2025-10-17T07:47:55.307+0000] {processor.py:157} INFO - Started process (PID=270) to work on /home/airflow/.local/lib/python3.8/site-packages/airflow/example_dags/example_task_group.py
[2025-10-17T07:47:55.308+0000] {processor.py:829} INFO - Processing file /home/airflow/.local/lib/python3.8/site-packages/airflow/example_dags/example_task_group.py for tasks to queue
[2025-10-17T07:47:55.310+0000] {logging_mixin.py:154} INFO - [2025-10-17T07:47:55.310+0000] {dagbag.py:536} INFO - Filling up the DagBag from /home/airflow/.local/lib/python3.8/site-packages/airflow/example_dags/example_task_group.py
[2025-10-17T07:47:55.318+0000] {processor.py:839} INFO - DAG(s) dict_keys(['example_task_group']) retrieved from /home/airflow/.local/lib/python3.8/site-packages/airflow/example_dags/example_task_group.py
[2025-10-17T07:47:55.338+0000] {logging_mixin.py:154} INFO - [2025-10-17T07:47:55.338+0000] {dag.py:2941} INFO - Sync 1 DAGs
[2025-10-17T07:47:55.356+0000] {logging_mixin.py:154} INFO - [2025-10-17T07:47:55.356+0000] {dag.py:3722} INFO - Setting next_dagrun for example_task_group to 2025-10-16T07:47:55.356122+00:00, run_after=2025-10-17T07:47:55.356122+00:00
[2025-10-17T07:47:55.376+0000] {processor.py:179} INFO - Processing /home/airflow/.local/lib/python3.8/site-packages/airflow/example_dags/example_task_group.py took 0.072 seconds
[2025-10-17T07:48:25.692+0000] {processor.py:157} INFO - Started process (PID=326) to work on /home/airflow/.local/lib/python3.8/site-packages/airflow/example_dags/example_task_group.py
[2025-10-17T07:48:25.693+0000] {processor.py:829} INFO - Processing file /home/airflow/.local/lib/python3.8/site-packages/airflow/example_dags/example_task_group.py for tasks to queue
[2025-10-17T07:48:25.695+0000] {logging_mixin.py:154} INFO - [2025-10-17T07:48:25.695+0000] {dagbag.py:536} INFO - Filling up the DagBag from /home/airflow/.local/lib/python3.8/site-packages/airflow/example_dags/example_task_group.py
[2025-10-17T07:48:25.701+0000] {processor.py:839} INFO - DAG(s) dict_keys(['example_task_group']) retrieved from /home/airflow/.local/lib/python3.8/site-packages/airflow/example_dags/example_task_group.py
[2025-10-17T07:48:25.721+0000] {logging_mixin.py:154} INFO - [2025-10-17T07:48:25.721+0000] {dag.py:2941} INFO - Sync 1 DAGs
[2025-10-17T07:48:25.739+0000] {logging_mixin.py:154} INFO - [2025-10-17T07:48:25.739+0000] {dag.py:3722} INFO - Setting next_dagrun for example_task_group to 2025-10-16T07:48:25.738766+00:00, run_after=2025-10-17T07:48:25.738766+00:00
[2025-10-17T07:48:25.754+0000] {processor.py:179} INFO - Processing /home/airflow/.local/lib/python3.8/site-packages/airflow/example_dags/example_task_group.py took 0.066 seconds
[2025-10-17T07:48:56.651+0000] {processor.py:157} INFO - Started process (PID=382) to work on /home/airflow/.local/lib/python3.8/site-packages/airflow/example_dags/example_task_group.py
[2025-10-17T07:48:56.653+0000] {processor.py:829} INFO - Processing file /home/airflow/.local/lib/python3.8/site-packages/airflow/example_dags/example_task_group.py for tasks to queue
[2025-10-17T07:48:56.655+0000] {logging_mixin.py:154} INFO - [2025-10-17T07:48:56.654+0000] {dagbag.py:536} INFO - Filling up the DagBag from /home/airflow/.local/lib/python3.8/site-packages/airflow/example_dags/example_task_group.py
[2025-10-17T07:48:56.661+0000] {processor.py:839} INFO - DAG(s) dict_keys(['example_task_group']) retrieved from /home/airflow/.local/lib/python3.8/site-packages/airflow/example_dags/example_task_group.py
[2025-10-17T07:48:56.682+0000] {logging_mixin.py:154} INFO - [2025-10-17T07:48:56.681+0000] {dag.py:2941} INFO - Sync 1 DAGs
[2025-10-17T07:48:56.700+0000] {logging_mixin.py:154} INFO - [2025-10-17T07:48:56.700+0000] {dag.py:3722} INFO - Setting next_dagrun for example_task_group to 2025-10-16T07:48:56.700076+00:00, run_after=2025-10-17T07:48:56.700076+00:00
[2025-10-17T07:48:56.717+0000] {processor.py:179} INFO - Processing /home/airflow/.local/lib/python3.8/site-packages/airflow/example_dags/example_task_group.py took 0.069 seconds
[2025-10-17T07:49:27.135+0000] {processor.py:157} INFO - Started process (PID=438) to work on /home/airflow/.local/lib/python3.8/site-packages/airflow/example_dags/example_task_group.py
[2025-10-17T07:49:27.136+0000] {processor.py:829} INFO - Processing file /home/airflow/.local/lib/python3.8/site-packages/airflow/example_dags/example_task_group.py for tasks to queue
[2025-10-17T07:49:27.138+0000] {logging_mixin.py:154} INFO - [2025-10-17T07:49:27.137+0000] {dagbag.py:536} INFO - Filling up the DagBag from /home/airflow/.local/lib/python3.8/site-packages/airflow/example_dags/example_task_group.py
[2025-10-17T07:49:27.144+0000] {processor.py:839} INFO - DAG(s) dict_keys(['example_task_group']) retrieved from /home/airflow/.local/lib/python3.8/site-packages/airflow/example_dags/example_task_group.py
[2025-10-17T07:49:27.163+0000] {logging_mixin.py:154} INFO - [2025-10-17T07:49:27.162+0000] {dag.py:2941} INFO - Sync 1 DAGs
[2025-10-17T07:49:27.180+0000] {logging_mixin.py:154} INFO - [2025-10-17T07:49:27.180+0000] {dag.py:3722} INFO - Setting next_dagrun for example_task_group to 2025-10-16T07:49:27.180205+00:00, run_after=2025-10-17T07:49:27.180205+00:00
[2025-10-17T07:49:27.196+0000] {processor.py:179} INFO - Processing /home/airflow/.local/lib/python3.8/site-packages/airflow/example_dags/example_task_group.py took 0.064 seconds
[2025-10-17T07:49:57.938+0000] {processor.py:157} INFO - Started process (PID=494) to work on /home/airflow/.local/lib/python3.8/site-packages/airflow/example_dags/example_task_group.py
[2025-10-17T07:49:57.939+0000] {processor.py:829} INFO - Processing file /home/airflow/.local/lib/python3.8/site-packages/airflow/example_dags/example_task_group.py for tasks to queue
[2025-10-17T07:49:57.941+0000] {logging_mixin.py:154} INFO - [2025-10-17T07:49:57.941+0000] {dagbag.py:536} INFO - Filling up the DagBag from /home/airflow/.local/lib/python3.8/site-packages/airflow/example_dags/example_task_group.py
[2025-10-17T07:49:57.947+0000] {processor.py:839} INFO - DAG(s) dict_keys(['example_task_group']) retrieved from /home/airflow/.local/lib/python3.8/site-packages/airflow/example_dags/example_task_group.py
[2025-10-17T07:49:57.968+0000] {logging_mixin.py:154} INFO - [2025-10-17T07:49:57.967+0000] {dag.py:2941} INFO - Sync 1 DAGs
[2025-10-17T07:49:57.985+0000] {logging_mixin.py:154} INFO - [2025-10-17T07:49:57.985+0000] {dag.py:3722} INFO - Setting next_dagrun for example_task_group to 2025-10-16T07:49:57.985227+00:00, run_after=2025-10-17T07:49:57.985227+00:00
[2025-10-17T07:49:58.002+0000] {processor.py:179} INFO - Processing /home/airflow/.local/lib/python3.8/site-packages/airflow/example_dags/example_task_group.py took 0.067 seconds
[2025-10-17T07:50:28.096+0000] {processor.py:157} INFO - Started process (PID=550) to work on /home/airflow/.local/lib/python3.8/site-packages/airflow/example_dags/example_task_group.py
[2025-10-17T07:50:28.098+0000] {processor.py:829} INFO - Processing file /home/airflow/.local/lib/python3.8/site-packages/airflow/example_dags/example_task_group.py for tasks to queue
[2025-10-17T07:50:28.100+0000] {logging_mixin.py:154} INFO - [2025-10-17T07:50:28.099+0000] {dagbag.py:536} INFO - Filling up the DagBag from /home/airflow/.local/lib/python3.8/site-packages/airflow/example_dags/example_task_group.py
[2025-10-17T07:50:28.106+0000] {processor.py:839} INFO - DAG(s) dict_keys(['example_task_group']) retrieved from /home/airflow/.local/lib/python3.8/site-packages/airflow/example_dags/example_task_group.py
[2025-10-17T07:50:28.127+0000] {logging_mixin.py:154} INFO - [2025-10-17T07:50:28.127+0000] {dag.py:2941} INFO - Sync 1 DAGs
[2025-10-17T07:50:28.145+0000] {logging_mixin.py:154} INFO - [2025-10-17T07:50:28.145+0000] {dag.py:3722} INFO - Setting next_dagrun for example_task_group to 2025-10-16T07:50:28.145184+00:00, run_after=2025-10-17T07:50:28.145184+00:00
[2025-10-17T07:50:28.162+0000] {processor.py:179} INFO - Processing /home/airflow/.local/lib/python3.8/site-packages/airflow/example_dags/example_task_group.py took 0.069 seconds
[2025-10-17T07:50:58.897+0000] {processor.py:157} INFO - Started process (PID=606) to work on /home/airflow/.local/lib/python3.8/site-packages/airflow/example_dags/example_task_group.py
[2025-10-17T07:50:58.898+0000] {processor.py:829} INFO - Processing file /home/airflow/.local/lib/python3.8/site-packages/airflow/example_dags/example_task_group.py for tasks to queue
[2025-10-17T07:50:58.900+0000] {logging_mixin.py:154} INFO - [2025-10-17T07:50:58.900+0000] {dagbag.py:536} INFO - Filling up the DagBag from /home/airflow/.local/lib/python3.8/site-packages/airflow/example_dags/example_task_group.py
[2025-10-17T07:50:58.907+0000] {processor.py:839} INFO - DAG(s) dict_keys(['example_task_group']) retrieved from /home/airflow/.local/lib/python3.8/site-packages/airflow/example_dags/example_task_group.py
[2025-10-17T07:50:58.927+0000] {logging_mixin.py:154} INFO - [2025-10-17T07:50:58.926+0000] {dag.py:2941} INFO - Sync 1 DAGs
[2025-10-17T07:50:58.945+0000] {logging_mixin.py:154} INFO - [2025-10-17T07:50:58.944+0000] {dag.py:3722} INFO - Setting next_dagrun for example_task_group to 2025-10-16T07:50:58.944690+00:00, run_after=2025-10-17T07:50:58.944690+00:00
[2025-10-17T07:50:58.961+0000] {processor.py:179} INFO - Processing /home/airflow/.local/lib/python3.8/site-packages/airflow/example_dags/example_task_group.py took 0.068 seconds
[2025-10-17T07:51:29.589+0000] {processor.py:157} INFO - Started process (PID=662) to work on /home/airflow/.local/lib/python3.8/site-packages/airflow/example_dags/example_task_group.py
[2025-10-17T07:51:29.590+0000] {processor.py:829} INFO - Processing file /home/airflow/.local/lib/python3.8/site-packages/airflow/example_dags/example_task_group.py for tasks to queue
[2025-10-17T07:51:29.592+0000] {logging_mixin.py:154} INFO - [2025-10-17T07:51:29.592+0000] {dagbag.py:536} INFO - Filling up the DagBag from /home/airflow/.local/lib/python3.8/site-packages/airflow/example_dags/example_task_group.py
[2025-10-17T07:51:29.598+0000] {processor.py:839} INFO - DAG(s) dict_keys(['example_task_group']) retrieved from /home/airflow/.local/lib/python3.8/site-packages/airflow/example_dags/example_task_group.py
[2025-10-17T07:51:29.620+0000] {logging_mixin.py:154} INFO - [2025-10-17T07:51:29.619+0000] {dag.py:2941} INFO - Sync 1 DAGs
[2025-10-17T07:51:29.639+0000] {logging_mixin.py:154} INFO - [2025-10-17T07:51:29.639+0000] {dag.py:3722} INFO - Setting next_dagrun for example_task_group to 2025-10-16T07:51:29.639104+00:00, run_after=2025-10-17T07:51:29.639104+00:00
[2025-10-17T07:51:29.657+0000] {processor.py:179} INFO - Processing /home/airflow/.local/lib/python3.8/site-packages/airflow/example_dags/example_task_group.py took 0.072 seconds
[2025-10-17T07:52:00.194+0000] {processor.py:157} INFO - Started process (PID=718) to work on /home/airflow/.local/lib/python3.8/site-packages/airflow/example_dags/example_task_group.py
[2025-10-17T07:52:00.195+0000] {processor.py:829} INFO - Processing file /home/airflow/.local/lib/python3.8/site-packages/airflow/example_dags/example_task_group.py for tasks to queue
[2025-10-17T07:52:00.197+0000] {logging_mixin.py:154} INFO - [2025-10-17T07:52:00.197+0000] {dagbag.py:536} INFO - Filling up the DagBag from /home/airflow/.local/lib/python3.8/site-packages/airflow/example_dags/example_task_group.py
[2025-10-17T07:52:00.204+0000] {processor.py:839} INFO - DAG(s) dict_keys(['example_task_group']) retrieved from /home/airflow/.local/lib/python3.8/site-packages/airflow/example_dags/example_task_group.py
[2025-10-17T07:52:00.225+0000] {logging_mixin.py:154} INFO - [2025-10-17T07:52:00.225+0000] {dag.py:2941} INFO - Sync 1 DAGs
[2025-10-17T07:52:00.243+0000] {logging_mixin.py:154} INFO - [2025-10-17T07:52:00.243+0000] {dag.py:3722} INFO - Setting next_dagrun for example_task_group to 2025-10-16T07:52:00.243000+00:00, run_after=2025-10-17T07:52:00.243000+00:00
[2025-10-17T07:52:00.259+0000] {processor.py:179} INFO - Processing /home/airflow/.local/lib/python3.8/site-packages/airflow/example_dags/example_task_group.py took 0.069 seconds
[2025-10-17T08:08:56.143+0000] {processor.py:157} INFO - Started process (PID=103) to work on /home/airflow/.local/lib/python3.8/site-packages/airflow/example_dags/example_task_group.py
[2025-10-17T08:08:56.145+0000] {processor.py:829} INFO - Processing file /home/airflow/.local/lib/python3.8/site-packages/airflow/example_dags/example_task_group.py for tasks to queue
[2025-10-17T08:08:56.147+0000] {logging_mixin.py:154} INFO - [2025-10-17T08:08:56.147+0000] {dagbag.py:536} INFO - Filling up the DagBag from /home/airflow/.local/lib/python3.8/site-packages/airflow/example_dags/example_task_group.py
[2025-10-17T08:08:56.156+0000] {processor.py:839} INFO - DAG(s) dict_keys(['example_task_group']) retrieved from /home/airflow/.local/lib/python3.8/site-packages/airflow/example_dags/example_task_group.py
[2025-10-17T08:08:56.246+0000] {logging_mixin.py:154} INFO - [2025-10-17T08:08:56.246+0000] {manager.py:499} INFO - Created Permission View: %s
[2025-10-17T08:08:56.256+0000] {logging_mixin.py:154} INFO - [2025-10-17T08:08:56.256+0000] {manager.py:499} INFO - Created Permission View: %s
[2025-10-17T08:08:56.262+0000] {logging_mixin.py:154} INFO - [2025-10-17T08:08:56.262+0000] {manager.py:499} INFO - Created Permission View: %s
[2025-10-17T08:08:56.262+0000] {logging_mixin.py:154} INFO - [2025-10-17T08:08:56.262+0000] {dag.py:2941} INFO - Sync 1 DAGs
[2025-10-17T08:08:56.271+0000] {logging_mixin.py:154} INFO - [2025-10-17T08:08:56.271+0000] {dag.py:2963} INFO - Creating ORM DAG for example_task_group
[2025-10-17T08:08:56.280+0000] {logging_mixin.py:154} INFO - [2025-10-17T08:08:56.280+0000] {dag.py:3722} INFO - Setting next_dagrun for example_task_group to 2025-10-16T08:08:56.280160+00:00, run_after=2025-10-17T08:08:56.280160+00:00
[2025-10-17T08:08:56.297+0000] {processor.py:179} INFO - Processing /home/airflow/.local/lib/python3.8/site-packages/airflow/example_dags/example_task_group.py took 0.157 seconds
[2025-10-17T08:09:26.816+0000] {processor.py:157} INFO - Started process (PID=159) to work on /home/airflow/.local/lib/python3.8/site-packages/airflow/example_dags/example_task_group.py
[2025-10-17T08:09:26.817+0000] {processor.py:829} INFO - Processing file /home/airflow/.local/lib/python3.8/site-packages/airflow/example_dags/example_task_group.py for tasks to queue
[2025-10-17T08:09:26.819+0000] {logging_mixin.py:154} INFO - [2025-10-17T08:09:26.819+0000] {dagbag.py:536} INFO - Filling up the DagBag from /home/airflow/.local/lib/python3.8/site-packages/airflow/example_dags/example_task_group.py
[2025-10-17T08:09:26.826+0000] {processor.py:839} INFO - DAG(s) dict_keys(['example_task_group']) retrieved from /home/airflow/.local/lib/python3.8/site-packages/airflow/example_dags/example_task_group.py
[2025-10-17T08:09:26.846+0000] {logging_mixin.py:154} INFO - [2025-10-17T08:09:26.846+0000] {dag.py:2941} INFO - Sync 1 DAGs
[2025-10-17T08:09:26.864+0000] {logging_mixin.py:154} INFO - [2025-10-17T08:09:26.864+0000] {dag.py:3722} INFO - Setting next_dagrun for example_task_group to 2025-10-16T08:09:26.864412+00:00, run_after=2025-10-17T08:09:26.864412+00:00
[2025-10-17T08:09:26.880+0000] {processor.py:179} INFO - Processing /home/airflow/.local/lib/python3.8/site-packages/airflow/example_dags/example_task_group.py took 0.067 seconds
[2025-10-17T08:09:56.984+0000] {processor.py:157} INFO - Started process (PID=215) to work on /home/airflow/.local/lib/python3.8/site-packages/airflow/example_dags/example_task_group.py
[2025-10-17T08:09:56.985+0000] {processor.py:829} INFO - Processing file /home/airflow/.local/lib/python3.8/site-packages/airflow/example_dags/example_task_group.py for tasks to queue
[2025-10-17T08:09:56.987+0000] {logging_mixin.py:154} INFO - [2025-10-17T08:09:56.987+0000] {dagbag.py:536} INFO - Filling up the DagBag from /home/airflow/.local/lib/python3.8/site-packages/airflow/example_dags/example_task_group.py
[2025-10-17T08:09:56.994+0000] {processor.py:839} INFO - DAG(s) dict_keys(['example_task_group']) retrieved from /home/airflow/.local/lib/python3.8/site-packages/airflow/example_dags/example_task_group.py
[2025-10-17T08:09:57.024+0000] {logging_mixin.py:154} INFO - [2025-10-17T08:09:57.023+0000] {dag.py:2941} INFO - Sync 1 DAGs
[2025-10-17T08:09:57.051+0000] {logging_mixin.py:154} INFO - [2025-10-17T08:09:57.051+0000] {dag.py:3722} INFO - Setting next_dagrun for example_task_group to 2025-10-16T08:09:57.051137+00:00, run_after=2025-10-17T08:09:57.051137+00:00
[2025-10-17T08:09:57.071+0000] {processor.py:179} INFO - Processing /home/airflow/.local/lib/python3.8/site-packages/airflow/example_dags/example_task_group.py took 0.093 seconds
[2025-10-17T08:10:28.124+0000] {processor.py:157} INFO - Started process (PID=271) to work on /home/airflow/.local/lib/python3.8/site-packages/airflow/example_dags/example_task_group.py
[2025-10-17T08:10:28.125+0000] {processor.py:829} INFO - Processing file /home/airflow/.local/lib/python3.8/site-packages/airflow/example_dags/example_task_group.py for tasks to queue
[2025-10-17T08:10:28.129+0000] {logging_mixin.py:154} INFO - [2025-10-17T08:10:28.129+0000] {dagbag.py:536} INFO - Filling up the DagBag from /home/airflow/.local/lib/python3.8/site-packages/airflow/example_dags/example_task_group.py
[2025-10-17T08:10:28.137+0000] {processor.py:839} INFO - DAG(s) dict_keys(['example_task_group']) retrieved from /home/airflow/.local/lib/python3.8/site-packages/airflow/example_dags/example_task_group.py
[2025-10-17T08:10:28.163+0000] {logging_mixin.py:154} INFO - [2025-10-17T08:10:28.162+0000] {dag.py:2941} INFO - Sync 1 DAGs
[2025-10-17T08:10:28.189+0000] {logging_mixin.py:154} INFO - [2025-10-17T08:10:28.189+0000] {dag.py:3722} INFO - Setting next_dagrun for example_task_group to 2025-10-16T08:10:28.189466+00:00, run_after=2025-10-17T08:10:28.189466+00:00
[2025-10-17T08:10:28.211+0000] {processor.py:179} INFO - Processing /home/airflow/.local/lib/python3.8/site-packages/airflow/example_dags/example_task_group.py took 0.091 seconds
[2025-10-17T08:10:58.523+0000] {processor.py:157} INFO - Started process (PID=327) to work on /home/airflow/.local/lib/python3.8/site-packages/airflow/example_dags/example_task_group.py
[2025-10-17T08:10:58.524+0000] {processor.py:829} INFO - Processing file /home/airflow/.local/lib/python3.8/site-packages/airflow/example_dags/example_task_group.py for tasks to queue
[2025-10-17T08:10:58.526+0000] {logging_mixin.py:154} INFO - [2025-10-17T08:10:58.526+0000] {dagbag.py:536} INFO - Filling up the DagBag from /home/airflow/.local/lib/python3.8/site-packages/airflow/example_dags/example_task_group.py
[2025-10-17T08:10:58.533+0000] {processor.py:839} INFO - DAG(s) dict_keys(['example_task_group']) retrieved from /home/airflow/.local/lib/python3.8/site-packages/airflow/example_dags/example_task_group.py
[2025-10-17T08:10:58.553+0000] {logging_mixin.py:154} INFO - [2025-10-17T08:10:58.553+0000] {dag.py:2941} INFO - Sync 1 DAGs
[2025-10-17T08:10:58.571+0000] {logging_mixin.py:154} INFO - [2025-10-17T08:10:58.571+0000] {dag.py:3722} INFO - Setting next_dagrun for example_task_group to 2025-10-16T08:10:58.571523+00:00, run_after=2025-10-17T08:10:58.571523+00:00
[2025-10-17T08:10:58.588+0000] {processor.py:179} INFO - Processing /home/airflow/.local/lib/python3.8/site-packages/airflow/example_dags/example_task_group.py took 0.069 seconds
[2025-10-17T08:12:38.098+0000] {processor.py:157} INFO - Started process (PID=104) to work on /home/airflow/.local/lib/python3.8/site-packages/airflow/example_dags/example_task_group.py
[2025-10-17T08:12:38.100+0000] {processor.py:829} INFO - Processing file /home/airflow/.local/lib/python3.8/site-packages/airflow/example_dags/example_task_group.py for tasks to queue
[2025-10-17T08:12:38.103+0000] {logging_mixin.py:154} INFO - [2025-10-17T08:12:38.103+0000] {dagbag.py:536} INFO - Filling up the DagBag from /home/airflow/.local/lib/python3.8/site-packages/airflow/example_dags/example_task_group.py
[2025-10-17T08:12:38.114+0000] {processor.py:839} INFO - DAG(s) dict_keys(['example_task_group']) retrieved from /home/airflow/.local/lib/python3.8/site-packages/airflow/example_dags/example_task_group.py
[2025-10-17T08:12:38.291+0000] {logging_mixin.py:154} INFO - [2025-10-17T08:12:38.291+0000] {manager.py:499} INFO - Created Permission View: %s
[2025-10-17T08:12:38.303+0000] {logging_mixin.py:154} INFO - [2025-10-17T08:12:38.303+0000] {manager.py:499} INFO - Created Permission View: %s
[2025-10-17T08:12:38.313+0000] {logging_mixin.py:154} INFO - [2025-10-17T08:12:38.313+0000] {manager.py:499} INFO - Created Permission View: %s
[2025-10-17T08:12:38.313+0000] {logging_mixin.py:154} INFO - [2025-10-17T08:12:38.313+0000] {dag.py:2941} INFO - Sync 1 DAGs
[2025-10-17T08:12:38.326+0000] {logging_mixin.py:154} INFO - [2025-10-17T08:12:38.326+0000] {dag.py:2963} INFO - Creating ORM DAG for example_task_group
[2025-10-17T08:12:38.336+0000] {logging_mixin.py:154} INFO - [2025-10-17T08:12:38.336+0000] {dag.py:3722} INFO - Setting next_dagrun for example_task_group to 2025-10-16T08:12:38.336164+00:00, run_after=2025-10-17T08:12:38.336164+00:00
[2025-10-17T08:12:38.363+0000] {processor.py:179} INFO - Processing /home/airflow/.local/lib/python3.8/site-packages/airflow/example_dags/example_task_group.py took 0.268 seconds
[2025-10-17T08:13:09.039+0000] {processor.py:157} INFO - Started process (PID=160) to work on /home/airflow/.local/lib/python3.8/site-packages/airflow/example_dags/example_task_group.py
[2025-10-17T08:13:09.040+0000] {processor.py:829} INFO - Processing file /home/airflow/.local/lib/python3.8/site-packages/airflow/example_dags/example_task_group.py for tasks to queue
[2025-10-17T08:13:09.042+0000] {logging_mixin.py:154} INFO - [2025-10-17T08:13:09.042+0000] {dagbag.py:536} INFO - Filling up the DagBag from /home/airflow/.local/lib/python3.8/site-packages/airflow/example_dags/example_task_group.py
[2025-10-17T08:13:09.049+0000] {processor.py:839} INFO - DAG(s) dict_keys(['example_task_group']) retrieved from /home/airflow/.local/lib/python3.8/site-packages/airflow/example_dags/example_task_group.py
[2025-10-17T08:13:09.070+0000] {logging_mixin.py:154} INFO - [2025-10-17T08:13:09.070+0000] {dag.py:2941} INFO - Sync 1 DAGs
[2025-10-17T08:13:09.088+0000] {logging_mixin.py:154} INFO - [2025-10-17T08:13:09.088+0000] {dag.py:3722} INFO - Setting next_dagrun for example_task_group to 2025-10-16T08:13:09.088004+00:00, run_after=2025-10-17T08:13:09.088004+00:00
[2025-10-17T08:13:09.105+0000] {processor.py:179} INFO - Processing /home/airflow/.local/lib/python3.8/site-packages/airflow/example_dags/example_task_group.py took 0.068 seconds
[2025-10-17T08:13:39.616+0000] {processor.py:157} INFO - Started process (PID=216) to work on /home/airflow/.local/lib/python3.8/site-packages/airflow/example_dags/example_task_group.py
[2025-10-17T08:13:39.617+0000] {processor.py:829} INFO - Processing file /home/airflow/.local/lib/python3.8/site-packages/airflow/example_dags/example_task_group.py for tasks to queue
[2025-10-17T08:13:39.620+0000] {logging_mixin.py:154} INFO - [2025-10-17T08:13:39.620+0000] {dagbag.py:536} INFO - Filling up the DagBag from /home/airflow/.local/lib/python3.8/site-packages/airflow/example_dags/example_task_group.py
[2025-10-17T08:13:39.628+0000] {processor.py:839} INFO - DAG(s) dict_keys(['example_task_group']) retrieved from /home/airflow/.local/lib/python3.8/site-packages/airflow/example_dags/example_task_group.py
[2025-10-17T08:13:39.649+0000] {logging_mixin.py:154} INFO - [2025-10-17T08:13:39.649+0000] {dag.py:2941} INFO - Sync 1 DAGs
[2025-10-17T08:13:39.669+0000] {logging_mixin.py:154} INFO - [2025-10-17T08:13:39.669+0000] {dag.py:3722} INFO - Setting next_dagrun for example_task_group to 2025-10-16T08:13:39.668770+00:00, run_after=2025-10-17T08:13:39.668770+00:00
[2025-10-17T08:13:39.686+0000] {processor.py:179} INFO - Processing /home/airflow/.local/lib/python3.8/site-packages/airflow/example_dags/example_task_group.py took 0.074 seconds
