[2025-10-17T07:19:42.926+0000] {processor.py:157} INFO - Started process (PID=561) to work on /home/airflow/.local/lib/python3.8/site-packages/airflow/example_dags/example_setup_teardown_taskflow.py
[2025-10-17T07:19:42.927+0000] {processor.py:829} INFO - Processing file /home/airflow/.local/lib/python3.8/site-packages/airflow/example_dags/example_setup_teardown_taskflow.py for tasks to queue
[2025-10-17T07:19:42.930+0000] {logging_mixin.py:154} INFO - [2025-10-17T07:19:42.930+0000] {dagbag.py:536} INFO - Filling up the DagBag from /home/airflow/.local/lib/python3.8/site-packages/airflow/example_dags/example_setup_teardown_taskflow.py
[2025-10-17T07:19:42.945+0000] {processor.py:839} INFO - DAG(s) dict_keys(['example_setup_teardown_taskflow']) retrieved from /home/airflow/.local/lib/python3.8/site-packages/airflow/example_dags/example_setup_teardown_taskflow.py
[2025-10-17T07:19:42.982+0000] {logging_mixin.py:154} INFO - [2025-10-17T07:19:42.982+0000] {dag.py:2941} INFO - Sync 1 DAGs
[2025-10-17T07:19:43.025+0000] {logging_mixin.py:154} INFO - [2025-10-17T07:19:43.025+0000] {dag.py:3722} INFO - Setting next_dagrun for example_setup_teardown_taskflow to 2025-10-16T07:19:43.024324+00:00, run_after=2025-10-17T07:19:43.024324+00:00
[2025-10-17T07:19:43.060+0000] {processor.py:179} INFO - Processing /home/airflow/.local/lib/python3.8/site-packages/airflow/example_dags/example_setup_teardown_taskflow.py took 0.140 seconds
[2025-10-17T07:20:13.124+0000] {processor.py:157} INFO - Started process (PID=616) to work on /home/airflow/.local/lib/python3.8/site-packages/airflow/example_dags/example_setup_teardown_taskflow.py
[2025-10-17T07:20:13.125+0000] {processor.py:829} INFO - Processing file /home/airflow/.local/lib/python3.8/site-packages/airflow/example_dags/example_setup_teardown_taskflow.py for tasks to queue
[2025-10-17T07:20:13.127+0000] {logging_mixin.py:154} INFO - [2025-10-17T07:20:13.127+0000] {dagbag.py:536} INFO - Filling up the DagBag from /home/airflow/.local/lib/python3.8/site-packages/airflow/example_dags/example_setup_teardown_taskflow.py
[2025-10-17T07:20:13.136+0000] {processor.py:839} INFO - DAG(s) dict_keys(['example_setup_teardown_taskflow']) retrieved from /home/airflow/.local/lib/python3.8/site-packages/airflow/example_dags/example_setup_teardown_taskflow.py
[2025-10-17T07:20:13.157+0000] {logging_mixin.py:154} INFO - [2025-10-17T07:20:13.157+0000] {dag.py:2941} INFO - Sync 1 DAGs
[2025-10-17T07:20:13.177+0000] {logging_mixin.py:154} INFO - [2025-10-17T07:20:13.177+0000] {dag.py:3722} INFO - Setting next_dagrun for example_setup_teardown_taskflow to 2025-10-16T07:20:13.176768+00:00, run_after=2025-10-17T07:20:13.176768+00:00
[2025-10-17T07:20:13.196+0000] {processor.py:179} INFO - Processing /home/airflow/.local/lib/python3.8/site-packages/airflow/example_dags/example_setup_teardown_taskflow.py took 0.076 seconds
[2025-10-17T07:20:43.902+0000] {processor.py:157} INFO - Started process (PID=672) to work on /home/airflow/.local/lib/python3.8/site-packages/airflow/example_dags/example_setup_teardown_taskflow.py
[2025-10-17T07:20:43.904+0000] {processor.py:829} INFO - Processing file /home/airflow/.local/lib/python3.8/site-packages/airflow/example_dags/example_setup_teardown_taskflow.py for tasks to queue
[2025-10-17T07:20:43.907+0000] {logging_mixin.py:154} INFO - [2025-10-17T07:20:43.906+0000] {dagbag.py:536} INFO - Filling up the DagBag from /home/airflow/.local/lib/python3.8/site-packages/airflow/example_dags/example_setup_teardown_taskflow.py
[2025-10-17T07:20:43.923+0000] {processor.py:839} INFO - DAG(s) dict_keys(['example_setup_teardown_taskflow']) retrieved from /home/airflow/.local/lib/python3.8/site-packages/airflow/example_dags/example_setup_teardown_taskflow.py
[2025-10-17T07:20:43.950+0000] {logging_mixin.py:154} INFO - [2025-10-17T07:20:43.950+0000] {dag.py:2941} INFO - Sync 1 DAGs
[2025-10-17T07:20:43.979+0000] {logging_mixin.py:154} INFO - [2025-10-17T07:20:43.979+0000] {dag.py:3722} INFO - Setting next_dagrun for example_setup_teardown_taskflow to 2025-10-16T07:20:43.978868+00:00, run_after=2025-10-17T07:20:43.978868+00:00
[2025-10-17T07:20:44.009+0000] {processor.py:179} INFO - Processing /home/airflow/.local/lib/python3.8/site-packages/airflow/example_dags/example_setup_teardown_taskflow.py took 0.112 seconds
[2025-10-17T07:21:14.731+0000] {processor.py:157} INFO - Started process (PID=728) to work on /home/airflow/.local/lib/python3.8/site-packages/airflow/example_dags/example_setup_teardown_taskflow.py
[2025-10-17T07:21:14.732+0000] {processor.py:829} INFO - Processing file /home/airflow/.local/lib/python3.8/site-packages/airflow/example_dags/example_setup_teardown_taskflow.py for tasks to queue
[2025-10-17T07:21:14.734+0000] {logging_mixin.py:154} INFO - [2025-10-17T07:21:14.734+0000] {dagbag.py:536} INFO - Filling up the DagBag from /home/airflow/.local/lib/python3.8/site-packages/airflow/example_dags/example_setup_teardown_taskflow.py
[2025-10-17T07:21:14.743+0000] {processor.py:839} INFO - DAG(s) dict_keys(['example_setup_teardown_taskflow']) retrieved from /home/airflow/.local/lib/python3.8/site-packages/airflow/example_dags/example_setup_teardown_taskflow.py
[2025-10-17T07:21:14.763+0000] {logging_mixin.py:154} INFO - [2025-10-17T07:21:14.762+0000] {dag.py:2941} INFO - Sync 1 DAGs
[2025-10-17T07:21:14.781+0000] {logging_mixin.py:154} INFO - [2025-10-17T07:21:14.780+0000] {dag.py:3722} INFO - Setting next_dagrun for example_setup_teardown_taskflow to 2025-10-16T07:21:14.780742+00:00, run_after=2025-10-17T07:21:14.780742+00:00
[2025-10-17T07:21:14.800+0000] {processor.py:179} INFO - Processing /home/airflow/.local/lib/python3.8/site-packages/airflow/example_dags/example_setup_teardown_taskflow.py took 0.072 seconds
[2025-10-17T07:21:44.996+0000] {processor.py:157} INFO - Started process (PID=784) to work on /home/airflow/.local/lib/python3.8/site-packages/airflow/example_dags/example_setup_teardown_taskflow.py
[2025-10-17T07:21:44.998+0000] {processor.py:829} INFO - Processing file /home/airflow/.local/lib/python3.8/site-packages/airflow/example_dags/example_setup_teardown_taskflow.py for tasks to queue
[2025-10-17T07:21:45.000+0000] {logging_mixin.py:154} INFO - [2025-10-17T07:21:45.000+0000] {dagbag.py:536} INFO - Filling up the DagBag from /home/airflow/.local/lib/python3.8/site-packages/airflow/example_dags/example_setup_teardown_taskflow.py
[2025-10-17T07:21:45.009+0000] {processor.py:839} INFO - DAG(s) dict_keys(['example_setup_teardown_taskflow']) retrieved from /home/airflow/.local/lib/python3.8/site-packages/airflow/example_dags/example_setup_teardown_taskflow.py
[2025-10-17T07:21:45.029+0000] {logging_mixin.py:154} INFO - [2025-10-17T07:21:45.029+0000] {dag.py:2941} INFO - Sync 1 DAGs
[2025-10-17T07:21:45.049+0000] {logging_mixin.py:154} INFO - [2025-10-17T07:21:45.048+0000] {dag.py:3722} INFO - Setting next_dagrun for example_setup_teardown_taskflow to 2025-10-16T07:21:45.048764+00:00, run_after=2025-10-17T07:21:45.048764+00:00
[2025-10-17T07:21:45.069+0000] {processor.py:179} INFO - Processing /home/airflow/.local/lib/python3.8/site-packages/airflow/example_dags/example_setup_teardown_taskflow.py took 0.076 seconds
[2025-10-17T07:22:15.487+0000] {processor.py:157} INFO - Started process (PID=840) to work on /home/airflow/.local/lib/python3.8/site-packages/airflow/example_dags/example_setup_teardown_taskflow.py
[2025-10-17T07:22:15.488+0000] {processor.py:829} INFO - Processing file /home/airflow/.local/lib/python3.8/site-packages/airflow/example_dags/example_setup_teardown_taskflow.py for tasks to queue
[2025-10-17T07:22:15.490+0000] {logging_mixin.py:154} INFO - [2025-10-17T07:22:15.490+0000] {dagbag.py:536} INFO - Filling up the DagBag from /home/airflow/.local/lib/python3.8/site-packages/airflow/example_dags/example_setup_teardown_taskflow.py
[2025-10-17T07:22:15.498+0000] {processor.py:839} INFO - DAG(s) dict_keys(['example_setup_teardown_taskflow']) retrieved from /home/airflow/.local/lib/python3.8/site-packages/airflow/example_dags/example_setup_teardown_taskflow.py
[2025-10-17T07:22:15.519+0000] {logging_mixin.py:154} INFO - [2025-10-17T07:22:15.518+0000] {dag.py:2941} INFO - Sync 1 DAGs
[2025-10-17T07:22:15.537+0000] {logging_mixin.py:154} INFO - [2025-10-17T07:22:15.537+0000] {dag.py:3722} INFO - Setting next_dagrun for example_setup_teardown_taskflow to 2025-10-16T07:22:15.537120+00:00, run_after=2025-10-17T07:22:15.537120+00:00
[2025-10-17T07:22:15.553+0000] {processor.py:179} INFO - Processing /home/airflow/.local/lib/python3.8/site-packages/airflow/example_dags/example_setup_teardown_taskflow.py took 0.069 seconds
[2025-10-17T07:22:46.003+0000] {processor.py:157} INFO - Started process (PID=896) to work on /home/airflow/.local/lib/python3.8/site-packages/airflow/example_dags/example_setup_teardown_taskflow.py
[2025-10-17T07:22:46.005+0000] {processor.py:829} INFO - Processing file /home/airflow/.local/lib/python3.8/site-packages/airflow/example_dags/example_setup_teardown_taskflow.py for tasks to queue
[2025-10-17T07:22:46.006+0000] {logging_mixin.py:154} INFO - [2025-10-17T07:22:46.006+0000] {dagbag.py:536} INFO - Filling up the DagBag from /home/airflow/.local/lib/python3.8/site-packages/airflow/example_dags/example_setup_teardown_taskflow.py
[2025-10-17T07:22:46.016+0000] {processor.py:839} INFO - DAG(s) dict_keys(['example_setup_teardown_taskflow']) retrieved from /home/airflow/.local/lib/python3.8/site-packages/airflow/example_dags/example_setup_teardown_taskflow.py
[2025-10-17T07:22:46.040+0000] {logging_mixin.py:154} INFO - [2025-10-17T07:22:46.040+0000] {dag.py:2941} INFO - Sync 1 DAGs
[2025-10-17T07:22:46.060+0000] {logging_mixin.py:154} INFO - [2025-10-17T07:22:46.060+0000] {dag.py:3722} INFO - Setting next_dagrun for example_setup_teardown_taskflow to 2025-10-16T07:22:46.059825+00:00, run_after=2025-10-17T07:22:46.059825+00:00
[2025-10-17T07:22:46.079+0000] {processor.py:179} INFO - Processing /home/airflow/.local/lib/python3.8/site-packages/airflow/example_dags/example_setup_teardown_taskflow.py took 0.079 seconds
[2025-10-17T07:23:16.135+0000] {processor.py:157} INFO - Started process (PID=951) to work on /home/airflow/.local/lib/python3.8/site-packages/airflow/example_dags/example_setup_teardown_taskflow.py
[2025-10-17T07:23:16.136+0000] {processor.py:829} INFO - Processing file /home/airflow/.local/lib/python3.8/site-packages/airflow/example_dags/example_setup_teardown_taskflow.py for tasks to queue
[2025-10-17T07:23:16.138+0000] {logging_mixin.py:154} INFO - [2025-10-17T07:23:16.138+0000] {dagbag.py:536} INFO - Filling up the DagBag from /home/airflow/.local/lib/python3.8/site-packages/airflow/example_dags/example_setup_teardown_taskflow.py
[2025-10-17T07:23:16.146+0000] {processor.py:839} INFO - DAG(s) dict_keys(['example_setup_teardown_taskflow']) retrieved from /home/airflow/.local/lib/python3.8/site-packages/airflow/example_dags/example_setup_teardown_taskflow.py
[2025-10-17T07:23:16.165+0000] {logging_mixin.py:154} INFO - [2025-10-17T07:23:16.164+0000] {dag.py:2941} INFO - Sync 1 DAGs
[2025-10-17T07:23:16.182+0000] {logging_mixin.py:154} INFO - [2025-10-17T07:23:16.181+0000] {dag.py:3722} INFO - Setting next_dagrun for example_setup_teardown_taskflow to 2025-10-16T07:23:16.181567+00:00, run_after=2025-10-17T07:23:16.181567+00:00
[2025-10-17T07:23:16.197+0000] {processor.py:179} INFO - Processing /home/airflow/.local/lib/python3.8/site-packages/airflow/example_dags/example_setup_teardown_taskflow.py took 0.065 seconds
[2025-10-17T07:23:46.228+0000] {processor.py:157} INFO - Started process (PID=1007) to work on /home/airflow/.local/lib/python3.8/site-packages/airflow/example_dags/example_setup_teardown_taskflow.py
[2025-10-17T07:23:46.229+0000] {processor.py:829} INFO - Processing file /home/airflow/.local/lib/python3.8/site-packages/airflow/example_dags/example_setup_teardown_taskflow.py for tasks to queue
[2025-10-17T07:23:46.231+0000] {logging_mixin.py:154} INFO - [2025-10-17T07:23:46.231+0000] {dagbag.py:536} INFO - Filling up the DagBag from /home/airflow/.local/lib/python3.8/site-packages/airflow/example_dags/example_setup_teardown_taskflow.py
[2025-10-17T07:23:46.240+0000] {processor.py:839} INFO - DAG(s) dict_keys(['example_setup_teardown_taskflow']) retrieved from /home/airflow/.local/lib/python3.8/site-packages/airflow/example_dags/example_setup_teardown_taskflow.py
[2025-10-17T07:23:46.260+0000] {logging_mixin.py:154} INFO - [2025-10-17T07:23:46.260+0000] {dag.py:2941} INFO - Sync 1 DAGs
[2025-10-17T07:23:46.279+0000] {logging_mixin.py:154} INFO - [2025-10-17T07:23:46.279+0000] {dag.py:3722} INFO - Setting next_dagrun for example_setup_teardown_taskflow to 2025-10-16T07:23:46.279174+00:00, run_after=2025-10-17T07:23:46.279174+00:00
[2025-10-17T07:23:46.296+0000] {processor.py:179} INFO - Processing /home/airflow/.local/lib/python3.8/site-packages/airflow/example_dags/example_setup_teardown_taskflow.py took 0.071 seconds
[2025-10-17T07:24:16.358+0000] {processor.py:157} INFO - Started process (PID=1063) to work on /home/airflow/.local/lib/python3.8/site-packages/airflow/example_dags/example_setup_teardown_taskflow.py
[2025-10-17T07:24:16.359+0000] {processor.py:829} INFO - Processing file /home/airflow/.local/lib/python3.8/site-packages/airflow/example_dags/example_setup_teardown_taskflow.py for tasks to queue
[2025-10-17T07:24:16.362+0000] {logging_mixin.py:154} INFO - [2025-10-17T07:24:16.361+0000] {dagbag.py:536} INFO - Filling up the DagBag from /home/airflow/.local/lib/python3.8/site-packages/airflow/example_dags/example_setup_teardown_taskflow.py
[2025-10-17T07:24:16.370+0000] {processor.py:839} INFO - DAG(s) dict_keys(['example_setup_teardown_taskflow']) retrieved from /home/airflow/.local/lib/python3.8/site-packages/airflow/example_dags/example_setup_teardown_taskflow.py
[2025-10-17T07:24:16.392+0000] {logging_mixin.py:154} INFO - [2025-10-17T07:24:16.391+0000] {dag.py:2941} INFO - Sync 1 DAGs
[2025-10-17T07:24:16.410+0000] {logging_mixin.py:154} INFO - [2025-10-17T07:24:16.410+0000] {dag.py:3722} INFO - Setting next_dagrun for example_setup_teardown_taskflow to 2025-10-16T07:24:16.410261+00:00, run_after=2025-10-17T07:24:16.410261+00:00
[2025-10-17T07:24:16.427+0000] {processor.py:179} INFO - Processing /home/airflow/.local/lib/python3.8/site-packages/airflow/example_dags/example_setup_teardown_taskflow.py took 0.073 seconds
[2025-10-17T07:24:47.248+0000] {processor.py:157} INFO - Started process (PID=1125) to work on /home/airflow/.local/lib/python3.8/site-packages/airflow/example_dags/example_setup_teardown_taskflow.py
[2025-10-17T07:24:47.249+0000] {processor.py:829} INFO - Processing file /home/airflow/.local/lib/python3.8/site-packages/airflow/example_dags/example_setup_teardown_taskflow.py for tasks to queue
[2025-10-17T07:24:47.251+0000] {logging_mixin.py:154} INFO - [2025-10-17T07:24:47.251+0000] {dagbag.py:536} INFO - Filling up the DagBag from /home/airflow/.local/lib/python3.8/site-packages/airflow/example_dags/example_setup_teardown_taskflow.py
[2025-10-17T07:24:47.259+0000] {processor.py:839} INFO - DAG(s) dict_keys(['example_setup_teardown_taskflow']) retrieved from /home/airflow/.local/lib/python3.8/site-packages/airflow/example_dags/example_setup_teardown_taskflow.py
[2025-10-17T07:24:47.280+0000] {logging_mixin.py:154} INFO - [2025-10-17T07:24:47.279+0000] {dag.py:2941} INFO - Sync 1 DAGs
[2025-10-17T07:24:47.299+0000] {logging_mixin.py:154} INFO - [2025-10-17T07:24:47.298+0000] {dag.py:3722} INFO - Setting next_dagrun for example_setup_teardown_taskflow to 2025-10-16T07:24:47.298759+00:00, run_after=2025-10-17T07:24:47.298759+00:00
[2025-10-17T07:24:47.314+0000] {processor.py:179} INFO - Processing /home/airflow/.local/lib/python3.8/site-packages/airflow/example_dags/example_setup_teardown_taskflow.py took 0.069 seconds
[2025-10-17T07:25:17.609+0000] {processor.py:157} INFO - Started process (PID=1181) to work on /home/airflow/.local/lib/python3.8/site-packages/airflow/example_dags/example_setup_teardown_taskflow.py
[2025-10-17T07:25:17.610+0000] {processor.py:829} INFO - Processing file /home/airflow/.local/lib/python3.8/site-packages/airflow/example_dags/example_setup_teardown_taskflow.py for tasks to queue
[2025-10-17T07:25:17.613+0000] {logging_mixin.py:154} INFO - [2025-10-17T07:25:17.613+0000] {dagbag.py:536} INFO - Filling up the DagBag from /home/airflow/.local/lib/python3.8/site-packages/airflow/example_dags/example_setup_teardown_taskflow.py
[2025-10-17T07:25:17.621+0000] {processor.py:839} INFO - DAG(s) dict_keys(['example_setup_teardown_taskflow']) retrieved from /home/airflow/.local/lib/python3.8/site-packages/airflow/example_dags/example_setup_teardown_taskflow.py
[2025-10-17T07:25:17.775+0000] {logging_mixin.py:154} INFO - [2025-10-17T07:25:17.775+0000] {dag.py:2941} INFO - Sync 1 DAGs
[2025-10-17T07:25:17.790+0000] {logging_mixin.py:154} INFO - [2025-10-17T07:25:17.790+0000] {dag.py:3722} INFO - Setting next_dagrun for example_setup_teardown_taskflow to 2025-10-16T07:25:17.790500+00:00, run_after=2025-10-17T07:25:17.790500+00:00
[2025-10-17T07:25:17.806+0000] {processor.py:179} INFO - Processing /home/airflow/.local/lib/python3.8/site-packages/airflow/example_dags/example_setup_teardown_taskflow.py took 0.200 seconds
[2025-10-17T07:25:48.177+0000] {processor.py:157} INFO - Started process (PID=1237) to work on /home/airflow/.local/lib/python3.8/site-packages/airflow/example_dags/example_setup_teardown_taskflow.py
[2025-10-17T07:25:48.178+0000] {processor.py:829} INFO - Processing file /home/airflow/.local/lib/python3.8/site-packages/airflow/example_dags/example_setup_teardown_taskflow.py for tasks to queue
[2025-10-17T07:25:48.180+0000] {logging_mixin.py:154} INFO - [2025-10-17T07:25:48.180+0000] {dagbag.py:536} INFO - Filling up the DagBag from /home/airflow/.local/lib/python3.8/site-packages/airflow/example_dags/example_setup_teardown_taskflow.py
[2025-10-17T07:25:48.188+0000] {processor.py:839} INFO - DAG(s) dict_keys(['example_setup_teardown_taskflow']) retrieved from /home/airflow/.local/lib/python3.8/site-packages/airflow/example_dags/example_setup_teardown_taskflow.py
[2025-10-17T07:25:48.208+0000] {logging_mixin.py:154} INFO - [2025-10-17T07:25:48.208+0000] {dag.py:2941} INFO - Sync 1 DAGs
[2025-10-17T07:25:48.355+0000] {logging_mixin.py:154} INFO - [2025-10-17T07:25:48.354+0000] {dag.py:3722} INFO - Setting next_dagrun for example_setup_teardown_taskflow to 2025-10-16T07:25:48.354745+00:00, run_after=2025-10-17T07:25:48.354745+00:00
[2025-10-17T07:25:48.370+0000] {processor.py:179} INFO - Processing /home/airflow/.local/lib/python3.8/site-packages/airflow/example_dags/example_setup_teardown_taskflow.py took 0.196 seconds
[2025-10-17T07:26:18.578+0000] {processor.py:157} INFO - Started process (PID=1297) to work on /home/airflow/.local/lib/python3.8/site-packages/airflow/example_dags/example_setup_teardown_taskflow.py
[2025-10-17T07:26:18.579+0000] {processor.py:829} INFO - Processing file /home/airflow/.local/lib/python3.8/site-packages/airflow/example_dags/example_setup_teardown_taskflow.py for tasks to queue
[2025-10-17T07:26:18.581+0000] {logging_mixin.py:154} INFO - [2025-10-17T07:26:18.581+0000] {dagbag.py:536} INFO - Filling up the DagBag from /home/airflow/.local/lib/python3.8/site-packages/airflow/example_dags/example_setup_teardown_taskflow.py
[2025-10-17T07:26:18.589+0000] {processor.py:839} INFO - DAG(s) dict_keys(['example_setup_teardown_taskflow']) retrieved from /home/airflow/.local/lib/python3.8/site-packages/airflow/example_dags/example_setup_teardown_taskflow.py
[2025-10-17T07:26:18.608+0000] {logging_mixin.py:154} INFO - [2025-10-17T07:26:18.608+0000] {dag.py:2941} INFO - Sync 1 DAGs
[2025-10-17T07:26:18.625+0000] {logging_mixin.py:154} INFO - [2025-10-17T07:26:18.625+0000] {dag.py:3722} INFO - Setting next_dagrun for example_setup_teardown_taskflow to 2025-10-16T07:26:18.625235+00:00, run_after=2025-10-17T07:26:18.625235+00:00
[2025-10-17T07:26:18.642+0000] {processor.py:179} INFO - Processing /home/airflow/.local/lib/python3.8/site-packages/airflow/example_dags/example_setup_teardown_taskflow.py took 0.067 seconds
[2025-10-17T07:26:48.724+0000] {processor.py:157} INFO - Started process (PID=1352) to work on /home/airflow/.local/lib/python3.8/site-packages/airflow/example_dags/example_setup_teardown_taskflow.py
[2025-10-17T07:26:48.725+0000] {processor.py:829} INFO - Processing file /home/airflow/.local/lib/python3.8/site-packages/airflow/example_dags/example_setup_teardown_taskflow.py for tasks to queue
[2025-10-17T07:26:48.727+0000] {logging_mixin.py:154} INFO - [2025-10-17T07:26:48.727+0000] {dagbag.py:536} INFO - Filling up the DagBag from /home/airflow/.local/lib/python3.8/site-packages/airflow/example_dags/example_setup_teardown_taskflow.py
[2025-10-17T07:26:48.735+0000] {processor.py:839} INFO - DAG(s) dict_keys(['example_setup_teardown_taskflow']) retrieved from /home/airflow/.local/lib/python3.8/site-packages/airflow/example_dags/example_setup_teardown_taskflow.py
[2025-10-17T07:26:48.758+0000] {logging_mixin.py:154} INFO - [2025-10-17T07:26:48.757+0000] {dag.py:2941} INFO - Sync 1 DAGs
[2025-10-17T07:26:48.777+0000] {logging_mixin.py:154} INFO - [2025-10-17T07:26:48.777+0000] {dag.py:3722} INFO - Setting next_dagrun for example_setup_teardown_taskflow to 2025-10-16T07:26:48.777286+00:00, run_after=2025-10-17T07:26:48.777286+00:00
[2025-10-17T07:26:48.795+0000] {processor.py:179} INFO - Processing /home/airflow/.local/lib/python3.8/site-packages/airflow/example_dags/example_setup_teardown_taskflow.py took 0.074 seconds
[2025-10-17T07:27:18.942+0000] {processor.py:157} INFO - Started process (PID=1407) to work on /home/airflow/.local/lib/python3.8/site-packages/airflow/example_dags/example_setup_teardown_taskflow.py
[2025-10-17T07:27:18.943+0000] {processor.py:829} INFO - Processing file /home/airflow/.local/lib/python3.8/site-packages/airflow/example_dags/example_setup_teardown_taskflow.py for tasks to queue
[2025-10-17T07:27:18.946+0000] {logging_mixin.py:154} INFO - [2025-10-17T07:27:18.945+0000] {dagbag.py:536} INFO - Filling up the DagBag from /home/airflow/.local/lib/python3.8/site-packages/airflow/example_dags/example_setup_teardown_taskflow.py
[2025-10-17T07:27:18.953+0000] {processor.py:839} INFO - DAG(s) dict_keys(['example_setup_teardown_taskflow']) retrieved from /home/airflow/.local/lib/python3.8/site-packages/airflow/example_dags/example_setup_teardown_taskflow.py
[2025-10-17T07:27:18.973+0000] {logging_mixin.py:154} INFO - [2025-10-17T07:27:18.972+0000] {dag.py:2941} INFO - Sync 1 DAGs
[2025-10-17T07:27:18.989+0000] {logging_mixin.py:154} INFO - [2025-10-17T07:27:18.989+0000] {dag.py:3722} INFO - Setting next_dagrun for example_setup_teardown_taskflow to 2025-10-16T07:27:18.988987+00:00, run_after=2025-10-17T07:27:18.988987+00:00
[2025-10-17T07:27:19.007+0000] {processor.py:179} INFO - Processing /home/airflow/.local/lib/python3.8/site-packages/airflow/example_dags/example_setup_teardown_taskflow.py took 0.069 seconds
[2025-10-17T07:27:49.188+0000] {processor.py:157} INFO - Started process (PID=1462) to work on /home/airflow/.local/lib/python3.8/site-packages/airflow/example_dags/example_setup_teardown_taskflow.py
[2025-10-17T07:27:49.189+0000] {processor.py:829} INFO - Processing file /home/airflow/.local/lib/python3.8/site-packages/airflow/example_dags/example_setup_teardown_taskflow.py for tasks to queue
[2025-10-17T07:27:49.190+0000] {logging_mixin.py:154} INFO - [2025-10-17T07:27:49.190+0000] {dagbag.py:536} INFO - Filling up the DagBag from /home/airflow/.local/lib/python3.8/site-packages/airflow/example_dags/example_setup_teardown_taskflow.py
[2025-10-17T07:27:49.199+0000] {processor.py:839} INFO - DAG(s) dict_keys(['example_setup_teardown_taskflow']) retrieved from /home/airflow/.local/lib/python3.8/site-packages/airflow/example_dags/example_setup_teardown_taskflow.py
[2025-10-17T07:27:49.218+0000] {logging_mixin.py:154} INFO - [2025-10-17T07:27:49.218+0000] {dag.py:2941} INFO - Sync 1 DAGs
[2025-10-17T07:27:49.235+0000] {logging_mixin.py:154} INFO - [2025-10-17T07:27:49.234+0000] {dag.py:3722} INFO - Setting next_dagrun for example_setup_teardown_taskflow to 2025-10-16T07:27:49.234529+00:00, run_after=2025-10-17T07:27:49.234529+00:00
[2025-10-17T07:27:49.252+0000] {processor.py:179} INFO - Processing /home/airflow/.local/lib/python3.8/site-packages/airflow/example_dags/example_setup_teardown_taskflow.py took 0.067 seconds
[2025-10-17T07:28:19.662+0000] {processor.py:157} INFO - Started process (PID=1520) to work on /home/airflow/.local/lib/python3.8/site-packages/airflow/example_dags/example_setup_teardown_taskflow.py
[2025-10-17T07:28:19.663+0000] {processor.py:829} INFO - Processing file /home/airflow/.local/lib/python3.8/site-packages/airflow/example_dags/example_setup_teardown_taskflow.py for tasks to queue
[2025-10-17T07:28:19.664+0000] {logging_mixin.py:154} INFO - [2025-10-17T07:28:19.663+0000] {dagbag.py:536} INFO - Filling up the DagBag from /home/airflow/.local/lib/python3.8/site-packages/airflow/example_dags/example_setup_teardown_taskflow.py
[2025-10-17T07:28:19.674+0000] {processor.py:839} INFO - DAG(s) dict_keys(['example_setup_teardown_taskflow']) retrieved from /home/airflow/.local/lib/python3.8/site-packages/airflow/example_dags/example_setup_teardown_taskflow.py
[2025-10-17T07:28:19.695+0000] {logging_mixin.py:154} INFO - [2025-10-17T07:28:19.694+0000] {dag.py:2941} INFO - Sync 1 DAGs
[2025-10-17T07:28:19.714+0000] {logging_mixin.py:154} INFO - [2025-10-17T07:28:19.714+0000] {dag.py:3722} INFO - Setting next_dagrun for example_setup_teardown_taskflow to 2025-10-16T07:28:19.714167+00:00, run_after=2025-10-17T07:28:19.714167+00:00
[2025-10-17T07:28:19.731+0000] {processor.py:179} INFO - Processing /home/airflow/.local/lib/python3.8/site-packages/airflow/example_dags/example_setup_teardown_taskflow.py took 0.072 seconds
[2025-10-17T07:28:49.927+0000] {processor.py:157} INFO - Started process (PID=1576) to work on /home/airflow/.local/lib/python3.8/site-packages/airflow/example_dags/example_setup_teardown_taskflow.py
[2025-10-17T07:28:49.928+0000] {processor.py:829} INFO - Processing file /home/airflow/.local/lib/python3.8/site-packages/airflow/example_dags/example_setup_teardown_taskflow.py for tasks to queue
[2025-10-17T07:28:49.929+0000] {logging_mixin.py:154} INFO - [2025-10-17T07:28:49.929+0000] {dagbag.py:536} INFO - Filling up the DagBag from /home/airflow/.local/lib/python3.8/site-packages/airflow/example_dags/example_setup_teardown_taskflow.py
[2025-10-17T07:28:49.938+0000] {processor.py:839} INFO - DAG(s) dict_keys(['example_setup_teardown_taskflow']) retrieved from /home/airflow/.local/lib/python3.8/site-packages/airflow/example_dags/example_setup_teardown_taskflow.py
[2025-10-17T07:28:49.956+0000] {logging_mixin.py:154} INFO - [2025-10-17T07:28:49.956+0000] {dag.py:2941} INFO - Sync 1 DAGs
[2025-10-17T07:28:49.975+0000] {logging_mixin.py:154} INFO - [2025-10-17T07:28:49.974+0000] {dag.py:3722} INFO - Setting next_dagrun for example_setup_teardown_taskflow to 2025-10-16T07:28:49.974565+00:00, run_after=2025-10-17T07:28:49.974565+00:00
[2025-10-17T07:28:49.992+0000] {processor.py:179} INFO - Processing /home/airflow/.local/lib/python3.8/site-packages/airflow/example_dags/example_setup_teardown_taskflow.py took 0.069 seconds
[2025-10-17T07:30:18.268+0000] {processor.py:157} INFO - Started process (PID=57) to work on /home/airflow/.local/lib/python3.8/site-packages/airflow/example_dags/example_setup_teardown_taskflow.py
[2025-10-17T07:30:18.269+0000] {processor.py:829} INFO - Processing file /home/airflow/.local/lib/python3.8/site-packages/airflow/example_dags/example_setup_teardown_taskflow.py for tasks to queue
[2025-10-17T07:30:18.272+0000] {logging_mixin.py:154} INFO - [2025-10-17T07:30:18.271+0000] {dagbag.py:536} INFO - Filling up the DagBag from /home/airflow/.local/lib/python3.8/site-packages/airflow/example_dags/example_setup_teardown_taskflow.py
[2025-10-17T07:30:18.287+0000] {processor.py:839} INFO - DAG(s) dict_keys(['example_setup_teardown_taskflow']) retrieved from /home/airflow/.local/lib/python3.8/site-packages/airflow/example_dags/example_setup_teardown_taskflow.py
[2025-10-17T07:30:18.418+0000] {logging_mixin.py:154} INFO - [2025-10-17T07:30:18.418+0000] {manager.py:499} INFO - Created Permission View: %s
[2025-10-17T07:30:18.430+0000] {logging_mixin.py:154} INFO - [2025-10-17T07:30:18.430+0000] {manager.py:499} INFO - Created Permission View: %s
[2025-10-17T07:30:18.438+0000] {logging_mixin.py:154} INFO - [2025-10-17T07:30:18.438+0000] {manager.py:499} INFO - Created Permission View: %s
[2025-10-17T07:30:18.438+0000] {logging_mixin.py:154} INFO - [2025-10-17T07:30:18.438+0000] {dag.py:2941} INFO - Sync 1 DAGs
[2025-10-17T07:30:18.451+0000] {logging_mixin.py:154} INFO - [2025-10-17T07:30:18.451+0000] {dag.py:2963} INFO - Creating ORM DAG for example_setup_teardown_taskflow
[2025-10-17T07:30:18.463+0000] {logging_mixin.py:154} INFO - [2025-10-17T07:30:18.463+0000] {dag.py:3722} INFO - Setting next_dagrun for example_setup_teardown_taskflow to 2025-10-16T07:30:18.462762+00:00, run_after=2025-10-17T07:30:18.462762+00:00
[2025-10-17T07:30:18.484+0000] {processor.py:179} INFO - Processing /home/airflow/.local/lib/python3.8/site-packages/airflow/example_dags/example_setup_teardown_taskflow.py took 0.221 seconds
[2025-10-17T07:30:49.368+0000] {processor.py:157} INFO - Started process (PID=116) to work on /home/airflow/.local/lib/python3.8/site-packages/airflow/example_dags/example_setup_teardown_taskflow.py
[2025-10-17T07:30:49.370+0000] {processor.py:829} INFO - Processing file /home/airflow/.local/lib/python3.8/site-packages/airflow/example_dags/example_setup_teardown_taskflow.py for tasks to queue
[2025-10-17T07:30:49.374+0000] {logging_mixin.py:154} INFO - [2025-10-17T07:30:49.373+0000] {dagbag.py:536} INFO - Filling up the DagBag from /home/airflow/.local/lib/python3.8/site-packages/airflow/example_dags/example_setup_teardown_taskflow.py
[2025-10-17T07:30:49.386+0000] {processor.py:839} INFO - DAG(s) dict_keys(['example_setup_teardown_taskflow']) retrieved from /home/airflow/.local/lib/python3.8/site-packages/airflow/example_dags/example_setup_teardown_taskflow.py
[2025-10-17T07:30:49.417+0000] {logging_mixin.py:154} INFO - [2025-10-17T07:30:49.417+0000] {dag.py:2941} INFO - Sync 1 DAGs
[2025-10-17T07:30:49.453+0000] {logging_mixin.py:154} INFO - [2025-10-17T07:30:49.453+0000] {dag.py:3722} INFO - Setting next_dagrun for example_setup_teardown_taskflow to 2025-10-16T07:30:49.453124+00:00, run_after=2025-10-17T07:30:49.453124+00:00
[2025-10-17T07:30:49.488+0000] {processor.py:179} INFO - Processing /home/airflow/.local/lib/python3.8/site-packages/airflow/example_dags/example_setup_teardown_taskflow.py took 0.125 seconds
[2025-10-17T07:31:19.844+0000] {processor.py:157} INFO - Started process (PID=171) to work on /home/airflow/.local/lib/python3.8/site-packages/airflow/example_dags/example_setup_teardown_taskflow.py
[2025-10-17T07:31:19.845+0000] {processor.py:829} INFO - Processing file /home/airflow/.local/lib/python3.8/site-packages/airflow/example_dags/example_setup_teardown_taskflow.py for tasks to queue
[2025-10-17T07:31:19.847+0000] {logging_mixin.py:154} INFO - [2025-10-17T07:31:19.847+0000] {dagbag.py:536} INFO - Filling up the DagBag from /home/airflow/.local/lib/python3.8/site-packages/airflow/example_dags/example_setup_teardown_taskflow.py
[2025-10-17T07:31:19.855+0000] {processor.py:839} INFO - DAG(s) dict_keys(['example_setup_teardown_taskflow']) retrieved from /home/airflow/.local/lib/python3.8/site-packages/airflow/example_dags/example_setup_teardown_taskflow.py
[2025-10-17T07:31:19.876+0000] {logging_mixin.py:154} INFO - [2025-10-17T07:31:19.876+0000] {dag.py:2941} INFO - Sync 1 DAGs
[2025-10-17T07:31:19.894+0000] {logging_mixin.py:154} INFO - [2025-10-17T07:31:19.893+0000] {dag.py:3722} INFO - Setting next_dagrun for example_setup_teardown_taskflow to 2025-10-16T07:31:19.893569+00:00, run_after=2025-10-17T07:31:19.893569+00:00
[2025-10-17T07:31:19.911+0000] {processor.py:179} INFO - Processing /home/airflow/.local/lib/python3.8/site-packages/airflow/example_dags/example_setup_teardown_taskflow.py took 0.070 seconds
[2025-10-17T07:31:50.279+0000] {processor.py:157} INFO - Started process (PID=234) to work on /home/airflow/.local/lib/python3.8/site-packages/airflow/example_dags/example_setup_teardown_taskflow.py
[2025-10-17T07:31:50.280+0000] {processor.py:829} INFO - Processing file /home/airflow/.local/lib/python3.8/site-packages/airflow/example_dags/example_setup_teardown_taskflow.py for tasks to queue
[2025-10-17T07:31:50.283+0000] {logging_mixin.py:154} INFO - [2025-10-17T07:31:50.282+0000] {dagbag.py:536} INFO - Filling up the DagBag from /home/airflow/.local/lib/python3.8/site-packages/airflow/example_dags/example_setup_teardown_taskflow.py
[2025-10-17T07:31:50.293+0000] {processor.py:839} INFO - DAG(s) dict_keys(['example_setup_teardown_taskflow']) retrieved from /home/airflow/.local/lib/python3.8/site-packages/airflow/example_dags/example_setup_teardown_taskflow.py
[2025-10-17T07:31:50.319+0000] {logging_mixin.py:154} INFO - [2025-10-17T07:31:50.318+0000] {dag.py:2941} INFO - Sync 1 DAGs
[2025-10-17T07:31:50.342+0000] {logging_mixin.py:154} INFO - [2025-10-17T07:31:50.341+0000] {dag.py:3722} INFO - Setting next_dagrun for example_setup_teardown_taskflow to 2025-10-16T07:31:50.341281+00:00, run_after=2025-10-17T07:31:50.341281+00:00
[2025-10-17T07:31:50.365+0000] {processor.py:179} INFO - Processing /home/airflow/.local/lib/python3.8/site-packages/airflow/example_dags/example_setup_teardown_taskflow.py took 0.090 seconds
[2025-10-17T07:32:20.657+0000] {processor.py:157} INFO - Started process (PID=292) to work on /home/airflow/.local/lib/python3.8/site-packages/airflow/example_dags/example_setup_teardown_taskflow.py
[2025-10-17T07:32:20.658+0000] {processor.py:829} INFO - Processing file /home/airflow/.local/lib/python3.8/site-packages/airflow/example_dags/example_setup_teardown_taskflow.py for tasks to queue
[2025-10-17T07:32:20.660+0000] {logging_mixin.py:154} INFO - [2025-10-17T07:32:20.660+0000] {dagbag.py:536} INFO - Filling up the DagBag from /home/airflow/.local/lib/python3.8/site-packages/airflow/example_dags/example_setup_teardown_taskflow.py
[2025-10-17T07:32:20.669+0000] {processor.py:839} INFO - DAG(s) dict_keys(['example_setup_teardown_taskflow']) retrieved from /home/airflow/.local/lib/python3.8/site-packages/airflow/example_dags/example_setup_teardown_taskflow.py
[2025-10-17T07:32:20.691+0000] {logging_mixin.py:154} INFO - [2025-10-17T07:32:20.690+0000] {dag.py:2941} INFO - Sync 1 DAGs
[2025-10-17T07:32:20.709+0000] {logging_mixin.py:154} INFO - [2025-10-17T07:32:20.709+0000] {dag.py:3722} INFO - Setting next_dagrun for example_setup_teardown_taskflow to 2025-10-16T07:32:20.709309+00:00, run_after=2025-10-17T07:32:20.709309+00:00
[2025-10-17T07:32:20.727+0000] {processor.py:179} INFO - Processing /home/airflow/.local/lib/python3.8/site-packages/airflow/example_dags/example_setup_teardown_taskflow.py took 0.074 seconds
[2025-10-17T07:35:41.144+0000] {processor.py:157} INFO - Started process (PID=57) to work on /home/airflow/.local/lib/python3.8/site-packages/airflow/example_dags/example_setup_teardown_taskflow.py
[2025-10-17T07:35:41.145+0000] {processor.py:829} INFO - Processing file /home/airflow/.local/lib/python3.8/site-packages/airflow/example_dags/example_setup_teardown_taskflow.py for tasks to queue
[2025-10-17T07:35:41.148+0000] {logging_mixin.py:154} INFO - [2025-10-17T07:35:41.148+0000] {dagbag.py:536} INFO - Filling up the DagBag from /home/airflow/.local/lib/python3.8/site-packages/airflow/example_dags/example_setup_teardown_taskflow.py
[2025-10-17T07:35:41.162+0000] {processor.py:839} INFO - DAG(s) dict_keys(['example_setup_teardown_taskflow']) retrieved from /home/airflow/.local/lib/python3.8/site-packages/airflow/example_dags/example_setup_teardown_taskflow.py
[2025-10-17T07:35:41.305+0000] {logging_mixin.py:154} INFO - [2025-10-17T07:35:41.305+0000] {manager.py:499} INFO - Created Permission View: %s
[2025-10-17T07:35:41.320+0000] {logging_mixin.py:154} INFO - [2025-10-17T07:35:41.319+0000] {manager.py:499} INFO - Created Permission View: %s
[2025-10-17T07:35:41.328+0000] {logging_mixin.py:154} INFO - [2025-10-17T07:35:41.328+0000] {manager.py:499} INFO - Created Permission View: %s
[2025-10-17T07:35:41.329+0000] {logging_mixin.py:154} INFO - [2025-10-17T07:35:41.328+0000] {dag.py:2941} INFO - Sync 1 DAGs
[2025-10-17T07:35:41.341+0000] {logging_mixin.py:154} INFO - [2025-10-17T07:35:41.340+0000] {dag.py:2963} INFO - Creating ORM DAG for example_setup_teardown_taskflow
[2025-10-17T07:35:41.354+0000] {logging_mixin.py:154} INFO - [2025-10-17T07:35:41.354+0000] {dag.py:3722} INFO - Setting next_dagrun for example_setup_teardown_taskflow to 2025-10-16T07:35:41.354202+00:00, run_after=2025-10-17T07:35:41.354202+00:00
[2025-10-17T07:35:41.375+0000] {processor.py:179} INFO - Processing /home/airflow/.local/lib/python3.8/site-packages/airflow/example_dags/example_setup_teardown_taskflow.py took 0.235 seconds
[2025-10-17T07:36:12.283+0000] {processor.py:157} INFO - Started process (PID=112) to work on /home/airflow/.local/lib/python3.8/site-packages/airflow/example_dags/example_setup_teardown_taskflow.py
[2025-10-17T07:36:12.285+0000] {processor.py:829} INFO - Processing file /home/airflow/.local/lib/python3.8/site-packages/airflow/example_dags/example_setup_teardown_taskflow.py for tasks to queue
[2025-10-17T07:36:12.287+0000] {logging_mixin.py:154} INFO - [2025-10-17T07:36:12.287+0000] {dagbag.py:536} INFO - Filling up the DagBag from /home/airflow/.local/lib/python3.8/site-packages/airflow/example_dags/example_setup_teardown_taskflow.py
[2025-10-17T07:36:12.295+0000] {processor.py:839} INFO - DAG(s) dict_keys(['example_setup_teardown_taskflow']) retrieved from /home/airflow/.local/lib/python3.8/site-packages/airflow/example_dags/example_setup_teardown_taskflow.py
[2025-10-17T07:36:12.316+0000] {logging_mixin.py:154} INFO - [2025-10-17T07:36:12.316+0000] {dag.py:2941} INFO - Sync 1 DAGs
[2025-10-17T07:36:12.334+0000] {logging_mixin.py:154} INFO - [2025-10-17T07:36:12.334+0000] {dag.py:3722} INFO - Setting next_dagrun for example_setup_teardown_taskflow to 2025-10-16T07:36:12.334116+00:00, run_after=2025-10-17T07:36:12.334116+00:00
[2025-10-17T07:36:12.352+0000] {processor.py:179} INFO - Processing /home/airflow/.local/lib/python3.8/site-packages/airflow/example_dags/example_setup_teardown_taskflow.py took 0.072 seconds
[2025-10-17T07:36:42.668+0000] {processor.py:157} INFO - Started process (PID=167) to work on /home/airflow/.local/lib/python3.8/site-packages/airflow/example_dags/example_setup_teardown_taskflow.py
[2025-10-17T07:36:42.669+0000] {processor.py:829} INFO - Processing file /home/airflow/.local/lib/python3.8/site-packages/airflow/example_dags/example_setup_teardown_taskflow.py for tasks to queue
[2025-10-17T07:36:42.671+0000] {logging_mixin.py:154} INFO - [2025-10-17T07:36:42.671+0000] {dagbag.py:536} INFO - Filling up the DagBag from /home/airflow/.local/lib/python3.8/site-packages/airflow/example_dags/example_setup_teardown_taskflow.py
[2025-10-17T07:36:42.679+0000] {processor.py:839} INFO - DAG(s) dict_keys(['example_setup_teardown_taskflow']) retrieved from /home/airflow/.local/lib/python3.8/site-packages/airflow/example_dags/example_setup_teardown_taskflow.py
[2025-10-17T07:36:42.700+0000] {logging_mixin.py:154} INFO - [2025-10-17T07:36:42.699+0000] {dag.py:2941} INFO - Sync 1 DAGs
[2025-10-17T07:36:42.718+0000] {logging_mixin.py:154} INFO - [2025-10-17T07:36:42.718+0000] {dag.py:3722} INFO - Setting next_dagrun for example_setup_teardown_taskflow to 2025-10-16T07:36:42.718200+00:00, run_after=2025-10-17T07:36:42.718200+00:00
[2025-10-17T07:36:42.734+0000] {processor.py:179} INFO - Processing /home/airflow/.local/lib/python3.8/site-packages/airflow/example_dags/example_setup_teardown_taskflow.py took 0.070 seconds
[2025-10-17T07:37:13.124+0000] {processor.py:157} INFO - Started process (PID=223) to work on /home/airflow/.local/lib/python3.8/site-packages/airflow/example_dags/example_setup_teardown_taskflow.py
[2025-10-17T07:37:13.125+0000] {processor.py:829} INFO - Processing file /home/airflow/.local/lib/python3.8/site-packages/airflow/example_dags/example_setup_teardown_taskflow.py for tasks to queue
[2025-10-17T07:37:13.127+0000] {logging_mixin.py:154} INFO - [2025-10-17T07:37:13.127+0000] {dagbag.py:536} INFO - Filling up the DagBag from /home/airflow/.local/lib/python3.8/site-packages/airflow/example_dags/example_setup_teardown_taskflow.py
[2025-10-17T07:37:13.137+0000] {processor.py:839} INFO - DAG(s) dict_keys(['example_setup_teardown_taskflow']) retrieved from /home/airflow/.local/lib/python3.8/site-packages/airflow/example_dags/example_setup_teardown_taskflow.py
[2025-10-17T07:37:13.158+0000] {logging_mixin.py:154} INFO - [2025-10-17T07:37:13.158+0000] {dag.py:2941} INFO - Sync 1 DAGs
[2025-10-17T07:37:13.177+0000] {logging_mixin.py:154} INFO - [2025-10-17T07:37:13.177+0000] {dag.py:3722} INFO - Setting next_dagrun for example_setup_teardown_taskflow to 2025-10-16T07:37:13.176753+00:00, run_after=2025-10-17T07:37:13.176753+00:00
[2025-10-17T07:37:13.197+0000] {processor.py:179} INFO - Processing /home/airflow/.local/lib/python3.8/site-packages/airflow/example_dags/example_setup_teardown_taskflow.py took 0.077 seconds
[2025-10-17T07:38:42.391+0000] {processor.py:157} INFO - Started process (PID=58) to work on /home/airflow/.local/lib/python3.8/site-packages/airflow/example_dags/example_setup_teardown_taskflow.py
[2025-10-17T07:38:42.393+0000] {processor.py:829} INFO - Processing file /home/airflow/.local/lib/python3.8/site-packages/airflow/example_dags/example_setup_teardown_taskflow.py for tasks to queue
[2025-10-17T07:38:42.396+0000] {logging_mixin.py:154} INFO - [2025-10-17T07:38:42.395+0000] {dagbag.py:536} INFO - Filling up the DagBag from /home/airflow/.local/lib/python3.8/site-packages/airflow/example_dags/example_setup_teardown_taskflow.py
[2025-10-17T07:38:42.415+0000] {processor.py:839} INFO - DAG(s) dict_keys(['example_setup_teardown_taskflow']) retrieved from /home/airflow/.local/lib/python3.8/site-packages/airflow/example_dags/example_setup_teardown_taskflow.py
[2025-10-17T07:38:42.577+0000] {logging_mixin.py:154} INFO - [2025-10-17T07:38:42.577+0000] {manager.py:499} INFO - Created Permission View: %s
[2025-10-17T07:38:42.590+0000] {logging_mixin.py:154} INFO - [2025-10-17T07:38:42.590+0000] {manager.py:499} INFO - Created Permission View: %s
[2025-10-17T07:38:42.601+0000] {logging_mixin.py:154} INFO - [2025-10-17T07:38:42.600+0000] {manager.py:499} INFO - Created Permission View: %s
[2025-10-17T07:38:42.601+0000] {logging_mixin.py:154} INFO - [2025-10-17T07:38:42.601+0000] {dag.py:2941} INFO - Sync 1 DAGs
[2025-10-17T07:38:42.615+0000] {logging_mixin.py:154} INFO - [2025-10-17T07:38:42.615+0000] {dag.py:2963} INFO - Creating ORM DAG for example_setup_teardown_taskflow
[2025-10-17T07:38:42.628+0000] {logging_mixin.py:154} INFO - [2025-10-17T07:38:42.628+0000] {dag.py:3722} INFO - Setting next_dagrun for example_setup_teardown_taskflow to 2025-10-16T07:38:42.627753+00:00, run_after=2025-10-17T07:38:42.627753+00:00
[2025-10-17T07:38:42.649+0000] {processor.py:179} INFO - Processing /home/airflow/.local/lib/python3.8/site-packages/airflow/example_dags/example_setup_teardown_taskflow.py took 0.261 seconds
[2025-10-17T07:39:13.180+0000] {processor.py:157} INFO - Started process (PID=112) to work on /home/airflow/.local/lib/python3.8/site-packages/airflow/example_dags/example_setup_teardown_taskflow.py
[2025-10-17T07:39:13.182+0000] {processor.py:829} INFO - Processing file /home/airflow/.local/lib/python3.8/site-packages/airflow/example_dags/example_setup_teardown_taskflow.py for tasks to queue
[2025-10-17T07:39:13.184+0000] {logging_mixin.py:154} INFO - [2025-10-17T07:39:13.183+0000] {dagbag.py:536} INFO - Filling up the DagBag from /home/airflow/.local/lib/python3.8/site-packages/airflow/example_dags/example_setup_teardown_taskflow.py
[2025-10-17T07:39:13.192+0000] {processor.py:839} INFO - DAG(s) dict_keys(['example_setup_teardown_taskflow']) retrieved from /home/airflow/.local/lib/python3.8/site-packages/airflow/example_dags/example_setup_teardown_taskflow.py
[2025-10-17T07:39:13.214+0000] {logging_mixin.py:154} INFO - [2025-10-17T07:39:13.214+0000] {dag.py:2941} INFO - Sync 1 DAGs
[2025-10-17T07:39:13.232+0000] {logging_mixin.py:154} INFO - [2025-10-17T07:39:13.232+0000] {dag.py:3722} INFO - Setting next_dagrun for example_setup_teardown_taskflow to 2025-10-16T07:39:13.232159+00:00, run_after=2025-10-17T07:39:13.232159+00:00
[2025-10-17T07:39:13.250+0000] {processor.py:179} INFO - Processing /home/airflow/.local/lib/python3.8/site-packages/airflow/example_dags/example_setup_teardown_taskflow.py took 0.073 seconds
[2025-10-17T07:39:43.521+0000] {processor.py:157} INFO - Started process (PID=168) to work on /home/airflow/.local/lib/python3.8/site-packages/airflow/example_dags/example_setup_teardown_taskflow.py
[2025-10-17T07:39:43.522+0000] {processor.py:829} INFO - Processing file /home/airflow/.local/lib/python3.8/site-packages/airflow/example_dags/example_setup_teardown_taskflow.py for tasks to queue
[2025-10-17T07:39:43.524+0000] {logging_mixin.py:154} INFO - [2025-10-17T07:39:43.524+0000] {dagbag.py:536} INFO - Filling up the DagBag from /home/airflow/.local/lib/python3.8/site-packages/airflow/example_dags/example_setup_teardown_taskflow.py
[2025-10-17T07:39:43.532+0000] {processor.py:839} INFO - DAG(s) dict_keys(['example_setup_teardown_taskflow']) retrieved from /home/airflow/.local/lib/python3.8/site-packages/airflow/example_dags/example_setup_teardown_taskflow.py
[2025-10-17T07:39:43.555+0000] {logging_mixin.py:154} INFO - [2025-10-17T07:39:43.555+0000] {dag.py:2941} INFO - Sync 1 DAGs
[2025-10-17T07:39:43.575+0000] {logging_mixin.py:154} INFO - [2025-10-17T07:39:43.575+0000] {dag.py:3722} INFO - Setting next_dagrun for example_setup_teardown_taskflow to 2025-10-16T07:39:43.574948+00:00, run_after=2025-10-17T07:39:43.574948+00:00
[2025-10-17T07:39:43.594+0000] {processor.py:179} INFO - Processing /home/airflow/.local/lib/python3.8/site-packages/airflow/example_dags/example_setup_teardown_taskflow.py took 0.077 seconds
[2025-10-17T07:40:13.927+0000] {processor.py:157} INFO - Started process (PID=224) to work on /home/airflow/.local/lib/python3.8/site-packages/airflow/example_dags/example_setup_teardown_taskflow.py
[2025-10-17T07:40:13.928+0000] {processor.py:829} INFO - Processing file /home/airflow/.local/lib/python3.8/site-packages/airflow/example_dags/example_setup_teardown_taskflow.py for tasks to queue
[2025-10-17T07:40:13.930+0000] {logging_mixin.py:154} INFO - [2025-10-17T07:40:13.930+0000] {dagbag.py:536} INFO - Filling up the DagBag from /home/airflow/.local/lib/python3.8/site-packages/airflow/example_dags/example_setup_teardown_taskflow.py
[2025-10-17T07:40:13.938+0000] {processor.py:839} INFO - DAG(s) dict_keys(['example_setup_teardown_taskflow']) retrieved from /home/airflow/.local/lib/python3.8/site-packages/airflow/example_dags/example_setup_teardown_taskflow.py
[2025-10-17T07:40:13.960+0000] {logging_mixin.py:154} INFO - [2025-10-17T07:40:13.960+0000] {dag.py:2941} INFO - Sync 1 DAGs
[2025-10-17T07:40:13.978+0000] {logging_mixin.py:154} INFO - [2025-10-17T07:40:13.978+0000] {dag.py:3722} INFO - Setting next_dagrun for example_setup_teardown_taskflow to 2025-10-16T07:40:13.978492+00:00, run_after=2025-10-17T07:40:13.978492+00:00
[2025-10-17T07:40:13.995+0000] {processor.py:179} INFO - Processing /home/airflow/.local/lib/python3.8/site-packages/airflow/example_dags/example_setup_teardown_taskflow.py took 0.071 seconds
[2025-10-17T07:40:44.583+0000] {processor.py:157} INFO - Started process (PID=280) to work on /home/airflow/.local/lib/python3.8/site-packages/airflow/example_dags/example_setup_teardown_taskflow.py
[2025-10-17T07:40:44.585+0000] {processor.py:829} INFO - Processing file /home/airflow/.local/lib/python3.8/site-packages/airflow/example_dags/example_setup_teardown_taskflow.py for tasks to queue
[2025-10-17T07:40:44.587+0000] {logging_mixin.py:154} INFO - [2025-10-17T07:40:44.587+0000] {dagbag.py:536} INFO - Filling up the DagBag from /home/airflow/.local/lib/python3.8/site-packages/airflow/example_dags/example_setup_teardown_taskflow.py
[2025-10-17T07:40:44.598+0000] {processor.py:839} INFO - DAG(s) dict_keys(['example_setup_teardown_taskflow']) retrieved from /home/airflow/.local/lib/python3.8/site-packages/airflow/example_dags/example_setup_teardown_taskflow.py
[2025-10-17T07:40:44.627+0000] {logging_mixin.py:154} INFO - [2025-10-17T07:40:44.627+0000] {dag.py:2941} INFO - Sync 1 DAGs
[2025-10-17T07:40:44.649+0000] {logging_mixin.py:154} INFO - [2025-10-17T07:40:44.648+0000] {dag.py:3722} INFO - Setting next_dagrun for example_setup_teardown_taskflow to 2025-10-16T07:40:44.648669+00:00, run_after=2025-10-17T07:40:44.648669+00:00
[2025-10-17T07:40:44.668+0000] {processor.py:179} INFO - Processing /home/airflow/.local/lib/python3.8/site-packages/airflow/example_dags/example_setup_teardown_taskflow.py took 0.089 seconds
[2025-10-17T07:41:15.118+0000] {processor.py:157} INFO - Started process (PID=343) to work on /home/airflow/.local/lib/python3.8/site-packages/airflow/example_dags/example_setup_teardown_taskflow.py
[2025-10-17T07:41:15.119+0000] {processor.py:829} INFO - Processing file /home/airflow/.local/lib/python3.8/site-packages/airflow/example_dags/example_setup_teardown_taskflow.py for tasks to queue
[2025-10-17T07:41:15.121+0000] {logging_mixin.py:154} INFO - [2025-10-17T07:41:15.121+0000] {dagbag.py:536} INFO - Filling up the DagBag from /home/airflow/.local/lib/python3.8/site-packages/airflow/example_dags/example_setup_teardown_taskflow.py
[2025-10-17T07:41:15.129+0000] {processor.py:839} INFO - DAG(s) dict_keys(['example_setup_teardown_taskflow']) retrieved from /home/airflow/.local/lib/python3.8/site-packages/airflow/example_dags/example_setup_teardown_taskflow.py
[2025-10-17T07:41:15.155+0000] {logging_mixin.py:154} INFO - [2025-10-17T07:41:15.155+0000] {dag.py:2941} INFO - Sync 1 DAGs
[2025-10-17T07:41:15.176+0000] {logging_mixin.py:154} INFO - [2025-10-17T07:41:15.176+0000] {dag.py:3722} INFO - Setting next_dagrun for example_setup_teardown_taskflow to 2025-10-16T07:41:15.176296+00:00, run_after=2025-10-17T07:41:15.176296+00:00
[2025-10-17T07:41:15.196+0000] {processor.py:179} INFO - Processing /home/airflow/.local/lib/python3.8/site-packages/airflow/example_dags/example_setup_teardown_taskflow.py took 0.082 seconds
[2025-10-17T07:42:26.066+0000] {processor.py:157} INFO - Started process (PID=57) to work on /home/airflow/.local/lib/python3.8/site-packages/airflow/example_dags/example_setup_teardown_taskflow.py
[2025-10-17T07:42:26.067+0000] {processor.py:829} INFO - Processing file /home/airflow/.local/lib/python3.8/site-packages/airflow/example_dags/example_setup_teardown_taskflow.py for tasks to queue
[2025-10-17T07:42:26.070+0000] {logging_mixin.py:154} INFO - [2025-10-17T07:42:26.070+0000] {dagbag.py:536} INFO - Filling up the DagBag from /home/airflow/.local/lib/python3.8/site-packages/airflow/example_dags/example_setup_teardown_taskflow.py
[2025-10-17T07:42:26.085+0000] {processor.py:839} INFO - DAG(s) dict_keys(['example_setup_teardown_taskflow']) retrieved from /home/airflow/.local/lib/python3.8/site-packages/airflow/example_dags/example_setup_teardown_taskflow.py
[2025-10-17T07:42:26.199+0000] {logging_mixin.py:154} INFO - [2025-10-17T07:42:26.198+0000] {manager.py:499} INFO - Created Permission View: %s
[2025-10-17T07:42:26.209+0000] {logging_mixin.py:154} INFO - [2025-10-17T07:42:26.209+0000] {manager.py:499} INFO - Created Permission View: %s
[2025-10-17T07:42:26.218+0000] {logging_mixin.py:154} INFO - [2025-10-17T07:42:26.217+0000] {manager.py:499} INFO - Created Permission View: %s
[2025-10-17T07:42:26.218+0000] {logging_mixin.py:154} INFO - [2025-10-17T07:42:26.218+0000] {dag.py:2941} INFO - Sync 1 DAGs
[2025-10-17T07:42:26.229+0000] {logging_mixin.py:154} INFO - [2025-10-17T07:42:26.229+0000] {dag.py:2963} INFO - Creating ORM DAG for example_setup_teardown_taskflow
[2025-10-17T07:42:26.241+0000] {logging_mixin.py:154} INFO - [2025-10-17T07:42:26.241+0000] {dag.py:3722} INFO - Setting next_dagrun for example_setup_teardown_taskflow to 2025-10-16T07:42:26.241290+00:00, run_after=2025-10-17T07:42:26.241290+00:00
[2025-10-17T07:42:26.259+0000] {processor.py:179} INFO - Processing /home/airflow/.local/lib/python3.8/site-packages/airflow/example_dags/example_setup_teardown_taskflow.py took 0.197 seconds
[2025-10-17T07:42:57.124+0000] {processor.py:157} INFO - Started process (PID=112) to work on /home/airflow/.local/lib/python3.8/site-packages/airflow/example_dags/example_setup_teardown_taskflow.py
[2025-10-17T07:42:57.125+0000] {processor.py:829} INFO - Processing file /home/airflow/.local/lib/python3.8/site-packages/airflow/example_dags/example_setup_teardown_taskflow.py for tasks to queue
[2025-10-17T07:42:57.127+0000] {logging_mixin.py:154} INFO - [2025-10-17T07:42:57.126+0000] {dagbag.py:536} INFO - Filling up the DagBag from /home/airflow/.local/lib/python3.8/site-packages/airflow/example_dags/example_setup_teardown_taskflow.py
[2025-10-17T07:42:57.136+0000] {processor.py:839} INFO - DAG(s) dict_keys(['example_setup_teardown_taskflow']) retrieved from /home/airflow/.local/lib/python3.8/site-packages/airflow/example_dags/example_setup_teardown_taskflow.py
[2025-10-17T07:42:57.159+0000] {logging_mixin.py:154} INFO - [2025-10-17T07:42:57.158+0000] {dag.py:2941} INFO - Sync 1 DAGs
[2025-10-17T07:42:57.179+0000] {logging_mixin.py:154} INFO - [2025-10-17T07:42:57.179+0000] {dag.py:3722} INFO - Setting next_dagrun for example_setup_teardown_taskflow to 2025-10-16T07:42:57.179429+00:00, run_after=2025-10-17T07:42:57.179429+00:00
[2025-10-17T07:42:57.198+0000] {processor.py:179} INFO - Processing /home/airflow/.local/lib/python3.8/site-packages/airflow/example_dags/example_setup_teardown_taskflow.py took 0.077 seconds
[2025-10-17T07:44:23.626+0000] {processor.py:157} INFO - Started process (PID=57) to work on /home/airflow/.local/lib/python3.8/site-packages/airflow/example_dags/example_setup_teardown_taskflow.py
[2025-10-17T07:44:23.628+0000] {processor.py:829} INFO - Processing file /home/airflow/.local/lib/python3.8/site-packages/airflow/example_dags/example_setup_teardown_taskflow.py for tasks to queue
[2025-10-17T07:44:23.630+0000] {logging_mixin.py:154} INFO - [2025-10-17T07:44:23.630+0000] {dagbag.py:536} INFO - Filling up the DagBag from /home/airflow/.local/lib/python3.8/site-packages/airflow/example_dags/example_setup_teardown_taskflow.py
[2025-10-17T07:44:23.645+0000] {processor.py:839} INFO - DAG(s) dict_keys(['example_setup_teardown_taskflow']) retrieved from /home/airflow/.local/lib/python3.8/site-packages/airflow/example_dags/example_setup_teardown_taskflow.py
[2025-10-17T07:44:23.767+0000] {logging_mixin.py:154} INFO - [2025-10-17T07:44:23.766+0000] {manager.py:499} INFO - Created Permission View: %s
[2025-10-17T07:44:23.777+0000] {logging_mixin.py:154} INFO - [2025-10-17T07:44:23.776+0000] {manager.py:499} INFO - Created Permission View: %s
[2025-10-17T07:44:23.783+0000] {logging_mixin.py:154} INFO - [2025-10-17T07:44:23.783+0000] {manager.py:499} INFO - Created Permission View: %s
[2025-10-17T07:44:23.784+0000] {logging_mixin.py:154} INFO - [2025-10-17T07:44:23.784+0000] {dag.py:2941} INFO - Sync 1 DAGs
[2025-10-17T07:44:23.794+0000] {logging_mixin.py:154} INFO - [2025-10-17T07:44:23.794+0000] {dag.py:2963} INFO - Creating ORM DAG for example_setup_teardown_taskflow
[2025-10-17T07:44:23.805+0000] {logging_mixin.py:154} INFO - [2025-10-17T07:44:23.805+0000] {dag.py:3722} INFO - Setting next_dagrun for example_setup_teardown_taskflow to 2025-10-16T07:44:23.805293+00:00, run_after=2025-10-17T07:44:23.805293+00:00
[2025-10-17T07:44:23.826+0000] {processor.py:179} INFO - Processing /home/airflow/.local/lib/python3.8/site-packages/airflow/example_dags/example_setup_teardown_taskflow.py took 0.204 seconds
[2025-10-17T07:44:35.301+0000] {processor.py:157} INFO - Started process (PID=49) to work on /home/airflow/.local/lib/python3.8/site-packages/airflow/example_dags/example_setup_teardown_taskflow.py
[2025-10-17T07:44:35.303+0000] {processor.py:829} INFO - Processing file /home/airflow/.local/lib/python3.8/site-packages/airflow/example_dags/example_setup_teardown_taskflow.py for tasks to queue
[2025-10-17T07:44:35.306+0000] {logging_mixin.py:154} INFO - [2025-10-17T07:44:35.305+0000] {dagbag.py:536} INFO - Filling up the DagBag from /home/airflow/.local/lib/python3.8/site-packages/airflow/example_dags/example_setup_teardown_taskflow.py
[2025-10-17T07:44:35.318+0000] {processor.py:839} INFO - DAG(s) dict_keys(['example_setup_teardown_taskflow']) retrieved from /home/airflow/.local/lib/python3.8/site-packages/airflow/example_dags/example_setup_teardown_taskflow.py
[2025-10-17T07:44:35.333+0000] {logging_mixin.py:154} INFO - [2025-10-17T07:44:35.333+0000] {dag.py:2941} INFO - Sync 1 DAGs
[2025-10-17T07:44:35.356+0000] {logging_mixin.py:154} INFO - [2025-10-17T07:44:35.356+0000] {dag.py:3722} INFO - Setting next_dagrun for example_setup_teardown_taskflow to 2025-10-16T07:44:35.356075+00:00, run_after=2025-10-17T07:44:35.356075+00:00
[2025-10-17T07:44:35.374+0000] {processor.py:179} INFO - Processing /home/airflow/.local/lib/python3.8/site-packages/airflow/example_dags/example_setup_teardown_taskflow.py took 0.077 seconds
[2025-10-17T07:45:05.877+0000] {processor.py:157} INFO - Started process (PID=105) to work on /home/airflow/.local/lib/python3.8/site-packages/airflow/example_dags/example_setup_teardown_taskflow.py
[2025-10-17T07:45:05.878+0000] {processor.py:829} INFO - Processing file /home/airflow/.local/lib/python3.8/site-packages/airflow/example_dags/example_setup_teardown_taskflow.py for tasks to queue
[2025-10-17T07:45:05.880+0000] {logging_mixin.py:154} INFO - [2025-10-17T07:45:05.880+0000] {dagbag.py:536} INFO - Filling up the DagBag from /home/airflow/.local/lib/python3.8/site-packages/airflow/example_dags/example_setup_teardown_taskflow.py
[2025-10-17T07:45:05.888+0000] {processor.py:839} INFO - DAG(s) dict_keys(['example_setup_teardown_taskflow']) retrieved from /home/airflow/.local/lib/python3.8/site-packages/airflow/example_dags/example_setup_teardown_taskflow.py
[2025-10-17T07:45:05.909+0000] {logging_mixin.py:154} INFO - [2025-10-17T07:45:05.909+0000] {dag.py:2941} INFO - Sync 1 DAGs
[2025-10-17T07:45:05.928+0000] {logging_mixin.py:154} INFO - [2025-10-17T07:45:05.928+0000] {dag.py:3722} INFO - Setting next_dagrun for example_setup_teardown_taskflow to 2025-10-16T07:45:05.928288+00:00, run_after=2025-10-17T07:45:05.928288+00:00
[2025-10-17T07:45:05.948+0000] {processor.py:179} INFO - Processing /home/airflow/.local/lib/python3.8/site-packages/airflow/example_dags/example_setup_teardown_taskflow.py took 0.074 seconds
[2025-10-17T07:46:18.285+0000] {processor.py:157} INFO - Started process (PID=57) to work on /home/airflow/.local/lib/python3.8/site-packages/airflow/example_dags/example_setup_teardown_taskflow.py
[2025-10-17T07:46:18.287+0000] {processor.py:829} INFO - Processing file /home/airflow/.local/lib/python3.8/site-packages/airflow/example_dags/example_setup_teardown_taskflow.py for tasks to queue
[2025-10-17T07:46:18.289+0000] {logging_mixin.py:154} INFO - [2025-10-17T07:46:18.289+0000] {dagbag.py:536} INFO - Filling up the DagBag from /home/airflow/.local/lib/python3.8/site-packages/airflow/example_dags/example_setup_teardown_taskflow.py
[2025-10-17T07:46:18.300+0000] {processor.py:839} INFO - DAG(s) dict_keys(['example_setup_teardown_taskflow']) retrieved from /home/airflow/.local/lib/python3.8/site-packages/airflow/example_dags/example_setup_teardown_taskflow.py
[2025-10-17T07:46:18.416+0000] {logging_mixin.py:154} INFO - [2025-10-17T07:46:18.416+0000] {manager.py:499} INFO - Created Permission View: %s
[2025-10-17T07:46:18.425+0000] {logging_mixin.py:154} INFO - [2025-10-17T07:46:18.424+0000] {manager.py:499} INFO - Created Permission View: %s
[2025-10-17T07:46:18.431+0000] {logging_mixin.py:154} INFO - [2025-10-17T07:46:18.431+0000] {manager.py:499} INFO - Created Permission View: %s
[2025-10-17T07:46:18.432+0000] {logging_mixin.py:154} INFO - [2025-10-17T07:46:18.431+0000] {dag.py:2941} INFO - Sync 1 DAGs
[2025-10-17T07:46:18.441+0000] {logging_mixin.py:154} INFO - [2025-10-17T07:46:18.441+0000] {dag.py:2963} INFO - Creating ORM DAG for example_setup_teardown_taskflow
[2025-10-17T07:46:18.452+0000] {logging_mixin.py:154} INFO - [2025-10-17T07:46:18.451+0000] {dag.py:3722} INFO - Setting next_dagrun for example_setup_teardown_taskflow to 2025-10-16T07:46:18.451552+00:00, run_after=2025-10-17T07:46:18.451552+00:00
[2025-10-17T07:46:18.470+0000] {processor.py:179} INFO - Processing /home/airflow/.local/lib/python3.8/site-packages/airflow/example_dags/example_setup_teardown_taskflow.py took 0.189 seconds
[2025-10-17T07:46:48.566+0000] {processor.py:157} INFO - Started process (PID=111) to work on /home/airflow/.local/lib/python3.8/site-packages/airflow/example_dags/example_setup_teardown_taskflow.py
[2025-10-17T07:46:48.567+0000] {processor.py:829} INFO - Processing file /home/airflow/.local/lib/python3.8/site-packages/airflow/example_dags/example_setup_teardown_taskflow.py for tasks to queue
[2025-10-17T07:46:48.569+0000] {logging_mixin.py:154} INFO - [2025-10-17T07:46:48.569+0000] {dagbag.py:536} INFO - Filling up the DagBag from /home/airflow/.local/lib/python3.8/site-packages/airflow/example_dags/example_setup_teardown_taskflow.py
[2025-10-17T07:46:48.577+0000] {processor.py:839} INFO - DAG(s) dict_keys(['example_setup_teardown_taskflow']) retrieved from /home/airflow/.local/lib/python3.8/site-packages/airflow/example_dags/example_setup_teardown_taskflow.py
[2025-10-17T07:46:48.597+0000] {logging_mixin.py:154} INFO - [2025-10-17T07:46:48.597+0000] {dag.py:2941} INFO - Sync 1 DAGs
[2025-10-17T07:46:48.615+0000] {logging_mixin.py:154} INFO - [2025-10-17T07:46:48.615+0000] {dag.py:3722} INFO - Setting next_dagrun for example_setup_teardown_taskflow to 2025-10-16T07:46:48.614787+00:00, run_after=2025-10-17T07:46:48.614787+00:00
[2025-10-17T07:46:48.631+0000] {processor.py:179} INFO - Processing /home/airflow/.local/lib/python3.8/site-packages/airflow/example_dags/example_setup_teardown_taskflow.py took 0.069 seconds
[2025-10-17T07:47:19.312+0000] {processor.py:157} INFO - Started process (PID=167) to work on /home/airflow/.local/lib/python3.8/site-packages/airflow/example_dags/example_setup_teardown_taskflow.py
[2025-10-17T07:47:19.314+0000] {processor.py:829} INFO - Processing file /home/airflow/.local/lib/python3.8/site-packages/airflow/example_dags/example_setup_teardown_taskflow.py for tasks to queue
[2025-10-17T07:47:19.317+0000] {logging_mixin.py:154} INFO - [2025-10-17T07:47:19.316+0000] {dagbag.py:536} INFO - Filling up the DagBag from /home/airflow/.local/lib/python3.8/site-packages/airflow/example_dags/example_setup_teardown_taskflow.py
[2025-10-17T07:47:19.329+0000] {processor.py:839} INFO - DAG(s) dict_keys(['example_setup_teardown_taskflow']) retrieved from /home/airflow/.local/lib/python3.8/site-packages/airflow/example_dags/example_setup_teardown_taskflow.py
[2025-10-17T07:47:19.363+0000] {logging_mixin.py:154} INFO - [2025-10-17T07:47:19.363+0000] {dag.py:2941} INFO - Sync 1 DAGs
[2025-10-17T07:47:19.388+0000] {logging_mixin.py:154} INFO - [2025-10-17T07:47:19.388+0000] {dag.py:3722} INFO - Setting next_dagrun for example_setup_teardown_taskflow to 2025-10-16T07:47:19.388048+00:00, run_after=2025-10-17T07:47:19.388048+00:00
[2025-10-17T07:47:19.412+0000] {processor.py:179} INFO - Processing /home/airflow/.local/lib/python3.8/site-packages/airflow/example_dags/example_setup_teardown_taskflow.py took 0.104 seconds
[2025-10-17T07:47:49.736+0000] {processor.py:157} INFO - Started process (PID=223) to work on /home/airflow/.local/lib/python3.8/site-packages/airflow/example_dags/example_setup_teardown_taskflow.py
[2025-10-17T07:47:49.737+0000] {processor.py:829} INFO - Processing file /home/airflow/.local/lib/python3.8/site-packages/airflow/example_dags/example_setup_teardown_taskflow.py for tasks to queue
[2025-10-17T07:47:49.739+0000] {logging_mixin.py:154} INFO - [2025-10-17T07:47:49.739+0000] {dagbag.py:536} INFO - Filling up the DagBag from /home/airflow/.local/lib/python3.8/site-packages/airflow/example_dags/example_setup_teardown_taskflow.py
[2025-10-17T07:47:49.748+0000] {processor.py:839} INFO - DAG(s) dict_keys(['example_setup_teardown_taskflow']) retrieved from /home/airflow/.local/lib/python3.8/site-packages/airflow/example_dags/example_setup_teardown_taskflow.py
[2025-10-17T07:47:49.768+0000] {logging_mixin.py:154} INFO - [2025-10-17T07:47:49.768+0000] {dag.py:2941} INFO - Sync 1 DAGs
[2025-10-17T07:47:49.787+0000] {logging_mixin.py:154} INFO - [2025-10-17T07:47:49.787+0000] {dag.py:3722} INFO - Setting next_dagrun for example_setup_teardown_taskflow to 2025-10-16T07:47:49.787039+00:00, run_after=2025-10-17T07:47:49.787039+00:00
[2025-10-17T07:47:49.804+0000] {processor.py:179} INFO - Processing /home/airflow/.local/lib/python3.8/site-packages/airflow/example_dags/example_setup_teardown_taskflow.py took 0.071 seconds
[2025-10-17T07:48:20.283+0000] {processor.py:157} INFO - Started process (PID=279) to work on /home/airflow/.local/lib/python3.8/site-packages/airflow/example_dags/example_setup_teardown_taskflow.py
[2025-10-17T07:48:20.284+0000] {processor.py:829} INFO - Processing file /home/airflow/.local/lib/python3.8/site-packages/airflow/example_dags/example_setup_teardown_taskflow.py for tasks to queue
[2025-10-17T07:48:20.286+0000] {logging_mixin.py:154} INFO - [2025-10-17T07:48:20.286+0000] {dagbag.py:536} INFO - Filling up the DagBag from /home/airflow/.local/lib/python3.8/site-packages/airflow/example_dags/example_setup_teardown_taskflow.py
[2025-10-17T07:48:20.294+0000] {processor.py:839} INFO - DAG(s) dict_keys(['example_setup_teardown_taskflow']) retrieved from /home/airflow/.local/lib/python3.8/site-packages/airflow/example_dags/example_setup_teardown_taskflow.py
[2025-10-17T07:48:20.314+0000] {logging_mixin.py:154} INFO - [2025-10-17T07:48:20.314+0000] {dag.py:2941} INFO - Sync 1 DAGs
[2025-10-17T07:48:20.333+0000] {logging_mixin.py:154} INFO - [2025-10-17T07:48:20.333+0000] {dag.py:3722} INFO - Setting next_dagrun for example_setup_teardown_taskflow to 2025-10-16T07:48:20.333101+00:00, run_after=2025-10-17T07:48:20.333101+00:00
[2025-10-17T07:48:20.349+0000] {processor.py:179} INFO - Processing /home/airflow/.local/lib/python3.8/site-packages/airflow/example_dags/example_setup_teardown_taskflow.py took 0.069 seconds
[2025-10-17T07:48:50.489+0000] {processor.py:157} INFO - Started process (PID=335) to work on /home/airflow/.local/lib/python3.8/site-packages/airflow/example_dags/example_setup_teardown_taskflow.py
[2025-10-17T07:48:50.490+0000] {processor.py:829} INFO - Processing file /home/airflow/.local/lib/python3.8/site-packages/airflow/example_dags/example_setup_teardown_taskflow.py for tasks to queue
[2025-10-17T07:48:50.492+0000] {logging_mixin.py:154} INFO - [2025-10-17T07:48:50.492+0000] {dagbag.py:536} INFO - Filling up the DagBag from /home/airflow/.local/lib/python3.8/site-packages/airflow/example_dags/example_setup_teardown_taskflow.py
[2025-10-17T07:48:50.500+0000] {processor.py:839} INFO - DAG(s) dict_keys(['example_setup_teardown_taskflow']) retrieved from /home/airflow/.local/lib/python3.8/site-packages/airflow/example_dags/example_setup_teardown_taskflow.py
[2025-10-17T07:48:50.520+0000] {logging_mixin.py:154} INFO - [2025-10-17T07:48:50.520+0000] {dag.py:2941} INFO - Sync 1 DAGs
[2025-10-17T07:48:50.537+0000] {logging_mixin.py:154} INFO - [2025-10-17T07:48:50.537+0000] {dag.py:3722} INFO - Setting next_dagrun for example_setup_teardown_taskflow to 2025-10-16T07:48:50.537396+00:00, run_after=2025-10-17T07:48:50.537396+00:00
[2025-10-17T07:48:50.554+0000] {processor.py:179} INFO - Processing /home/airflow/.local/lib/python3.8/site-packages/airflow/example_dags/example_setup_teardown_taskflow.py took 0.068 seconds
[2025-10-17T07:49:21.024+0000] {processor.py:157} INFO - Started process (PID=391) to work on /home/airflow/.local/lib/python3.8/site-packages/airflow/example_dags/example_setup_teardown_taskflow.py
[2025-10-17T07:49:21.025+0000] {processor.py:829} INFO - Processing file /home/airflow/.local/lib/python3.8/site-packages/airflow/example_dags/example_setup_teardown_taskflow.py for tasks to queue
[2025-10-17T07:49:21.027+0000] {logging_mixin.py:154} INFO - [2025-10-17T07:49:21.027+0000] {dagbag.py:536} INFO - Filling up the DagBag from /home/airflow/.local/lib/python3.8/site-packages/airflow/example_dags/example_setup_teardown_taskflow.py
[2025-10-17T07:49:21.035+0000] {processor.py:839} INFO - DAG(s) dict_keys(['example_setup_teardown_taskflow']) retrieved from /home/airflow/.local/lib/python3.8/site-packages/airflow/example_dags/example_setup_teardown_taskflow.py
[2025-10-17T07:49:21.054+0000] {logging_mixin.py:154} INFO - [2025-10-17T07:49:21.053+0000] {dag.py:2941} INFO - Sync 1 DAGs
[2025-10-17T07:49:21.071+0000] {logging_mixin.py:154} INFO - [2025-10-17T07:49:21.071+0000] {dag.py:3722} INFO - Setting next_dagrun for example_setup_teardown_taskflow to 2025-10-16T07:49:21.071198+00:00, run_after=2025-10-17T07:49:21.071198+00:00
[2025-10-17T07:49:21.087+0000] {processor.py:179} INFO - Processing /home/airflow/.local/lib/python3.8/site-packages/airflow/example_dags/example_setup_teardown_taskflow.py took 0.067 seconds
[2025-10-17T07:49:51.554+0000] {processor.py:157} INFO - Started process (PID=447) to work on /home/airflow/.local/lib/python3.8/site-packages/airflow/example_dags/example_setup_teardown_taskflow.py
[2025-10-17T07:49:51.555+0000] {processor.py:829} INFO - Processing file /home/airflow/.local/lib/python3.8/site-packages/airflow/example_dags/example_setup_teardown_taskflow.py for tasks to queue
[2025-10-17T07:49:51.558+0000] {logging_mixin.py:154} INFO - [2025-10-17T07:49:51.557+0000] {dagbag.py:536} INFO - Filling up the DagBag from /home/airflow/.local/lib/python3.8/site-packages/airflow/example_dags/example_setup_teardown_taskflow.py
[2025-10-17T07:49:51.572+0000] {processor.py:839} INFO - DAG(s) dict_keys(['example_setup_teardown_taskflow']) retrieved from /home/airflow/.local/lib/python3.8/site-packages/airflow/example_dags/example_setup_teardown_taskflow.py
[2025-10-17T07:49:51.599+0000] {logging_mixin.py:154} INFO - [2025-10-17T07:49:51.598+0000] {dag.py:2941} INFO - Sync 1 DAGs
[2025-10-17T07:49:51.617+0000] {logging_mixin.py:154} INFO - [2025-10-17T07:49:51.617+0000] {dag.py:3722} INFO - Setting next_dagrun for example_setup_teardown_taskflow to 2025-10-16T07:49:51.617443+00:00, run_after=2025-10-17T07:49:51.617443+00:00
[2025-10-17T07:49:51.637+0000] {processor.py:179} INFO - Processing /home/airflow/.local/lib/python3.8/site-packages/airflow/example_dags/example_setup_teardown_taskflow.py took 0.088 seconds
[2025-10-17T07:50:21.707+0000] {processor.py:157} INFO - Started process (PID=503) to work on /home/airflow/.local/lib/python3.8/site-packages/airflow/example_dags/example_setup_teardown_taskflow.py
[2025-10-17T07:50:21.708+0000] {processor.py:829} INFO - Processing file /home/airflow/.local/lib/python3.8/site-packages/airflow/example_dags/example_setup_teardown_taskflow.py for tasks to queue
[2025-10-17T07:50:21.711+0000] {logging_mixin.py:154} INFO - [2025-10-17T07:50:21.710+0000] {dagbag.py:536} INFO - Filling up the DagBag from /home/airflow/.local/lib/python3.8/site-packages/airflow/example_dags/example_setup_teardown_taskflow.py
[2025-10-17T07:50:21.724+0000] {processor.py:839} INFO - DAG(s) dict_keys(['example_setup_teardown_taskflow']) retrieved from /home/airflow/.local/lib/python3.8/site-packages/airflow/example_dags/example_setup_teardown_taskflow.py
[2025-10-17T07:50:21.745+0000] {logging_mixin.py:154} INFO - [2025-10-17T07:50:21.744+0000] {dag.py:2941} INFO - Sync 1 DAGs
[2025-10-17T07:50:21.765+0000] {logging_mixin.py:154} INFO - [2025-10-17T07:50:21.764+0000] {dag.py:3722} INFO - Setting next_dagrun for example_setup_teardown_taskflow to 2025-10-16T07:50:21.764588+00:00, run_after=2025-10-17T07:50:21.764588+00:00
[2025-10-17T07:50:21.781+0000] {processor.py:179} INFO - Processing /home/airflow/.local/lib/python3.8/site-packages/airflow/example_dags/example_setup_teardown_taskflow.py took 0.078 seconds
[2025-10-17T07:50:51.828+0000] {processor.py:157} INFO - Started process (PID=559) to work on /home/airflow/.local/lib/python3.8/site-packages/airflow/example_dags/example_setup_teardown_taskflow.py
[2025-10-17T07:50:51.829+0000] {processor.py:829} INFO - Processing file /home/airflow/.local/lib/python3.8/site-packages/airflow/example_dags/example_setup_teardown_taskflow.py for tasks to queue
[2025-10-17T07:50:51.832+0000] {logging_mixin.py:154} INFO - [2025-10-17T07:50:51.831+0000] {dagbag.py:536} INFO - Filling up the DagBag from /home/airflow/.local/lib/python3.8/site-packages/airflow/example_dags/example_setup_teardown_taskflow.py
[2025-10-17T07:50:51.840+0000] {processor.py:839} INFO - DAG(s) dict_keys(['example_setup_teardown_taskflow']) retrieved from /home/airflow/.local/lib/python3.8/site-packages/airflow/example_dags/example_setup_teardown_taskflow.py
[2025-10-17T07:50:51.859+0000] {logging_mixin.py:154} INFO - [2025-10-17T07:50:51.858+0000] {dag.py:2941} INFO - Sync 1 DAGs
[2025-10-17T07:50:51.876+0000] {logging_mixin.py:154} INFO - [2025-10-17T07:50:51.876+0000] {dag.py:3722} INFO - Setting next_dagrun for example_setup_teardown_taskflow to 2025-10-16T07:50:51.875948+00:00, run_after=2025-10-17T07:50:51.875948+00:00
[2025-10-17T07:50:51.892+0000] {processor.py:179} INFO - Processing /home/airflow/.local/lib/python3.8/site-packages/airflow/example_dags/example_setup_teardown_taskflow.py took 0.068 seconds
[2025-10-17T07:51:22.324+0000] {processor.py:157} INFO - Started process (PID=621) to work on /home/airflow/.local/lib/python3.8/site-packages/airflow/example_dags/example_setup_teardown_taskflow.py
[2025-10-17T07:51:22.325+0000] {processor.py:829} INFO - Processing file /home/airflow/.local/lib/python3.8/site-packages/airflow/example_dags/example_setup_teardown_taskflow.py for tasks to queue
[2025-10-17T07:51:22.327+0000] {logging_mixin.py:154} INFO - [2025-10-17T07:51:22.327+0000] {dagbag.py:536} INFO - Filling up the DagBag from /home/airflow/.local/lib/python3.8/site-packages/airflow/example_dags/example_setup_teardown_taskflow.py
[2025-10-17T07:51:22.336+0000] {processor.py:839} INFO - DAG(s) dict_keys(['example_setup_teardown_taskflow']) retrieved from /home/airflow/.local/lib/python3.8/site-packages/airflow/example_dags/example_setup_teardown_taskflow.py
[2025-10-17T07:51:22.356+0000] {logging_mixin.py:154} INFO - [2025-10-17T07:51:22.356+0000] {dag.py:2941} INFO - Sync 1 DAGs
[2025-10-17T07:51:22.375+0000] {logging_mixin.py:154} INFO - [2025-10-17T07:51:22.375+0000] {dag.py:3722} INFO - Setting next_dagrun for example_setup_teardown_taskflow to 2025-10-16T07:51:22.375453+00:00, run_after=2025-10-17T07:51:22.375453+00:00
[2025-10-17T07:51:22.392+0000] {processor.py:179} INFO - Processing /home/airflow/.local/lib/python3.8/site-packages/airflow/example_dags/example_setup_teardown_taskflow.py took 0.071 seconds
[2025-10-17T07:51:52.995+0000] {processor.py:157} INFO - Started process (PID=678) to work on /home/airflow/.local/lib/python3.8/site-packages/airflow/example_dags/example_setup_teardown_taskflow.py
[2025-10-17T07:51:52.996+0000] {processor.py:829} INFO - Processing file /home/airflow/.local/lib/python3.8/site-packages/airflow/example_dags/example_setup_teardown_taskflow.py for tasks to queue
[2025-10-17T07:51:52.999+0000] {logging_mixin.py:154} INFO - [2025-10-17T07:51:52.999+0000] {dagbag.py:536} INFO - Filling up the DagBag from /home/airflow/.local/lib/python3.8/site-packages/airflow/example_dags/example_setup_teardown_taskflow.py
[2025-10-17T07:51:53.010+0000] {processor.py:839} INFO - DAG(s) dict_keys(['example_setup_teardown_taskflow']) retrieved from /home/airflow/.local/lib/python3.8/site-packages/airflow/example_dags/example_setup_teardown_taskflow.py
[2025-10-17T07:51:53.041+0000] {logging_mixin.py:154} INFO - [2025-10-17T07:51:53.041+0000] {dag.py:2941} INFO - Sync 1 DAGs
[2025-10-17T07:51:53.060+0000] {logging_mixin.py:154} INFO - [2025-10-17T07:51:53.060+0000] {dag.py:3722} INFO - Setting next_dagrun for example_setup_teardown_taskflow to 2025-10-16T07:51:53.059837+00:00, run_after=2025-10-17T07:51:53.059837+00:00
[2025-10-17T07:51:53.076+0000] {processor.py:179} INFO - Processing /home/airflow/.local/lib/python3.8/site-packages/airflow/example_dags/example_setup_teardown_taskflow.py took 0.085 seconds
[2025-10-17T08:08:50.113+0000] {processor.py:157} INFO - Started process (PID=57) to work on /home/airflow/.local/lib/python3.8/site-packages/airflow/example_dags/example_setup_teardown_taskflow.py
[2025-10-17T08:08:50.115+0000] {processor.py:829} INFO - Processing file /home/airflow/.local/lib/python3.8/site-packages/airflow/example_dags/example_setup_teardown_taskflow.py for tasks to queue
[2025-10-17T08:08:50.121+0000] {logging_mixin.py:154} INFO - [2025-10-17T08:08:50.120+0000] {dagbag.py:536} INFO - Filling up the DagBag from /home/airflow/.local/lib/python3.8/site-packages/airflow/example_dags/example_setup_teardown_taskflow.py
[2025-10-17T08:08:50.144+0000] {processor.py:839} INFO - DAG(s) dict_keys(['example_setup_teardown_taskflow']) retrieved from /home/airflow/.local/lib/python3.8/site-packages/airflow/example_dags/example_setup_teardown_taskflow.py
[2025-10-17T08:08:50.343+0000] {logging_mixin.py:154} INFO - [2025-10-17T08:08:50.342+0000] {manager.py:499} INFO - Created Permission View: %s
[2025-10-17T08:08:50.363+0000] {logging_mixin.py:154} INFO - [2025-10-17T08:08:50.363+0000] {manager.py:499} INFO - Created Permission View: %s
[2025-10-17T08:08:50.374+0000] {logging_mixin.py:154} INFO - [2025-10-17T08:08:50.374+0000] {manager.py:499} INFO - Created Permission View: %s
[2025-10-17T08:08:50.375+0000] {logging_mixin.py:154} INFO - [2025-10-17T08:08:50.375+0000] {dag.py:2941} INFO - Sync 1 DAGs
[2025-10-17T08:08:50.394+0000] {logging_mixin.py:154} INFO - [2025-10-17T08:08:50.394+0000] {dag.py:2963} INFO - Creating ORM DAG for example_setup_teardown_taskflow
[2025-10-17T08:08:50.416+0000] {logging_mixin.py:154} INFO - [2025-10-17T08:08:50.416+0000] {dag.py:3722} INFO - Setting next_dagrun for example_setup_teardown_taskflow to 2025-10-16T08:08:50.415798+00:00, run_after=2025-10-17T08:08:50.415798+00:00
[2025-10-17T08:08:50.444+0000] {processor.py:179} INFO - Processing /home/airflow/.local/lib/python3.8/site-packages/airflow/example_dags/example_setup_teardown_taskflow.py took 0.335 seconds
[2025-10-17T08:09:20.919+0000] {processor.py:157} INFO - Started process (PID=112) to work on /home/airflow/.local/lib/python3.8/site-packages/airflow/example_dags/example_setup_teardown_taskflow.py
[2025-10-17T08:09:20.921+0000] {processor.py:829} INFO - Processing file /home/airflow/.local/lib/python3.8/site-packages/airflow/example_dags/example_setup_teardown_taskflow.py for tasks to queue
[2025-10-17T08:09:20.923+0000] {logging_mixin.py:154} INFO - [2025-10-17T08:09:20.923+0000] {dagbag.py:536} INFO - Filling up the DagBag from /home/airflow/.local/lib/python3.8/site-packages/airflow/example_dags/example_setup_teardown_taskflow.py
[2025-10-17T08:09:20.934+0000] {processor.py:839} INFO - DAG(s) dict_keys(['example_setup_teardown_taskflow']) retrieved from /home/airflow/.local/lib/python3.8/site-packages/airflow/example_dags/example_setup_teardown_taskflow.py
[2025-10-17T08:09:20.961+0000] {logging_mixin.py:154} INFO - [2025-10-17T08:09:20.960+0000] {dag.py:2941} INFO - Sync 1 DAGs
[2025-10-17T08:09:20.990+0000] {logging_mixin.py:154} INFO - [2025-10-17T08:09:20.989+0000] {dag.py:3722} INFO - Setting next_dagrun for example_setup_teardown_taskflow to 2025-10-16T08:09:20.989041+00:00, run_after=2025-10-17T08:09:20.989041+00:00
[2025-10-17T08:09:21.016+0000] {processor.py:179} INFO - Processing /home/airflow/.local/lib/python3.8/site-packages/airflow/example_dags/example_setup_teardown_taskflow.py took 0.101 seconds
[2025-10-17T08:09:51.128+0000] {processor.py:157} INFO - Started process (PID=168) to work on /home/airflow/.local/lib/python3.8/site-packages/airflow/example_dags/example_setup_teardown_taskflow.py
[2025-10-17T08:09:51.130+0000] {processor.py:829} INFO - Processing file /home/airflow/.local/lib/python3.8/site-packages/airflow/example_dags/example_setup_teardown_taskflow.py for tasks to queue
[2025-10-17T08:09:51.133+0000] {logging_mixin.py:154} INFO - [2025-10-17T08:09:51.132+0000] {dagbag.py:536} INFO - Filling up the DagBag from /home/airflow/.local/lib/python3.8/site-packages/airflow/example_dags/example_setup_teardown_taskflow.py
[2025-10-17T08:09:51.144+0000] {processor.py:839} INFO - DAG(s) dict_keys(['example_setup_teardown_taskflow']) retrieved from /home/airflow/.local/lib/python3.8/site-packages/airflow/example_dags/example_setup_teardown_taskflow.py
[2025-10-17T08:09:51.174+0000] {logging_mixin.py:154} INFO - [2025-10-17T08:09:51.174+0000] {dag.py:2941} INFO - Sync 1 DAGs
[2025-10-17T08:09:51.204+0000] {logging_mixin.py:154} INFO - [2025-10-17T08:09:51.204+0000] {dag.py:3722} INFO - Setting next_dagrun for example_setup_teardown_taskflow to 2025-10-16T08:09:51.204120+00:00, run_after=2025-10-17T08:09:51.204120+00:00
[2025-10-17T08:09:51.232+0000] {processor.py:179} INFO - Processing /home/airflow/.local/lib/python3.8/site-packages/airflow/example_dags/example_setup_teardown_taskflow.py took 0.110 seconds
[2025-10-17T08:10:21.372+0000] {processor.py:157} INFO - Started process (PID=224) to work on /home/airflow/.local/lib/python3.8/site-packages/airflow/example_dags/example_setup_teardown_taskflow.py
[2025-10-17T08:10:21.373+0000] {processor.py:829} INFO - Processing file /home/airflow/.local/lib/python3.8/site-packages/airflow/example_dags/example_setup_teardown_taskflow.py for tasks to queue
[2025-10-17T08:10:21.376+0000] {logging_mixin.py:154} INFO - [2025-10-17T08:10:21.376+0000] {dagbag.py:536} INFO - Filling up the DagBag from /home/airflow/.local/lib/python3.8/site-packages/airflow/example_dags/example_setup_teardown_taskflow.py
[2025-10-17T08:10:21.388+0000] {processor.py:839} INFO - DAG(s) dict_keys(['example_setup_teardown_taskflow']) retrieved from /home/airflow/.local/lib/python3.8/site-packages/airflow/example_dags/example_setup_teardown_taskflow.py
[2025-10-17T08:10:21.419+0000] {logging_mixin.py:154} INFO - [2025-10-17T08:10:21.419+0000] {dag.py:2941} INFO - Sync 1 DAGs
[2025-10-17T08:10:21.448+0000] {logging_mixin.py:154} INFO - [2025-10-17T08:10:21.447+0000] {dag.py:3722} INFO - Setting next_dagrun for example_setup_teardown_taskflow to 2025-10-16T08:10:21.447498+00:00, run_after=2025-10-17T08:10:21.447498+00:00
[2025-10-17T08:10:21.475+0000] {processor.py:179} INFO - Processing /home/airflow/.local/lib/python3.8/site-packages/airflow/example_dags/example_setup_teardown_taskflow.py took 0.108 seconds
[2025-10-17T08:10:52.065+0000] {processor.py:157} INFO - Started process (PID=280) to work on /home/airflow/.local/lib/python3.8/site-packages/airflow/example_dags/example_setup_teardown_taskflow.py
[2025-10-17T08:10:52.066+0000] {processor.py:829} INFO - Processing file /home/airflow/.local/lib/python3.8/site-packages/airflow/example_dags/example_setup_teardown_taskflow.py for tasks to queue
[2025-10-17T08:10:52.068+0000] {logging_mixin.py:154} INFO - [2025-10-17T08:10:52.068+0000] {dagbag.py:536} INFO - Filling up the DagBag from /home/airflow/.local/lib/python3.8/site-packages/airflow/example_dags/example_setup_teardown_taskflow.py
[2025-10-17T08:10:52.077+0000] {processor.py:839} INFO - DAG(s) dict_keys(['example_setup_teardown_taskflow']) retrieved from /home/airflow/.local/lib/python3.8/site-packages/airflow/example_dags/example_setup_teardown_taskflow.py
[2025-10-17T08:10:52.102+0000] {logging_mixin.py:154} INFO - [2025-10-17T08:10:52.101+0000] {dag.py:2941} INFO - Sync 1 DAGs
[2025-10-17T08:10:52.127+0000] {logging_mixin.py:154} INFO - [2025-10-17T08:10:52.126+0000] {dag.py:3722} INFO - Setting next_dagrun for example_setup_teardown_taskflow to 2025-10-16T08:10:52.126501+00:00, run_after=2025-10-17T08:10:52.126501+00:00
[2025-10-17T08:10:52.145+0000] {processor.py:179} INFO - Processing /home/airflow/.local/lib/python3.8/site-packages/airflow/example_dags/example_setup_teardown_taskflow.py took 0.084 seconds
[2025-10-17T08:11:22.317+0000] {processor.py:157} INFO - Started process (PID=336) to work on /home/airflow/.local/lib/python3.8/site-packages/airflow/example_dags/example_setup_teardown_taskflow.py
[2025-10-17T08:11:22.318+0000] {processor.py:829} INFO - Processing file /home/airflow/.local/lib/python3.8/site-packages/airflow/example_dags/example_setup_teardown_taskflow.py for tasks to queue
[2025-10-17T08:11:22.321+0000] {logging_mixin.py:154} INFO - [2025-10-17T08:11:22.320+0000] {dagbag.py:536} INFO - Filling up the DagBag from /home/airflow/.local/lib/python3.8/site-packages/airflow/example_dags/example_setup_teardown_taskflow.py
[2025-10-17T08:11:22.331+0000] {processor.py:839} INFO - DAG(s) dict_keys(['example_setup_teardown_taskflow']) retrieved from /home/airflow/.local/lib/python3.8/site-packages/airflow/example_dags/example_setup_teardown_taskflow.py
[2025-10-17T08:11:22.356+0000] {logging_mixin.py:154} INFO - [2025-10-17T08:11:22.356+0000] {dag.py:2941} INFO - Sync 1 DAGs
[2025-10-17T08:11:22.399+0000] {logging_mixin.py:154} INFO - [2025-10-17T08:11:22.398+0000] {dag.py:3722} INFO - Setting next_dagrun for example_setup_teardown_taskflow to 2025-10-16T08:11:22.398538+00:00, run_after=2025-10-17T08:11:22.398538+00:00
[2025-10-17T08:11:22.437+0000] {processor.py:179} INFO - Processing /home/airflow/.local/lib/python3.8/site-packages/airflow/example_dags/example_setup_teardown_taskflow.py took 0.124 seconds
[2025-10-17T08:12:32.443+0000] {processor.py:157} INFO - Started process (PID=58) to work on /home/airflow/.local/lib/python3.8/site-packages/airflow/example_dags/example_setup_teardown_taskflow.py
[2025-10-17T08:12:32.444+0000] {processor.py:829} INFO - Processing file /home/airflow/.local/lib/python3.8/site-packages/airflow/example_dags/example_setup_teardown_taskflow.py for tasks to queue
[2025-10-17T08:12:32.446+0000] {logging_mixin.py:154} INFO - [2025-10-17T08:12:32.446+0000] {dagbag.py:536} INFO - Filling up the DagBag from /home/airflow/.local/lib/python3.8/site-packages/airflow/example_dags/example_setup_teardown_taskflow.py
[2025-10-17T08:12:32.459+0000] {processor.py:839} INFO - DAG(s) dict_keys(['example_setup_teardown_taskflow']) retrieved from /home/airflow/.local/lib/python3.8/site-packages/airflow/example_dags/example_setup_teardown_taskflow.py
[2025-10-17T08:12:32.585+0000] {logging_mixin.py:154} INFO - [2025-10-17T08:12:32.585+0000] {manager.py:499} INFO - Created Permission View: %s
[2025-10-17T08:12:32.598+0000] {logging_mixin.py:154} INFO - [2025-10-17T08:12:32.597+0000] {manager.py:499} INFO - Created Permission View: %s
[2025-10-17T08:12:32.605+0000] {logging_mixin.py:154} INFO - [2025-10-17T08:12:32.605+0000] {manager.py:499} INFO - Created Permission View: %s
[2025-10-17T08:12:32.605+0000] {logging_mixin.py:154} INFO - [2025-10-17T08:12:32.605+0000] {dag.py:2941} INFO - Sync 1 DAGs
[2025-10-17T08:12:32.616+0000] {logging_mixin.py:154} INFO - [2025-10-17T08:12:32.616+0000] {dag.py:2963} INFO - Creating ORM DAG for example_setup_teardown_taskflow
[2025-10-17T08:12:32.629+0000] {logging_mixin.py:154} INFO - [2025-10-17T08:12:32.629+0000] {dag.py:3722} INFO - Setting next_dagrun for example_setup_teardown_taskflow to 2025-10-16T08:12:32.629408+00:00, run_after=2025-10-17T08:12:32.629408+00:00
[2025-10-17T08:12:32.651+0000] {processor.py:179} INFO - Processing /home/airflow/.local/lib/python3.8/site-packages/airflow/example_dags/example_setup_teardown_taskflow.py took 0.212 seconds
[2025-10-17T08:13:02.757+0000] {processor.py:157} INFO - Started process (PID=113) to work on /home/airflow/.local/lib/python3.8/site-packages/airflow/example_dags/example_setup_teardown_taskflow.py
[2025-10-17T08:13:02.758+0000] {processor.py:829} INFO - Processing file /home/airflow/.local/lib/python3.8/site-packages/airflow/example_dags/example_setup_teardown_taskflow.py for tasks to queue
[2025-10-17T08:13:02.760+0000] {logging_mixin.py:154} INFO - [2025-10-17T08:13:02.760+0000] {dagbag.py:536} INFO - Filling up the DagBag from /home/airflow/.local/lib/python3.8/site-packages/airflow/example_dags/example_setup_teardown_taskflow.py
[2025-10-17T08:13:02.769+0000] {processor.py:839} INFO - DAG(s) dict_keys(['example_setup_teardown_taskflow']) retrieved from /home/airflow/.local/lib/python3.8/site-packages/airflow/example_dags/example_setup_teardown_taskflow.py
[2025-10-17T08:13:02.787+0000] {logging_mixin.py:154} INFO - [2025-10-17T08:13:02.787+0000] {dag.py:2941} INFO - Sync 1 DAGs
[2025-10-17T08:13:02.804+0000] {logging_mixin.py:154} INFO - [2025-10-17T08:13:02.804+0000] {dag.py:3722} INFO - Setting next_dagrun for example_setup_teardown_taskflow to 2025-10-16T08:13:02.803915+00:00, run_after=2025-10-17T08:13:02.803915+00:00
[2025-10-17T08:13:02.819+0000] {processor.py:179} INFO - Processing /home/airflow/.local/lib/python3.8/site-packages/airflow/example_dags/example_setup_teardown_taskflow.py took 0.065 seconds
[2025-10-17T08:13:33.447+0000] {processor.py:157} INFO - Started process (PID=169) to work on /home/airflow/.local/lib/python3.8/site-packages/airflow/example_dags/example_setup_teardown_taskflow.py
[2025-10-17T08:13:33.448+0000] {processor.py:829} INFO - Processing file /home/airflow/.local/lib/python3.8/site-packages/airflow/example_dags/example_setup_teardown_taskflow.py for tasks to queue
[2025-10-17T08:13:33.450+0000] {logging_mixin.py:154} INFO - [2025-10-17T08:13:33.450+0000] {dagbag.py:536} INFO - Filling up the DagBag from /home/airflow/.local/lib/python3.8/site-packages/airflow/example_dags/example_setup_teardown_taskflow.py
[2025-10-17T08:13:33.459+0000] {processor.py:839} INFO - DAG(s) dict_keys(['example_setup_teardown_taskflow']) retrieved from /home/airflow/.local/lib/python3.8/site-packages/airflow/example_dags/example_setup_teardown_taskflow.py
[2025-10-17T08:13:33.481+0000] {logging_mixin.py:154} INFO - [2025-10-17T08:13:33.481+0000] {dag.py:2941} INFO - Sync 1 DAGs
[2025-10-17T08:13:33.500+0000] {logging_mixin.py:154} INFO - [2025-10-17T08:13:33.500+0000] {dag.py:3722} INFO - Setting next_dagrun for example_setup_teardown_taskflow to 2025-10-16T08:13:33.499911+00:00, run_after=2025-10-17T08:13:33.499911+00:00
[2025-10-17T08:13:33.521+0000] {processor.py:179} INFO - Processing /home/airflow/.local/lib/python3.8/site-packages/airflow/example_dags/example_setup_teardown_taskflow.py took 0.078 seconds
