[2025-10-17T07:19:46.589+0000] {processor.py:157} INFO - Started process (PID=578) to work on /home/airflow/.local/lib/python3.8/site-packages/airflow/example_dags/example_params_ui_tutorial.py
[2025-10-17T07:19:46.591+0000] {processor.py:829} INFO - Processing file /home/airflow/.local/lib/python3.8/site-packages/airflow/example_dags/example_params_ui_tutorial.py for tasks to queue
[2025-10-17T07:19:46.596+0000] {logging_mixin.py:154} INFO - [2025-10-17T07:19:46.595+0000] {dagbag.py:536} INFO - Filling up the DagBag from /home/airflow/.local/lib/python3.8/site-packages/airflow/example_dags/example_params_ui_tutorial.py
[2025-10-17T07:19:46.696+0000] {processor.py:839} INFO - DAG(s) dict_keys(['example_params_ui_tutorial']) retrieved from /home/airflow/.local/lib/python3.8/site-packages/airflow/example_dags/example_params_ui_tutorial.py
[2025-10-17T07:19:47.021+0000] {logging_mixin.py:154} INFO - [2025-10-17T07:19:47.020+0000] {dag.py:2941} INFO - Sync 1 DAGs
[2025-10-17T07:19:47.042+0000] {logging_mixin.py:154} INFO - [2025-10-17T07:19:47.042+0000] {dag.py:3722} INFO - Setting next_dagrun for example_params_ui_tutorial to None, run_after=None
[2025-10-17T07:19:47.156+0000] {processor.py:179} INFO - Processing /home/airflow/.local/lib/python3.8/site-packages/airflow/example_dags/example_params_ui_tutorial.py took 0.582 seconds
[2025-10-17T07:20:17.678+0000] {processor.py:157} INFO - Started process (PID=634) to work on /home/airflow/.local/lib/python3.8/site-packages/airflow/example_dags/example_params_ui_tutorial.py
[2025-10-17T07:20:17.680+0000] {processor.py:829} INFO - Processing file /home/airflow/.local/lib/python3.8/site-packages/airflow/example_dags/example_params_ui_tutorial.py for tasks to queue
[2025-10-17T07:20:17.683+0000] {logging_mixin.py:154} INFO - [2025-10-17T07:20:17.683+0000] {dagbag.py:536} INFO - Filling up the DagBag from /home/airflow/.local/lib/python3.8/site-packages/airflow/example_dags/example_params_ui_tutorial.py
[2025-10-17T07:20:17.724+0000] {processor.py:839} INFO - DAG(s) dict_keys(['example_params_ui_tutorial']) retrieved from /home/airflow/.local/lib/python3.8/site-packages/airflow/example_dags/example_params_ui_tutorial.py
[2025-10-17T07:20:17.774+0000] {logging_mixin.py:154} INFO - [2025-10-17T07:20:17.774+0000] {dag.py:2941} INFO - Sync 1 DAGs
[2025-10-17T07:20:17.787+0000] {logging_mixin.py:154} INFO - [2025-10-17T07:20:17.787+0000] {dag.py:3722} INFO - Setting next_dagrun for example_params_ui_tutorial to None, run_after=None
[2025-10-17T07:20:17.810+0000] {processor.py:179} INFO - Processing /home/airflow/.local/lib/python3.8/site-packages/airflow/example_dags/example_params_ui_tutorial.py took 0.136 seconds
[2025-10-17T07:20:47.932+0000] {processor.py:157} INFO - Started process (PID=690) to work on /home/airflow/.local/lib/python3.8/site-packages/airflow/example_dags/example_params_ui_tutorial.py
[2025-10-17T07:20:47.933+0000] {processor.py:829} INFO - Processing file /home/airflow/.local/lib/python3.8/site-packages/airflow/example_dags/example_params_ui_tutorial.py for tasks to queue
[2025-10-17T07:20:47.938+0000] {logging_mixin.py:154} INFO - [2025-10-17T07:20:47.937+0000] {dagbag.py:536} INFO - Filling up the DagBag from /home/airflow/.local/lib/python3.8/site-packages/airflow/example_dags/example_params_ui_tutorial.py
[2025-10-17T07:20:48.000+0000] {processor.py:839} INFO - DAG(s) dict_keys(['example_params_ui_tutorial']) retrieved from /home/airflow/.local/lib/python3.8/site-packages/airflow/example_dags/example_params_ui_tutorial.py
[2025-10-17T07:20:48.078+0000] {logging_mixin.py:154} INFO - [2025-10-17T07:20:48.077+0000] {dag.py:2941} INFO - Sync 1 DAGs
[2025-10-17T07:20:48.108+0000] {logging_mixin.py:154} INFO - [2025-10-17T07:20:48.107+0000] {dag.py:3722} INFO - Setting next_dagrun for example_params_ui_tutorial to None, run_after=None
[2025-10-17T07:20:48.159+0000] {processor.py:179} INFO - Processing /home/airflow/.local/lib/python3.8/site-packages/airflow/example_dags/example_params_ui_tutorial.py took 0.232 seconds
[2025-10-17T07:21:18.207+0000] {processor.py:157} INFO - Started process (PID=747) to work on /home/airflow/.local/lib/python3.8/site-packages/airflow/example_dags/example_params_ui_tutorial.py
[2025-10-17T07:21:18.211+0000] {processor.py:829} INFO - Processing file /home/airflow/.local/lib/python3.8/site-packages/airflow/example_dags/example_params_ui_tutorial.py for tasks to queue
[2025-10-17T07:21:18.213+0000] {logging_mixin.py:154} INFO - [2025-10-17T07:21:18.213+0000] {dagbag.py:536} INFO - Filling up the DagBag from /home/airflow/.local/lib/python3.8/site-packages/airflow/example_dags/example_params_ui_tutorial.py
[2025-10-17T07:21:18.243+0000] {processor.py:839} INFO - DAG(s) dict_keys(['example_params_ui_tutorial']) retrieved from /home/airflow/.local/lib/python3.8/site-packages/airflow/example_dags/example_params_ui_tutorial.py
[2025-10-17T07:21:18.286+0000] {logging_mixin.py:154} INFO - [2025-10-17T07:21:18.286+0000] {dag.py:2941} INFO - Sync 1 DAGs
[2025-10-17T07:21:18.296+0000] {logging_mixin.py:154} INFO - [2025-10-17T07:21:18.296+0000] {dag.py:3722} INFO - Setting next_dagrun for example_params_ui_tutorial to None, run_after=None
[2025-10-17T07:21:18.314+0000] {processor.py:179} INFO - Processing /home/airflow/.local/lib/python3.8/site-packages/airflow/example_dags/example_params_ui_tutorial.py took 0.110 seconds
[2025-10-17T07:21:48.492+0000] {processor.py:157} INFO - Started process (PID=802) to work on /home/airflow/.local/lib/python3.8/site-packages/airflow/example_dags/example_params_ui_tutorial.py
[2025-10-17T07:21:48.494+0000] {processor.py:829} INFO - Processing file /home/airflow/.local/lib/python3.8/site-packages/airflow/example_dags/example_params_ui_tutorial.py for tasks to queue
[2025-10-17T07:21:48.496+0000] {logging_mixin.py:154} INFO - [2025-10-17T07:21:48.496+0000] {dagbag.py:536} INFO - Filling up the DagBag from /home/airflow/.local/lib/python3.8/site-packages/airflow/example_dags/example_params_ui_tutorial.py
[2025-10-17T07:21:48.529+0000] {processor.py:839} INFO - DAG(s) dict_keys(['example_params_ui_tutorial']) retrieved from /home/airflow/.local/lib/python3.8/site-packages/airflow/example_dags/example_params_ui_tutorial.py
[2025-10-17T07:21:48.573+0000] {logging_mixin.py:154} INFO - [2025-10-17T07:21:48.573+0000] {dag.py:2941} INFO - Sync 1 DAGs
[2025-10-17T07:21:48.586+0000] {logging_mixin.py:154} INFO - [2025-10-17T07:21:48.586+0000] {dag.py:3722} INFO - Setting next_dagrun for example_params_ui_tutorial to None, run_after=None
[2025-10-17T07:21:48.610+0000] {processor.py:179} INFO - Processing /home/airflow/.local/lib/python3.8/site-packages/airflow/example_dags/example_params_ui_tutorial.py took 0.121 seconds
[2025-10-17T07:22:19.575+0000] {processor.py:157} INFO - Started process (PID=858) to work on /home/airflow/.local/lib/python3.8/site-packages/airflow/example_dags/example_params_ui_tutorial.py
[2025-10-17T07:22:19.576+0000] {processor.py:829} INFO - Processing file /home/airflow/.local/lib/python3.8/site-packages/airflow/example_dags/example_params_ui_tutorial.py for tasks to queue
[2025-10-17T07:22:19.578+0000] {logging_mixin.py:154} INFO - [2025-10-17T07:22:19.578+0000] {dagbag.py:536} INFO - Filling up the DagBag from /home/airflow/.local/lib/python3.8/site-packages/airflow/example_dags/example_params_ui_tutorial.py
[2025-10-17T07:22:19.610+0000] {processor.py:839} INFO - DAG(s) dict_keys(['example_params_ui_tutorial']) retrieved from /home/airflow/.local/lib/python3.8/site-packages/airflow/example_dags/example_params_ui_tutorial.py
[2025-10-17T07:22:19.653+0000] {logging_mixin.py:154} INFO - [2025-10-17T07:22:19.652+0000] {dag.py:2941} INFO - Sync 1 DAGs
[2025-10-17T07:22:19.664+0000] {logging_mixin.py:154} INFO - [2025-10-17T07:22:19.663+0000] {dag.py:3722} INFO - Setting next_dagrun for example_params_ui_tutorial to None, run_after=None
[2025-10-17T07:22:19.684+0000] {processor.py:179} INFO - Processing /home/airflow/.local/lib/python3.8/site-packages/airflow/example_dags/example_params_ui_tutorial.py took 0.112 seconds
[2025-10-17T07:22:51.122+0000] {processor.py:157} INFO - Started process (PID=914) to work on /home/airflow/.local/lib/python3.8/site-packages/airflow/example_dags/example_params_ui_tutorial.py
[2025-10-17T07:22:51.123+0000] {processor.py:829} INFO - Processing file /home/airflow/.local/lib/python3.8/site-packages/airflow/example_dags/example_params_ui_tutorial.py for tasks to queue
[2025-10-17T07:22:51.126+0000] {logging_mixin.py:154} INFO - [2025-10-17T07:22:51.126+0000] {dagbag.py:536} INFO - Filling up the DagBag from /home/airflow/.local/lib/python3.8/site-packages/airflow/example_dags/example_params_ui_tutorial.py
[2025-10-17T07:22:51.168+0000] {processor.py:839} INFO - DAG(s) dict_keys(['example_params_ui_tutorial']) retrieved from /home/airflow/.local/lib/python3.8/site-packages/airflow/example_dags/example_params_ui_tutorial.py
[2025-10-17T07:22:51.226+0000] {logging_mixin.py:154} INFO - [2025-10-17T07:22:51.226+0000] {dag.py:2941} INFO - Sync 1 DAGs
[2025-10-17T07:22:51.243+0000] {logging_mixin.py:154} INFO - [2025-10-17T07:22:51.243+0000] {dag.py:3722} INFO - Setting next_dagrun for example_params_ui_tutorial to None, run_after=None
[2025-10-17T07:22:51.271+0000] {processor.py:179} INFO - Processing /home/airflow/.local/lib/python3.8/site-packages/airflow/example_dags/example_params_ui_tutorial.py took 0.153 seconds
[2025-10-17T07:23:22.214+0000] {processor.py:157} INFO - Started process (PID=970) to work on /home/airflow/.local/lib/python3.8/site-packages/airflow/example_dags/example_params_ui_tutorial.py
[2025-10-17T07:23:22.215+0000] {processor.py:829} INFO - Processing file /home/airflow/.local/lib/python3.8/site-packages/airflow/example_dags/example_params_ui_tutorial.py for tasks to queue
[2025-10-17T07:23:22.217+0000] {logging_mixin.py:154} INFO - [2025-10-17T07:23:22.216+0000] {dagbag.py:536} INFO - Filling up the DagBag from /home/airflow/.local/lib/python3.8/site-packages/airflow/example_dags/example_params_ui_tutorial.py
[2025-10-17T07:23:22.248+0000] {processor.py:839} INFO - DAG(s) dict_keys(['example_params_ui_tutorial']) retrieved from /home/airflow/.local/lib/python3.8/site-packages/airflow/example_dags/example_params_ui_tutorial.py
[2025-10-17T07:23:22.289+0000] {logging_mixin.py:154} INFO - [2025-10-17T07:23:22.289+0000] {dag.py:2941} INFO - Sync 1 DAGs
[2025-10-17T07:23:22.299+0000] {logging_mixin.py:154} INFO - [2025-10-17T07:23:22.299+0000] {dag.py:3722} INFO - Setting next_dagrun for example_params_ui_tutorial to None, run_after=None
[2025-10-17T07:23:22.318+0000] {processor.py:179} INFO - Processing /home/airflow/.local/lib/python3.8/site-packages/airflow/example_dags/example_params_ui_tutorial.py took 0.107 seconds
[2025-10-17T07:23:52.611+0000] {processor.py:157} INFO - Started process (PID=1026) to work on /home/airflow/.local/lib/python3.8/site-packages/airflow/example_dags/example_params_ui_tutorial.py
[2025-10-17T07:23:52.612+0000] {processor.py:829} INFO - Processing file /home/airflow/.local/lib/python3.8/site-packages/airflow/example_dags/example_params_ui_tutorial.py for tasks to queue
[2025-10-17T07:23:52.614+0000] {logging_mixin.py:154} INFO - [2025-10-17T07:23:52.614+0000] {dagbag.py:536} INFO - Filling up the DagBag from /home/airflow/.local/lib/python3.8/site-packages/airflow/example_dags/example_params_ui_tutorial.py
[2025-10-17T07:23:52.647+0000] {processor.py:839} INFO - DAG(s) dict_keys(['example_params_ui_tutorial']) retrieved from /home/airflow/.local/lib/python3.8/site-packages/airflow/example_dags/example_params_ui_tutorial.py
[2025-10-17T07:23:52.693+0000] {logging_mixin.py:154} INFO - [2025-10-17T07:23:52.692+0000] {dag.py:2941} INFO - Sync 1 DAGs
[2025-10-17T07:23:52.705+0000] {logging_mixin.py:154} INFO - [2025-10-17T07:23:52.704+0000] {dag.py:3722} INFO - Setting next_dagrun for example_params_ui_tutorial to None, run_after=None
[2025-10-17T07:23:52.727+0000] {processor.py:179} INFO - Processing /home/airflow/.local/lib/python3.8/site-packages/airflow/example_dags/example_params_ui_tutorial.py took 0.120 seconds
[2025-10-17T07:24:23.830+0000] {processor.py:157} INFO - Started process (PID=1082) to work on /home/airflow/.local/lib/python3.8/site-packages/airflow/example_dags/example_params_ui_tutorial.py
[2025-10-17T07:24:23.831+0000] {processor.py:829} INFO - Processing file /home/airflow/.local/lib/python3.8/site-packages/airflow/example_dags/example_params_ui_tutorial.py for tasks to queue
[2025-10-17T07:24:23.833+0000] {logging_mixin.py:154} INFO - [2025-10-17T07:24:23.833+0000] {dagbag.py:536} INFO - Filling up the DagBag from /home/airflow/.local/lib/python3.8/site-packages/airflow/example_dags/example_params_ui_tutorial.py
[2025-10-17T07:24:23.871+0000] {processor.py:839} INFO - DAG(s) dict_keys(['example_params_ui_tutorial']) retrieved from /home/airflow/.local/lib/python3.8/site-packages/airflow/example_dags/example_params_ui_tutorial.py
[2025-10-17T07:24:23.923+0000] {logging_mixin.py:154} INFO - [2025-10-17T07:24:23.922+0000] {dag.py:2941} INFO - Sync 1 DAGs
[2025-10-17T07:24:23.937+0000] {logging_mixin.py:154} INFO - [2025-10-17T07:24:23.937+0000] {dag.py:3722} INFO - Setting next_dagrun for example_params_ui_tutorial to None, run_after=None
[2025-10-17T07:24:23.959+0000] {processor.py:179} INFO - Processing /home/airflow/.local/lib/python3.8/site-packages/airflow/example_dags/example_params_ui_tutorial.py took 0.133 seconds
[2025-10-17T07:24:54.846+0000] {processor.py:157} INFO - Started process (PID=1151) to work on /home/airflow/.local/lib/python3.8/site-packages/airflow/example_dags/example_params_ui_tutorial.py
[2025-10-17T07:24:54.848+0000] {processor.py:829} INFO - Processing file /home/airflow/.local/lib/python3.8/site-packages/airflow/example_dags/example_params_ui_tutorial.py for tasks to queue
[2025-10-17T07:24:54.850+0000] {logging_mixin.py:154} INFO - [2025-10-17T07:24:54.850+0000] {dagbag.py:536} INFO - Filling up the DagBag from /home/airflow/.local/lib/python3.8/site-packages/airflow/example_dags/example_params_ui_tutorial.py
[2025-10-17T07:24:54.881+0000] {processor.py:839} INFO - DAG(s) dict_keys(['example_params_ui_tutorial']) retrieved from /home/airflow/.local/lib/python3.8/site-packages/airflow/example_dags/example_params_ui_tutorial.py
[2025-10-17T07:24:54.925+0000] {logging_mixin.py:154} INFO - [2025-10-17T07:24:54.925+0000] {dag.py:2941} INFO - Sync 1 DAGs
[2025-10-17T07:24:54.936+0000] {logging_mixin.py:154} INFO - [2025-10-17T07:24:54.935+0000] {dag.py:3722} INFO - Setting next_dagrun for example_params_ui_tutorial to None, run_after=None
[2025-10-17T07:24:54.953+0000] {processor.py:179} INFO - Processing /home/airflow/.local/lib/python3.8/site-packages/airflow/example_dags/example_params_ui_tutorial.py took 0.110 seconds
[2025-10-17T07:25:25.745+0000] {processor.py:157} INFO - Started process (PID=1207) to work on /home/airflow/.local/lib/python3.8/site-packages/airflow/example_dags/example_params_ui_tutorial.py
[2025-10-17T07:25:25.746+0000] {processor.py:829} INFO - Processing file /home/airflow/.local/lib/python3.8/site-packages/airflow/example_dags/example_params_ui_tutorial.py for tasks to queue
[2025-10-17T07:25:25.748+0000] {logging_mixin.py:154} INFO - [2025-10-17T07:25:25.748+0000] {dagbag.py:536} INFO - Filling up the DagBag from /home/airflow/.local/lib/python3.8/site-packages/airflow/example_dags/example_params_ui_tutorial.py
[2025-10-17T07:25:25.777+0000] {processor.py:839} INFO - DAG(s) dict_keys(['example_params_ui_tutorial']) retrieved from /home/airflow/.local/lib/python3.8/site-packages/airflow/example_dags/example_params_ui_tutorial.py
[2025-10-17T07:25:25.820+0000] {logging_mixin.py:154} INFO - [2025-10-17T07:25:25.820+0000] {dag.py:2941} INFO - Sync 1 DAGs
[2025-10-17T07:25:25.832+0000] {logging_mixin.py:154} INFO - [2025-10-17T07:25:25.831+0000] {dag.py:3722} INFO - Setting next_dagrun for example_params_ui_tutorial to None, run_after=None
[2025-10-17T07:25:25.848+0000] {processor.py:179} INFO - Processing /home/airflow/.local/lib/python3.8/site-packages/airflow/example_dags/example_params_ui_tutorial.py took 0.106 seconds
[2025-10-17T07:25:56.300+0000] {processor.py:157} INFO - Started process (PID=1263) to work on /home/airflow/.local/lib/python3.8/site-packages/airflow/example_dags/example_params_ui_tutorial.py
[2025-10-17T07:25:56.301+0000] {processor.py:829} INFO - Processing file /home/airflow/.local/lib/python3.8/site-packages/airflow/example_dags/example_params_ui_tutorial.py for tasks to queue
[2025-10-17T07:25:56.304+0000] {logging_mixin.py:154} INFO - [2025-10-17T07:25:56.304+0000] {dagbag.py:536} INFO - Filling up the DagBag from /home/airflow/.local/lib/python3.8/site-packages/airflow/example_dags/example_params_ui_tutorial.py
[2025-10-17T07:25:56.464+0000] {processor.py:839} INFO - DAG(s) dict_keys(['example_params_ui_tutorial']) retrieved from /home/airflow/.local/lib/python3.8/site-packages/airflow/example_dags/example_params_ui_tutorial.py
[2025-10-17T07:25:56.504+0000] {logging_mixin.py:154} INFO - [2025-10-17T07:25:56.504+0000] {dag.py:2941} INFO - Sync 1 DAGs
[2025-10-17T07:25:56.514+0000] {logging_mixin.py:154} INFO - [2025-10-17T07:25:56.513+0000] {dag.py:3722} INFO - Setting next_dagrun for example_params_ui_tutorial to None, run_after=None
[2025-10-17T07:25:56.530+0000] {processor.py:179} INFO - Processing /home/airflow/.local/lib/python3.8/site-packages/airflow/example_dags/example_params_ui_tutorial.py took 0.233 seconds
[2025-10-17T07:26:27.398+0000] {processor.py:157} INFO - Started process (PID=1321) to work on /home/airflow/.local/lib/python3.8/site-packages/airflow/example_dags/example_params_ui_tutorial.py
[2025-10-17T07:26:27.400+0000] {processor.py:829} INFO - Processing file /home/airflow/.local/lib/python3.8/site-packages/airflow/example_dags/example_params_ui_tutorial.py for tasks to queue
[2025-10-17T07:26:27.402+0000] {logging_mixin.py:154} INFO - [2025-10-17T07:26:27.402+0000] {dagbag.py:536} INFO - Filling up the DagBag from /home/airflow/.local/lib/python3.8/site-packages/airflow/example_dags/example_params_ui_tutorial.py
[2025-10-17T07:26:27.430+0000] {processor.py:839} INFO - DAG(s) dict_keys(['example_params_ui_tutorial']) retrieved from /home/airflow/.local/lib/python3.8/site-packages/airflow/example_dags/example_params_ui_tutorial.py
[2025-10-17T07:26:27.471+0000] {logging_mixin.py:154} INFO - [2025-10-17T07:26:27.471+0000] {dag.py:2941} INFO - Sync 1 DAGs
[2025-10-17T07:26:27.482+0000] {logging_mixin.py:154} INFO - [2025-10-17T07:26:27.482+0000] {dag.py:3722} INFO - Setting next_dagrun for example_params_ui_tutorial to None, run_after=None
[2025-10-17T07:26:27.499+0000] {processor.py:179} INFO - Processing /home/airflow/.local/lib/python3.8/site-packages/airflow/example_dags/example_params_ui_tutorial.py took 0.103 seconds
[2025-10-17T07:26:57.731+0000] {processor.py:157} INFO - Started process (PID=1376) to work on /home/airflow/.local/lib/python3.8/site-packages/airflow/example_dags/example_params_ui_tutorial.py
[2025-10-17T07:26:57.732+0000] {processor.py:829} INFO - Processing file /home/airflow/.local/lib/python3.8/site-packages/airflow/example_dags/example_params_ui_tutorial.py for tasks to queue
[2025-10-17T07:26:57.734+0000] {logging_mixin.py:154} INFO - [2025-10-17T07:26:57.734+0000] {dagbag.py:536} INFO - Filling up the DagBag from /home/airflow/.local/lib/python3.8/site-packages/airflow/example_dags/example_params_ui_tutorial.py
[2025-10-17T07:26:57.763+0000] {processor.py:839} INFO - DAG(s) dict_keys(['example_params_ui_tutorial']) retrieved from /home/airflow/.local/lib/python3.8/site-packages/airflow/example_dags/example_params_ui_tutorial.py
[2025-10-17T07:26:57.804+0000] {logging_mixin.py:154} INFO - [2025-10-17T07:26:57.804+0000] {dag.py:2941} INFO - Sync 1 DAGs
[2025-10-17T07:26:57.815+0000] {logging_mixin.py:154} INFO - [2025-10-17T07:26:57.815+0000] {dag.py:3722} INFO - Setting next_dagrun for example_params_ui_tutorial to None, run_after=None
[2025-10-17T07:26:57.832+0000] {processor.py:179} INFO - Processing /home/airflow/.local/lib/python3.8/site-packages/airflow/example_dags/example_params_ui_tutorial.py took 0.104 seconds
[2025-10-17T07:27:27.915+0000] {processor.py:157} INFO - Started process (PID=1432) to work on /home/airflow/.local/lib/python3.8/site-packages/airflow/example_dags/example_params_ui_tutorial.py
[2025-10-17T07:27:27.916+0000] {processor.py:829} INFO - Processing file /home/airflow/.local/lib/python3.8/site-packages/airflow/example_dags/example_params_ui_tutorial.py for tasks to queue
[2025-10-17T07:27:27.918+0000] {logging_mixin.py:154} INFO - [2025-10-17T07:27:27.918+0000] {dagbag.py:536} INFO - Filling up the DagBag from /home/airflow/.local/lib/python3.8/site-packages/airflow/example_dags/example_params_ui_tutorial.py
[2025-10-17T07:27:27.946+0000] {processor.py:839} INFO - DAG(s) dict_keys(['example_params_ui_tutorial']) retrieved from /home/airflow/.local/lib/python3.8/site-packages/airflow/example_dags/example_params_ui_tutorial.py
[2025-10-17T07:27:27.988+0000] {logging_mixin.py:154} INFO - [2025-10-17T07:27:27.988+0000] {dag.py:2941} INFO - Sync 1 DAGs
[2025-10-17T07:27:27.997+0000] {logging_mixin.py:154} INFO - [2025-10-17T07:27:27.997+0000] {dag.py:3722} INFO - Setting next_dagrun for example_params_ui_tutorial to None, run_after=None
[2025-10-17T07:27:28.012+0000] {processor.py:179} INFO - Processing /home/airflow/.local/lib/python3.8/site-packages/airflow/example_dags/example_params_ui_tutorial.py took 0.100 seconds
[2025-10-17T07:27:58.054+0000] {processor.py:157} INFO - Started process (PID=1486) to work on /home/airflow/.local/lib/python3.8/site-packages/airflow/example_dags/example_params_ui_tutorial.py
[2025-10-17T07:27:58.056+0000] {processor.py:829} INFO - Processing file /home/airflow/.local/lib/python3.8/site-packages/airflow/example_dags/example_params_ui_tutorial.py for tasks to queue
[2025-10-17T07:27:58.057+0000] {logging_mixin.py:154} INFO - [2025-10-17T07:27:58.056+0000] {dagbag.py:536} INFO - Filling up the DagBag from /home/airflow/.local/lib/python3.8/site-packages/airflow/example_dags/example_params_ui_tutorial.py
[2025-10-17T07:27:58.089+0000] {processor.py:839} INFO - DAG(s) dict_keys(['example_params_ui_tutorial']) retrieved from /home/airflow/.local/lib/python3.8/site-packages/airflow/example_dags/example_params_ui_tutorial.py
[2025-10-17T07:27:58.133+0000] {logging_mixin.py:154} INFO - [2025-10-17T07:27:58.132+0000] {dag.py:2941} INFO - Sync 1 DAGs
[2025-10-17T07:27:58.144+0000] {logging_mixin.py:154} INFO - [2025-10-17T07:27:58.144+0000] {dag.py:3722} INFO - Setting next_dagrun for example_params_ui_tutorial to None, run_after=None
[2025-10-17T07:27:58.161+0000] {processor.py:179} INFO - Processing /home/airflow/.local/lib/python3.8/site-packages/airflow/example_dags/example_params_ui_tutorial.py took 0.110 seconds
[2025-10-17T07:28:28.402+0000] {processor.py:157} INFO - Started process (PID=1544) to work on /home/airflow/.local/lib/python3.8/site-packages/airflow/example_dags/example_params_ui_tutorial.py
[2025-10-17T07:28:28.404+0000] {processor.py:829} INFO - Processing file /home/airflow/.local/lib/python3.8/site-packages/airflow/example_dags/example_params_ui_tutorial.py for tasks to queue
[2025-10-17T07:28:28.405+0000] {logging_mixin.py:154} INFO - [2025-10-17T07:28:28.404+0000] {dagbag.py:536} INFO - Filling up the DagBag from /home/airflow/.local/lib/python3.8/site-packages/airflow/example_dags/example_params_ui_tutorial.py
[2025-10-17T07:28:28.432+0000] {processor.py:839} INFO - DAG(s) dict_keys(['example_params_ui_tutorial']) retrieved from /home/airflow/.local/lib/python3.8/site-packages/airflow/example_dags/example_params_ui_tutorial.py
[2025-10-17T07:28:28.473+0000] {logging_mixin.py:154} INFO - [2025-10-17T07:28:28.473+0000] {dag.py:2941} INFO - Sync 1 DAGs
[2025-10-17T07:28:28.484+0000] {logging_mixin.py:154} INFO - [2025-10-17T07:28:28.484+0000] {dag.py:3722} INFO - Setting next_dagrun for example_params_ui_tutorial to None, run_after=None
[2025-10-17T07:28:28.499+0000] {processor.py:179} INFO - Processing /home/airflow/.local/lib/python3.8/site-packages/airflow/example_dags/example_params_ui_tutorial.py took 0.100 seconds
[2025-10-17T07:28:58.767+0000] {processor.py:157} INFO - Started process (PID=1600) to work on /home/airflow/.local/lib/python3.8/site-packages/airflow/example_dags/example_params_ui_tutorial.py
[2025-10-17T07:28:58.768+0000] {processor.py:829} INFO - Processing file /home/airflow/.local/lib/python3.8/site-packages/airflow/example_dags/example_params_ui_tutorial.py for tasks to queue
[2025-10-17T07:28:58.769+0000] {logging_mixin.py:154} INFO - [2025-10-17T07:28:58.769+0000] {dagbag.py:536} INFO - Filling up the DagBag from /home/airflow/.local/lib/python3.8/site-packages/airflow/example_dags/example_params_ui_tutorial.py
[2025-10-17T07:28:58.799+0000] {processor.py:839} INFO - DAG(s) dict_keys(['example_params_ui_tutorial']) retrieved from /home/airflow/.local/lib/python3.8/site-packages/airflow/example_dags/example_params_ui_tutorial.py
[2025-10-17T07:28:58.840+0000] {logging_mixin.py:154} INFO - [2025-10-17T07:28:58.840+0000] {dag.py:2941} INFO - Sync 1 DAGs
[2025-10-17T07:28:58.852+0000] {logging_mixin.py:154} INFO - [2025-10-17T07:28:58.851+0000] {dag.py:3722} INFO - Setting next_dagrun for example_params_ui_tutorial to None, run_after=None
[2025-10-17T07:28:58.868+0000] {processor.py:179} INFO - Processing /home/airflow/.local/lib/python3.8/site-packages/airflow/example_dags/example_params_ui_tutorial.py took 0.104 seconds
[2025-10-17T07:30:21.535+0000] {processor.py:157} INFO - Started process (PID=84) to work on /home/airflow/.local/lib/python3.8/site-packages/airflow/example_dags/example_params_ui_tutorial.py
[2025-10-17T07:30:21.537+0000] {processor.py:829} INFO - Processing file /home/airflow/.local/lib/python3.8/site-packages/airflow/example_dags/example_params_ui_tutorial.py for tasks to queue
[2025-10-17T07:30:21.542+0000] {logging_mixin.py:154} INFO - [2025-10-17T07:30:21.541+0000] {dagbag.py:536} INFO - Filling up the DagBag from /home/airflow/.local/lib/python3.8/site-packages/airflow/example_dags/example_params_ui_tutorial.py
[2025-10-17T07:30:21.619+0000] {processor.py:839} INFO - DAG(s) dict_keys(['example_params_ui_tutorial']) retrieved from /home/airflow/.local/lib/python3.8/site-packages/airflow/example_dags/example_params_ui_tutorial.py
[2025-10-17T07:30:21.868+0000] {logging_mixin.py:154} INFO - [2025-10-17T07:30:21.868+0000] {manager.py:499} INFO - Created Permission View: %s
[2025-10-17T07:30:21.886+0000] {logging_mixin.py:154} INFO - [2025-10-17T07:30:21.885+0000] {manager.py:499} INFO - Created Permission View: %s
[2025-10-17T07:30:21.899+0000] {logging_mixin.py:154} INFO - [2025-10-17T07:30:21.899+0000] {manager.py:499} INFO - Created Permission View: %s
[2025-10-17T07:30:21.899+0000] {logging_mixin.py:154} INFO - [2025-10-17T07:30:21.899+0000] {dag.py:2941} INFO - Sync 1 DAGs
[2025-10-17T07:30:21.915+0000] {logging_mixin.py:154} INFO - [2025-10-17T07:30:21.915+0000] {dag.py:2963} INFO - Creating ORM DAG for example_params_ui_tutorial
[2025-10-17T07:30:21.916+0000] {logging_mixin.py:154} INFO - [2025-10-17T07:30:21.915+0000] {dag.py:3722} INFO - Setting next_dagrun for example_params_ui_tutorial to None, run_after=None
[2025-10-17T07:30:21.950+0000] {processor.py:179} INFO - Processing /home/airflow/.local/lib/python3.8/site-packages/airflow/example_dags/example_params_ui_tutorial.py took 0.422 seconds
[2025-10-17T07:30:52.318+0000] {processor.py:157} INFO - Started process (PID=140) to work on /home/airflow/.local/lib/python3.8/site-packages/airflow/example_dags/example_params_ui_tutorial.py
[2025-10-17T07:30:52.319+0000] {processor.py:829} INFO - Processing file /home/airflow/.local/lib/python3.8/site-packages/airflow/example_dags/example_params_ui_tutorial.py for tasks to queue
[2025-10-17T07:30:52.323+0000] {logging_mixin.py:154} INFO - [2025-10-17T07:30:52.322+0000] {dagbag.py:536} INFO - Filling up the DagBag from /home/airflow/.local/lib/python3.8/site-packages/airflow/example_dags/example_params_ui_tutorial.py
[2025-10-17T07:30:52.365+0000] {processor.py:839} INFO - DAG(s) dict_keys(['example_params_ui_tutorial']) retrieved from /home/airflow/.local/lib/python3.8/site-packages/airflow/example_dags/example_params_ui_tutorial.py
[2025-10-17T07:30:52.423+0000] {logging_mixin.py:154} INFO - [2025-10-17T07:30:52.422+0000] {dag.py:2941} INFO - Sync 1 DAGs
[2025-10-17T07:30:52.438+0000] {logging_mixin.py:154} INFO - [2025-10-17T07:30:52.438+0000] {dag.py:3722} INFO - Setting next_dagrun for example_params_ui_tutorial to None, run_after=None
[2025-10-17T07:30:52.472+0000] {processor.py:179} INFO - Processing /home/airflow/.local/lib/python3.8/site-packages/airflow/example_dags/example_params_ui_tutorial.py took 0.159 seconds
[2025-10-17T07:31:23.227+0000] {processor.py:157} INFO - Started process (PID=196) to work on /home/airflow/.local/lib/python3.8/site-packages/airflow/example_dags/example_params_ui_tutorial.py
[2025-10-17T07:31:23.228+0000] {processor.py:829} INFO - Processing file /home/airflow/.local/lib/python3.8/site-packages/airflow/example_dags/example_params_ui_tutorial.py for tasks to queue
[2025-10-17T07:31:23.231+0000] {logging_mixin.py:154} INFO - [2025-10-17T07:31:23.230+0000] {dagbag.py:536} INFO - Filling up the DagBag from /home/airflow/.local/lib/python3.8/site-packages/airflow/example_dags/example_params_ui_tutorial.py
[2025-10-17T07:31:23.276+0000] {processor.py:839} INFO - DAG(s) dict_keys(['example_params_ui_tutorial']) retrieved from /home/airflow/.local/lib/python3.8/site-packages/airflow/example_dags/example_params_ui_tutorial.py
[2025-10-17T07:31:23.325+0000] {logging_mixin.py:154} INFO - [2025-10-17T07:31:23.325+0000] {dag.py:2941} INFO - Sync 1 DAGs
[2025-10-17T07:31:23.338+0000] {logging_mixin.py:154} INFO - [2025-10-17T07:31:23.338+0000] {dag.py:3722} INFO - Setting next_dagrun for example_params_ui_tutorial to None, run_after=None
[2025-10-17T07:31:23.362+0000] {processor.py:179} INFO - Processing /home/airflow/.local/lib/python3.8/site-packages/airflow/example_dags/example_params_ui_tutorial.py took 0.139 seconds
[2025-10-17T07:31:53.599+0000] {processor.py:157} INFO - Started process (PID=252) to work on /home/airflow/.local/lib/python3.8/site-packages/airflow/example_dags/example_params_ui_tutorial.py
[2025-10-17T07:31:53.600+0000] {processor.py:829} INFO - Processing file /home/airflow/.local/lib/python3.8/site-packages/airflow/example_dags/example_params_ui_tutorial.py for tasks to queue
[2025-10-17T07:31:53.602+0000] {logging_mixin.py:154} INFO - [2025-10-17T07:31:53.602+0000] {dagbag.py:536} INFO - Filling up the DagBag from /home/airflow/.local/lib/python3.8/site-packages/airflow/example_dags/example_params_ui_tutorial.py
[2025-10-17T07:31:53.638+0000] {processor.py:839} INFO - DAG(s) dict_keys(['example_params_ui_tutorial']) retrieved from /home/airflow/.local/lib/python3.8/site-packages/airflow/example_dags/example_params_ui_tutorial.py
[2025-10-17T07:31:53.692+0000] {logging_mixin.py:154} INFO - [2025-10-17T07:31:53.692+0000] {dag.py:2941} INFO - Sync 1 DAGs
[2025-10-17T07:31:53.706+0000] {logging_mixin.py:154} INFO - [2025-10-17T07:31:53.706+0000] {dag.py:3722} INFO - Setting next_dagrun for example_params_ui_tutorial to None, run_after=None
[2025-10-17T07:31:53.731+0000] {processor.py:179} INFO - Processing /home/airflow/.local/lib/python3.8/site-packages/airflow/example_dags/example_params_ui_tutorial.py took 0.136 seconds
[2025-10-17T07:32:24.580+0000] {processor.py:157} INFO - Started process (PID=309) to work on /home/airflow/.local/lib/python3.8/site-packages/airflow/example_dags/example_params_ui_tutorial.py
[2025-10-17T07:32:24.582+0000] {processor.py:829} INFO - Processing file /home/airflow/.local/lib/python3.8/site-packages/airflow/example_dags/example_params_ui_tutorial.py for tasks to queue
[2025-10-17T07:32:24.584+0000] {logging_mixin.py:154} INFO - [2025-10-17T07:32:24.584+0000] {dagbag.py:536} INFO - Filling up the DagBag from /home/airflow/.local/lib/python3.8/site-packages/airflow/example_dags/example_params_ui_tutorial.py
[2025-10-17T07:32:24.612+0000] {processor.py:839} INFO - DAG(s) dict_keys(['example_params_ui_tutorial']) retrieved from /home/airflow/.local/lib/python3.8/site-packages/airflow/example_dags/example_params_ui_tutorial.py
[2025-10-17T07:32:24.654+0000] {logging_mixin.py:154} INFO - [2025-10-17T07:32:24.654+0000] {dag.py:2941} INFO - Sync 1 DAGs
[2025-10-17T07:32:24.666+0000] {logging_mixin.py:154} INFO - [2025-10-17T07:32:24.666+0000] {dag.py:3722} INFO - Setting next_dagrun for example_params_ui_tutorial to None, run_after=None
[2025-10-17T07:32:24.687+0000] {processor.py:179} INFO - Processing /home/airflow/.local/lib/python3.8/site-packages/airflow/example_dags/example_params_ui_tutorial.py took 0.110 seconds
[2025-10-17T07:35:44.108+0000] {processor.py:157} INFO - Started process (PID=80) to work on /home/airflow/.local/lib/python3.8/site-packages/airflow/example_dags/example_params_ui_tutorial.py
[2025-10-17T07:35:44.109+0000] {processor.py:829} INFO - Processing file /home/airflow/.local/lib/python3.8/site-packages/airflow/example_dags/example_params_ui_tutorial.py for tasks to queue
[2025-10-17T07:35:44.112+0000] {logging_mixin.py:154} INFO - [2025-10-17T07:35:44.111+0000] {dagbag.py:536} INFO - Filling up the DagBag from /home/airflow/.local/lib/python3.8/site-packages/airflow/example_dags/example_params_ui_tutorial.py
[2025-10-17T07:35:44.150+0000] {processor.py:839} INFO - DAG(s) dict_keys(['example_params_ui_tutorial']) retrieved from /home/airflow/.local/lib/python3.8/site-packages/airflow/example_dags/example_params_ui_tutorial.py
[2025-10-17T07:35:44.314+0000] {logging_mixin.py:154} INFO - [2025-10-17T07:35:44.314+0000] {manager.py:499} INFO - Created Permission View: %s
[2025-10-17T07:35:44.326+0000] {logging_mixin.py:154} INFO - [2025-10-17T07:35:44.326+0000] {manager.py:499} INFO - Created Permission View: %s
[2025-10-17T07:35:44.332+0000] {logging_mixin.py:154} INFO - [2025-10-17T07:35:44.332+0000] {manager.py:499} INFO - Created Permission View: %s
[2025-10-17T07:35:44.333+0000] {logging_mixin.py:154} INFO - [2025-10-17T07:35:44.333+0000] {dag.py:2941} INFO - Sync 1 DAGs
[2025-10-17T07:35:44.343+0000] {logging_mixin.py:154} INFO - [2025-10-17T07:35:44.343+0000] {dag.py:2963} INFO - Creating ORM DAG for example_params_ui_tutorial
[2025-10-17T07:35:44.344+0000] {logging_mixin.py:154} INFO - [2025-10-17T07:35:44.343+0000] {dag.py:3722} INFO - Setting next_dagrun for example_params_ui_tutorial to None, run_after=None
[2025-10-17T07:35:44.361+0000] {processor.py:179} INFO - Processing /home/airflow/.local/lib/python3.8/site-packages/airflow/example_dags/example_params_ui_tutorial.py took 0.256 seconds
[2025-10-17T07:36:15.225+0000] {processor.py:157} INFO - Started process (PID=136) to work on /home/airflow/.local/lib/python3.8/site-packages/airflow/example_dags/example_params_ui_tutorial.py
[2025-10-17T07:36:15.227+0000] {processor.py:829} INFO - Processing file /home/airflow/.local/lib/python3.8/site-packages/airflow/example_dags/example_params_ui_tutorial.py for tasks to queue
[2025-10-17T07:36:15.229+0000] {logging_mixin.py:154} INFO - [2025-10-17T07:36:15.228+0000] {dagbag.py:536} INFO - Filling up the DagBag from /home/airflow/.local/lib/python3.8/site-packages/airflow/example_dags/example_params_ui_tutorial.py
[2025-10-17T07:36:15.259+0000] {processor.py:839} INFO - DAG(s) dict_keys(['example_params_ui_tutorial']) retrieved from /home/airflow/.local/lib/python3.8/site-packages/airflow/example_dags/example_params_ui_tutorial.py
[2025-10-17T07:36:15.302+0000] {logging_mixin.py:154} INFO - [2025-10-17T07:36:15.302+0000] {dag.py:2941} INFO - Sync 1 DAGs
[2025-10-17T07:36:15.315+0000] {logging_mixin.py:154} INFO - [2025-10-17T07:36:15.315+0000] {dag.py:3722} INFO - Setting next_dagrun for example_params_ui_tutorial to None, run_after=None
[2025-10-17T07:36:15.334+0000] {processor.py:179} INFO - Processing /home/airflow/.local/lib/python3.8/site-packages/airflow/example_dags/example_params_ui_tutorial.py took 0.111 seconds
[2025-10-17T07:36:45.730+0000] {processor.py:157} INFO - Started process (PID=192) to work on /home/airflow/.local/lib/python3.8/site-packages/airflow/example_dags/example_params_ui_tutorial.py
[2025-10-17T07:36:45.731+0000] {processor.py:829} INFO - Processing file /home/airflow/.local/lib/python3.8/site-packages/airflow/example_dags/example_params_ui_tutorial.py for tasks to queue
[2025-10-17T07:36:45.734+0000] {logging_mixin.py:154} INFO - [2025-10-17T07:36:45.733+0000] {dagbag.py:536} INFO - Filling up the DagBag from /home/airflow/.local/lib/python3.8/site-packages/airflow/example_dags/example_params_ui_tutorial.py
[2025-10-17T07:36:45.766+0000] {processor.py:839} INFO - DAG(s) dict_keys(['example_params_ui_tutorial']) retrieved from /home/airflow/.local/lib/python3.8/site-packages/airflow/example_dags/example_params_ui_tutorial.py
[2025-10-17T07:36:45.813+0000] {logging_mixin.py:154} INFO - [2025-10-17T07:36:45.812+0000] {dag.py:2941} INFO - Sync 1 DAGs
[2025-10-17T07:36:45.825+0000] {logging_mixin.py:154} INFO - [2025-10-17T07:36:45.824+0000] {dag.py:3722} INFO - Setting next_dagrun for example_params_ui_tutorial to None, run_after=None
[2025-10-17T07:36:45.843+0000] {processor.py:179} INFO - Processing /home/airflow/.local/lib/python3.8/site-packages/airflow/example_dags/example_params_ui_tutorial.py took 0.115 seconds
[2025-10-17T07:37:16.159+0000] {processor.py:157} INFO - Started process (PID=248) to work on /home/airflow/.local/lib/python3.8/site-packages/airflow/example_dags/example_params_ui_tutorial.py
[2025-10-17T07:37:16.160+0000] {processor.py:829} INFO - Processing file /home/airflow/.local/lib/python3.8/site-packages/airflow/example_dags/example_params_ui_tutorial.py for tasks to queue
[2025-10-17T07:37:16.162+0000] {logging_mixin.py:154} INFO - [2025-10-17T07:37:16.162+0000] {dagbag.py:536} INFO - Filling up the DagBag from /home/airflow/.local/lib/python3.8/site-packages/airflow/example_dags/example_params_ui_tutorial.py
[2025-10-17T07:37:16.191+0000] {processor.py:839} INFO - DAG(s) dict_keys(['example_params_ui_tutorial']) retrieved from /home/airflow/.local/lib/python3.8/site-packages/airflow/example_dags/example_params_ui_tutorial.py
[2025-10-17T07:37:16.234+0000] {logging_mixin.py:154} INFO - [2025-10-17T07:37:16.234+0000] {dag.py:2941} INFO - Sync 1 DAGs
[2025-10-17T07:37:16.246+0000] {logging_mixin.py:154} INFO - [2025-10-17T07:37:16.245+0000] {dag.py:3722} INFO - Setting next_dagrun for example_params_ui_tutorial to None, run_after=None
[2025-10-17T07:37:16.261+0000] {processor.py:179} INFO - Processing /home/airflow/.local/lib/python3.8/site-packages/airflow/example_dags/example_params_ui_tutorial.py took 0.106 seconds
[2025-10-17T07:38:45.430+0000] {processor.py:157} INFO - Started process (PID=81) to work on /home/airflow/.local/lib/python3.8/site-packages/airflow/example_dags/example_params_ui_tutorial.py
[2025-10-17T07:38:45.431+0000] {processor.py:829} INFO - Processing file /home/airflow/.local/lib/python3.8/site-packages/airflow/example_dags/example_params_ui_tutorial.py for tasks to queue
[2025-10-17T07:38:45.434+0000] {logging_mixin.py:154} INFO - [2025-10-17T07:38:45.434+0000] {dagbag.py:536} INFO - Filling up the DagBag from /home/airflow/.local/lib/python3.8/site-packages/airflow/example_dags/example_params_ui_tutorial.py
[2025-10-17T07:38:45.481+0000] {processor.py:839} INFO - DAG(s) dict_keys(['example_params_ui_tutorial']) retrieved from /home/airflow/.local/lib/python3.8/site-packages/airflow/example_dags/example_params_ui_tutorial.py
[2025-10-17T07:38:45.684+0000] {logging_mixin.py:154} INFO - [2025-10-17T07:38:45.684+0000] {manager.py:499} INFO - Created Permission View: %s
[2025-10-17T07:38:45.702+0000] {logging_mixin.py:154} INFO - [2025-10-17T07:38:45.702+0000] {manager.py:499} INFO - Created Permission View: %s
[2025-10-17T07:38:45.718+0000] {logging_mixin.py:154} INFO - [2025-10-17T07:38:45.718+0000] {manager.py:499} INFO - Created Permission View: %s
[2025-10-17T07:38:45.719+0000] {logging_mixin.py:154} INFO - [2025-10-17T07:38:45.718+0000] {dag.py:2941} INFO - Sync 1 DAGs
[2025-10-17T07:38:45.729+0000] {logging_mixin.py:154} INFO - [2025-10-17T07:38:45.729+0000] {dag.py:2963} INFO - Creating ORM DAG for example_params_ui_tutorial
[2025-10-17T07:38:45.730+0000] {logging_mixin.py:154} INFO - [2025-10-17T07:38:45.730+0000] {dag.py:3722} INFO - Setting next_dagrun for example_params_ui_tutorial to None, run_after=None
[2025-10-17T07:38:45.753+0000] {processor.py:179} INFO - Processing /home/airflow/.local/lib/python3.8/site-packages/airflow/example_dags/example_params_ui_tutorial.py took 0.327 seconds
[2025-10-17T07:39:16.603+0000] {processor.py:157} INFO - Started process (PID=137) to work on /home/airflow/.local/lib/python3.8/site-packages/airflow/example_dags/example_params_ui_tutorial.py
[2025-10-17T07:39:16.605+0000] {processor.py:829} INFO - Processing file /home/airflow/.local/lib/python3.8/site-packages/airflow/example_dags/example_params_ui_tutorial.py for tasks to queue
[2025-10-17T07:39:16.609+0000] {logging_mixin.py:154} INFO - [2025-10-17T07:39:16.608+0000] {dagbag.py:536} INFO - Filling up the DagBag from /home/airflow/.local/lib/python3.8/site-packages/airflow/example_dags/example_params_ui_tutorial.py
[2025-10-17T07:39:16.649+0000] {processor.py:839} INFO - DAG(s) dict_keys(['example_params_ui_tutorial']) retrieved from /home/airflow/.local/lib/python3.8/site-packages/airflow/example_dags/example_params_ui_tutorial.py
[2025-10-17T07:39:16.703+0000] {logging_mixin.py:154} INFO - [2025-10-17T07:39:16.703+0000] {dag.py:2941} INFO - Sync 1 DAGs
[2025-10-17T07:39:16.718+0000] {logging_mixin.py:154} INFO - [2025-10-17T07:39:16.718+0000] {dag.py:3722} INFO - Setting next_dagrun for example_params_ui_tutorial to None, run_after=None
[2025-10-17T07:39:16.742+0000] {processor.py:179} INFO - Processing /home/airflow/.local/lib/python3.8/site-packages/airflow/example_dags/example_params_ui_tutorial.py took 0.143 seconds
[2025-10-17T07:39:46.842+0000] {processor.py:157} INFO - Started process (PID=194) to work on /home/airflow/.local/lib/python3.8/site-packages/airflow/example_dags/example_params_ui_tutorial.py
[2025-10-17T07:39:46.843+0000] {processor.py:829} INFO - Processing file /home/airflow/.local/lib/python3.8/site-packages/airflow/example_dags/example_params_ui_tutorial.py for tasks to queue
[2025-10-17T07:39:46.845+0000] {logging_mixin.py:154} INFO - [2025-10-17T07:39:46.845+0000] {dagbag.py:536} INFO - Filling up the DagBag from /home/airflow/.local/lib/python3.8/site-packages/airflow/example_dags/example_params_ui_tutorial.py
[2025-10-17T07:39:46.879+0000] {processor.py:839} INFO - DAG(s) dict_keys(['example_params_ui_tutorial']) retrieved from /home/airflow/.local/lib/python3.8/site-packages/airflow/example_dags/example_params_ui_tutorial.py
[2025-10-17T07:39:46.923+0000] {logging_mixin.py:154} INFO - [2025-10-17T07:39:46.923+0000] {dag.py:2941} INFO - Sync 1 DAGs
[2025-10-17T07:39:46.935+0000] {logging_mixin.py:154} INFO - [2025-10-17T07:39:46.935+0000] {dag.py:3722} INFO - Setting next_dagrun for example_params_ui_tutorial to None, run_after=None
[2025-10-17T07:39:46.955+0000] {processor.py:179} INFO - Processing /home/airflow/.local/lib/python3.8/site-packages/airflow/example_dags/example_params_ui_tutorial.py took 0.117 seconds
[2025-10-17T07:40:17.123+0000] {processor.py:157} INFO - Started process (PID=249) to work on /home/airflow/.local/lib/python3.8/site-packages/airflow/example_dags/example_params_ui_tutorial.py
[2025-10-17T07:40:17.124+0000] {processor.py:829} INFO - Processing file /home/airflow/.local/lib/python3.8/site-packages/airflow/example_dags/example_params_ui_tutorial.py for tasks to queue
[2025-10-17T07:40:17.126+0000] {logging_mixin.py:154} INFO - [2025-10-17T07:40:17.126+0000] {dagbag.py:536} INFO - Filling up the DagBag from /home/airflow/.local/lib/python3.8/site-packages/airflow/example_dags/example_params_ui_tutorial.py
[2025-10-17T07:40:17.155+0000] {processor.py:839} INFO - DAG(s) dict_keys(['example_params_ui_tutorial']) retrieved from /home/airflow/.local/lib/python3.8/site-packages/airflow/example_dags/example_params_ui_tutorial.py
[2025-10-17T07:40:17.198+0000] {logging_mixin.py:154} INFO - [2025-10-17T07:40:17.198+0000] {dag.py:2941} INFO - Sync 1 DAGs
[2025-10-17T07:40:17.209+0000] {logging_mixin.py:154} INFO - [2025-10-17T07:40:17.209+0000] {dag.py:3722} INFO - Setting next_dagrun for example_params_ui_tutorial to None, run_after=None
[2025-10-17T07:40:17.225+0000] {processor.py:179} INFO - Processing /home/airflow/.local/lib/python3.8/site-packages/airflow/example_dags/example_params_ui_tutorial.py took 0.106 seconds
[2025-10-17T07:40:47.697+0000] {processor.py:157} INFO - Started process (PID=305) to work on /home/airflow/.local/lib/python3.8/site-packages/airflow/example_dags/example_params_ui_tutorial.py
[2025-10-17T07:40:47.699+0000] {processor.py:829} INFO - Processing file /home/airflow/.local/lib/python3.8/site-packages/airflow/example_dags/example_params_ui_tutorial.py for tasks to queue
[2025-10-17T07:40:47.701+0000] {logging_mixin.py:154} INFO - [2025-10-17T07:40:47.700+0000] {dagbag.py:536} INFO - Filling up the DagBag from /home/airflow/.local/lib/python3.8/site-packages/airflow/example_dags/example_params_ui_tutorial.py
[2025-10-17T07:40:47.732+0000] {processor.py:839} INFO - DAG(s) dict_keys(['example_params_ui_tutorial']) retrieved from /home/airflow/.local/lib/python3.8/site-packages/airflow/example_dags/example_params_ui_tutorial.py
[2025-10-17T07:40:47.776+0000] {logging_mixin.py:154} INFO - [2025-10-17T07:40:47.775+0000] {dag.py:2941} INFO - Sync 1 DAGs
[2025-10-17T07:40:47.786+0000] {logging_mixin.py:154} INFO - [2025-10-17T07:40:47.786+0000] {dag.py:3722} INFO - Setting next_dagrun for example_params_ui_tutorial to None, run_after=None
[2025-10-17T07:40:47.804+0000] {processor.py:179} INFO - Processing /home/airflow/.local/lib/python3.8/site-packages/airflow/example_dags/example_params_ui_tutorial.py took 0.110 seconds
[2025-10-17T07:41:18.324+0000] {processor.py:157} INFO - Started process (PID=361) to work on /home/airflow/.local/lib/python3.8/site-packages/airflow/example_dags/example_params_ui_tutorial.py
[2025-10-17T07:41:18.325+0000] {processor.py:829} INFO - Processing file /home/airflow/.local/lib/python3.8/site-packages/airflow/example_dags/example_params_ui_tutorial.py for tasks to queue
[2025-10-17T07:41:18.328+0000] {logging_mixin.py:154} INFO - [2025-10-17T07:41:18.328+0000] {dagbag.py:536} INFO - Filling up the DagBag from /home/airflow/.local/lib/python3.8/site-packages/airflow/example_dags/example_params_ui_tutorial.py
[2025-10-17T07:41:18.356+0000] {processor.py:839} INFO - DAG(s) dict_keys(['example_params_ui_tutorial']) retrieved from /home/airflow/.local/lib/python3.8/site-packages/airflow/example_dags/example_params_ui_tutorial.py
[2025-10-17T07:41:18.402+0000] {logging_mixin.py:154} INFO - [2025-10-17T07:41:18.401+0000] {dag.py:2941} INFO - Sync 1 DAGs
[2025-10-17T07:41:18.414+0000] {logging_mixin.py:154} INFO - [2025-10-17T07:41:18.414+0000] {dag.py:3722} INFO - Setting next_dagrun for example_params_ui_tutorial to None, run_after=None
[2025-10-17T07:41:18.432+0000] {processor.py:179} INFO - Processing /home/airflow/.local/lib/python3.8/site-packages/airflow/example_dags/example_params_ui_tutorial.py took 0.112 seconds
[2025-10-17T07:42:28.682+0000] {processor.py:157} INFO - Started process (PID=73) to work on /home/airflow/.local/lib/python3.8/site-packages/airflow/example_dags/example_params_ui_tutorial.py
[2025-10-17T07:42:28.685+0000] {processor.py:829} INFO - Processing file /home/airflow/.local/lib/python3.8/site-packages/airflow/example_dags/example_params_ui_tutorial.py for tasks to queue
[2025-10-17T07:42:28.688+0000] {logging_mixin.py:154} INFO - [2025-10-17T07:42:28.687+0000] {dagbag.py:536} INFO - Filling up the DagBag from /home/airflow/.local/lib/python3.8/site-packages/airflow/example_dags/example_params_ui_tutorial.py
[2025-10-17T07:42:28.757+0000] {processor.py:839} INFO - DAG(s) dict_keys(['example_params_ui_tutorial']) retrieved from /home/airflow/.local/lib/python3.8/site-packages/airflow/example_dags/example_params_ui_tutorial.py
[2025-10-17T07:42:28.903+0000] {logging_mixin.py:154} INFO - [2025-10-17T07:42:28.902+0000] {manager.py:499} INFO - Created Permission View: %s
[2025-10-17T07:42:28.916+0000] {logging_mixin.py:154} INFO - [2025-10-17T07:42:28.916+0000] {manager.py:499} INFO - Created Permission View: %s
[2025-10-17T07:42:28.924+0000] {logging_mixin.py:154} INFO - [2025-10-17T07:42:28.924+0000] {manager.py:499} INFO - Created Permission View: %s
[2025-10-17T07:42:28.924+0000] {logging_mixin.py:154} INFO - [2025-10-17T07:42:28.924+0000] {dag.py:2941} INFO - Sync 1 DAGs
[2025-10-17T07:42:28.939+0000] {logging_mixin.py:154} INFO - [2025-10-17T07:42:28.938+0000] {dag.py:2963} INFO - Creating ORM DAG for example_params_ui_tutorial
[2025-10-17T07:42:28.940+0000] {logging_mixin.py:154} INFO - [2025-10-17T07:42:28.939+0000] {dag.py:3722} INFO - Setting next_dagrun for example_params_ui_tutorial to None, run_after=None
[2025-10-17T07:42:28.965+0000] {processor.py:179} INFO - Processing /home/airflow/.local/lib/python3.8/site-packages/airflow/example_dags/example_params_ui_tutorial.py took 0.288 seconds
[2025-10-17T07:42:59.179+0000] {processor.py:157} INFO - Started process (PID=136) to work on /home/airflow/.local/lib/python3.8/site-packages/airflow/example_dags/example_params_ui_tutorial.py
[2025-10-17T07:42:59.180+0000] {processor.py:829} INFO - Processing file /home/airflow/.local/lib/python3.8/site-packages/airflow/example_dags/example_params_ui_tutorial.py for tasks to queue
[2025-10-17T07:42:59.182+0000] {logging_mixin.py:154} INFO - [2025-10-17T07:42:59.182+0000] {dagbag.py:536} INFO - Filling up the DagBag from /home/airflow/.local/lib/python3.8/site-packages/airflow/example_dags/example_params_ui_tutorial.py
[2025-10-17T07:42:59.218+0000] {processor.py:839} INFO - DAG(s) dict_keys(['example_params_ui_tutorial']) retrieved from /home/airflow/.local/lib/python3.8/site-packages/airflow/example_dags/example_params_ui_tutorial.py
[2025-10-17T07:42:59.277+0000] {logging_mixin.py:154} INFO - [2025-10-17T07:42:59.276+0000] {dag.py:2941} INFO - Sync 1 DAGs
[2025-10-17T07:42:59.291+0000] {logging_mixin.py:154} INFO - [2025-10-17T07:42:59.291+0000] {dag.py:3722} INFO - Setting next_dagrun for example_params_ui_tutorial to None, run_after=None
[2025-10-17T07:42:59.315+0000] {processor.py:179} INFO - Processing /home/airflow/.local/lib/python3.8/site-packages/airflow/example_dags/example_params_ui_tutorial.py took 0.139 seconds
[2025-10-17T07:44:25.832+0000] {processor.py:157} INFO - Started process (PID=73) to work on /home/airflow/.local/lib/python3.8/site-packages/airflow/example_dags/example_params_ui_tutorial.py
[2025-10-17T07:44:25.833+0000] {processor.py:829} INFO - Processing file /home/airflow/.local/lib/python3.8/site-packages/airflow/example_dags/example_params_ui_tutorial.py for tasks to queue
[2025-10-17T07:44:25.836+0000] {logging_mixin.py:154} INFO - [2025-10-17T07:44:25.836+0000] {dagbag.py:536} INFO - Filling up the DagBag from /home/airflow/.local/lib/python3.8/site-packages/airflow/example_dags/example_params_ui_tutorial.py
[2025-10-17T07:44:25.870+0000] {processor.py:839} INFO - DAG(s) dict_keys(['example_params_ui_tutorial']) retrieved from /home/airflow/.local/lib/python3.8/site-packages/airflow/example_dags/example_params_ui_tutorial.py
[2025-10-17T07:44:25.997+0000] {logging_mixin.py:154} INFO - [2025-10-17T07:44:25.997+0000] {manager.py:499} INFO - Created Permission View: %s
[2025-10-17T07:44:26.008+0000] {logging_mixin.py:154} INFO - [2025-10-17T07:44:26.008+0000] {manager.py:499} INFO - Created Permission View: %s
[2025-10-17T07:44:26.015+0000] {logging_mixin.py:154} INFO - [2025-10-17T07:44:26.014+0000] {manager.py:499} INFO - Created Permission View: %s
[2025-10-17T07:44:26.015+0000] {logging_mixin.py:154} INFO - [2025-10-17T07:44:26.015+0000] {dag.py:2941} INFO - Sync 1 DAGs
[2025-10-17T07:44:26.025+0000] {logging_mixin.py:154} INFO - [2025-10-17T07:44:26.024+0000] {dag.py:2963} INFO - Creating ORM DAG for example_params_ui_tutorial
[2025-10-17T07:44:26.025+0000] {logging_mixin.py:154} INFO - [2025-10-17T07:44:26.025+0000] {dag.py:3722} INFO - Setting next_dagrun for example_params_ui_tutorial to None, run_after=None
[2025-10-17T07:44:26.044+0000] {processor.py:179} INFO - Processing /home/airflow/.local/lib/python3.8/site-packages/airflow/example_dags/example_params_ui_tutorial.py took 0.215 seconds
[2025-10-17T07:44:36.218+0000] {processor.py:157} INFO - Started process (PID=65) to work on /home/airflow/.local/lib/python3.8/site-packages/airflow/example_dags/example_params_ui_tutorial.py
[2025-10-17T07:44:36.219+0000] {processor.py:829} INFO - Processing file /home/airflow/.local/lib/python3.8/site-packages/airflow/example_dags/example_params_ui_tutorial.py for tasks to queue
[2025-10-17T07:44:36.222+0000] {logging_mixin.py:154} INFO - [2025-10-17T07:44:36.221+0000] {dagbag.py:536} INFO - Filling up the DagBag from /home/airflow/.local/lib/python3.8/site-packages/airflow/example_dags/example_params_ui_tutorial.py
[2025-10-17T07:44:36.254+0000] {processor.py:839} INFO - DAG(s) dict_keys(['example_params_ui_tutorial']) retrieved from /home/airflow/.local/lib/python3.8/site-packages/airflow/example_dags/example_params_ui_tutorial.py
[2025-10-17T07:44:36.268+0000] {logging_mixin.py:154} INFO - [2025-10-17T07:44:36.268+0000] {dag.py:2941} INFO - Sync 1 DAGs
[2025-10-17T07:44:36.279+0000] {logging_mixin.py:154} INFO - [2025-10-17T07:44:36.279+0000] {dag.py:3722} INFO - Setting next_dagrun for example_params_ui_tutorial to None, run_after=None
[2025-10-17T07:44:36.297+0000] {processor.py:179} INFO - Processing /home/airflow/.local/lib/python3.8/site-packages/airflow/example_dags/example_params_ui_tutorial.py took 0.083 seconds
[2025-10-17T07:45:06.751+0000] {processor.py:157} INFO - Started process (PID=121) to work on /home/airflow/.local/lib/python3.8/site-packages/airflow/example_dags/example_params_ui_tutorial.py
[2025-10-17T07:45:06.752+0000] {processor.py:829} INFO - Processing file /home/airflow/.local/lib/python3.8/site-packages/airflow/example_dags/example_params_ui_tutorial.py for tasks to queue
[2025-10-17T07:45:06.754+0000] {logging_mixin.py:154} INFO - [2025-10-17T07:45:06.754+0000] {dagbag.py:536} INFO - Filling up the DagBag from /home/airflow/.local/lib/python3.8/site-packages/airflow/example_dags/example_params_ui_tutorial.py
[2025-10-17T07:45:06.786+0000] {processor.py:839} INFO - DAG(s) dict_keys(['example_params_ui_tutorial']) retrieved from /home/airflow/.local/lib/python3.8/site-packages/airflow/example_dags/example_params_ui_tutorial.py
[2025-10-17T07:45:06.832+0000] {logging_mixin.py:154} INFO - [2025-10-17T07:45:06.831+0000] {dag.py:2941} INFO - Sync 1 DAGs
[2025-10-17T07:45:06.843+0000] {logging_mixin.py:154} INFO - [2025-10-17T07:45:06.843+0000] {dag.py:3722} INFO - Setting next_dagrun for example_params_ui_tutorial to None, run_after=None
[2025-10-17T07:45:06.858+0000] {processor.py:179} INFO - Processing /home/airflow/.local/lib/python3.8/site-packages/airflow/example_dags/example_params_ui_tutorial.py took 0.110 seconds
[2025-10-17T07:46:20.560+0000] {processor.py:157} INFO - Started process (PID=73) to work on /home/airflow/.local/lib/python3.8/site-packages/airflow/example_dags/example_params_ui_tutorial.py
[2025-10-17T07:46:20.562+0000] {processor.py:829} INFO - Processing file /home/airflow/.local/lib/python3.8/site-packages/airflow/example_dags/example_params_ui_tutorial.py for tasks to queue
[2025-10-17T07:46:20.564+0000] {logging_mixin.py:154} INFO - [2025-10-17T07:46:20.564+0000] {dagbag.py:536} INFO - Filling up the DagBag from /home/airflow/.local/lib/python3.8/site-packages/airflow/example_dags/example_params_ui_tutorial.py
[2025-10-17T07:46:20.599+0000] {processor.py:839} INFO - DAG(s) dict_keys(['example_params_ui_tutorial']) retrieved from /home/airflow/.local/lib/python3.8/site-packages/airflow/example_dags/example_params_ui_tutorial.py
[2025-10-17T07:46:20.747+0000] {logging_mixin.py:154} INFO - [2025-10-17T07:46:20.747+0000] {manager.py:499} INFO - Created Permission View: %s
[2025-10-17T07:46:20.758+0000] {logging_mixin.py:154} INFO - [2025-10-17T07:46:20.758+0000] {manager.py:499} INFO - Created Permission View: %s
[2025-10-17T07:46:20.767+0000] {logging_mixin.py:154} INFO - [2025-10-17T07:46:20.766+0000] {manager.py:499} INFO - Created Permission View: %s
[2025-10-17T07:46:20.767+0000] {logging_mixin.py:154} INFO - [2025-10-17T07:46:20.767+0000] {dag.py:2941} INFO - Sync 1 DAGs
[2025-10-17T07:46:20.782+0000] {logging_mixin.py:154} INFO - [2025-10-17T07:46:20.782+0000] {dag.py:2963} INFO - Creating ORM DAG for example_params_ui_tutorial
[2025-10-17T07:46:20.782+0000] {logging_mixin.py:154} INFO - [2025-10-17T07:46:20.782+0000] {dag.py:3722} INFO - Setting next_dagrun for example_params_ui_tutorial to None, run_after=None
[2025-10-17T07:46:20.799+0000] {processor.py:179} INFO - Processing /home/airflow/.local/lib/python3.8/site-packages/airflow/example_dags/example_params_ui_tutorial.py took 0.243 seconds
[2025-10-17T07:46:51.566+0000] {processor.py:157} INFO - Started process (PID=129) to work on /home/airflow/.local/lib/python3.8/site-packages/airflow/example_dags/example_params_ui_tutorial.py
[2025-10-17T07:46:51.567+0000] {processor.py:829} INFO - Processing file /home/airflow/.local/lib/python3.8/site-packages/airflow/example_dags/example_params_ui_tutorial.py for tasks to queue
[2025-10-17T07:46:51.569+0000] {logging_mixin.py:154} INFO - [2025-10-17T07:46:51.569+0000] {dagbag.py:536} INFO - Filling up the DagBag from /home/airflow/.local/lib/python3.8/site-packages/airflow/example_dags/example_params_ui_tutorial.py
[2025-10-17T07:46:51.598+0000] {processor.py:839} INFO - DAG(s) dict_keys(['example_params_ui_tutorial']) retrieved from /home/airflow/.local/lib/python3.8/site-packages/airflow/example_dags/example_params_ui_tutorial.py
[2025-10-17T07:46:51.640+0000] {logging_mixin.py:154} INFO - [2025-10-17T07:46:51.640+0000] {dag.py:2941} INFO - Sync 1 DAGs
[2025-10-17T07:46:51.655+0000] {logging_mixin.py:154} INFO - [2025-10-17T07:46:51.655+0000] {dag.py:3722} INFO - Setting next_dagrun for example_params_ui_tutorial to None, run_after=None
[2025-10-17T07:46:51.672+0000] {processor.py:179} INFO - Processing /home/airflow/.local/lib/python3.8/site-packages/airflow/example_dags/example_params_ui_tutorial.py took 0.109 seconds
[2025-10-17T07:47:22.524+0000] {processor.py:157} INFO - Started process (PID=192) to work on /home/airflow/.local/lib/python3.8/site-packages/airflow/example_dags/example_params_ui_tutorial.py
[2025-10-17T07:47:22.525+0000] {processor.py:829} INFO - Processing file /home/airflow/.local/lib/python3.8/site-packages/airflow/example_dags/example_params_ui_tutorial.py for tasks to queue
[2025-10-17T07:47:22.527+0000] {logging_mixin.py:154} INFO - [2025-10-17T07:47:22.527+0000] {dagbag.py:536} INFO - Filling up the DagBag from /home/airflow/.local/lib/python3.8/site-packages/airflow/example_dags/example_params_ui_tutorial.py
[2025-10-17T07:47:22.562+0000] {processor.py:839} INFO - DAG(s) dict_keys(['example_params_ui_tutorial']) retrieved from /home/airflow/.local/lib/python3.8/site-packages/airflow/example_dags/example_params_ui_tutorial.py
[2025-10-17T07:47:22.608+0000] {logging_mixin.py:154} INFO - [2025-10-17T07:47:22.608+0000] {dag.py:2941} INFO - Sync 1 DAGs
[2025-10-17T07:47:22.619+0000] {logging_mixin.py:154} INFO - [2025-10-17T07:47:22.619+0000] {dag.py:3722} INFO - Setting next_dagrun for example_params_ui_tutorial to None, run_after=None
[2025-10-17T07:47:22.640+0000] {processor.py:179} INFO - Processing /home/airflow/.local/lib/python3.8/site-packages/airflow/example_dags/example_params_ui_tutorial.py took 0.119 seconds
[2025-10-17T07:47:53.086+0000] {processor.py:157} INFO - Started process (PID=248) to work on /home/airflow/.local/lib/python3.8/site-packages/airflow/example_dags/example_params_ui_tutorial.py
[2025-10-17T07:47:53.087+0000] {processor.py:829} INFO - Processing file /home/airflow/.local/lib/python3.8/site-packages/airflow/example_dags/example_params_ui_tutorial.py for tasks to queue
[2025-10-17T07:47:53.089+0000] {logging_mixin.py:154} INFO - [2025-10-17T07:47:53.089+0000] {dagbag.py:536} INFO - Filling up the DagBag from /home/airflow/.local/lib/python3.8/site-packages/airflow/example_dags/example_params_ui_tutorial.py
[2025-10-17T07:47:53.117+0000] {processor.py:839} INFO - DAG(s) dict_keys(['example_params_ui_tutorial']) retrieved from /home/airflow/.local/lib/python3.8/site-packages/airflow/example_dags/example_params_ui_tutorial.py
[2025-10-17T07:47:53.160+0000] {logging_mixin.py:154} INFO - [2025-10-17T07:47:53.160+0000] {dag.py:2941} INFO - Sync 1 DAGs
[2025-10-17T07:47:53.171+0000] {logging_mixin.py:154} INFO - [2025-10-17T07:47:53.170+0000] {dag.py:3722} INFO - Setting next_dagrun for example_params_ui_tutorial to None, run_after=None
[2025-10-17T07:47:53.185+0000] {processor.py:179} INFO - Processing /home/airflow/.local/lib/python3.8/site-packages/airflow/example_dags/example_params_ui_tutorial.py took 0.103 seconds
[2025-10-17T07:48:23.602+0000] {processor.py:157} INFO - Started process (PID=304) to work on /home/airflow/.local/lib/python3.8/site-packages/airflow/example_dags/example_params_ui_tutorial.py
[2025-10-17T07:48:23.603+0000] {processor.py:829} INFO - Processing file /home/airflow/.local/lib/python3.8/site-packages/airflow/example_dags/example_params_ui_tutorial.py for tasks to queue
[2025-10-17T07:48:23.605+0000] {logging_mixin.py:154} INFO - [2025-10-17T07:48:23.605+0000] {dagbag.py:536} INFO - Filling up the DagBag from /home/airflow/.local/lib/python3.8/site-packages/airflow/example_dags/example_params_ui_tutorial.py
[2025-10-17T07:48:23.634+0000] {processor.py:839} INFO - DAG(s) dict_keys(['example_params_ui_tutorial']) retrieved from /home/airflow/.local/lib/python3.8/site-packages/airflow/example_dags/example_params_ui_tutorial.py
[2025-10-17T07:48:23.675+0000] {logging_mixin.py:154} INFO - [2025-10-17T07:48:23.675+0000] {dag.py:2941} INFO - Sync 1 DAGs
[2025-10-17T07:48:23.687+0000] {logging_mixin.py:154} INFO - [2025-10-17T07:48:23.686+0000] {dag.py:3722} INFO - Setting next_dagrun for example_params_ui_tutorial to None, run_after=None
[2025-10-17T07:48:23.704+0000] {processor.py:179} INFO - Processing /home/airflow/.local/lib/python3.8/site-packages/airflow/example_dags/example_params_ui_tutorial.py took 0.105 seconds
[2025-10-17T07:48:54.519+0000] {processor.py:157} INFO - Started process (PID=360) to work on /home/airflow/.local/lib/python3.8/site-packages/airflow/example_dags/example_params_ui_tutorial.py
[2025-10-17T07:48:54.520+0000] {processor.py:829} INFO - Processing file /home/airflow/.local/lib/python3.8/site-packages/airflow/example_dags/example_params_ui_tutorial.py for tasks to queue
[2025-10-17T07:48:54.522+0000] {logging_mixin.py:154} INFO - [2025-10-17T07:48:54.522+0000] {dagbag.py:536} INFO - Filling up the DagBag from /home/airflow/.local/lib/python3.8/site-packages/airflow/example_dags/example_params_ui_tutorial.py
[2025-10-17T07:48:54.552+0000] {processor.py:839} INFO - DAG(s) dict_keys(['example_params_ui_tutorial']) retrieved from /home/airflow/.local/lib/python3.8/site-packages/airflow/example_dags/example_params_ui_tutorial.py
[2025-10-17T07:48:54.594+0000] {logging_mixin.py:154} INFO - [2025-10-17T07:48:54.594+0000] {dag.py:2941} INFO - Sync 1 DAGs
[2025-10-17T07:48:54.605+0000] {logging_mixin.py:154} INFO - [2025-10-17T07:48:54.604+0000] {dag.py:3722} INFO - Setting next_dagrun for example_params_ui_tutorial to None, run_after=None
[2025-10-17T07:48:54.622+0000] {processor.py:179} INFO - Processing /home/airflow/.local/lib/python3.8/site-packages/airflow/example_dags/example_params_ui_tutorial.py took 0.106 seconds
[2025-10-17T07:49:25.018+0000] {processor.py:157} INFO - Started process (PID=416) to work on /home/airflow/.local/lib/python3.8/site-packages/airflow/example_dags/example_params_ui_tutorial.py
[2025-10-17T07:49:25.020+0000] {processor.py:829} INFO - Processing file /home/airflow/.local/lib/python3.8/site-packages/airflow/example_dags/example_params_ui_tutorial.py for tasks to queue
[2025-10-17T07:49:25.022+0000] {logging_mixin.py:154} INFO - [2025-10-17T07:49:25.022+0000] {dagbag.py:536} INFO - Filling up the DagBag from /home/airflow/.local/lib/python3.8/site-packages/airflow/example_dags/example_params_ui_tutorial.py
[2025-10-17T07:49:25.052+0000] {processor.py:839} INFO - DAG(s) dict_keys(['example_params_ui_tutorial']) retrieved from /home/airflow/.local/lib/python3.8/site-packages/airflow/example_dags/example_params_ui_tutorial.py
[2025-10-17T07:49:25.097+0000] {logging_mixin.py:154} INFO - [2025-10-17T07:49:25.097+0000] {dag.py:2941} INFO - Sync 1 DAGs
[2025-10-17T07:49:25.110+0000] {logging_mixin.py:154} INFO - [2025-10-17T07:49:25.110+0000] {dag.py:3722} INFO - Setting next_dagrun for example_params_ui_tutorial to None, run_after=None
[2025-10-17T07:49:25.129+0000] {processor.py:179} INFO - Processing /home/airflow/.local/lib/python3.8/site-packages/airflow/example_dags/example_params_ui_tutorial.py took 0.114 seconds
[2025-10-17T07:49:55.733+0000] {processor.py:157} INFO - Started process (PID=472) to work on /home/airflow/.local/lib/python3.8/site-packages/airflow/example_dags/example_params_ui_tutorial.py
[2025-10-17T07:49:55.734+0000] {processor.py:829} INFO - Processing file /home/airflow/.local/lib/python3.8/site-packages/airflow/example_dags/example_params_ui_tutorial.py for tasks to queue
[2025-10-17T07:49:55.736+0000] {logging_mixin.py:154} INFO - [2025-10-17T07:49:55.736+0000] {dagbag.py:536} INFO - Filling up the DagBag from /home/airflow/.local/lib/python3.8/site-packages/airflow/example_dags/example_params_ui_tutorial.py
[2025-10-17T07:49:55.768+0000] {processor.py:839} INFO - DAG(s) dict_keys(['example_params_ui_tutorial']) retrieved from /home/airflow/.local/lib/python3.8/site-packages/airflow/example_dags/example_params_ui_tutorial.py
[2025-10-17T07:49:55.811+0000] {logging_mixin.py:154} INFO - [2025-10-17T07:49:55.811+0000] {dag.py:2941} INFO - Sync 1 DAGs
[2025-10-17T07:49:55.822+0000] {logging_mixin.py:154} INFO - [2025-10-17T07:49:55.822+0000] {dag.py:3722} INFO - Setting next_dagrun for example_params_ui_tutorial to None, run_after=None
[2025-10-17T07:49:55.842+0000] {processor.py:179} INFO - Processing /home/airflow/.local/lib/python3.8/site-packages/airflow/example_dags/example_params_ui_tutorial.py took 0.113 seconds
[2025-10-17T07:50:25.948+0000] {processor.py:157} INFO - Started process (PID=528) to work on /home/airflow/.local/lib/python3.8/site-packages/airflow/example_dags/example_params_ui_tutorial.py
[2025-10-17T07:50:25.949+0000] {processor.py:829} INFO - Processing file /home/airflow/.local/lib/python3.8/site-packages/airflow/example_dags/example_params_ui_tutorial.py for tasks to queue
[2025-10-17T07:50:25.951+0000] {logging_mixin.py:154} INFO - [2025-10-17T07:50:25.951+0000] {dagbag.py:536} INFO - Filling up the DagBag from /home/airflow/.local/lib/python3.8/site-packages/airflow/example_dags/example_params_ui_tutorial.py
[2025-10-17T07:50:25.981+0000] {processor.py:839} INFO - DAG(s) dict_keys(['example_params_ui_tutorial']) retrieved from /home/airflow/.local/lib/python3.8/site-packages/airflow/example_dags/example_params_ui_tutorial.py
[2025-10-17T07:50:26.026+0000] {logging_mixin.py:154} INFO - [2025-10-17T07:50:26.026+0000] {dag.py:2941} INFO - Sync 1 DAGs
[2025-10-17T07:50:26.037+0000] {logging_mixin.py:154} INFO - [2025-10-17T07:50:26.037+0000] {dag.py:3722} INFO - Setting next_dagrun for example_params_ui_tutorial to None, run_after=None
[2025-10-17T07:50:26.054+0000] {processor.py:179} INFO - Processing /home/airflow/.local/lib/python3.8/site-packages/airflow/example_dags/example_params_ui_tutorial.py took 0.110 seconds
[2025-10-17T07:50:56.877+0000] {processor.py:157} INFO - Started process (PID=584) to work on /home/airflow/.local/lib/python3.8/site-packages/airflow/example_dags/example_params_ui_tutorial.py
[2025-10-17T07:50:56.879+0000] {processor.py:829} INFO - Processing file /home/airflow/.local/lib/python3.8/site-packages/airflow/example_dags/example_params_ui_tutorial.py for tasks to queue
[2025-10-17T07:50:56.881+0000] {logging_mixin.py:154} INFO - [2025-10-17T07:50:56.880+0000] {dagbag.py:536} INFO - Filling up the DagBag from /home/airflow/.local/lib/python3.8/site-packages/airflow/example_dags/example_params_ui_tutorial.py
[2025-10-17T07:50:56.908+0000] {processor.py:839} INFO - DAG(s) dict_keys(['example_params_ui_tutorial']) retrieved from /home/airflow/.local/lib/python3.8/site-packages/airflow/example_dags/example_params_ui_tutorial.py
[2025-10-17T07:50:56.950+0000] {logging_mixin.py:154} INFO - [2025-10-17T07:50:56.949+0000] {dag.py:2941} INFO - Sync 1 DAGs
[2025-10-17T07:50:56.960+0000] {logging_mixin.py:154} INFO - [2025-10-17T07:50:56.959+0000] {dag.py:3722} INFO - Setting next_dagrun for example_params_ui_tutorial to None, run_after=None
[2025-10-17T07:50:56.978+0000] {processor.py:179} INFO - Processing /home/airflow/.local/lib/python3.8/site-packages/airflow/example_dags/example_params_ui_tutorial.py took 0.103 seconds
[2025-10-17T07:51:27.444+0000] {processor.py:157} INFO - Started process (PID=640) to work on /home/airflow/.local/lib/python3.8/site-packages/airflow/example_dags/example_params_ui_tutorial.py
[2025-10-17T07:51:27.445+0000] {processor.py:829} INFO - Processing file /home/airflow/.local/lib/python3.8/site-packages/airflow/example_dags/example_params_ui_tutorial.py for tasks to queue
[2025-10-17T07:51:27.448+0000] {logging_mixin.py:154} INFO - [2025-10-17T07:51:27.447+0000] {dagbag.py:536} INFO - Filling up the DagBag from /home/airflow/.local/lib/python3.8/site-packages/airflow/example_dags/example_params_ui_tutorial.py
[2025-10-17T07:51:27.485+0000] {processor.py:839} INFO - DAG(s) dict_keys(['example_params_ui_tutorial']) retrieved from /home/airflow/.local/lib/python3.8/site-packages/airflow/example_dags/example_params_ui_tutorial.py
[2025-10-17T07:51:27.535+0000] {logging_mixin.py:154} INFO - [2025-10-17T07:51:27.535+0000] {dag.py:2941} INFO - Sync 1 DAGs
[2025-10-17T07:51:27.549+0000] {logging_mixin.py:154} INFO - [2025-10-17T07:51:27.549+0000] {dag.py:3722} INFO - Setting next_dagrun for example_params_ui_tutorial to None, run_after=None
[2025-10-17T07:51:27.574+0000] {processor.py:179} INFO - Processing /home/airflow/.local/lib/python3.8/site-packages/airflow/example_dags/example_params_ui_tutorial.py took 0.134 seconds
[2025-10-17T07:51:58.105+0000] {processor.py:157} INFO - Started process (PID=696) to work on /home/airflow/.local/lib/python3.8/site-packages/airflow/example_dags/example_params_ui_tutorial.py
[2025-10-17T07:51:58.107+0000] {processor.py:829} INFO - Processing file /home/airflow/.local/lib/python3.8/site-packages/airflow/example_dags/example_params_ui_tutorial.py for tasks to queue
[2025-10-17T07:51:58.109+0000] {logging_mixin.py:154} INFO - [2025-10-17T07:51:58.108+0000] {dagbag.py:536} INFO - Filling up the DagBag from /home/airflow/.local/lib/python3.8/site-packages/airflow/example_dags/example_params_ui_tutorial.py
[2025-10-17T07:51:58.137+0000] {processor.py:839} INFO - DAG(s) dict_keys(['example_params_ui_tutorial']) retrieved from /home/airflow/.local/lib/python3.8/site-packages/airflow/example_dags/example_params_ui_tutorial.py
[2025-10-17T07:51:58.178+0000] {logging_mixin.py:154} INFO - [2025-10-17T07:51:58.178+0000] {dag.py:2941} INFO - Sync 1 DAGs
[2025-10-17T07:51:58.188+0000] {logging_mixin.py:154} INFO - [2025-10-17T07:51:58.188+0000] {dag.py:3722} INFO - Setting next_dagrun for example_params_ui_tutorial to None, run_after=None
[2025-10-17T07:51:58.205+0000] {processor.py:179} INFO - Processing /home/airflow/.local/lib/python3.8/site-packages/airflow/example_dags/example_params_ui_tutorial.py took 0.103 seconds
[2025-10-17T08:08:53.477+0000] {processor.py:157} INFO - Started process (PID=81) to work on /home/airflow/.local/lib/python3.8/site-packages/airflow/example_dags/example_params_ui_tutorial.py
[2025-10-17T08:08:53.478+0000] {processor.py:829} INFO - Processing file /home/airflow/.local/lib/python3.8/site-packages/airflow/example_dags/example_params_ui_tutorial.py for tasks to queue
[2025-10-17T08:08:53.481+0000] {logging_mixin.py:154} INFO - [2025-10-17T08:08:53.481+0000] {dagbag.py:536} INFO - Filling up the DagBag from /home/airflow/.local/lib/python3.8/site-packages/airflow/example_dags/example_params_ui_tutorial.py
[2025-10-17T08:08:53.522+0000] {processor.py:839} INFO - DAG(s) dict_keys(['example_params_ui_tutorial']) retrieved from /home/airflow/.local/lib/python3.8/site-packages/airflow/example_dags/example_params_ui_tutorial.py
[2025-10-17T08:08:53.690+0000] {logging_mixin.py:154} INFO - [2025-10-17T08:08:53.690+0000] {manager.py:499} INFO - Created Permission View: %s
[2025-10-17T08:08:53.707+0000] {logging_mixin.py:154} INFO - [2025-10-17T08:08:53.707+0000] {manager.py:499} INFO - Created Permission View: %s
[2025-10-17T08:08:53.722+0000] {logging_mixin.py:154} INFO - [2025-10-17T08:08:53.722+0000] {manager.py:499} INFO - Created Permission View: %s
[2025-10-17T08:08:53.723+0000] {logging_mixin.py:154} INFO - [2025-10-17T08:08:53.722+0000] {dag.py:2941} INFO - Sync 1 DAGs
[2025-10-17T08:08:53.740+0000] {logging_mixin.py:154} INFO - [2025-10-17T08:08:53.740+0000] {dag.py:2963} INFO - Creating ORM DAG for example_params_ui_tutorial
[2025-10-17T08:08:53.741+0000] {logging_mixin.py:154} INFO - [2025-10-17T08:08:53.741+0000] {dag.py:3722} INFO - Setting next_dagrun for example_params_ui_tutorial to None, run_after=None
[2025-10-17T08:08:53.772+0000] {processor.py:179} INFO - Processing /home/airflow/.local/lib/python3.8/site-packages/airflow/example_dags/example_params_ui_tutorial.py took 0.299 seconds
[2025-10-17T08:09:24.742+0000] {processor.py:157} INFO - Started process (PID=137) to work on /home/airflow/.local/lib/python3.8/site-packages/airflow/example_dags/example_params_ui_tutorial.py
[2025-10-17T08:09:24.743+0000] {processor.py:829} INFO - Processing file /home/airflow/.local/lib/python3.8/site-packages/airflow/example_dags/example_params_ui_tutorial.py for tasks to queue
[2025-10-17T08:09:24.746+0000] {logging_mixin.py:154} INFO - [2025-10-17T08:09:24.745+0000] {dagbag.py:536} INFO - Filling up the DagBag from /home/airflow/.local/lib/python3.8/site-packages/airflow/example_dags/example_params_ui_tutorial.py
[2025-10-17T08:09:24.784+0000] {processor.py:839} INFO - DAG(s) dict_keys(['example_params_ui_tutorial']) retrieved from /home/airflow/.local/lib/python3.8/site-packages/airflow/example_dags/example_params_ui_tutorial.py
[2025-10-17T08:09:24.854+0000] {logging_mixin.py:154} INFO - [2025-10-17T08:09:24.854+0000] {dag.py:2941} INFO - Sync 1 DAGs
[2025-10-17T08:09:24.873+0000] {logging_mixin.py:154} INFO - [2025-10-17T08:09:24.872+0000] {dag.py:3722} INFO - Setting next_dagrun for example_params_ui_tutorial to None, run_after=None
[2025-10-17T08:09:24.899+0000] {processor.py:179} INFO - Processing /home/airflow/.local/lib/python3.8/site-packages/airflow/example_dags/example_params_ui_tutorial.py took 0.160 seconds
[2025-10-17T08:09:55.779+0000] {processor.py:157} INFO - Started process (PID=193) to work on /home/airflow/.local/lib/python3.8/site-packages/airflow/example_dags/example_params_ui_tutorial.py
[2025-10-17T08:09:55.780+0000] {processor.py:829} INFO - Processing file /home/airflow/.local/lib/python3.8/site-packages/airflow/example_dags/example_params_ui_tutorial.py for tasks to queue
[2025-10-17T08:09:55.782+0000] {logging_mixin.py:154} INFO - [2025-10-17T08:09:55.782+0000] {dagbag.py:536} INFO - Filling up the DagBag from /home/airflow/.local/lib/python3.8/site-packages/airflow/example_dags/example_params_ui_tutorial.py
[2025-10-17T08:09:55.813+0000] {processor.py:839} INFO - DAG(s) dict_keys(['example_params_ui_tutorial']) retrieved from /home/airflow/.local/lib/python3.8/site-packages/airflow/example_dags/example_params_ui_tutorial.py
[2025-10-17T08:09:55.854+0000] {logging_mixin.py:154} INFO - [2025-10-17T08:09:55.854+0000] {dag.py:2941} INFO - Sync 1 DAGs
[2025-10-17T08:09:55.867+0000] {logging_mixin.py:154} INFO - [2025-10-17T08:09:55.867+0000] {dag.py:3722} INFO - Setting next_dagrun for example_params_ui_tutorial to None, run_after=None
[2025-10-17T08:09:55.887+0000] {processor.py:179} INFO - Processing /home/airflow/.local/lib/python3.8/site-packages/airflow/example_dags/example_params_ui_tutorial.py took 0.111 seconds
[2025-10-17T08:10:26.718+0000] {processor.py:157} INFO - Started process (PID=249) to work on /home/airflow/.local/lib/python3.8/site-packages/airflow/example_dags/example_params_ui_tutorial.py
[2025-10-17T08:10:26.720+0000] {processor.py:829} INFO - Processing file /home/airflow/.local/lib/python3.8/site-packages/airflow/example_dags/example_params_ui_tutorial.py for tasks to queue
[2025-10-17T08:10:26.724+0000] {logging_mixin.py:154} INFO - [2025-10-17T08:10:26.723+0000] {dagbag.py:536} INFO - Filling up the DagBag from /home/airflow/.local/lib/python3.8/site-packages/airflow/example_dags/example_params_ui_tutorial.py
[2025-10-17T08:10:26.778+0000] {processor.py:839} INFO - DAG(s) dict_keys(['example_params_ui_tutorial']) retrieved from /home/airflow/.local/lib/python3.8/site-packages/airflow/example_dags/example_params_ui_tutorial.py
[2025-10-17T08:10:26.848+0000] {logging_mixin.py:154} INFO - [2025-10-17T08:10:26.848+0000] {dag.py:2941} INFO - Sync 1 DAGs
[2025-10-17T08:10:26.862+0000] {logging_mixin.py:154} INFO - [2025-10-17T08:10:26.862+0000] {dag.py:3722} INFO - Setting next_dagrun for example_params_ui_tutorial to None, run_after=None
[2025-10-17T08:10:26.886+0000] {processor.py:179} INFO - Processing /home/airflow/.local/lib/python3.8/site-packages/airflow/example_dags/example_params_ui_tutorial.py took 0.173 seconds
[2025-10-17T08:10:57.508+0000] {processor.py:157} INFO - Started process (PID=305) to work on /home/airflow/.local/lib/python3.8/site-packages/airflow/example_dags/example_params_ui_tutorial.py
[2025-10-17T08:10:57.509+0000] {processor.py:829} INFO - Processing file /home/airflow/.local/lib/python3.8/site-packages/airflow/example_dags/example_params_ui_tutorial.py for tasks to queue
[2025-10-17T08:10:57.512+0000] {logging_mixin.py:154} INFO - [2025-10-17T08:10:57.511+0000] {dagbag.py:536} INFO - Filling up the DagBag from /home/airflow/.local/lib/python3.8/site-packages/airflow/example_dags/example_params_ui_tutorial.py
[2025-10-17T08:10:57.541+0000] {processor.py:839} INFO - DAG(s) dict_keys(['example_params_ui_tutorial']) retrieved from /home/airflow/.local/lib/python3.8/site-packages/airflow/example_dags/example_params_ui_tutorial.py
[2025-10-17T08:10:57.582+0000] {logging_mixin.py:154} INFO - [2025-10-17T08:10:57.582+0000] {dag.py:2941} INFO - Sync 1 DAGs
[2025-10-17T08:10:57.593+0000] {logging_mixin.py:154} INFO - [2025-10-17T08:10:57.593+0000] {dag.py:3722} INFO - Setting next_dagrun for example_params_ui_tutorial to None, run_after=None
[2025-10-17T08:10:57.609+0000] {processor.py:179} INFO - Processing /home/airflow/.local/lib/python3.8/site-packages/airflow/example_dags/example_params_ui_tutorial.py took 0.105 seconds
[2025-10-17T08:12:35.458+0000] {processor.py:157} INFO - Started process (PID=82) to work on /home/airflow/.local/lib/python3.8/site-packages/airflow/example_dags/example_params_ui_tutorial.py
[2025-10-17T08:12:35.460+0000] {processor.py:829} INFO - Processing file /home/airflow/.local/lib/python3.8/site-packages/airflow/example_dags/example_params_ui_tutorial.py for tasks to queue
[2025-10-17T08:12:35.464+0000] {logging_mixin.py:154} INFO - [2025-10-17T08:12:35.463+0000] {dagbag.py:536} INFO - Filling up the DagBag from /home/airflow/.local/lib/python3.8/site-packages/airflow/example_dags/example_params_ui_tutorial.py
[2025-10-17T08:12:35.513+0000] {processor.py:839} INFO - DAG(s) dict_keys(['example_params_ui_tutorial']) retrieved from /home/airflow/.local/lib/python3.8/site-packages/airflow/example_dags/example_params_ui_tutorial.py
[2025-10-17T08:12:35.670+0000] {logging_mixin.py:154} INFO - [2025-10-17T08:12:35.670+0000] {manager.py:499} INFO - Created Permission View: %s
[2025-10-17T08:12:35.687+0000] {logging_mixin.py:154} INFO - [2025-10-17T08:12:35.686+0000] {manager.py:499} INFO - Created Permission View: %s
[2025-10-17T08:12:35.698+0000] {logging_mixin.py:154} INFO - [2025-10-17T08:12:35.697+0000] {manager.py:499} INFO - Created Permission View: %s
[2025-10-17T08:12:35.698+0000] {logging_mixin.py:154} INFO - [2025-10-17T08:12:35.698+0000] {dag.py:2941} INFO - Sync 1 DAGs
[2025-10-17T08:12:35.710+0000] {logging_mixin.py:154} INFO - [2025-10-17T08:12:35.710+0000] {dag.py:2963} INFO - Creating ORM DAG for example_params_ui_tutorial
[2025-10-17T08:12:35.711+0000] {logging_mixin.py:154} INFO - [2025-10-17T08:12:35.711+0000] {dag.py:3722} INFO - Setting next_dagrun for example_params_ui_tutorial to None, run_after=None
[2025-10-17T08:12:35.728+0000] {processor.py:179} INFO - Processing /home/airflow/.local/lib/python3.8/site-packages/airflow/example_dags/example_params_ui_tutorial.py took 0.276 seconds
[2025-10-17T08:13:05.890+0000] {processor.py:157} INFO - Started process (PID=138) to work on /home/airflow/.local/lib/python3.8/site-packages/airflow/example_dags/example_params_ui_tutorial.py
[2025-10-17T08:13:05.892+0000] {processor.py:829} INFO - Processing file /home/airflow/.local/lib/python3.8/site-packages/airflow/example_dags/example_params_ui_tutorial.py for tasks to queue
[2025-10-17T08:13:05.895+0000] {logging_mixin.py:154} INFO - [2025-10-17T08:13:05.894+0000] {dagbag.py:536} INFO - Filling up the DagBag from /home/airflow/.local/lib/python3.8/site-packages/airflow/example_dags/example_params_ui_tutorial.py
[2025-10-17T08:13:05.935+0000] {processor.py:839} INFO - DAG(s) dict_keys(['example_params_ui_tutorial']) retrieved from /home/airflow/.local/lib/python3.8/site-packages/airflow/example_dags/example_params_ui_tutorial.py
[2025-10-17T08:13:05.990+0000] {logging_mixin.py:154} INFO - [2025-10-17T08:13:05.990+0000] {dag.py:2941} INFO - Sync 1 DAGs
[2025-10-17T08:13:06.003+0000] {logging_mixin.py:154} INFO - [2025-10-17T08:13:06.002+0000] {dag.py:3722} INFO - Setting next_dagrun for example_params_ui_tutorial to None, run_after=None
[2025-10-17T08:13:06.022+0000] {processor.py:179} INFO - Processing /home/airflow/.local/lib/python3.8/site-packages/airflow/example_dags/example_params_ui_tutorial.py took 0.135 seconds
[2025-10-17T08:13:36.456+0000] {processor.py:157} INFO - Started process (PID=194) to work on /home/airflow/.local/lib/python3.8/site-packages/airflow/example_dags/example_params_ui_tutorial.py
[2025-10-17T08:13:36.457+0000] {processor.py:829} INFO - Processing file /home/airflow/.local/lib/python3.8/site-packages/airflow/example_dags/example_params_ui_tutorial.py for tasks to queue
[2025-10-17T08:13:36.459+0000] {logging_mixin.py:154} INFO - [2025-10-17T08:13:36.458+0000] {dagbag.py:536} INFO - Filling up the DagBag from /home/airflow/.local/lib/python3.8/site-packages/airflow/example_dags/example_params_ui_tutorial.py
[2025-10-17T08:13:36.496+0000] {processor.py:839} INFO - DAG(s) dict_keys(['example_params_ui_tutorial']) retrieved from /home/airflow/.local/lib/python3.8/site-packages/airflow/example_dags/example_params_ui_tutorial.py
[2025-10-17T08:13:36.541+0000] {logging_mixin.py:154} INFO - [2025-10-17T08:13:36.541+0000] {dag.py:2941} INFO - Sync 1 DAGs
[2025-10-17T08:13:36.551+0000] {logging_mixin.py:154} INFO - [2025-10-17T08:13:36.551+0000] {dag.py:3722} INFO - Setting next_dagrun for example_params_ui_tutorial to None, run_after=None
[2025-10-17T08:13:36.568+0000] {processor.py:179} INFO - Processing /home/airflow/.local/lib/python3.8/site-packages/airflow/example_dags/example_params_ui_tutorial.py took 0.115 seconds
