[2025-10-17T07:19:47.242+0000] {processor.py:157} INFO - Started process (PID=581) to work on /home/airflow/.local/lib/python3.8/site-packages/airflow/example_dags/example_params_trigger_ui.py
[2025-10-17T07:19:47.243+0000] {processor.py:829} INFO - Processing file /home/airflow/.local/lib/python3.8/site-packages/airflow/example_dags/example_params_trigger_ui.py for tasks to queue
[2025-10-17T07:19:47.247+0000] {logging_mixin.py:154} INFO - [2025-10-17T07:19:47.247+0000] {dagbag.py:536} INFO - Filling up the DagBag from /home/airflow/.local/lib/python3.8/site-packages/airflow/example_dags/example_params_trigger_ui.py
[2025-10-17T07:19:47.299+0000] {processor.py:839} INFO - DAG(s) dict_keys(['example_params_trigger_ui']) retrieved from /home/airflow/.local/lib/python3.8/site-packages/airflow/example_dags/example_params_trigger_ui.py
[2025-10-17T07:19:47.424+0000] {logging_mixin.py:154} INFO - [2025-10-17T07:19:47.424+0000] {dag.py:2941} INFO - Sync 1 DAGs
[2025-10-17T07:19:47.459+0000] {logging_mixin.py:154} INFO - [2025-10-17T07:19:47.458+0000] {dag.py:3722} INFO - Setting next_dagrun for example_params_trigger_ui to None, run_after=None
[2025-10-17T07:19:47.520+0000] {processor.py:179} INFO - Processing /home/airflow/.local/lib/python3.8/site-packages/airflow/example_dags/example_params_trigger_ui.py took 0.294 seconds
[2025-10-17T07:20:17.837+0000] {processor.py:157} INFO - Started process (PID=637) to work on /home/airflow/.local/lib/python3.8/site-packages/airflow/example_dags/example_params_trigger_ui.py
[2025-10-17T07:20:17.839+0000] {processor.py:829} INFO - Processing file /home/airflow/.local/lib/python3.8/site-packages/airflow/example_dags/example_params_trigger_ui.py for tasks to queue
[2025-10-17T07:20:17.841+0000] {logging_mixin.py:154} INFO - [2025-10-17T07:20:17.841+0000] {dagbag.py:536} INFO - Filling up the DagBag from /home/airflow/.local/lib/python3.8/site-packages/airflow/example_dags/example_params_trigger_ui.py
[2025-10-17T07:20:17.859+0000] {processor.py:839} INFO - DAG(s) dict_keys(['example_params_trigger_ui']) retrieved from /home/airflow/.local/lib/python3.8/site-packages/airflow/example_dags/example_params_trigger_ui.py
[2025-10-17T07:20:17.909+0000] {logging_mixin.py:154} INFO - [2025-10-17T07:20:17.909+0000] {dag.py:2941} INFO - Sync 1 DAGs
[2025-10-17T07:20:17.921+0000] {logging_mixin.py:154} INFO - [2025-10-17T07:20:17.920+0000] {dag.py:3722} INFO - Setting next_dagrun for example_params_trigger_ui to None, run_after=None
[2025-10-17T07:20:17.941+0000] {processor.py:179} INFO - Processing /home/airflow/.local/lib/python3.8/site-packages/airflow/example_dags/example_params_trigger_ui.py took 0.109 seconds
[2025-10-17T07:20:48.213+0000] {processor.py:157} INFO - Started process (PID=693) to work on /home/airflow/.local/lib/python3.8/site-packages/airflow/example_dags/example_params_trigger_ui.py
[2025-10-17T07:20:48.214+0000] {processor.py:829} INFO - Processing file /home/airflow/.local/lib/python3.8/site-packages/airflow/example_dags/example_params_trigger_ui.py for tasks to queue
[2025-10-17T07:20:48.218+0000] {logging_mixin.py:154} INFO - [2025-10-17T07:20:48.217+0000] {dagbag.py:536} INFO - Filling up the DagBag from /home/airflow/.local/lib/python3.8/site-packages/airflow/example_dags/example_params_trigger_ui.py
[2025-10-17T07:20:48.252+0000] {processor.py:839} INFO - DAG(s) dict_keys(['example_params_trigger_ui']) retrieved from /home/airflow/.local/lib/python3.8/site-packages/airflow/example_dags/example_params_trigger_ui.py
[2025-10-17T07:20:48.330+0000] {logging_mixin.py:154} INFO - [2025-10-17T07:20:48.330+0000] {dag.py:2941} INFO - Sync 1 DAGs
[2025-10-17T07:20:48.353+0000] {logging_mixin.py:154} INFO - [2025-10-17T07:20:48.352+0000] {dag.py:3722} INFO - Setting next_dagrun for example_params_trigger_ui to None, run_after=None
[2025-10-17T07:20:48.410+0000] {processor.py:179} INFO - Processing /home/airflow/.local/lib/python3.8/site-packages/airflow/example_dags/example_params_trigger_ui.py took 0.210 seconds
[2025-10-17T07:21:19.240+0000] {processor.py:157} INFO - Started process (PID=749) to work on /home/airflow/.local/lib/python3.8/site-packages/airflow/example_dags/example_params_trigger_ui.py
[2025-10-17T07:21:19.241+0000] {processor.py:829} INFO - Processing file /home/airflow/.local/lib/python3.8/site-packages/airflow/example_dags/example_params_trigger_ui.py for tasks to queue
[2025-10-17T07:21:19.243+0000] {logging_mixin.py:154} INFO - [2025-10-17T07:21:19.243+0000] {dagbag.py:536} INFO - Filling up the DagBag from /home/airflow/.local/lib/python3.8/site-packages/airflow/example_dags/example_params_trigger_ui.py
[2025-10-17T07:21:19.258+0000] {processor.py:839} INFO - DAG(s) dict_keys(['example_params_trigger_ui']) retrieved from /home/airflow/.local/lib/python3.8/site-packages/airflow/example_dags/example_params_trigger_ui.py
[2025-10-17T07:21:19.298+0000] {logging_mixin.py:154} INFO - [2025-10-17T07:21:19.298+0000] {dag.py:2941} INFO - Sync 1 DAGs
[2025-10-17T07:21:19.308+0000] {logging_mixin.py:154} INFO - [2025-10-17T07:21:19.307+0000] {dag.py:3722} INFO - Setting next_dagrun for example_params_trigger_ui to None, run_after=None
[2025-10-17T07:21:19.330+0000] {processor.py:179} INFO - Processing /home/airflow/.local/lib/python3.8/site-packages/airflow/example_dags/example_params_trigger_ui.py took 0.095 seconds
[2025-10-17T07:21:49.646+0000] {processor.py:157} INFO - Started process (PID=805) to work on /home/airflow/.local/lib/python3.8/site-packages/airflow/example_dags/example_params_trigger_ui.py
[2025-10-17T07:21:49.648+0000] {processor.py:829} INFO - Processing file /home/airflow/.local/lib/python3.8/site-packages/airflow/example_dags/example_params_trigger_ui.py for tasks to queue
[2025-10-17T07:21:49.651+0000] {logging_mixin.py:154} INFO - [2025-10-17T07:21:49.651+0000] {dagbag.py:536} INFO - Filling up the DagBag from /home/airflow/.local/lib/python3.8/site-packages/airflow/example_dags/example_params_trigger_ui.py
[2025-10-17T07:21:49.673+0000] {processor.py:839} INFO - DAG(s) dict_keys(['example_params_trigger_ui']) retrieved from /home/airflow/.local/lib/python3.8/site-packages/airflow/example_dags/example_params_trigger_ui.py
[2025-10-17T07:21:49.719+0000] {logging_mixin.py:154} INFO - [2025-10-17T07:21:49.718+0000] {dag.py:2941} INFO - Sync 1 DAGs
[2025-10-17T07:21:49.737+0000] {logging_mixin.py:154} INFO - [2025-10-17T07:21:49.736+0000] {dag.py:3722} INFO - Setting next_dagrun for example_params_trigger_ui to None, run_after=None
[2025-10-17T07:21:49.772+0000] {processor.py:179} INFO - Processing /home/airflow/.local/lib/python3.8/site-packages/airflow/example_dags/example_params_trigger_ui.py took 0.130 seconds
[2025-10-17T07:22:20.715+0000] {processor.py:157} INFO - Started process (PID=861) to work on /home/airflow/.local/lib/python3.8/site-packages/airflow/example_dags/example_params_trigger_ui.py
[2025-10-17T07:22:20.716+0000] {processor.py:829} INFO - Processing file /home/airflow/.local/lib/python3.8/site-packages/airflow/example_dags/example_params_trigger_ui.py for tasks to queue
[2025-10-17T07:22:20.718+0000] {logging_mixin.py:154} INFO - [2025-10-17T07:22:20.718+0000] {dagbag.py:536} INFO - Filling up the DagBag from /home/airflow/.local/lib/python3.8/site-packages/airflow/example_dags/example_params_trigger_ui.py
[2025-10-17T07:22:20.733+0000] {processor.py:839} INFO - DAG(s) dict_keys(['example_params_trigger_ui']) retrieved from /home/airflow/.local/lib/python3.8/site-packages/airflow/example_dags/example_params_trigger_ui.py
[2025-10-17T07:22:20.770+0000] {logging_mixin.py:154} INFO - [2025-10-17T07:22:20.770+0000] {dag.py:2941} INFO - Sync 1 DAGs
[2025-10-17T07:22:20.780+0000] {logging_mixin.py:154} INFO - [2025-10-17T07:22:20.780+0000] {dag.py:3722} INFO - Setting next_dagrun for example_params_trigger_ui to None, run_after=None
[2025-10-17T07:22:20.800+0000] {processor.py:179} INFO - Processing /home/airflow/.local/lib/python3.8/site-packages/airflow/example_dags/example_params_trigger_ui.py took 0.088 seconds
[2025-10-17T07:22:51.404+0000] {processor.py:157} INFO - Started process (PID=917) to work on /home/airflow/.local/lib/python3.8/site-packages/airflow/example_dags/example_params_trigger_ui.py
[2025-10-17T07:22:51.405+0000] {processor.py:829} INFO - Processing file /home/airflow/.local/lib/python3.8/site-packages/airflow/example_dags/example_params_trigger_ui.py for tasks to queue
[2025-10-17T07:22:51.408+0000] {logging_mixin.py:154} INFO - [2025-10-17T07:22:51.407+0000] {dagbag.py:536} INFO - Filling up the DagBag from /home/airflow/.local/lib/python3.8/site-packages/airflow/example_dags/example_params_trigger_ui.py
[2025-10-17T07:22:51.423+0000] {processor.py:839} INFO - DAG(s) dict_keys(['example_params_trigger_ui']) retrieved from /home/airflow/.local/lib/python3.8/site-packages/airflow/example_dags/example_params_trigger_ui.py
[2025-10-17T07:22:51.473+0000] {logging_mixin.py:154} INFO - [2025-10-17T07:22:51.473+0000] {dag.py:2941} INFO - Sync 1 DAGs
[2025-10-17T07:22:51.488+0000] {logging_mixin.py:154} INFO - [2025-10-17T07:22:51.488+0000] {dag.py:3722} INFO - Setting next_dagrun for example_params_trigger_ui to None, run_after=None
[2025-10-17T07:22:51.513+0000] {processor.py:179} INFO - Processing /home/airflow/.local/lib/python3.8/site-packages/airflow/example_dags/example_params_trigger_ui.py took 0.113 seconds
[2025-10-17T07:23:22.378+0000] {processor.py:157} INFO - Started process (PID=973) to work on /home/airflow/.local/lib/python3.8/site-packages/airflow/example_dags/example_params_trigger_ui.py
[2025-10-17T07:23:22.380+0000] {processor.py:829} INFO - Processing file /home/airflow/.local/lib/python3.8/site-packages/airflow/example_dags/example_params_trigger_ui.py for tasks to queue
[2025-10-17T07:23:22.382+0000] {logging_mixin.py:154} INFO - [2025-10-17T07:23:22.381+0000] {dagbag.py:536} INFO - Filling up the DagBag from /home/airflow/.local/lib/python3.8/site-packages/airflow/example_dags/example_params_trigger_ui.py
[2025-10-17T07:23:22.397+0000] {processor.py:839} INFO - DAG(s) dict_keys(['example_params_trigger_ui']) retrieved from /home/airflow/.local/lib/python3.8/site-packages/airflow/example_dags/example_params_trigger_ui.py
[2025-10-17T07:23:22.440+0000] {logging_mixin.py:154} INFO - [2025-10-17T07:23:22.440+0000] {dag.py:2941} INFO - Sync 1 DAGs
[2025-10-17T07:23:22.451+0000] {logging_mixin.py:154} INFO - [2025-10-17T07:23:22.451+0000] {dag.py:3722} INFO - Setting next_dagrun for example_params_trigger_ui to None, run_after=None
[2025-10-17T07:23:22.601+0000] {processor.py:179} INFO - Processing /home/airflow/.local/lib/python3.8/site-packages/airflow/example_dags/example_params_trigger_ui.py took 0.226 seconds
[2025-10-17T07:23:52.800+0000] {processor.py:157} INFO - Started process (PID=1029) to work on /home/airflow/.local/lib/python3.8/site-packages/airflow/example_dags/example_params_trigger_ui.py
[2025-10-17T07:23:52.801+0000] {processor.py:829} INFO - Processing file /home/airflow/.local/lib/python3.8/site-packages/airflow/example_dags/example_params_trigger_ui.py for tasks to queue
[2025-10-17T07:23:52.803+0000] {logging_mixin.py:154} INFO - [2025-10-17T07:23:52.803+0000] {dagbag.py:536} INFO - Filling up the DagBag from /home/airflow/.local/lib/python3.8/site-packages/airflow/example_dags/example_params_trigger_ui.py
[2025-10-17T07:23:52.820+0000] {processor.py:839} INFO - DAG(s) dict_keys(['example_params_trigger_ui']) retrieved from /home/airflow/.local/lib/python3.8/site-packages/airflow/example_dags/example_params_trigger_ui.py
[2025-10-17T07:23:52.875+0000] {logging_mixin.py:154} INFO - [2025-10-17T07:23:52.874+0000] {dag.py:2941} INFO - Sync 1 DAGs
[2025-10-17T07:23:52.890+0000] {logging_mixin.py:154} INFO - [2025-10-17T07:23:52.890+0000] {dag.py:3722} INFO - Setting next_dagrun for example_params_trigger_ui to None, run_after=None
[2025-10-17T07:23:52.912+0000] {processor.py:179} INFO - Processing /home/airflow/.local/lib/python3.8/site-packages/airflow/example_dags/example_params_trigger_ui.py took 0.115 seconds
[2025-10-17T07:24:24.021+0000] {processor.py:157} INFO - Started process (PID=1085) to work on /home/airflow/.local/lib/python3.8/site-packages/airflow/example_dags/example_params_trigger_ui.py
[2025-10-17T07:24:24.022+0000] {processor.py:829} INFO - Processing file /home/airflow/.local/lib/python3.8/site-packages/airflow/example_dags/example_params_trigger_ui.py for tasks to queue
[2025-10-17T07:24:24.024+0000] {logging_mixin.py:154} INFO - [2025-10-17T07:24:24.023+0000] {dagbag.py:536} INFO - Filling up the DagBag from /home/airflow/.local/lib/python3.8/site-packages/airflow/example_dags/example_params_trigger_ui.py
[2025-10-17T07:24:24.039+0000] {processor.py:839} INFO - DAG(s) dict_keys(['example_params_trigger_ui']) retrieved from /home/airflow/.local/lib/python3.8/site-packages/airflow/example_dags/example_params_trigger_ui.py
[2025-10-17T07:24:24.084+0000] {logging_mixin.py:154} INFO - [2025-10-17T07:24:24.084+0000] {dag.py:2941} INFO - Sync 1 DAGs
[2025-10-17T07:24:24.095+0000] {logging_mixin.py:154} INFO - [2025-10-17T07:24:24.095+0000] {dag.py:3722} INFO - Setting next_dagrun for example_params_trigger_ui to None, run_after=None
[2025-10-17T07:24:24.113+0000] {processor.py:179} INFO - Processing /home/airflow/.local/lib/python3.8/site-packages/airflow/example_dags/example_params_trigger_ui.py took 0.095 seconds
[2025-10-17T07:24:55.017+0000] {processor.py:157} INFO - Started process (PID=1154) to work on /home/airflow/.local/lib/python3.8/site-packages/airflow/example_dags/example_params_trigger_ui.py
[2025-10-17T07:24:55.018+0000] {processor.py:829} INFO - Processing file /home/airflow/.local/lib/python3.8/site-packages/airflow/example_dags/example_params_trigger_ui.py for tasks to queue
[2025-10-17T07:24:55.020+0000] {logging_mixin.py:154} INFO - [2025-10-17T07:24:55.020+0000] {dagbag.py:536} INFO - Filling up the DagBag from /home/airflow/.local/lib/python3.8/site-packages/airflow/example_dags/example_params_trigger_ui.py
[2025-10-17T07:24:55.035+0000] {processor.py:839} INFO - DAG(s) dict_keys(['example_params_trigger_ui']) retrieved from /home/airflow/.local/lib/python3.8/site-packages/airflow/example_dags/example_params_trigger_ui.py
[2025-10-17T07:24:55.076+0000] {logging_mixin.py:154} INFO - [2025-10-17T07:24:55.076+0000] {dag.py:2941} INFO - Sync 1 DAGs
[2025-10-17T07:24:55.087+0000] {logging_mixin.py:154} INFO - [2025-10-17T07:24:55.086+0000] {dag.py:3722} INFO - Setting next_dagrun for example_params_trigger_ui to None, run_after=None
[2025-10-17T07:24:55.245+0000] {processor.py:179} INFO - Processing /home/airflow/.local/lib/python3.8/site-packages/airflow/example_dags/example_params_trigger_ui.py took 0.231 seconds
[2025-10-17T07:25:25.908+0000] {processor.py:157} INFO - Started process (PID=1210) to work on /home/airflow/.local/lib/python3.8/site-packages/airflow/example_dags/example_params_trigger_ui.py
[2025-10-17T07:25:25.909+0000] {processor.py:829} INFO - Processing file /home/airflow/.local/lib/python3.8/site-packages/airflow/example_dags/example_params_trigger_ui.py for tasks to queue
[2025-10-17T07:25:25.911+0000] {logging_mixin.py:154} INFO - [2025-10-17T07:25:25.911+0000] {dagbag.py:536} INFO - Filling up the DagBag from /home/airflow/.local/lib/python3.8/site-packages/airflow/example_dags/example_params_trigger_ui.py
[2025-10-17T07:25:25.926+0000] {processor.py:839} INFO - DAG(s) dict_keys(['example_params_trigger_ui']) retrieved from /home/airflow/.local/lib/python3.8/site-packages/airflow/example_dags/example_params_trigger_ui.py
[2025-10-17T07:25:25.965+0000] {logging_mixin.py:154} INFO - [2025-10-17T07:25:25.965+0000] {dag.py:2941} INFO - Sync 1 DAGs
[2025-10-17T07:25:25.975+0000] {logging_mixin.py:154} INFO - [2025-10-17T07:25:25.975+0000] {dag.py:3722} INFO - Setting next_dagrun for example_params_trigger_ui to None, run_after=None
[2025-10-17T07:25:25.992+0000] {processor.py:179} INFO - Processing /home/airflow/.local/lib/python3.8/site-packages/airflow/example_dags/example_params_trigger_ui.py took 0.087 seconds
[2025-10-17T07:25:56.560+0000] {processor.py:157} INFO - Started process (PID=1266) to work on /home/airflow/.local/lib/python3.8/site-packages/airflow/example_dags/example_params_trigger_ui.py
[2025-10-17T07:25:56.561+0000] {processor.py:829} INFO - Processing file /home/airflow/.local/lib/python3.8/site-packages/airflow/example_dags/example_params_trigger_ui.py for tasks to queue
[2025-10-17T07:25:56.563+0000] {logging_mixin.py:154} INFO - [2025-10-17T07:25:56.563+0000] {dagbag.py:536} INFO - Filling up the DagBag from /home/airflow/.local/lib/python3.8/site-packages/airflow/example_dags/example_params_trigger_ui.py
[2025-10-17T07:25:56.713+0000] {processor.py:839} INFO - DAG(s) dict_keys(['example_params_trigger_ui']) retrieved from /home/airflow/.local/lib/python3.8/site-packages/airflow/example_dags/example_params_trigger_ui.py
[2025-10-17T07:25:56.759+0000] {logging_mixin.py:154} INFO - [2025-10-17T07:25:56.759+0000] {dag.py:2941} INFO - Sync 1 DAGs
[2025-10-17T07:25:56.770+0000] {logging_mixin.py:154} INFO - [2025-10-17T07:25:56.770+0000] {dag.py:3722} INFO - Setting next_dagrun for example_params_trigger_ui to None, run_after=None
[2025-10-17T07:25:56.794+0000] {processor.py:179} INFO - Processing /home/airflow/.local/lib/python3.8/site-packages/airflow/example_dags/example_params_trigger_ui.py took 0.239 seconds
[2025-10-17T07:26:27.520+0000] {processor.py:157} INFO - Started process (PID=1324) to work on /home/airflow/.local/lib/python3.8/site-packages/airflow/example_dags/example_params_trigger_ui.py
[2025-10-17T07:26:27.521+0000] {processor.py:829} INFO - Processing file /home/airflow/.local/lib/python3.8/site-packages/airflow/example_dags/example_params_trigger_ui.py for tasks to queue
[2025-10-17T07:26:27.523+0000] {logging_mixin.py:154} INFO - [2025-10-17T07:26:27.523+0000] {dagbag.py:536} INFO - Filling up the DagBag from /home/airflow/.local/lib/python3.8/site-packages/airflow/example_dags/example_params_trigger_ui.py
[2025-10-17T07:26:27.538+0000] {processor.py:839} INFO - DAG(s) dict_keys(['example_params_trigger_ui']) retrieved from /home/airflow/.local/lib/python3.8/site-packages/airflow/example_dags/example_params_trigger_ui.py
[2025-10-17T07:26:27.578+0000] {logging_mixin.py:154} INFO - [2025-10-17T07:26:27.577+0000] {dag.py:2941} INFO - Sync 1 DAGs
[2025-10-17T07:26:27.587+0000] {logging_mixin.py:154} INFO - [2025-10-17T07:26:27.587+0000] {dag.py:3722} INFO - Setting next_dagrun for example_params_trigger_ui to None, run_after=None
[2025-10-17T07:26:27.605+0000] {processor.py:179} INFO - Processing /home/airflow/.local/lib/python3.8/site-packages/airflow/example_dags/example_params_trigger_ui.py took 0.088 seconds
[2025-10-17T07:26:57.852+0000] {processor.py:157} INFO - Started process (PID=1379) to work on /home/airflow/.local/lib/python3.8/site-packages/airflow/example_dags/example_params_trigger_ui.py
[2025-10-17T07:26:57.854+0000] {processor.py:829} INFO - Processing file /home/airflow/.local/lib/python3.8/site-packages/airflow/example_dags/example_params_trigger_ui.py for tasks to queue
[2025-10-17T07:26:57.856+0000] {logging_mixin.py:154} INFO - [2025-10-17T07:26:57.856+0000] {dagbag.py:536} INFO - Filling up the DagBag from /home/airflow/.local/lib/python3.8/site-packages/airflow/example_dags/example_params_trigger_ui.py
[2025-10-17T07:26:57.870+0000] {processor.py:839} INFO - DAG(s) dict_keys(['example_params_trigger_ui']) retrieved from /home/airflow/.local/lib/python3.8/site-packages/airflow/example_dags/example_params_trigger_ui.py
[2025-10-17T07:26:57.910+0000] {logging_mixin.py:154} INFO - [2025-10-17T07:26:57.909+0000] {dag.py:2941} INFO - Sync 1 DAGs
[2025-10-17T07:26:57.920+0000] {logging_mixin.py:154} INFO - [2025-10-17T07:26:57.920+0000] {dag.py:3722} INFO - Setting next_dagrun for example_params_trigger_ui to None, run_after=None
[2025-10-17T07:26:57.936+0000] {processor.py:179} INFO - Processing /home/airflow/.local/lib/python3.8/site-packages/airflow/example_dags/example_params_trigger_ui.py took 0.086 seconds
[2025-10-17T07:27:28.120+0000] {processor.py:157} INFO - Started process (PID=1434) to work on /home/airflow/.local/lib/python3.8/site-packages/airflow/example_dags/example_params_trigger_ui.py
[2025-10-17T07:27:28.121+0000] {processor.py:829} INFO - Processing file /home/airflow/.local/lib/python3.8/site-packages/airflow/example_dags/example_params_trigger_ui.py for tasks to queue
[2025-10-17T07:27:28.123+0000] {logging_mixin.py:154} INFO - [2025-10-17T07:27:28.122+0000] {dagbag.py:536} INFO - Filling up the DagBag from /home/airflow/.local/lib/python3.8/site-packages/airflow/example_dags/example_params_trigger_ui.py
[2025-10-17T07:27:28.138+0000] {processor.py:839} INFO - DAG(s) dict_keys(['example_params_trigger_ui']) retrieved from /home/airflow/.local/lib/python3.8/site-packages/airflow/example_dags/example_params_trigger_ui.py
[2025-10-17T07:27:28.178+0000] {logging_mixin.py:154} INFO - [2025-10-17T07:27:28.178+0000] {dag.py:2941} INFO - Sync 1 DAGs
[2025-10-17T07:27:28.188+0000] {logging_mixin.py:154} INFO - [2025-10-17T07:27:28.188+0000] {dag.py:3722} INFO - Setting next_dagrun for example_params_trigger_ui to None, run_after=None
[2025-10-17T07:27:28.204+0000] {processor.py:179} INFO - Processing /home/airflow/.local/lib/python3.8/site-packages/airflow/example_dags/example_params_trigger_ui.py took 0.088 seconds
[2025-10-17T07:27:58.246+0000] {processor.py:157} INFO - Started process (PID=1489) to work on /home/airflow/.local/lib/python3.8/site-packages/airflow/example_dags/example_params_trigger_ui.py
[2025-10-17T07:27:58.247+0000] {processor.py:829} INFO - Processing file /home/airflow/.local/lib/python3.8/site-packages/airflow/example_dags/example_params_trigger_ui.py for tasks to queue
[2025-10-17T07:27:58.248+0000] {logging_mixin.py:154} INFO - [2025-10-17T07:27:58.247+0000] {dagbag.py:536} INFO - Filling up the DagBag from /home/airflow/.local/lib/python3.8/site-packages/airflow/example_dags/example_params_trigger_ui.py
[2025-10-17T07:27:58.263+0000] {processor.py:839} INFO - DAG(s) dict_keys(['example_params_trigger_ui']) retrieved from /home/airflow/.local/lib/python3.8/site-packages/airflow/example_dags/example_params_trigger_ui.py
[2025-10-17T07:27:58.304+0000] {logging_mixin.py:154} INFO - [2025-10-17T07:27:58.304+0000] {dag.py:2941} INFO - Sync 1 DAGs
[2025-10-17T07:27:58.315+0000] {logging_mixin.py:154} INFO - [2025-10-17T07:27:58.315+0000] {dag.py:3722} INFO - Setting next_dagrun for example_params_trigger_ui to None, run_after=None
[2025-10-17T07:27:58.332+0000] {processor.py:179} INFO - Processing /home/airflow/.local/lib/python3.8/site-packages/airflow/example_dags/example_params_trigger_ui.py took 0.089 seconds
[2025-10-17T07:28:28.521+0000] {processor.py:157} INFO - Started process (PID=1547) to work on /home/airflow/.local/lib/python3.8/site-packages/airflow/example_dags/example_params_trigger_ui.py
[2025-10-17T07:28:28.522+0000] {processor.py:829} INFO - Processing file /home/airflow/.local/lib/python3.8/site-packages/airflow/example_dags/example_params_trigger_ui.py for tasks to queue
[2025-10-17T07:28:28.523+0000] {logging_mixin.py:154} INFO - [2025-10-17T07:28:28.522+0000] {dagbag.py:536} INFO - Filling up the DagBag from /home/airflow/.local/lib/python3.8/site-packages/airflow/example_dags/example_params_trigger_ui.py
[2025-10-17T07:28:28.537+0000] {processor.py:839} INFO - DAG(s) dict_keys(['example_params_trigger_ui']) retrieved from /home/airflow/.local/lib/python3.8/site-packages/airflow/example_dags/example_params_trigger_ui.py
[2025-10-17T07:28:28.576+0000] {logging_mixin.py:154} INFO - [2025-10-17T07:28:28.576+0000] {dag.py:2941} INFO - Sync 1 DAGs
[2025-10-17T07:28:28.586+0000] {logging_mixin.py:154} INFO - [2025-10-17T07:28:28.586+0000] {dag.py:3722} INFO - Setting next_dagrun for example_params_trigger_ui to None, run_after=None
[2025-10-17T07:28:28.601+0000] {processor.py:179} INFO - Processing /home/airflow/.local/lib/python3.8/site-packages/airflow/example_dags/example_params_trigger_ui.py took 0.083 seconds
[2025-10-17T07:28:58.889+0000] {processor.py:157} INFO - Started process (PID=1603) to work on /home/airflow/.local/lib/python3.8/site-packages/airflow/example_dags/example_params_trigger_ui.py
[2025-10-17T07:28:58.890+0000] {processor.py:829} INFO - Processing file /home/airflow/.local/lib/python3.8/site-packages/airflow/example_dags/example_params_trigger_ui.py for tasks to queue
[2025-10-17T07:28:58.890+0000] {logging_mixin.py:154} INFO - [2025-10-17T07:28:58.890+0000] {dagbag.py:536} INFO - Filling up the DagBag from /home/airflow/.local/lib/python3.8/site-packages/airflow/example_dags/example_params_trigger_ui.py
[2025-10-17T07:28:58.905+0000] {processor.py:839} INFO - DAG(s) dict_keys(['example_params_trigger_ui']) retrieved from /home/airflow/.local/lib/python3.8/site-packages/airflow/example_dags/example_params_trigger_ui.py
[2025-10-17T07:28:58.943+0000] {logging_mixin.py:154} INFO - [2025-10-17T07:28:58.943+0000] {dag.py:2941} INFO - Sync 1 DAGs
[2025-10-17T07:28:58.954+0000] {logging_mixin.py:154} INFO - [2025-10-17T07:28:58.953+0000] {dag.py:3722} INFO - Setting next_dagrun for example_params_trigger_ui to None, run_after=None
[2025-10-17T07:28:58.968+0000] {processor.py:179} INFO - Processing /home/airflow/.local/lib/python3.8/site-packages/airflow/example_dags/example_params_trigger_ui.py took 0.083 seconds
[2025-10-17T07:30:22.435+0000] {processor.py:157} INFO - Started process (PID=87) to work on /home/airflow/.local/lib/python3.8/site-packages/airflow/example_dags/example_params_trigger_ui.py
[2025-10-17T07:30:22.437+0000] {processor.py:829} INFO - Processing file /home/airflow/.local/lib/python3.8/site-packages/airflow/example_dags/example_params_trigger_ui.py for tasks to queue
[2025-10-17T07:30:22.442+0000] {logging_mixin.py:154} INFO - [2025-10-17T07:30:22.441+0000] {dagbag.py:536} INFO - Filling up the DagBag from /home/airflow/.local/lib/python3.8/site-packages/airflow/example_dags/example_params_trigger_ui.py
[2025-10-17T07:30:22.484+0000] {processor.py:839} INFO - DAG(s) dict_keys(['example_params_trigger_ui']) retrieved from /home/airflow/.local/lib/python3.8/site-packages/airflow/example_dags/example_params_trigger_ui.py
[2025-10-17T07:30:22.752+0000] {logging_mixin.py:154} INFO - [2025-10-17T07:30:22.751+0000] {manager.py:499} INFO - Created Permission View: %s
[2025-10-17T07:30:22.779+0000] {logging_mixin.py:154} INFO - [2025-10-17T07:30:22.779+0000] {manager.py:499} INFO - Created Permission View: %s
[2025-10-17T07:30:22.794+0000] {logging_mixin.py:154} INFO - [2025-10-17T07:30:22.794+0000] {manager.py:499} INFO - Created Permission View: %s
[2025-10-17T07:30:22.795+0000] {logging_mixin.py:154} INFO - [2025-10-17T07:30:22.795+0000] {dag.py:2941} INFO - Sync 1 DAGs
[2025-10-17T07:30:22.811+0000] {logging_mixin.py:154} INFO - [2025-10-17T07:30:22.810+0000] {dag.py:2963} INFO - Creating ORM DAG for example_params_trigger_ui
[2025-10-17T07:30:22.812+0000] {logging_mixin.py:154} INFO - [2025-10-17T07:30:22.812+0000] {dag.py:3722} INFO - Setting next_dagrun for example_params_trigger_ui to None, run_after=None
[2025-10-17T07:30:22.848+0000] {processor.py:179} INFO - Processing /home/airflow/.local/lib/python3.8/site-packages/airflow/example_dags/example_params_trigger_ui.py took 0.421 seconds
[2025-10-17T07:30:53.661+0000] {processor.py:157} INFO - Started process (PID=143) to work on /home/airflow/.local/lib/python3.8/site-packages/airflow/example_dags/example_params_trigger_ui.py
[2025-10-17T07:30:53.664+0000] {processor.py:829} INFO - Processing file /home/airflow/.local/lib/python3.8/site-packages/airflow/example_dags/example_params_trigger_ui.py for tasks to queue
[2025-10-17T07:30:53.666+0000] {logging_mixin.py:154} INFO - [2025-10-17T07:30:53.666+0000] {dagbag.py:536} INFO - Filling up the DagBag from /home/airflow/.local/lib/python3.8/site-packages/airflow/example_dags/example_params_trigger_ui.py
[2025-10-17T07:30:53.689+0000] {processor.py:839} INFO - DAG(s) dict_keys(['example_params_trigger_ui']) retrieved from /home/airflow/.local/lib/python3.8/site-packages/airflow/example_dags/example_params_trigger_ui.py
[2025-10-17T07:30:53.748+0000] {logging_mixin.py:154} INFO - [2025-10-17T07:30:53.747+0000] {dag.py:2941} INFO - Sync 1 DAGs
[2025-10-17T07:30:53.766+0000] {logging_mixin.py:154} INFO - [2025-10-17T07:30:53.766+0000] {dag.py:3722} INFO - Setting next_dagrun for example_params_trigger_ui to None, run_after=None
[2025-10-17T07:30:53.800+0000] {processor.py:179} INFO - Processing /home/airflow/.local/lib/python3.8/site-packages/airflow/example_dags/example_params_trigger_ui.py took 0.143 seconds
[2025-10-17T07:31:24.523+0000] {processor.py:157} INFO - Started process (PID=199) to work on /home/airflow/.local/lib/python3.8/site-packages/airflow/example_dags/example_params_trigger_ui.py
[2025-10-17T07:31:24.524+0000] {processor.py:829} INFO - Processing file /home/airflow/.local/lib/python3.8/site-packages/airflow/example_dags/example_params_trigger_ui.py for tasks to queue
[2025-10-17T07:31:24.527+0000] {logging_mixin.py:154} INFO - [2025-10-17T07:31:24.526+0000] {dagbag.py:536} INFO - Filling up the DagBag from /home/airflow/.local/lib/python3.8/site-packages/airflow/example_dags/example_params_trigger_ui.py
[2025-10-17T07:31:24.554+0000] {processor.py:839} INFO - DAG(s) dict_keys(['example_params_trigger_ui']) retrieved from /home/airflow/.local/lib/python3.8/site-packages/airflow/example_dags/example_params_trigger_ui.py
[2025-10-17T07:31:24.604+0000] {logging_mixin.py:154} INFO - [2025-10-17T07:31:24.603+0000] {dag.py:2941} INFO - Sync 1 DAGs
[2025-10-17T07:31:24.616+0000] {logging_mixin.py:154} INFO - [2025-10-17T07:31:24.616+0000] {dag.py:3722} INFO - Setting next_dagrun for example_params_trigger_ui to None, run_after=None
[2025-10-17T07:31:24.640+0000] {processor.py:179} INFO - Processing /home/airflow/.local/lib/python3.8/site-packages/airflow/example_dags/example_params_trigger_ui.py took 0.121 seconds
[2025-10-17T07:31:54.885+0000] {processor.py:157} INFO - Started process (PID=255) to work on /home/airflow/.local/lib/python3.8/site-packages/airflow/example_dags/example_params_trigger_ui.py
[2025-10-17T07:31:54.886+0000] {processor.py:829} INFO - Processing file /home/airflow/.local/lib/python3.8/site-packages/airflow/example_dags/example_params_trigger_ui.py for tasks to queue
[2025-10-17T07:31:54.888+0000] {logging_mixin.py:154} INFO - [2025-10-17T07:31:54.888+0000] {dagbag.py:536} INFO - Filling up the DagBag from /home/airflow/.local/lib/python3.8/site-packages/airflow/example_dags/example_params_trigger_ui.py
[2025-10-17T07:31:54.906+0000] {processor.py:839} INFO - DAG(s) dict_keys(['example_params_trigger_ui']) retrieved from /home/airflow/.local/lib/python3.8/site-packages/airflow/example_dags/example_params_trigger_ui.py
[2025-10-17T07:31:54.950+0000] {logging_mixin.py:154} INFO - [2025-10-17T07:31:54.950+0000] {dag.py:2941} INFO - Sync 1 DAGs
[2025-10-17T07:31:54.963+0000] {logging_mixin.py:154} INFO - [2025-10-17T07:31:54.963+0000] {dag.py:3722} INFO - Setting next_dagrun for example_params_trigger_ui to None, run_after=None
[2025-10-17T07:31:54.984+0000] {processor.py:179} INFO - Processing /home/airflow/.local/lib/python3.8/site-packages/airflow/example_dags/example_params_trigger_ui.py took 0.103 seconds
[2025-10-17T07:32:25.882+0000] {processor.py:157} INFO - Started process (PID=313) to work on /home/airflow/.local/lib/python3.8/site-packages/airflow/example_dags/example_params_trigger_ui.py
[2025-10-17T07:32:25.883+0000] {processor.py:829} INFO - Processing file /home/airflow/.local/lib/python3.8/site-packages/airflow/example_dags/example_params_trigger_ui.py for tasks to queue
[2025-10-17T07:32:25.886+0000] {logging_mixin.py:154} INFO - [2025-10-17T07:32:25.885+0000] {dagbag.py:536} INFO - Filling up the DagBag from /home/airflow/.local/lib/python3.8/site-packages/airflow/example_dags/example_params_trigger_ui.py
[2025-10-17T07:32:25.900+0000] {processor.py:839} INFO - DAG(s) dict_keys(['example_params_trigger_ui']) retrieved from /home/airflow/.local/lib/python3.8/site-packages/airflow/example_dags/example_params_trigger_ui.py
[2025-10-17T07:32:25.946+0000] {logging_mixin.py:154} INFO - [2025-10-17T07:32:25.945+0000] {dag.py:2941} INFO - Sync 1 DAGs
[2025-10-17T07:32:25.959+0000] {logging_mixin.py:154} INFO - [2025-10-17T07:32:25.959+0000] {dag.py:3722} INFO - Setting next_dagrun for example_params_trigger_ui to None, run_after=None
[2025-10-17T07:32:25.984+0000] {processor.py:179} INFO - Processing /home/airflow/.local/lib/python3.8/site-packages/airflow/example_dags/example_params_trigger_ui.py took 0.106 seconds
[2025-10-17T07:35:44.638+0000] {processor.py:157} INFO - Started process (PID=83) to work on /home/airflow/.local/lib/python3.8/site-packages/airflow/example_dags/example_params_trigger_ui.py
[2025-10-17T07:35:44.640+0000] {processor.py:829} INFO - Processing file /home/airflow/.local/lib/python3.8/site-packages/airflow/example_dags/example_params_trigger_ui.py for tasks to queue
[2025-10-17T07:35:44.643+0000] {logging_mixin.py:154} INFO - [2025-10-17T07:35:44.643+0000] {dagbag.py:536} INFO - Filling up the DagBag from /home/airflow/.local/lib/python3.8/site-packages/airflow/example_dags/example_params_trigger_ui.py
[2025-10-17T07:35:44.664+0000] {processor.py:839} INFO - DAG(s) dict_keys(['example_params_trigger_ui']) retrieved from /home/airflow/.local/lib/python3.8/site-packages/airflow/example_dags/example_params_trigger_ui.py
[2025-10-17T07:35:44.817+0000] {logging_mixin.py:154} INFO - [2025-10-17T07:35:44.817+0000] {manager.py:499} INFO - Created Permission View: %s
[2025-10-17T07:35:44.831+0000] {logging_mixin.py:154} INFO - [2025-10-17T07:35:44.830+0000] {manager.py:499} INFO - Created Permission View: %s
[2025-10-17T07:35:44.837+0000] {logging_mixin.py:154} INFO - [2025-10-17T07:35:44.837+0000] {manager.py:499} INFO - Created Permission View: %s
[2025-10-17T07:35:44.838+0000] {logging_mixin.py:154} INFO - [2025-10-17T07:35:44.838+0000] {dag.py:2941} INFO - Sync 1 DAGs
[2025-10-17T07:35:44.850+0000] {logging_mixin.py:154} INFO - [2025-10-17T07:35:44.850+0000] {dag.py:2963} INFO - Creating ORM DAG for example_params_trigger_ui
[2025-10-17T07:35:44.851+0000] {logging_mixin.py:154} INFO - [2025-10-17T07:35:44.851+0000] {dag.py:3722} INFO - Setting next_dagrun for example_params_trigger_ui to None, run_after=None
[2025-10-17T07:35:44.871+0000] {processor.py:179} INFO - Processing /home/airflow/.local/lib/python3.8/site-packages/airflow/example_dags/example_params_trigger_ui.py took 0.239 seconds
[2025-10-17T07:36:15.355+0000] {processor.py:157} INFO - Started process (PID=139) to work on /home/airflow/.local/lib/python3.8/site-packages/airflow/example_dags/example_params_trigger_ui.py
[2025-10-17T07:36:15.356+0000] {processor.py:829} INFO - Processing file /home/airflow/.local/lib/python3.8/site-packages/airflow/example_dags/example_params_trigger_ui.py for tasks to queue
[2025-10-17T07:36:15.358+0000] {logging_mixin.py:154} INFO - [2025-10-17T07:36:15.358+0000] {dagbag.py:536} INFO - Filling up the DagBag from /home/airflow/.local/lib/python3.8/site-packages/airflow/example_dags/example_params_trigger_ui.py
[2025-10-17T07:36:15.373+0000] {processor.py:839} INFO - DAG(s) dict_keys(['example_params_trigger_ui']) retrieved from /home/airflow/.local/lib/python3.8/site-packages/airflow/example_dags/example_params_trigger_ui.py
[2025-10-17T07:36:15.415+0000] {logging_mixin.py:154} INFO - [2025-10-17T07:36:15.415+0000] {dag.py:2941} INFO - Sync 1 DAGs
[2025-10-17T07:36:15.428+0000] {logging_mixin.py:154} INFO - [2025-10-17T07:36:15.427+0000] {dag.py:3722} INFO - Setting next_dagrun for example_params_trigger_ui to None, run_after=None
[2025-10-17T07:36:15.444+0000] {processor.py:179} INFO - Processing /home/airflow/.local/lib/python3.8/site-packages/airflow/example_dags/example_params_trigger_ui.py took 0.092 seconds
[2025-10-17T07:36:45.865+0000] {processor.py:157} INFO - Started process (PID=195) to work on /home/airflow/.local/lib/python3.8/site-packages/airflow/example_dags/example_params_trigger_ui.py
[2025-10-17T07:36:45.866+0000] {processor.py:829} INFO - Processing file /home/airflow/.local/lib/python3.8/site-packages/airflow/example_dags/example_params_trigger_ui.py for tasks to queue
[2025-10-17T07:36:45.868+0000] {logging_mixin.py:154} INFO - [2025-10-17T07:36:45.868+0000] {dagbag.py:536} INFO - Filling up the DagBag from /home/airflow/.local/lib/python3.8/site-packages/airflow/example_dags/example_params_trigger_ui.py
[2025-10-17T07:36:45.888+0000] {processor.py:839} INFO - DAG(s) dict_keys(['example_params_trigger_ui']) retrieved from /home/airflow/.local/lib/python3.8/site-packages/airflow/example_dags/example_params_trigger_ui.py
[2025-10-17T07:36:45.930+0000] {logging_mixin.py:154} INFO - [2025-10-17T07:36:45.930+0000] {dag.py:2941} INFO - Sync 1 DAGs
[2025-10-17T07:36:45.942+0000] {logging_mixin.py:154} INFO - [2025-10-17T07:36:45.941+0000] {dag.py:3722} INFO - Setting next_dagrun for example_params_trigger_ui to None, run_after=None
[2025-10-17T07:36:45.960+0000] {processor.py:179} INFO - Processing /home/airflow/.local/lib/python3.8/site-packages/airflow/example_dags/example_params_trigger_ui.py took 0.098 seconds
[2025-10-17T07:37:16.282+0000] {processor.py:157} INFO - Started process (PID=251) to work on /home/airflow/.local/lib/python3.8/site-packages/airflow/example_dags/example_params_trigger_ui.py
[2025-10-17T07:37:16.284+0000] {processor.py:829} INFO - Processing file /home/airflow/.local/lib/python3.8/site-packages/airflow/example_dags/example_params_trigger_ui.py for tasks to queue
[2025-10-17T07:37:16.286+0000] {logging_mixin.py:154} INFO - [2025-10-17T07:37:16.286+0000] {dagbag.py:536} INFO - Filling up the DagBag from /home/airflow/.local/lib/python3.8/site-packages/airflow/example_dags/example_params_trigger_ui.py
[2025-10-17T07:37:16.301+0000] {processor.py:839} INFO - DAG(s) dict_keys(['example_params_trigger_ui']) retrieved from /home/airflow/.local/lib/python3.8/site-packages/airflow/example_dags/example_params_trigger_ui.py
[2025-10-17T07:37:16.342+0000] {logging_mixin.py:154} INFO - [2025-10-17T07:37:16.342+0000] {dag.py:2941} INFO - Sync 1 DAGs
[2025-10-17T07:37:16.353+0000] {logging_mixin.py:154} INFO - [2025-10-17T07:37:16.353+0000] {dag.py:3722} INFO - Setting next_dagrun for example_params_trigger_ui to None, run_after=None
[2025-10-17T07:37:16.370+0000] {processor.py:179} INFO - Processing /home/airflow/.local/lib/python3.8/site-packages/airflow/example_dags/example_params_trigger_ui.py took 0.091 seconds
[2025-10-17T07:38:45.784+0000] {processor.py:157} INFO - Started process (PID=84) to work on /home/airflow/.local/lib/python3.8/site-packages/airflow/example_dags/example_params_trigger_ui.py
[2025-10-17T07:38:45.785+0000] {processor.py:829} INFO - Processing file /home/airflow/.local/lib/python3.8/site-packages/airflow/example_dags/example_params_trigger_ui.py for tasks to queue
[2025-10-17T07:38:45.787+0000] {logging_mixin.py:154} INFO - [2025-10-17T07:38:45.787+0000] {dagbag.py:536} INFO - Filling up the DagBag from /home/airflow/.local/lib/python3.8/site-packages/airflow/example_dags/example_params_trigger_ui.py
[2025-10-17T07:38:45.819+0000] {processor.py:839} INFO - DAG(s) dict_keys(['example_params_trigger_ui']) retrieved from /home/airflow/.local/lib/python3.8/site-packages/airflow/example_dags/example_params_trigger_ui.py
[2025-10-17T07:38:45.992+0000] {logging_mixin.py:154} INFO - [2025-10-17T07:38:45.992+0000] {manager.py:499} INFO - Created Permission View: %s
[2025-10-17T07:38:46.005+0000] {logging_mixin.py:154} INFO - [2025-10-17T07:38:46.005+0000] {manager.py:499} INFO - Created Permission View: %s
[2025-10-17T07:38:46.013+0000] {logging_mixin.py:154} INFO - [2025-10-17T07:38:46.013+0000] {manager.py:499} INFO - Created Permission View: %s
[2025-10-17T07:38:46.014+0000] {logging_mixin.py:154} INFO - [2025-10-17T07:38:46.014+0000] {dag.py:2941} INFO - Sync 1 DAGs
[2025-10-17T07:38:46.025+0000] {logging_mixin.py:154} INFO - [2025-10-17T07:38:46.025+0000] {dag.py:2963} INFO - Creating ORM DAG for example_params_trigger_ui
[2025-10-17T07:38:46.026+0000] {logging_mixin.py:154} INFO - [2025-10-17T07:38:46.026+0000] {dag.py:3722} INFO - Setting next_dagrun for example_params_trigger_ui to None, run_after=None
[2025-10-17T07:38:46.048+0000] {processor.py:179} INFO - Processing /home/airflow/.local/lib/python3.8/site-packages/airflow/example_dags/example_params_trigger_ui.py took 0.268 seconds
[2025-10-17T07:39:16.769+0000] {processor.py:157} INFO - Started process (PID=140) to work on /home/airflow/.local/lib/python3.8/site-packages/airflow/example_dags/example_params_trigger_ui.py
[2025-10-17T07:39:16.771+0000] {processor.py:829} INFO - Processing file /home/airflow/.local/lib/python3.8/site-packages/airflow/example_dags/example_params_trigger_ui.py for tasks to queue
[2025-10-17T07:39:16.773+0000] {logging_mixin.py:154} INFO - [2025-10-17T07:39:16.773+0000] {dagbag.py:536} INFO - Filling up the DagBag from /home/airflow/.local/lib/python3.8/site-packages/airflow/example_dags/example_params_trigger_ui.py
[2025-10-17T07:39:16.789+0000] {processor.py:839} INFO - DAG(s) dict_keys(['example_params_trigger_ui']) retrieved from /home/airflow/.local/lib/python3.8/site-packages/airflow/example_dags/example_params_trigger_ui.py
[2025-10-17T07:39:16.838+0000] {logging_mixin.py:154} INFO - [2025-10-17T07:39:16.838+0000] {dag.py:2941} INFO - Sync 1 DAGs
[2025-10-17T07:39:16.855+0000] {logging_mixin.py:154} INFO - [2025-10-17T07:39:16.854+0000] {dag.py:3722} INFO - Setting next_dagrun for example_params_trigger_ui to None, run_after=None
[2025-10-17T07:39:16.875+0000] {processor.py:179} INFO - Processing /home/airflow/.local/lib/python3.8/site-packages/airflow/example_dags/example_params_trigger_ui.py took 0.111 seconds
[2025-10-17T07:39:46.986+0000] {processor.py:157} INFO - Started process (PID=196) to work on /home/airflow/.local/lib/python3.8/site-packages/airflow/example_dags/example_params_trigger_ui.py
[2025-10-17T07:39:46.987+0000] {processor.py:829} INFO - Processing file /home/airflow/.local/lib/python3.8/site-packages/airflow/example_dags/example_params_trigger_ui.py for tasks to queue
[2025-10-17T07:39:46.991+0000] {logging_mixin.py:154} INFO - [2025-10-17T07:39:46.990+0000] {dagbag.py:536} INFO - Filling up the DagBag from /home/airflow/.local/lib/python3.8/site-packages/airflow/example_dags/example_params_trigger_ui.py
[2025-10-17T07:39:47.012+0000] {processor.py:839} INFO - DAG(s) dict_keys(['example_params_trigger_ui']) retrieved from /home/airflow/.local/lib/python3.8/site-packages/airflow/example_dags/example_params_trigger_ui.py
[2025-10-17T07:39:47.070+0000] {logging_mixin.py:154} INFO - [2025-10-17T07:39:47.070+0000] {dag.py:2941} INFO - Sync 1 DAGs
[2025-10-17T07:39:47.086+0000] {logging_mixin.py:154} INFO - [2025-10-17T07:39:47.085+0000] {dag.py:3722} INFO - Setting next_dagrun for example_params_trigger_ui to None, run_after=None
[2025-10-17T07:39:47.110+0000] {processor.py:179} INFO - Processing /home/airflow/.local/lib/python3.8/site-packages/airflow/example_dags/example_params_trigger_ui.py took 0.129 seconds
[2025-10-17T07:40:17.330+0000] {processor.py:157} INFO - Started process (PID=252) to work on /home/airflow/.local/lib/python3.8/site-packages/airflow/example_dags/example_params_trigger_ui.py
[2025-10-17T07:40:17.331+0000] {processor.py:829} INFO - Processing file /home/airflow/.local/lib/python3.8/site-packages/airflow/example_dags/example_params_trigger_ui.py for tasks to queue
[2025-10-17T07:40:17.333+0000] {logging_mixin.py:154} INFO - [2025-10-17T07:40:17.333+0000] {dagbag.py:536} INFO - Filling up the DagBag from /home/airflow/.local/lib/python3.8/site-packages/airflow/example_dags/example_params_trigger_ui.py
[2025-10-17T07:40:17.348+0000] {processor.py:839} INFO - DAG(s) dict_keys(['example_params_trigger_ui']) retrieved from /home/airflow/.local/lib/python3.8/site-packages/airflow/example_dags/example_params_trigger_ui.py
[2025-10-17T07:40:17.391+0000] {logging_mixin.py:154} INFO - [2025-10-17T07:40:17.391+0000] {dag.py:2941} INFO - Sync 1 DAGs
[2025-10-17T07:40:17.402+0000] {logging_mixin.py:154} INFO - [2025-10-17T07:40:17.402+0000] {dag.py:3722} INFO - Setting next_dagrun for example_params_trigger_ui to None, run_after=None
[2025-10-17T07:40:17.419+0000] {processor.py:179} INFO - Processing /home/airflow/.local/lib/python3.8/site-packages/airflow/example_dags/example_params_trigger_ui.py took 0.092 seconds
[2025-10-17T07:40:47.857+0000] {processor.py:157} INFO - Started process (PID=308) to work on /home/airflow/.local/lib/python3.8/site-packages/airflow/example_dags/example_params_trigger_ui.py
[2025-10-17T07:40:47.858+0000] {processor.py:829} INFO - Processing file /home/airflow/.local/lib/python3.8/site-packages/airflow/example_dags/example_params_trigger_ui.py for tasks to queue
[2025-10-17T07:40:47.860+0000] {logging_mixin.py:154} INFO - [2025-10-17T07:40:47.860+0000] {dagbag.py:536} INFO - Filling up the DagBag from /home/airflow/.local/lib/python3.8/site-packages/airflow/example_dags/example_params_trigger_ui.py
[2025-10-17T07:40:47.875+0000] {processor.py:839} INFO - DAG(s) dict_keys(['example_params_trigger_ui']) retrieved from /home/airflow/.local/lib/python3.8/site-packages/airflow/example_dags/example_params_trigger_ui.py
[2025-10-17T07:40:47.918+0000] {logging_mixin.py:154} INFO - [2025-10-17T07:40:47.918+0000] {dag.py:2941} INFO - Sync 1 DAGs
[2025-10-17T07:40:47.930+0000] {logging_mixin.py:154} INFO - [2025-10-17T07:40:47.930+0000] {dag.py:3722} INFO - Setting next_dagrun for example_params_trigger_ui to None, run_after=None
[2025-10-17T07:40:47.948+0000] {processor.py:179} INFO - Processing /home/airflow/.local/lib/python3.8/site-packages/airflow/example_dags/example_params_trigger_ui.py took 0.094 seconds
[2025-10-17T07:41:18.597+0000] {processor.py:157} INFO - Started process (PID=364) to work on /home/airflow/.local/lib/python3.8/site-packages/airflow/example_dags/example_params_trigger_ui.py
[2025-10-17T07:41:18.599+0000] {processor.py:829} INFO - Processing file /home/airflow/.local/lib/python3.8/site-packages/airflow/example_dags/example_params_trigger_ui.py for tasks to queue
[2025-10-17T07:41:18.601+0000] {logging_mixin.py:154} INFO - [2025-10-17T07:41:18.601+0000] {dagbag.py:536} INFO - Filling up the DagBag from /home/airflow/.local/lib/python3.8/site-packages/airflow/example_dags/example_params_trigger_ui.py
[2025-10-17T07:41:18.618+0000] {processor.py:839} INFO - DAG(s) dict_keys(['example_params_trigger_ui']) retrieved from /home/airflow/.local/lib/python3.8/site-packages/airflow/example_dags/example_params_trigger_ui.py
[2025-10-17T07:41:18.668+0000] {logging_mixin.py:154} INFO - [2025-10-17T07:41:18.668+0000] {dag.py:2941} INFO - Sync 1 DAGs
[2025-10-17T07:41:18.683+0000] {logging_mixin.py:154} INFO - [2025-10-17T07:41:18.683+0000] {dag.py:3722} INFO - Setting next_dagrun for example_params_trigger_ui to None, run_after=None
[2025-10-17T07:41:18.714+0000] {processor.py:179} INFO - Processing /home/airflow/.local/lib/python3.8/site-packages/airflow/example_dags/example_params_trigger_ui.py took 0.121 seconds
[2025-10-17T07:42:29.091+0000] {processor.py:157} INFO - Started process (PID=83) to work on /home/airflow/.local/lib/python3.8/site-packages/airflow/example_dags/example_params_trigger_ui.py
[2025-10-17T07:42:29.092+0000] {processor.py:829} INFO - Processing file /home/airflow/.local/lib/python3.8/site-packages/airflow/example_dags/example_params_trigger_ui.py for tasks to queue
[2025-10-17T07:42:29.095+0000] {logging_mixin.py:154} INFO - [2025-10-17T07:42:29.095+0000] {dagbag.py:536} INFO - Filling up the DagBag from /home/airflow/.local/lib/python3.8/site-packages/airflow/example_dags/example_params_trigger_ui.py
[2025-10-17T07:42:29.117+0000] {processor.py:839} INFO - DAG(s) dict_keys(['example_params_trigger_ui']) retrieved from /home/airflow/.local/lib/python3.8/site-packages/airflow/example_dags/example_params_trigger_ui.py
[2025-10-17T07:42:29.263+0000] {logging_mixin.py:154} INFO - [2025-10-17T07:42:29.263+0000] {manager.py:499} INFO - Created Permission View: %s
[2025-10-17T07:42:29.276+0000] {logging_mixin.py:154} INFO - [2025-10-17T07:42:29.275+0000] {manager.py:499} INFO - Created Permission View: %s
[2025-10-17T07:42:29.284+0000] {logging_mixin.py:154} INFO - [2025-10-17T07:42:29.284+0000] {manager.py:499} INFO - Created Permission View: %s
[2025-10-17T07:42:29.284+0000] {logging_mixin.py:154} INFO - [2025-10-17T07:42:29.284+0000] {dag.py:2941} INFO - Sync 1 DAGs
[2025-10-17T07:42:29.297+0000] {logging_mixin.py:154} INFO - [2025-10-17T07:42:29.297+0000] {dag.py:2963} INFO - Creating ORM DAG for example_params_trigger_ui
[2025-10-17T07:42:29.297+0000] {logging_mixin.py:154} INFO - [2025-10-17T07:42:29.297+0000] {dag.py:3722} INFO - Setting next_dagrun for example_params_trigger_ui to None, run_after=None
[2025-10-17T07:42:29.319+0000] {processor.py:179} INFO - Processing /home/airflow/.local/lib/python3.8/site-packages/airflow/example_dags/example_params_trigger_ui.py took 0.232 seconds
[2025-10-17T07:42:59.340+0000] {processor.py:157} INFO - Started process (PID=139) to work on /home/airflow/.local/lib/python3.8/site-packages/airflow/example_dags/example_params_trigger_ui.py
[2025-10-17T07:42:59.342+0000] {processor.py:829} INFO - Processing file /home/airflow/.local/lib/python3.8/site-packages/airflow/example_dags/example_params_trigger_ui.py for tasks to queue
[2025-10-17T07:42:59.344+0000] {logging_mixin.py:154} INFO - [2025-10-17T07:42:59.344+0000] {dagbag.py:536} INFO - Filling up the DagBag from /home/airflow/.local/lib/python3.8/site-packages/airflow/example_dags/example_params_trigger_ui.py
[2025-10-17T07:42:59.364+0000] {processor.py:839} INFO - DAG(s) dict_keys(['example_params_trigger_ui']) retrieved from /home/airflow/.local/lib/python3.8/site-packages/airflow/example_dags/example_params_trigger_ui.py
[2025-10-17T07:42:59.416+0000] {logging_mixin.py:154} INFO - [2025-10-17T07:42:59.416+0000] {dag.py:2941} INFO - Sync 1 DAGs
[2025-10-17T07:42:59.431+0000] {logging_mixin.py:154} INFO - [2025-10-17T07:42:59.430+0000] {dag.py:3722} INFO - Setting next_dagrun for example_params_trigger_ui to None, run_after=None
[2025-10-17T07:42:59.450+0000] {processor.py:179} INFO - Processing /home/airflow/.local/lib/python3.8/site-packages/airflow/example_dags/example_params_trigger_ui.py took 0.113 seconds
[2025-10-17T07:44:26.112+0000] {processor.py:157} INFO - Started process (PID=76) to work on /home/airflow/.local/lib/python3.8/site-packages/airflow/example_dags/example_params_trigger_ui.py
[2025-10-17T07:44:26.113+0000] {processor.py:829} INFO - Processing file /home/airflow/.local/lib/python3.8/site-packages/airflow/example_dags/example_params_trigger_ui.py for tasks to queue
[2025-10-17T07:44:26.117+0000] {logging_mixin.py:154} INFO - [2025-10-17T07:44:26.116+0000] {dagbag.py:536} INFO - Filling up the DagBag from /home/airflow/.local/lib/python3.8/site-packages/airflow/example_dags/example_params_trigger_ui.py
[2025-10-17T07:44:26.140+0000] {processor.py:839} INFO - DAG(s) dict_keys(['example_params_trigger_ui']) retrieved from /home/airflow/.local/lib/python3.8/site-packages/airflow/example_dags/example_params_trigger_ui.py
[2025-10-17T07:44:26.269+0000] {logging_mixin.py:154} INFO - [2025-10-17T07:44:26.269+0000] {manager.py:499} INFO - Created Permission View: %s
[2025-10-17T07:44:26.281+0000] {logging_mixin.py:154} INFO - [2025-10-17T07:44:26.281+0000] {manager.py:499} INFO - Created Permission View: %s
[2025-10-17T07:44:26.288+0000] {logging_mixin.py:154} INFO - [2025-10-17T07:44:26.288+0000] {manager.py:499} INFO - Created Permission View: %s
[2025-10-17T07:44:26.289+0000] {logging_mixin.py:154} INFO - [2025-10-17T07:44:26.289+0000] {dag.py:2941} INFO - Sync 1 DAGs
[2025-10-17T07:44:26.304+0000] {logging_mixin.py:154} INFO - [2025-10-17T07:44:26.303+0000] {dag.py:2963} INFO - Creating ORM DAG for example_params_trigger_ui
[2025-10-17T07:44:26.304+0000] {logging_mixin.py:154} INFO - [2025-10-17T07:44:26.304+0000] {dag.py:3722} INFO - Setting next_dagrun for example_params_trigger_ui to None, run_after=None
[2025-10-17T07:44:26.343+0000] {processor.py:179} INFO - Processing /home/airflow/.local/lib/python3.8/site-packages/airflow/example_dags/example_params_trigger_ui.py took 0.234 seconds
[2025-10-17T07:44:36.404+0000] {processor.py:157} INFO - Started process (PID=68) to work on /home/airflow/.local/lib/python3.8/site-packages/airflow/example_dags/example_params_trigger_ui.py
[2025-10-17T07:44:36.405+0000] {processor.py:829} INFO - Processing file /home/airflow/.local/lib/python3.8/site-packages/airflow/example_dags/example_params_trigger_ui.py for tasks to queue
[2025-10-17T07:44:36.408+0000] {logging_mixin.py:154} INFO - [2025-10-17T07:44:36.407+0000] {dagbag.py:536} INFO - Filling up the DagBag from /home/airflow/.local/lib/python3.8/site-packages/airflow/example_dags/example_params_trigger_ui.py
[2025-10-17T07:44:36.432+0000] {processor.py:839} INFO - DAG(s) dict_keys(['example_params_trigger_ui']) retrieved from /home/airflow/.local/lib/python3.8/site-packages/airflow/example_dags/example_params_trigger_ui.py
[2025-10-17T07:44:36.445+0000] {logging_mixin.py:154} INFO - [2025-10-17T07:44:36.445+0000] {dag.py:2941} INFO - Sync 1 DAGs
[2025-10-17T07:44:36.458+0000] {logging_mixin.py:154} INFO - [2025-10-17T07:44:36.457+0000] {dag.py:3722} INFO - Setting next_dagrun for example_params_trigger_ui to None, run_after=None
[2025-10-17T07:44:36.476+0000] {processor.py:179} INFO - Processing /home/airflow/.local/lib/python3.8/site-packages/airflow/example_dags/example_params_trigger_ui.py took 0.077 seconds
[2025-10-17T07:45:06.900+0000] {processor.py:157} INFO - Started process (PID=124) to work on /home/airflow/.local/lib/python3.8/site-packages/airflow/example_dags/example_params_trigger_ui.py
[2025-10-17T07:45:06.901+0000] {processor.py:829} INFO - Processing file /home/airflow/.local/lib/python3.8/site-packages/airflow/example_dags/example_params_trigger_ui.py for tasks to queue
[2025-10-17T07:45:06.903+0000] {logging_mixin.py:154} INFO - [2025-10-17T07:45:06.903+0000] {dagbag.py:536} INFO - Filling up the DagBag from /home/airflow/.local/lib/python3.8/site-packages/airflow/example_dags/example_params_trigger_ui.py
[2025-10-17T07:45:06.917+0000] {processor.py:839} INFO - DAG(s) dict_keys(['example_params_trigger_ui']) retrieved from /home/airflow/.local/lib/python3.8/site-packages/airflow/example_dags/example_params_trigger_ui.py
[2025-10-17T07:45:06.957+0000] {logging_mixin.py:154} INFO - [2025-10-17T07:45:06.957+0000] {dag.py:2941} INFO - Sync 1 DAGs
[2025-10-17T07:45:06.967+0000] {logging_mixin.py:154} INFO - [2025-10-17T07:45:06.967+0000] {dag.py:3722} INFO - Setting next_dagrun for example_params_trigger_ui to None, run_after=None
[2025-10-17T07:45:06.986+0000] {processor.py:179} INFO - Processing /home/airflow/.local/lib/python3.8/site-packages/airflow/example_dags/example_params_trigger_ui.py took 0.090 seconds
[2025-10-17T07:46:20.848+0000] {processor.py:157} INFO - Started process (PID=76) to work on /home/airflow/.local/lib/python3.8/site-packages/airflow/example_dags/example_params_trigger_ui.py
[2025-10-17T07:46:20.850+0000] {processor.py:829} INFO - Processing file /home/airflow/.local/lib/python3.8/site-packages/airflow/example_dags/example_params_trigger_ui.py for tasks to queue
[2025-10-17T07:46:20.852+0000] {logging_mixin.py:154} INFO - [2025-10-17T07:46:20.851+0000] {dagbag.py:536} INFO - Filling up the DagBag from /home/airflow/.local/lib/python3.8/site-packages/airflow/example_dags/example_params_trigger_ui.py
[2025-10-17T07:46:20.869+0000] {processor.py:839} INFO - DAG(s) dict_keys(['example_params_trigger_ui']) retrieved from /home/airflow/.local/lib/python3.8/site-packages/airflow/example_dags/example_params_trigger_ui.py
[2025-10-17T07:46:21.031+0000] {logging_mixin.py:154} INFO - [2025-10-17T07:46:21.031+0000] {manager.py:499} INFO - Created Permission View: %s
[2025-10-17T07:46:21.040+0000] {logging_mixin.py:154} INFO - [2025-10-17T07:46:21.040+0000] {manager.py:499} INFO - Created Permission View: %s
[2025-10-17T07:46:21.046+0000] {logging_mixin.py:154} INFO - [2025-10-17T07:46:21.046+0000] {manager.py:499} INFO - Created Permission View: %s
[2025-10-17T07:46:21.047+0000] {logging_mixin.py:154} INFO - [2025-10-17T07:46:21.047+0000] {dag.py:2941} INFO - Sync 1 DAGs
[2025-10-17T07:46:21.056+0000] {logging_mixin.py:154} INFO - [2025-10-17T07:46:21.056+0000] {dag.py:2963} INFO - Creating ORM DAG for example_params_trigger_ui
[2025-10-17T07:46:21.057+0000] {logging_mixin.py:154} INFO - [2025-10-17T07:46:21.057+0000] {dag.py:3722} INFO - Setting next_dagrun for example_params_trigger_ui to None, run_after=None
[2025-10-17T07:46:21.074+0000] {processor.py:179} INFO - Processing /home/airflow/.local/lib/python3.8/site-packages/airflow/example_dags/example_params_trigger_ui.py took 0.229 seconds
[2025-10-17T07:46:51.779+0000] {processor.py:157} INFO - Started process (PID=139) to work on /home/airflow/.local/lib/python3.8/site-packages/airflow/example_dags/example_params_trigger_ui.py
[2025-10-17T07:46:51.780+0000] {processor.py:829} INFO - Processing file /home/airflow/.local/lib/python3.8/site-packages/airflow/example_dags/example_params_trigger_ui.py for tasks to queue
[2025-10-17T07:46:51.782+0000] {logging_mixin.py:154} INFO - [2025-10-17T07:46:51.782+0000] {dagbag.py:536} INFO - Filling up the DagBag from /home/airflow/.local/lib/python3.8/site-packages/airflow/example_dags/example_params_trigger_ui.py
[2025-10-17T07:46:51.796+0000] {processor.py:839} INFO - DAG(s) dict_keys(['example_params_trigger_ui']) retrieved from /home/airflow/.local/lib/python3.8/site-packages/airflow/example_dags/example_params_trigger_ui.py
[2025-10-17T07:46:51.834+0000] {logging_mixin.py:154} INFO - [2025-10-17T07:46:51.834+0000] {dag.py:2941} INFO - Sync 1 DAGs
[2025-10-17T07:46:51.845+0000] {logging_mixin.py:154} INFO - [2025-10-17T07:46:51.845+0000] {dag.py:3722} INFO - Setting next_dagrun for example_params_trigger_ui to None, run_after=None
[2025-10-17T07:46:51.862+0000] {processor.py:179} INFO - Processing /home/airflow/.local/lib/python3.8/site-packages/airflow/example_dags/example_params_trigger_ui.py took 0.086 seconds
[2025-10-17T07:47:22.777+0000] {processor.py:157} INFO - Started process (PID=195) to work on /home/airflow/.local/lib/python3.8/site-packages/airflow/example_dags/example_params_trigger_ui.py
[2025-10-17T07:47:22.778+0000] {processor.py:829} INFO - Processing file /home/airflow/.local/lib/python3.8/site-packages/airflow/example_dags/example_params_trigger_ui.py for tasks to queue
[2025-10-17T07:47:22.781+0000] {logging_mixin.py:154} INFO - [2025-10-17T07:47:22.780+0000] {dagbag.py:536} INFO - Filling up the DagBag from /home/airflow/.local/lib/python3.8/site-packages/airflow/example_dags/example_params_trigger_ui.py
[2025-10-17T07:47:22.809+0000] {processor.py:839} INFO - DAG(s) dict_keys(['example_params_trigger_ui']) retrieved from /home/airflow/.local/lib/python3.8/site-packages/airflow/example_dags/example_params_trigger_ui.py
[2025-10-17T07:47:22.855+0000] {logging_mixin.py:154} INFO - [2025-10-17T07:47:22.855+0000] {dag.py:2941} INFO - Sync 1 DAGs
[2025-10-17T07:47:22.866+0000] {logging_mixin.py:154} INFO - [2025-10-17T07:47:22.865+0000] {dag.py:3722} INFO - Setting next_dagrun for example_params_trigger_ui to None, run_after=None
[2025-10-17T07:47:22.885+0000] {processor.py:179} INFO - Processing /home/airflow/.local/lib/python3.8/site-packages/airflow/example_dags/example_params_trigger_ui.py took 0.113 seconds
[2025-10-17T07:47:53.291+0000] {processor.py:157} INFO - Started process (PID=251) to work on /home/airflow/.local/lib/python3.8/site-packages/airflow/example_dags/example_params_trigger_ui.py
[2025-10-17T07:47:53.292+0000] {processor.py:829} INFO - Processing file /home/airflow/.local/lib/python3.8/site-packages/airflow/example_dags/example_params_trigger_ui.py for tasks to queue
[2025-10-17T07:47:53.294+0000] {logging_mixin.py:154} INFO - [2025-10-17T07:47:53.294+0000] {dagbag.py:536} INFO - Filling up the DagBag from /home/airflow/.local/lib/python3.8/site-packages/airflow/example_dags/example_params_trigger_ui.py
[2025-10-17T07:47:53.308+0000] {processor.py:839} INFO - DAG(s) dict_keys(['example_params_trigger_ui']) retrieved from /home/airflow/.local/lib/python3.8/site-packages/airflow/example_dags/example_params_trigger_ui.py
[2025-10-17T07:47:53.347+0000] {logging_mixin.py:154} INFO - [2025-10-17T07:47:53.347+0000] {dag.py:2941} INFO - Sync 1 DAGs
[2025-10-17T07:47:53.358+0000] {logging_mixin.py:154} INFO - [2025-10-17T07:47:53.358+0000] {dag.py:3722} INFO - Setting next_dagrun for example_params_trigger_ui to None, run_after=None
[2025-10-17T07:47:53.376+0000] {processor.py:179} INFO - Processing /home/airflow/.local/lib/python3.8/site-packages/airflow/example_dags/example_params_trigger_ui.py took 0.089 seconds
[2025-10-17T07:48:23.815+0000] {processor.py:157} INFO - Started process (PID=307) to work on /home/airflow/.local/lib/python3.8/site-packages/airflow/example_dags/example_params_trigger_ui.py
[2025-10-17T07:48:23.816+0000] {processor.py:829} INFO - Processing file /home/airflow/.local/lib/python3.8/site-packages/airflow/example_dags/example_params_trigger_ui.py for tasks to queue
[2025-10-17T07:48:23.818+0000] {logging_mixin.py:154} INFO - [2025-10-17T07:48:23.818+0000] {dagbag.py:536} INFO - Filling up the DagBag from /home/airflow/.local/lib/python3.8/site-packages/airflow/example_dags/example_params_trigger_ui.py
[2025-10-17T07:48:23.833+0000] {processor.py:839} INFO - DAG(s) dict_keys(['example_params_trigger_ui']) retrieved from /home/airflow/.local/lib/python3.8/site-packages/airflow/example_dags/example_params_trigger_ui.py
[2025-10-17T07:48:23.873+0000] {logging_mixin.py:154} INFO - [2025-10-17T07:48:23.873+0000] {dag.py:2941} INFO - Sync 1 DAGs
[2025-10-17T07:48:23.883+0000] {logging_mixin.py:154} INFO - [2025-10-17T07:48:23.883+0000] {dag.py:3722} INFO - Setting next_dagrun for example_params_trigger_ui to None, run_after=None
[2025-10-17T07:48:23.899+0000] {processor.py:179} INFO - Processing /home/airflow/.local/lib/python3.8/site-packages/airflow/example_dags/example_params_trigger_ui.py took 0.087 seconds
[2025-10-17T07:48:54.728+0000] {processor.py:157} INFO - Started process (PID=363) to work on /home/airflow/.local/lib/python3.8/site-packages/airflow/example_dags/example_params_trigger_ui.py
[2025-10-17T07:48:54.729+0000] {processor.py:829} INFO - Processing file /home/airflow/.local/lib/python3.8/site-packages/airflow/example_dags/example_params_trigger_ui.py for tasks to queue
[2025-10-17T07:48:54.731+0000] {logging_mixin.py:154} INFO - [2025-10-17T07:48:54.731+0000] {dagbag.py:536} INFO - Filling up the DagBag from /home/airflow/.local/lib/python3.8/site-packages/airflow/example_dags/example_params_trigger_ui.py
[2025-10-17T07:48:54.745+0000] {processor.py:839} INFO - DAG(s) dict_keys(['example_params_trigger_ui']) retrieved from /home/airflow/.local/lib/python3.8/site-packages/airflow/example_dags/example_params_trigger_ui.py
[2025-10-17T07:48:54.783+0000] {logging_mixin.py:154} INFO - [2025-10-17T07:48:54.783+0000] {dag.py:2941} INFO - Sync 1 DAGs
[2025-10-17T07:48:54.794+0000] {logging_mixin.py:154} INFO - [2025-10-17T07:48:54.793+0000] {dag.py:3722} INFO - Setting next_dagrun for example_params_trigger_ui to None, run_after=None
[2025-10-17T07:48:54.811+0000] {processor.py:179} INFO - Processing /home/airflow/.local/lib/python3.8/site-packages/airflow/example_dags/example_params_trigger_ui.py took 0.086 seconds
[2025-10-17T07:49:25.239+0000] {processor.py:157} INFO - Started process (PID=419) to work on /home/airflow/.local/lib/python3.8/site-packages/airflow/example_dags/example_params_trigger_ui.py
[2025-10-17T07:49:25.240+0000] {processor.py:829} INFO - Processing file /home/airflow/.local/lib/python3.8/site-packages/airflow/example_dags/example_params_trigger_ui.py for tasks to queue
[2025-10-17T07:49:25.242+0000] {logging_mixin.py:154} INFO - [2025-10-17T07:49:25.242+0000] {dagbag.py:536} INFO - Filling up the DagBag from /home/airflow/.local/lib/python3.8/site-packages/airflow/example_dags/example_params_trigger_ui.py
[2025-10-17T07:49:25.257+0000] {processor.py:839} INFO - DAG(s) dict_keys(['example_params_trigger_ui']) retrieved from /home/airflow/.local/lib/python3.8/site-packages/airflow/example_dags/example_params_trigger_ui.py
[2025-10-17T07:49:25.295+0000] {logging_mixin.py:154} INFO - [2025-10-17T07:49:25.294+0000] {dag.py:2941} INFO - Sync 1 DAGs
[2025-10-17T07:49:25.304+0000] {logging_mixin.py:154} INFO - [2025-10-17T07:49:25.304+0000] {dag.py:3722} INFO - Setting next_dagrun for example_params_trigger_ui to None, run_after=None
[2025-10-17T07:49:25.322+0000] {processor.py:179} INFO - Processing /home/airflow/.local/lib/python3.8/site-packages/airflow/example_dags/example_params_trigger_ui.py took 0.087 seconds
[2025-10-17T07:49:55.978+0000] {processor.py:157} INFO - Started process (PID=475) to work on /home/airflow/.local/lib/python3.8/site-packages/airflow/example_dags/example_params_trigger_ui.py
[2025-10-17T07:49:55.980+0000] {processor.py:829} INFO - Processing file /home/airflow/.local/lib/python3.8/site-packages/airflow/example_dags/example_params_trigger_ui.py for tasks to queue
[2025-10-17T07:49:55.984+0000] {logging_mixin.py:154} INFO - [2025-10-17T07:49:55.983+0000] {dagbag.py:536} INFO - Filling up the DagBag from /home/airflow/.local/lib/python3.8/site-packages/airflow/example_dags/example_params_trigger_ui.py
[2025-10-17T07:49:56.006+0000] {processor.py:839} INFO - DAG(s) dict_keys(['example_params_trigger_ui']) retrieved from /home/airflow/.local/lib/python3.8/site-packages/airflow/example_dags/example_params_trigger_ui.py
[2025-10-17T07:49:56.047+0000] {logging_mixin.py:154} INFO - [2025-10-17T07:49:56.047+0000] {dag.py:2941} INFO - Sync 1 DAGs
[2025-10-17T07:49:56.058+0000] {logging_mixin.py:154} INFO - [2025-10-17T07:49:56.058+0000] {dag.py:3722} INFO - Setting next_dagrun for example_params_trigger_ui to None, run_after=None
[2025-10-17T07:49:56.075+0000] {processor.py:179} INFO - Processing /home/airflow/.local/lib/python3.8/site-packages/airflow/example_dags/example_params_trigger_ui.py took 0.101 seconds
[2025-10-17T07:50:26.167+0000] {processor.py:157} INFO - Started process (PID=531) to work on /home/airflow/.local/lib/python3.8/site-packages/airflow/example_dags/example_params_trigger_ui.py
[2025-10-17T07:50:26.168+0000] {processor.py:829} INFO - Processing file /home/airflow/.local/lib/python3.8/site-packages/airflow/example_dags/example_params_trigger_ui.py for tasks to queue
[2025-10-17T07:50:26.170+0000] {logging_mixin.py:154} INFO - [2025-10-17T07:50:26.170+0000] {dagbag.py:536} INFO - Filling up the DagBag from /home/airflow/.local/lib/python3.8/site-packages/airflow/example_dags/example_params_trigger_ui.py
[2025-10-17T07:50:26.187+0000] {processor.py:839} INFO - DAG(s) dict_keys(['example_params_trigger_ui']) retrieved from /home/airflow/.local/lib/python3.8/site-packages/airflow/example_dags/example_params_trigger_ui.py
[2025-10-17T07:50:26.228+0000] {logging_mixin.py:154} INFO - [2025-10-17T07:50:26.228+0000] {dag.py:2941} INFO - Sync 1 DAGs
[2025-10-17T07:50:26.240+0000] {logging_mixin.py:154} INFO - [2025-10-17T07:50:26.239+0000] {dag.py:3722} INFO - Setting next_dagrun for example_params_trigger_ui to None, run_after=None
[2025-10-17T07:50:26.259+0000] {processor.py:179} INFO - Processing /home/airflow/.local/lib/python3.8/site-packages/airflow/example_dags/example_params_trigger_ui.py took 0.096 seconds
[2025-10-17T07:50:57.001+0000] {processor.py:157} INFO - Started process (PID=587) to work on /home/airflow/.local/lib/python3.8/site-packages/airflow/example_dags/example_params_trigger_ui.py
[2025-10-17T07:50:57.002+0000] {processor.py:829} INFO - Processing file /home/airflow/.local/lib/python3.8/site-packages/airflow/example_dags/example_params_trigger_ui.py for tasks to queue
[2025-10-17T07:50:57.004+0000] {logging_mixin.py:154} INFO - [2025-10-17T07:50:57.004+0000] {dagbag.py:536} INFO - Filling up the DagBag from /home/airflow/.local/lib/python3.8/site-packages/airflow/example_dags/example_params_trigger_ui.py
[2025-10-17T07:50:57.019+0000] {processor.py:839} INFO - DAG(s) dict_keys(['example_params_trigger_ui']) retrieved from /home/airflow/.local/lib/python3.8/site-packages/airflow/example_dags/example_params_trigger_ui.py
[2025-10-17T07:50:57.059+0000] {logging_mixin.py:154} INFO - [2025-10-17T07:50:57.059+0000] {dag.py:2941} INFO - Sync 1 DAGs
[2025-10-17T07:50:57.070+0000] {logging_mixin.py:154} INFO - [2025-10-17T07:50:57.069+0000] {dag.py:3722} INFO - Setting next_dagrun for example_params_trigger_ui to None, run_after=None
[2025-10-17T07:50:57.087+0000] {processor.py:179} INFO - Processing /home/airflow/.local/lib/python3.8/site-packages/airflow/example_dags/example_params_trigger_ui.py took 0.089 seconds
[2025-10-17T07:51:27.601+0000] {processor.py:157} INFO - Started process (PID=643) to work on /home/airflow/.local/lib/python3.8/site-packages/airflow/example_dags/example_params_trigger_ui.py
[2025-10-17T07:51:27.602+0000] {processor.py:829} INFO - Processing file /home/airflow/.local/lib/python3.8/site-packages/airflow/example_dags/example_params_trigger_ui.py for tasks to queue
[2025-10-17T07:51:27.605+0000] {logging_mixin.py:154} INFO - [2025-10-17T07:51:27.604+0000] {dagbag.py:536} INFO - Filling up the DagBag from /home/airflow/.local/lib/python3.8/site-packages/airflow/example_dags/example_params_trigger_ui.py
[2025-10-17T07:51:27.621+0000] {processor.py:839} INFO - DAG(s) dict_keys(['example_params_trigger_ui']) retrieved from /home/airflow/.local/lib/python3.8/site-packages/airflow/example_dags/example_params_trigger_ui.py
[2025-10-17T07:51:27.668+0000] {logging_mixin.py:154} INFO - [2025-10-17T07:51:27.668+0000] {dag.py:2941} INFO - Sync 1 DAGs
[2025-10-17T07:51:27.681+0000] {logging_mixin.py:154} INFO - [2025-10-17T07:51:27.681+0000] {dag.py:3722} INFO - Setting next_dagrun for example_params_trigger_ui to None, run_after=None
[2025-10-17T07:51:27.701+0000] {processor.py:179} INFO - Processing /home/airflow/.local/lib/python3.8/site-packages/airflow/example_dags/example_params_trigger_ui.py took 0.104 seconds
[2025-10-17T07:51:58.264+0000] {processor.py:157} INFO - Started process (PID=699) to work on /home/airflow/.local/lib/python3.8/site-packages/airflow/example_dags/example_params_trigger_ui.py
[2025-10-17T07:51:58.265+0000] {processor.py:829} INFO - Processing file /home/airflow/.local/lib/python3.8/site-packages/airflow/example_dags/example_params_trigger_ui.py for tasks to queue
[2025-10-17T07:51:58.267+0000] {logging_mixin.py:154} INFO - [2025-10-17T07:51:58.267+0000] {dagbag.py:536} INFO - Filling up the DagBag from /home/airflow/.local/lib/python3.8/site-packages/airflow/example_dags/example_params_trigger_ui.py
[2025-10-17T07:51:58.281+0000] {processor.py:839} INFO - DAG(s) dict_keys(['example_params_trigger_ui']) retrieved from /home/airflow/.local/lib/python3.8/site-packages/airflow/example_dags/example_params_trigger_ui.py
[2025-10-17T07:51:58.321+0000] {logging_mixin.py:154} INFO - [2025-10-17T07:51:58.321+0000] {dag.py:2941} INFO - Sync 1 DAGs
[2025-10-17T07:51:58.332+0000] {logging_mixin.py:154} INFO - [2025-10-17T07:51:58.332+0000] {dag.py:3722} INFO - Setting next_dagrun for example_params_trigger_ui to None, run_after=None
[2025-10-17T07:51:58.348+0000] {processor.py:179} INFO - Processing /home/airflow/.local/lib/python3.8/site-packages/airflow/example_dags/example_params_trigger_ui.py took 0.087 seconds
[2025-10-17T08:08:54.077+0000] {processor.py:157} INFO - Started process (PID=84) to work on /home/airflow/.local/lib/python3.8/site-packages/airflow/example_dags/example_params_trigger_ui.py
[2025-10-17T08:08:54.078+0000] {processor.py:829} INFO - Processing file /home/airflow/.local/lib/python3.8/site-packages/airflow/example_dags/example_params_trigger_ui.py for tasks to queue
[2025-10-17T08:08:54.080+0000] {logging_mixin.py:154} INFO - [2025-10-17T08:08:54.080+0000] {dagbag.py:536} INFO - Filling up the DagBag from /home/airflow/.local/lib/python3.8/site-packages/airflow/example_dags/example_params_trigger_ui.py
[2025-10-17T08:08:54.103+0000] {processor.py:839} INFO - DAG(s) dict_keys(['example_params_trigger_ui']) retrieved from /home/airflow/.local/lib/python3.8/site-packages/airflow/example_dags/example_params_trigger_ui.py
[2025-10-17T08:08:54.264+0000] {logging_mixin.py:154} INFO - [2025-10-17T08:08:54.264+0000] {manager.py:499} INFO - Created Permission View: %s
[2025-10-17T08:08:54.277+0000] {logging_mixin.py:154} INFO - [2025-10-17T08:08:54.276+0000] {manager.py:499} INFO - Created Permission View: %s
[2025-10-17T08:08:54.285+0000] {logging_mixin.py:154} INFO - [2025-10-17T08:08:54.285+0000] {manager.py:499} INFO - Created Permission View: %s
[2025-10-17T08:08:54.286+0000] {logging_mixin.py:154} INFO - [2025-10-17T08:08:54.286+0000] {dag.py:2941} INFO - Sync 1 DAGs
[2025-10-17T08:08:54.301+0000] {logging_mixin.py:154} INFO - [2025-10-17T08:08:54.300+0000] {dag.py:2963} INFO - Creating ORM DAG for example_params_trigger_ui
[2025-10-17T08:08:54.302+0000] {logging_mixin.py:154} INFO - [2025-10-17T08:08:54.302+0000] {dag.py:3722} INFO - Setting next_dagrun for example_params_trigger_ui to None, run_after=None
[2025-10-17T08:08:54.329+0000] {processor.py:179} INFO - Processing /home/airflow/.local/lib/python3.8/site-packages/airflow/example_dags/example_params_trigger_ui.py took 0.257 seconds
[2025-10-17T08:09:24.926+0000] {processor.py:157} INFO - Started process (PID=140) to work on /home/airflow/.local/lib/python3.8/site-packages/airflow/example_dags/example_params_trigger_ui.py
[2025-10-17T08:09:24.928+0000] {processor.py:829} INFO - Processing file /home/airflow/.local/lib/python3.8/site-packages/airflow/example_dags/example_params_trigger_ui.py for tasks to queue
[2025-10-17T08:09:24.931+0000] {logging_mixin.py:154} INFO - [2025-10-17T08:09:24.930+0000] {dagbag.py:536} INFO - Filling up the DagBag from /home/airflow/.local/lib/python3.8/site-packages/airflow/example_dags/example_params_trigger_ui.py
[2025-10-17T08:09:24.948+0000] {processor.py:839} INFO - DAG(s) dict_keys(['example_params_trigger_ui']) retrieved from /home/airflow/.local/lib/python3.8/site-packages/airflow/example_dags/example_params_trigger_ui.py
[2025-10-17T08:09:25.000+0000] {logging_mixin.py:154} INFO - [2025-10-17T08:09:25.000+0000] {dag.py:2941} INFO - Sync 1 DAGs
[2025-10-17T08:09:25.011+0000] {logging_mixin.py:154} INFO - [2025-10-17T08:09:25.011+0000] {dag.py:3722} INFO - Setting next_dagrun for example_params_trigger_ui to None, run_after=None
[2025-10-17T08:09:25.032+0000] {processor.py:179} INFO - Processing /home/airflow/.local/lib/python3.8/site-packages/airflow/example_dags/example_params_trigger_ui.py took 0.109 seconds
[2025-10-17T08:09:55.908+0000] {processor.py:157} INFO - Started process (PID=196) to work on /home/airflow/.local/lib/python3.8/site-packages/airflow/example_dags/example_params_trigger_ui.py
[2025-10-17T08:09:55.909+0000] {processor.py:829} INFO - Processing file /home/airflow/.local/lib/python3.8/site-packages/airflow/example_dags/example_params_trigger_ui.py for tasks to queue
[2025-10-17T08:09:55.911+0000] {logging_mixin.py:154} INFO - [2025-10-17T08:09:55.911+0000] {dagbag.py:536} INFO - Filling up the DagBag from /home/airflow/.local/lib/python3.8/site-packages/airflow/example_dags/example_params_trigger_ui.py
[2025-10-17T08:09:55.929+0000] {processor.py:839} INFO - DAG(s) dict_keys(['example_params_trigger_ui']) retrieved from /home/airflow/.local/lib/python3.8/site-packages/airflow/example_dags/example_params_trigger_ui.py
[2025-10-17T08:09:55.974+0000] {logging_mixin.py:154} INFO - [2025-10-17T08:09:55.974+0000] {dag.py:2941} INFO - Sync 1 DAGs
[2025-10-17T08:09:55.985+0000] {logging_mixin.py:154} INFO - [2025-10-17T08:09:55.985+0000] {dag.py:3722} INFO - Setting next_dagrun for example_params_trigger_ui to None, run_after=None
[2025-10-17T08:09:56.004+0000] {processor.py:179} INFO - Processing /home/airflow/.local/lib/python3.8/site-packages/airflow/example_dags/example_params_trigger_ui.py took 0.099 seconds
[2025-10-17T08:10:26.911+0000] {processor.py:157} INFO - Started process (PID=252) to work on /home/airflow/.local/lib/python3.8/site-packages/airflow/example_dags/example_params_trigger_ui.py
[2025-10-17T08:10:26.913+0000] {processor.py:829} INFO - Processing file /home/airflow/.local/lib/python3.8/site-packages/airflow/example_dags/example_params_trigger_ui.py for tasks to queue
[2025-10-17T08:10:26.915+0000] {logging_mixin.py:154} INFO - [2025-10-17T08:10:26.915+0000] {dagbag.py:536} INFO - Filling up the DagBag from /home/airflow/.local/lib/python3.8/site-packages/airflow/example_dags/example_params_trigger_ui.py
[2025-10-17T08:10:26.932+0000] {processor.py:839} INFO - DAG(s) dict_keys(['example_params_trigger_ui']) retrieved from /home/airflow/.local/lib/python3.8/site-packages/airflow/example_dags/example_params_trigger_ui.py
[2025-10-17T08:10:26.980+0000] {logging_mixin.py:154} INFO - [2025-10-17T08:10:26.980+0000] {dag.py:2941} INFO - Sync 1 DAGs
[2025-10-17T08:10:26.993+0000] {logging_mixin.py:154} INFO - [2025-10-17T08:10:26.992+0000] {dag.py:3722} INFO - Setting next_dagrun for example_params_trigger_ui to None, run_after=None
[2025-10-17T08:10:27.010+0000] {processor.py:179} INFO - Processing /home/airflow/.local/lib/python3.8/site-packages/airflow/example_dags/example_params_trigger_ui.py took 0.102 seconds
[2025-10-17T08:10:57.632+0000] {processor.py:157} INFO - Started process (PID=308) to work on /home/airflow/.local/lib/python3.8/site-packages/airflow/example_dags/example_params_trigger_ui.py
[2025-10-17T08:10:57.633+0000] {processor.py:829} INFO - Processing file /home/airflow/.local/lib/python3.8/site-packages/airflow/example_dags/example_params_trigger_ui.py for tasks to queue
[2025-10-17T08:10:57.635+0000] {logging_mixin.py:154} INFO - [2025-10-17T08:10:57.635+0000] {dagbag.py:536} INFO - Filling up the DagBag from /home/airflow/.local/lib/python3.8/site-packages/airflow/example_dags/example_params_trigger_ui.py
[2025-10-17T08:10:57.651+0000] {processor.py:839} INFO - DAG(s) dict_keys(['example_params_trigger_ui']) retrieved from /home/airflow/.local/lib/python3.8/site-packages/airflow/example_dags/example_params_trigger_ui.py
[2025-10-17T08:10:57.691+0000] {logging_mixin.py:154} INFO - [2025-10-17T08:10:57.691+0000] {dag.py:2941} INFO - Sync 1 DAGs
[2025-10-17T08:10:57.702+0000] {logging_mixin.py:154} INFO - [2025-10-17T08:10:57.702+0000] {dag.py:3722} INFO - Setting next_dagrun for example_params_trigger_ui to None, run_after=None
[2025-10-17T08:10:57.719+0000] {processor.py:179} INFO - Processing /home/airflow/.local/lib/python3.8/site-packages/airflow/example_dags/example_params_trigger_ui.py took 0.090 seconds
[2025-10-17T08:12:35.784+0000] {processor.py:157} INFO - Started process (PID=85) to work on /home/airflow/.local/lib/python3.8/site-packages/airflow/example_dags/example_params_trigger_ui.py
[2025-10-17T08:12:35.785+0000] {processor.py:829} INFO - Processing file /home/airflow/.local/lib/python3.8/site-packages/airflow/example_dags/example_params_trigger_ui.py for tasks to queue
[2025-10-17T08:12:35.788+0000] {logging_mixin.py:154} INFO - [2025-10-17T08:12:35.788+0000] {dagbag.py:536} INFO - Filling up the DagBag from /home/airflow/.local/lib/python3.8/site-packages/airflow/example_dags/example_params_trigger_ui.py
[2025-10-17T08:12:35.810+0000] {processor.py:839} INFO - DAG(s) dict_keys(['example_params_trigger_ui']) retrieved from /home/airflow/.local/lib/python3.8/site-packages/airflow/example_dags/example_params_trigger_ui.py
[2025-10-17T08:12:35.973+0000] {logging_mixin.py:154} INFO - [2025-10-17T08:12:35.973+0000] {manager.py:499} INFO - Created Permission View: %s
[2025-10-17T08:12:35.986+0000] {logging_mixin.py:154} INFO - [2025-10-17T08:12:35.986+0000] {manager.py:499} INFO - Created Permission View: %s
[2025-10-17T08:12:35.998+0000] {logging_mixin.py:154} INFO - [2025-10-17T08:12:35.997+0000] {manager.py:499} INFO - Created Permission View: %s
[2025-10-17T08:12:35.998+0000] {logging_mixin.py:154} INFO - [2025-10-17T08:12:35.998+0000] {dag.py:2941} INFO - Sync 1 DAGs
[2025-10-17T08:12:36.011+0000] {logging_mixin.py:154} INFO - [2025-10-17T08:12:36.011+0000] {dag.py:2963} INFO - Creating ORM DAG for example_params_trigger_ui
[2025-10-17T08:12:36.012+0000] {logging_mixin.py:154} INFO - [2025-10-17T08:12:36.012+0000] {dag.py:3722} INFO - Setting next_dagrun for example_params_trigger_ui to None, run_after=None
[2025-10-17T08:12:36.033+0000] {processor.py:179} INFO - Processing /home/airflow/.local/lib/python3.8/site-packages/airflow/example_dags/example_params_trigger_ui.py took 0.254 seconds
[2025-10-17T08:13:06.061+0000] {processor.py:157} INFO - Started process (PID=141) to work on /home/airflow/.local/lib/python3.8/site-packages/airflow/example_dags/example_params_trigger_ui.py
[2025-10-17T08:13:06.062+0000] {processor.py:829} INFO - Processing file /home/airflow/.local/lib/python3.8/site-packages/airflow/example_dags/example_params_trigger_ui.py for tasks to queue
[2025-10-17T08:13:06.065+0000] {logging_mixin.py:154} INFO - [2025-10-17T08:13:06.064+0000] {dagbag.py:536} INFO - Filling up the DagBag from /home/airflow/.local/lib/python3.8/site-packages/airflow/example_dags/example_params_trigger_ui.py
[2025-10-17T08:13:06.080+0000] {processor.py:839} INFO - DAG(s) dict_keys(['example_params_trigger_ui']) retrieved from /home/airflow/.local/lib/python3.8/site-packages/airflow/example_dags/example_params_trigger_ui.py
[2025-10-17T08:13:06.123+0000] {logging_mixin.py:154} INFO - [2025-10-17T08:13:06.123+0000] {dag.py:2941} INFO - Sync 1 DAGs
[2025-10-17T08:13:06.134+0000] {logging_mixin.py:154} INFO - [2025-10-17T08:13:06.134+0000] {dag.py:3722} INFO - Setting next_dagrun for example_params_trigger_ui to None, run_after=None
[2025-10-17T08:13:06.153+0000] {processor.py:179} INFO - Processing /home/airflow/.local/lib/python3.8/site-packages/airflow/example_dags/example_params_trigger_ui.py took 0.095 seconds
[2025-10-17T08:13:36.609+0000] {processor.py:157} INFO - Started process (PID=197) to work on /home/airflow/.local/lib/python3.8/site-packages/airflow/example_dags/example_params_trigger_ui.py
[2025-10-17T08:13:36.610+0000] {processor.py:829} INFO - Processing file /home/airflow/.local/lib/python3.8/site-packages/airflow/example_dags/example_params_trigger_ui.py for tasks to queue
[2025-10-17T08:13:36.612+0000] {logging_mixin.py:154} INFO - [2025-10-17T08:13:36.612+0000] {dagbag.py:536} INFO - Filling up the DagBag from /home/airflow/.local/lib/python3.8/site-packages/airflow/example_dags/example_params_trigger_ui.py
[2025-10-17T08:13:36.630+0000] {processor.py:839} INFO - DAG(s) dict_keys(['example_params_trigger_ui']) retrieved from /home/airflow/.local/lib/python3.8/site-packages/airflow/example_dags/example_params_trigger_ui.py
[2025-10-17T08:13:36.671+0000] {logging_mixin.py:154} INFO - [2025-10-17T08:13:36.671+0000] {dag.py:2941} INFO - Sync 1 DAGs
[2025-10-17T08:13:36.682+0000] {logging_mixin.py:154} INFO - [2025-10-17T08:13:36.682+0000] {dag.py:3722} INFO - Setting next_dagrun for example_params_trigger_ui to None, run_after=None
[2025-10-17T08:13:36.699+0000] {processor.py:179} INFO - Processing /home/airflow/.local/lib/python3.8/site-packages/airflow/example_dags/example_params_trigger_ui.py took 0.093 seconds
