[2025-10-17T07:19:49.457+0000] {processor.py:157} INFO - Started process (PID=596) to work on /home/airflow/.local/lib/python3.8/site-packages/airflow/example_dags/example_complex.py
[2025-10-17T07:19:49.459+0000] {processor.py:829} INFO - Processing file /home/airflow/.local/lib/python3.8/site-packages/airflow/example_dags/example_complex.py for tasks to queue
[2025-10-17T07:19:49.464+0000] {logging_mixin.py:154} INFO - [2025-10-17T07:19:49.462+0000] {dagbag.py:536} INFO - Filling up the DagBag from /home/airflow/.local/lib/python3.8/site-packages/airflow/example_dags/example_complex.py
[2025-10-17T07:19:49.482+0000] {processor.py:839} INFO - DAG(s) dict_keys(['example_complex']) retrieved from /home/airflow/.local/lib/python3.8/site-packages/airflow/example_dags/example_complex.py
[2025-10-17T07:19:49.536+0000] {logging_mixin.py:154} INFO - [2025-10-17T07:19:49.535+0000] {dag.py:2941} INFO - Sync 1 DAGs
[2025-10-17T07:19:49.561+0000] {logging_mixin.py:154} INFO - [2025-10-17T07:19:49.560+0000] {dag.py:3722} INFO - Setting next_dagrun for example_complex to None, run_after=None
[2025-10-17T07:19:49.609+0000] {processor.py:179} INFO - Processing /home/airflow/.local/lib/python3.8/site-packages/airflow/example_dags/example_complex.py took 0.159 seconds
[2025-10-17T07:20:19.841+0000] {processor.py:157} INFO - Started process (PID=652) to work on /home/airflow/.local/lib/python3.8/site-packages/airflow/example_dags/example_complex.py
[2025-10-17T07:20:19.843+0000] {processor.py:829} INFO - Processing file /home/airflow/.local/lib/python3.8/site-packages/airflow/example_dags/example_complex.py for tasks to queue
[2025-10-17T07:20:19.845+0000] {logging_mixin.py:154} INFO - [2025-10-17T07:20:19.845+0000] {dagbag.py:536} INFO - Filling up the DagBag from /home/airflow/.local/lib/python3.8/site-packages/airflow/example_dags/example_complex.py
[2025-10-17T07:20:19.857+0000] {processor.py:839} INFO - DAG(s) dict_keys(['example_complex']) retrieved from /home/airflow/.local/lib/python3.8/site-packages/airflow/example_dags/example_complex.py
[2025-10-17T07:20:19.890+0000] {logging_mixin.py:154} INFO - [2025-10-17T07:20:19.890+0000] {dag.py:2941} INFO - Sync 1 DAGs
[2025-10-17T07:20:19.905+0000] {logging_mixin.py:154} INFO - [2025-10-17T07:20:19.905+0000] {dag.py:3722} INFO - Setting next_dagrun for example_complex to None, run_after=None
[2025-10-17T07:20:19.926+0000] {processor.py:179} INFO - Processing /home/airflow/.local/lib/python3.8/site-packages/airflow/example_dags/example_complex.py took 0.089 seconds
[2025-10-17T07:20:51.019+0000] {processor.py:157} INFO - Started process (PID=708) to work on /home/airflow/.local/lib/python3.8/site-packages/airflow/example_dags/example_complex.py
[2025-10-17T07:20:51.021+0000] {processor.py:829} INFO - Processing file /home/airflow/.local/lib/python3.8/site-packages/airflow/example_dags/example_complex.py for tasks to queue
[2025-10-17T07:20:51.025+0000] {logging_mixin.py:154} INFO - [2025-10-17T07:20:51.025+0000] {dagbag.py:536} INFO - Filling up the DagBag from /home/airflow/.local/lib/python3.8/site-packages/airflow/example_dags/example_complex.py
[2025-10-17T07:20:51.042+0000] {processor.py:839} INFO - DAG(s) dict_keys(['example_complex']) retrieved from /home/airflow/.local/lib/python3.8/site-packages/airflow/example_dags/example_complex.py
[2025-10-17T07:20:51.102+0000] {logging_mixin.py:154} INFO - [2025-10-17T07:20:51.101+0000] {dag.py:2941} INFO - Sync 1 DAGs
[2025-10-17T07:20:51.123+0000] {logging_mixin.py:154} INFO - [2025-10-17T07:20:51.122+0000] {dag.py:3722} INFO - Setting next_dagrun for example_complex to None, run_after=None
[2025-10-17T07:20:51.166+0000] {processor.py:179} INFO - Processing /home/airflow/.local/lib/python3.8/site-packages/airflow/example_dags/example_complex.py took 0.153 seconds
[2025-10-17T07:21:21.999+0000] {processor.py:157} INFO - Started process (PID=764) to work on /home/airflow/.local/lib/python3.8/site-packages/airflow/example_dags/example_complex.py
[2025-10-17T07:21:22.000+0000] {processor.py:829} INFO - Processing file /home/airflow/.local/lib/python3.8/site-packages/airflow/example_dags/example_complex.py for tasks to queue
[2025-10-17T07:21:22.003+0000] {logging_mixin.py:154} INFO - [2025-10-17T07:21:22.003+0000] {dagbag.py:536} INFO - Filling up the DagBag from /home/airflow/.local/lib/python3.8/site-packages/airflow/example_dags/example_complex.py
[2025-10-17T07:21:22.014+0000] {processor.py:839} INFO - DAG(s) dict_keys(['example_complex']) retrieved from /home/airflow/.local/lib/python3.8/site-packages/airflow/example_dags/example_complex.py
[2025-10-17T07:21:22.047+0000] {logging_mixin.py:154} INFO - [2025-10-17T07:21:22.047+0000] {dag.py:2941} INFO - Sync 1 DAGs
[2025-10-17T07:21:22.058+0000] {logging_mixin.py:154} INFO - [2025-10-17T07:21:22.057+0000] {dag.py:3722} INFO - Setting next_dagrun for example_complex to None, run_after=None
[2025-10-17T07:21:22.133+0000] {processor.py:179} INFO - Processing /home/airflow/.local/lib/python3.8/site-packages/airflow/example_dags/example_complex.py took 0.138 seconds
[2025-10-17T07:21:52.786+0000] {processor.py:157} INFO - Started process (PID=820) to work on /home/airflow/.local/lib/python3.8/site-packages/airflow/example_dags/example_complex.py
[2025-10-17T07:21:52.794+0000] {processor.py:829} INFO - Processing file /home/airflow/.local/lib/python3.8/site-packages/airflow/example_dags/example_complex.py for tasks to queue
[2025-10-17T07:21:52.797+0000] {logging_mixin.py:154} INFO - [2025-10-17T07:21:52.797+0000] {dagbag.py:536} INFO - Filling up the DagBag from /home/airflow/.local/lib/python3.8/site-packages/airflow/example_dags/example_complex.py
[2025-10-17T07:21:52.808+0000] {processor.py:839} INFO - DAG(s) dict_keys(['example_complex']) retrieved from /home/airflow/.local/lib/python3.8/site-packages/airflow/example_dags/example_complex.py
[2025-10-17T07:21:52.834+0000] {logging_mixin.py:154} INFO - [2025-10-17T07:21:52.834+0000] {dag.py:2941} INFO - Sync 1 DAGs
[2025-10-17T07:21:52.846+0000] {logging_mixin.py:154} INFO - [2025-10-17T07:21:52.846+0000] {dag.py:3722} INFO - Setting next_dagrun for example_complex to None, run_after=None
[2025-10-17T07:21:52.870+0000] {processor.py:179} INFO - Processing /home/airflow/.local/lib/python3.8/site-packages/airflow/example_dags/example_complex.py took 0.088 seconds
[2025-10-17T07:22:23.467+0000] {processor.py:157} INFO - Started process (PID=876) to work on /home/airflow/.local/lib/python3.8/site-packages/airflow/example_dags/example_complex.py
[2025-10-17T07:22:23.469+0000] {processor.py:829} INFO - Processing file /home/airflow/.local/lib/python3.8/site-packages/airflow/example_dags/example_complex.py for tasks to queue
[2025-10-17T07:22:23.471+0000] {logging_mixin.py:154} INFO - [2025-10-17T07:22:23.471+0000] {dagbag.py:536} INFO - Filling up the DagBag from /home/airflow/.local/lib/python3.8/site-packages/airflow/example_dags/example_complex.py
[2025-10-17T07:22:23.480+0000] {processor.py:839} INFO - DAG(s) dict_keys(['example_complex']) retrieved from /home/airflow/.local/lib/python3.8/site-packages/airflow/example_dags/example_complex.py
[2025-10-17T07:22:23.506+0000] {logging_mixin.py:154} INFO - [2025-10-17T07:22:23.506+0000] {dag.py:2941} INFO - Sync 1 DAGs
[2025-10-17T07:22:23.516+0000] {logging_mixin.py:154} INFO - [2025-10-17T07:22:23.516+0000] {dag.py:3722} INFO - Setting next_dagrun for example_complex to None, run_after=None
[2025-10-17T07:22:23.535+0000] {processor.py:179} INFO - Processing /home/airflow/.local/lib/python3.8/site-packages/airflow/example_dags/example_complex.py took 0.072 seconds
[2025-10-17T07:22:54.177+0000] {processor.py:157} INFO - Started process (PID=932) to work on /home/airflow/.local/lib/python3.8/site-packages/airflow/example_dags/example_complex.py
[2025-10-17T07:22:54.179+0000] {processor.py:829} INFO - Processing file /home/airflow/.local/lib/python3.8/site-packages/airflow/example_dags/example_complex.py for tasks to queue
[2025-10-17T07:22:54.181+0000] {logging_mixin.py:154} INFO - [2025-10-17T07:22:54.181+0000] {dagbag.py:536} INFO - Filling up the DagBag from /home/airflow/.local/lib/python3.8/site-packages/airflow/example_dags/example_complex.py
[2025-10-17T07:22:54.190+0000] {processor.py:839} INFO - DAG(s) dict_keys(['example_complex']) retrieved from /home/airflow/.local/lib/python3.8/site-packages/airflow/example_dags/example_complex.py
[2025-10-17T07:22:54.216+0000] {logging_mixin.py:154} INFO - [2025-10-17T07:22:54.216+0000] {dag.py:2941} INFO - Sync 1 DAGs
[2025-10-17T07:22:54.227+0000] {logging_mixin.py:154} INFO - [2025-10-17T07:22:54.227+0000] {dag.py:3722} INFO - Setting next_dagrun for example_complex to None, run_after=None
[2025-10-17T07:22:54.244+0000] {processor.py:179} INFO - Processing /home/airflow/.local/lib/python3.8/site-packages/airflow/example_dags/example_complex.py took 0.071 seconds
[2025-10-17T07:23:24.693+0000] {processor.py:157} INFO - Started process (PID=995) to work on /home/airflow/.local/lib/python3.8/site-packages/airflow/example_dags/example_complex.py
[2025-10-17T07:23:24.694+0000] {processor.py:829} INFO - Processing file /home/airflow/.local/lib/python3.8/site-packages/airflow/example_dags/example_complex.py for tasks to queue
[2025-10-17T07:23:24.697+0000] {logging_mixin.py:154} INFO - [2025-10-17T07:23:24.696+0000] {dagbag.py:536} INFO - Filling up the DagBag from /home/airflow/.local/lib/python3.8/site-packages/airflow/example_dags/example_complex.py
[2025-10-17T07:23:24.706+0000] {processor.py:839} INFO - DAG(s) dict_keys(['example_complex']) retrieved from /home/airflow/.local/lib/python3.8/site-packages/airflow/example_dags/example_complex.py
[2025-10-17T07:23:24.732+0000] {logging_mixin.py:154} INFO - [2025-10-17T07:23:24.732+0000] {dag.py:2941} INFO - Sync 1 DAGs
[2025-10-17T07:23:24.744+0000] {logging_mixin.py:154} INFO - [2025-10-17T07:23:24.744+0000] {dag.py:3722} INFO - Setting next_dagrun for example_complex to None, run_after=None
[2025-10-17T07:23:24.762+0000] {processor.py:179} INFO - Processing /home/airflow/.local/lib/python3.8/site-packages/airflow/example_dags/example_complex.py took 0.072 seconds
[2025-10-17T07:23:55.068+0000] {processor.py:157} INFO - Started process (PID=1051) to work on /home/airflow/.local/lib/python3.8/site-packages/airflow/example_dags/example_complex.py
[2025-10-17T07:23:55.069+0000] {processor.py:829} INFO - Processing file /home/airflow/.local/lib/python3.8/site-packages/airflow/example_dags/example_complex.py for tasks to queue
[2025-10-17T07:23:55.071+0000] {logging_mixin.py:154} INFO - [2025-10-17T07:23:55.071+0000] {dagbag.py:536} INFO - Filling up the DagBag from /home/airflow/.local/lib/python3.8/site-packages/airflow/example_dags/example_complex.py
[2025-10-17T07:23:55.080+0000] {processor.py:839} INFO - DAG(s) dict_keys(['example_complex']) retrieved from /home/airflow/.local/lib/python3.8/site-packages/airflow/example_dags/example_complex.py
[2025-10-17T07:23:55.107+0000] {logging_mixin.py:154} INFO - [2025-10-17T07:23:55.107+0000] {dag.py:2941} INFO - Sync 1 DAGs
[2025-10-17T07:23:55.119+0000] {logging_mixin.py:154} INFO - [2025-10-17T07:23:55.119+0000] {dag.py:3722} INFO - Setting next_dagrun for example_complex to None, run_after=None
[2025-10-17T07:23:55.273+0000] {processor.py:179} INFO - Processing /home/airflow/.local/lib/python3.8/site-packages/airflow/example_dags/example_complex.py took 0.209 seconds
[2025-10-17T07:24:25.766+0000] {processor.py:157} INFO - Started process (PID=1107) to work on /home/airflow/.local/lib/python3.8/site-packages/airflow/example_dags/example_complex.py
[2025-10-17T07:24:25.768+0000] {processor.py:829} INFO - Processing file /home/airflow/.local/lib/python3.8/site-packages/airflow/example_dags/example_complex.py for tasks to queue
[2025-10-17T07:24:25.771+0000] {logging_mixin.py:154} INFO - [2025-10-17T07:24:25.771+0000] {dagbag.py:536} INFO - Filling up the DagBag from /home/airflow/.local/lib/python3.8/site-packages/airflow/example_dags/example_complex.py
[2025-10-17T07:24:25.786+0000] {processor.py:839} INFO - DAG(s) dict_keys(['example_complex']) retrieved from /home/airflow/.local/lib/python3.8/site-packages/airflow/example_dags/example_complex.py
[2025-10-17T07:24:25.813+0000] {logging_mixin.py:154} INFO - [2025-10-17T07:24:25.813+0000] {dag.py:2941} INFO - Sync 1 DAGs
[2025-10-17T07:24:25.825+0000] {logging_mixin.py:154} INFO - [2025-10-17T07:24:25.824+0000] {dag.py:3722} INFO - Setting next_dagrun for example_complex to None, run_after=None
[2025-10-17T07:24:25.983+0000] {processor.py:179} INFO - Processing /home/airflow/.local/lib/python3.8/site-packages/airflow/example_dags/example_complex.py took 0.221 seconds
[2025-10-17T07:24:56.754+0000] {processor.py:157} INFO - Started process (PID=1169) to work on /home/airflow/.local/lib/python3.8/site-packages/airflow/example_dags/example_complex.py
[2025-10-17T07:24:56.755+0000] {processor.py:829} INFO - Processing file /home/airflow/.local/lib/python3.8/site-packages/airflow/example_dags/example_complex.py for tasks to queue
[2025-10-17T07:24:56.757+0000] {logging_mixin.py:154} INFO - [2025-10-17T07:24:56.757+0000] {dagbag.py:536} INFO - Filling up the DagBag from /home/airflow/.local/lib/python3.8/site-packages/airflow/example_dags/example_complex.py
[2025-10-17T07:24:56.766+0000] {processor.py:839} INFO - DAG(s) dict_keys(['example_complex']) retrieved from /home/airflow/.local/lib/python3.8/site-packages/airflow/example_dags/example_complex.py
[2025-10-17T07:24:56.793+0000] {logging_mixin.py:154} INFO - [2025-10-17T07:24:56.793+0000] {dag.py:2941} INFO - Sync 1 DAGs
[2025-10-17T07:24:56.949+0000] {logging_mixin.py:154} INFO - [2025-10-17T07:24:56.949+0000] {dag.py:3722} INFO - Setting next_dagrun for example_complex to None, run_after=None
[2025-10-17T07:24:56.963+0000] {processor.py:179} INFO - Processing /home/airflow/.local/lib/python3.8/site-packages/airflow/example_dags/example_complex.py took 0.212 seconds
[2025-10-17T07:25:27.036+0000] {processor.py:157} INFO - Started process (PID=1225) to work on /home/airflow/.local/lib/python3.8/site-packages/airflow/example_dags/example_complex.py
[2025-10-17T07:25:27.038+0000] {processor.py:829} INFO - Processing file /home/airflow/.local/lib/python3.8/site-packages/airflow/example_dags/example_complex.py for tasks to queue
[2025-10-17T07:25:27.040+0000] {logging_mixin.py:154} INFO - [2025-10-17T07:25:27.040+0000] {dagbag.py:536} INFO - Filling up the DagBag from /home/airflow/.local/lib/python3.8/site-packages/airflow/example_dags/example_complex.py
[2025-10-17T07:25:27.049+0000] {processor.py:839} INFO - DAG(s) dict_keys(['example_complex']) retrieved from /home/airflow/.local/lib/python3.8/site-packages/airflow/example_dags/example_complex.py
[2025-10-17T07:25:27.077+0000] {logging_mixin.py:154} INFO - [2025-10-17T07:25:27.077+0000] {dag.py:2941} INFO - Sync 1 DAGs
[2025-10-17T07:25:27.088+0000] {logging_mixin.py:154} INFO - [2025-10-17T07:25:27.087+0000] {dag.py:3722} INFO - Setting next_dagrun for example_complex to None, run_after=None
[2025-10-17T07:25:27.241+0000] {processor.py:179} INFO - Processing /home/airflow/.local/lib/python3.8/site-packages/airflow/example_dags/example_complex.py took 0.210 seconds
[2025-10-17T07:25:57.710+0000] {processor.py:157} INFO - Started process (PID=1281) to work on /home/airflow/.local/lib/python3.8/site-packages/airflow/example_dags/example_complex.py
[2025-10-17T07:25:57.711+0000] {processor.py:829} INFO - Processing file /home/airflow/.local/lib/python3.8/site-packages/airflow/example_dags/example_complex.py for tasks to queue
[2025-10-17T07:25:57.713+0000] {logging_mixin.py:154} INFO - [2025-10-17T07:25:57.713+0000] {dagbag.py:536} INFO - Filling up the DagBag from /home/airflow/.local/lib/python3.8/site-packages/airflow/example_dags/example_complex.py
[2025-10-17T07:25:57.722+0000] {processor.py:839} INFO - DAG(s) dict_keys(['example_complex']) retrieved from /home/airflow/.local/lib/python3.8/site-packages/airflow/example_dags/example_complex.py
[2025-10-17T07:25:57.749+0000] {logging_mixin.py:154} INFO - [2025-10-17T07:25:57.749+0000] {dag.py:2941} INFO - Sync 1 DAGs
[2025-10-17T07:25:57.759+0000] {logging_mixin.py:154} INFO - [2025-10-17T07:25:57.759+0000] {dag.py:3722} INFO - Setting next_dagrun for example_complex to None, run_after=None
[2025-10-17T07:25:57.777+0000] {processor.py:179} INFO - Processing /home/airflow/.local/lib/python3.8/site-packages/airflow/example_dags/example_complex.py took 0.070 seconds
[2025-10-17T07:26:28.267+0000] {processor.py:157} INFO - Started process (PID=1339) to work on /home/airflow/.local/lib/python3.8/site-packages/airflow/example_dags/example_complex.py
[2025-10-17T07:26:28.269+0000] {processor.py:829} INFO - Processing file /home/airflow/.local/lib/python3.8/site-packages/airflow/example_dags/example_complex.py for tasks to queue
[2025-10-17T07:26:28.271+0000] {logging_mixin.py:154} INFO - [2025-10-17T07:26:28.270+0000] {dagbag.py:536} INFO - Filling up the DagBag from /home/airflow/.local/lib/python3.8/site-packages/airflow/example_dags/example_complex.py
[2025-10-17T07:26:28.279+0000] {processor.py:839} INFO - DAG(s) dict_keys(['example_complex']) retrieved from /home/airflow/.local/lib/python3.8/site-packages/airflow/example_dags/example_complex.py
[2025-10-17T07:26:28.304+0000] {logging_mixin.py:154} INFO - [2025-10-17T07:26:28.304+0000] {dag.py:2941} INFO - Sync 1 DAGs
[2025-10-17T07:26:28.314+0000] {logging_mixin.py:154} INFO - [2025-10-17T07:26:28.314+0000] {dag.py:3722} INFO - Setting next_dagrun for example_complex to None, run_after=None
[2025-10-17T07:26:28.328+0000] {processor.py:179} INFO - Processing /home/airflow/.local/lib/python3.8/site-packages/airflow/example_dags/example_complex.py took 0.064 seconds
[2025-10-17T07:26:58.515+0000] {processor.py:157} INFO - Started process (PID=1394) to work on /home/airflow/.local/lib/python3.8/site-packages/airflow/example_dags/example_complex.py
[2025-10-17T07:26:58.516+0000] {processor.py:829} INFO - Processing file /home/airflow/.local/lib/python3.8/site-packages/airflow/example_dags/example_complex.py for tasks to queue
[2025-10-17T07:26:58.518+0000] {logging_mixin.py:154} INFO - [2025-10-17T07:26:58.518+0000] {dagbag.py:536} INFO - Filling up the DagBag from /home/airflow/.local/lib/python3.8/site-packages/airflow/example_dags/example_complex.py
[2025-10-17T07:26:58.527+0000] {processor.py:839} INFO - DAG(s) dict_keys(['example_complex']) retrieved from /home/airflow/.local/lib/python3.8/site-packages/airflow/example_dags/example_complex.py
[2025-10-17T07:26:58.553+0000] {logging_mixin.py:154} INFO - [2025-10-17T07:26:58.553+0000] {dag.py:2941} INFO - Sync 1 DAGs
[2025-10-17T07:26:58.563+0000] {logging_mixin.py:154} INFO - [2025-10-17T07:26:58.563+0000] {dag.py:3722} INFO - Setting next_dagrun for example_complex to None, run_after=None
[2025-10-17T07:26:58.580+0000] {processor.py:179} INFO - Processing /home/airflow/.local/lib/python3.8/site-packages/airflow/example_dags/example_complex.py took 0.068 seconds
[2025-10-17T07:27:28.753+0000] {processor.py:157} INFO - Started process (PID=1449) to work on /home/airflow/.local/lib/python3.8/site-packages/airflow/example_dags/example_complex.py
[2025-10-17T07:27:28.754+0000] {processor.py:829} INFO - Processing file /home/airflow/.local/lib/python3.8/site-packages/airflow/example_dags/example_complex.py for tasks to queue
[2025-10-17T07:27:28.756+0000] {logging_mixin.py:154} INFO - [2025-10-17T07:27:28.756+0000] {dagbag.py:536} INFO - Filling up the DagBag from /home/airflow/.local/lib/python3.8/site-packages/airflow/example_dags/example_complex.py
[2025-10-17T07:27:28.765+0000] {processor.py:839} INFO - DAG(s) dict_keys(['example_complex']) retrieved from /home/airflow/.local/lib/python3.8/site-packages/airflow/example_dags/example_complex.py
[2025-10-17T07:27:28.790+0000] {logging_mixin.py:154} INFO - [2025-10-17T07:27:28.790+0000] {dag.py:2941} INFO - Sync 1 DAGs
[2025-10-17T07:27:28.801+0000] {logging_mixin.py:154} INFO - [2025-10-17T07:27:28.801+0000] {dag.py:3722} INFO - Setting next_dagrun for example_complex to None, run_after=None
[2025-10-17T07:27:28.817+0000] {processor.py:179} INFO - Processing /home/airflow/.local/lib/python3.8/site-packages/airflow/example_dags/example_complex.py took 0.066 seconds
[2025-10-17T07:27:58.933+0000] {processor.py:157} INFO - Started process (PID=1504) to work on /home/airflow/.local/lib/python3.8/site-packages/airflow/example_dags/example_complex.py
[2025-10-17T07:27:58.935+0000] {processor.py:829} INFO - Processing file /home/airflow/.local/lib/python3.8/site-packages/airflow/example_dags/example_complex.py for tasks to queue
[2025-10-17T07:27:58.935+0000] {logging_mixin.py:154} INFO - [2025-10-17T07:27:58.935+0000] {dagbag.py:536} INFO - Filling up the DagBag from /home/airflow/.local/lib/python3.8/site-packages/airflow/example_dags/example_complex.py
[2025-10-17T07:27:58.944+0000] {processor.py:839} INFO - DAG(s) dict_keys(['example_complex']) retrieved from /home/airflow/.local/lib/python3.8/site-packages/airflow/example_dags/example_complex.py
[2025-10-17T07:27:58.974+0000] {logging_mixin.py:154} INFO - [2025-10-17T07:27:58.974+0000] {dag.py:2941} INFO - Sync 1 DAGs
[2025-10-17T07:27:58.986+0000] {logging_mixin.py:154} INFO - [2025-10-17T07:27:58.986+0000] {dag.py:3722} INFO - Setting next_dagrun for example_complex to None, run_after=None
[2025-10-17T07:27:59.003+0000] {processor.py:179} INFO - Processing /home/airflow/.local/lib/python3.8/site-packages/airflow/example_dags/example_complex.py took 0.073 seconds
[2025-10-17T07:28:29.207+0000] {processor.py:157} INFO - Started process (PID=1562) to work on /home/airflow/.local/lib/python3.8/site-packages/airflow/example_dags/example_complex.py
[2025-10-17T07:28:29.208+0000] {processor.py:829} INFO - Processing file /home/airflow/.local/lib/python3.8/site-packages/airflow/example_dags/example_complex.py for tasks to queue
[2025-10-17T07:28:29.209+0000] {logging_mixin.py:154} INFO - [2025-10-17T07:28:29.209+0000] {dagbag.py:536} INFO - Filling up the DagBag from /home/airflow/.local/lib/python3.8/site-packages/airflow/example_dags/example_complex.py
[2025-10-17T07:28:29.219+0000] {processor.py:839} INFO - DAG(s) dict_keys(['example_complex']) retrieved from /home/airflow/.local/lib/python3.8/site-packages/airflow/example_dags/example_complex.py
[2025-10-17T07:28:29.245+0000] {logging_mixin.py:154} INFO - [2025-10-17T07:28:29.245+0000] {dag.py:2941} INFO - Sync 1 DAGs
[2025-10-17T07:28:29.256+0000] {logging_mixin.py:154} INFO - [2025-10-17T07:28:29.256+0000] {dag.py:3722} INFO - Setting next_dagrun for example_complex to None, run_after=None
[2025-10-17T07:28:29.272+0000] {processor.py:179} INFO - Processing /home/airflow/.local/lib/python3.8/site-packages/airflow/example_dags/example_complex.py took 0.068 seconds
[2025-10-17T07:28:59.789+0000] {processor.py:157} INFO - Started process (PID=1618) to work on /home/airflow/.local/lib/python3.8/site-packages/airflow/example_dags/example_complex.py
[2025-10-17T07:28:59.791+0000] {processor.py:829} INFO - Processing file /home/airflow/.local/lib/python3.8/site-packages/airflow/example_dags/example_complex.py for tasks to queue
[2025-10-17T07:28:59.792+0000] {logging_mixin.py:154} INFO - [2025-10-17T07:28:59.792+0000] {dagbag.py:536} INFO - Filling up the DagBag from /home/airflow/.local/lib/python3.8/site-packages/airflow/example_dags/example_complex.py
[2025-10-17T07:28:59.827+0000] {processor.py:839} INFO - DAG(s) dict_keys(['example_complex']) retrieved from /home/airflow/.local/lib/python3.8/site-packages/airflow/example_dags/example_complex.py
[2025-10-17T07:28:59.887+0000] {logging_mixin.py:154} INFO - [2025-10-17T07:28:59.887+0000] {dag.py:2941} INFO - Sync 1 DAGs
[2025-10-17T07:28:59.910+0000] {logging_mixin.py:154} INFO - [2025-10-17T07:28:59.910+0000] {dag.py:3722} INFO - Setting next_dagrun for example_complex to None, run_after=None
[2025-10-17T07:28:59.944+0000] {processor.py:179} INFO - Processing /home/airflow/.local/lib/python3.8/site-packages/airflow/example_dags/example_complex.py took 0.160 seconds
[2025-10-17T07:30:25.826+0000] {processor.py:157} INFO - Started process (PID=102) to work on /home/airflow/.local/lib/python3.8/site-packages/airflow/example_dags/example_complex.py
[2025-10-17T07:30:25.828+0000] {processor.py:829} INFO - Processing file /home/airflow/.local/lib/python3.8/site-packages/airflow/example_dags/example_complex.py for tasks to queue
[2025-10-17T07:30:25.833+0000] {logging_mixin.py:154} INFO - [2025-10-17T07:30:25.832+0000] {dagbag.py:536} INFO - Filling up the DagBag from /home/airflow/.local/lib/python3.8/site-packages/airflow/example_dags/example_complex.py
[2025-10-17T07:30:25.854+0000] {processor.py:839} INFO - DAG(s) dict_keys(['example_complex']) retrieved from /home/airflow/.local/lib/python3.8/site-packages/airflow/example_dags/example_complex.py
[2025-10-17T07:30:26.059+0000] {logging_mixin.py:154} INFO - [2025-10-17T07:30:26.058+0000] {manager.py:499} INFO - Created Permission View: %s
[2025-10-17T07:30:26.080+0000] {logging_mixin.py:154} INFO - [2025-10-17T07:30:26.080+0000] {manager.py:499} INFO - Created Permission View: %s
[2025-10-17T07:30:26.098+0000] {logging_mixin.py:154} INFO - [2025-10-17T07:30:26.097+0000] {manager.py:499} INFO - Created Permission View: %s
[2025-10-17T07:30:26.098+0000] {logging_mixin.py:154} INFO - [2025-10-17T07:30:26.098+0000] {dag.py:2941} INFO - Sync 1 DAGs
[2025-10-17T07:30:26.118+0000] {logging_mixin.py:154} INFO - [2025-10-17T07:30:26.118+0000] {dag.py:2963} INFO - Creating ORM DAG for example_complex
[2025-10-17T07:30:26.119+0000] {logging_mixin.py:154} INFO - [2025-10-17T07:30:26.118+0000] {dag.py:3722} INFO - Setting next_dagrun for example_complex to None, run_after=None
[2025-10-17T07:30:26.154+0000] {processor.py:179} INFO - Processing /home/airflow/.local/lib/python3.8/site-packages/airflow/example_dags/example_complex.py took 0.335 seconds
[2025-10-17T07:30:56.853+0000] {processor.py:157} INFO - Started process (PID=158) to work on /home/airflow/.local/lib/python3.8/site-packages/airflow/example_dags/example_complex.py
[2025-10-17T07:30:56.855+0000] {processor.py:829} INFO - Processing file /home/airflow/.local/lib/python3.8/site-packages/airflow/example_dags/example_complex.py for tasks to queue
[2025-10-17T07:30:56.858+0000] {logging_mixin.py:154} INFO - [2025-10-17T07:30:56.858+0000] {dagbag.py:536} INFO - Filling up the DagBag from /home/airflow/.local/lib/python3.8/site-packages/airflow/example_dags/example_complex.py
[2025-10-17T07:30:56.871+0000] {processor.py:839} INFO - DAG(s) dict_keys(['example_complex']) retrieved from /home/airflow/.local/lib/python3.8/site-packages/airflow/example_dags/example_complex.py
[2025-10-17T07:30:56.911+0000] {logging_mixin.py:154} INFO - [2025-10-17T07:30:56.910+0000] {dag.py:2941} INFO - Sync 1 DAGs
[2025-10-17T07:30:56.927+0000] {logging_mixin.py:154} INFO - [2025-10-17T07:30:56.926+0000] {dag.py:3722} INFO - Setting next_dagrun for example_complex to None, run_after=None
[2025-10-17T07:30:56.961+0000] {processor.py:179} INFO - Processing /home/airflow/.local/lib/python3.8/site-packages/airflow/example_dags/example_complex.py took 0.114 seconds
[2025-10-17T07:31:27.286+0000] {processor.py:157} INFO - Started process (PID=214) to work on /home/airflow/.local/lib/python3.8/site-packages/airflow/example_dags/example_complex.py
[2025-10-17T07:31:27.287+0000] {processor.py:829} INFO - Processing file /home/airflow/.local/lib/python3.8/site-packages/airflow/example_dags/example_complex.py for tasks to queue
[2025-10-17T07:31:27.290+0000] {logging_mixin.py:154} INFO - [2025-10-17T07:31:27.289+0000] {dagbag.py:536} INFO - Filling up the DagBag from /home/airflow/.local/lib/python3.8/site-packages/airflow/example_dags/example_complex.py
[2025-10-17T07:31:27.299+0000] {processor.py:839} INFO - DAG(s) dict_keys(['example_complex']) retrieved from /home/airflow/.local/lib/python3.8/site-packages/airflow/example_dags/example_complex.py
[2025-10-17T07:31:27.324+0000] {logging_mixin.py:154} INFO - [2025-10-17T07:31:27.324+0000] {dag.py:2941} INFO - Sync 1 DAGs
[2025-10-17T07:31:27.336+0000] {logging_mixin.py:154} INFO - [2025-10-17T07:31:27.335+0000] {dag.py:3722} INFO - Setting next_dagrun for example_complex to None, run_after=None
[2025-10-17T07:31:27.355+0000] {processor.py:179} INFO - Processing /home/airflow/.local/lib/python3.8/site-packages/airflow/example_dags/example_complex.py took 0.071 seconds
[2025-10-17T07:31:57.633+0000] {processor.py:157} INFO - Started process (PID=270) to work on /home/airflow/.local/lib/python3.8/site-packages/airflow/example_dags/example_complex.py
[2025-10-17T07:31:57.634+0000] {processor.py:829} INFO - Processing file /home/airflow/.local/lib/python3.8/site-packages/airflow/example_dags/example_complex.py for tasks to queue
[2025-10-17T07:31:57.637+0000] {logging_mixin.py:154} INFO - [2025-10-17T07:31:57.637+0000] {dagbag.py:536} INFO - Filling up the DagBag from /home/airflow/.local/lib/python3.8/site-packages/airflow/example_dags/example_complex.py
[2025-10-17T07:31:57.647+0000] {processor.py:839} INFO - DAG(s) dict_keys(['example_complex']) retrieved from /home/airflow/.local/lib/python3.8/site-packages/airflow/example_dags/example_complex.py
[2025-10-17T07:31:57.673+0000] {logging_mixin.py:154} INFO - [2025-10-17T07:31:57.673+0000] {dag.py:2941} INFO - Sync 1 DAGs
[2025-10-17T07:31:57.685+0000] {logging_mixin.py:154} INFO - [2025-10-17T07:31:57.685+0000] {dag.py:3722} INFO - Setting next_dagrun for example_complex to None, run_after=None
[2025-10-17T07:31:57.703+0000] {processor.py:179} INFO - Processing /home/airflow/.local/lib/python3.8/site-packages/airflow/example_dags/example_complex.py took 0.073 seconds
[2025-10-17T07:32:27.951+0000] {processor.py:157} INFO - Started process (PID=330) to work on /home/airflow/.local/lib/python3.8/site-packages/airflow/example_dags/example_complex.py
[2025-10-17T07:32:27.952+0000] {processor.py:829} INFO - Processing file /home/airflow/.local/lib/python3.8/site-packages/airflow/example_dags/example_complex.py for tasks to queue
[2025-10-17T07:32:27.954+0000] {logging_mixin.py:154} INFO - [2025-10-17T07:32:27.954+0000] {dagbag.py:536} INFO - Filling up the DagBag from /home/airflow/.local/lib/python3.8/site-packages/airflow/example_dags/example_complex.py
[2025-10-17T07:32:27.963+0000] {processor.py:839} INFO - DAG(s) dict_keys(['example_complex']) retrieved from /home/airflow/.local/lib/python3.8/site-packages/airflow/example_dags/example_complex.py
[2025-10-17T07:32:27.991+0000] {logging_mixin.py:154} INFO - [2025-10-17T07:32:27.991+0000] {dag.py:2941} INFO - Sync 1 DAGs
[2025-10-17T07:32:28.002+0000] {logging_mixin.py:154} INFO - [2025-10-17T07:32:28.002+0000] {dag.py:3722} INFO - Setting next_dagrun for example_complex to None, run_after=None
[2025-10-17T07:32:28.021+0000] {processor.py:179} INFO - Processing /home/airflow/.local/lib/python3.8/site-packages/airflow/example_dags/example_complex.py took 0.073 seconds
[2025-10-17T07:35:46.302+0000] {processor.py:157} INFO - Started process (PID=98) to work on /home/airflow/.local/lib/python3.8/site-packages/airflow/example_dags/example_complex.py
[2025-10-17T07:35:46.304+0000] {processor.py:829} INFO - Processing file /home/airflow/.local/lib/python3.8/site-packages/airflow/example_dags/example_complex.py for tasks to queue
[2025-10-17T07:35:46.306+0000] {logging_mixin.py:154} INFO - [2025-10-17T07:35:46.306+0000] {dagbag.py:536} INFO - Filling up the DagBag from /home/airflow/.local/lib/python3.8/site-packages/airflow/example_dags/example_complex.py
[2025-10-17T07:35:46.317+0000] {processor.py:839} INFO - DAG(s) dict_keys(['example_complex']) retrieved from /home/airflow/.local/lib/python3.8/site-packages/airflow/example_dags/example_complex.py
[2025-10-17T07:35:46.432+0000] {logging_mixin.py:154} INFO - [2025-10-17T07:35:46.432+0000] {manager.py:499} INFO - Created Permission View: %s
[2025-10-17T07:35:46.446+0000] {logging_mixin.py:154} INFO - [2025-10-17T07:35:46.446+0000] {manager.py:499} INFO - Created Permission View: %s
[2025-10-17T07:35:46.456+0000] {logging_mixin.py:154} INFO - [2025-10-17T07:35:46.456+0000] {manager.py:499} INFO - Created Permission View: %s
[2025-10-17T07:35:46.457+0000] {logging_mixin.py:154} INFO - [2025-10-17T07:35:46.457+0000] {dag.py:2941} INFO - Sync 1 DAGs
[2025-10-17T07:35:46.468+0000] {logging_mixin.py:154} INFO - [2025-10-17T07:35:46.467+0000] {dag.py:2963} INFO - Creating ORM DAG for example_complex
[2025-10-17T07:35:46.468+0000] {logging_mixin.py:154} INFO - [2025-10-17T07:35:46.468+0000] {dag.py:3722} INFO - Setting next_dagrun for example_complex to None, run_after=None
[2025-10-17T07:35:46.489+0000] {processor.py:179} INFO - Processing /home/airflow/.local/lib/python3.8/site-packages/airflow/example_dags/example_complex.py took 0.191 seconds
[2025-10-17T07:36:17.045+0000] {processor.py:157} INFO - Started process (PID=154) to work on /home/airflow/.local/lib/python3.8/site-packages/airflow/example_dags/example_complex.py
[2025-10-17T07:36:17.046+0000] {processor.py:829} INFO - Processing file /home/airflow/.local/lib/python3.8/site-packages/airflow/example_dags/example_complex.py for tasks to queue
[2025-10-17T07:36:17.049+0000] {logging_mixin.py:154} INFO - [2025-10-17T07:36:17.048+0000] {dagbag.py:536} INFO - Filling up the DagBag from /home/airflow/.local/lib/python3.8/site-packages/airflow/example_dags/example_complex.py
[2025-10-17T07:36:17.057+0000] {processor.py:839} INFO - DAG(s) dict_keys(['example_complex']) retrieved from /home/airflow/.local/lib/python3.8/site-packages/airflow/example_dags/example_complex.py
[2025-10-17T07:36:17.082+0000] {logging_mixin.py:154} INFO - [2025-10-17T07:36:17.082+0000] {dag.py:2941} INFO - Sync 1 DAGs
[2025-10-17T07:36:17.092+0000] {logging_mixin.py:154} INFO - [2025-10-17T07:36:17.092+0000] {dag.py:3722} INFO - Setting next_dagrun for example_complex to None, run_after=None
[2025-10-17T07:36:17.107+0000] {processor.py:179} INFO - Processing /home/airflow/.local/lib/python3.8/site-packages/airflow/example_dags/example_complex.py took 0.065 seconds
[2025-10-17T07:36:47.575+0000] {processor.py:157} INFO - Started process (PID=210) to work on /home/airflow/.local/lib/python3.8/site-packages/airflow/example_dags/example_complex.py
[2025-10-17T07:36:47.576+0000] {processor.py:829} INFO - Processing file /home/airflow/.local/lib/python3.8/site-packages/airflow/example_dags/example_complex.py for tasks to queue
[2025-10-17T07:36:47.578+0000] {logging_mixin.py:154} INFO - [2025-10-17T07:36:47.577+0000] {dagbag.py:536} INFO - Filling up the DagBag from /home/airflow/.local/lib/python3.8/site-packages/airflow/example_dags/example_complex.py
[2025-10-17T07:36:47.586+0000] {processor.py:839} INFO - DAG(s) dict_keys(['example_complex']) retrieved from /home/airflow/.local/lib/python3.8/site-packages/airflow/example_dags/example_complex.py
[2025-10-17T07:36:47.612+0000] {logging_mixin.py:154} INFO - [2025-10-17T07:36:47.611+0000] {dag.py:2941} INFO - Sync 1 DAGs
[2025-10-17T07:36:47.623+0000] {logging_mixin.py:154} INFO - [2025-10-17T07:36:47.623+0000] {dag.py:3722} INFO - Setting next_dagrun for example_complex to None, run_after=None
[2025-10-17T07:36:47.640+0000] {processor.py:179} INFO - Processing /home/airflow/.local/lib/python3.8/site-packages/airflow/example_dags/example_complex.py took 0.068 seconds
[2025-10-17T07:37:17.991+0000] {processor.py:157} INFO - Started process (PID=266) to work on /home/airflow/.local/lib/python3.8/site-packages/airflow/example_dags/example_complex.py
[2025-10-17T07:37:17.992+0000] {processor.py:829} INFO - Processing file /home/airflow/.local/lib/python3.8/site-packages/airflow/example_dags/example_complex.py for tasks to queue
[2025-10-17T07:37:17.994+0000] {logging_mixin.py:154} INFO - [2025-10-17T07:37:17.994+0000] {dagbag.py:536} INFO - Filling up the DagBag from /home/airflow/.local/lib/python3.8/site-packages/airflow/example_dags/example_complex.py
[2025-10-17T07:37:18.003+0000] {processor.py:839} INFO - DAG(s) dict_keys(['example_complex']) retrieved from /home/airflow/.local/lib/python3.8/site-packages/airflow/example_dags/example_complex.py
[2025-10-17T07:37:18.031+0000] {logging_mixin.py:154} INFO - [2025-10-17T07:37:18.030+0000] {dag.py:2941} INFO - Sync 1 DAGs
[2025-10-17T07:37:18.042+0000] {logging_mixin.py:154} INFO - [2025-10-17T07:37:18.042+0000] {dag.py:3722} INFO - Setting next_dagrun for example_complex to None, run_after=None
[2025-10-17T07:37:18.060+0000] {processor.py:179} INFO - Processing /home/airflow/.local/lib/python3.8/site-packages/airflow/example_dags/example_complex.py took 0.073 seconds
[2025-10-17T07:38:47.787+0000] {processor.py:157} INFO - Started process (PID=99) to work on /home/airflow/.local/lib/python3.8/site-packages/airflow/example_dags/example_complex.py
[2025-10-17T07:38:47.789+0000] {processor.py:829} INFO - Processing file /home/airflow/.local/lib/python3.8/site-packages/airflow/example_dags/example_complex.py for tasks to queue
[2025-10-17T07:38:47.791+0000] {logging_mixin.py:154} INFO - [2025-10-17T07:38:47.791+0000] {dagbag.py:536} INFO - Filling up the DagBag from /home/airflow/.local/lib/python3.8/site-packages/airflow/example_dags/example_complex.py
[2025-10-17T07:38:47.801+0000] {processor.py:839} INFO - DAG(s) dict_keys(['example_complex']) retrieved from /home/airflow/.local/lib/python3.8/site-packages/airflow/example_dags/example_complex.py
[2025-10-17T07:38:47.904+0000] {logging_mixin.py:154} INFO - [2025-10-17T07:38:47.904+0000] {manager.py:499} INFO - Created Permission View: %s
[2025-10-17T07:38:47.913+0000] {logging_mixin.py:154} INFO - [2025-10-17T07:38:47.913+0000] {manager.py:499} INFO - Created Permission View: %s
[2025-10-17T07:38:47.920+0000] {logging_mixin.py:154} INFO - [2025-10-17T07:38:47.920+0000] {manager.py:499} INFO - Created Permission View: %s
[2025-10-17T07:38:47.920+0000] {logging_mixin.py:154} INFO - [2025-10-17T07:38:47.920+0000] {dag.py:2941} INFO - Sync 1 DAGs
[2025-10-17T07:38:47.929+0000] {logging_mixin.py:154} INFO - [2025-10-17T07:38:47.929+0000] {dag.py:2963} INFO - Creating ORM DAG for example_complex
[2025-10-17T07:38:47.930+0000] {logging_mixin.py:154} INFO - [2025-10-17T07:38:47.930+0000] {dag.py:3722} INFO - Setting next_dagrun for example_complex to None, run_after=None
[2025-10-17T07:38:47.946+0000] {processor.py:179} INFO - Processing /home/airflow/.local/lib/python3.8/site-packages/airflow/example_dags/example_complex.py took 0.162 seconds
[2025-10-17T07:39:18.575+0000] {processor.py:157} INFO - Started process (PID=155) to work on /home/airflow/.local/lib/python3.8/site-packages/airflow/example_dags/example_complex.py
[2025-10-17T07:39:18.576+0000] {processor.py:829} INFO - Processing file /home/airflow/.local/lib/python3.8/site-packages/airflow/example_dags/example_complex.py for tasks to queue
[2025-10-17T07:39:18.578+0000] {logging_mixin.py:154} INFO - [2025-10-17T07:39:18.578+0000] {dagbag.py:536} INFO - Filling up the DagBag from /home/airflow/.local/lib/python3.8/site-packages/airflow/example_dags/example_complex.py
[2025-10-17T07:39:18.587+0000] {processor.py:839} INFO - DAG(s) dict_keys(['example_complex']) retrieved from /home/airflow/.local/lib/python3.8/site-packages/airflow/example_dags/example_complex.py
[2025-10-17T07:39:18.614+0000] {logging_mixin.py:154} INFO - [2025-10-17T07:39:18.614+0000] {dag.py:2941} INFO - Sync 1 DAGs
[2025-10-17T07:39:18.624+0000] {logging_mixin.py:154} INFO - [2025-10-17T07:39:18.624+0000] {dag.py:3722} INFO - Setting next_dagrun for example_complex to None, run_after=None
[2025-10-17T07:39:18.640+0000] {processor.py:179} INFO - Processing /home/airflow/.local/lib/python3.8/site-packages/airflow/example_dags/example_complex.py took 0.068 seconds
[2025-10-17T07:39:49.002+0000] {processor.py:157} INFO - Started process (PID=211) to work on /home/airflow/.local/lib/python3.8/site-packages/airflow/example_dags/example_complex.py
[2025-10-17T07:39:49.003+0000] {processor.py:829} INFO - Processing file /home/airflow/.local/lib/python3.8/site-packages/airflow/example_dags/example_complex.py for tasks to queue
[2025-10-17T07:39:49.006+0000] {logging_mixin.py:154} INFO - [2025-10-17T07:39:49.005+0000] {dagbag.py:536} INFO - Filling up the DagBag from /home/airflow/.local/lib/python3.8/site-packages/airflow/example_dags/example_complex.py
[2025-10-17T07:39:49.016+0000] {processor.py:839} INFO - DAG(s) dict_keys(['example_complex']) retrieved from /home/airflow/.local/lib/python3.8/site-packages/airflow/example_dags/example_complex.py
[2025-10-17T07:39:49.056+0000] {logging_mixin.py:154} INFO - [2025-10-17T07:39:49.055+0000] {dag.py:2941} INFO - Sync 1 DAGs
[2025-10-17T07:39:49.076+0000] {logging_mixin.py:154} INFO - [2025-10-17T07:39:49.075+0000] {dag.py:3722} INFO - Setting next_dagrun for example_complex to None, run_after=None
[2025-10-17T07:39:49.095+0000] {processor.py:179} INFO - Processing /home/airflow/.local/lib/python3.8/site-packages/airflow/example_dags/example_complex.py took 0.096 seconds
[2025-10-17T07:40:20.079+0000] {processor.py:157} INFO - Started process (PID=267) to work on /home/airflow/.local/lib/python3.8/site-packages/airflow/example_dags/example_complex.py
[2025-10-17T07:40:20.081+0000] {processor.py:829} INFO - Processing file /home/airflow/.local/lib/python3.8/site-packages/airflow/example_dags/example_complex.py for tasks to queue
[2025-10-17T07:40:20.083+0000] {logging_mixin.py:154} INFO - [2025-10-17T07:40:20.083+0000] {dagbag.py:536} INFO - Filling up the DagBag from /home/airflow/.local/lib/python3.8/site-packages/airflow/example_dags/example_complex.py
[2025-10-17T07:40:20.093+0000] {processor.py:839} INFO - DAG(s) dict_keys(['example_complex']) retrieved from /home/airflow/.local/lib/python3.8/site-packages/airflow/example_dags/example_complex.py
[2025-10-17T07:40:20.119+0000] {logging_mixin.py:154} INFO - [2025-10-17T07:40:20.119+0000] {dag.py:2941} INFO - Sync 1 DAGs
[2025-10-17T07:40:20.130+0000] {logging_mixin.py:154} INFO - [2025-10-17T07:40:20.130+0000] {dag.py:3722} INFO - Setting next_dagrun for example_complex to None, run_after=None
[2025-10-17T07:40:20.149+0000] {processor.py:179} INFO - Processing /home/airflow/.local/lib/python3.8/site-packages/airflow/example_dags/example_complex.py took 0.073 seconds
[2025-10-17T07:40:50.642+0000] {processor.py:157} INFO - Started process (PID=323) to work on /home/airflow/.local/lib/python3.8/site-packages/airflow/example_dags/example_complex.py
[2025-10-17T07:40:50.644+0000] {processor.py:829} INFO - Processing file /home/airflow/.local/lib/python3.8/site-packages/airflow/example_dags/example_complex.py for tasks to queue
[2025-10-17T07:40:50.646+0000] {logging_mixin.py:154} INFO - [2025-10-17T07:40:50.646+0000] {dagbag.py:536} INFO - Filling up the DagBag from /home/airflow/.local/lib/python3.8/site-packages/airflow/example_dags/example_complex.py
[2025-10-17T07:40:50.655+0000] {processor.py:839} INFO - DAG(s) dict_keys(['example_complex']) retrieved from /home/airflow/.local/lib/python3.8/site-packages/airflow/example_dags/example_complex.py
[2025-10-17T07:40:50.680+0000] {logging_mixin.py:154} INFO - [2025-10-17T07:40:50.680+0000] {dag.py:2941} INFO - Sync 1 DAGs
[2025-10-17T07:40:50.690+0000] {logging_mixin.py:154} INFO - [2025-10-17T07:40:50.690+0000] {dag.py:3722} INFO - Setting next_dagrun for example_complex to None, run_after=None
[2025-10-17T07:40:50.706+0000] {processor.py:179} INFO - Processing /home/airflow/.local/lib/python3.8/site-packages/airflow/example_dags/example_complex.py took 0.067 seconds
[2025-10-17T07:42:30.837+0000] {processor.py:157} INFO - Started process (PID=98) to work on /home/airflow/.local/lib/python3.8/site-packages/airflow/example_dags/example_complex.py
[2025-10-17T07:42:30.838+0000] {processor.py:829} INFO - Processing file /home/airflow/.local/lib/python3.8/site-packages/airflow/example_dags/example_complex.py for tasks to queue
[2025-10-17T07:42:30.840+0000] {logging_mixin.py:154} INFO - [2025-10-17T07:42:30.840+0000] {dagbag.py:536} INFO - Filling up the DagBag from /home/airflow/.local/lib/python3.8/site-packages/airflow/example_dags/example_complex.py
[2025-10-17T07:42:30.851+0000] {processor.py:839} INFO - DAG(s) dict_keys(['example_complex']) retrieved from /home/airflow/.local/lib/python3.8/site-packages/airflow/example_dags/example_complex.py
[2025-10-17T07:42:30.947+0000] {logging_mixin.py:154} INFO - [2025-10-17T07:42:30.947+0000] {manager.py:499} INFO - Created Permission View: %s
[2025-10-17T07:42:30.956+0000] {logging_mixin.py:154} INFO - [2025-10-17T07:42:30.956+0000] {manager.py:499} INFO - Created Permission View: %s
[2025-10-17T07:42:30.963+0000] {logging_mixin.py:154} INFO - [2025-10-17T07:42:30.963+0000] {manager.py:499} INFO - Created Permission View: %s
[2025-10-17T07:42:30.963+0000] {logging_mixin.py:154} INFO - [2025-10-17T07:42:30.963+0000] {dag.py:2941} INFO - Sync 1 DAGs
[2025-10-17T07:42:30.973+0000] {logging_mixin.py:154} INFO - [2025-10-17T07:42:30.973+0000] {dag.py:2963} INFO - Creating ORM DAG for example_complex
[2025-10-17T07:42:30.974+0000] {logging_mixin.py:154} INFO - [2025-10-17T07:42:30.974+0000] {dag.py:3722} INFO - Setting next_dagrun for example_complex to None, run_after=None
[2025-10-17T07:42:30.992+0000] {processor.py:179} INFO - Processing /home/airflow/.local/lib/python3.8/site-packages/airflow/example_dags/example_complex.py took 0.158 seconds
[2025-10-17T07:43:01.176+0000] {processor.py:157} INFO - Started process (PID=154) to work on /home/airflow/.local/lib/python3.8/site-packages/airflow/example_dags/example_complex.py
[2025-10-17T07:43:01.177+0000] {processor.py:829} INFO - Processing file /home/airflow/.local/lib/python3.8/site-packages/airflow/example_dags/example_complex.py for tasks to queue
[2025-10-17T07:43:01.180+0000] {logging_mixin.py:154} INFO - [2025-10-17T07:43:01.179+0000] {dagbag.py:536} INFO - Filling up the DagBag from /home/airflow/.local/lib/python3.8/site-packages/airflow/example_dags/example_complex.py
[2025-10-17T07:43:01.189+0000] {processor.py:839} INFO - DAG(s) dict_keys(['example_complex']) retrieved from /home/airflow/.local/lib/python3.8/site-packages/airflow/example_dags/example_complex.py
[2025-10-17T07:43:01.219+0000] {logging_mixin.py:154} INFO - [2025-10-17T07:43:01.219+0000] {dag.py:2941} INFO - Sync 1 DAGs
[2025-10-17T07:43:01.230+0000] {logging_mixin.py:154} INFO - [2025-10-17T07:43:01.230+0000] {dag.py:3722} INFO - Setting next_dagrun for example_complex to None, run_after=None
[2025-10-17T07:43:01.250+0000] {processor.py:179} INFO - Processing /home/airflow/.local/lib/python3.8/site-packages/airflow/example_dags/example_complex.py took 0.076 seconds
[2025-10-17T07:44:37.404+0000] {processor.py:157} INFO - Started process (PID=83) to work on /home/airflow/.local/lib/python3.8/site-packages/airflow/example_dags/example_complex.py
[2025-10-17T07:44:37.406+0000] {processor.py:829} INFO - Processing file /home/airflow/.local/lib/python3.8/site-packages/airflow/example_dags/example_complex.py for tasks to queue
[2025-10-17T07:44:37.410+0000] {logging_mixin.py:154} INFO - [2025-10-17T07:44:37.410+0000] {dagbag.py:536} INFO - Filling up the DagBag from /home/airflow/.local/lib/python3.8/site-packages/airflow/example_dags/example_complex.py
[2025-10-17T07:44:37.424+0000] {processor.py:839} INFO - DAG(s) dict_keys(['example_complex']) retrieved from /home/airflow/.local/lib/python3.8/site-packages/airflow/example_dags/example_complex.py
[2025-10-17T07:44:37.557+0000] {logging_mixin.py:154} INFO - [2025-10-17T07:44:37.556+0000] {manager.py:499} INFO - Created Permission View: %s
[2025-10-17T07:44:37.568+0000] {logging_mixin.py:154} INFO - [2025-10-17T07:44:37.567+0000] {manager.py:499} INFO - Created Permission View: %s
[2025-10-17T07:44:37.574+0000] {logging_mixin.py:154} INFO - [2025-10-17T07:44:37.574+0000] {manager.py:499} INFO - Created Permission View: %s
[2025-10-17T07:44:37.575+0000] {logging_mixin.py:154} INFO - [2025-10-17T07:44:37.575+0000] {dag.py:2941} INFO - Sync 1 DAGs
[2025-10-17T07:44:37.596+0000] {logging_mixin.py:154} INFO - [2025-10-17T07:44:37.596+0000] {dag.py:2963} INFO - Creating ORM DAG for example_complex
[2025-10-17T07:44:37.597+0000] {logging_mixin.py:154} INFO - [2025-10-17T07:44:37.597+0000] {dag.py:3722} INFO - Setting next_dagrun for example_complex to None, run_after=None
[2025-10-17T07:44:37.619+0000] {processor.py:179} INFO - Processing /home/airflow/.local/lib/python3.8/site-packages/airflow/example_dags/example_complex.py took 0.220 seconds
[2025-10-17T07:45:07.657+0000] {processor.py:157} INFO - Started process (PID=139) to work on /home/airflow/.local/lib/python3.8/site-packages/airflow/example_dags/example_complex.py
[2025-10-17T07:45:07.657+0000] {processor.py:829} INFO - Processing file /home/airflow/.local/lib/python3.8/site-packages/airflow/example_dags/example_complex.py for tasks to queue
[2025-10-17T07:45:07.660+0000] {logging_mixin.py:154} INFO - [2025-10-17T07:45:07.659+0000] {dagbag.py:536} INFO - Filling up the DagBag from /home/airflow/.local/lib/python3.8/site-packages/airflow/example_dags/example_complex.py
[2025-10-17T07:45:07.673+0000] {processor.py:839} INFO - DAG(s) dict_keys(['example_complex']) retrieved from /home/airflow/.local/lib/python3.8/site-packages/airflow/example_dags/example_complex.py
[2025-10-17T07:45:07.708+0000] {logging_mixin.py:154} INFO - [2025-10-17T07:45:07.708+0000] {dag.py:2941} INFO - Sync 1 DAGs
[2025-10-17T07:45:07.727+0000] {logging_mixin.py:154} INFO - [2025-10-17T07:45:07.727+0000] {dag.py:3722} INFO - Setting next_dagrun for example_complex to None, run_after=None
[2025-10-17T07:45:07.752+0000] {processor.py:179} INFO - Processing /home/airflow/.local/lib/python3.8/site-packages/airflow/example_dags/example_complex.py took 0.100 seconds
[2025-10-17T07:46:22.665+0000] {processor.py:157} INFO - Started process (PID=98) to work on /home/airflow/.local/lib/python3.8/site-packages/airflow/example_dags/example_complex.py
[2025-10-17T07:46:22.667+0000] {processor.py:829} INFO - Processing file /home/airflow/.local/lib/python3.8/site-packages/airflow/example_dags/example_complex.py for tasks to queue
[2025-10-17T07:46:22.670+0000] {logging_mixin.py:154} INFO - [2025-10-17T07:46:22.669+0000] {dagbag.py:536} INFO - Filling up the DagBag from /home/airflow/.local/lib/python3.8/site-packages/airflow/example_dags/example_complex.py
[2025-10-17T07:46:22.690+0000] {processor.py:839} INFO - DAG(s) dict_keys(['example_complex']) retrieved from /home/airflow/.local/lib/python3.8/site-packages/airflow/example_dags/example_complex.py
[2025-10-17T07:46:22.789+0000] {logging_mixin.py:154} INFO - [2025-10-17T07:46:22.789+0000] {manager.py:499} INFO - Created Permission View: %s
[2025-10-17T07:46:22.800+0000] {logging_mixin.py:154} INFO - [2025-10-17T07:46:22.799+0000] {manager.py:499} INFO - Created Permission View: %s
[2025-10-17T07:46:22.806+0000] {logging_mixin.py:154} INFO - [2025-10-17T07:46:22.806+0000] {manager.py:499} INFO - Created Permission View: %s
[2025-10-17T07:46:22.807+0000] {logging_mixin.py:154} INFO - [2025-10-17T07:46:22.807+0000] {dag.py:2941} INFO - Sync 1 DAGs
[2025-10-17T07:46:22.816+0000] {logging_mixin.py:154} INFO - [2025-10-17T07:46:22.816+0000] {dag.py:2963} INFO - Creating ORM DAG for example_complex
[2025-10-17T07:46:22.817+0000] {logging_mixin.py:154} INFO - [2025-10-17T07:46:22.817+0000] {dag.py:3722} INFO - Setting next_dagrun for example_complex to None, run_after=None
[2025-10-17T07:46:22.836+0000] {processor.py:179} INFO - Processing /home/airflow/.local/lib/python3.8/site-packages/airflow/example_dags/example_complex.py took 0.175 seconds
[2025-10-17T07:46:53.618+0000] {processor.py:157} INFO - Started process (PID=154) to work on /home/airflow/.local/lib/python3.8/site-packages/airflow/example_dags/example_complex.py
[2025-10-17T07:46:53.620+0000] {processor.py:829} INFO - Processing file /home/airflow/.local/lib/python3.8/site-packages/airflow/example_dags/example_complex.py for tasks to queue
[2025-10-17T07:46:53.622+0000] {logging_mixin.py:154} INFO - [2025-10-17T07:46:53.621+0000] {dagbag.py:536} INFO - Filling up the DagBag from /home/airflow/.local/lib/python3.8/site-packages/airflow/example_dags/example_complex.py
[2025-10-17T07:46:53.631+0000] {processor.py:839} INFO - DAG(s) dict_keys(['example_complex']) retrieved from /home/airflow/.local/lib/python3.8/site-packages/airflow/example_dags/example_complex.py
[2025-10-17T07:46:53.659+0000] {logging_mixin.py:154} INFO - [2025-10-17T07:46:53.658+0000] {dag.py:2941} INFO - Sync 1 DAGs
[2025-10-17T07:46:53.670+0000] {logging_mixin.py:154} INFO - [2025-10-17T07:46:53.669+0000] {dag.py:3722} INFO - Setting next_dagrun for example_complex to None, run_after=None
[2025-10-17T07:46:53.688+0000] {processor.py:179} INFO - Processing /home/airflow/.local/lib/python3.8/site-packages/airflow/example_dags/example_complex.py took 0.073 seconds
[2025-10-17T07:47:24.645+0000] {processor.py:157} INFO - Started process (PID=210) to work on /home/airflow/.local/lib/python3.8/site-packages/airflow/example_dags/example_complex.py
[2025-10-17T07:47:24.646+0000] {processor.py:829} INFO - Processing file /home/airflow/.local/lib/python3.8/site-packages/airflow/example_dags/example_complex.py for tasks to queue
[2025-10-17T07:47:24.648+0000] {logging_mixin.py:154} INFO - [2025-10-17T07:47:24.648+0000] {dagbag.py:536} INFO - Filling up the DagBag from /home/airflow/.local/lib/python3.8/site-packages/airflow/example_dags/example_complex.py
[2025-10-17T07:47:24.662+0000] {processor.py:839} INFO - DAG(s) dict_keys(['example_complex']) retrieved from /home/airflow/.local/lib/python3.8/site-packages/airflow/example_dags/example_complex.py
[2025-10-17T07:47:24.694+0000] {logging_mixin.py:154} INFO - [2025-10-17T07:47:24.693+0000] {dag.py:2941} INFO - Sync 1 DAGs
[2025-10-17T07:47:24.707+0000] {logging_mixin.py:154} INFO - [2025-10-17T07:47:24.707+0000] {dag.py:3722} INFO - Setting next_dagrun for example_complex to None, run_after=None
[2025-10-17T07:47:24.726+0000] {processor.py:179} INFO - Processing /home/airflow/.local/lib/python3.8/site-packages/airflow/example_dags/example_complex.py took 0.085 seconds
[2025-10-17T07:47:55.115+0000] {processor.py:157} INFO - Started process (PID=266) to work on /home/airflow/.local/lib/python3.8/site-packages/airflow/example_dags/example_complex.py
[2025-10-17T07:47:55.117+0000] {processor.py:829} INFO - Processing file /home/airflow/.local/lib/python3.8/site-packages/airflow/example_dags/example_complex.py for tasks to queue
[2025-10-17T07:47:55.120+0000] {logging_mixin.py:154} INFO - [2025-10-17T07:47:55.120+0000] {dagbag.py:536} INFO - Filling up the DagBag from /home/airflow/.local/lib/python3.8/site-packages/airflow/example_dags/example_complex.py
[2025-10-17T07:47:55.131+0000] {processor.py:839} INFO - DAG(s) dict_keys(['example_complex']) retrieved from /home/airflow/.local/lib/python3.8/site-packages/airflow/example_dags/example_complex.py
[2025-10-17T07:47:55.160+0000] {logging_mixin.py:154} INFO - [2025-10-17T07:47:55.160+0000] {dag.py:2941} INFO - Sync 1 DAGs
[2025-10-17T07:47:55.172+0000] {logging_mixin.py:154} INFO - [2025-10-17T07:47:55.172+0000] {dag.py:3722} INFO - Setting next_dagrun for example_complex to None, run_after=None
[2025-10-17T07:47:55.191+0000] {processor.py:179} INFO - Processing /home/airflow/.local/lib/python3.8/site-packages/airflow/example_dags/example_complex.py took 0.080 seconds
[2025-10-17T07:48:25.517+0000] {processor.py:157} INFO - Started process (PID=322) to work on /home/airflow/.local/lib/python3.8/site-packages/airflow/example_dags/example_complex.py
[2025-10-17T07:48:25.518+0000] {processor.py:829} INFO - Processing file /home/airflow/.local/lib/python3.8/site-packages/airflow/example_dags/example_complex.py for tasks to queue
[2025-10-17T07:48:25.520+0000] {logging_mixin.py:154} INFO - [2025-10-17T07:48:25.520+0000] {dagbag.py:536} INFO - Filling up the DagBag from /home/airflow/.local/lib/python3.8/site-packages/airflow/example_dags/example_complex.py
[2025-10-17T07:48:25.529+0000] {processor.py:839} INFO - DAG(s) dict_keys(['example_complex']) retrieved from /home/airflow/.local/lib/python3.8/site-packages/airflow/example_dags/example_complex.py
[2025-10-17T07:48:25.555+0000] {logging_mixin.py:154} INFO - [2025-10-17T07:48:25.555+0000] {dag.py:2941} INFO - Sync 1 DAGs
[2025-10-17T07:48:25.565+0000] {logging_mixin.py:154} INFO - [2025-10-17T07:48:25.565+0000] {dag.py:3722} INFO - Setting next_dagrun for example_complex to None, run_after=None
[2025-10-17T07:48:25.581+0000] {processor.py:179} INFO - Processing /home/airflow/.local/lib/python3.8/site-packages/airflow/example_dags/example_complex.py took 0.067 seconds
[2025-10-17T07:48:56.467+0000] {processor.py:157} INFO - Started process (PID=378) to work on /home/airflow/.local/lib/python3.8/site-packages/airflow/example_dags/example_complex.py
[2025-10-17T07:48:56.468+0000] {processor.py:829} INFO - Processing file /home/airflow/.local/lib/python3.8/site-packages/airflow/example_dags/example_complex.py for tasks to queue
[2025-10-17T07:48:56.470+0000] {logging_mixin.py:154} INFO - [2025-10-17T07:48:56.470+0000] {dagbag.py:536} INFO - Filling up the DagBag from /home/airflow/.local/lib/python3.8/site-packages/airflow/example_dags/example_complex.py
[2025-10-17T07:48:56.479+0000] {processor.py:839} INFO - DAG(s) dict_keys(['example_complex']) retrieved from /home/airflow/.local/lib/python3.8/site-packages/airflow/example_dags/example_complex.py
[2025-10-17T07:48:56.507+0000] {logging_mixin.py:154} INFO - [2025-10-17T07:48:56.507+0000] {dag.py:2941} INFO - Sync 1 DAGs
[2025-10-17T07:48:56.518+0000] {logging_mixin.py:154} INFO - [2025-10-17T07:48:56.518+0000] {dag.py:3722} INFO - Setting next_dagrun for example_complex to None, run_after=None
[2025-10-17T07:48:56.538+0000] {processor.py:179} INFO - Processing /home/airflow/.local/lib/python3.8/site-packages/airflow/example_dags/example_complex.py took 0.075 seconds
[2025-10-17T07:49:26.957+0000] {processor.py:157} INFO - Started process (PID=434) to work on /home/airflow/.local/lib/python3.8/site-packages/airflow/example_dags/example_complex.py
[2025-10-17T07:49:26.958+0000] {processor.py:829} INFO - Processing file /home/airflow/.local/lib/python3.8/site-packages/airflow/example_dags/example_complex.py for tasks to queue
[2025-10-17T07:49:26.961+0000] {logging_mixin.py:154} INFO - [2025-10-17T07:49:26.960+0000] {dagbag.py:536} INFO - Filling up the DagBag from /home/airflow/.local/lib/python3.8/site-packages/airflow/example_dags/example_complex.py
[2025-10-17T07:49:26.970+0000] {processor.py:839} INFO - DAG(s) dict_keys(['example_complex']) retrieved from /home/airflow/.local/lib/python3.8/site-packages/airflow/example_dags/example_complex.py
[2025-10-17T07:49:26.995+0000] {logging_mixin.py:154} INFO - [2025-10-17T07:49:26.995+0000] {dag.py:2941} INFO - Sync 1 DAGs
[2025-10-17T07:49:27.005+0000] {logging_mixin.py:154} INFO - [2025-10-17T07:49:27.005+0000] {dag.py:3722} INFO - Setting next_dagrun for example_complex to None, run_after=None
[2025-10-17T07:49:27.023+0000] {processor.py:179} INFO - Processing /home/airflow/.local/lib/python3.8/site-packages/airflow/example_dags/example_complex.py took 0.069 seconds
[2025-10-17T07:49:57.759+0000] {processor.py:157} INFO - Started process (PID=490) to work on /home/airflow/.local/lib/python3.8/site-packages/airflow/example_dags/example_complex.py
[2025-10-17T07:49:57.761+0000] {processor.py:829} INFO - Processing file /home/airflow/.local/lib/python3.8/site-packages/airflow/example_dags/example_complex.py for tasks to queue
[2025-10-17T07:49:57.763+0000] {logging_mixin.py:154} INFO - [2025-10-17T07:49:57.763+0000] {dagbag.py:536} INFO - Filling up the DagBag from /home/airflow/.local/lib/python3.8/site-packages/airflow/example_dags/example_complex.py
[2025-10-17T07:49:57.773+0000] {processor.py:839} INFO - DAG(s) dict_keys(['example_complex']) retrieved from /home/airflow/.local/lib/python3.8/site-packages/airflow/example_dags/example_complex.py
[2025-10-17T07:49:57.800+0000] {logging_mixin.py:154} INFO - [2025-10-17T07:49:57.800+0000] {dag.py:2941} INFO - Sync 1 DAGs
[2025-10-17T07:49:57.811+0000] {logging_mixin.py:154} INFO - [2025-10-17T07:49:57.811+0000] {dag.py:3722} INFO - Setting next_dagrun for example_complex to None, run_after=None
[2025-10-17T07:49:57.830+0000] {processor.py:179} INFO - Processing /home/airflow/.local/lib/python3.8/site-packages/airflow/example_dags/example_complex.py took 0.074 seconds
[2025-10-17T07:50:27.919+0000] {processor.py:157} INFO - Started process (PID=546) to work on /home/airflow/.local/lib/python3.8/site-packages/airflow/example_dags/example_complex.py
[2025-10-17T07:50:27.920+0000] {processor.py:829} INFO - Processing file /home/airflow/.local/lib/python3.8/site-packages/airflow/example_dags/example_complex.py for tasks to queue
[2025-10-17T07:50:27.922+0000] {logging_mixin.py:154} INFO - [2025-10-17T07:50:27.921+0000] {dagbag.py:536} INFO - Filling up the DagBag from /home/airflow/.local/lib/python3.8/site-packages/airflow/example_dags/example_complex.py
[2025-10-17T07:50:27.930+0000] {processor.py:839} INFO - DAG(s) dict_keys(['example_complex']) retrieved from /home/airflow/.local/lib/python3.8/site-packages/airflow/example_dags/example_complex.py
[2025-10-17T07:50:27.956+0000] {logging_mixin.py:154} INFO - [2025-10-17T07:50:27.956+0000] {dag.py:2941} INFO - Sync 1 DAGs
[2025-10-17T07:50:27.967+0000] {logging_mixin.py:154} INFO - [2025-10-17T07:50:27.967+0000] {dag.py:3722} INFO - Setting next_dagrun for example_complex to None, run_after=None
[2025-10-17T07:50:27.985+0000] {processor.py:179} INFO - Processing /home/airflow/.local/lib/python3.8/site-packages/airflow/example_dags/example_complex.py took 0.070 seconds
[2025-10-17T07:50:58.717+0000] {processor.py:157} INFO - Started process (PID=602) to work on /home/airflow/.local/lib/python3.8/site-packages/airflow/example_dags/example_complex.py
[2025-10-17T07:50:58.718+0000] {processor.py:829} INFO - Processing file /home/airflow/.local/lib/python3.8/site-packages/airflow/example_dags/example_complex.py for tasks to queue
[2025-10-17T07:50:58.720+0000] {logging_mixin.py:154} INFO - [2025-10-17T07:50:58.720+0000] {dagbag.py:536} INFO - Filling up the DagBag from /home/airflow/.local/lib/python3.8/site-packages/airflow/example_dags/example_complex.py
[2025-10-17T07:50:58.730+0000] {processor.py:839} INFO - DAG(s) dict_keys(['example_complex']) retrieved from /home/airflow/.local/lib/python3.8/site-packages/airflow/example_dags/example_complex.py
[2025-10-17T07:50:58.755+0000] {logging_mixin.py:154} INFO - [2025-10-17T07:50:58.755+0000] {dag.py:2941} INFO - Sync 1 DAGs
[2025-10-17T07:50:58.766+0000] {logging_mixin.py:154} INFO - [2025-10-17T07:50:58.766+0000] {dag.py:3722} INFO - Setting next_dagrun for example_complex to None, run_after=None
[2025-10-17T07:50:58.786+0000] {processor.py:179} INFO - Processing /home/airflow/.local/lib/python3.8/site-packages/airflow/example_dags/example_complex.py took 0.073 seconds
[2025-10-17T07:51:29.386+0000] {processor.py:157} INFO - Started process (PID=658) to work on /home/airflow/.local/lib/python3.8/site-packages/airflow/example_dags/example_complex.py
[2025-10-17T07:51:29.387+0000] {processor.py:829} INFO - Processing file /home/airflow/.local/lib/python3.8/site-packages/airflow/example_dags/example_complex.py for tasks to queue
[2025-10-17T07:51:29.389+0000] {logging_mixin.py:154} INFO - [2025-10-17T07:51:29.389+0000] {dagbag.py:536} INFO - Filling up the DagBag from /home/airflow/.local/lib/python3.8/site-packages/airflow/example_dags/example_complex.py
[2025-10-17T07:51:29.399+0000] {processor.py:839} INFO - DAG(s) dict_keys(['example_complex']) retrieved from /home/airflow/.local/lib/python3.8/site-packages/airflow/example_dags/example_complex.py
[2025-10-17T07:51:29.428+0000] {logging_mixin.py:154} INFO - [2025-10-17T07:51:29.428+0000] {dag.py:2941} INFO - Sync 1 DAGs
[2025-10-17T07:51:29.441+0000] {logging_mixin.py:154} INFO - [2025-10-17T07:51:29.440+0000] {dag.py:3722} INFO - Setting next_dagrun for example_complex to None, run_after=None
[2025-10-17T07:51:29.464+0000] {processor.py:179} INFO - Processing /home/airflow/.local/lib/python3.8/site-packages/airflow/example_dags/example_complex.py took 0.081 seconds
[2025-10-17T07:51:59.948+0000] {processor.py:157} INFO - Started process (PID=714) to work on /home/airflow/.local/lib/python3.8/site-packages/airflow/example_dags/example_complex.py
[2025-10-17T07:51:59.949+0000] {processor.py:829} INFO - Processing file /home/airflow/.local/lib/python3.8/site-packages/airflow/example_dags/example_complex.py for tasks to queue
[2025-10-17T07:51:59.951+0000] {logging_mixin.py:154} INFO - [2025-10-17T07:51:59.951+0000] {dagbag.py:536} INFO - Filling up the DagBag from /home/airflow/.local/lib/python3.8/site-packages/airflow/example_dags/example_complex.py
[2025-10-17T07:51:59.960+0000] {processor.py:839} INFO - DAG(s) dict_keys(['example_complex']) retrieved from /home/airflow/.local/lib/python3.8/site-packages/airflow/example_dags/example_complex.py
[2025-10-17T07:51:59.987+0000] {logging_mixin.py:154} INFO - [2025-10-17T07:51:59.987+0000] {dag.py:2941} INFO - Sync 1 DAGs
[2025-10-17T07:51:59.999+0000] {logging_mixin.py:154} INFO - [2025-10-17T07:51:59.999+0000] {dag.py:3722} INFO - Setting next_dagrun for example_complex to None, run_after=None
[2025-10-17T07:52:00.022+0000] {processor.py:179} INFO - Processing /home/airflow/.local/lib/python3.8/site-packages/airflow/example_dags/example_complex.py took 0.077 seconds
[2025-10-17T08:08:55.731+0000] {processor.py:157} INFO - Started process (PID=99) to work on /home/airflow/.local/lib/python3.8/site-packages/airflow/example_dags/example_complex.py
[2025-10-17T08:08:55.732+0000] {processor.py:829} INFO - Processing file /home/airflow/.local/lib/python3.8/site-packages/airflow/example_dags/example_complex.py for tasks to queue
[2025-10-17T08:08:55.735+0000] {logging_mixin.py:154} INFO - [2025-10-17T08:08:55.734+0000] {dagbag.py:536} INFO - Filling up the DagBag from /home/airflow/.local/lib/python3.8/site-packages/airflow/example_dags/example_complex.py
[2025-10-17T08:08:55.747+0000] {processor.py:839} INFO - DAG(s) dict_keys(['example_complex']) retrieved from /home/airflow/.local/lib/python3.8/site-packages/airflow/example_dags/example_complex.py
[2025-10-17T08:08:55.860+0000] {logging_mixin.py:154} INFO - [2025-10-17T08:08:55.860+0000] {manager.py:499} INFO - Created Permission View: %s
[2025-10-17T08:08:55.870+0000] {logging_mixin.py:154} INFO - [2025-10-17T08:08:55.869+0000] {manager.py:499} INFO - Created Permission View: %s
[2025-10-17T08:08:55.876+0000] {logging_mixin.py:154} INFO - [2025-10-17T08:08:55.876+0000] {manager.py:499} INFO - Created Permission View: %s
[2025-10-17T08:08:55.876+0000] {logging_mixin.py:154} INFO - [2025-10-17T08:08:55.876+0000] {dag.py:2941} INFO - Sync 1 DAGs
[2025-10-17T08:08:55.888+0000] {logging_mixin.py:154} INFO - [2025-10-17T08:08:55.888+0000] {dag.py:2963} INFO - Creating ORM DAG for example_complex
[2025-10-17T08:08:55.888+0000] {logging_mixin.py:154} INFO - [2025-10-17T08:08:55.888+0000] {dag.py:3722} INFO - Setting next_dagrun for example_complex to None, run_after=None
[2025-10-17T08:08:55.907+0000] {processor.py:179} INFO - Processing /home/airflow/.local/lib/python3.8/site-packages/airflow/example_dags/example_complex.py took 0.180 seconds
[2025-10-17T08:09:26.638+0000] {processor.py:157} INFO - Started process (PID=155) to work on /home/airflow/.local/lib/python3.8/site-packages/airflow/example_dags/example_complex.py
[2025-10-17T08:09:26.639+0000] {processor.py:829} INFO - Processing file /home/airflow/.local/lib/python3.8/site-packages/airflow/example_dags/example_complex.py for tasks to queue
[2025-10-17T08:09:26.641+0000] {logging_mixin.py:154} INFO - [2025-10-17T08:09:26.641+0000] {dagbag.py:536} INFO - Filling up the DagBag from /home/airflow/.local/lib/python3.8/site-packages/airflow/example_dags/example_complex.py
[2025-10-17T08:09:26.650+0000] {processor.py:839} INFO - DAG(s) dict_keys(['example_complex']) retrieved from /home/airflow/.local/lib/python3.8/site-packages/airflow/example_dags/example_complex.py
[2025-10-17T08:09:26.676+0000] {logging_mixin.py:154} INFO - [2025-10-17T08:09:26.676+0000] {dag.py:2941} INFO - Sync 1 DAGs
[2025-10-17T08:09:26.688+0000] {logging_mixin.py:154} INFO - [2025-10-17T08:09:26.687+0000] {dag.py:3722} INFO - Setting next_dagrun for example_complex to None, run_after=None
[2025-10-17T08:09:26.705+0000] {processor.py:179} INFO - Processing /home/airflow/.local/lib/python3.8/site-packages/airflow/example_dags/example_complex.py took 0.071 seconds
[2025-10-17T08:09:56.776+0000] {processor.py:157} INFO - Started process (PID=211) to work on /home/airflow/.local/lib/python3.8/site-packages/airflow/example_dags/example_complex.py
[2025-10-17T08:09:56.777+0000] {processor.py:829} INFO - Processing file /home/airflow/.local/lib/python3.8/site-packages/airflow/example_dags/example_complex.py for tasks to queue
[2025-10-17T08:09:56.780+0000] {logging_mixin.py:154} INFO - [2025-10-17T08:09:56.779+0000] {dagbag.py:536} INFO - Filling up the DagBag from /home/airflow/.local/lib/python3.8/site-packages/airflow/example_dags/example_complex.py
[2025-10-17T08:09:56.789+0000] {processor.py:839} INFO - DAG(s) dict_keys(['example_complex']) retrieved from /home/airflow/.local/lib/python3.8/site-packages/airflow/example_dags/example_complex.py
[2025-10-17T08:09:56.817+0000] {logging_mixin.py:154} INFO - [2025-10-17T08:09:56.817+0000] {dag.py:2941} INFO - Sync 1 DAGs
[2025-10-17T08:09:56.828+0000] {logging_mixin.py:154} INFO - [2025-10-17T08:09:56.828+0000] {dag.py:3722} INFO - Setting next_dagrun for example_complex to None, run_after=None
[2025-10-17T08:09:56.845+0000] {processor.py:179} INFO - Processing /home/airflow/.local/lib/python3.8/site-packages/airflow/example_dags/example_complex.py took 0.072 seconds
[2025-10-17T08:10:27.900+0000] {processor.py:157} INFO - Started process (PID=267) to work on /home/airflow/.local/lib/python3.8/site-packages/airflow/example_dags/example_complex.py
[2025-10-17T08:10:27.902+0000] {processor.py:829} INFO - Processing file /home/airflow/.local/lib/python3.8/site-packages/airflow/example_dags/example_complex.py for tasks to queue
[2025-10-17T08:10:27.905+0000] {logging_mixin.py:154} INFO - [2025-10-17T08:10:27.904+0000] {dagbag.py:536} INFO - Filling up the DagBag from /home/airflow/.local/lib/python3.8/site-packages/airflow/example_dags/example_complex.py
[2025-10-17T08:10:27.914+0000] {processor.py:839} INFO - DAG(s) dict_keys(['example_complex']) retrieved from /home/airflow/.local/lib/python3.8/site-packages/airflow/example_dags/example_complex.py
[2025-10-17T08:10:27.947+0000] {logging_mixin.py:154} INFO - [2025-10-17T08:10:27.947+0000] {dag.py:2941} INFO - Sync 1 DAGs
[2025-10-17T08:10:27.961+0000] {logging_mixin.py:154} INFO - [2025-10-17T08:10:27.961+0000] {dag.py:3722} INFO - Setting next_dagrun for example_complex to None, run_after=None
[2025-10-17T08:10:27.988+0000] {processor.py:179} INFO - Processing /home/airflow/.local/lib/python3.8/site-packages/airflow/example_dags/example_complex.py took 0.092 seconds
[2025-10-17T08:10:58.347+0000] {processor.py:157} INFO - Started process (PID=323) to work on /home/airflow/.local/lib/python3.8/site-packages/airflow/example_dags/example_complex.py
[2025-10-17T08:10:58.348+0000] {processor.py:829} INFO - Processing file /home/airflow/.local/lib/python3.8/site-packages/airflow/example_dags/example_complex.py for tasks to queue
[2025-10-17T08:10:58.350+0000] {logging_mixin.py:154} INFO - [2025-10-17T08:10:58.350+0000] {dagbag.py:536} INFO - Filling up the DagBag from /home/airflow/.local/lib/python3.8/site-packages/airflow/example_dags/example_complex.py
[2025-10-17T08:10:58.359+0000] {processor.py:839} INFO - DAG(s) dict_keys(['example_complex']) retrieved from /home/airflow/.local/lib/python3.8/site-packages/airflow/example_dags/example_complex.py
[2025-10-17T08:10:58.385+0000] {logging_mixin.py:154} INFO - [2025-10-17T08:10:58.384+0000] {dag.py:2941} INFO - Sync 1 DAGs
[2025-10-17T08:10:58.395+0000] {logging_mixin.py:154} INFO - [2025-10-17T08:10:58.395+0000] {dag.py:3722} INFO - Setting next_dagrun for example_complex to None, run_after=None
[2025-10-17T08:10:58.411+0000] {processor.py:179} INFO - Processing /home/airflow/.local/lib/python3.8/site-packages/airflow/example_dags/example_complex.py took 0.068 seconds
[2025-10-17T08:12:37.671+0000] {processor.py:157} INFO - Started process (PID=100) to work on /home/airflow/.local/lib/python3.8/site-packages/airflow/example_dags/example_complex.py
[2025-10-17T08:12:37.672+0000] {processor.py:829} INFO - Processing file /home/airflow/.local/lib/python3.8/site-packages/airflow/example_dags/example_complex.py for tasks to queue
[2025-10-17T08:12:37.675+0000] {logging_mixin.py:154} INFO - [2025-10-17T08:12:37.674+0000] {dagbag.py:536} INFO - Filling up the DagBag from /home/airflow/.local/lib/python3.8/site-packages/airflow/example_dags/example_complex.py
[2025-10-17T08:12:37.689+0000] {processor.py:839} INFO - DAG(s) dict_keys(['example_complex']) retrieved from /home/airflow/.local/lib/python3.8/site-packages/airflow/example_dags/example_complex.py
[2025-10-17T08:12:37.813+0000] {logging_mixin.py:154} INFO - [2025-10-17T08:12:37.812+0000] {manager.py:499} INFO - Created Permission View: %s
[2025-10-17T08:12:37.827+0000] {logging_mixin.py:154} INFO - [2025-10-17T08:12:37.827+0000] {manager.py:499} INFO - Created Permission View: %s
[2025-10-17T08:12:37.835+0000] {logging_mixin.py:154} INFO - [2025-10-17T08:12:37.835+0000] {manager.py:499} INFO - Created Permission View: %s
[2025-10-17T08:12:37.836+0000] {logging_mixin.py:154} INFO - [2025-10-17T08:12:37.835+0000] {dag.py:2941} INFO - Sync 1 DAGs
[2025-10-17T08:12:37.846+0000] {logging_mixin.py:154} INFO - [2025-10-17T08:12:37.846+0000] {dag.py:2963} INFO - Creating ORM DAG for example_complex
[2025-10-17T08:12:37.847+0000] {logging_mixin.py:154} INFO - [2025-10-17T08:12:37.847+0000] {dag.py:3722} INFO - Setting next_dagrun for example_complex to None, run_after=None
[2025-10-17T08:12:37.865+0000] {processor.py:179} INFO - Processing /home/airflow/.local/lib/python3.8/site-packages/airflow/example_dags/example_complex.py took 0.198 seconds
[2025-10-17T08:13:08.862+0000] {processor.py:157} INFO - Started process (PID=156) to work on /home/airflow/.local/lib/python3.8/site-packages/airflow/example_dags/example_complex.py
[2025-10-17T08:13:08.864+0000] {processor.py:829} INFO - Processing file /home/airflow/.local/lib/python3.8/site-packages/airflow/example_dags/example_complex.py for tasks to queue
[2025-10-17T08:13:08.866+0000] {logging_mixin.py:154} INFO - [2025-10-17T08:13:08.866+0000] {dagbag.py:536} INFO - Filling up the DagBag from /home/airflow/.local/lib/python3.8/site-packages/airflow/example_dags/example_complex.py
[2025-10-17T08:13:08.876+0000] {processor.py:839} INFO - DAG(s) dict_keys(['example_complex']) retrieved from /home/airflow/.local/lib/python3.8/site-packages/airflow/example_dags/example_complex.py
[2025-10-17T08:13:08.902+0000] {logging_mixin.py:154} INFO - [2025-10-17T08:13:08.902+0000] {dag.py:2941} INFO - Sync 1 DAGs
[2025-10-17T08:13:08.911+0000] {logging_mixin.py:154} INFO - [2025-10-17T08:13:08.911+0000] {dag.py:3722} INFO - Setting next_dagrun for example_complex to None, run_after=None
[2025-10-17T08:13:08.929+0000] {processor.py:179} INFO - Processing /home/airflow/.local/lib/python3.8/site-packages/airflow/example_dags/example_complex.py took 0.070 seconds
[2025-10-17T08:13:39.445+0000] {processor.py:157} INFO - Started process (PID=212) to work on /home/airflow/.local/lib/python3.8/site-packages/airflow/example_dags/example_complex.py
[2025-10-17T08:13:39.445+0000] {processor.py:829} INFO - Processing file /home/airflow/.local/lib/python3.8/site-packages/airflow/example_dags/example_complex.py for tasks to queue
[2025-10-17T08:13:39.447+0000] {logging_mixin.py:154} INFO - [2025-10-17T08:13:39.447+0000] {dagbag.py:536} INFO - Filling up the DagBag from /home/airflow/.local/lib/python3.8/site-packages/airflow/example_dags/example_complex.py
[2025-10-17T08:13:39.455+0000] {processor.py:839} INFO - DAG(s) dict_keys(['example_complex']) retrieved from /home/airflow/.local/lib/python3.8/site-packages/airflow/example_dags/example_complex.py
[2025-10-17T08:13:39.480+0000] {logging_mixin.py:154} INFO - [2025-10-17T08:13:39.480+0000] {dag.py:2941} INFO - Sync 1 DAGs
[2025-10-17T08:13:39.490+0000] {logging_mixin.py:154} INFO - [2025-10-17T08:13:39.490+0000] {dag.py:3722} INFO - Setting next_dagrun for example_complex to None, run_after=None
[2025-10-17T08:13:39.507+0000] {processor.py:179} INFO - Processing /home/airflow/.local/lib/python3.8/site-packages/airflow/example_dags/example_complex.py took 0.065 seconds
