[2025-10-17T07:19:49.852+0000] {processor.py:157} INFO - Started process (PID=599) to work on /home/airflow/.local/lib/python3.8/site-packages/airflow/example_dags/example_task_group_decorator.py
[2025-10-17T07:19:49.853+0000] {processor.py:829} INFO - Processing file /home/airflow/.local/lib/python3.8/site-packages/airflow/example_dags/example_task_group_decorator.py for tasks to queue
[2025-10-17T07:19:49.857+0000] {logging_mixin.py:154} INFO - [2025-10-17T07:19:49.856+0000] {dagbag.py:536} INFO - Filling up the DagBag from /home/airflow/.local/lib/python3.8/site-packages/airflow/example_dags/example_task_group_decorator.py
[2025-10-17T07:19:49.882+0000] {processor.py:839} INFO - DAG(s) dict_keys(['example_task_group_decorator']) retrieved from /home/airflow/.local/lib/python3.8/site-packages/airflow/example_dags/example_task_group_decorator.py
[2025-10-17T07:19:49.929+0000] {logging_mixin.py:154} INFO - [2025-10-17T07:19:49.929+0000] {dag.py:2941} INFO - Sync 1 DAGs
[2025-10-17T07:19:49.979+0000] {logging_mixin.py:154} INFO - [2025-10-17T07:19:49.979+0000] {dag.py:3722} INFO - Setting next_dagrun for example_task_group_decorator to 2025-10-16T07:19:49.978533+00:00, run_after=2025-10-17T07:19:49.978533+00:00
[2025-10-17T07:19:50.043+0000] {processor.py:179} INFO - Processing /home/airflow/.local/lib/python3.8/site-packages/airflow/example_dags/example_task_group_decorator.py took 0.198 seconds
[2025-10-17T07:20:20.959+0000] {processor.py:157} INFO - Started process (PID=655) to work on /home/airflow/.local/lib/python3.8/site-packages/airflow/example_dags/example_task_group_decorator.py
[2025-10-17T07:20:20.960+0000] {processor.py:829} INFO - Processing file /home/airflow/.local/lib/python3.8/site-packages/airflow/example_dags/example_task_group_decorator.py for tasks to queue
[2025-10-17T07:20:20.963+0000] {logging_mixin.py:154} INFO - [2025-10-17T07:20:20.962+0000] {dagbag.py:536} INFO - Filling up the DagBag from /home/airflow/.local/lib/python3.8/site-packages/airflow/example_dags/example_task_group_decorator.py
[2025-10-17T07:20:20.975+0000] {processor.py:839} INFO - DAG(s) dict_keys(['example_task_group_decorator']) retrieved from /home/airflow/.local/lib/python3.8/site-packages/airflow/example_dags/example_task_group_decorator.py
[2025-10-17T07:20:20.999+0000] {logging_mixin.py:154} INFO - [2025-10-17T07:20:20.998+0000] {dag.py:2941} INFO - Sync 1 DAGs
[2025-10-17T07:20:21.017+0000] {logging_mixin.py:154} INFO - [2025-10-17T07:20:21.017+0000] {dag.py:3722} INFO - Setting next_dagrun for example_task_group_decorator to 2025-10-16T07:20:21.017449+00:00, run_after=2025-10-17T07:20:21.017449+00:00
[2025-10-17T07:20:21.036+0000] {processor.py:179} INFO - Processing /home/airflow/.local/lib/python3.8/site-packages/airflow/example_dags/example_task_group_decorator.py took 0.080 seconds
[2025-10-17T07:20:51.364+0000] {processor.py:157} INFO - Started process (PID=711) to work on /home/airflow/.local/lib/python3.8/site-packages/airflow/example_dags/example_task_group_decorator.py
[2025-10-17T07:20:51.367+0000] {processor.py:829} INFO - Processing file /home/airflow/.local/lib/python3.8/site-packages/airflow/example_dags/example_task_group_decorator.py for tasks to queue
[2025-10-17T07:20:51.371+0000] {logging_mixin.py:154} INFO - [2025-10-17T07:20:51.371+0000] {dagbag.py:536} INFO - Filling up the DagBag from /home/airflow/.local/lib/python3.8/site-packages/airflow/example_dags/example_task_group_decorator.py
[2025-10-17T07:20:51.392+0000] {processor.py:839} INFO - DAG(s) dict_keys(['example_task_group_decorator']) retrieved from /home/airflow/.local/lib/python3.8/site-packages/airflow/example_dags/example_task_group_decorator.py
[2025-10-17T07:20:51.430+0000] {logging_mixin.py:154} INFO - [2025-10-17T07:20:51.429+0000] {dag.py:2941} INFO - Sync 1 DAGs
[2025-10-17T07:20:51.461+0000] {logging_mixin.py:154} INFO - [2025-10-17T07:20:51.460+0000] {dag.py:3722} INFO - Setting next_dagrun for example_task_group_decorator to 2025-10-16T07:20:51.460425+00:00, run_after=2025-10-17T07:20:51.460425+00:00
[2025-10-17T07:20:51.494+0000] {processor.py:179} INFO - Processing /home/airflow/.local/lib/python3.8/site-packages/airflow/example_dags/example_task_group_decorator.py took 0.137 seconds
[2025-10-17T07:21:22.302+0000] {processor.py:157} INFO - Started process (PID=767) to work on /home/airflow/.local/lib/python3.8/site-packages/airflow/example_dags/example_task_group_decorator.py
[2025-10-17T07:21:22.303+0000] {processor.py:829} INFO - Processing file /home/airflow/.local/lib/python3.8/site-packages/airflow/example_dags/example_task_group_decorator.py for tasks to queue
[2025-10-17T07:21:22.306+0000] {logging_mixin.py:154} INFO - [2025-10-17T07:21:22.306+0000] {dagbag.py:536} INFO - Filling up the DagBag from /home/airflow/.local/lib/python3.8/site-packages/airflow/example_dags/example_task_group_decorator.py
[2025-10-17T07:21:22.321+0000] {processor.py:839} INFO - DAG(s) dict_keys(['example_task_group_decorator']) retrieved from /home/airflow/.local/lib/python3.8/site-packages/airflow/example_dags/example_task_group_decorator.py
[2025-10-17T07:21:22.349+0000] {logging_mixin.py:154} INFO - [2025-10-17T07:21:22.349+0000] {dag.py:2941} INFO - Sync 1 DAGs
[2025-10-17T07:21:22.369+0000] {logging_mixin.py:154} INFO - [2025-10-17T07:21:22.369+0000] {dag.py:3722} INFO - Setting next_dagrun for example_task_group_decorator to 2025-10-16T07:21:22.369226+00:00, run_after=2025-10-17T07:21:22.369226+00:00
[2025-10-17T07:21:22.398+0000] {processor.py:179} INFO - Processing /home/airflow/.local/lib/python3.8/site-packages/airflow/example_dags/example_task_group_decorator.py took 0.101 seconds
[2025-10-17T07:21:52.934+0000] {processor.py:157} INFO - Started process (PID=823) to work on /home/airflow/.local/lib/python3.8/site-packages/airflow/example_dags/example_task_group_decorator.py
[2025-10-17T07:21:52.937+0000] {processor.py:829} INFO - Processing file /home/airflow/.local/lib/python3.8/site-packages/airflow/example_dags/example_task_group_decorator.py for tasks to queue
[2025-10-17T07:21:52.940+0000] {logging_mixin.py:154} INFO - [2025-10-17T07:21:52.940+0000] {dagbag.py:536} INFO - Filling up the DagBag from /home/airflow/.local/lib/python3.8/site-packages/airflow/example_dags/example_task_group_decorator.py
[2025-10-17T07:21:52.954+0000] {processor.py:839} INFO - DAG(s) dict_keys(['example_task_group_decorator']) retrieved from /home/airflow/.local/lib/python3.8/site-packages/airflow/example_dags/example_task_group_decorator.py
[2025-10-17T07:21:52.986+0000] {logging_mixin.py:154} INFO - [2025-10-17T07:21:52.986+0000] {dag.py:2941} INFO - Sync 1 DAGs
[2025-10-17T07:21:53.009+0000] {logging_mixin.py:154} INFO - [2025-10-17T07:21:53.009+0000] {dag.py:3722} INFO - Setting next_dagrun for example_task_group_decorator to 2025-10-16T07:21:53.009242+00:00, run_after=2025-10-17T07:21:53.009242+00:00
[2025-10-17T07:21:53.195+0000] {processor.py:179} INFO - Processing /home/airflow/.local/lib/python3.8/site-packages/airflow/example_dags/example_task_group_decorator.py took 0.266 seconds
[2025-10-17T07:22:23.569+0000] {processor.py:157} INFO - Started process (PID=879) to work on /home/airflow/.local/lib/python3.8/site-packages/airflow/example_dags/example_task_group_decorator.py
[2025-10-17T07:22:23.570+0000] {processor.py:829} INFO - Processing file /home/airflow/.local/lib/python3.8/site-packages/airflow/example_dags/example_task_group_decorator.py for tasks to queue
[2025-10-17T07:22:23.572+0000] {logging_mixin.py:154} INFO - [2025-10-17T07:22:23.572+0000] {dagbag.py:536} INFO - Filling up the DagBag from /home/airflow/.local/lib/python3.8/site-packages/airflow/example_dags/example_task_group_decorator.py
[2025-10-17T07:22:23.583+0000] {processor.py:839} INFO - DAG(s) dict_keys(['example_task_group_decorator']) retrieved from /home/airflow/.local/lib/python3.8/site-packages/airflow/example_dags/example_task_group_decorator.py
[2025-10-17T07:22:23.605+0000] {logging_mixin.py:154} INFO - [2025-10-17T07:22:23.605+0000] {dag.py:2941} INFO - Sync 1 DAGs
[2025-10-17T07:22:23.623+0000] {logging_mixin.py:154} INFO - [2025-10-17T07:22:23.623+0000] {dag.py:3722} INFO - Setting next_dagrun for example_task_group_decorator to 2025-10-16T07:22:23.622872+00:00, run_after=2025-10-17T07:22:23.622872+00:00
[2025-10-17T07:22:23.642+0000] {processor.py:179} INFO - Processing /home/airflow/.local/lib/python3.8/site-packages/airflow/example_dags/example_task_group_decorator.py took 0.076 seconds
[2025-10-17T07:22:54.349+0000] {processor.py:157} INFO - Started process (PID=942) to work on /home/airflow/.local/lib/python3.8/site-packages/airflow/example_dags/example_task_group_decorator.py
[2025-10-17T07:22:54.350+0000] {processor.py:829} INFO - Processing file /home/airflow/.local/lib/python3.8/site-packages/airflow/example_dags/example_task_group_decorator.py for tasks to queue
[2025-10-17T07:22:54.352+0000] {logging_mixin.py:154} INFO - [2025-10-17T07:22:54.352+0000] {dagbag.py:536} INFO - Filling up the DagBag from /home/airflow/.local/lib/python3.8/site-packages/airflow/example_dags/example_task_group_decorator.py
[2025-10-17T07:22:54.366+0000] {processor.py:839} INFO - DAG(s) dict_keys(['example_task_group_decorator']) retrieved from /home/airflow/.local/lib/python3.8/site-packages/airflow/example_dags/example_task_group_decorator.py
[2025-10-17T07:22:54.387+0000] {logging_mixin.py:154} INFO - [2025-10-17T07:22:54.387+0000] {dag.py:2941} INFO - Sync 1 DAGs
[2025-10-17T07:22:54.405+0000] {logging_mixin.py:154} INFO - [2025-10-17T07:22:54.404+0000] {dag.py:3722} INFO - Setting next_dagrun for example_task_group_decorator to 2025-10-16T07:22:54.404654+00:00, run_after=2025-10-17T07:22:54.404654+00:00
[2025-10-17T07:22:54.421+0000] {processor.py:179} INFO - Processing /home/airflow/.local/lib/python3.8/site-packages/airflow/example_dags/example_task_group_decorator.py took 0.075 seconds
[2025-10-17T07:23:24.869+0000] {processor.py:157} INFO - Started process (PID=998) to work on /home/airflow/.local/lib/python3.8/site-packages/airflow/example_dags/example_task_group_decorator.py
[2025-10-17T07:23:24.870+0000] {processor.py:829} INFO - Processing file /home/airflow/.local/lib/python3.8/site-packages/airflow/example_dags/example_task_group_decorator.py for tasks to queue
[2025-10-17T07:23:24.872+0000] {logging_mixin.py:154} INFO - [2025-10-17T07:23:24.872+0000] {dagbag.py:536} INFO - Filling up the DagBag from /home/airflow/.local/lib/python3.8/site-packages/airflow/example_dags/example_task_group_decorator.py
[2025-10-17T07:23:24.884+0000] {processor.py:839} INFO - DAG(s) dict_keys(['example_task_group_decorator']) retrieved from /home/airflow/.local/lib/python3.8/site-packages/airflow/example_dags/example_task_group_decorator.py
[2025-10-17T07:23:24.906+0000] {logging_mixin.py:154} INFO - [2025-10-17T07:23:24.906+0000] {dag.py:2941} INFO - Sync 1 DAGs
[2025-10-17T07:23:24.925+0000] {logging_mixin.py:154} INFO - [2025-10-17T07:23:24.924+0000] {dag.py:3722} INFO - Setting next_dagrun for example_task_group_decorator to 2025-10-16T07:23:24.924698+00:00, run_after=2025-10-17T07:23:24.924698+00:00
[2025-10-17T07:23:24.942+0000] {processor.py:179} INFO - Processing /home/airflow/.local/lib/python3.8/site-packages/airflow/example_dags/example_task_group_decorator.py took 0.076 seconds
[2025-10-17T07:23:55.443+0000] {processor.py:157} INFO - Started process (PID=1054) to work on /home/airflow/.local/lib/python3.8/site-packages/airflow/example_dags/example_task_group_decorator.py
[2025-10-17T07:23:55.444+0000] {processor.py:829} INFO - Processing file /home/airflow/.local/lib/python3.8/site-packages/airflow/example_dags/example_task_group_decorator.py for tasks to queue
[2025-10-17T07:23:55.447+0000] {logging_mixin.py:154} INFO - [2025-10-17T07:23:55.446+0000] {dagbag.py:536} INFO - Filling up the DagBag from /home/airflow/.local/lib/python3.8/site-packages/airflow/example_dags/example_task_group_decorator.py
[2025-10-17T07:23:55.459+0000] {processor.py:839} INFO - DAG(s) dict_keys(['example_task_group_decorator']) retrieved from /home/airflow/.local/lib/python3.8/site-packages/airflow/example_dags/example_task_group_decorator.py
[2025-10-17T07:23:55.481+0000] {logging_mixin.py:154} INFO - [2025-10-17T07:23:55.481+0000] {dag.py:2941} INFO - Sync 1 DAGs
[2025-10-17T07:23:55.645+0000] {logging_mixin.py:154} INFO - [2025-10-17T07:23:55.645+0000] {dag.py:3722} INFO - Setting next_dagrun for example_task_group_decorator to 2025-10-16T07:23:55.644872+00:00, run_after=2025-10-17T07:23:55.644872+00:00
[2025-10-17T07:23:55.664+0000] {processor.py:179} INFO - Processing /home/airflow/.local/lib/python3.8/site-packages/airflow/example_dags/example_task_group_decorator.py took 0.225 seconds
[2025-10-17T07:24:26.151+0000] {processor.py:157} INFO - Started process (PID=1110) to work on /home/airflow/.local/lib/python3.8/site-packages/airflow/example_dags/example_task_group_decorator.py
[2025-10-17T07:24:26.153+0000] {processor.py:829} INFO - Processing file /home/airflow/.local/lib/python3.8/site-packages/airflow/example_dags/example_task_group_decorator.py for tasks to queue
[2025-10-17T07:24:26.155+0000] {logging_mixin.py:154} INFO - [2025-10-17T07:24:26.155+0000] {dagbag.py:536} INFO - Filling up the DagBag from /home/airflow/.local/lib/python3.8/site-packages/airflow/example_dags/example_task_group_decorator.py
[2025-10-17T07:24:26.168+0000] {processor.py:839} INFO - DAG(s) dict_keys(['example_task_group_decorator']) retrieved from /home/airflow/.local/lib/python3.8/site-packages/airflow/example_dags/example_task_group_decorator.py
[2025-10-17T07:24:26.192+0000] {logging_mixin.py:154} INFO - [2025-10-17T07:24:26.191+0000] {dag.py:2941} INFO - Sync 1 DAGs
[2025-10-17T07:24:26.349+0000] {logging_mixin.py:154} INFO - [2025-10-17T07:24:26.349+0000] {dag.py:3722} INFO - Setting next_dagrun for example_task_group_decorator to 2025-10-16T07:24:26.349003+00:00, run_after=2025-10-17T07:24:26.349003+00:00
[2025-10-17T07:24:26.366+0000] {processor.py:179} INFO - Processing /home/airflow/.local/lib/python3.8/site-packages/airflow/example_dags/example_task_group_decorator.py took 0.218 seconds
[2025-10-17T07:24:57.008+0000] {processor.py:157} INFO - Started process (PID=1172) to work on /home/airflow/.local/lib/python3.8/site-packages/airflow/example_dags/example_task_group_decorator.py
[2025-10-17T07:24:57.010+0000] {processor.py:829} INFO - Processing file /home/airflow/.local/lib/python3.8/site-packages/airflow/example_dags/example_task_group_decorator.py for tasks to queue
[2025-10-17T07:24:57.012+0000] {logging_mixin.py:154} INFO - [2025-10-17T07:24:57.011+0000] {dagbag.py:536} INFO - Filling up the DagBag from /home/airflow/.local/lib/python3.8/site-packages/airflow/example_dags/example_task_group_decorator.py
[2025-10-17T07:24:57.025+0000] {processor.py:839} INFO - DAG(s) dict_keys(['example_task_group_decorator']) retrieved from /home/airflow/.local/lib/python3.8/site-packages/airflow/example_dags/example_task_group_decorator.py
[2025-10-17T07:24:57.047+0000] {logging_mixin.py:154} INFO - [2025-10-17T07:24:57.047+0000] {dag.py:2941} INFO - Sync 1 DAGs
[2025-10-17T07:24:57.205+0000] {logging_mixin.py:154} INFO - [2025-10-17T07:24:57.204+0000] {dag.py:3722} INFO - Setting next_dagrun for example_task_group_decorator to 2025-10-16T07:24:57.204754+00:00, run_after=2025-10-17T07:24:57.204754+00:00
[2025-10-17T07:24:57.220+0000] {processor.py:179} INFO - Processing /home/airflow/.local/lib/python3.8/site-packages/airflow/example_dags/example_task_group_decorator.py took 0.215 seconds
[2025-10-17T07:25:27.277+0000] {processor.py:157} INFO - Started process (PID=1228) to work on /home/airflow/.local/lib/python3.8/site-packages/airflow/example_dags/example_task_group_decorator.py
[2025-10-17T07:25:27.278+0000] {processor.py:829} INFO - Processing file /home/airflow/.local/lib/python3.8/site-packages/airflow/example_dags/example_task_group_decorator.py for tasks to queue
[2025-10-17T07:25:27.280+0000] {logging_mixin.py:154} INFO - [2025-10-17T07:25:27.280+0000] {dagbag.py:536} INFO - Filling up the DagBag from /home/airflow/.local/lib/python3.8/site-packages/airflow/example_dags/example_task_group_decorator.py
[2025-10-17T07:25:27.292+0000] {processor.py:839} INFO - DAG(s) dict_keys(['example_task_group_decorator']) retrieved from /home/airflow/.local/lib/python3.8/site-packages/airflow/example_dags/example_task_group_decorator.py
[2025-10-17T07:25:27.313+0000] {logging_mixin.py:154} INFO - [2025-10-17T07:25:27.313+0000] {dag.py:2941} INFO - Sync 1 DAGs
[2025-10-17T07:25:27.469+0000] {logging_mixin.py:154} INFO - [2025-10-17T07:25:27.469+0000] {dag.py:3722} INFO - Setting next_dagrun for example_task_group_decorator to 2025-10-16T07:25:27.469500+00:00, run_after=2025-10-17T07:25:27.469500+00:00
[2025-10-17T07:25:27.486+0000] {processor.py:179} INFO - Processing /home/airflow/.local/lib/python3.8/site-packages/airflow/example_dags/example_task_group_decorator.py took 0.212 seconds
[2025-10-17T07:25:57.808+0000] {processor.py:157} INFO - Started process (PID=1284) to work on /home/airflow/.local/lib/python3.8/site-packages/airflow/example_dags/example_task_group_decorator.py
[2025-10-17T07:25:57.809+0000] {processor.py:829} INFO - Processing file /home/airflow/.local/lib/python3.8/site-packages/airflow/example_dags/example_task_group_decorator.py for tasks to queue
[2025-10-17T07:25:57.811+0000] {logging_mixin.py:154} INFO - [2025-10-17T07:25:57.811+0000] {dagbag.py:536} INFO - Filling up the DagBag from /home/airflow/.local/lib/python3.8/site-packages/airflow/example_dags/example_task_group_decorator.py
[2025-10-17T07:25:57.826+0000] {processor.py:839} INFO - DAG(s) dict_keys(['example_task_group_decorator']) retrieved from /home/airflow/.local/lib/python3.8/site-packages/airflow/example_dags/example_task_group_decorator.py
[2025-10-17T07:25:57.856+0000] {logging_mixin.py:154} INFO - [2025-10-17T07:25:57.856+0000] {dag.py:2941} INFO - Sync 1 DAGs
[2025-10-17T07:25:57.878+0000] {logging_mixin.py:154} INFO - [2025-10-17T07:25:57.878+0000] {dag.py:3722} INFO - Setting next_dagrun for example_task_group_decorator to 2025-10-16T07:25:57.878272+00:00, run_after=2025-10-17T07:25:57.878272+00:00
[2025-10-17T07:25:57.896+0000] {processor.py:179} INFO - Processing /home/airflow/.local/lib/python3.8/site-packages/airflow/example_dags/example_task_group_decorator.py took 0.091 seconds
[2025-10-17T07:26:28.430+0000] {processor.py:157} INFO - Started process (PID=1342) to work on /home/airflow/.local/lib/python3.8/site-packages/airflow/example_dags/example_task_group_decorator.py
[2025-10-17T07:26:28.431+0000] {processor.py:829} INFO - Processing file /home/airflow/.local/lib/python3.8/site-packages/airflow/example_dags/example_task_group_decorator.py for tasks to queue
[2025-10-17T07:26:28.433+0000] {logging_mixin.py:154} INFO - [2025-10-17T07:26:28.433+0000] {dagbag.py:536} INFO - Filling up the DagBag from /home/airflow/.local/lib/python3.8/site-packages/airflow/example_dags/example_task_group_decorator.py
[2025-10-17T07:26:28.445+0000] {processor.py:839} INFO - DAG(s) dict_keys(['example_task_group_decorator']) retrieved from /home/airflow/.local/lib/python3.8/site-packages/airflow/example_dags/example_task_group_decorator.py
[2025-10-17T07:26:28.466+0000] {logging_mixin.py:154} INFO - [2025-10-17T07:26:28.466+0000] {dag.py:2941} INFO - Sync 1 DAGs
[2025-10-17T07:26:28.483+0000] {logging_mixin.py:154} INFO - [2025-10-17T07:26:28.482+0000] {dag.py:3722} INFO - Setting next_dagrun for example_task_group_decorator to 2025-10-16T07:26:28.482771+00:00, run_after=2025-10-17T07:26:28.482771+00:00
[2025-10-17T07:26:28.500+0000] {processor.py:179} INFO - Processing /home/airflow/.local/lib/python3.8/site-packages/airflow/example_dags/example_task_group_decorator.py took 0.074 seconds
[2025-10-17T07:26:58.619+0000] {processor.py:157} INFO - Started process (PID=1397) to work on /home/airflow/.local/lib/python3.8/site-packages/airflow/example_dags/example_task_group_decorator.py
[2025-10-17T07:26:58.620+0000] {processor.py:829} INFO - Processing file /home/airflow/.local/lib/python3.8/site-packages/airflow/example_dags/example_task_group_decorator.py for tasks to queue
[2025-10-17T07:26:58.622+0000] {logging_mixin.py:154} INFO - [2025-10-17T07:26:58.622+0000] {dagbag.py:536} INFO - Filling up the DagBag from /home/airflow/.local/lib/python3.8/site-packages/airflow/example_dags/example_task_group_decorator.py
[2025-10-17T07:26:58.635+0000] {processor.py:839} INFO - DAG(s) dict_keys(['example_task_group_decorator']) retrieved from /home/airflow/.local/lib/python3.8/site-packages/airflow/example_dags/example_task_group_decorator.py
[2025-10-17T07:26:58.657+0000] {logging_mixin.py:154} INFO - [2025-10-17T07:26:58.657+0000] {dag.py:2941} INFO - Sync 1 DAGs
[2025-10-17T07:26:58.675+0000] {logging_mixin.py:154} INFO - [2025-10-17T07:26:58.674+0000] {dag.py:3722} INFO - Setting next_dagrun for example_task_group_decorator to 2025-10-16T07:26:58.674653+00:00, run_after=2025-10-17T07:26:58.674653+00:00
[2025-10-17T07:26:58.691+0000] {processor.py:179} INFO - Processing /home/airflow/.local/lib/python3.8/site-packages/airflow/example_dags/example_task_group_decorator.py took 0.075 seconds
[2025-10-17T07:27:28.857+0000] {processor.py:157} INFO - Started process (PID=1452) to work on /home/airflow/.local/lib/python3.8/site-packages/airflow/example_dags/example_task_group_decorator.py
[2025-10-17T07:27:28.858+0000] {processor.py:829} INFO - Processing file /home/airflow/.local/lib/python3.8/site-packages/airflow/example_dags/example_task_group_decorator.py for tasks to queue
[2025-10-17T07:27:28.860+0000] {logging_mixin.py:154} INFO - [2025-10-17T07:27:28.860+0000] {dagbag.py:536} INFO - Filling up the DagBag from /home/airflow/.local/lib/python3.8/site-packages/airflow/example_dags/example_task_group_decorator.py
[2025-10-17T07:27:28.871+0000] {processor.py:839} INFO - DAG(s) dict_keys(['example_task_group_decorator']) retrieved from /home/airflow/.local/lib/python3.8/site-packages/airflow/example_dags/example_task_group_decorator.py
[2025-10-17T07:27:28.893+0000] {logging_mixin.py:154} INFO - [2025-10-17T07:27:28.893+0000] {dag.py:2941} INFO - Sync 1 DAGs
[2025-10-17T07:27:28.911+0000] {logging_mixin.py:154} INFO - [2025-10-17T07:27:28.911+0000] {dag.py:3722} INFO - Setting next_dagrun for example_task_group_decorator to 2025-10-16T07:27:28.910837+00:00, run_after=2025-10-17T07:27:28.910837+00:00
[2025-10-17T07:27:28.926+0000] {processor.py:179} INFO - Processing /home/airflow/.local/lib/python3.8/site-packages/airflow/example_dags/example_task_group_decorator.py took 0.073 seconds
[2025-10-17T07:27:59.068+0000] {processor.py:157} INFO - Started process (PID=1508) to work on /home/airflow/.local/lib/python3.8/site-packages/airflow/example_dags/example_task_group_decorator.py
[2025-10-17T07:27:59.069+0000] {processor.py:829} INFO - Processing file /home/airflow/.local/lib/python3.8/site-packages/airflow/example_dags/example_task_group_decorator.py for tasks to queue
[2025-10-17T07:27:59.069+0000] {logging_mixin.py:154} INFO - [2025-10-17T07:27:59.069+0000] {dagbag.py:536} INFO - Filling up the DagBag from /home/airflow/.local/lib/python3.8/site-packages/airflow/example_dags/example_task_group_decorator.py
[2025-10-17T07:27:59.083+0000] {processor.py:839} INFO - DAG(s) dict_keys(['example_task_group_decorator']) retrieved from /home/airflow/.local/lib/python3.8/site-packages/airflow/example_dags/example_task_group_decorator.py
[2025-10-17T07:27:59.105+0000] {logging_mixin.py:154} INFO - [2025-10-17T07:27:59.104+0000] {dag.py:2941} INFO - Sync 1 DAGs
[2025-10-17T07:27:59.123+0000] {logging_mixin.py:154} INFO - [2025-10-17T07:27:59.122+0000] {dag.py:3722} INFO - Setting next_dagrun for example_task_group_decorator to 2025-10-16T07:27:59.122577+00:00, run_after=2025-10-17T07:27:59.122577+00:00
[2025-10-17T07:27:59.140+0000] {processor.py:179} INFO - Processing /home/airflow/.local/lib/python3.8/site-packages/airflow/example_dags/example_task_group_decorator.py took 0.075 seconds
[2025-10-17T07:28:29.311+0000] {processor.py:157} INFO - Started process (PID=1565) to work on /home/airflow/.local/lib/python3.8/site-packages/airflow/example_dags/example_task_group_decorator.py
[2025-10-17T07:28:29.312+0000] {processor.py:829} INFO - Processing file /home/airflow/.local/lib/python3.8/site-packages/airflow/example_dags/example_task_group_decorator.py for tasks to queue
[2025-10-17T07:28:29.313+0000] {logging_mixin.py:154} INFO - [2025-10-17T07:28:29.312+0000] {dagbag.py:536} INFO - Filling up the DagBag from /home/airflow/.local/lib/python3.8/site-packages/airflow/example_dags/example_task_group_decorator.py
[2025-10-17T07:28:29.326+0000] {processor.py:839} INFO - DAG(s) dict_keys(['example_task_group_decorator']) retrieved from /home/airflow/.local/lib/python3.8/site-packages/airflow/example_dags/example_task_group_decorator.py
[2025-10-17T07:28:29.348+0000] {logging_mixin.py:154} INFO - [2025-10-17T07:28:29.348+0000] {dag.py:2941} INFO - Sync 1 DAGs
[2025-10-17T07:28:29.365+0000] {logging_mixin.py:154} INFO - [2025-10-17T07:28:29.365+0000] {dag.py:3722} INFO - Setting next_dagrun for example_task_group_decorator to 2025-10-16T07:28:29.365297+00:00, run_after=2025-10-17T07:28:29.365297+00:00
[2025-10-17T07:28:29.380+0000] {processor.py:179} INFO - Processing /home/airflow/.local/lib/python3.8/site-packages/airflow/example_dags/example_task_group_decorator.py took 0.073 seconds
[2025-10-17T07:29:00.042+0000] {processor.py:157} INFO - Started process (PID=1621) to work on /home/airflow/.local/lib/python3.8/site-packages/airflow/example_dags/example_task_group_decorator.py
[2025-10-17T07:29:00.044+0000] {processor.py:829} INFO - Processing file /home/airflow/.local/lib/python3.8/site-packages/airflow/example_dags/example_task_group_decorator.py for tasks to queue
[2025-10-17T07:29:00.045+0000] {logging_mixin.py:154} INFO - [2025-10-17T07:29:00.045+0000] {dagbag.py:536} INFO - Filling up the DagBag from /home/airflow/.local/lib/python3.8/site-packages/airflow/example_dags/example_task_group_decorator.py
[2025-10-17T07:29:00.070+0000] {processor.py:839} INFO - DAG(s) dict_keys(['example_task_group_decorator']) retrieved from /home/airflow/.local/lib/python3.8/site-packages/airflow/example_dags/example_task_group_decorator.py
[2025-10-17T07:29:00.100+0000] {logging_mixin.py:154} INFO - [2025-10-17T07:29:00.100+0000] {dag.py:2941} INFO - Sync 1 DAGs
[2025-10-17T07:29:00.125+0000] {logging_mixin.py:154} INFO - [2025-10-17T07:29:00.125+0000] {dag.py:3722} INFO - Setting next_dagrun for example_task_group_decorator to 2025-10-16T07:29:00.125168+00:00, run_after=2025-10-17T07:29:00.125168+00:00
[2025-10-17T07:29:00.146+0000] {processor.py:179} INFO - Processing /home/airflow/.local/lib/python3.8/site-packages/airflow/example_dags/example_task_group_decorator.py took 0.109 seconds
[2025-10-17T07:30:26.318+0000] {processor.py:157} INFO - Started process (PID=105) to work on /home/airflow/.local/lib/python3.8/site-packages/airflow/example_dags/example_task_group_decorator.py
[2025-10-17T07:30:26.320+0000] {processor.py:829} INFO - Processing file /home/airflow/.local/lib/python3.8/site-packages/airflow/example_dags/example_task_group_decorator.py for tasks to queue
[2025-10-17T07:30:26.324+0000] {logging_mixin.py:154} INFO - [2025-10-17T07:30:26.323+0000] {dagbag.py:536} INFO - Filling up the DagBag from /home/airflow/.local/lib/python3.8/site-packages/airflow/example_dags/example_task_group_decorator.py
[2025-10-17T07:30:26.355+0000] {processor.py:839} INFO - DAG(s) dict_keys(['example_task_group_decorator']) retrieved from /home/airflow/.local/lib/python3.8/site-packages/airflow/example_dags/example_task_group_decorator.py
[2025-10-17T07:30:26.537+0000] {logging_mixin.py:154} INFO - [2025-10-17T07:30:26.536+0000] {manager.py:499} INFO - Created Permission View: %s
[2025-10-17T07:30:26.555+0000] {logging_mixin.py:154} INFO - [2025-10-17T07:30:26.554+0000] {manager.py:499} INFO - Created Permission View: %s
[2025-10-17T07:30:26.573+0000] {logging_mixin.py:154} INFO - [2025-10-17T07:30:26.573+0000] {manager.py:499} INFO - Created Permission View: %s
[2025-10-17T07:30:26.575+0000] {logging_mixin.py:154} INFO - [2025-10-17T07:30:26.574+0000] {dag.py:2941} INFO - Sync 1 DAGs
[2025-10-17T07:30:26.595+0000] {logging_mixin.py:154} INFO - [2025-10-17T07:30:26.594+0000] {dag.py:2963} INFO - Creating ORM DAG for example_task_group_decorator
[2025-10-17T07:30:26.614+0000] {logging_mixin.py:154} INFO - [2025-10-17T07:30:26.613+0000] {dag.py:3722} INFO - Setting next_dagrun for example_task_group_decorator to 2025-10-16T07:30:26.613216+00:00, run_after=2025-10-17T07:30:26.613216+00:00
[2025-10-17T07:30:26.652+0000] {processor.py:179} INFO - Processing /home/airflow/.local/lib/python3.8/site-packages/airflow/example_dags/example_task_group_decorator.py took 0.339 seconds
[2025-10-17T07:30:57.165+0000] {processor.py:157} INFO - Started process (PID=161) to work on /home/airflow/.local/lib/python3.8/site-packages/airflow/example_dags/example_task_group_decorator.py
[2025-10-17T07:30:57.167+0000] {processor.py:829} INFO - Processing file /home/airflow/.local/lib/python3.8/site-packages/airflow/example_dags/example_task_group_decorator.py for tasks to queue
[2025-10-17T07:30:57.171+0000] {logging_mixin.py:154} INFO - [2025-10-17T07:30:57.170+0000] {dagbag.py:536} INFO - Filling up the DagBag from /home/airflow/.local/lib/python3.8/site-packages/airflow/example_dags/example_task_group_decorator.py
[2025-10-17T07:30:57.187+0000] {processor.py:839} INFO - DAG(s) dict_keys(['example_task_group_decorator']) retrieved from /home/airflow/.local/lib/python3.8/site-packages/airflow/example_dags/example_task_group_decorator.py
[2025-10-17T07:30:57.223+0000] {logging_mixin.py:154} INFO - [2025-10-17T07:30:57.222+0000] {dag.py:2941} INFO - Sync 1 DAGs
[2025-10-17T07:30:57.253+0000] {logging_mixin.py:154} INFO - [2025-10-17T07:30:57.253+0000] {dag.py:3722} INFO - Setting next_dagrun for example_task_group_decorator to 2025-10-16T07:30:57.252681+00:00, run_after=2025-10-17T07:30:57.252681+00:00
[2025-10-17T07:30:57.287+0000] {processor.py:179} INFO - Processing /home/airflow/.local/lib/python3.8/site-packages/airflow/example_dags/example_task_group_decorator.py took 0.126 seconds
[2025-10-17T07:31:27.390+0000] {processor.py:157} INFO - Started process (PID=217) to work on /home/airflow/.local/lib/python3.8/site-packages/airflow/example_dags/example_task_group_decorator.py
[2025-10-17T07:31:27.391+0000] {processor.py:829} INFO - Processing file /home/airflow/.local/lib/python3.8/site-packages/airflow/example_dags/example_task_group_decorator.py for tasks to queue
[2025-10-17T07:31:27.393+0000] {logging_mixin.py:154} INFO - [2025-10-17T07:31:27.393+0000] {dagbag.py:536} INFO - Filling up the DagBag from /home/airflow/.local/lib/python3.8/site-packages/airflow/example_dags/example_task_group_decorator.py
[2025-10-17T07:31:27.405+0000] {processor.py:839} INFO - DAG(s) dict_keys(['example_task_group_decorator']) retrieved from /home/airflow/.local/lib/python3.8/site-packages/airflow/example_dags/example_task_group_decorator.py
[2025-10-17T07:31:27.426+0000] {logging_mixin.py:154} INFO - [2025-10-17T07:31:27.426+0000] {dag.py:2941} INFO - Sync 1 DAGs
[2025-10-17T07:31:27.444+0000] {logging_mixin.py:154} INFO - [2025-10-17T07:31:27.444+0000] {dag.py:3722} INFO - Setting next_dagrun for example_task_group_decorator to 2025-10-16T07:31:27.443992+00:00, run_after=2025-10-17T07:31:27.443992+00:00
[2025-10-17T07:31:27.459+0000] {processor.py:179} INFO - Processing /home/airflow/.local/lib/python3.8/site-packages/airflow/example_dags/example_task_group_decorator.py took 0.073 seconds
[2025-10-17T07:31:57.824+0000] {processor.py:157} INFO - Started process (PID=273) to work on /home/airflow/.local/lib/python3.8/site-packages/airflow/example_dags/example_task_group_decorator.py
[2025-10-17T07:31:57.825+0000] {processor.py:829} INFO - Processing file /home/airflow/.local/lib/python3.8/site-packages/airflow/example_dags/example_task_group_decorator.py for tasks to queue
[2025-10-17T07:31:57.828+0000] {logging_mixin.py:154} INFO - [2025-10-17T07:31:57.827+0000] {dagbag.py:536} INFO - Filling up the DagBag from /home/airflow/.local/lib/python3.8/site-packages/airflow/example_dags/example_task_group_decorator.py
[2025-10-17T07:31:57.841+0000] {processor.py:839} INFO - DAG(s) dict_keys(['example_task_group_decorator']) retrieved from /home/airflow/.local/lib/python3.8/site-packages/airflow/example_dags/example_task_group_decorator.py
[2025-10-17T07:31:57.863+0000] {logging_mixin.py:154} INFO - [2025-10-17T07:31:57.863+0000] {dag.py:2941} INFO - Sync 1 DAGs
[2025-10-17T07:31:57.882+0000] {logging_mixin.py:154} INFO - [2025-10-17T07:31:57.881+0000] {dag.py:3722} INFO - Setting next_dagrun for example_task_group_decorator to 2025-10-16T07:31:57.881624+00:00, run_after=2025-10-17T07:31:57.881624+00:00
[2025-10-17T07:31:57.899+0000] {processor.py:179} INFO - Processing /home/airflow/.local/lib/python3.8/site-packages/airflow/example_dags/example_task_group_decorator.py took 0.079 seconds
[2025-10-17T07:32:28.077+0000] {processor.py:157} INFO - Started process (PID=333) to work on /home/airflow/.local/lib/python3.8/site-packages/airflow/example_dags/example_task_group_decorator.py
[2025-10-17T07:32:28.078+0000] {processor.py:829} INFO - Processing file /home/airflow/.local/lib/python3.8/site-packages/airflow/example_dags/example_task_group_decorator.py for tasks to queue
[2025-10-17T07:32:28.080+0000] {logging_mixin.py:154} INFO - [2025-10-17T07:32:28.080+0000] {dagbag.py:536} INFO - Filling up the DagBag from /home/airflow/.local/lib/python3.8/site-packages/airflow/example_dags/example_task_group_decorator.py
[2025-10-17T07:32:28.093+0000] {processor.py:839} INFO - DAG(s) dict_keys(['example_task_group_decorator']) retrieved from /home/airflow/.local/lib/python3.8/site-packages/airflow/example_dags/example_task_group_decorator.py
[2025-10-17T07:32:28.118+0000] {logging_mixin.py:154} INFO - [2025-10-17T07:32:28.118+0000] {dag.py:2941} INFO - Sync 1 DAGs
[2025-10-17T07:32:28.141+0000] {logging_mixin.py:154} INFO - [2025-10-17T07:32:28.141+0000] {dag.py:3722} INFO - Setting next_dagrun for example_task_group_decorator to 2025-10-16T07:32:28.140658+00:00, run_after=2025-10-17T07:32:28.140658+00:00
[2025-10-17T07:32:28.165+0000] {processor.py:179} INFO - Processing /home/airflow/.local/lib/python3.8/site-packages/airflow/example_dags/example_task_group_decorator.py took 0.092 seconds
[2025-10-17T07:35:46.574+0000] {processor.py:157} INFO - Started process (PID=101) to work on /home/airflow/.local/lib/python3.8/site-packages/airflow/example_dags/example_task_group_decorator.py
[2025-10-17T07:35:46.575+0000] {processor.py:829} INFO - Processing file /home/airflow/.local/lib/python3.8/site-packages/airflow/example_dags/example_task_group_decorator.py for tasks to queue
[2025-10-17T07:35:46.577+0000] {logging_mixin.py:154} INFO - [2025-10-17T07:35:46.577+0000] {dagbag.py:536} INFO - Filling up the DagBag from /home/airflow/.local/lib/python3.8/site-packages/airflow/example_dags/example_task_group_decorator.py
[2025-10-17T07:35:46.590+0000] {processor.py:839} INFO - DAG(s) dict_keys(['example_task_group_decorator']) retrieved from /home/airflow/.local/lib/python3.8/site-packages/airflow/example_dags/example_task_group_decorator.py
[2025-10-17T07:35:46.704+0000] {logging_mixin.py:154} INFO - [2025-10-17T07:35:46.704+0000] {manager.py:499} INFO - Created Permission View: %s
[2025-10-17T07:35:46.715+0000] {logging_mixin.py:154} INFO - [2025-10-17T07:35:46.714+0000] {manager.py:499} INFO - Created Permission View: %s
[2025-10-17T07:35:46.720+0000] {logging_mixin.py:154} INFO - [2025-10-17T07:35:46.720+0000] {manager.py:499} INFO - Created Permission View: %s
[2025-10-17T07:35:46.721+0000] {logging_mixin.py:154} INFO - [2025-10-17T07:35:46.721+0000] {dag.py:2941} INFO - Sync 1 DAGs
[2025-10-17T07:35:46.731+0000] {logging_mixin.py:154} INFO - [2025-10-17T07:35:46.730+0000] {dag.py:2963} INFO - Creating ORM DAG for example_task_group_decorator
[2025-10-17T07:35:46.739+0000] {logging_mixin.py:154} INFO - [2025-10-17T07:35:46.739+0000] {dag.py:3722} INFO - Setting next_dagrun for example_task_group_decorator to 2025-10-16T07:35:46.739449+00:00, run_after=2025-10-17T07:35:46.739449+00:00
[2025-10-17T07:35:46.757+0000] {processor.py:179} INFO - Processing /home/airflow/.local/lib/python3.8/site-packages/airflow/example_dags/example_task_group_decorator.py took 0.188 seconds
[2025-10-17T07:36:17.210+0000] {processor.py:157} INFO - Started process (PID=157) to work on /home/airflow/.local/lib/python3.8/site-packages/airflow/example_dags/example_task_group_decorator.py
[2025-10-17T07:36:17.211+0000] {processor.py:829} INFO - Processing file /home/airflow/.local/lib/python3.8/site-packages/airflow/example_dags/example_task_group_decorator.py for tasks to queue
[2025-10-17T07:36:17.214+0000] {logging_mixin.py:154} INFO - [2025-10-17T07:36:17.213+0000] {dagbag.py:536} INFO - Filling up the DagBag from /home/airflow/.local/lib/python3.8/site-packages/airflow/example_dags/example_task_group_decorator.py
[2025-10-17T07:36:17.226+0000] {processor.py:839} INFO - DAG(s) dict_keys(['example_task_group_decorator']) retrieved from /home/airflow/.local/lib/python3.8/site-packages/airflow/example_dags/example_task_group_decorator.py
[2025-10-17T07:36:17.249+0000] {logging_mixin.py:154} INFO - [2025-10-17T07:36:17.249+0000] {dag.py:2941} INFO - Sync 1 DAGs
[2025-10-17T07:36:17.267+0000] {logging_mixin.py:154} INFO - [2025-10-17T07:36:17.266+0000] {dag.py:3722} INFO - Setting next_dagrun for example_task_group_decorator to 2025-10-16T07:36:17.266698+00:00, run_after=2025-10-17T07:36:17.266698+00:00
[2025-10-17T07:36:17.282+0000] {processor.py:179} INFO - Processing /home/airflow/.local/lib/python3.8/site-packages/airflow/example_dags/example_task_group_decorator.py took 0.076 seconds
[2025-10-17T07:36:47.680+0000] {processor.py:157} INFO - Started process (PID=213) to work on /home/airflow/.local/lib/python3.8/site-packages/airflow/example_dags/example_task_group_decorator.py
[2025-10-17T07:36:47.681+0000] {processor.py:829} INFO - Processing file /home/airflow/.local/lib/python3.8/site-packages/airflow/example_dags/example_task_group_decorator.py for tasks to queue
[2025-10-17T07:36:47.683+0000] {logging_mixin.py:154} INFO - [2025-10-17T07:36:47.683+0000] {dagbag.py:536} INFO - Filling up the DagBag from /home/airflow/.local/lib/python3.8/site-packages/airflow/example_dags/example_task_group_decorator.py
[2025-10-17T07:36:47.695+0000] {processor.py:839} INFO - DAG(s) dict_keys(['example_task_group_decorator']) retrieved from /home/airflow/.local/lib/python3.8/site-packages/airflow/example_dags/example_task_group_decorator.py
[2025-10-17T07:36:47.716+0000] {logging_mixin.py:154} INFO - [2025-10-17T07:36:47.716+0000] {dag.py:2941} INFO - Sync 1 DAGs
[2025-10-17T07:36:47.736+0000] {logging_mixin.py:154} INFO - [2025-10-17T07:36:47.735+0000] {dag.py:3722} INFO - Setting next_dagrun for example_task_group_decorator to 2025-10-16T07:36:47.735608+00:00, run_after=2025-10-17T07:36:47.735608+00:00
[2025-10-17T07:36:47.753+0000] {processor.py:179} INFO - Processing /home/airflow/.local/lib/python3.8/site-packages/airflow/example_dags/example_task_group_decorator.py took 0.077 seconds
[2025-10-17T07:37:18.175+0000] {processor.py:157} INFO - Started process (PID=269) to work on /home/airflow/.local/lib/python3.8/site-packages/airflow/example_dags/example_task_group_decorator.py
[2025-10-17T07:37:18.176+0000] {processor.py:829} INFO - Processing file /home/airflow/.local/lib/python3.8/site-packages/airflow/example_dags/example_task_group_decorator.py for tasks to queue
[2025-10-17T07:37:18.179+0000] {logging_mixin.py:154} INFO - [2025-10-17T07:37:18.178+0000] {dagbag.py:536} INFO - Filling up the DagBag from /home/airflow/.local/lib/python3.8/site-packages/airflow/example_dags/example_task_group_decorator.py
[2025-10-17T07:37:18.191+0000] {processor.py:839} INFO - DAG(s) dict_keys(['example_task_group_decorator']) retrieved from /home/airflow/.local/lib/python3.8/site-packages/airflow/example_dags/example_task_group_decorator.py
[2025-10-17T07:37:18.214+0000] {logging_mixin.py:154} INFO - [2025-10-17T07:37:18.213+0000] {dag.py:2941} INFO - Sync 1 DAGs
[2025-10-17T07:37:18.238+0000] {logging_mixin.py:154} INFO - [2025-10-17T07:37:18.237+0000] {dag.py:3722} INFO - Setting next_dagrun for example_task_group_decorator to 2025-10-16T07:37:18.237666+00:00, run_after=2025-10-17T07:37:18.237666+00:00
[2025-10-17T07:37:18.257+0000] {processor.py:179} INFO - Processing /home/airflow/.local/lib/python3.8/site-packages/airflow/example_dags/example_task_group_decorator.py took 0.085 seconds
[2025-10-17T07:38:48.170+0000] {processor.py:157} INFO - Started process (PID=102) to work on /home/airflow/.local/lib/python3.8/site-packages/airflow/example_dags/example_task_group_decorator.py
[2025-10-17T07:38:48.171+0000] {processor.py:829} INFO - Processing file /home/airflow/.local/lib/python3.8/site-packages/airflow/example_dags/example_task_group_decorator.py for tasks to queue
[2025-10-17T07:38:48.173+0000] {logging_mixin.py:154} INFO - [2025-10-17T07:38:48.173+0000] {dagbag.py:536} INFO - Filling up the DagBag from /home/airflow/.local/lib/python3.8/site-packages/airflow/example_dags/example_task_group_decorator.py
[2025-10-17T07:38:48.186+0000] {processor.py:839} INFO - DAG(s) dict_keys(['example_task_group_decorator']) retrieved from /home/airflow/.local/lib/python3.8/site-packages/airflow/example_dags/example_task_group_decorator.py
[2025-10-17T07:38:48.297+0000] {logging_mixin.py:154} INFO - [2025-10-17T07:38:48.297+0000] {manager.py:499} INFO - Created Permission View: %s
[2025-10-17T07:38:48.307+0000] {logging_mixin.py:154} INFO - [2025-10-17T07:38:48.306+0000] {manager.py:499} INFO - Created Permission View: %s
[2025-10-17T07:38:48.312+0000] {logging_mixin.py:154} INFO - [2025-10-17T07:38:48.312+0000] {manager.py:499} INFO - Created Permission View: %s
[2025-10-17T07:38:48.313+0000] {logging_mixin.py:154} INFO - [2025-10-17T07:38:48.313+0000] {dag.py:2941} INFO - Sync 1 DAGs
[2025-10-17T07:38:48.322+0000] {logging_mixin.py:154} INFO - [2025-10-17T07:38:48.322+0000] {dag.py:2963} INFO - Creating ORM DAG for example_task_group_decorator
[2025-10-17T07:38:48.329+0000] {logging_mixin.py:154} INFO - [2025-10-17T07:38:48.329+0000] {dag.py:3722} INFO - Setting next_dagrun for example_task_group_decorator to 2025-10-16T07:38:48.329615+00:00, run_after=2025-10-17T07:38:48.329615+00:00
[2025-10-17T07:38:48.349+0000] {processor.py:179} INFO - Processing /home/airflow/.local/lib/python3.8/site-packages/airflow/example_dags/example_task_group_decorator.py took 0.183 seconds
[2025-10-17T07:39:18.744+0000] {processor.py:157} INFO - Started process (PID=158) to work on /home/airflow/.local/lib/python3.8/site-packages/airflow/example_dags/example_task_group_decorator.py
[2025-10-17T07:39:18.745+0000] {processor.py:829} INFO - Processing file /home/airflow/.local/lib/python3.8/site-packages/airflow/example_dags/example_task_group_decorator.py for tasks to queue
[2025-10-17T07:39:18.748+0000] {logging_mixin.py:154} INFO - [2025-10-17T07:39:18.747+0000] {dagbag.py:536} INFO - Filling up the DagBag from /home/airflow/.local/lib/python3.8/site-packages/airflow/example_dags/example_task_group_decorator.py
[2025-10-17T07:39:18.760+0000] {processor.py:839} INFO - DAG(s) dict_keys(['example_task_group_decorator']) retrieved from /home/airflow/.local/lib/python3.8/site-packages/airflow/example_dags/example_task_group_decorator.py
[2025-10-17T07:39:18.783+0000] {logging_mixin.py:154} INFO - [2025-10-17T07:39:18.783+0000] {dag.py:2941} INFO - Sync 1 DAGs
[2025-10-17T07:39:18.803+0000] {logging_mixin.py:154} INFO - [2025-10-17T07:39:18.803+0000] {dag.py:3722} INFO - Setting next_dagrun for example_task_group_decorator to 2025-10-16T07:39:18.802791+00:00, run_after=2025-10-17T07:39:18.802791+00:00
[2025-10-17T07:39:18.819+0000] {processor.py:179} INFO - Processing /home/airflow/.local/lib/python3.8/site-packages/airflow/example_dags/example_task_group_decorator.py took 0.077 seconds
[2025-10-17T07:39:49.191+0000] {processor.py:157} INFO - Started process (PID=214) to work on /home/airflow/.local/lib/python3.8/site-packages/airflow/example_dags/example_task_group_decorator.py
[2025-10-17T07:39:49.193+0000] {processor.py:829} INFO - Processing file /home/airflow/.local/lib/python3.8/site-packages/airflow/example_dags/example_task_group_decorator.py for tasks to queue
[2025-10-17T07:39:49.195+0000] {logging_mixin.py:154} INFO - [2025-10-17T07:39:49.194+0000] {dagbag.py:536} INFO - Filling up the DagBag from /home/airflow/.local/lib/python3.8/site-packages/airflow/example_dags/example_task_group_decorator.py
[2025-10-17T07:39:49.208+0000] {processor.py:839} INFO - DAG(s) dict_keys(['example_task_group_decorator']) retrieved from /home/airflow/.local/lib/python3.8/site-packages/airflow/example_dags/example_task_group_decorator.py
[2025-10-17T07:39:49.231+0000] {logging_mixin.py:154} INFO - [2025-10-17T07:39:49.231+0000] {dag.py:2941} INFO - Sync 1 DAGs
[2025-10-17T07:39:49.251+0000] {logging_mixin.py:154} INFO - [2025-10-17T07:39:49.251+0000] {dag.py:3722} INFO - Setting next_dagrun for example_task_group_decorator to 2025-10-16T07:39:49.251255+00:00, run_after=2025-10-17T07:39:49.251255+00:00
[2025-10-17T07:39:49.271+0000] {processor.py:179} INFO - Processing /home/airflow/.local/lib/python3.8/site-packages/airflow/example_dags/example_task_group_decorator.py took 0.083 seconds
[2025-10-17T07:40:20.252+0000] {processor.py:157} INFO - Started process (PID=270) to work on /home/airflow/.local/lib/python3.8/site-packages/airflow/example_dags/example_task_group_decorator.py
[2025-10-17T07:40:20.253+0000] {processor.py:829} INFO - Processing file /home/airflow/.local/lib/python3.8/site-packages/airflow/example_dags/example_task_group_decorator.py for tasks to queue
[2025-10-17T07:40:20.255+0000] {logging_mixin.py:154} INFO - [2025-10-17T07:40:20.255+0000] {dagbag.py:536} INFO - Filling up the DagBag from /home/airflow/.local/lib/python3.8/site-packages/airflow/example_dags/example_task_group_decorator.py
[2025-10-17T07:40:20.266+0000] {processor.py:839} INFO - DAG(s) dict_keys(['example_task_group_decorator']) retrieved from /home/airflow/.local/lib/python3.8/site-packages/airflow/example_dags/example_task_group_decorator.py
[2025-10-17T07:40:20.288+0000] {logging_mixin.py:154} INFO - [2025-10-17T07:40:20.288+0000] {dag.py:2941} INFO - Sync 1 DAGs
[2025-10-17T07:40:20.307+0000] {logging_mixin.py:154} INFO - [2025-10-17T07:40:20.307+0000] {dag.py:3722} INFO - Setting next_dagrun for example_task_group_decorator to 2025-10-16T07:40:20.306730+00:00, run_after=2025-10-17T07:40:20.306730+00:00
[2025-10-17T07:40:20.325+0000] {processor.py:179} INFO - Processing /home/airflow/.local/lib/python3.8/site-packages/airflow/example_dags/example_task_group_decorator.py took 0.077 seconds
[2025-10-17T07:40:50.795+0000] {processor.py:157} INFO - Started process (PID=326) to work on /home/airflow/.local/lib/python3.8/site-packages/airflow/example_dags/example_task_group_decorator.py
[2025-10-17T07:40:50.796+0000] {processor.py:829} INFO - Processing file /home/airflow/.local/lib/python3.8/site-packages/airflow/example_dags/example_task_group_decorator.py for tasks to queue
[2025-10-17T07:40:50.799+0000] {logging_mixin.py:154} INFO - [2025-10-17T07:40:50.798+0000] {dagbag.py:536} INFO - Filling up the DagBag from /home/airflow/.local/lib/python3.8/site-packages/airflow/example_dags/example_task_group_decorator.py
[2025-10-17T07:40:50.810+0000] {processor.py:839} INFO - DAG(s) dict_keys(['example_task_group_decorator']) retrieved from /home/airflow/.local/lib/python3.8/site-packages/airflow/example_dags/example_task_group_decorator.py
[2025-10-17T07:40:50.832+0000] {logging_mixin.py:154} INFO - [2025-10-17T07:40:50.831+0000] {dag.py:2941} INFO - Sync 1 DAGs
[2025-10-17T07:40:50.850+0000] {logging_mixin.py:154} INFO - [2025-10-17T07:40:50.850+0000] {dag.py:3722} INFO - Setting next_dagrun for example_task_group_decorator to 2025-10-16T07:40:50.849912+00:00, run_after=2025-10-17T07:40:50.849912+00:00
[2025-10-17T07:40:50.868+0000] {processor.py:179} INFO - Processing /home/airflow/.local/lib/python3.8/site-packages/airflow/example_dags/example_task_group_decorator.py took 0.076 seconds
[2025-10-17T07:42:31.068+0000] {processor.py:157} INFO - Started process (PID=101) to work on /home/airflow/.local/lib/python3.8/site-packages/airflow/example_dags/example_task_group_decorator.py
[2025-10-17T07:42:31.069+0000] {processor.py:829} INFO - Processing file /home/airflow/.local/lib/python3.8/site-packages/airflow/example_dags/example_task_group_decorator.py for tasks to queue
[2025-10-17T07:42:31.071+0000] {logging_mixin.py:154} INFO - [2025-10-17T07:42:31.071+0000] {dagbag.py:536} INFO - Filling up the DagBag from /home/airflow/.local/lib/python3.8/site-packages/airflow/example_dags/example_task_group_decorator.py
[2025-10-17T07:42:31.085+0000] {processor.py:839} INFO - DAG(s) dict_keys(['example_task_group_decorator']) retrieved from /home/airflow/.local/lib/python3.8/site-packages/airflow/example_dags/example_task_group_decorator.py
[2025-10-17T07:42:31.185+0000] {logging_mixin.py:154} INFO - [2025-10-17T07:42:31.184+0000] {manager.py:499} INFO - Created Permission View: %s
[2025-10-17T07:42:31.195+0000] {logging_mixin.py:154} INFO - [2025-10-17T07:42:31.195+0000] {manager.py:499} INFO - Created Permission View: %s
[2025-10-17T07:42:31.202+0000] {logging_mixin.py:154} INFO - [2025-10-17T07:42:31.202+0000] {manager.py:499} INFO - Created Permission View: %s
[2025-10-17T07:42:31.203+0000] {logging_mixin.py:154} INFO - [2025-10-17T07:42:31.203+0000] {dag.py:2941} INFO - Sync 1 DAGs
[2025-10-17T07:42:31.214+0000] {logging_mixin.py:154} INFO - [2025-10-17T07:42:31.214+0000] {dag.py:2963} INFO - Creating ORM DAG for example_task_group_decorator
[2025-10-17T07:42:31.222+0000] {logging_mixin.py:154} INFO - [2025-10-17T07:42:31.222+0000] {dag.py:3722} INFO - Setting next_dagrun for example_task_group_decorator to 2025-10-16T07:42:31.221837+00:00, run_after=2025-10-17T07:42:31.221837+00:00
[2025-10-17T07:42:31.239+0000] {processor.py:179} INFO - Processing /home/airflow/.local/lib/python3.8/site-packages/airflow/example_dags/example_task_group_decorator.py took 0.175 seconds
[2025-10-17T07:43:01.286+0000] {processor.py:157} INFO - Started process (PID=157) to work on /home/airflow/.local/lib/python3.8/site-packages/airflow/example_dags/example_task_group_decorator.py
[2025-10-17T07:43:01.288+0000] {processor.py:829} INFO - Processing file /home/airflow/.local/lib/python3.8/site-packages/airflow/example_dags/example_task_group_decorator.py for tasks to queue
[2025-10-17T07:43:01.290+0000] {logging_mixin.py:154} INFO - [2025-10-17T07:43:01.290+0000] {dagbag.py:536} INFO - Filling up the DagBag from /home/airflow/.local/lib/python3.8/site-packages/airflow/example_dags/example_task_group_decorator.py
[2025-10-17T07:43:01.301+0000] {processor.py:839} INFO - DAG(s) dict_keys(['example_task_group_decorator']) retrieved from /home/airflow/.local/lib/python3.8/site-packages/airflow/example_dags/example_task_group_decorator.py
[2025-10-17T07:43:01.324+0000] {logging_mixin.py:154} INFO - [2025-10-17T07:43:01.324+0000] {dag.py:2941} INFO - Sync 1 DAGs
[2025-10-17T07:43:01.346+0000] {logging_mixin.py:154} INFO - [2025-10-17T07:43:01.345+0000] {dag.py:3722} INFO - Setting next_dagrun for example_task_group_decorator to 2025-10-16T07:43:01.345588+00:00, run_after=2025-10-17T07:43:01.345588+00:00
[2025-10-17T07:43:01.364+0000] {processor.py:179} INFO - Processing /home/airflow/.local/lib/python3.8/site-packages/airflow/example_dags/example_task_group_decorator.py took 0.080 seconds
[2025-10-17T07:44:37.724+0000] {processor.py:157} INFO - Started process (PID=86) to work on /home/airflow/.local/lib/python3.8/site-packages/airflow/example_dags/example_task_group_decorator.py
[2025-10-17T07:44:37.725+0000] {processor.py:829} INFO - Processing file /home/airflow/.local/lib/python3.8/site-packages/airflow/example_dags/example_task_group_decorator.py for tasks to queue
[2025-10-17T07:44:37.727+0000] {logging_mixin.py:154} INFO - [2025-10-17T07:44:37.727+0000] {dagbag.py:536} INFO - Filling up the DagBag from /home/airflow/.local/lib/python3.8/site-packages/airflow/example_dags/example_task_group_decorator.py
[2025-10-17T07:44:37.739+0000] {processor.py:839} INFO - DAG(s) dict_keys(['example_task_group_decorator']) retrieved from /home/airflow/.local/lib/python3.8/site-packages/airflow/example_dags/example_task_group_decorator.py
[2025-10-17T07:44:37.828+0000] {logging_mixin.py:154} INFO - [2025-10-17T07:44:37.828+0000] {manager.py:499} INFO - Created Permission View: %s
[2025-10-17T07:44:37.839+0000] {logging_mixin.py:154} INFO - [2025-10-17T07:44:37.839+0000] {manager.py:499} INFO - Created Permission View: %s
[2025-10-17T07:44:37.847+0000] {logging_mixin.py:154} INFO - [2025-10-17T07:44:37.846+0000] {manager.py:499} INFO - Created Permission View: %s
[2025-10-17T07:44:37.847+0000] {logging_mixin.py:154} INFO - [2025-10-17T07:44:37.847+0000] {dag.py:2941} INFO - Sync 1 DAGs
[2025-10-17T07:44:37.857+0000] {logging_mixin.py:154} INFO - [2025-10-17T07:44:37.857+0000] {dag.py:2963} INFO - Creating ORM DAG for example_task_group_decorator
[2025-10-17T07:44:37.866+0000] {logging_mixin.py:154} INFO - [2025-10-17T07:44:37.865+0000] {dag.py:3722} INFO - Setting next_dagrun for example_task_group_decorator to 2025-10-16T07:44:37.865781+00:00, run_after=2025-10-17T07:44:37.865781+00:00
[2025-10-17T07:44:37.882+0000] {processor.py:179} INFO - Processing /home/airflow/.local/lib/python3.8/site-packages/airflow/example_dags/example_task_group_decorator.py took 0.161 seconds
[2025-10-17T07:45:07.911+0000] {processor.py:157} INFO - Started process (PID=142) to work on /home/airflow/.local/lib/python3.8/site-packages/airflow/example_dags/example_task_group_decorator.py
[2025-10-17T07:45:07.911+0000] {processor.py:829} INFO - Processing file /home/airflow/.local/lib/python3.8/site-packages/airflow/example_dags/example_task_group_decorator.py for tasks to queue
[2025-10-17T07:45:07.913+0000] {logging_mixin.py:154} INFO - [2025-10-17T07:45:07.913+0000] {dagbag.py:536} INFO - Filling up the DagBag from /home/airflow/.local/lib/python3.8/site-packages/airflow/example_dags/example_task_group_decorator.py
[2025-10-17T07:45:07.925+0000] {processor.py:839} INFO - DAG(s) dict_keys(['example_task_group_decorator']) retrieved from /home/airflow/.local/lib/python3.8/site-packages/airflow/example_dags/example_task_group_decorator.py
[2025-10-17T07:45:07.950+0000] {logging_mixin.py:154} INFO - [2025-10-17T07:45:07.949+0000] {dag.py:2941} INFO - Sync 1 DAGs
[2025-10-17T07:45:07.969+0000] {logging_mixin.py:154} INFO - [2025-10-17T07:45:07.968+0000] {dag.py:3722} INFO - Setting next_dagrun for example_task_group_decorator to 2025-10-16T07:45:07.968676+00:00, run_after=2025-10-17T07:45:07.968676+00:00
[2025-10-17T07:45:07.988+0000] {processor.py:179} INFO - Processing /home/airflow/.local/lib/python3.8/site-packages/airflow/example_dags/example_task_group_decorator.py took 0.081 seconds
[2025-10-17T07:46:22.904+0000] {processor.py:157} INFO - Started process (PID=101) to work on /home/airflow/.local/lib/python3.8/site-packages/airflow/example_dags/example_task_group_decorator.py
[2025-10-17T07:46:22.905+0000] {processor.py:829} INFO - Processing file /home/airflow/.local/lib/python3.8/site-packages/airflow/example_dags/example_task_group_decorator.py for tasks to queue
[2025-10-17T07:46:22.908+0000] {logging_mixin.py:154} INFO - [2025-10-17T07:46:22.907+0000] {dagbag.py:536} INFO - Filling up the DagBag from /home/airflow/.local/lib/python3.8/site-packages/airflow/example_dags/example_task_group_decorator.py
[2025-10-17T07:46:22.922+0000] {processor.py:839} INFO - DAG(s) dict_keys(['example_task_group_decorator']) retrieved from /home/airflow/.local/lib/python3.8/site-packages/airflow/example_dags/example_task_group_decorator.py
[2025-10-17T07:46:23.025+0000] {logging_mixin.py:154} INFO - [2025-10-17T07:46:23.024+0000] {manager.py:499} INFO - Created Permission View: %s
[2025-10-17T07:46:23.035+0000] {logging_mixin.py:154} INFO - [2025-10-17T07:46:23.034+0000] {manager.py:499} INFO - Created Permission View: %s
[2025-10-17T07:46:23.042+0000] {logging_mixin.py:154} INFO - [2025-10-17T07:46:23.042+0000] {manager.py:499} INFO - Created Permission View: %s
[2025-10-17T07:46:23.043+0000] {logging_mixin.py:154} INFO - [2025-10-17T07:46:23.043+0000] {dag.py:2941} INFO - Sync 1 DAGs
[2025-10-17T07:46:23.052+0000] {logging_mixin.py:154} INFO - [2025-10-17T07:46:23.052+0000] {dag.py:2963} INFO - Creating ORM DAG for example_task_group_decorator
[2025-10-17T07:46:23.061+0000] {logging_mixin.py:154} INFO - [2025-10-17T07:46:23.061+0000] {dag.py:3722} INFO - Setting next_dagrun for example_task_group_decorator to 2025-10-16T07:46:23.061120+00:00, run_after=2025-10-17T07:46:23.061120+00:00
[2025-10-17T07:46:23.080+0000] {processor.py:179} INFO - Processing /home/airflow/.local/lib/python3.8/site-packages/airflow/example_dags/example_task_group_decorator.py took 0.179 seconds
[2025-10-17T07:46:53.781+0000] {processor.py:157} INFO - Started process (PID=157) to work on /home/airflow/.local/lib/python3.8/site-packages/airflow/example_dags/example_task_group_decorator.py
[2025-10-17T07:46:53.783+0000] {processor.py:829} INFO - Processing file /home/airflow/.local/lib/python3.8/site-packages/airflow/example_dags/example_task_group_decorator.py for tasks to queue
[2025-10-17T07:46:53.785+0000] {logging_mixin.py:154} INFO - [2025-10-17T07:46:53.784+0000] {dagbag.py:536} INFO - Filling up the DagBag from /home/airflow/.local/lib/python3.8/site-packages/airflow/example_dags/example_task_group_decorator.py
[2025-10-17T07:46:53.797+0000] {processor.py:839} INFO - DAG(s) dict_keys(['example_task_group_decorator']) retrieved from /home/airflow/.local/lib/python3.8/site-packages/airflow/example_dags/example_task_group_decorator.py
[2025-10-17T07:46:53.821+0000] {logging_mixin.py:154} INFO - [2025-10-17T07:46:53.821+0000] {dag.py:2941} INFO - Sync 1 DAGs
[2025-10-17T07:46:53.844+0000] {logging_mixin.py:154} INFO - [2025-10-17T07:46:53.843+0000] {dag.py:3722} INFO - Setting next_dagrun for example_task_group_decorator to 2025-10-16T07:46:53.843216+00:00, run_after=2025-10-17T07:46:53.843216+00:00
[2025-10-17T07:46:53.869+0000] {processor.py:179} INFO - Processing /home/airflow/.local/lib/python3.8/site-packages/airflow/example_dags/example_task_group_decorator.py took 0.091 seconds
[2025-10-17T07:47:24.845+0000] {processor.py:157} INFO - Started process (PID=213) to work on /home/airflow/.local/lib/python3.8/site-packages/airflow/example_dags/example_task_group_decorator.py
[2025-10-17T07:47:24.846+0000] {processor.py:829} INFO - Processing file /home/airflow/.local/lib/python3.8/site-packages/airflow/example_dags/example_task_group_decorator.py for tasks to queue
[2025-10-17T07:47:24.848+0000] {logging_mixin.py:154} INFO - [2025-10-17T07:47:24.848+0000] {dagbag.py:536} INFO - Filling up the DagBag from /home/airflow/.local/lib/python3.8/site-packages/airflow/example_dags/example_task_group_decorator.py
[2025-10-17T07:47:24.865+0000] {processor.py:839} INFO - DAG(s) dict_keys(['example_task_group_decorator']) retrieved from /home/airflow/.local/lib/python3.8/site-packages/airflow/example_dags/example_task_group_decorator.py
[2025-10-17T07:47:24.890+0000] {logging_mixin.py:154} INFO - [2025-10-17T07:47:24.889+0000] {dag.py:2941} INFO - Sync 1 DAGs
[2025-10-17T07:47:24.914+0000] {logging_mixin.py:154} INFO - [2025-10-17T07:47:24.914+0000] {dag.py:3722} INFO - Setting next_dagrun for example_task_group_decorator to 2025-10-16T07:47:24.913752+00:00, run_after=2025-10-17T07:47:24.913752+00:00
[2025-10-17T07:47:24.938+0000] {processor.py:179} INFO - Processing /home/airflow/.local/lib/python3.8/site-packages/airflow/example_dags/example_task_group_decorator.py took 0.097 seconds
[2025-10-17T07:47:55.292+0000] {processor.py:157} INFO - Started process (PID=269) to work on /home/airflow/.local/lib/python3.8/site-packages/airflow/example_dags/example_task_group_decorator.py
[2025-10-17T07:47:55.293+0000] {processor.py:829} INFO - Processing file /home/airflow/.local/lib/python3.8/site-packages/airflow/example_dags/example_task_group_decorator.py for tasks to queue
[2025-10-17T07:47:55.295+0000] {logging_mixin.py:154} INFO - [2025-10-17T07:47:55.295+0000] {dagbag.py:536} INFO - Filling up the DagBag from /home/airflow/.local/lib/python3.8/site-packages/airflow/example_dags/example_task_group_decorator.py
[2025-10-17T07:47:55.310+0000] {processor.py:839} INFO - DAG(s) dict_keys(['example_task_group_decorator']) retrieved from /home/airflow/.local/lib/python3.8/site-packages/airflow/example_dags/example_task_group_decorator.py
[2025-10-17T07:47:55.332+0000] {logging_mixin.py:154} INFO - [2025-10-17T07:47:55.332+0000] {dag.py:2941} INFO - Sync 1 DAGs
[2025-10-17T07:47:55.350+0000] {logging_mixin.py:154} INFO - [2025-10-17T07:47:55.350+0000] {dag.py:3722} INFO - Setting next_dagrun for example_task_group_decorator to 2025-10-16T07:47:55.350082+00:00, run_after=2025-10-17T07:47:55.350082+00:00
[2025-10-17T07:47:55.370+0000] {processor.py:179} INFO - Processing /home/airflow/.local/lib/python3.8/site-packages/airflow/example_dags/example_task_group_decorator.py took 0.081 seconds
[2025-10-17T07:48:25.672+0000] {processor.py:157} INFO - Started process (PID=325) to work on /home/airflow/.local/lib/python3.8/site-packages/airflow/example_dags/example_task_group_decorator.py
[2025-10-17T07:48:25.672+0000] {processor.py:829} INFO - Processing file /home/airflow/.local/lib/python3.8/site-packages/airflow/example_dags/example_task_group_decorator.py for tasks to queue
[2025-10-17T07:48:25.675+0000] {logging_mixin.py:154} INFO - [2025-10-17T07:48:25.674+0000] {dagbag.py:536} INFO - Filling up the DagBag from /home/airflow/.local/lib/python3.8/site-packages/airflow/example_dags/example_task_group_decorator.py
[2025-10-17T07:48:25.687+0000] {processor.py:839} INFO - DAG(s) dict_keys(['example_task_group_decorator']) retrieved from /home/airflow/.local/lib/python3.8/site-packages/airflow/example_dags/example_task_group_decorator.py
[2025-10-17T07:48:25.708+0000] {logging_mixin.py:154} INFO - [2025-10-17T07:48:25.708+0000] {dag.py:2941} INFO - Sync 1 DAGs
[2025-10-17T07:48:25.726+0000] {logging_mixin.py:154} INFO - [2025-10-17T07:48:25.726+0000] {dag.py:3722} INFO - Setting next_dagrun for example_task_group_decorator to 2025-10-16T07:48:25.726148+00:00, run_after=2025-10-17T07:48:25.726148+00:00
[2025-10-17T07:48:25.741+0000] {processor.py:179} INFO - Processing /home/airflow/.local/lib/python3.8/site-packages/airflow/example_dags/example_task_group_decorator.py took 0.073 seconds
[2025-10-17T07:48:56.625+0000] {processor.py:157} INFO - Started process (PID=381) to work on /home/airflow/.local/lib/python3.8/site-packages/airflow/example_dags/example_task_group_decorator.py
[2025-10-17T07:48:56.626+0000] {processor.py:829} INFO - Processing file /home/airflow/.local/lib/python3.8/site-packages/airflow/example_dags/example_task_group_decorator.py for tasks to queue
[2025-10-17T07:48:56.628+0000] {logging_mixin.py:154} INFO - [2025-10-17T07:48:56.628+0000] {dagbag.py:536} INFO - Filling up the DagBag from /home/airflow/.local/lib/python3.8/site-packages/airflow/example_dags/example_task_group_decorator.py
[2025-10-17T07:48:56.640+0000] {processor.py:839} INFO - DAG(s) dict_keys(['example_task_group_decorator']) retrieved from /home/airflow/.local/lib/python3.8/site-packages/airflow/example_dags/example_task_group_decorator.py
[2025-10-17T07:48:56.661+0000] {logging_mixin.py:154} INFO - [2025-10-17T07:48:56.661+0000] {dag.py:2941} INFO - Sync 1 DAGs
[2025-10-17T07:48:56.679+0000] {logging_mixin.py:154} INFO - [2025-10-17T07:48:56.679+0000] {dag.py:3722} INFO - Setting next_dagrun for example_task_group_decorator to 2025-10-16T07:48:56.679345+00:00, run_after=2025-10-17T07:48:56.679345+00:00
[2025-10-17T07:48:56.695+0000] {processor.py:179} INFO - Processing /home/airflow/.local/lib/python3.8/site-packages/airflow/example_dags/example_task_group_decorator.py took 0.073 seconds
[2025-10-17T07:49:27.109+0000] {processor.py:157} INFO - Started process (PID=437) to work on /home/airflow/.local/lib/python3.8/site-packages/airflow/example_dags/example_task_group_decorator.py
[2025-10-17T07:49:27.110+0000] {processor.py:829} INFO - Processing file /home/airflow/.local/lib/python3.8/site-packages/airflow/example_dags/example_task_group_decorator.py for tasks to queue
[2025-10-17T07:49:27.112+0000] {logging_mixin.py:154} INFO - [2025-10-17T07:49:27.112+0000] {dagbag.py:536} INFO - Filling up the DagBag from /home/airflow/.local/lib/python3.8/site-packages/airflow/example_dags/example_task_group_decorator.py
[2025-10-17T07:49:27.125+0000] {processor.py:839} INFO - DAG(s) dict_keys(['example_task_group_decorator']) retrieved from /home/airflow/.local/lib/python3.8/site-packages/airflow/example_dags/example_task_group_decorator.py
[2025-10-17T07:49:27.145+0000] {logging_mixin.py:154} INFO - [2025-10-17T07:49:27.145+0000] {dag.py:2941} INFO - Sync 1 DAGs
[2025-10-17T07:49:27.163+0000] {logging_mixin.py:154} INFO - [2025-10-17T07:49:27.163+0000] {dag.py:3722} INFO - Setting next_dagrun for example_task_group_decorator to 2025-10-16T07:49:27.162992+00:00, run_after=2025-10-17T07:49:27.162992+00:00
[2025-10-17T07:49:27.178+0000] {processor.py:179} INFO - Processing /home/airflow/.local/lib/python3.8/site-packages/airflow/example_dags/example_task_group_decorator.py took 0.073 seconds
[2025-10-17T07:49:57.917+0000] {processor.py:157} INFO - Started process (PID=493) to work on /home/airflow/.local/lib/python3.8/site-packages/airflow/example_dags/example_task_group_decorator.py
[2025-10-17T07:49:57.919+0000] {processor.py:829} INFO - Processing file /home/airflow/.local/lib/python3.8/site-packages/airflow/example_dags/example_task_group_decorator.py for tasks to queue
[2025-10-17T07:49:57.921+0000] {logging_mixin.py:154} INFO - [2025-10-17T07:49:57.920+0000] {dagbag.py:536} INFO - Filling up the DagBag from /home/airflow/.local/lib/python3.8/site-packages/airflow/example_dags/example_task_group_decorator.py
[2025-10-17T07:49:57.932+0000] {processor.py:839} INFO - DAG(s) dict_keys(['example_task_group_decorator']) retrieved from /home/airflow/.local/lib/python3.8/site-packages/airflow/example_dags/example_task_group_decorator.py
[2025-10-17T07:49:57.952+0000] {logging_mixin.py:154} INFO - [2025-10-17T07:49:57.952+0000] {dag.py:2941} INFO - Sync 1 DAGs
[2025-10-17T07:49:57.971+0000] {logging_mixin.py:154} INFO - [2025-10-17T07:49:57.970+0000] {dag.py:3722} INFO - Setting next_dagrun for example_task_group_decorator to 2025-10-16T07:49:57.970753+00:00, run_after=2025-10-17T07:49:57.970753+00:00
[2025-10-17T07:49:57.986+0000] {processor.py:179} INFO - Processing /home/airflow/.local/lib/python3.8/site-packages/airflow/example_dags/example_task_group_decorator.py took 0.071 seconds
[2025-10-17T07:50:28.072+0000] {processor.py:157} INFO - Started process (PID=549) to work on /home/airflow/.local/lib/python3.8/site-packages/airflow/example_dags/example_task_group_decorator.py
[2025-10-17T07:50:28.073+0000] {processor.py:829} INFO - Processing file /home/airflow/.local/lib/python3.8/site-packages/airflow/example_dags/example_task_group_decorator.py for tasks to queue
[2025-10-17T07:50:28.075+0000] {logging_mixin.py:154} INFO - [2025-10-17T07:50:28.075+0000] {dagbag.py:536} INFO - Filling up the DagBag from /home/airflow/.local/lib/python3.8/site-packages/airflow/example_dags/example_task_group_decorator.py
[2025-10-17T07:50:28.087+0000] {processor.py:839} INFO - DAG(s) dict_keys(['example_task_group_decorator']) retrieved from /home/airflow/.local/lib/python3.8/site-packages/airflow/example_dags/example_task_group_decorator.py
[2025-10-17T07:50:28.108+0000] {logging_mixin.py:154} INFO - [2025-10-17T07:50:28.107+0000] {dag.py:2941} INFO - Sync 1 DAGs
[2025-10-17T07:50:28.125+0000] {logging_mixin.py:154} INFO - [2025-10-17T07:50:28.125+0000] {dag.py:3722} INFO - Setting next_dagrun for example_task_group_decorator to 2025-10-16T07:50:28.125062+00:00, run_after=2025-10-17T07:50:28.125062+00:00
[2025-10-17T07:50:28.141+0000] {processor.py:179} INFO - Processing /home/airflow/.local/lib/python3.8/site-packages/airflow/example_dags/example_task_group_decorator.py took 0.072 seconds
[2025-10-17T07:50:58.872+0000] {processor.py:157} INFO - Started process (PID=605) to work on /home/airflow/.local/lib/python3.8/site-packages/airflow/example_dags/example_task_group_decorator.py
[2025-10-17T07:50:58.873+0000] {processor.py:829} INFO - Processing file /home/airflow/.local/lib/python3.8/site-packages/airflow/example_dags/example_task_group_decorator.py for tasks to queue
[2025-10-17T07:50:58.875+0000] {logging_mixin.py:154} INFO - [2025-10-17T07:50:58.875+0000] {dagbag.py:536} INFO - Filling up the DagBag from /home/airflow/.local/lib/python3.8/site-packages/airflow/example_dags/example_task_group_decorator.py
[2025-10-17T07:50:58.887+0000] {processor.py:839} INFO - DAG(s) dict_keys(['example_task_group_decorator']) retrieved from /home/airflow/.local/lib/python3.8/site-packages/airflow/example_dags/example_task_group_decorator.py
[2025-10-17T07:50:58.911+0000] {logging_mixin.py:154} INFO - [2025-10-17T07:50:58.910+0000] {dag.py:2941} INFO - Sync 1 DAGs
[2025-10-17T07:50:58.928+0000] {logging_mixin.py:154} INFO - [2025-10-17T07:50:58.928+0000] {dag.py:3722} INFO - Setting next_dagrun for example_task_group_decorator to 2025-10-16T07:50:58.928274+00:00, run_after=2025-10-17T07:50:58.928274+00:00
[2025-10-17T07:50:58.944+0000] {processor.py:179} INFO - Processing /home/airflow/.local/lib/python3.8/site-packages/airflow/example_dags/example_task_group_decorator.py took 0.075 seconds
[2025-10-17T07:51:29.565+0000] {processor.py:157} INFO - Started process (PID=661) to work on /home/airflow/.local/lib/python3.8/site-packages/airflow/example_dags/example_task_group_decorator.py
[2025-10-17T07:51:29.566+0000] {processor.py:829} INFO - Processing file /home/airflow/.local/lib/python3.8/site-packages/airflow/example_dags/example_task_group_decorator.py for tasks to queue
[2025-10-17T07:51:29.568+0000] {logging_mixin.py:154} INFO - [2025-10-17T07:51:29.568+0000] {dagbag.py:536} INFO - Filling up the DagBag from /home/airflow/.local/lib/python3.8/site-packages/airflow/example_dags/example_task_group_decorator.py
[2025-10-17T07:51:29.581+0000] {processor.py:839} INFO - DAG(s) dict_keys(['example_task_group_decorator']) retrieved from /home/airflow/.local/lib/python3.8/site-packages/airflow/example_dags/example_task_group_decorator.py
[2025-10-17T07:51:29.604+0000] {logging_mixin.py:154} INFO - [2025-10-17T07:51:29.603+0000] {dag.py:2941} INFO - Sync 1 DAGs
[2025-10-17T07:51:29.622+0000] {logging_mixin.py:154} INFO - [2025-10-17T07:51:29.622+0000] {dag.py:3722} INFO - Setting next_dagrun for example_task_group_decorator to 2025-10-16T07:51:29.622220+00:00, run_after=2025-10-17T07:51:29.622220+00:00
[2025-10-17T07:51:29.640+0000] {processor.py:179} INFO - Processing /home/airflow/.local/lib/python3.8/site-packages/airflow/example_dags/example_task_group_decorator.py took 0.078 seconds
[2025-10-17T07:52:00.170+0000] {processor.py:157} INFO - Started process (PID=717) to work on /home/airflow/.local/lib/python3.8/site-packages/airflow/example_dags/example_task_group_decorator.py
[2025-10-17T07:52:00.171+0000] {processor.py:829} INFO - Processing file /home/airflow/.local/lib/python3.8/site-packages/airflow/example_dags/example_task_group_decorator.py for tasks to queue
[2025-10-17T07:52:00.175+0000] {logging_mixin.py:154} INFO - [2025-10-17T07:52:00.174+0000] {dagbag.py:536} INFO - Filling up the DagBag from /home/airflow/.local/lib/python3.8/site-packages/airflow/example_dags/example_task_group_decorator.py
[2025-10-17T07:52:00.190+0000] {processor.py:839} INFO - DAG(s) dict_keys(['example_task_group_decorator']) retrieved from /home/airflow/.local/lib/python3.8/site-packages/airflow/example_dags/example_task_group_decorator.py
[2025-10-17T07:52:00.212+0000] {logging_mixin.py:154} INFO - [2025-10-17T07:52:00.212+0000] {dag.py:2941} INFO - Sync 1 DAGs
[2025-10-17T07:52:00.231+0000] {logging_mixin.py:154} INFO - [2025-10-17T07:52:00.231+0000] {dag.py:3722} INFO - Setting next_dagrun for example_task_group_decorator to 2025-10-16T07:52:00.231049+00:00, run_after=2025-10-17T07:52:00.231049+00:00
[2025-10-17T07:52:00.248+0000] {processor.py:179} INFO - Processing /home/airflow/.local/lib/python3.8/site-packages/airflow/example_dags/example_task_group_decorator.py took 0.082 seconds
[2025-10-17T08:08:56.011+0000] {processor.py:157} INFO - Started process (PID=102) to work on /home/airflow/.local/lib/python3.8/site-packages/airflow/example_dags/example_task_group_decorator.py
[2025-10-17T08:08:56.013+0000] {processor.py:829} INFO - Processing file /home/airflow/.local/lib/python3.8/site-packages/airflow/example_dags/example_task_group_decorator.py for tasks to queue
[2025-10-17T08:08:56.015+0000] {logging_mixin.py:154} INFO - [2025-10-17T08:08:56.015+0000] {dagbag.py:536} INFO - Filling up the DagBag from /home/airflow/.local/lib/python3.8/site-packages/airflow/example_dags/example_task_group_decorator.py
[2025-10-17T08:08:56.028+0000] {processor.py:839} INFO - DAG(s) dict_keys(['example_task_group_decorator']) retrieved from /home/airflow/.local/lib/python3.8/site-packages/airflow/example_dags/example_task_group_decorator.py
[2025-10-17T08:08:56.144+0000] {logging_mixin.py:154} INFO - [2025-10-17T08:08:56.144+0000] {manager.py:499} INFO - Created Permission View: %s
[2025-10-17T08:08:56.153+0000] {logging_mixin.py:154} INFO - [2025-10-17T08:08:56.152+0000] {manager.py:499} INFO - Created Permission View: %s
[2025-10-17T08:08:56.160+0000] {logging_mixin.py:154} INFO - [2025-10-17T08:08:56.159+0000] {manager.py:499} INFO - Created Permission View: %s
[2025-10-17T08:08:56.160+0000] {logging_mixin.py:154} INFO - [2025-10-17T08:08:56.160+0000] {dag.py:2941} INFO - Sync 1 DAGs
[2025-10-17T08:08:56.170+0000] {logging_mixin.py:154} INFO - [2025-10-17T08:08:56.170+0000] {dag.py:2963} INFO - Creating ORM DAG for example_task_group_decorator
[2025-10-17T08:08:56.178+0000] {logging_mixin.py:154} INFO - [2025-10-17T08:08:56.178+0000] {dag.py:3722} INFO - Setting next_dagrun for example_task_group_decorator to 2025-10-16T08:08:56.178515+00:00, run_after=2025-10-17T08:08:56.178515+00:00
[2025-10-17T08:08:56.196+0000] {processor.py:179} INFO - Processing /home/airflow/.local/lib/python3.8/site-packages/airflow/example_dags/example_task_group_decorator.py took 0.188 seconds
[2025-10-17T08:09:26.782+0000] {processor.py:157} INFO - Started process (PID=158) to work on /home/airflow/.local/lib/python3.8/site-packages/airflow/example_dags/example_task_group_decorator.py
[2025-10-17T08:09:26.783+0000] {processor.py:829} INFO - Processing file /home/airflow/.local/lib/python3.8/site-packages/airflow/example_dags/example_task_group_decorator.py for tasks to queue
[2025-10-17T08:09:26.785+0000] {logging_mixin.py:154} INFO - [2025-10-17T08:09:26.785+0000] {dagbag.py:536} INFO - Filling up the DagBag from /home/airflow/.local/lib/python3.8/site-packages/airflow/example_dags/example_task_group_decorator.py
[2025-10-17T08:09:26.797+0000] {processor.py:839} INFO - DAG(s) dict_keys(['example_task_group_decorator']) retrieved from /home/airflow/.local/lib/python3.8/site-packages/airflow/example_dags/example_task_group_decorator.py
[2025-10-17T08:09:26.820+0000] {logging_mixin.py:154} INFO - [2025-10-17T08:09:26.820+0000] {dag.py:2941} INFO - Sync 1 DAGs
[2025-10-17T08:09:26.839+0000] {logging_mixin.py:154} INFO - [2025-10-17T08:09:26.839+0000] {dag.py:3722} INFO - Setting next_dagrun for example_task_group_decorator to 2025-10-16T08:09:26.839316+00:00, run_after=2025-10-17T08:09:26.839316+00:00
[2025-10-17T08:09:26.855+0000] {processor.py:179} INFO - Processing /home/airflow/.local/lib/python3.8/site-packages/airflow/example_dags/example_task_group_decorator.py took 0.076 seconds
[2025-10-17T08:09:56.950+0000] {processor.py:157} INFO - Started process (PID=214) to work on /home/airflow/.local/lib/python3.8/site-packages/airflow/example_dags/example_task_group_decorator.py
[2025-10-17T08:09:56.952+0000] {processor.py:829} INFO - Processing file /home/airflow/.local/lib/python3.8/site-packages/airflow/example_dags/example_task_group_decorator.py for tasks to queue
[2025-10-17T08:09:56.954+0000] {logging_mixin.py:154} INFO - [2025-10-17T08:09:56.954+0000] {dagbag.py:536} INFO - Filling up the DagBag from /home/airflow/.local/lib/python3.8/site-packages/airflow/example_dags/example_task_group_decorator.py
[2025-10-17T08:09:56.967+0000] {processor.py:839} INFO - DAG(s) dict_keys(['example_task_group_decorator']) retrieved from /home/airflow/.local/lib/python3.8/site-packages/airflow/example_dags/example_task_group_decorator.py
[2025-10-17T08:09:56.990+0000] {logging_mixin.py:154} INFO - [2025-10-17T08:09:56.989+0000] {dag.py:2941} INFO - Sync 1 DAGs
[2025-10-17T08:09:57.010+0000] {logging_mixin.py:154} INFO - [2025-10-17T08:09:57.010+0000] {dag.py:3722} INFO - Setting next_dagrun for example_task_group_decorator to 2025-10-16T08:09:57.010252+00:00, run_after=2025-10-17T08:09:57.010252+00:00
[2025-10-17T08:09:57.033+0000] {processor.py:179} INFO - Processing /home/airflow/.local/lib/python3.8/site-packages/airflow/example_dags/example_task_group_decorator.py took 0.086 seconds
[2025-10-17T08:10:28.036+0000] {processor.py:157} INFO - Started process (PID=270) to work on /home/airflow/.local/lib/python3.8/site-packages/airflow/example_dags/example_task_group_decorator.py
[2025-10-17T08:10:28.037+0000] {processor.py:829} INFO - Processing file /home/airflow/.local/lib/python3.8/site-packages/airflow/example_dags/example_task_group_decorator.py for tasks to queue
[2025-10-17T08:10:28.040+0000] {logging_mixin.py:154} INFO - [2025-10-17T08:10:28.040+0000] {dagbag.py:536} INFO - Filling up the DagBag from /home/airflow/.local/lib/python3.8/site-packages/airflow/example_dags/example_task_group_decorator.py
[2025-10-17T08:10:28.057+0000] {processor.py:839} INFO - DAG(s) dict_keys(['example_task_group_decorator']) retrieved from /home/airflow/.local/lib/python3.8/site-packages/airflow/example_dags/example_task_group_decorator.py
[2025-10-17T08:10:28.082+0000] {logging_mixin.py:154} INFO - [2025-10-17T08:10:28.082+0000] {dag.py:2941} INFO - Sync 1 DAGs
[2025-10-17T08:10:28.103+0000] {logging_mixin.py:154} INFO - [2025-10-17T08:10:28.103+0000] {dag.py:3722} INFO - Setting next_dagrun for example_task_group_decorator to 2025-10-16T08:10:28.103278+00:00, run_after=2025-10-17T08:10:28.103278+00:00
[2025-10-17T08:10:28.129+0000] {processor.py:179} INFO - Processing /home/airflow/.local/lib/python3.8/site-packages/airflow/example_dags/example_task_group_decorator.py took 0.097 seconds
[2025-10-17T08:10:58.457+0000] {processor.py:157} INFO - Started process (PID=326) to work on /home/airflow/.local/lib/python3.8/site-packages/airflow/example_dags/example_task_group_decorator.py
[2025-10-17T08:10:58.458+0000] {processor.py:829} INFO - Processing file /home/airflow/.local/lib/python3.8/site-packages/airflow/example_dags/example_task_group_decorator.py for tasks to queue
[2025-10-17T08:10:58.460+0000] {logging_mixin.py:154} INFO - [2025-10-17T08:10:58.460+0000] {dagbag.py:536} INFO - Filling up the DagBag from /home/airflow/.local/lib/python3.8/site-packages/airflow/example_dags/example_task_group_decorator.py
[2025-10-17T08:10:58.472+0000] {processor.py:839} INFO - DAG(s) dict_keys(['example_task_group_decorator']) retrieved from /home/airflow/.local/lib/python3.8/site-packages/airflow/example_dags/example_task_group_decorator.py
[2025-10-17T08:10:58.494+0000] {logging_mixin.py:154} INFO - [2025-10-17T08:10:58.494+0000] {dag.py:2941} INFO - Sync 1 DAGs
[2025-10-17T08:10:58.512+0000] {logging_mixin.py:154} INFO - [2025-10-17T08:10:58.512+0000] {dag.py:3722} INFO - Setting next_dagrun for example_task_group_decorator to 2025-10-16T08:10:58.511793+00:00, run_after=2025-10-17T08:10:58.511793+00:00
[2025-10-17T08:10:58.528+0000] {processor.py:179} INFO - Processing /home/airflow/.local/lib/python3.8/site-packages/airflow/example_dags/example_task_group_decorator.py took 0.074 seconds
[2025-10-17T08:12:37.904+0000] {processor.py:157} INFO - Started process (PID=103) to work on /home/airflow/.local/lib/python3.8/site-packages/airflow/example_dags/example_task_group_decorator.py
[2025-10-17T08:12:37.905+0000] {processor.py:829} INFO - Processing file /home/airflow/.local/lib/python3.8/site-packages/airflow/example_dags/example_task_group_decorator.py for tasks to queue
[2025-10-17T08:12:37.907+0000] {logging_mixin.py:154} INFO - [2025-10-17T08:12:37.907+0000] {dagbag.py:536} INFO - Filling up the DagBag from /home/airflow/.local/lib/python3.8/site-packages/airflow/example_dags/example_task_group_decorator.py
[2025-10-17T08:12:37.922+0000] {processor.py:839} INFO - DAG(s) dict_keys(['example_task_group_decorator']) retrieved from /home/airflow/.local/lib/python3.8/site-packages/airflow/example_dags/example_task_group_decorator.py
[2025-10-17T08:12:38.043+0000] {logging_mixin.py:154} INFO - [2025-10-17T08:12:38.043+0000] {manager.py:499} INFO - Created Permission View: %s
[2025-10-17T08:12:38.057+0000] {logging_mixin.py:154} INFO - [2025-10-17T08:12:38.057+0000] {manager.py:499} INFO - Created Permission View: %s
[2025-10-17T08:12:38.066+0000] {logging_mixin.py:154} INFO - [2025-10-17T08:12:38.066+0000] {manager.py:499} INFO - Created Permission View: %s
[2025-10-17T08:12:38.067+0000] {logging_mixin.py:154} INFO - [2025-10-17T08:12:38.067+0000] {dag.py:2941} INFO - Sync 1 DAGs
[2025-10-17T08:12:38.078+0000] {logging_mixin.py:154} INFO - [2025-10-17T08:12:38.078+0000] {dag.py:2963} INFO - Creating ORM DAG for example_task_group_decorator
[2025-10-17T08:12:38.087+0000] {logging_mixin.py:154} INFO - [2025-10-17T08:12:38.087+0000] {dag.py:3722} INFO - Setting next_dagrun for example_task_group_decorator to 2025-10-16T08:12:38.087238+00:00, run_after=2025-10-17T08:12:38.087238+00:00
[2025-10-17T08:12:38.113+0000] {processor.py:179} INFO - Processing /home/airflow/.local/lib/python3.8/site-packages/airflow/example_dags/example_task_group_decorator.py took 0.212 seconds
[2025-10-17T08:13:09.033+0000] {processor.py:157} INFO - Started process (PID=159) to work on /home/airflow/.local/lib/python3.8/site-packages/airflow/example_dags/example_task_group_decorator.py
[2025-10-17T08:13:09.034+0000] {processor.py:829} INFO - Processing file /home/airflow/.local/lib/python3.8/site-packages/airflow/example_dags/example_task_group_decorator.py for tasks to queue
[2025-10-17T08:13:09.036+0000] {logging_mixin.py:154} INFO - [2025-10-17T08:13:09.036+0000] {dagbag.py:536} INFO - Filling up the DagBag from /home/airflow/.local/lib/python3.8/site-packages/airflow/example_dags/example_task_group_decorator.py
[2025-10-17T08:13:09.047+0000] {processor.py:839} INFO - DAG(s) dict_keys(['example_task_group_decorator']) retrieved from /home/airflow/.local/lib/python3.8/site-packages/airflow/example_dags/example_task_group_decorator.py
[2025-10-17T08:13:09.071+0000] {logging_mixin.py:154} INFO - [2025-10-17T08:13:09.071+0000] {dag.py:2941} INFO - Sync 1 DAGs
[2025-10-17T08:13:09.088+0000] {logging_mixin.py:154} INFO - [2025-10-17T08:13:09.088+0000] {dag.py:3722} INFO - Setting next_dagrun for example_task_group_decorator to 2025-10-16T08:13:09.088369+00:00, run_after=2025-10-17T08:13:09.088369+00:00
[2025-10-17T08:13:09.104+0000] {processor.py:179} INFO - Processing /home/airflow/.local/lib/python3.8/site-packages/airflow/example_dags/example_task_group_decorator.py took 0.075 seconds
[2025-10-17T08:13:39.536+0000] {processor.py:157} INFO - Started process (PID=215) to work on /home/airflow/.local/lib/python3.8/site-packages/airflow/example_dags/example_task_group_decorator.py
[2025-10-17T08:13:39.537+0000] {processor.py:829} INFO - Processing file /home/airflow/.local/lib/python3.8/site-packages/airflow/example_dags/example_task_group_decorator.py for tasks to queue
[2025-10-17T08:13:39.539+0000] {logging_mixin.py:154} INFO - [2025-10-17T08:13:39.538+0000] {dagbag.py:536} INFO - Filling up the DagBag from /home/airflow/.local/lib/python3.8/site-packages/airflow/example_dags/example_task_group_decorator.py
[2025-10-17T08:13:39.551+0000] {processor.py:839} INFO - DAG(s) dict_keys(['example_task_group_decorator']) retrieved from /home/airflow/.local/lib/python3.8/site-packages/airflow/example_dags/example_task_group_decorator.py
[2025-10-17T08:13:39.572+0000] {logging_mixin.py:154} INFO - [2025-10-17T08:13:39.572+0000] {dag.py:2941} INFO - Sync 1 DAGs
[2025-10-17T08:13:39.589+0000] {logging_mixin.py:154} INFO - [2025-10-17T08:13:39.589+0000] {dag.py:3722} INFO - Setting next_dagrun for example_task_group_decorator to 2025-10-16T08:13:39.589403+00:00, run_after=2025-10-17T08:13:39.589403+00:00
[2025-10-17T08:13:39.610+0000] {processor.py:179} INFO - Processing /home/airflow/.local/lib/python3.8/site-packages/airflow/example_dags/example_task_group_decorator.py took 0.077 seconds
