[2025-10-17T07:19:45.929+0000] {processor.py:157} INFO - Started process (PID=573) to work on /home/airflow/.local/lib/python3.8/site-packages/airflow/example_dags/example_branch_python_dop_operator_3.py
[2025-10-17T07:19:45.930+0000] {processor.py:829} INFO - Processing file /home/airflow/.local/lib/python3.8/site-packages/airflow/example_dags/example_branch_python_dop_operator_3.py for tasks to queue
[2025-10-17T07:19:45.937+0000] {logging_mixin.py:154} INFO - [2025-10-17T07:19:45.937+0000] {dagbag.py:536} INFO - Filling up the DagBag from /home/airflow/.local/lib/python3.8/site-packages/airflow/example_dags/example_branch_python_dop_operator_3.py
[2025-10-17T07:19:45.955+0000] {processor.py:839} INFO - DAG(s) dict_keys(['example_branch_dop_operator_v3']) retrieved from /home/airflow/.local/lib/python3.8/site-packages/airflow/example_dags/example_branch_python_dop_operator_3.py
[2025-10-17T07:19:45.997+0000] {logging_mixin.py:154} INFO - [2025-10-17T07:19:45.996+0000] {dag.py:2941} INFO - Sync 1 DAGs
[2025-10-17T07:19:46.054+0000] {logging_mixin.py:154} INFO - [2025-10-17T07:19:46.054+0000] {dag.py:3722} INFO - Setting next_dagrun for example_branch_dop_operator_v3 to 2025-10-17T07:18:00+00:00, run_after=2025-10-17T07:19:00+00:00
[2025-10-17T07:19:46.116+0000] {processor.py:179} INFO - Processing /home/airflow/.local/lib/python3.8/site-packages/airflow/example_dags/example_branch_python_dop_operator_3.py took 0.194 seconds
[2025-10-17T07:20:16.402+0000] {processor.py:157} INFO - Started process (PID=629) to work on /home/airflow/.local/lib/python3.8/site-packages/airflow/example_dags/example_branch_python_dop_operator_3.py
[2025-10-17T07:20:16.403+0000] {processor.py:829} INFO - Processing file /home/airflow/.local/lib/python3.8/site-packages/airflow/example_dags/example_branch_python_dop_operator_3.py for tasks to queue
[2025-10-17T07:20:16.406+0000] {logging_mixin.py:154} INFO - [2025-10-17T07:20:16.406+0000] {dagbag.py:536} INFO - Filling up the DagBag from /home/airflow/.local/lib/python3.8/site-packages/airflow/example_dags/example_branch_python_dop_operator_3.py
[2025-10-17T07:20:16.416+0000] {processor.py:839} INFO - DAG(s) dict_keys(['example_branch_dop_operator_v3']) retrieved from /home/airflow/.local/lib/python3.8/site-packages/airflow/example_dags/example_branch_python_dop_operator_3.py
[2025-10-17T07:20:16.441+0000] {logging_mixin.py:154} INFO - [2025-10-17T07:20:16.441+0000] {dag.py:2941} INFO - Sync 1 DAGs
[2025-10-17T07:20:16.471+0000] {logging_mixin.py:154} INFO - [2025-10-17T07:20:16.470+0000] {dag.py:3722} INFO - Setting next_dagrun for example_branch_dop_operator_v3 to 2025-10-17T07:19:00+00:00, run_after=2025-10-17T07:20:00+00:00
[2025-10-17T07:20:16.492+0000] {processor.py:179} INFO - Processing /home/airflow/.local/lib/python3.8/site-packages/airflow/example_dags/example_branch_python_dop_operator_3.py took 0.094 seconds
[2025-10-17T07:20:47.208+0000] {processor.py:157} INFO - Started process (PID=685) to work on /home/airflow/.local/lib/python3.8/site-packages/airflow/example_dags/example_branch_python_dop_operator_3.py
[2025-10-17T07:20:47.210+0000] {processor.py:829} INFO - Processing file /home/airflow/.local/lib/python3.8/site-packages/airflow/example_dags/example_branch_python_dop_operator_3.py for tasks to queue
[2025-10-17T07:20:47.214+0000] {logging_mixin.py:154} INFO - [2025-10-17T07:20:47.213+0000] {dagbag.py:536} INFO - Filling up the DagBag from /home/airflow/.local/lib/python3.8/site-packages/airflow/example_dags/example_branch_python_dop_operator_3.py
[2025-10-17T07:20:47.236+0000] {processor.py:839} INFO - DAG(s) dict_keys(['example_branch_dop_operator_v3']) retrieved from /home/airflow/.local/lib/python3.8/site-packages/airflow/example_dags/example_branch_python_dop_operator_3.py
[2025-10-17T07:20:47.329+0000] {logging_mixin.py:154} INFO - [2025-10-17T07:20:47.328+0000] {dag.py:2941} INFO - Sync 1 DAGs
[2025-10-17T07:20:47.410+0000] {logging_mixin.py:154} INFO - [2025-10-17T07:20:47.409+0000] {dag.py:3722} INFO - Setting next_dagrun for example_branch_dop_operator_v3 to 2025-10-17T07:19:00+00:00, run_after=2025-10-17T07:20:00+00:00
[2025-10-17T07:20:47.476+0000] {processor.py:179} INFO - Processing /home/airflow/.local/lib/python3.8/site-packages/airflow/example_dags/example_branch_python_dop_operator_3.py took 0.275 seconds
[2025-10-17T07:21:17.857+0000] {processor.py:157} INFO - Started process (PID=741) to work on /home/airflow/.local/lib/python3.8/site-packages/airflow/example_dags/example_branch_python_dop_operator_3.py
[2025-10-17T07:21:17.858+0000] {processor.py:829} INFO - Processing file /home/airflow/.local/lib/python3.8/site-packages/airflow/example_dags/example_branch_python_dop_operator_3.py for tasks to queue
[2025-10-17T07:21:17.862+0000] {logging_mixin.py:154} INFO - [2025-10-17T07:21:17.861+0000] {dagbag.py:536} INFO - Filling up the DagBag from /home/airflow/.local/lib/python3.8/site-packages/airflow/example_dags/example_branch_python_dop_operator_3.py
[2025-10-17T07:21:17.874+0000] {processor.py:839} INFO - DAG(s) dict_keys(['example_branch_dop_operator_v3']) retrieved from /home/airflow/.local/lib/python3.8/site-packages/airflow/example_dags/example_branch_python_dop_operator_3.py
[2025-10-17T07:21:17.905+0000] {logging_mixin.py:154} INFO - [2025-10-17T07:21:17.905+0000] {dag.py:2941} INFO - Sync 1 DAGs
[2025-10-17T07:21:17.939+0000] {logging_mixin.py:154} INFO - [2025-10-17T07:21:17.938+0000] {dag.py:3722} INFO - Setting next_dagrun for example_branch_dop_operator_v3 to 2025-10-17T07:20:00+00:00, run_after=2025-10-17T07:21:00+00:00
[2025-10-17T07:21:17.963+0000] {processor.py:179} INFO - Processing /home/airflow/.local/lib/python3.8/site-packages/airflow/example_dags/example_branch_python_dop_operator_3.py took 0.111 seconds
[2025-10-17T07:21:48.254+0000] {processor.py:157} INFO - Started process (PID=797) to work on /home/airflow/.local/lib/python3.8/site-packages/airflow/example_dags/example_branch_python_dop_operator_3.py
[2025-10-17T07:21:48.255+0000] {processor.py:829} INFO - Processing file /home/airflow/.local/lib/python3.8/site-packages/airflow/example_dags/example_branch_python_dop_operator_3.py for tasks to queue
[2025-10-17T07:21:48.257+0000] {logging_mixin.py:154} INFO - [2025-10-17T07:21:48.257+0000] {dagbag.py:536} INFO - Filling up the DagBag from /home/airflow/.local/lib/python3.8/site-packages/airflow/example_dags/example_branch_python_dop_operator_3.py
[2025-10-17T07:21:48.265+0000] {processor.py:839} INFO - DAG(s) dict_keys(['example_branch_dop_operator_v3']) retrieved from /home/airflow/.local/lib/python3.8/site-packages/airflow/example_dags/example_branch_python_dop_operator_3.py
[2025-10-17T07:21:48.285+0000] {logging_mixin.py:154} INFO - [2025-10-17T07:21:48.285+0000] {dag.py:2941} INFO - Sync 1 DAGs
[2025-10-17T07:21:48.309+0000] {logging_mixin.py:154} INFO - [2025-10-17T07:21:48.309+0000] {dag.py:3722} INFO - Setting next_dagrun for example_branch_dop_operator_v3 to 2025-10-17T07:20:00+00:00, run_after=2025-10-17T07:21:00+00:00
[2025-10-17T07:21:48.330+0000] {processor.py:179} INFO - Processing /home/airflow/.local/lib/python3.8/site-packages/airflow/example_dags/example_branch_python_dop_operator_3.py took 0.080 seconds
[2025-10-17T07:22:19.364+0000] {processor.py:157} INFO - Started process (PID=853) to work on /home/airflow/.local/lib/python3.8/site-packages/airflow/example_dags/example_branch_python_dop_operator_3.py
[2025-10-17T07:22:19.365+0000] {processor.py:829} INFO - Processing file /home/airflow/.local/lib/python3.8/site-packages/airflow/example_dags/example_branch_python_dop_operator_3.py for tasks to queue
[2025-10-17T07:22:19.367+0000] {logging_mixin.py:154} INFO - [2025-10-17T07:22:19.367+0000] {dagbag.py:536} INFO - Filling up the DagBag from /home/airflow/.local/lib/python3.8/site-packages/airflow/example_dags/example_branch_python_dop_operator_3.py
[2025-10-17T07:22:19.375+0000] {processor.py:839} INFO - DAG(s) dict_keys(['example_branch_dop_operator_v3']) retrieved from /home/airflow/.local/lib/python3.8/site-packages/airflow/example_dags/example_branch_python_dop_operator_3.py
[2025-10-17T07:22:19.396+0000] {logging_mixin.py:154} INFO - [2025-10-17T07:22:19.395+0000] {dag.py:2941} INFO - Sync 1 DAGs
[2025-10-17T07:22:19.420+0000] {logging_mixin.py:154} INFO - [2025-10-17T07:22:19.420+0000] {dag.py:3722} INFO - Setting next_dagrun for example_branch_dop_operator_v3 to 2025-10-17T07:21:00+00:00, run_after=2025-10-17T07:22:00+00:00
[2025-10-17T07:22:19.439+0000] {processor.py:179} INFO - Processing /home/airflow/.local/lib/python3.8/site-packages/airflow/example_dags/example_branch_python_dop_operator_3.py took 0.079 seconds
[2025-10-17T07:22:50.477+0000] {processor.py:157} INFO - Started process (PID=909) to work on /home/airflow/.local/lib/python3.8/site-packages/airflow/example_dags/example_branch_python_dop_operator_3.py
[2025-10-17T07:22:50.478+0000] {processor.py:829} INFO - Processing file /home/airflow/.local/lib/python3.8/site-packages/airflow/example_dags/example_branch_python_dop_operator_3.py for tasks to queue
[2025-10-17T07:22:50.482+0000] {logging_mixin.py:154} INFO - [2025-10-17T07:22:50.481+0000] {dagbag.py:536} INFO - Filling up the DagBag from /home/airflow/.local/lib/python3.8/site-packages/airflow/example_dags/example_branch_python_dop_operator_3.py
[2025-10-17T07:22:50.492+0000] {processor.py:839} INFO - DAG(s) dict_keys(['example_branch_dop_operator_v3']) retrieved from /home/airflow/.local/lib/python3.8/site-packages/airflow/example_dags/example_branch_python_dop_operator_3.py
[2025-10-17T07:22:50.517+0000] {logging_mixin.py:154} INFO - [2025-10-17T07:22:50.516+0000] {dag.py:2941} INFO - Sync 1 DAGs
[2025-10-17T07:22:50.541+0000] {logging_mixin.py:154} INFO - [2025-10-17T07:22:50.541+0000] {dag.py:3722} INFO - Setting next_dagrun for example_branch_dop_operator_v3 to 2025-10-17T07:21:00+00:00, run_after=2025-10-17T07:22:00+00:00
[2025-10-17T07:22:50.755+0000] {processor.py:179} INFO - Processing /home/airflow/.local/lib/python3.8/site-packages/airflow/example_dags/example_branch_python_dop_operator_3.py took 0.281 seconds
[2025-10-17T07:23:21.023+0000] {processor.py:157} INFO - Started process (PID=965) to work on /home/airflow/.local/lib/python3.8/site-packages/airflow/example_dags/example_branch_python_dop_operator_3.py
[2025-10-17T07:23:21.024+0000] {processor.py:829} INFO - Processing file /home/airflow/.local/lib/python3.8/site-packages/airflow/example_dags/example_branch_python_dop_operator_3.py for tasks to queue
[2025-10-17T07:23:21.027+0000] {logging_mixin.py:154} INFO - [2025-10-17T07:23:21.026+0000] {dagbag.py:536} INFO - Filling up the DagBag from /home/airflow/.local/lib/python3.8/site-packages/airflow/example_dags/example_branch_python_dop_operator_3.py
[2025-10-17T07:23:21.040+0000] {processor.py:839} INFO - DAG(s) dict_keys(['example_branch_dop_operator_v3']) retrieved from /home/airflow/.local/lib/python3.8/site-packages/airflow/example_dags/example_branch_python_dop_operator_3.py
[2025-10-17T07:23:21.060+0000] {logging_mixin.py:154} INFO - [2025-10-17T07:23:21.060+0000] {dag.py:2941} INFO - Sync 1 DAGs
[2025-10-17T07:23:21.082+0000] {logging_mixin.py:154} INFO - [2025-10-17T07:23:21.082+0000] {dag.py:3722} INFO - Setting next_dagrun for example_branch_dop_operator_v3 to 2025-10-17T07:22:00+00:00, run_after=2025-10-17T07:23:00+00:00
[2025-10-17T07:23:21.099+0000] {processor.py:179} INFO - Processing /home/airflow/.local/lib/python3.8/site-packages/airflow/example_dags/example_branch_python_dop_operator_3.py took 0.079 seconds
[2025-10-17T07:23:52.306+0000] {processor.py:157} INFO - Started process (PID=1021) to work on /home/airflow/.local/lib/python3.8/site-packages/airflow/example_dags/example_branch_python_dop_operator_3.py
[2025-10-17T07:23:52.308+0000] {processor.py:829} INFO - Processing file /home/airflow/.local/lib/python3.8/site-packages/airflow/example_dags/example_branch_python_dop_operator_3.py for tasks to queue
[2025-10-17T07:23:52.310+0000] {logging_mixin.py:154} INFO - [2025-10-17T07:23:52.309+0000] {dagbag.py:536} INFO - Filling up the DagBag from /home/airflow/.local/lib/python3.8/site-packages/airflow/example_dags/example_branch_python_dop_operator_3.py
[2025-10-17T07:23:52.318+0000] {processor.py:839} INFO - DAG(s) dict_keys(['example_branch_dop_operator_v3']) retrieved from /home/airflow/.local/lib/python3.8/site-packages/airflow/example_dags/example_branch_python_dop_operator_3.py
[2025-10-17T07:23:52.344+0000] {logging_mixin.py:154} INFO - [2025-10-17T07:23:52.343+0000] {dag.py:2941} INFO - Sync 1 DAGs
[2025-10-17T07:23:52.370+0000] {logging_mixin.py:154} INFO - [2025-10-17T07:23:52.370+0000] {dag.py:3722} INFO - Setting next_dagrun for example_branch_dop_operator_v3 to 2025-10-17T07:22:00+00:00, run_after=2025-10-17T07:23:00+00:00
[2025-10-17T07:23:52.390+0000] {processor.py:179} INFO - Processing /home/airflow/.local/lib/python3.8/site-packages/airflow/example_dags/example_branch_python_dop_operator_3.py took 0.087 seconds
[2025-10-17T07:24:23.529+0000] {processor.py:157} INFO - Started process (PID=1077) to work on /home/airflow/.local/lib/python3.8/site-packages/airflow/example_dags/example_branch_python_dop_operator_3.py
[2025-10-17T07:24:23.531+0000] {processor.py:829} INFO - Processing file /home/airflow/.local/lib/python3.8/site-packages/airflow/example_dags/example_branch_python_dop_operator_3.py for tasks to queue
[2025-10-17T07:24:23.533+0000] {logging_mixin.py:154} INFO - [2025-10-17T07:24:23.533+0000] {dagbag.py:536} INFO - Filling up the DagBag from /home/airflow/.local/lib/python3.8/site-packages/airflow/example_dags/example_branch_python_dop_operator_3.py
[2025-10-17T07:24:23.542+0000] {processor.py:839} INFO - DAG(s) dict_keys(['example_branch_dop_operator_v3']) retrieved from /home/airflow/.local/lib/python3.8/site-packages/airflow/example_dags/example_branch_python_dop_operator_3.py
[2025-10-17T07:24:23.564+0000] {logging_mixin.py:154} INFO - [2025-10-17T07:24:23.564+0000] {dag.py:2941} INFO - Sync 1 DAGs
[2025-10-17T07:24:23.590+0000] {logging_mixin.py:154} INFO - [2025-10-17T07:24:23.590+0000] {dag.py:3722} INFO - Setting next_dagrun for example_branch_dop_operator_v3 to 2025-10-17T07:23:00+00:00, run_after=2025-10-17T07:24:00+00:00
[2025-10-17T07:24:23.611+0000] {processor.py:179} INFO - Processing /home/airflow/.local/lib/python3.8/site-packages/airflow/example_dags/example_branch_python_dop_operator_3.py took 0.085 seconds
[2025-10-17T07:24:53.659+0000] {processor.py:157} INFO - Started process (PID=1139) to work on /home/airflow/.local/lib/python3.8/site-packages/airflow/example_dags/example_branch_python_dop_operator_3.py
[2025-10-17T07:24:53.660+0000] {processor.py:829} INFO - Processing file /home/airflow/.local/lib/python3.8/site-packages/airflow/example_dags/example_branch_python_dop_operator_3.py for tasks to queue
[2025-10-17T07:24:53.662+0000] {logging_mixin.py:154} INFO - [2025-10-17T07:24:53.662+0000] {dagbag.py:536} INFO - Filling up the DagBag from /home/airflow/.local/lib/python3.8/site-packages/airflow/example_dags/example_branch_python_dop_operator_3.py
[2025-10-17T07:24:53.670+0000] {processor.py:839} INFO - DAG(s) dict_keys(['example_branch_dop_operator_v3']) retrieved from /home/airflow/.local/lib/python3.8/site-packages/airflow/example_dags/example_branch_python_dop_operator_3.py
[2025-10-17T07:24:53.690+0000] {logging_mixin.py:154} INFO - [2025-10-17T07:24:53.689+0000] {dag.py:2941} INFO - Sync 1 DAGs
[2025-10-17T07:24:53.712+0000] {logging_mixin.py:154} INFO - [2025-10-17T07:24:53.712+0000] {dag.py:3722} INFO - Setting next_dagrun for example_branch_dop_operator_v3 to 2025-10-17T07:23:00+00:00, run_after=2025-10-17T07:24:00+00:00
[2025-10-17T07:24:53.731+0000] {processor.py:179} INFO - Processing /home/airflow/.local/lib/python3.8/site-packages/airflow/example_dags/example_branch_python_dop_operator_3.py took 0.076 seconds
[2025-10-17T07:25:24.551+0000] {processor.py:157} INFO - Started process (PID=1195) to work on /home/airflow/.local/lib/python3.8/site-packages/airflow/example_dags/example_branch_python_dop_operator_3.py
[2025-10-17T07:25:24.553+0000] {processor.py:829} INFO - Processing file /home/airflow/.local/lib/python3.8/site-packages/airflow/example_dags/example_branch_python_dop_operator_3.py for tasks to queue
[2025-10-17T07:25:24.555+0000] {logging_mixin.py:154} INFO - [2025-10-17T07:25:24.555+0000] {dagbag.py:536} INFO - Filling up the DagBag from /home/airflow/.local/lib/python3.8/site-packages/airflow/example_dags/example_branch_python_dop_operator_3.py
[2025-10-17T07:25:24.563+0000] {processor.py:839} INFO - DAG(s) dict_keys(['example_branch_dop_operator_v3']) retrieved from /home/airflow/.local/lib/python3.8/site-packages/airflow/example_dags/example_branch_python_dop_operator_3.py
[2025-10-17T07:25:24.583+0000] {logging_mixin.py:154} INFO - [2025-10-17T07:25:24.582+0000] {dag.py:2941} INFO - Sync 1 DAGs
[2025-10-17T07:25:24.607+0000] {logging_mixin.py:154} INFO - [2025-10-17T07:25:24.607+0000] {dag.py:3722} INFO - Setting next_dagrun for example_branch_dop_operator_v3 to 2025-10-17T07:24:00+00:00, run_after=2025-10-17T07:25:00+00:00
[2025-10-17T07:25:24.623+0000] {processor.py:179} INFO - Processing /home/airflow/.local/lib/python3.8/site-packages/airflow/example_dags/example_branch_python_dop_operator_3.py took 0.075 seconds
[2025-10-17T07:25:55.687+0000] {processor.py:157} INFO - Started process (PID=1258) to work on /home/airflow/.local/lib/python3.8/site-packages/airflow/example_dags/example_branch_python_dop_operator_3.py
[2025-10-17T07:25:55.688+0000] {processor.py:829} INFO - Processing file /home/airflow/.local/lib/python3.8/site-packages/airflow/example_dags/example_branch_python_dop_operator_3.py for tasks to queue
[2025-10-17T07:25:55.690+0000] {logging_mixin.py:154} INFO - [2025-10-17T07:25:55.689+0000] {dagbag.py:536} INFO - Filling up the DagBag from /home/airflow/.local/lib/python3.8/site-packages/airflow/example_dags/example_branch_python_dop_operator_3.py
[2025-10-17T07:25:55.697+0000] {processor.py:839} INFO - DAG(s) dict_keys(['example_branch_dop_operator_v3']) retrieved from /home/airflow/.local/lib/python3.8/site-packages/airflow/example_dags/example_branch_python_dop_operator_3.py
[2025-10-17T07:25:55.849+0000] {logging_mixin.py:154} INFO - [2025-10-17T07:25:55.849+0000] {dag.py:2941} INFO - Sync 1 DAGs
[2025-10-17T07:25:55.868+0000] {logging_mixin.py:154} INFO - [2025-10-17T07:25:55.868+0000] {dag.py:3722} INFO - Setting next_dagrun for example_branch_dop_operator_v3 to 2025-10-17T07:24:00+00:00, run_after=2025-10-17T07:25:00+00:00
[2025-10-17T07:25:55.883+0000] {processor.py:179} INFO - Processing /home/airflow/.local/lib/python3.8/site-packages/airflow/example_dags/example_branch_python_dop_operator_3.py took 0.199 seconds
[2025-10-17T07:26:26.189+0000] {processor.py:157} INFO - Started process (PID=1316) to work on /home/airflow/.local/lib/python3.8/site-packages/airflow/example_dags/example_branch_python_dop_operator_3.py
[2025-10-17T07:26:26.191+0000] {processor.py:829} INFO - Processing file /home/airflow/.local/lib/python3.8/site-packages/airflow/example_dags/example_branch_python_dop_operator_3.py for tasks to queue
[2025-10-17T07:26:26.193+0000] {logging_mixin.py:154} INFO - [2025-10-17T07:26:26.193+0000] {dagbag.py:536} INFO - Filling up the DagBag from /home/airflow/.local/lib/python3.8/site-packages/airflow/example_dags/example_branch_python_dop_operator_3.py
[2025-10-17T07:26:26.201+0000] {processor.py:839} INFO - DAG(s) dict_keys(['example_branch_dop_operator_v3']) retrieved from /home/airflow/.local/lib/python3.8/site-packages/airflow/example_dags/example_branch_python_dop_operator_3.py
[2025-10-17T07:26:26.221+0000] {logging_mixin.py:154} INFO - [2025-10-17T07:26:26.220+0000] {dag.py:2941} INFO - Sync 1 DAGs
[2025-10-17T07:26:26.243+0000] {logging_mixin.py:154} INFO - [2025-10-17T07:26:26.242+0000] {dag.py:3722} INFO - Setting next_dagrun for example_branch_dop_operator_v3 to 2025-10-17T07:25:00+00:00, run_after=2025-10-17T07:26:00+00:00
[2025-10-17T07:26:26.261+0000] {processor.py:179} INFO - Processing /home/airflow/.local/lib/python3.8/site-packages/airflow/example_dags/example_branch_python_dop_operator_3.py took 0.074 seconds
[2025-10-17T07:26:56.546+0000] {processor.py:157} INFO - Started process (PID=1371) to work on /home/airflow/.local/lib/python3.8/site-packages/airflow/example_dags/example_branch_python_dop_operator_3.py
[2025-10-17T07:26:56.547+0000] {processor.py:829} INFO - Processing file /home/airflow/.local/lib/python3.8/site-packages/airflow/example_dags/example_branch_python_dop_operator_3.py for tasks to queue
[2025-10-17T07:26:56.549+0000] {logging_mixin.py:154} INFO - [2025-10-17T07:26:56.549+0000] {dagbag.py:536} INFO - Filling up the DagBag from /home/airflow/.local/lib/python3.8/site-packages/airflow/example_dags/example_branch_python_dop_operator_3.py
[2025-10-17T07:26:56.558+0000] {processor.py:839} INFO - DAG(s) dict_keys(['example_branch_dop_operator_v3']) retrieved from /home/airflow/.local/lib/python3.8/site-packages/airflow/example_dags/example_branch_python_dop_operator_3.py
[2025-10-17T07:26:56.577+0000] {logging_mixin.py:154} INFO - [2025-10-17T07:26:56.577+0000] {dag.py:2941} INFO - Sync 1 DAGs
[2025-10-17T07:26:56.601+0000] {logging_mixin.py:154} INFO - [2025-10-17T07:26:56.600+0000] {dag.py:3722} INFO - Setting next_dagrun for example_branch_dop_operator_v3 to 2025-10-17T07:25:00+00:00, run_after=2025-10-17T07:26:00+00:00
[2025-10-17T07:26:56.617+0000] {processor.py:179} INFO - Processing /home/airflow/.local/lib/python3.8/site-packages/airflow/example_dags/example_branch_python_dop_operator_3.py took 0.075 seconds
[2025-10-17T07:27:26.656+0000] {processor.py:157} INFO - Started process (PID=1426) to work on /home/airflow/.local/lib/python3.8/site-packages/airflow/example_dags/example_branch_python_dop_operator_3.py
[2025-10-17T07:27:26.658+0000] {processor.py:829} INFO - Processing file /home/airflow/.local/lib/python3.8/site-packages/airflow/example_dags/example_branch_python_dop_operator_3.py for tasks to queue
[2025-10-17T07:27:26.660+0000] {logging_mixin.py:154} INFO - [2025-10-17T07:27:26.660+0000] {dagbag.py:536} INFO - Filling up the DagBag from /home/airflow/.local/lib/python3.8/site-packages/airflow/example_dags/example_branch_python_dop_operator_3.py
[2025-10-17T07:27:26.668+0000] {processor.py:839} INFO - DAG(s) dict_keys(['example_branch_dop_operator_v3']) retrieved from /home/airflow/.local/lib/python3.8/site-packages/airflow/example_dags/example_branch_python_dop_operator_3.py
[2025-10-17T07:27:26.686+0000] {logging_mixin.py:154} INFO - [2025-10-17T07:27:26.686+0000] {dag.py:2941} INFO - Sync 1 DAGs
[2025-10-17T07:27:26.706+0000] {logging_mixin.py:154} INFO - [2025-10-17T07:27:26.706+0000] {dag.py:3722} INFO - Setting next_dagrun for example_branch_dop_operator_v3 to 2025-10-17T07:26:00+00:00, run_after=2025-10-17T07:27:00+00:00
[2025-10-17T07:27:26.722+0000] {processor.py:179} INFO - Processing /home/airflow/.local/lib/python3.8/site-packages/airflow/example_dags/example_branch_python_dop_operator_3.py took 0.070 seconds
[2025-10-17T07:27:56.849+0000] {processor.py:157} INFO - Started process (PID=1481) to work on /home/airflow/.local/lib/python3.8/site-packages/airflow/example_dags/example_branch_python_dop_operator_3.py
[2025-10-17T07:27:56.850+0000] {processor.py:829} INFO - Processing file /home/airflow/.local/lib/python3.8/site-packages/airflow/example_dags/example_branch_python_dop_operator_3.py for tasks to queue
[2025-10-17T07:27:56.850+0000] {logging_mixin.py:154} INFO - [2025-10-17T07:27:56.850+0000] {dagbag.py:536} INFO - Filling up the DagBag from /home/airflow/.local/lib/python3.8/site-packages/airflow/example_dags/example_branch_python_dop_operator_3.py
[2025-10-17T07:27:56.860+0000] {processor.py:839} INFO - DAG(s) dict_keys(['example_branch_dop_operator_v3']) retrieved from /home/airflow/.local/lib/python3.8/site-packages/airflow/example_dags/example_branch_python_dop_operator_3.py
[2025-10-17T07:27:56.881+0000] {logging_mixin.py:154} INFO - [2025-10-17T07:27:56.881+0000] {dag.py:2941} INFO - Sync 1 DAGs
[2025-10-17T07:27:56.901+0000] {logging_mixin.py:154} INFO - [2025-10-17T07:27:56.901+0000] {dag.py:3722} INFO - Setting next_dagrun for example_branch_dop_operator_v3 to 2025-10-17T07:26:00+00:00, run_after=2025-10-17T07:27:00+00:00
[2025-10-17T07:27:56.919+0000] {processor.py:179} INFO - Processing /home/airflow/.local/lib/python3.8/site-packages/airflow/example_dags/example_branch_python_dop_operator_3.py took 0.073 seconds
[2025-10-17T07:28:27.185+0000] {processor.py:157} INFO - Started process (PID=1539) to work on /home/airflow/.local/lib/python3.8/site-packages/airflow/example_dags/example_branch_python_dop_operator_3.py
[2025-10-17T07:28:27.186+0000] {processor.py:829} INFO - Processing file /home/airflow/.local/lib/python3.8/site-packages/airflow/example_dags/example_branch_python_dop_operator_3.py for tasks to queue
[2025-10-17T07:28:27.187+0000] {logging_mixin.py:154} INFO - [2025-10-17T07:28:27.187+0000] {dagbag.py:536} INFO - Filling up the DagBag from /home/airflow/.local/lib/python3.8/site-packages/airflow/example_dags/example_branch_python_dop_operator_3.py
[2025-10-17T07:28:27.195+0000] {processor.py:839} INFO - DAG(s) dict_keys(['example_branch_dop_operator_v3']) retrieved from /home/airflow/.local/lib/python3.8/site-packages/airflow/example_dags/example_branch_python_dop_operator_3.py
[2025-10-17T07:28:27.215+0000] {logging_mixin.py:154} INFO - [2025-10-17T07:28:27.215+0000] {dag.py:2941} INFO - Sync 1 DAGs
[2025-10-17T07:28:27.237+0000] {logging_mixin.py:154} INFO - [2025-10-17T07:28:27.237+0000] {dag.py:3722} INFO - Setting next_dagrun for example_branch_dop_operator_v3 to 2025-10-17T07:27:00+00:00, run_after=2025-10-17T07:28:00+00:00
[2025-10-17T07:28:27.252+0000] {processor.py:179} INFO - Processing /home/airflow/.local/lib/python3.8/site-packages/airflow/example_dags/example_branch_python_dop_operator_3.py took 0.070 seconds
[2025-10-17T07:28:57.527+0000] {processor.py:157} INFO - Started process (PID=1595) to work on /home/airflow/.local/lib/python3.8/site-packages/airflow/example_dags/example_branch_python_dop_operator_3.py
[2025-10-17T07:28:57.528+0000] {processor.py:829} INFO - Processing file /home/airflow/.local/lib/python3.8/site-packages/airflow/example_dags/example_branch_python_dop_operator_3.py for tasks to queue
[2025-10-17T07:28:57.529+0000] {logging_mixin.py:154} INFO - [2025-10-17T07:28:57.529+0000] {dagbag.py:536} INFO - Filling up the DagBag from /home/airflow/.local/lib/python3.8/site-packages/airflow/example_dags/example_branch_python_dop_operator_3.py
[2025-10-17T07:28:57.539+0000] {processor.py:839} INFO - DAG(s) dict_keys(['example_branch_dop_operator_v3']) retrieved from /home/airflow/.local/lib/python3.8/site-packages/airflow/example_dags/example_branch_python_dop_operator_3.py
[2025-10-17T07:28:57.561+0000] {logging_mixin.py:154} INFO - [2025-10-17T07:28:57.561+0000] {dag.py:2941} INFO - Sync 1 DAGs
[2025-10-17T07:28:57.586+0000] {logging_mixin.py:154} INFO - [2025-10-17T07:28:57.585+0000] {dag.py:3722} INFO - Setting next_dagrun for example_branch_dop_operator_v3 to 2025-10-17T07:27:00+00:00, run_after=2025-10-17T07:28:00+00:00
[2025-10-17T07:28:57.600+0000] {processor.py:179} INFO - Processing /home/airflow/.local/lib/python3.8/site-packages/airflow/example_dags/example_branch_python_dop_operator_3.py took 0.076 seconds
[2025-10-17T07:30:20.517+0000] {processor.py:157} INFO - Started process (PID=79) to work on /home/airflow/.local/lib/python3.8/site-packages/airflow/example_dags/example_branch_python_dop_operator_3.py
[2025-10-17T07:30:20.518+0000] {processor.py:829} INFO - Processing file /home/airflow/.local/lib/python3.8/site-packages/airflow/example_dags/example_branch_python_dop_operator_3.py for tasks to queue
[2025-10-17T07:30:20.520+0000] {logging_mixin.py:154} INFO - [2025-10-17T07:30:20.520+0000] {dagbag.py:536} INFO - Filling up the DagBag from /home/airflow/.local/lib/python3.8/site-packages/airflow/example_dags/example_branch_python_dop_operator_3.py
[2025-10-17T07:30:20.531+0000] {processor.py:839} INFO - DAG(s) dict_keys(['example_branch_dop_operator_v3']) retrieved from /home/airflow/.local/lib/python3.8/site-packages/airflow/example_dags/example_branch_python_dop_operator_3.py
[2025-10-17T07:30:20.624+0000] {logging_mixin.py:154} INFO - [2025-10-17T07:30:20.624+0000] {manager.py:499} INFO - Created Permission View: %s
[2025-10-17T07:30:20.633+0000] {logging_mixin.py:154} INFO - [2025-10-17T07:30:20.633+0000] {manager.py:499} INFO - Created Permission View: %s
[2025-10-17T07:30:20.640+0000] {logging_mixin.py:154} INFO - [2025-10-17T07:30:20.640+0000] {manager.py:499} INFO - Created Permission View: %s
[2025-10-17T07:30:20.640+0000] {logging_mixin.py:154} INFO - [2025-10-17T07:30:20.640+0000] {dag.py:2941} INFO - Sync 1 DAGs
[2025-10-17T07:30:20.653+0000] {logging_mixin.py:154} INFO - [2025-10-17T07:30:20.653+0000] {dag.py:2963} INFO - Creating ORM DAG for example_branch_dop_operator_v3
[2025-10-17T07:30:20.668+0000] {logging_mixin.py:154} INFO - [2025-10-17T07:30:20.668+0000] {dag.py:3722} INFO - Setting next_dagrun for example_branch_dop_operator_v3 to 2025-10-17T07:29:00+00:00, run_after=2025-10-17T07:30:00+00:00
[2025-10-17T07:30:20.685+0000] {processor.py:179} INFO - Processing /home/airflow/.local/lib/python3.8/site-packages/airflow/example_dags/example_branch_python_dop_operator_3.py took 0.172 seconds
[2025-10-17T07:30:50.856+0000] {processor.py:157} INFO - Started process (PID=135) to work on /home/airflow/.local/lib/python3.8/site-packages/airflow/example_dags/example_branch_python_dop_operator_3.py
[2025-10-17T07:30:50.858+0000] {processor.py:829} INFO - Processing file /home/airflow/.local/lib/python3.8/site-packages/airflow/example_dags/example_branch_python_dop_operator_3.py for tasks to queue
[2025-10-17T07:30:50.862+0000] {logging_mixin.py:154} INFO - [2025-10-17T07:30:50.862+0000] {dagbag.py:536} INFO - Filling up the DagBag from /home/airflow/.local/lib/python3.8/site-packages/airflow/example_dags/example_branch_python_dop_operator_3.py
[2025-10-17T07:30:50.874+0000] {processor.py:839} INFO - DAG(s) dict_keys(['example_branch_dop_operator_v3']) retrieved from /home/airflow/.local/lib/python3.8/site-packages/airflow/example_dags/example_branch_python_dop_operator_3.py
[2025-10-17T07:30:50.904+0000] {logging_mixin.py:154} INFO - [2025-10-17T07:30:50.904+0000] {dag.py:2941} INFO - Sync 1 DAGs
[2025-10-17T07:30:50.941+0000] {logging_mixin.py:154} INFO - [2025-10-17T07:30:50.941+0000] {dag.py:3722} INFO - Setting next_dagrun for example_branch_dop_operator_v3 to 2025-10-17T07:29:00+00:00, run_after=2025-10-17T07:30:00+00:00
[2025-10-17T07:30:50.975+0000] {processor.py:179} INFO - Processing /home/airflow/.local/lib/python3.8/site-packages/airflow/example_dags/example_branch_python_dop_operator_3.py took 0.124 seconds
[2025-10-17T07:31:21.884+0000] {processor.py:157} INFO - Started process (PID=191) to work on /home/airflow/.local/lib/python3.8/site-packages/airflow/example_dags/example_branch_python_dop_operator_3.py
[2025-10-17T07:31:21.885+0000] {processor.py:829} INFO - Processing file /home/airflow/.local/lib/python3.8/site-packages/airflow/example_dags/example_branch_python_dop_operator_3.py for tasks to queue
[2025-10-17T07:31:21.888+0000] {logging_mixin.py:154} INFO - [2025-10-17T07:31:21.887+0000] {dagbag.py:536} INFO - Filling up the DagBag from /home/airflow/.local/lib/python3.8/site-packages/airflow/example_dags/example_branch_python_dop_operator_3.py
[2025-10-17T07:31:21.899+0000] {processor.py:839} INFO - DAG(s) dict_keys(['example_branch_dop_operator_v3']) retrieved from /home/airflow/.local/lib/python3.8/site-packages/airflow/example_dags/example_branch_python_dop_operator_3.py
[2025-10-17T07:31:21.923+0000] {logging_mixin.py:154} INFO - [2025-10-17T07:31:21.922+0000] {dag.py:2941} INFO - Sync 1 DAGs
[2025-10-17T07:31:21.956+0000] {logging_mixin.py:154} INFO - [2025-10-17T07:31:21.956+0000] {dag.py:3722} INFO - Setting next_dagrun for example_branch_dop_operator_v3 to 2025-10-17T07:30:00+00:00, run_after=2025-10-17T07:31:00+00:00
[2025-10-17T07:31:21.986+0000] {processor.py:179} INFO - Processing /home/airflow/.local/lib/python3.8/site-packages/airflow/example_dags/example_branch_python_dop_operator_3.py took 0.106 seconds
[2025-10-17T07:31:52.323+0000] {processor.py:157} INFO - Started process (PID=247) to work on /home/airflow/.local/lib/python3.8/site-packages/airflow/example_dags/example_branch_python_dop_operator_3.py
[2025-10-17T07:31:52.324+0000] {processor.py:829} INFO - Processing file /home/airflow/.local/lib/python3.8/site-packages/airflow/example_dags/example_branch_python_dop_operator_3.py for tasks to queue
[2025-10-17T07:31:52.327+0000] {logging_mixin.py:154} INFO - [2025-10-17T07:31:52.326+0000] {dagbag.py:536} INFO - Filling up the DagBag from /home/airflow/.local/lib/python3.8/site-packages/airflow/example_dags/example_branch_python_dop_operator_3.py
[2025-10-17T07:31:52.338+0000] {processor.py:839} INFO - DAG(s) dict_keys(['example_branch_dop_operator_v3']) retrieved from /home/airflow/.local/lib/python3.8/site-packages/airflow/example_dags/example_branch_python_dop_operator_3.py
[2025-10-17T07:31:52.359+0000] {logging_mixin.py:154} INFO - [2025-10-17T07:31:52.359+0000] {dag.py:2941} INFO - Sync 1 DAGs
[2025-10-17T07:31:52.394+0000] {logging_mixin.py:154} INFO - [2025-10-17T07:31:52.394+0000] {dag.py:3722} INFO - Setting next_dagrun for example_branch_dop_operator_v3 to 2025-10-17T07:30:00+00:00, run_after=2025-10-17T07:31:00+00:00
[2025-10-17T07:31:52.428+0000] {processor.py:179} INFO - Processing /home/airflow/.local/lib/python3.8/site-packages/airflow/example_dags/example_branch_python_dop_operator_3.py took 0.109 seconds
[2025-10-17T07:32:23.228+0000] {processor.py:157} INFO - Started process (PID=303) to work on /home/airflow/.local/lib/python3.8/site-packages/airflow/example_dags/example_branch_python_dop_operator_3.py
[2025-10-17T07:32:23.229+0000] {processor.py:829} INFO - Processing file /home/airflow/.local/lib/python3.8/site-packages/airflow/example_dags/example_branch_python_dop_operator_3.py for tasks to queue
[2025-10-17T07:32:23.231+0000] {logging_mixin.py:154} INFO - [2025-10-17T07:32:23.231+0000] {dagbag.py:536} INFO - Filling up the DagBag from /home/airflow/.local/lib/python3.8/site-packages/airflow/example_dags/example_branch_python_dop_operator_3.py
[2025-10-17T07:32:23.240+0000] {processor.py:839} INFO - DAG(s) dict_keys(['example_branch_dop_operator_v3']) retrieved from /home/airflow/.local/lib/python3.8/site-packages/airflow/example_dags/example_branch_python_dop_operator_3.py
[2025-10-17T07:32:23.262+0000] {logging_mixin.py:154} INFO - [2025-10-17T07:32:23.262+0000] {dag.py:2941} INFO - Sync 1 DAGs
[2025-10-17T07:32:23.287+0000] {logging_mixin.py:154} INFO - [2025-10-17T07:32:23.287+0000] {dag.py:3722} INFO - Setting next_dagrun for example_branch_dop_operator_v3 to 2025-10-17T07:31:00+00:00, run_after=2025-10-17T07:32:00+00:00
[2025-10-17T07:32:23.305+0000] {processor.py:179} INFO - Processing /home/airflow/.local/lib/python3.8/site-packages/airflow/example_dags/example_branch_python_dop_operator_3.py took 0.081 seconds
[2025-10-17T07:35:43.321+0000] {processor.py:157} INFO - Started process (PID=75) to work on /home/airflow/.local/lib/python3.8/site-packages/airflow/example_dags/example_branch_python_dop_operator_3.py
[2025-10-17T07:35:43.322+0000] {processor.py:829} INFO - Processing file /home/airflow/.local/lib/python3.8/site-packages/airflow/example_dags/example_branch_python_dop_operator_3.py for tasks to queue
[2025-10-17T07:35:43.325+0000] {logging_mixin.py:154} INFO - [2025-10-17T07:35:43.325+0000] {dagbag.py:536} INFO - Filling up the DagBag from /home/airflow/.local/lib/python3.8/site-packages/airflow/example_dags/example_branch_python_dop_operator_3.py
[2025-10-17T07:35:43.346+0000] {processor.py:839} INFO - DAG(s) dict_keys(['example_branch_dop_operator_v3']) retrieved from /home/airflow/.local/lib/python3.8/site-packages/airflow/example_dags/example_branch_python_dop_operator_3.py
[2025-10-17T07:35:43.534+0000] {logging_mixin.py:154} INFO - [2025-10-17T07:35:43.534+0000] {manager.py:499} INFO - Created Permission View: %s
[2025-10-17T07:35:43.556+0000] {logging_mixin.py:154} INFO - [2025-10-17T07:35:43.555+0000] {manager.py:499} INFO - Created Permission View: %s
[2025-10-17T07:35:43.572+0000] {logging_mixin.py:154} INFO - [2025-10-17T07:35:43.571+0000] {manager.py:499} INFO - Created Permission View: %s
[2025-10-17T07:35:43.579+0000] {logging_mixin.py:154} INFO - [2025-10-17T07:35:43.573+0000] {dag.py:2941} INFO - Sync 1 DAGs
[2025-10-17T07:35:43.598+0000] {logging_mixin.py:154} INFO - [2025-10-17T07:35:43.598+0000] {dag.py:2963} INFO - Creating ORM DAG for example_branch_dop_operator_v3
[2025-10-17T07:35:43.618+0000] {logging_mixin.py:154} INFO - [2025-10-17T07:35:43.617+0000] {dag.py:3722} INFO - Setting next_dagrun for example_branch_dop_operator_v3 to 2025-10-17T07:34:00+00:00, run_after=2025-10-17T07:35:00+00:00
[2025-10-17T07:35:43.643+0000] {processor.py:179} INFO - Processing /home/airflow/.local/lib/python3.8/site-packages/airflow/example_dags/example_branch_python_dop_operator_3.py took 0.327 seconds
[2025-10-17T07:36:14.011+0000] {processor.py:157} INFO - Started process (PID=131) to work on /home/airflow/.local/lib/python3.8/site-packages/airflow/example_dags/example_branch_python_dop_operator_3.py
[2025-10-17T07:36:14.012+0000] {processor.py:829} INFO - Processing file /home/airflow/.local/lib/python3.8/site-packages/airflow/example_dags/example_branch_python_dop_operator_3.py for tasks to queue
[2025-10-17T07:36:14.015+0000] {logging_mixin.py:154} INFO - [2025-10-17T07:36:14.014+0000] {dagbag.py:536} INFO - Filling up the DagBag from /home/airflow/.local/lib/python3.8/site-packages/airflow/example_dags/example_branch_python_dop_operator_3.py
[2025-10-17T07:36:14.023+0000] {processor.py:839} INFO - DAG(s) dict_keys(['example_branch_dop_operator_v3']) retrieved from /home/airflow/.local/lib/python3.8/site-packages/airflow/example_dags/example_branch_python_dop_operator_3.py
[2025-10-17T07:36:14.043+0000] {logging_mixin.py:154} INFO - [2025-10-17T07:36:14.043+0000] {dag.py:2941} INFO - Sync 1 DAGs
[2025-10-17T07:36:14.065+0000] {logging_mixin.py:154} INFO - [2025-10-17T07:36:14.064+0000] {dag.py:3722} INFO - Setting next_dagrun for example_branch_dop_operator_v3 to 2025-10-17T07:35:00+00:00, run_after=2025-10-17T07:36:00+00:00
[2025-10-17T07:36:14.083+0000] {processor.py:179} INFO - Processing /home/airflow/.local/lib/python3.8/site-packages/airflow/example_dags/example_branch_python_dop_operator_3.py took 0.075 seconds
[2025-10-17T07:36:44.523+0000] {processor.py:157} INFO - Started process (PID=187) to work on /home/airflow/.local/lib/python3.8/site-packages/airflow/example_dags/example_branch_python_dop_operator_3.py
[2025-10-17T07:36:44.523+0000] {processor.py:829} INFO - Processing file /home/airflow/.local/lib/python3.8/site-packages/airflow/example_dags/example_branch_python_dop_operator_3.py for tasks to queue
[2025-10-17T07:36:44.526+0000] {logging_mixin.py:154} INFO - [2025-10-17T07:36:44.525+0000] {dagbag.py:536} INFO - Filling up the DagBag from /home/airflow/.local/lib/python3.8/site-packages/airflow/example_dags/example_branch_python_dop_operator_3.py
[2025-10-17T07:36:44.534+0000] {processor.py:839} INFO - DAG(s) dict_keys(['example_branch_dop_operator_v3']) retrieved from /home/airflow/.local/lib/python3.8/site-packages/airflow/example_dags/example_branch_python_dop_operator_3.py
[2025-10-17T07:36:44.555+0000] {logging_mixin.py:154} INFO - [2025-10-17T07:36:44.554+0000] {dag.py:2941} INFO - Sync 1 DAGs
[2025-10-17T07:36:44.577+0000] {logging_mixin.py:154} INFO - [2025-10-17T07:36:44.577+0000] {dag.py:3722} INFO - Setting next_dagrun for example_branch_dop_operator_v3 to 2025-10-17T07:35:00+00:00, run_after=2025-10-17T07:36:00+00:00
[2025-10-17T07:36:44.594+0000] {processor.py:179} INFO - Processing /home/airflow/.local/lib/python3.8/site-packages/airflow/example_dags/example_branch_python_dop_operator_3.py took 0.075 seconds
[2025-10-17T07:37:14.945+0000] {processor.py:157} INFO - Started process (PID=243) to work on /home/airflow/.local/lib/python3.8/site-packages/airflow/example_dags/example_branch_python_dop_operator_3.py
[2025-10-17T07:37:14.946+0000] {processor.py:829} INFO - Processing file /home/airflow/.local/lib/python3.8/site-packages/airflow/example_dags/example_branch_python_dop_operator_3.py for tasks to queue
[2025-10-17T07:37:14.950+0000] {logging_mixin.py:154} INFO - [2025-10-17T07:37:14.949+0000] {dagbag.py:536} INFO - Filling up the DagBag from /home/airflow/.local/lib/python3.8/site-packages/airflow/example_dags/example_branch_python_dop_operator_3.py
[2025-10-17T07:37:14.960+0000] {processor.py:839} INFO - DAG(s) dict_keys(['example_branch_dop_operator_v3']) retrieved from /home/airflow/.local/lib/python3.8/site-packages/airflow/example_dags/example_branch_python_dop_operator_3.py
[2025-10-17T07:37:14.981+0000] {logging_mixin.py:154} INFO - [2025-10-17T07:37:14.981+0000] {dag.py:2941} INFO - Sync 1 DAGs
[2025-10-17T07:37:15.006+0000] {logging_mixin.py:154} INFO - [2025-10-17T07:37:15.006+0000] {dag.py:3722} INFO - Setting next_dagrun for example_branch_dop_operator_v3 to 2025-10-17T07:36:00+00:00, run_after=2025-10-17T07:37:00+00:00
[2025-10-17T07:37:15.024+0000] {processor.py:179} INFO - Processing /home/airflow/.local/lib/python3.8/site-packages/airflow/example_dags/example_branch_python_dop_operator_3.py took 0.083 seconds
[2025-10-17T07:38:44.529+0000] {processor.py:157} INFO - Started process (PID=76) to work on /home/airflow/.local/lib/python3.8/site-packages/airflow/example_dags/example_branch_python_dop_operator_3.py
[2025-10-17T07:38:44.531+0000] {processor.py:829} INFO - Processing file /home/airflow/.local/lib/python3.8/site-packages/airflow/example_dags/example_branch_python_dop_operator_3.py for tasks to queue
[2025-10-17T07:38:44.535+0000] {logging_mixin.py:154} INFO - [2025-10-17T07:38:44.534+0000] {dagbag.py:536} INFO - Filling up the DagBag from /home/airflow/.local/lib/python3.8/site-packages/airflow/example_dags/example_branch_python_dop_operator_3.py
[2025-10-17T07:38:44.555+0000] {processor.py:839} INFO - DAG(s) dict_keys(['example_branch_dop_operator_v3']) retrieved from /home/airflow/.local/lib/python3.8/site-packages/airflow/example_dags/example_branch_python_dop_operator_3.py
[2025-10-17T07:38:44.720+0000] {logging_mixin.py:154} INFO - [2025-10-17T07:38:44.720+0000] {manager.py:499} INFO - Created Permission View: %s
[2025-10-17T07:38:44.735+0000] {logging_mixin.py:154} INFO - [2025-10-17T07:38:44.735+0000] {manager.py:499} INFO - Created Permission View: %s
[2025-10-17T07:38:44.750+0000] {logging_mixin.py:154} INFO - [2025-10-17T07:38:44.750+0000] {manager.py:499} INFO - Created Permission View: %s
[2025-10-17T07:38:44.751+0000] {logging_mixin.py:154} INFO - [2025-10-17T07:38:44.751+0000] {dag.py:2941} INFO - Sync 1 DAGs
[2025-10-17T07:38:44.772+0000] {logging_mixin.py:154} INFO - [2025-10-17T07:38:44.772+0000] {dag.py:2963} INFO - Creating ORM DAG for example_branch_dop_operator_v3
[2025-10-17T07:38:44.796+0000] {logging_mixin.py:154} INFO - [2025-10-17T07:38:44.795+0000] {dag.py:3722} INFO - Setting next_dagrun for example_branch_dop_operator_v3 to 2025-10-17T07:37:00+00:00, run_after=2025-10-17T07:38:00+00:00
[2025-10-17T07:38:44.827+0000] {processor.py:179} INFO - Processing /home/airflow/.local/lib/python3.8/site-packages/airflow/example_dags/example_branch_python_dop_operator_3.py took 0.302 seconds
[2025-10-17T07:39:15.346+0000] {processor.py:157} INFO - Started process (PID=132) to work on /home/airflow/.local/lib/python3.8/site-packages/airflow/example_dags/example_branch_python_dop_operator_3.py
[2025-10-17T07:39:15.348+0000] {processor.py:829} INFO - Processing file /home/airflow/.local/lib/python3.8/site-packages/airflow/example_dags/example_branch_python_dop_operator_3.py for tasks to queue
[2025-10-17T07:39:15.351+0000] {logging_mixin.py:154} INFO - [2025-10-17T07:39:15.350+0000] {dagbag.py:536} INFO - Filling up the DagBag from /home/airflow/.local/lib/python3.8/site-packages/airflow/example_dags/example_branch_python_dop_operator_3.py
[2025-10-17T07:39:15.363+0000] {processor.py:839} INFO - DAG(s) dict_keys(['example_branch_dop_operator_v3']) retrieved from /home/airflow/.local/lib/python3.8/site-packages/airflow/example_dags/example_branch_python_dop_operator_3.py
[2025-10-17T07:39:15.388+0000] {logging_mixin.py:154} INFO - [2025-10-17T07:39:15.387+0000] {dag.py:2941} INFO - Sync 1 DAGs
[2025-10-17T07:39:15.419+0000] {logging_mixin.py:154} INFO - [2025-10-17T07:39:15.419+0000] {dag.py:3722} INFO - Setting next_dagrun for example_branch_dop_operator_v3 to 2025-10-17T07:38:00+00:00, run_after=2025-10-17T07:39:00+00:00
[2025-10-17T07:39:15.444+0000] {processor.py:179} INFO - Processing /home/airflow/.local/lib/python3.8/site-packages/airflow/example_dags/example_branch_python_dop_operator_3.py took 0.101 seconds
[2025-10-17T07:39:45.495+0000] {processor.py:157} INFO - Started process (PID=188) to work on /home/airflow/.local/lib/python3.8/site-packages/airflow/example_dags/example_branch_python_dop_operator_3.py
[2025-10-17T07:39:45.496+0000] {processor.py:829} INFO - Processing file /home/airflow/.local/lib/python3.8/site-packages/airflow/example_dags/example_branch_python_dop_operator_3.py for tasks to queue
[2025-10-17T07:39:45.498+0000] {logging_mixin.py:154} INFO - [2025-10-17T07:39:45.498+0000] {dagbag.py:536} INFO - Filling up the DagBag from /home/airflow/.local/lib/python3.8/site-packages/airflow/example_dags/example_branch_python_dop_operator_3.py
[2025-10-17T07:39:45.505+0000] {processor.py:839} INFO - DAG(s) dict_keys(['example_branch_dop_operator_v3']) retrieved from /home/airflow/.local/lib/python3.8/site-packages/airflow/example_dags/example_branch_python_dop_operator_3.py
[2025-10-17T07:39:45.527+0000] {logging_mixin.py:154} INFO - [2025-10-17T07:39:45.526+0000] {dag.py:2941} INFO - Sync 1 DAGs
[2025-10-17T07:39:45.548+0000] {logging_mixin.py:154} INFO - [2025-10-17T07:39:45.548+0000] {dag.py:3722} INFO - Setting next_dagrun for example_branch_dop_operator_v3 to 2025-10-17T07:38:00+00:00, run_after=2025-10-17T07:39:00+00:00
[2025-10-17T07:39:45.565+0000] {processor.py:179} INFO - Processing /home/airflow/.local/lib/python3.8/site-packages/airflow/example_dags/example_branch_python_dop_operator_3.py took 0.074 seconds
[2025-10-17T07:40:16.868+0000] {processor.py:157} INFO - Started process (PID=244) to work on /home/airflow/.local/lib/python3.8/site-packages/airflow/example_dags/example_branch_python_dop_operator_3.py
[2025-10-17T07:40:16.869+0000] {processor.py:829} INFO - Processing file /home/airflow/.local/lib/python3.8/site-packages/airflow/example_dags/example_branch_python_dop_operator_3.py for tasks to queue
[2025-10-17T07:40:16.871+0000] {logging_mixin.py:154} INFO - [2025-10-17T07:40:16.870+0000] {dagbag.py:536} INFO - Filling up the DagBag from /home/airflow/.local/lib/python3.8/site-packages/airflow/example_dags/example_branch_python_dop_operator_3.py
[2025-10-17T07:40:16.878+0000] {processor.py:839} INFO - DAG(s) dict_keys(['example_branch_dop_operator_v3']) retrieved from /home/airflow/.local/lib/python3.8/site-packages/airflow/example_dags/example_branch_python_dop_operator_3.py
[2025-10-17T07:40:16.899+0000] {logging_mixin.py:154} INFO - [2025-10-17T07:40:16.899+0000] {dag.py:2941} INFO - Sync 1 DAGs
[2025-10-17T07:40:16.922+0000] {logging_mixin.py:154} INFO - [2025-10-17T07:40:16.922+0000] {dag.py:3722} INFO - Setting next_dagrun for example_branch_dop_operator_v3 to 2025-10-17T07:39:00+00:00, run_after=2025-10-17T07:40:00+00:00
[2025-10-17T07:40:16.939+0000] {processor.py:179} INFO - Processing /home/airflow/.local/lib/python3.8/site-packages/airflow/example_dags/example_branch_python_dop_operator_3.py took 0.074 seconds
[2025-10-17T07:40:47.502+0000] {processor.py:157} INFO - Started process (PID=300) to work on /home/airflow/.local/lib/python3.8/site-packages/airflow/example_dags/example_branch_python_dop_operator_3.py
[2025-10-17T07:40:47.503+0000] {processor.py:829} INFO - Processing file /home/airflow/.local/lib/python3.8/site-packages/airflow/example_dags/example_branch_python_dop_operator_3.py for tasks to queue
[2025-10-17T07:40:47.505+0000] {logging_mixin.py:154} INFO - [2025-10-17T07:40:47.505+0000] {dagbag.py:536} INFO - Filling up the DagBag from /home/airflow/.local/lib/python3.8/site-packages/airflow/example_dags/example_branch_python_dop_operator_3.py
[2025-10-17T07:40:47.514+0000] {processor.py:839} INFO - DAG(s) dict_keys(['example_branch_dop_operator_v3']) retrieved from /home/airflow/.local/lib/python3.8/site-packages/airflow/example_dags/example_branch_python_dop_operator_3.py
[2025-10-17T07:40:47.531+0000] {logging_mixin.py:154} INFO - [2025-10-17T07:40:47.531+0000] {dag.py:2941} INFO - Sync 1 DAGs
[2025-10-17T07:40:47.554+0000] {logging_mixin.py:154} INFO - [2025-10-17T07:40:47.553+0000] {dag.py:3722} INFO - Setting next_dagrun for example_branch_dop_operator_v3 to 2025-10-17T07:39:00+00:00, run_after=2025-10-17T07:40:00+00:00
[2025-10-17T07:40:47.571+0000] {processor.py:179} INFO - Processing /home/airflow/.local/lib/python3.8/site-packages/airflow/example_dags/example_branch_python_dop_operator_3.py took 0.073 seconds
[2025-10-17T07:41:18.036+0000] {processor.py:157} INFO - Started process (PID=356) to work on /home/airflow/.local/lib/python3.8/site-packages/airflow/example_dags/example_branch_python_dop_operator_3.py
[2025-10-17T07:41:18.037+0000] {processor.py:829} INFO - Processing file /home/airflow/.local/lib/python3.8/site-packages/airflow/example_dags/example_branch_python_dop_operator_3.py for tasks to queue
[2025-10-17T07:41:18.040+0000] {logging_mixin.py:154} INFO - [2025-10-17T07:41:18.040+0000] {dagbag.py:536} INFO - Filling up the DagBag from /home/airflow/.local/lib/python3.8/site-packages/airflow/example_dags/example_branch_python_dop_operator_3.py
[2025-10-17T07:41:18.050+0000] {processor.py:839} INFO - DAG(s) dict_keys(['example_branch_dop_operator_v3']) retrieved from /home/airflow/.local/lib/python3.8/site-packages/airflow/example_dags/example_branch_python_dop_operator_3.py
[2025-10-17T07:41:18.070+0000] {logging_mixin.py:154} INFO - [2025-10-17T07:41:18.070+0000] {dag.py:2941} INFO - Sync 1 DAGs
[2025-10-17T07:41:18.094+0000] {logging_mixin.py:154} INFO - [2025-10-17T07:41:18.094+0000] {dag.py:3722} INFO - Setting next_dagrun for example_branch_dop_operator_v3 to 2025-10-17T07:40:00+00:00, run_after=2025-10-17T07:41:00+00:00
[2025-10-17T07:41:18.113+0000] {processor.py:179} INFO - Processing /home/airflow/.local/lib/python3.8/site-packages/airflow/example_dags/example_branch_python_dop_operator_3.py took 0.083 seconds
[2025-10-17T07:42:27.875+0000] {processor.py:157} INFO - Started process (PID=68) to work on /home/airflow/.local/lib/python3.8/site-packages/airflow/example_dags/example_branch_python_dop_operator_3.py
[2025-10-17T07:42:27.877+0000] {processor.py:829} INFO - Processing file /home/airflow/.local/lib/python3.8/site-packages/airflow/example_dags/example_branch_python_dop_operator_3.py for tasks to queue
[2025-10-17T07:42:27.880+0000] {logging_mixin.py:154} INFO - [2025-10-17T07:42:27.880+0000] {dagbag.py:536} INFO - Filling up the DagBag from /home/airflow/.local/lib/python3.8/site-packages/airflow/example_dags/example_branch_python_dop_operator_3.py
[2025-10-17T07:42:27.897+0000] {processor.py:839} INFO - DAG(s) dict_keys(['example_branch_dop_operator_v3']) retrieved from /home/airflow/.local/lib/python3.8/site-packages/airflow/example_dags/example_branch_python_dop_operator_3.py
[2025-10-17T07:42:28.048+0000] {logging_mixin.py:154} INFO - [2025-10-17T07:42:28.048+0000] {manager.py:499} INFO - Created Permission View: %s
[2025-10-17T07:42:28.062+0000] {logging_mixin.py:154} INFO - [2025-10-17T07:42:28.062+0000] {manager.py:499} INFO - Created Permission View: %s
[2025-10-17T07:42:28.071+0000] {logging_mixin.py:154} INFO - [2025-10-17T07:42:28.071+0000] {manager.py:499} INFO - Created Permission View: %s
[2025-10-17T07:42:28.071+0000] {logging_mixin.py:154} INFO - [2025-10-17T07:42:28.071+0000] {dag.py:2941} INFO - Sync 1 DAGs
[2025-10-17T07:42:28.088+0000] {logging_mixin.py:154} INFO - [2025-10-17T07:42:28.087+0000] {dag.py:2963} INFO - Creating ORM DAG for example_branch_dop_operator_v3
[2025-10-17T07:42:28.108+0000] {logging_mixin.py:154} INFO - [2025-10-17T07:42:28.108+0000] {dag.py:3722} INFO - Setting next_dagrun for example_branch_dop_operator_v3 to 2025-10-17T07:41:00+00:00, run_after=2025-10-17T07:42:00+00:00
[2025-10-17T07:42:28.130+0000] {processor.py:179} INFO - Processing /home/airflow/.local/lib/python3.8/site-packages/airflow/example_dags/example_branch_python_dop_operator_3.py took 0.260 seconds
[2025-10-17T07:42:58.906+0000] {processor.py:157} INFO - Started process (PID=131) to work on /home/airflow/.local/lib/python3.8/site-packages/airflow/example_dags/example_branch_python_dop_operator_3.py
[2025-10-17T07:42:58.908+0000] {processor.py:829} INFO - Processing file /home/airflow/.local/lib/python3.8/site-packages/airflow/example_dags/example_branch_python_dop_operator_3.py for tasks to queue
[2025-10-17T07:42:58.910+0000] {logging_mixin.py:154} INFO - [2025-10-17T07:42:58.910+0000] {dagbag.py:536} INFO - Filling up the DagBag from /home/airflow/.local/lib/python3.8/site-packages/airflow/example_dags/example_branch_python_dop_operator_3.py
[2025-10-17T07:42:58.918+0000] {processor.py:839} INFO - DAG(s) dict_keys(['example_branch_dop_operator_v3']) retrieved from /home/airflow/.local/lib/python3.8/site-packages/airflow/example_dags/example_branch_python_dop_operator_3.py
[2025-10-17T07:42:58.938+0000] {logging_mixin.py:154} INFO - [2025-10-17T07:42:58.938+0000] {dag.py:2941} INFO - Sync 1 DAGs
[2025-10-17T07:42:58.961+0000] {logging_mixin.py:154} INFO - [2025-10-17T07:42:58.961+0000] {dag.py:3722} INFO - Setting next_dagrun for example_branch_dop_operator_v3 to 2025-10-17T07:41:00+00:00, run_after=2025-10-17T07:42:00+00:00
[2025-10-17T07:42:58.979+0000] {processor.py:179} INFO - Processing /home/airflow/.local/lib/python3.8/site-packages/airflow/example_dags/example_branch_python_dop_operator_3.py took 0.075 seconds
[2025-10-17T07:44:25.251+0000] {processor.py:157} INFO - Started process (PID=68) to work on /home/airflow/.local/lib/python3.8/site-packages/airflow/example_dags/example_branch_python_dop_operator_3.py
[2025-10-17T07:44:25.252+0000] {processor.py:829} INFO - Processing file /home/airflow/.local/lib/python3.8/site-packages/airflow/example_dags/example_branch_python_dop_operator_3.py for tasks to queue
[2025-10-17T07:44:25.255+0000] {logging_mixin.py:154} INFO - [2025-10-17T07:44:25.255+0000] {dagbag.py:536} INFO - Filling up the DagBag from /home/airflow/.local/lib/python3.8/site-packages/airflow/example_dags/example_branch_python_dop_operator_3.py
[2025-10-17T07:44:25.267+0000] {processor.py:839} INFO - DAG(s) dict_keys(['example_branch_dop_operator_v3']) retrieved from /home/airflow/.local/lib/python3.8/site-packages/airflow/example_dags/example_branch_python_dop_operator_3.py
[2025-10-17T07:44:25.380+0000] {logging_mixin.py:154} INFO - [2025-10-17T07:44:25.379+0000] {manager.py:499} INFO - Created Permission View: %s
[2025-10-17T07:44:25.390+0000] {logging_mixin.py:154} INFO - [2025-10-17T07:44:25.390+0000] {manager.py:499} INFO - Created Permission View: %s
[2025-10-17T07:44:25.398+0000] {logging_mixin.py:154} INFO - [2025-10-17T07:44:25.398+0000] {manager.py:499} INFO - Created Permission View: %s
[2025-10-17T07:44:25.398+0000] {logging_mixin.py:154} INFO - [2025-10-17T07:44:25.398+0000] {dag.py:2941} INFO - Sync 1 DAGs
[2025-10-17T07:44:25.411+0000] {logging_mixin.py:154} INFO - [2025-10-17T07:44:25.411+0000] {dag.py:2963} INFO - Creating ORM DAG for example_branch_dop_operator_v3
[2025-10-17T07:44:25.424+0000] {logging_mixin.py:154} INFO - [2025-10-17T07:44:25.424+0000] {dag.py:3722} INFO - Setting next_dagrun for example_branch_dop_operator_v3 to 2025-10-17T07:43:00+00:00, run_after=2025-10-17T07:44:00+00:00
[2025-10-17T07:44:25.441+0000] {processor.py:179} INFO - Processing /home/airflow/.local/lib/python3.8/site-packages/airflow/example_dags/example_branch_python_dop_operator_3.py took 0.194 seconds
[2025-10-17T07:44:36.018+0000] {processor.py:157} INFO - Started process (PID=60) to work on /home/airflow/.local/lib/python3.8/site-packages/airflow/example_dags/example_branch_python_dop_operator_3.py
[2025-10-17T07:44:36.019+0000] {processor.py:829} INFO - Processing file /home/airflow/.local/lib/python3.8/site-packages/airflow/example_dags/example_branch_python_dop_operator_3.py for tasks to queue
[2025-10-17T07:44:36.022+0000] {logging_mixin.py:154} INFO - [2025-10-17T07:44:36.022+0000] {dagbag.py:536} INFO - Filling up the DagBag from /home/airflow/.local/lib/python3.8/site-packages/airflow/example_dags/example_branch_python_dop_operator_3.py
[2025-10-17T07:44:36.034+0000] {processor.py:839} INFO - DAG(s) dict_keys(['example_branch_dop_operator_v3']) retrieved from /home/airflow/.local/lib/python3.8/site-packages/airflow/example_dags/example_branch_python_dop_operator_3.py
[2025-10-17T07:44:36.048+0000] {logging_mixin.py:154} INFO - [2025-10-17T07:44:36.047+0000] {dag.py:2941} INFO - Sync 1 DAGs
[2025-10-17T07:44:36.076+0000] {logging_mixin.py:154} INFO - [2025-10-17T07:44:36.075+0000] {dag.py:3722} INFO - Setting next_dagrun for example_branch_dop_operator_v3 to 2025-10-17T07:43:00+00:00, run_after=2025-10-17T07:44:00+00:00
[2025-10-17T07:44:36.096+0000] {processor.py:179} INFO - Processing /home/airflow/.local/lib/python3.8/site-packages/airflow/example_dags/example_branch_python_dop_operator_3.py took 0.084 seconds
[2025-10-17T07:45:06.535+0000] {processor.py:157} INFO - Started process (PID=116) to work on /home/airflow/.local/lib/python3.8/site-packages/airflow/example_dags/example_branch_python_dop_operator_3.py
[2025-10-17T07:45:06.536+0000] {processor.py:829} INFO - Processing file /home/airflow/.local/lib/python3.8/site-packages/airflow/example_dags/example_branch_python_dop_operator_3.py for tasks to queue
[2025-10-17T07:45:06.539+0000] {logging_mixin.py:154} INFO - [2025-10-17T07:45:06.538+0000] {dagbag.py:536} INFO - Filling up the DagBag from /home/airflow/.local/lib/python3.8/site-packages/airflow/example_dags/example_branch_python_dop_operator_3.py
[2025-10-17T07:45:06.546+0000] {processor.py:839} INFO - DAG(s) dict_keys(['example_branch_dop_operator_v3']) retrieved from /home/airflow/.local/lib/python3.8/site-packages/airflow/example_dags/example_branch_python_dop_operator_3.py
[2025-10-17T07:45:06.569+0000] {logging_mixin.py:154} INFO - [2025-10-17T07:45:06.569+0000] {dag.py:2941} INFO - Sync 1 DAGs
[2025-10-17T07:45:06.590+0000] {logging_mixin.py:154} INFO - [2025-10-17T07:45:06.590+0000] {dag.py:3722} INFO - Setting next_dagrun for example_branch_dop_operator_v3 to 2025-10-17T07:44:00+00:00, run_after=2025-10-17T07:45:00+00:00
[2025-10-17T07:45:06.609+0000] {processor.py:179} INFO - Processing /home/airflow/.local/lib/python3.8/site-packages/airflow/example_dags/example_branch_python_dop_operator_3.py took 0.077 seconds
[2025-10-17T07:46:19.912+0000] {processor.py:157} INFO - Started process (PID=68) to work on /home/airflow/.local/lib/python3.8/site-packages/airflow/example_dags/example_branch_python_dop_operator_3.py
[2025-10-17T07:46:19.914+0000] {processor.py:829} INFO - Processing file /home/airflow/.local/lib/python3.8/site-packages/airflow/example_dags/example_branch_python_dop_operator_3.py for tasks to queue
[2025-10-17T07:46:19.918+0000] {logging_mixin.py:154} INFO - [2025-10-17T07:46:19.917+0000] {dagbag.py:536} INFO - Filling up the DagBag from /home/airflow/.local/lib/python3.8/site-packages/airflow/example_dags/example_branch_python_dop_operator_3.py
[2025-10-17T07:46:19.934+0000] {processor.py:839} INFO - DAG(s) dict_keys(['example_branch_dop_operator_v3']) retrieved from /home/airflow/.local/lib/python3.8/site-packages/airflow/example_dags/example_branch_python_dop_operator_3.py
[2025-10-17T07:46:20.077+0000] {logging_mixin.py:154} INFO - [2025-10-17T07:46:20.076+0000] {manager.py:499} INFO - Created Permission View: %s
[2025-10-17T07:46:20.088+0000] {logging_mixin.py:154} INFO - [2025-10-17T07:46:20.088+0000] {manager.py:499} INFO - Created Permission View: %s
[2025-10-17T07:46:20.097+0000] {logging_mixin.py:154} INFO - [2025-10-17T07:46:20.097+0000] {manager.py:499} INFO - Created Permission View: %s
[2025-10-17T07:46:20.097+0000] {logging_mixin.py:154} INFO - [2025-10-17T07:46:20.097+0000] {dag.py:2941} INFO - Sync 1 DAGs
[2025-10-17T07:46:20.111+0000] {logging_mixin.py:154} INFO - [2025-10-17T07:46:20.110+0000] {dag.py:2963} INFO - Creating ORM DAG for example_branch_dop_operator_v3
[2025-10-17T07:46:20.127+0000] {logging_mixin.py:154} INFO - [2025-10-17T07:46:20.127+0000] {dag.py:3722} INFO - Setting next_dagrun for example_branch_dop_operator_v3 to 2025-10-17T07:45:00+00:00, run_after=2025-10-17T07:46:00+00:00
[2025-10-17T07:46:20.146+0000] {processor.py:179} INFO - Processing /home/airflow/.local/lib/python3.8/site-packages/airflow/example_dags/example_branch_python_dop_operator_3.py took 0.242 seconds
[2025-10-17T07:46:50.320+0000] {processor.py:157} INFO - Started process (PID=124) to work on /home/airflow/.local/lib/python3.8/site-packages/airflow/example_dags/example_branch_python_dop_operator_3.py
[2025-10-17T07:46:50.322+0000] {processor.py:829} INFO - Processing file /home/airflow/.local/lib/python3.8/site-packages/airflow/example_dags/example_branch_python_dop_operator_3.py for tasks to queue
[2025-10-17T07:46:50.324+0000] {logging_mixin.py:154} INFO - [2025-10-17T07:46:50.324+0000] {dagbag.py:536} INFO - Filling up the DagBag from /home/airflow/.local/lib/python3.8/site-packages/airflow/example_dags/example_branch_python_dop_operator_3.py
[2025-10-17T07:46:50.331+0000] {processor.py:839} INFO - DAG(s) dict_keys(['example_branch_dop_operator_v3']) retrieved from /home/airflow/.local/lib/python3.8/site-packages/airflow/example_dags/example_branch_python_dop_operator_3.py
[2025-10-17T07:46:50.351+0000] {logging_mixin.py:154} INFO - [2025-10-17T07:46:50.351+0000] {dag.py:2941} INFO - Sync 1 DAGs
[2025-10-17T07:46:50.374+0000] {logging_mixin.py:154} INFO - [2025-10-17T07:46:50.373+0000] {dag.py:3722} INFO - Setting next_dagrun for example_branch_dop_operator_v3 to 2025-10-17T07:45:00+00:00, run_after=2025-10-17T07:46:00+00:00
[2025-10-17T07:46:50.392+0000] {processor.py:179} INFO - Processing /home/airflow/.local/lib/python3.8/site-packages/airflow/example_dags/example_branch_python_dop_operator_3.py took 0.075 seconds
[2025-10-17T07:47:21.234+0000] {processor.py:157} INFO - Started process (PID=180) to work on /home/airflow/.local/lib/python3.8/site-packages/airflow/example_dags/example_branch_python_dop_operator_3.py
[2025-10-17T07:47:21.235+0000] {processor.py:829} INFO - Processing file /home/airflow/.local/lib/python3.8/site-packages/airflow/example_dags/example_branch_python_dop_operator_3.py for tasks to queue
[2025-10-17T07:47:21.238+0000] {logging_mixin.py:154} INFO - [2025-10-17T07:47:21.237+0000] {dagbag.py:536} INFO - Filling up the DagBag from /home/airflow/.local/lib/python3.8/site-packages/airflow/example_dags/example_branch_python_dop_operator_3.py
[2025-10-17T07:47:21.247+0000] {processor.py:839} INFO - DAG(s) dict_keys(['example_branch_dop_operator_v3']) retrieved from /home/airflow/.local/lib/python3.8/site-packages/airflow/example_dags/example_branch_python_dop_operator_3.py
[2025-10-17T07:47:21.270+0000] {logging_mixin.py:154} INFO - [2025-10-17T07:47:21.270+0000] {dag.py:2941} INFO - Sync 1 DAGs
[2025-10-17T07:47:21.296+0000] {logging_mixin.py:154} INFO - [2025-10-17T07:47:21.296+0000] {dag.py:3722} INFO - Setting next_dagrun for example_branch_dop_operator_v3 to 2025-10-17T07:46:00+00:00, run_after=2025-10-17T07:47:00+00:00
[2025-10-17T07:47:21.314+0000] {processor.py:179} INFO - Processing /home/airflow/.local/lib/python3.8/site-packages/airflow/example_dags/example_branch_python_dop_operator_3.py took 0.084 seconds
[2025-10-17T07:47:51.880+0000] {processor.py:157} INFO - Started process (PID=243) to work on /home/airflow/.local/lib/python3.8/site-packages/airflow/example_dags/example_branch_python_dop_operator_3.py
[2025-10-17T07:47:51.881+0000] {processor.py:829} INFO - Processing file /home/airflow/.local/lib/python3.8/site-packages/airflow/example_dags/example_branch_python_dop_operator_3.py for tasks to queue
[2025-10-17T07:47:51.883+0000] {logging_mixin.py:154} INFO - [2025-10-17T07:47:51.882+0000] {dagbag.py:536} INFO - Filling up the DagBag from /home/airflow/.local/lib/python3.8/site-packages/airflow/example_dags/example_branch_python_dop_operator_3.py
[2025-10-17T07:47:51.891+0000] {processor.py:839} INFO - DAG(s) dict_keys(['example_branch_dop_operator_v3']) retrieved from /home/airflow/.local/lib/python3.8/site-packages/airflow/example_dags/example_branch_python_dop_operator_3.py
[2025-10-17T07:47:51.912+0000] {logging_mixin.py:154} INFO - [2025-10-17T07:47:51.911+0000] {dag.py:2941} INFO - Sync 1 DAGs
[2025-10-17T07:47:51.934+0000] {logging_mixin.py:154} INFO - [2025-10-17T07:47:51.933+0000] {dag.py:3722} INFO - Setting next_dagrun for example_branch_dop_operator_v3 to 2025-10-17T07:46:00+00:00, run_after=2025-10-17T07:47:00+00:00
[2025-10-17T07:47:51.956+0000] {processor.py:179} INFO - Processing /home/airflow/.local/lib/python3.8/site-packages/airflow/example_dags/example_branch_python_dop_operator_3.py took 0.079 seconds
[2025-10-17T07:48:22.382+0000] {processor.py:157} INFO - Started process (PID=299) to work on /home/airflow/.local/lib/python3.8/site-packages/airflow/example_dags/example_branch_python_dop_operator_3.py
[2025-10-17T07:48:22.383+0000] {processor.py:829} INFO - Processing file /home/airflow/.local/lib/python3.8/site-packages/airflow/example_dags/example_branch_python_dop_operator_3.py for tasks to queue
[2025-10-17T07:48:22.385+0000] {logging_mixin.py:154} INFO - [2025-10-17T07:48:22.385+0000] {dagbag.py:536} INFO - Filling up the DagBag from /home/airflow/.local/lib/python3.8/site-packages/airflow/example_dags/example_branch_python_dop_operator_3.py
[2025-10-17T07:48:22.393+0000] {processor.py:839} INFO - DAG(s) dict_keys(['example_branch_dop_operator_v3']) retrieved from /home/airflow/.local/lib/python3.8/site-packages/airflow/example_dags/example_branch_python_dop_operator_3.py
[2025-10-17T07:48:22.412+0000] {logging_mixin.py:154} INFO - [2025-10-17T07:48:22.412+0000] {dag.py:2941} INFO - Sync 1 DAGs
[2025-10-17T07:48:22.435+0000] {logging_mixin.py:154} INFO - [2025-10-17T07:48:22.435+0000] {dag.py:3722} INFO - Setting next_dagrun for example_branch_dop_operator_v3 to 2025-10-17T07:47:00+00:00, run_after=2025-10-17T07:48:00+00:00
[2025-10-17T07:48:22.454+0000] {processor.py:179} INFO - Processing /home/airflow/.local/lib/python3.8/site-packages/airflow/example_dags/example_branch_python_dop_operator_3.py took 0.076 seconds
[2025-10-17T07:48:53.305+0000] {processor.py:157} INFO - Started process (PID=355) to work on /home/airflow/.local/lib/python3.8/site-packages/airflow/example_dags/example_branch_python_dop_operator_3.py
[2025-10-17T07:48:53.306+0000] {processor.py:829} INFO - Processing file /home/airflow/.local/lib/python3.8/site-packages/airflow/example_dags/example_branch_python_dop_operator_3.py for tasks to queue
[2025-10-17T07:48:53.308+0000] {logging_mixin.py:154} INFO - [2025-10-17T07:48:53.308+0000] {dagbag.py:536} INFO - Filling up the DagBag from /home/airflow/.local/lib/python3.8/site-packages/airflow/example_dags/example_branch_python_dop_operator_3.py
[2025-10-17T07:48:53.317+0000] {processor.py:839} INFO - DAG(s) dict_keys(['example_branch_dop_operator_v3']) retrieved from /home/airflow/.local/lib/python3.8/site-packages/airflow/example_dags/example_branch_python_dop_operator_3.py
[2025-10-17T07:48:53.337+0000] {logging_mixin.py:154} INFO - [2025-10-17T07:48:53.337+0000] {dag.py:2941} INFO - Sync 1 DAGs
[2025-10-17T07:48:53.359+0000] {logging_mixin.py:154} INFO - [2025-10-17T07:48:53.359+0000] {dag.py:3722} INFO - Setting next_dagrun for example_branch_dop_operator_v3 to 2025-10-17T07:47:00+00:00, run_after=2025-10-17T07:48:00+00:00
[2025-10-17T07:48:53.378+0000] {processor.py:179} INFO - Processing /home/airflow/.local/lib/python3.8/site-packages/airflow/example_dags/example_branch_python_dop_operator_3.py took 0.076 seconds
[2025-10-17T07:49:23.808+0000] {processor.py:157} INFO - Started process (PID=411) to work on /home/airflow/.local/lib/python3.8/site-packages/airflow/example_dags/example_branch_python_dop_operator_3.py
[2025-10-17T07:49:23.809+0000] {processor.py:829} INFO - Processing file /home/airflow/.local/lib/python3.8/site-packages/airflow/example_dags/example_branch_python_dop_operator_3.py for tasks to queue
[2025-10-17T07:49:23.811+0000] {logging_mixin.py:154} INFO - [2025-10-17T07:49:23.811+0000] {dagbag.py:536} INFO - Filling up the DagBag from /home/airflow/.local/lib/python3.8/site-packages/airflow/example_dags/example_branch_python_dop_operator_3.py
[2025-10-17T07:49:23.820+0000] {processor.py:839} INFO - DAG(s) dict_keys(['example_branch_dop_operator_v3']) retrieved from /home/airflow/.local/lib/python3.8/site-packages/airflow/example_dags/example_branch_python_dop_operator_3.py
[2025-10-17T07:49:23.840+0000] {logging_mixin.py:154} INFO - [2025-10-17T07:49:23.839+0000] {dag.py:2941} INFO - Sync 1 DAGs
[2025-10-17T07:49:23.862+0000] {logging_mixin.py:154} INFO - [2025-10-17T07:49:23.862+0000] {dag.py:3722} INFO - Setting next_dagrun for example_branch_dop_operator_v3 to 2025-10-17T07:48:00+00:00, run_after=2025-10-17T07:49:00+00:00
[2025-10-17T07:49:23.881+0000] {processor.py:179} INFO - Processing /home/airflow/.local/lib/python3.8/site-packages/airflow/example_dags/example_branch_python_dop_operator_3.py took 0.076 seconds
[2025-10-17T07:49:54.311+0000] {processor.py:157} INFO - Started process (PID=466) to work on /home/airflow/.local/lib/python3.8/site-packages/airflow/example_dags/example_branch_python_dop_operator_3.py
[2025-10-17T07:49:54.313+0000] {processor.py:829} INFO - Processing file /home/airflow/.local/lib/python3.8/site-packages/airflow/example_dags/example_branch_python_dop_operator_3.py for tasks to queue
[2025-10-17T07:49:54.315+0000] {logging_mixin.py:154} INFO - [2025-10-17T07:49:54.315+0000] {dagbag.py:536} INFO - Filling up the DagBag from /home/airflow/.local/lib/python3.8/site-packages/airflow/example_dags/example_branch_python_dop_operator_3.py
[2025-10-17T07:49:54.325+0000] {processor.py:839} INFO - DAG(s) dict_keys(['example_branch_dop_operator_v3']) retrieved from /home/airflow/.local/lib/python3.8/site-packages/airflow/example_dags/example_branch_python_dop_operator_3.py
[2025-10-17T07:49:54.347+0000] {logging_mixin.py:154} INFO - [2025-10-17T07:49:54.346+0000] {dag.py:2941} INFO - Sync 1 DAGs
[2025-10-17T07:49:54.370+0000] {logging_mixin.py:154} INFO - [2025-10-17T07:49:54.370+0000] {dag.py:3722} INFO - Setting next_dagrun for example_branch_dop_operator_v3 to 2025-10-17T07:48:00+00:00, run_after=2025-10-17T07:49:00+00:00
[2025-10-17T07:49:54.390+0000] {processor.py:179} INFO - Processing /home/airflow/.local/lib/python3.8/site-packages/airflow/example_dags/example_branch_python_dop_operator_3.py took 0.082 seconds
[2025-10-17T07:50:25.672+0000] {processor.py:157} INFO - Started process (PID=523) to work on /home/airflow/.local/lib/python3.8/site-packages/airflow/example_dags/example_branch_python_dop_operator_3.py
[2025-10-17T07:50:25.673+0000] {processor.py:829} INFO - Processing file /home/airflow/.local/lib/python3.8/site-packages/airflow/example_dags/example_branch_python_dop_operator_3.py for tasks to queue
[2025-10-17T07:50:25.675+0000] {logging_mixin.py:154} INFO - [2025-10-17T07:50:25.675+0000] {dagbag.py:536} INFO - Filling up the DagBag from /home/airflow/.local/lib/python3.8/site-packages/airflow/example_dags/example_branch_python_dop_operator_3.py
[2025-10-17T07:50:25.684+0000] {processor.py:839} INFO - DAG(s) dict_keys(['example_branch_dop_operator_v3']) retrieved from /home/airflow/.local/lib/python3.8/site-packages/airflow/example_dags/example_branch_python_dop_operator_3.py
[2025-10-17T07:50:25.706+0000] {logging_mixin.py:154} INFO - [2025-10-17T07:50:25.706+0000] {dag.py:2941} INFO - Sync 1 DAGs
[2025-10-17T07:50:25.730+0000] {logging_mixin.py:154} INFO - [2025-10-17T07:50:25.730+0000] {dag.py:3722} INFO - Setting next_dagrun for example_branch_dop_operator_v3 to 2025-10-17T07:49:00+00:00, run_after=2025-10-17T07:50:00+00:00
[2025-10-17T07:50:25.748+0000] {processor.py:179} INFO - Processing /home/airflow/.local/lib/python3.8/site-packages/airflow/example_dags/example_branch_python_dop_operator_3.py took 0.080 seconds
[2025-10-17T07:50:56.645+0000] {processor.py:157} INFO - Started process (PID=579) to work on /home/airflow/.local/lib/python3.8/site-packages/airflow/example_dags/example_branch_python_dop_operator_3.py
[2025-10-17T07:50:56.647+0000] {processor.py:829} INFO - Processing file /home/airflow/.local/lib/python3.8/site-packages/airflow/example_dags/example_branch_python_dop_operator_3.py for tasks to queue
[2025-10-17T07:50:56.649+0000] {logging_mixin.py:154} INFO - [2025-10-17T07:50:56.649+0000] {dagbag.py:536} INFO - Filling up the DagBag from /home/airflow/.local/lib/python3.8/site-packages/airflow/example_dags/example_branch_python_dop_operator_3.py
[2025-10-17T07:50:56.657+0000] {processor.py:839} INFO - DAG(s) dict_keys(['example_branch_dop_operator_v3']) retrieved from /home/airflow/.local/lib/python3.8/site-packages/airflow/example_dags/example_branch_python_dop_operator_3.py
[2025-10-17T07:50:56.674+0000] {logging_mixin.py:154} INFO - [2025-10-17T07:50:56.674+0000] {dag.py:2941} INFO - Sync 1 DAGs
[2025-10-17T07:50:56.694+0000] {logging_mixin.py:154} INFO - [2025-10-17T07:50:56.694+0000] {dag.py:3722} INFO - Setting next_dagrun for example_branch_dop_operator_v3 to 2025-10-17T07:49:00+00:00, run_after=2025-10-17T07:50:00+00:00
[2025-10-17T07:50:56.712+0000] {processor.py:179} INFO - Processing /home/airflow/.local/lib/python3.8/site-packages/airflow/example_dags/example_branch_python_dop_operator_3.py took 0.070 seconds
[2025-10-17T07:51:27.139+0000] {processor.py:157} INFO - Started process (PID=635) to work on /home/airflow/.local/lib/python3.8/site-packages/airflow/example_dags/example_branch_python_dop_operator_3.py
[2025-10-17T07:51:27.140+0000] {processor.py:829} INFO - Processing file /home/airflow/.local/lib/python3.8/site-packages/airflow/example_dags/example_branch_python_dop_operator_3.py for tasks to queue
[2025-10-17T07:51:27.142+0000] {logging_mixin.py:154} INFO - [2025-10-17T07:51:27.142+0000] {dagbag.py:536} INFO - Filling up the DagBag from /home/airflow/.local/lib/python3.8/site-packages/airflow/example_dags/example_branch_python_dop_operator_3.py
[2025-10-17T07:51:27.150+0000] {processor.py:839} INFO - DAG(s) dict_keys(['example_branch_dop_operator_v3']) retrieved from /home/airflow/.local/lib/python3.8/site-packages/airflow/example_dags/example_branch_python_dop_operator_3.py
[2025-10-17T07:51:27.171+0000] {logging_mixin.py:154} INFO - [2025-10-17T07:51:27.170+0000] {dag.py:2941} INFO - Sync 1 DAGs
[2025-10-17T07:51:27.194+0000] {logging_mixin.py:154} INFO - [2025-10-17T07:51:27.193+0000] {dag.py:3722} INFO - Setting next_dagrun for example_branch_dop_operator_v3 to 2025-10-17T07:50:00+00:00, run_after=2025-10-17T07:51:00+00:00
[2025-10-17T07:51:27.215+0000] {processor.py:179} INFO - Processing /home/airflow/.local/lib/python3.8/site-packages/airflow/example_dags/example_branch_python_dop_operator_3.py took 0.080 seconds
[2025-10-17T07:51:57.842+0000] {processor.py:157} INFO - Started process (PID=691) to work on /home/airflow/.local/lib/python3.8/site-packages/airflow/example_dags/example_branch_python_dop_operator_3.py
[2025-10-17T07:51:57.843+0000] {processor.py:829} INFO - Processing file /home/airflow/.local/lib/python3.8/site-packages/airflow/example_dags/example_branch_python_dop_operator_3.py for tasks to queue
[2025-10-17T07:51:57.845+0000] {logging_mixin.py:154} INFO - [2025-10-17T07:51:57.844+0000] {dagbag.py:536} INFO - Filling up the DagBag from /home/airflow/.local/lib/python3.8/site-packages/airflow/example_dags/example_branch_python_dop_operator_3.py
[2025-10-17T07:51:57.852+0000] {processor.py:839} INFO - DAG(s) dict_keys(['example_branch_dop_operator_v3']) retrieved from /home/airflow/.local/lib/python3.8/site-packages/airflow/example_dags/example_branch_python_dop_operator_3.py
[2025-10-17T07:51:57.873+0000] {logging_mixin.py:154} INFO - [2025-10-17T07:51:57.872+0000] {dag.py:2941} INFO - Sync 1 DAGs
[2025-10-17T07:51:57.896+0000] {logging_mixin.py:154} INFO - [2025-10-17T07:51:57.896+0000] {dag.py:3722} INFO - Setting next_dagrun for example_branch_dop_operator_v3 to 2025-10-17T07:50:00+00:00, run_after=2025-10-17T07:51:00+00:00
[2025-10-17T07:51:57.912+0000] {processor.py:179} INFO - Processing /home/airflow/.local/lib/python3.8/site-packages/airflow/example_dags/example_branch_python_dop_operator_3.py took 0.074 seconds
[2025-10-17T08:08:52.452+0000] {processor.py:157} INFO - Started process (PID=75) to work on /home/airflow/.local/lib/python3.8/site-packages/airflow/example_dags/example_branch_python_dop_operator_3.py
[2025-10-17T08:08:52.454+0000] {processor.py:829} INFO - Processing file /home/airflow/.local/lib/python3.8/site-packages/airflow/example_dags/example_branch_python_dop_operator_3.py for tasks to queue
[2025-10-17T08:08:52.458+0000] {logging_mixin.py:154} INFO - [2025-10-17T08:08:52.457+0000] {dagbag.py:536} INFO - Filling up the DagBag from /home/airflow/.local/lib/python3.8/site-packages/airflow/example_dags/example_branch_python_dop_operator_3.py
[2025-10-17T08:08:52.480+0000] {processor.py:839} INFO - DAG(s) dict_keys(['example_branch_dop_operator_v3']) retrieved from /home/airflow/.local/lib/python3.8/site-packages/airflow/example_dags/example_branch_python_dop_operator_3.py
[2025-10-17T08:08:52.804+0000] {logging_mixin.py:154} INFO - [2025-10-17T08:08:52.804+0000] {manager.py:499} INFO - Created Permission View: %s
[2025-10-17T08:08:52.826+0000] {logging_mixin.py:154} INFO - [2025-10-17T08:08:52.825+0000] {manager.py:499} INFO - Created Permission View: %s
[2025-10-17T08:08:52.837+0000] {logging_mixin.py:154} INFO - [2025-10-17T08:08:52.837+0000] {manager.py:499} INFO - Created Permission View: %s
[2025-10-17T08:08:52.838+0000] {logging_mixin.py:154} INFO - [2025-10-17T08:08:52.838+0000] {dag.py:2941} INFO - Sync 1 DAGs
[2025-10-17T08:08:52.860+0000] {logging_mixin.py:154} INFO - [2025-10-17T08:08:52.860+0000] {dag.py:2963} INFO - Creating ORM DAG for example_branch_dop_operator_v3
[2025-10-17T08:08:52.884+0000] {logging_mixin.py:154} INFO - [2025-10-17T08:08:52.884+0000] {dag.py:3722} INFO - Setting next_dagrun for example_branch_dop_operator_v3 to 2025-10-17T08:07:00+00:00, run_after=2025-10-17T08:08:00+00:00
[2025-10-17T08:08:52.924+0000] {processor.py:179} INFO - Processing /home/airflow/.local/lib/python3.8/site-packages/airflow/example_dags/example_branch_python_dop_operator_3.py took 0.480 seconds
[2025-10-17T08:09:23.457+0000] {processor.py:157} INFO - Started process (PID=132) to work on /home/airflow/.local/lib/python3.8/site-packages/airflow/example_dags/example_branch_python_dop_operator_3.py
[2025-10-17T08:09:23.458+0000] {processor.py:829} INFO - Processing file /home/airflow/.local/lib/python3.8/site-packages/airflow/example_dags/example_branch_python_dop_operator_3.py for tasks to queue
[2025-10-17T08:09:23.460+0000] {logging_mixin.py:154} INFO - [2025-10-17T08:09:23.460+0000] {dagbag.py:536} INFO - Filling up the DagBag from /home/airflow/.local/lib/python3.8/site-packages/airflow/example_dags/example_branch_python_dop_operator_3.py
[2025-10-17T08:09:23.469+0000] {processor.py:839} INFO - DAG(s) dict_keys(['example_branch_dop_operator_v3']) retrieved from /home/airflow/.local/lib/python3.8/site-packages/airflow/example_dags/example_branch_python_dop_operator_3.py
[2025-10-17T08:09:23.490+0000] {logging_mixin.py:154} INFO - [2025-10-17T08:09:23.489+0000] {dag.py:2941} INFO - Sync 1 DAGs
[2025-10-17T08:09:23.513+0000] {logging_mixin.py:154} INFO - [2025-10-17T08:09:23.513+0000] {dag.py:3722} INFO - Setting next_dagrun for example_branch_dop_operator_v3 to 2025-10-17T08:08:00+00:00, run_after=2025-10-17T08:09:00+00:00
[2025-10-17T08:09:23.533+0000] {processor.py:179} INFO - Processing /home/airflow/.local/lib/python3.8/site-packages/airflow/example_dags/example_branch_python_dop_operator_3.py took 0.079 seconds
[2025-10-17T08:09:54.437+0000] {processor.py:157} INFO - Started process (PID=188) to work on /home/airflow/.local/lib/python3.8/site-packages/airflow/example_dags/example_branch_python_dop_operator_3.py
[2025-10-17T08:09:54.438+0000] {processor.py:829} INFO - Processing file /home/airflow/.local/lib/python3.8/site-packages/airflow/example_dags/example_branch_python_dop_operator_3.py for tasks to queue
[2025-10-17T08:09:54.442+0000] {logging_mixin.py:154} INFO - [2025-10-17T08:09:54.442+0000] {dagbag.py:536} INFO - Filling up the DagBag from /home/airflow/.local/lib/python3.8/site-packages/airflow/example_dags/example_branch_python_dop_operator_3.py
[2025-10-17T08:09:54.452+0000] {processor.py:839} INFO - DAG(s) dict_keys(['example_branch_dop_operator_v3']) retrieved from /home/airflow/.local/lib/python3.8/site-packages/airflow/example_dags/example_branch_python_dop_operator_3.py
[2025-10-17T08:09:54.478+0000] {logging_mixin.py:154} INFO - [2025-10-17T08:09:54.478+0000] {dag.py:2941} INFO - Sync 1 DAGs
[2025-10-17T08:09:54.507+0000] {logging_mixin.py:154} INFO - [2025-10-17T08:09:54.507+0000] {dag.py:3722} INFO - Setting next_dagrun for example_branch_dop_operator_v3 to 2025-10-17T08:08:00+00:00, run_after=2025-10-17T08:09:00+00:00
[2025-10-17T08:09:54.531+0000] {processor.py:179} INFO - Processing /home/airflow/.local/lib/python3.8/site-packages/airflow/example_dags/example_branch_python_dop_operator_3.py took 0.098 seconds
[2025-10-17T08:10:25.449+0000] {processor.py:157} INFO - Started process (PID=244) to work on /home/airflow/.local/lib/python3.8/site-packages/airflow/example_dags/example_branch_python_dop_operator_3.py
[2025-10-17T08:10:25.450+0000] {processor.py:829} INFO - Processing file /home/airflow/.local/lib/python3.8/site-packages/airflow/example_dags/example_branch_python_dop_operator_3.py for tasks to queue
[2025-10-17T08:10:25.453+0000] {logging_mixin.py:154} INFO - [2025-10-17T08:10:25.452+0000] {dagbag.py:536} INFO - Filling up the DagBag from /home/airflow/.local/lib/python3.8/site-packages/airflow/example_dags/example_branch_python_dop_operator_3.py
[2025-10-17T08:10:25.461+0000] {processor.py:839} INFO - DAG(s) dict_keys(['example_branch_dop_operator_v3']) retrieved from /home/airflow/.local/lib/python3.8/site-packages/airflow/example_dags/example_branch_python_dop_operator_3.py
[2025-10-17T08:10:25.484+0000] {logging_mixin.py:154} INFO - [2025-10-17T08:10:25.484+0000] {dag.py:2941} INFO - Sync 1 DAGs
[2025-10-17T08:10:25.506+0000] {logging_mixin.py:154} INFO - [2025-10-17T08:10:25.505+0000] {dag.py:3722} INFO - Setting next_dagrun for example_branch_dop_operator_v3 to 2025-10-17T08:09:00+00:00, run_after=2025-10-17T08:10:00+00:00
[2025-10-17T08:10:25.521+0000] {processor.py:179} INFO - Processing /home/airflow/.local/lib/python3.8/site-packages/airflow/example_dags/example_branch_python_dop_operator_3.py took 0.076 seconds
[2025-10-17T08:10:56.212+0000] {processor.py:157} INFO - Started process (PID=300) to work on /home/airflow/.local/lib/python3.8/site-packages/airflow/example_dags/example_branch_python_dop_operator_3.py
[2025-10-17T08:10:56.213+0000] {processor.py:829} INFO - Processing file /home/airflow/.local/lib/python3.8/site-packages/airflow/example_dags/example_branch_python_dop_operator_3.py for tasks to queue
[2025-10-17T08:10:56.215+0000] {logging_mixin.py:154} INFO - [2025-10-17T08:10:56.215+0000] {dagbag.py:536} INFO - Filling up the DagBag from /home/airflow/.local/lib/python3.8/site-packages/airflow/example_dags/example_branch_python_dop_operator_3.py
[2025-10-17T08:10:56.224+0000] {processor.py:839} INFO - DAG(s) dict_keys(['example_branch_dop_operator_v3']) retrieved from /home/airflow/.local/lib/python3.8/site-packages/airflow/example_dags/example_branch_python_dop_operator_3.py
[2025-10-17T08:10:56.245+0000] {logging_mixin.py:154} INFO - [2025-10-17T08:10:56.245+0000] {dag.py:2941} INFO - Sync 1 DAGs
[2025-10-17T08:10:56.268+0000] {logging_mixin.py:154} INFO - [2025-10-17T08:10:56.268+0000] {dag.py:3722} INFO - Setting next_dagrun for example_branch_dop_operator_v3 to 2025-10-17T08:09:00+00:00, run_after=2025-10-17T08:10:00+00:00
[2025-10-17T08:10:56.287+0000] {processor.py:179} INFO - Processing /home/airflow/.local/lib/python3.8/site-packages/airflow/example_dags/example_branch_python_dop_operator_3.py took 0.079 seconds
[2025-10-17T08:11:26.330+0000] {processor.py:157} INFO - Started process (PID=356) to work on /home/airflow/.local/lib/python3.8/site-packages/airflow/example_dags/example_branch_python_dop_operator_3.py
[2025-10-17T08:11:26.331+0000] {processor.py:829} INFO - Processing file /home/airflow/.local/lib/python3.8/site-packages/airflow/example_dags/example_branch_python_dop_operator_3.py for tasks to queue
[2025-10-17T08:11:26.333+0000] {logging_mixin.py:154} INFO - [2025-10-17T08:11:26.333+0000] {dagbag.py:536} INFO - Filling up the DagBag from /home/airflow/.local/lib/python3.8/site-packages/airflow/example_dags/example_branch_python_dop_operator_3.py
[2025-10-17T08:11:26.342+0000] {processor.py:839} INFO - DAG(s) dict_keys(['example_branch_dop_operator_v3']) retrieved from /home/airflow/.local/lib/python3.8/site-packages/airflow/example_dags/example_branch_python_dop_operator_3.py
[2025-10-17T08:11:26.365+0000] {logging_mixin.py:154} INFO - [2025-10-17T08:11:26.365+0000] {dag.py:2941} INFO - Sync 1 DAGs
[2025-10-17T08:11:26.390+0000] {logging_mixin.py:154} INFO - [2025-10-17T08:11:26.390+0000] {dag.py:3722} INFO - Setting next_dagrun for example_branch_dop_operator_v3 to 2025-10-17T08:10:00+00:00, run_after=2025-10-17T08:11:00+00:00
[2025-10-17T08:11:26.424+0000] {processor.py:179} INFO - Processing /home/airflow/.local/lib/python3.8/site-packages/airflow/example_dags/example_branch_python_dop_operator_3.py took 0.098 seconds
[2025-10-17T08:12:34.862+0000] {processor.py:157} INFO - Started process (PID=77) to work on /home/airflow/.local/lib/python3.8/site-packages/airflow/example_dags/example_branch_python_dop_operator_3.py
[2025-10-17T08:12:34.864+0000] {processor.py:829} INFO - Processing file /home/airflow/.local/lib/python3.8/site-packages/airflow/example_dags/example_branch_python_dop_operator_3.py for tasks to queue
[2025-10-17T08:12:34.866+0000] {logging_mixin.py:154} INFO - [2025-10-17T08:12:34.866+0000] {dagbag.py:536} INFO - Filling up the DagBag from /home/airflow/.local/lib/python3.8/site-packages/airflow/example_dags/example_branch_python_dop_operator_3.py
[2025-10-17T08:12:34.876+0000] {processor.py:839} INFO - DAG(s) dict_keys(['example_branch_dop_operator_v3']) retrieved from /home/airflow/.local/lib/python3.8/site-packages/airflow/example_dags/example_branch_python_dop_operator_3.py
[2025-10-17T08:12:35.002+0000] {logging_mixin.py:154} INFO - [2025-10-17T08:12:35.002+0000] {manager.py:499} INFO - Created Permission View: %s
[2025-10-17T08:12:35.012+0000] {logging_mixin.py:154} INFO - [2025-10-17T08:12:35.012+0000] {manager.py:499} INFO - Created Permission View: %s
[2025-10-17T08:12:35.019+0000] {logging_mixin.py:154} INFO - [2025-10-17T08:12:35.019+0000] {manager.py:499} INFO - Created Permission View: %s
[2025-10-17T08:12:35.020+0000] {logging_mixin.py:154} INFO - [2025-10-17T08:12:35.019+0000] {dag.py:2941} INFO - Sync 1 DAGs
[2025-10-17T08:12:35.030+0000] {logging_mixin.py:154} INFO - [2025-10-17T08:12:35.030+0000] {dag.py:2963} INFO - Creating ORM DAG for example_branch_dop_operator_v3
[2025-10-17T08:12:35.043+0000] {logging_mixin.py:154} INFO - [2025-10-17T08:12:35.043+0000] {dag.py:3722} INFO - Setting next_dagrun for example_branch_dop_operator_v3 to 2025-10-17T08:11:00+00:00, run_after=2025-10-17T08:12:00+00:00
[2025-10-17T08:12:35.060+0000] {processor.py:179} INFO - Processing /home/airflow/.local/lib/python3.8/site-packages/airflow/example_dags/example_branch_python_dop_operator_3.py took 0.201 seconds
[2025-10-17T08:13:05.685+0000] {processor.py:157} INFO - Started process (PID=133) to work on /home/airflow/.local/lib/python3.8/site-packages/airflow/example_dags/example_branch_python_dop_operator_3.py
[2025-10-17T08:13:05.687+0000] {processor.py:829} INFO - Processing file /home/airflow/.local/lib/python3.8/site-packages/airflow/example_dags/example_branch_python_dop_operator_3.py for tasks to queue
[2025-10-17T08:13:05.689+0000] {logging_mixin.py:154} INFO - [2025-10-17T08:13:05.689+0000] {dagbag.py:536} INFO - Filling up the DagBag from /home/airflow/.local/lib/python3.8/site-packages/airflow/example_dags/example_branch_python_dop_operator_3.py
[2025-10-17T08:13:05.697+0000] {processor.py:839} INFO - DAG(s) dict_keys(['example_branch_dop_operator_v3']) retrieved from /home/airflow/.local/lib/python3.8/site-packages/airflow/example_dags/example_branch_python_dop_operator_3.py
[2025-10-17T08:13:05.715+0000] {logging_mixin.py:154} INFO - [2025-10-17T08:13:05.714+0000] {dag.py:2941} INFO - Sync 1 DAGs
[2025-10-17T08:13:05.736+0000] {logging_mixin.py:154} INFO - [2025-10-17T08:13:05.736+0000] {dag.py:3722} INFO - Setting next_dagrun for example_branch_dop_operator_v3 to 2025-10-17T08:12:00+00:00, run_after=2025-10-17T08:13:00+00:00
[2025-10-17T08:13:05.756+0000] {processor.py:179} INFO - Processing /home/airflow/.local/lib/python3.8/site-packages/airflow/example_dags/example_branch_python_dop_operator_3.py took 0.074 seconds
[2025-10-17T08:13:36.251+0000] {processor.py:157} INFO - Started process (PID=189) to work on /home/airflow/.local/lib/python3.8/site-packages/airflow/example_dags/example_branch_python_dop_operator_3.py
[2025-10-17T08:13:36.252+0000] {processor.py:829} INFO - Processing file /home/airflow/.local/lib/python3.8/site-packages/airflow/example_dags/example_branch_python_dop_operator_3.py for tasks to queue
[2025-10-17T08:13:36.254+0000] {logging_mixin.py:154} INFO - [2025-10-17T08:13:36.254+0000] {dagbag.py:536} INFO - Filling up the DagBag from /home/airflow/.local/lib/python3.8/site-packages/airflow/example_dags/example_branch_python_dop_operator_3.py
[2025-10-17T08:13:36.262+0000] {processor.py:839} INFO - DAG(s) dict_keys(['example_branch_dop_operator_v3']) retrieved from /home/airflow/.local/lib/python3.8/site-packages/airflow/example_dags/example_branch_python_dop_operator_3.py
[2025-10-17T08:13:36.281+0000] {logging_mixin.py:154} INFO - [2025-10-17T08:13:36.281+0000] {dag.py:2941} INFO - Sync 1 DAGs
[2025-10-17T08:13:36.302+0000] {logging_mixin.py:154} INFO - [2025-10-17T08:13:36.301+0000] {dag.py:3722} INFO - Setting next_dagrun for example_branch_dop_operator_v3 to 2025-10-17T08:12:00+00:00, run_after=2025-10-17T08:13:00+00:00
[2025-10-17T08:13:36.319+0000] {processor.py:179} INFO - Processing /home/airflow/.local/lib/python3.8/site-packages/airflow/example_dags/example_branch_python_dop_operator_3.py took 0.071 seconds
