[2025-10-17T07:19:45.101+0000] {processor.py:157} INFO - Started process (PID=568) to work on /home/airflow/.local/lib/python3.8/site-packages/airflow/example_dags/example_time_delta_sensor_async.py
[2025-10-17T07:19:45.102+0000] {processor.py:829} INFO - Processing file /home/airflow/.local/lib/python3.8/site-packages/airflow/example_dags/example_time_delta_sensor_async.py for tasks to queue
[2025-10-17T07:19:45.106+0000] {logging_mixin.py:154} INFO - [2025-10-17T07:19:45.106+0000] {dagbag.py:536} INFO - Filling up the DagBag from /home/airflow/.local/lib/python3.8/site-packages/airflow/example_dags/example_time_delta_sensor_async.py
[2025-10-17T07:19:45.136+0000] {processor.py:839} INFO - DAG(s) dict_keys(['example_time_delta_sensor_async']) retrieved from /home/airflow/.local/lib/python3.8/site-packages/airflow/example_dags/example_time_delta_sensor_async.py
[2025-10-17T07:19:45.209+0000] {logging_mixin.py:154} INFO - [2025-10-17T07:19:45.209+0000] {dag.py:2941} INFO - Sync 1 DAGs
[2025-10-17T07:19:45.265+0000] {logging_mixin.py:154} INFO - [2025-10-17T07:19:45.264+0000] {dag.py:3722} INFO - Setting next_dagrun for example_time_delta_sensor_async to None, run_after=None
[2025-10-17T07:19:45.334+0000] {processor.py:179} INFO - Processing /home/airflow/.local/lib/python3.8/site-packages/airflow/example_dags/example_time_delta_sensor_async.py took 0.249 seconds
[2025-10-17T07:20:16.030+0000] {processor.py:157} INFO - Started process (PID=624) to work on /home/airflow/.local/lib/python3.8/site-packages/airflow/example_dags/example_time_delta_sensor_async.py
[2025-10-17T07:20:16.032+0000] {processor.py:829} INFO - Processing file /home/airflow/.local/lib/python3.8/site-packages/airflow/example_dags/example_time_delta_sensor_async.py for tasks to queue
[2025-10-17T07:20:16.034+0000] {logging_mixin.py:154} INFO - [2025-10-17T07:20:16.034+0000] {dagbag.py:536} INFO - Filling up the DagBag from /home/airflow/.local/lib/python3.8/site-packages/airflow/example_dags/example_time_delta_sensor_async.py
[2025-10-17T07:20:16.039+0000] {processor.py:839} INFO - DAG(s) dict_keys(['example_time_delta_sensor_async']) retrieved from /home/airflow/.local/lib/python3.8/site-packages/airflow/example_dags/example_time_delta_sensor_async.py
[2025-10-17T07:20:16.067+0000] {logging_mixin.py:154} INFO - [2025-10-17T07:20:16.067+0000] {dag.py:2941} INFO - Sync 1 DAGs
[2025-10-17T07:20:16.081+0000] {logging_mixin.py:154} INFO - [2025-10-17T07:20:16.080+0000] {dag.py:3722} INFO - Setting next_dagrun for example_time_delta_sensor_async to None, run_after=None
[2025-10-17T07:20:16.104+0000] {processor.py:179} INFO - Processing /home/airflow/.local/lib/python3.8/site-packages/airflow/example_dags/example_time_delta_sensor_async.py took 0.079 seconds
[2025-10-17T07:20:46.642+0000] {processor.py:157} INFO - Started process (PID=680) to work on /home/airflow/.local/lib/python3.8/site-packages/airflow/example_dags/example_time_delta_sensor_async.py
[2025-10-17T07:20:46.644+0000] {processor.py:829} INFO - Processing file /home/airflow/.local/lib/python3.8/site-packages/airflow/example_dags/example_time_delta_sensor_async.py for tasks to queue
[2025-10-17T07:20:46.647+0000] {logging_mixin.py:154} INFO - [2025-10-17T07:20:46.647+0000] {dagbag.py:536} INFO - Filling up the DagBag from /home/airflow/.local/lib/python3.8/site-packages/airflow/example_dags/example_time_delta_sensor_async.py
[2025-10-17T07:20:46.654+0000] {processor.py:839} INFO - DAG(s) dict_keys(['example_time_delta_sensor_async']) retrieved from /home/airflow/.local/lib/python3.8/site-packages/airflow/example_dags/example_time_delta_sensor_async.py
[2025-10-17T07:20:46.687+0000] {logging_mixin.py:154} INFO - [2025-10-17T07:20:46.687+0000] {dag.py:2941} INFO - Sync 1 DAGs
[2025-10-17T07:20:46.704+0000] {logging_mixin.py:154} INFO - [2025-10-17T07:20:46.704+0000] {dag.py:3722} INFO - Setting next_dagrun for example_time_delta_sensor_async to None, run_after=None
[2025-10-17T07:20:46.744+0000] {processor.py:179} INFO - Processing /home/airflow/.local/lib/python3.8/site-packages/airflow/example_dags/example_time_delta_sensor_async.py took 0.106 seconds
[2025-10-17T07:21:17.291+0000] {processor.py:157} INFO - Started process (PID=736) to work on /home/airflow/.local/lib/python3.8/site-packages/airflow/example_dags/example_time_delta_sensor_async.py
[2025-10-17T07:21:17.293+0000] {processor.py:829} INFO - Processing file /home/airflow/.local/lib/python3.8/site-packages/airflow/example_dags/example_time_delta_sensor_async.py for tasks to queue
[2025-10-17T07:21:17.296+0000] {logging_mixin.py:154} INFO - [2025-10-17T07:21:17.296+0000] {dagbag.py:536} INFO - Filling up the DagBag from /home/airflow/.local/lib/python3.8/site-packages/airflow/example_dags/example_time_delta_sensor_async.py
[2025-10-17T07:21:17.306+0000] {processor.py:839} INFO - DAG(s) dict_keys(['example_time_delta_sensor_async']) retrieved from /home/airflow/.local/lib/python3.8/site-packages/airflow/example_dags/example_time_delta_sensor_async.py
[2025-10-17T07:21:17.345+0000] {logging_mixin.py:154} INFO - [2025-10-17T07:21:17.344+0000] {dag.py:2941} INFO - Sync 1 DAGs
[2025-10-17T07:21:17.367+0000] {logging_mixin.py:154} INFO - [2025-10-17T07:21:17.366+0000] {dag.py:3722} INFO - Setting next_dagrun for example_time_delta_sensor_async to None, run_after=None
[2025-10-17T07:21:17.411+0000] {processor.py:179} INFO - Processing /home/airflow/.local/lib/python3.8/site-packages/airflow/example_dags/example_time_delta_sensor_async.py took 0.124 seconds
[2025-10-17T07:21:47.876+0000] {processor.py:157} INFO - Started process (PID=792) to work on /home/airflow/.local/lib/python3.8/site-packages/airflow/example_dags/example_time_delta_sensor_async.py
[2025-10-17T07:21:47.878+0000] {processor.py:829} INFO - Processing file /home/airflow/.local/lib/python3.8/site-packages/airflow/example_dags/example_time_delta_sensor_async.py for tasks to queue
[2025-10-17T07:21:47.881+0000] {logging_mixin.py:154} INFO - [2025-10-17T07:21:47.881+0000] {dagbag.py:536} INFO - Filling up the DagBag from /home/airflow/.local/lib/python3.8/site-packages/airflow/example_dags/example_time_delta_sensor_async.py
[2025-10-17T07:21:47.888+0000] {processor.py:839} INFO - DAG(s) dict_keys(['example_time_delta_sensor_async']) retrieved from /home/airflow/.local/lib/python3.8/site-packages/airflow/example_dags/example_time_delta_sensor_async.py
[2025-10-17T07:21:47.914+0000] {logging_mixin.py:154} INFO - [2025-10-17T07:21:47.914+0000] {dag.py:2941} INFO - Sync 1 DAGs
[2025-10-17T07:21:47.932+0000] {logging_mixin.py:154} INFO - [2025-10-17T07:21:47.932+0000] {dag.py:3722} INFO - Setting next_dagrun for example_time_delta_sensor_async to None, run_after=None
[2025-10-17T07:21:47.960+0000] {processor.py:179} INFO - Processing /home/airflow/.local/lib/python3.8/site-packages/airflow/example_dags/example_time_delta_sensor_async.py took 0.089 seconds
[2025-10-17T07:22:19.122+0000] {processor.py:157} INFO - Started process (PID=848) to work on /home/airflow/.local/lib/python3.8/site-packages/airflow/example_dags/example_time_delta_sensor_async.py
[2025-10-17T07:22:19.124+0000] {processor.py:829} INFO - Processing file /home/airflow/.local/lib/python3.8/site-packages/airflow/example_dags/example_time_delta_sensor_async.py for tasks to queue
[2025-10-17T07:22:19.126+0000] {logging_mixin.py:154} INFO - [2025-10-17T07:22:19.125+0000] {dagbag.py:536} INFO - Filling up the DagBag from /home/airflow/.local/lib/python3.8/site-packages/airflow/example_dags/example_time_delta_sensor_async.py
[2025-10-17T07:22:19.130+0000] {processor.py:839} INFO - DAG(s) dict_keys(['example_time_delta_sensor_async']) retrieved from /home/airflow/.local/lib/python3.8/site-packages/airflow/example_dags/example_time_delta_sensor_async.py
[2025-10-17T07:22:19.151+0000] {logging_mixin.py:154} INFO - [2025-10-17T07:22:19.151+0000] {dag.py:2941} INFO - Sync 1 DAGs
[2025-10-17T07:22:19.162+0000] {logging_mixin.py:154} INFO - [2025-10-17T07:22:19.162+0000] {dag.py:3722} INFO - Setting next_dagrun for example_time_delta_sensor_async to None, run_after=None
[2025-10-17T07:22:19.180+0000] {processor.py:179} INFO - Processing /home/airflow/.local/lib/python3.8/site-packages/airflow/example_dags/example_time_delta_sensor_async.py took 0.061 seconds
[2025-10-17T07:22:49.524+0000] {processor.py:157} INFO - Started process (PID=902) to work on /home/airflow/.local/lib/python3.8/site-packages/airflow/example_dags/example_time_delta_sensor_async.py
[2025-10-17T07:22:49.526+0000] {processor.py:829} INFO - Processing file /home/airflow/.local/lib/python3.8/site-packages/airflow/example_dags/example_time_delta_sensor_async.py for tasks to queue
[2025-10-17T07:22:49.528+0000] {logging_mixin.py:154} INFO - [2025-10-17T07:22:49.528+0000] {dagbag.py:536} INFO - Filling up the DagBag from /home/airflow/.local/lib/python3.8/site-packages/airflow/example_dags/example_time_delta_sensor_async.py
[2025-10-17T07:22:49.533+0000] {processor.py:839} INFO - DAG(s) dict_keys(['example_time_delta_sensor_async']) retrieved from /home/airflow/.local/lib/python3.8/site-packages/airflow/example_dags/example_time_delta_sensor_async.py
[2025-10-17T07:22:49.554+0000] {logging_mixin.py:154} INFO - [2025-10-17T07:22:49.553+0000] {dag.py:2941} INFO - Sync 1 DAGs
[2025-10-17T07:22:49.566+0000] {logging_mixin.py:154} INFO - [2025-10-17T07:22:49.566+0000] {dag.py:3722} INFO - Setting next_dagrun for example_time_delta_sensor_async to None, run_after=None
[2025-10-17T07:22:49.584+0000] {processor.py:179} INFO - Processing /home/airflow/.local/lib/python3.8/site-packages/airflow/example_dags/example_time_delta_sensor_async.py took 0.063 seconds
[2025-10-17T07:23:20.795+0000] {processor.py:157} INFO - Started process (PID=960) to work on /home/airflow/.local/lib/python3.8/site-packages/airflow/example_dags/example_time_delta_sensor_async.py
[2025-10-17T07:23:20.797+0000] {processor.py:829} INFO - Processing file /home/airflow/.local/lib/python3.8/site-packages/airflow/example_dags/example_time_delta_sensor_async.py for tasks to queue
[2025-10-17T07:23:20.799+0000] {logging_mixin.py:154} INFO - [2025-10-17T07:23:20.799+0000] {dagbag.py:536} INFO - Filling up the DagBag from /home/airflow/.local/lib/python3.8/site-packages/airflow/example_dags/example_time_delta_sensor_async.py
[2025-10-17T07:23:20.804+0000] {processor.py:839} INFO - DAG(s) dict_keys(['example_time_delta_sensor_async']) retrieved from /home/airflow/.local/lib/python3.8/site-packages/airflow/example_dags/example_time_delta_sensor_async.py
[2025-10-17T07:23:20.826+0000] {logging_mixin.py:154} INFO - [2025-10-17T07:23:20.825+0000] {dag.py:2941} INFO - Sync 1 DAGs
[2025-10-17T07:23:20.836+0000] {logging_mixin.py:154} INFO - [2025-10-17T07:23:20.836+0000] {dag.py:3722} INFO - Setting next_dagrun for example_time_delta_sensor_async to None, run_after=None
[2025-10-17T07:23:20.853+0000] {processor.py:179} INFO - Processing /home/airflow/.local/lib/python3.8/site-packages/airflow/example_dags/example_time_delta_sensor_async.py took 0.061 seconds
[2025-10-17T07:23:51.944+0000] {processor.py:157} INFO - Started process (PID=1016) to work on /home/airflow/.local/lib/python3.8/site-packages/airflow/example_dags/example_time_delta_sensor_async.py
[2025-10-17T07:23:51.945+0000] {processor.py:829} INFO - Processing file /home/airflow/.local/lib/python3.8/site-packages/airflow/example_dags/example_time_delta_sensor_async.py for tasks to queue
[2025-10-17T07:23:51.947+0000] {logging_mixin.py:154} INFO - [2025-10-17T07:23:51.947+0000] {dagbag.py:536} INFO - Filling up the DagBag from /home/airflow/.local/lib/python3.8/site-packages/airflow/example_dags/example_time_delta_sensor_async.py
[2025-10-17T07:23:51.953+0000] {processor.py:839} INFO - DAG(s) dict_keys(['example_time_delta_sensor_async']) retrieved from /home/airflow/.local/lib/python3.8/site-packages/airflow/example_dags/example_time_delta_sensor_async.py
[2025-10-17T07:23:51.974+0000] {logging_mixin.py:154} INFO - [2025-10-17T07:23:51.974+0000] {dag.py:2941} INFO - Sync 1 DAGs
[2025-10-17T07:23:51.987+0000] {logging_mixin.py:154} INFO - [2025-10-17T07:23:51.987+0000] {dag.py:3722} INFO - Setting next_dagrun for example_time_delta_sensor_async to None, run_after=None
[2025-10-17T07:23:52.006+0000] {processor.py:179} INFO - Processing /home/airflow/.local/lib/python3.8/site-packages/airflow/example_dags/example_time_delta_sensor_async.py took 0.066 seconds
[2025-10-17T07:24:23.118+0000] {processor.py:157} INFO - Started process (PID=1072) to work on /home/airflow/.local/lib/python3.8/site-packages/airflow/example_dags/example_time_delta_sensor_async.py
[2025-10-17T07:24:23.119+0000] {processor.py:829} INFO - Processing file /home/airflow/.local/lib/python3.8/site-packages/airflow/example_dags/example_time_delta_sensor_async.py for tasks to queue
[2025-10-17T07:24:23.121+0000] {logging_mixin.py:154} INFO - [2025-10-17T07:24:23.121+0000] {dagbag.py:536} INFO - Filling up the DagBag from /home/airflow/.local/lib/python3.8/site-packages/airflow/example_dags/example_time_delta_sensor_async.py
[2025-10-17T07:24:23.126+0000] {processor.py:839} INFO - DAG(s) dict_keys(['example_time_delta_sensor_async']) retrieved from /home/airflow/.local/lib/python3.8/site-packages/airflow/example_dags/example_time_delta_sensor_async.py
[2025-10-17T07:24:23.149+0000] {logging_mixin.py:154} INFO - [2025-10-17T07:24:23.149+0000] {dag.py:2941} INFO - Sync 1 DAGs
[2025-10-17T07:24:23.164+0000] {logging_mixin.py:154} INFO - [2025-10-17T07:24:23.164+0000] {dag.py:3722} INFO - Setting next_dagrun for example_time_delta_sensor_async to None, run_after=None
[2025-10-17T07:24:23.189+0000] {processor.py:179} INFO - Processing /home/airflow/.local/lib/python3.8/site-packages/airflow/example_dags/example_time_delta_sensor_async.py took 0.075 seconds
[2025-10-17T07:24:53.339+0000] {processor.py:157} INFO - Started process (PID=1134) to work on /home/airflow/.local/lib/python3.8/site-packages/airflow/example_dags/example_time_delta_sensor_async.py
[2025-10-17T07:24:53.341+0000] {processor.py:829} INFO - Processing file /home/airflow/.local/lib/python3.8/site-packages/airflow/example_dags/example_time_delta_sensor_async.py for tasks to queue
[2025-10-17T07:24:53.343+0000] {logging_mixin.py:154} INFO - [2025-10-17T07:24:53.342+0000] {dagbag.py:536} INFO - Filling up the DagBag from /home/airflow/.local/lib/python3.8/site-packages/airflow/example_dags/example_time_delta_sensor_async.py
[2025-10-17T07:24:53.347+0000] {processor.py:839} INFO - DAG(s) dict_keys(['example_time_delta_sensor_async']) retrieved from /home/airflow/.local/lib/python3.8/site-packages/airflow/example_dags/example_time_delta_sensor_async.py
[2025-10-17T07:24:53.365+0000] {logging_mixin.py:154} INFO - [2025-10-17T07:24:53.365+0000] {dag.py:2941} INFO - Sync 1 DAGs
[2025-10-17T07:24:53.375+0000] {logging_mixin.py:154} INFO - [2025-10-17T07:24:53.375+0000] {dag.py:3722} INFO - Setting next_dagrun for example_time_delta_sensor_async to None, run_after=None
[2025-10-17T07:24:53.393+0000] {processor.py:179} INFO - Processing /home/airflow/.local/lib/python3.8/site-packages/airflow/example_dags/example_time_delta_sensor_async.py took 0.056 seconds
[2025-10-17T07:25:24.223+0000] {processor.py:157} INFO - Started process (PID=1190) to work on /home/airflow/.local/lib/python3.8/site-packages/airflow/example_dags/example_time_delta_sensor_async.py
[2025-10-17T07:25:24.224+0000] {processor.py:829} INFO - Processing file /home/airflow/.local/lib/python3.8/site-packages/airflow/example_dags/example_time_delta_sensor_async.py for tasks to queue
[2025-10-17T07:25:24.226+0000] {logging_mixin.py:154} INFO - [2025-10-17T07:25:24.226+0000] {dagbag.py:536} INFO - Filling up the DagBag from /home/airflow/.local/lib/python3.8/site-packages/airflow/example_dags/example_time_delta_sensor_async.py
[2025-10-17T07:25:24.231+0000] {processor.py:839} INFO - DAG(s) dict_keys(['example_time_delta_sensor_async']) retrieved from /home/airflow/.local/lib/python3.8/site-packages/airflow/example_dags/example_time_delta_sensor_async.py
[2025-10-17T07:25:24.251+0000] {logging_mixin.py:154} INFO - [2025-10-17T07:25:24.251+0000] {dag.py:2941} INFO - Sync 1 DAGs
[2025-10-17T07:25:24.263+0000] {logging_mixin.py:154} INFO - [2025-10-17T07:25:24.263+0000] {dag.py:3722} INFO - Setting next_dagrun for example_time_delta_sensor_async to None, run_after=None
[2025-10-17T07:25:24.281+0000] {processor.py:179} INFO - Processing /home/airflow/.local/lib/python3.8/site-packages/airflow/example_dags/example_time_delta_sensor_async.py took 0.061 seconds
[2025-10-17T07:25:55.197+0000] {processor.py:157} INFO - Started process (PID=1253) to work on /home/airflow/.local/lib/python3.8/site-packages/airflow/example_dags/example_time_delta_sensor_async.py
[2025-10-17T07:25:55.203+0000] {processor.py:829} INFO - Processing file /home/airflow/.local/lib/python3.8/site-packages/airflow/example_dags/example_time_delta_sensor_async.py for tasks to queue
[2025-10-17T07:25:55.205+0000] {logging_mixin.py:154} INFO - [2025-10-17T07:25:55.205+0000] {dagbag.py:536} INFO - Filling up the DagBag from /home/airflow/.local/lib/python3.8/site-packages/airflow/example_dags/example_time_delta_sensor_async.py
[2025-10-17T07:25:55.209+0000] {processor.py:839} INFO - DAG(s) dict_keys(['example_time_delta_sensor_async']) retrieved from /home/airflow/.local/lib/python3.8/site-packages/airflow/example_dags/example_time_delta_sensor_async.py
[2025-10-17T07:25:55.361+0000] {logging_mixin.py:154} INFO - [2025-10-17T07:25:55.361+0000] {dag.py:2941} INFO - Sync 1 DAGs
[2025-10-17T07:25:55.370+0000] {logging_mixin.py:154} INFO - [2025-10-17T07:25:55.370+0000] {dag.py:3722} INFO - Setting next_dagrun for example_time_delta_sensor_async to None, run_after=None
[2025-10-17T07:25:55.392+0000] {processor.py:179} INFO - Processing /home/airflow/.local/lib/python3.8/site-packages/airflow/example_dags/example_time_delta_sensor_async.py took 0.198 seconds
[2025-10-17T07:26:25.958+0000] {processor.py:157} INFO - Started process (PID=1311) to work on /home/airflow/.local/lib/python3.8/site-packages/airflow/example_dags/example_time_delta_sensor_async.py
[2025-10-17T07:26:25.959+0000] {processor.py:829} INFO - Processing file /home/airflow/.local/lib/python3.8/site-packages/airflow/example_dags/example_time_delta_sensor_async.py for tasks to queue
[2025-10-17T07:26:25.961+0000] {logging_mixin.py:154} INFO - [2025-10-17T07:26:25.961+0000] {dagbag.py:536} INFO - Filling up the DagBag from /home/airflow/.local/lib/python3.8/site-packages/airflow/example_dags/example_time_delta_sensor_async.py
[2025-10-17T07:26:25.966+0000] {processor.py:839} INFO - DAG(s) dict_keys(['example_time_delta_sensor_async']) retrieved from /home/airflow/.local/lib/python3.8/site-packages/airflow/example_dags/example_time_delta_sensor_async.py
[2025-10-17T07:26:25.985+0000] {logging_mixin.py:154} INFO - [2025-10-17T07:26:25.985+0000] {dag.py:2941} INFO - Sync 1 DAGs
[2025-10-17T07:26:25.997+0000] {logging_mixin.py:154} INFO - [2025-10-17T07:26:25.997+0000] {dag.py:3722} INFO - Setting next_dagrun for example_time_delta_sensor_async to None, run_after=None
[2025-10-17T07:26:26.014+0000] {processor.py:179} INFO - Processing /home/airflow/.local/lib/python3.8/site-packages/airflow/example_dags/example_time_delta_sensor_async.py took 0.059 seconds
[2025-10-17T07:26:56.032+0000] {processor.py:157} INFO - Started process (PID=1365) to work on /home/airflow/.local/lib/python3.8/site-packages/airflow/example_dags/example_time_delta_sensor_async.py
[2025-10-17T07:26:56.033+0000] {processor.py:829} INFO - Processing file /home/airflow/.local/lib/python3.8/site-packages/airflow/example_dags/example_time_delta_sensor_async.py for tasks to queue
[2025-10-17T07:26:56.036+0000] {logging_mixin.py:154} INFO - [2025-10-17T07:26:56.036+0000] {dagbag.py:536} INFO - Filling up the DagBag from /home/airflow/.local/lib/python3.8/site-packages/airflow/example_dags/example_time_delta_sensor_async.py
[2025-10-17T07:26:56.040+0000] {processor.py:839} INFO - DAG(s) dict_keys(['example_time_delta_sensor_async']) retrieved from /home/airflow/.local/lib/python3.8/site-packages/airflow/example_dags/example_time_delta_sensor_async.py
[2025-10-17T07:26:56.062+0000] {logging_mixin.py:154} INFO - [2025-10-17T07:26:56.062+0000] {dag.py:2941} INFO - Sync 1 DAGs
[2025-10-17T07:26:56.073+0000] {logging_mixin.py:154} INFO - [2025-10-17T07:26:56.073+0000] {dag.py:3722} INFO - Setting next_dagrun for example_time_delta_sensor_async to None, run_after=None
[2025-10-17T07:26:56.091+0000] {processor.py:179} INFO - Processing /home/airflow/.local/lib/python3.8/site-packages/airflow/example_dags/example_time_delta_sensor_async.py took 0.062 seconds
[2025-10-17T07:27:26.227+0000] {processor.py:157} INFO - Started process (PID=1420) to work on /home/airflow/.local/lib/python3.8/site-packages/airflow/example_dags/example_time_delta_sensor_async.py
[2025-10-17T07:27:26.228+0000] {processor.py:829} INFO - Processing file /home/airflow/.local/lib/python3.8/site-packages/airflow/example_dags/example_time_delta_sensor_async.py for tasks to queue
[2025-10-17T07:27:26.231+0000] {logging_mixin.py:154} INFO - [2025-10-17T07:27:26.230+0000] {dagbag.py:536} INFO - Filling up the DagBag from /home/airflow/.local/lib/python3.8/site-packages/airflow/example_dags/example_time_delta_sensor_async.py
[2025-10-17T07:27:26.235+0000] {processor.py:839} INFO - DAG(s) dict_keys(['example_time_delta_sensor_async']) retrieved from /home/airflow/.local/lib/python3.8/site-packages/airflow/example_dags/example_time_delta_sensor_async.py
[2025-10-17T07:27:26.253+0000] {logging_mixin.py:154} INFO - [2025-10-17T07:27:26.253+0000] {dag.py:2941} INFO - Sync 1 DAGs
[2025-10-17T07:27:26.265+0000] {logging_mixin.py:154} INFO - [2025-10-17T07:27:26.265+0000] {dag.py:3722} INFO - Setting next_dagrun for example_time_delta_sensor_async to None, run_after=None
[2025-10-17T07:27:26.282+0000] {processor.py:179} INFO - Processing /home/airflow/.local/lib/python3.8/site-packages/airflow/example_dags/example_time_delta_sensor_async.py took 0.059 seconds
[2025-10-17T07:27:56.443+0000] {processor.py:157} INFO - Started process (PID=1475) to work on /home/airflow/.local/lib/python3.8/site-packages/airflow/example_dags/example_time_delta_sensor_async.py
[2025-10-17T07:27:56.445+0000] {processor.py:829} INFO - Processing file /home/airflow/.local/lib/python3.8/site-packages/airflow/example_dags/example_time_delta_sensor_async.py for tasks to queue
[2025-10-17T07:27:56.446+0000] {logging_mixin.py:154} INFO - [2025-10-17T07:27:56.445+0000] {dagbag.py:536} INFO - Filling up the DagBag from /home/airflow/.local/lib/python3.8/site-packages/airflow/example_dags/example_time_delta_sensor_async.py
[2025-10-17T07:27:56.450+0000] {processor.py:839} INFO - DAG(s) dict_keys(['example_time_delta_sensor_async']) retrieved from /home/airflow/.local/lib/python3.8/site-packages/airflow/example_dags/example_time_delta_sensor_async.py
[2025-10-17T07:27:56.470+0000] {logging_mixin.py:154} INFO - [2025-10-17T07:27:56.470+0000] {dag.py:2941} INFO - Sync 1 DAGs
[2025-10-17T07:27:56.481+0000] {logging_mixin.py:154} INFO - [2025-10-17T07:27:56.481+0000] {dag.py:3722} INFO - Setting next_dagrun for example_time_delta_sensor_async to None, run_after=None
[2025-10-17T07:27:56.499+0000] {processor.py:179} INFO - Processing /home/airflow/.local/lib/python3.8/site-packages/airflow/example_dags/example_time_delta_sensor_async.py took 0.059 seconds
[2025-10-17T07:28:26.963+0000] {processor.py:157} INFO - Started process (PID=1534) to work on /home/airflow/.local/lib/python3.8/site-packages/airflow/example_dags/example_time_delta_sensor_async.py
[2025-10-17T07:28:26.964+0000] {processor.py:829} INFO - Processing file /home/airflow/.local/lib/python3.8/site-packages/airflow/example_dags/example_time_delta_sensor_async.py for tasks to queue
[2025-10-17T07:28:26.965+0000] {logging_mixin.py:154} INFO - [2025-10-17T07:28:26.964+0000] {dagbag.py:536} INFO - Filling up the DagBag from /home/airflow/.local/lib/python3.8/site-packages/airflow/example_dags/example_time_delta_sensor_async.py
[2025-10-17T07:28:26.969+0000] {processor.py:839} INFO - DAG(s) dict_keys(['example_time_delta_sensor_async']) retrieved from /home/airflow/.local/lib/python3.8/site-packages/airflow/example_dags/example_time_delta_sensor_async.py
[2025-10-17T07:28:26.988+0000] {logging_mixin.py:154} INFO - [2025-10-17T07:28:26.988+0000] {dag.py:2941} INFO - Sync 1 DAGs
[2025-10-17T07:28:27.000+0000] {logging_mixin.py:154} INFO - [2025-10-17T07:28:27.000+0000] {dag.py:3722} INFO - Setting next_dagrun for example_time_delta_sensor_async to None, run_after=None
[2025-10-17T07:28:27.016+0000] {processor.py:179} INFO - Processing /home/airflow/.local/lib/python3.8/site-packages/airflow/example_dags/example_time_delta_sensor_async.py took 0.056 seconds
[2025-10-17T07:28:57.322+0000] {processor.py:157} INFO - Started process (PID=1590) to work on /home/airflow/.local/lib/python3.8/site-packages/airflow/example_dags/example_time_delta_sensor_async.py
[2025-10-17T07:28:57.323+0000] {processor.py:829} INFO - Processing file /home/airflow/.local/lib/python3.8/site-packages/airflow/example_dags/example_time_delta_sensor_async.py for tasks to queue
[2025-10-17T07:28:57.324+0000] {logging_mixin.py:154} INFO - [2025-10-17T07:28:57.324+0000] {dagbag.py:536} INFO - Filling up the DagBag from /home/airflow/.local/lib/python3.8/site-packages/airflow/example_dags/example_time_delta_sensor_async.py
[2025-10-17T07:28:57.328+0000] {processor.py:839} INFO - DAG(s) dict_keys(['example_time_delta_sensor_async']) retrieved from /home/airflow/.local/lib/python3.8/site-packages/airflow/example_dags/example_time_delta_sensor_async.py
[2025-10-17T07:28:57.348+0000] {logging_mixin.py:154} INFO - [2025-10-17T07:28:57.348+0000] {dag.py:2941} INFO - Sync 1 DAGs
[2025-10-17T07:28:57.358+0000] {logging_mixin.py:154} INFO - [2025-10-17T07:28:57.358+0000] {dag.py:3722} INFO - Setting next_dagrun for example_time_delta_sensor_async to None, run_after=None
[2025-10-17T07:28:57.375+0000] {processor.py:179} INFO - Processing /home/airflow/.local/lib/python3.8/site-packages/airflow/example_dags/example_time_delta_sensor_async.py took 0.056 seconds
[2025-10-17T07:30:19.730+0000] {processor.py:157} INFO - Started process (PID=67) to work on /home/airflow/.local/lib/python3.8/site-packages/airflow/example_dags/example_time_delta_sensor_async.py
[2025-10-17T07:30:19.731+0000] {processor.py:829} INFO - Processing file /home/airflow/.local/lib/python3.8/site-packages/airflow/example_dags/example_time_delta_sensor_async.py for tasks to queue
[2025-10-17T07:30:19.735+0000] {logging_mixin.py:154} INFO - [2025-10-17T07:30:19.735+0000] {dagbag.py:536} INFO - Filling up the DagBag from /home/airflow/.local/lib/python3.8/site-packages/airflow/example_dags/example_time_delta_sensor_async.py
[2025-10-17T07:30:19.747+0000] {processor.py:839} INFO - DAG(s) dict_keys(['example_time_delta_sensor_async']) retrieved from /home/airflow/.local/lib/python3.8/site-packages/airflow/example_dags/example_time_delta_sensor_async.py
[2025-10-17T07:30:19.958+0000] {logging_mixin.py:154} INFO - [2025-10-17T07:30:19.957+0000] {manager.py:499} INFO - Created Permission View: %s
[2025-10-17T07:30:19.971+0000] {logging_mixin.py:154} INFO - [2025-10-17T07:30:19.971+0000] {manager.py:499} INFO - Created Permission View: %s
[2025-10-17T07:30:19.987+0000] {logging_mixin.py:154} INFO - [2025-10-17T07:30:19.987+0000] {manager.py:499} INFO - Created Permission View: %s
[2025-10-17T07:30:19.988+0000] {logging_mixin.py:154} INFO - [2025-10-17T07:30:19.988+0000] {dag.py:2941} INFO - Sync 1 DAGs
[2025-10-17T07:30:20.014+0000] {logging_mixin.py:154} INFO - [2025-10-17T07:30:20.014+0000] {dag.py:2963} INFO - Creating ORM DAG for example_time_delta_sensor_async
[2025-10-17T07:30:20.015+0000] {logging_mixin.py:154} INFO - [2025-10-17T07:30:20.015+0000] {dag.py:3722} INFO - Setting next_dagrun for example_time_delta_sensor_async to None, run_after=None
[2025-10-17T07:30:20.070+0000] {processor.py:179} INFO - Processing /home/airflow/.local/lib/python3.8/site-packages/airflow/example_dags/example_time_delta_sensor_async.py took 0.345 seconds
[2025-10-17T07:30:50.269+0000] {processor.py:157} INFO - Started process (PID=130) to work on /home/airflow/.local/lib/python3.8/site-packages/airflow/example_dags/example_time_delta_sensor_async.py
[2025-10-17T07:30:50.271+0000] {processor.py:829} INFO - Processing file /home/airflow/.local/lib/python3.8/site-packages/airflow/example_dags/example_time_delta_sensor_async.py for tasks to queue
[2025-10-17T07:30:50.274+0000] {logging_mixin.py:154} INFO - [2025-10-17T07:30:50.274+0000] {dagbag.py:536} INFO - Filling up the DagBag from /home/airflow/.local/lib/python3.8/site-packages/airflow/example_dags/example_time_delta_sensor_async.py
[2025-10-17T07:30:50.282+0000] {processor.py:839} INFO - DAG(s) dict_keys(['example_time_delta_sensor_async']) retrieved from /home/airflow/.local/lib/python3.8/site-packages/airflow/example_dags/example_time_delta_sensor_async.py
[2025-10-17T07:30:50.316+0000] {logging_mixin.py:154} INFO - [2025-10-17T07:30:50.315+0000] {dag.py:2941} INFO - Sync 1 DAGs
[2025-10-17T07:30:50.335+0000] {logging_mixin.py:154} INFO - [2025-10-17T07:30:50.335+0000] {dag.py:3722} INFO - Setting next_dagrun for example_time_delta_sensor_async to None, run_after=None
[2025-10-17T07:30:50.371+0000] {processor.py:179} INFO - Processing /home/airflow/.local/lib/python3.8/site-packages/airflow/example_dags/example_time_delta_sensor_async.py took 0.107 seconds
[2025-10-17T07:31:21.498+0000] {processor.py:157} INFO - Started process (PID=186) to work on /home/airflow/.local/lib/python3.8/site-packages/airflow/example_dags/example_time_delta_sensor_async.py
[2025-10-17T07:31:21.499+0000] {processor.py:829} INFO - Processing file /home/airflow/.local/lib/python3.8/site-packages/airflow/example_dags/example_time_delta_sensor_async.py for tasks to queue
[2025-10-17T07:31:21.502+0000] {logging_mixin.py:154} INFO - [2025-10-17T07:31:21.501+0000] {dagbag.py:536} INFO - Filling up the DagBag from /home/airflow/.local/lib/python3.8/site-packages/airflow/example_dags/example_time_delta_sensor_async.py
[2025-10-17T07:31:21.506+0000] {processor.py:839} INFO - DAG(s) dict_keys(['example_time_delta_sensor_async']) retrieved from /home/airflow/.local/lib/python3.8/site-packages/airflow/example_dags/example_time_delta_sensor_async.py
[2025-10-17T07:31:21.526+0000] {logging_mixin.py:154} INFO - [2025-10-17T07:31:21.526+0000] {dag.py:2941} INFO - Sync 1 DAGs
[2025-10-17T07:31:21.537+0000] {logging_mixin.py:154} INFO - [2025-10-17T07:31:21.537+0000] {dag.py:3722} INFO - Setting next_dagrun for example_time_delta_sensor_async to None, run_after=None
[2025-10-17T07:31:21.552+0000] {processor.py:179} INFO - Processing /home/airflow/.local/lib/python3.8/site-packages/airflow/example_dags/example_time_delta_sensor_async.py took 0.058 seconds
[2025-10-17T07:31:51.926+0000] {processor.py:157} INFO - Started process (PID=241) to work on /home/airflow/.local/lib/python3.8/site-packages/airflow/example_dags/example_time_delta_sensor_async.py
[2025-10-17T07:31:51.928+0000] {processor.py:829} INFO - Processing file /home/airflow/.local/lib/python3.8/site-packages/airflow/example_dags/example_time_delta_sensor_async.py for tasks to queue
[2025-10-17T07:31:51.930+0000] {logging_mixin.py:154} INFO - [2025-10-17T07:31:51.929+0000] {dagbag.py:536} INFO - Filling up the DagBag from /home/airflow/.local/lib/python3.8/site-packages/airflow/example_dags/example_time_delta_sensor_async.py
[2025-10-17T07:31:51.936+0000] {processor.py:839} INFO - DAG(s) dict_keys(['example_time_delta_sensor_async']) retrieved from /home/airflow/.local/lib/python3.8/site-packages/airflow/example_dags/example_time_delta_sensor_async.py
[2025-10-17T07:31:51.958+0000] {logging_mixin.py:154} INFO - [2025-10-17T07:31:51.958+0000] {dag.py:2941} INFO - Sync 1 DAGs
[2025-10-17T07:31:51.970+0000] {logging_mixin.py:154} INFO - [2025-10-17T07:31:51.970+0000] {dag.py:3722} INFO - Setting next_dagrun for example_time_delta_sensor_async to None, run_after=None
[2025-10-17T07:31:51.988+0000] {processor.py:179} INFO - Processing /home/airflow/.local/lib/python3.8/site-packages/airflow/example_dags/example_time_delta_sensor_async.py took 0.066 seconds
[2025-10-17T07:32:22.857+0000] {processor.py:157} INFO - Started process (PID=298) to work on /home/airflow/.local/lib/python3.8/site-packages/airflow/example_dags/example_time_delta_sensor_async.py
[2025-10-17T07:32:22.858+0000] {processor.py:829} INFO - Processing file /home/airflow/.local/lib/python3.8/site-packages/airflow/example_dags/example_time_delta_sensor_async.py for tasks to queue
[2025-10-17T07:32:22.860+0000] {logging_mixin.py:154} INFO - [2025-10-17T07:32:22.860+0000] {dagbag.py:536} INFO - Filling up the DagBag from /home/airflow/.local/lib/python3.8/site-packages/airflow/example_dags/example_time_delta_sensor_async.py
[2025-10-17T07:32:22.864+0000] {processor.py:839} INFO - DAG(s) dict_keys(['example_time_delta_sensor_async']) retrieved from /home/airflow/.local/lib/python3.8/site-packages/airflow/example_dags/example_time_delta_sensor_async.py
[2025-10-17T07:32:22.884+0000] {logging_mixin.py:154} INFO - [2025-10-17T07:32:22.883+0000] {dag.py:2941} INFO - Sync 1 DAGs
[2025-10-17T07:32:22.895+0000] {logging_mixin.py:154} INFO - [2025-10-17T07:32:22.895+0000] {dag.py:3722} INFO - Setting next_dagrun for example_time_delta_sensor_async to None, run_after=None
[2025-10-17T07:32:22.913+0000] {processor.py:179} INFO - Processing /home/airflow/.local/lib/python3.8/site-packages/airflow/example_dags/example_time_delta_sensor_async.py took 0.059 seconds
[2025-10-17T07:35:42.477+0000] {processor.py:157} INFO - Started process (PID=63) to work on /home/airflow/.local/lib/python3.8/site-packages/airflow/example_dags/example_time_delta_sensor_async.py
[2025-10-17T07:35:42.479+0000] {processor.py:829} INFO - Processing file /home/airflow/.local/lib/python3.8/site-packages/airflow/example_dags/example_time_delta_sensor_async.py for tasks to queue
[2025-10-17T07:35:42.485+0000] {logging_mixin.py:154} INFO - [2025-10-17T07:35:42.484+0000] {dagbag.py:536} INFO - Filling up the DagBag from /home/airflow/.local/lib/python3.8/site-packages/airflow/example_dags/example_time_delta_sensor_async.py
[2025-10-17T07:35:42.498+0000] {processor.py:839} INFO - DAG(s) dict_keys(['example_time_delta_sensor_async']) retrieved from /home/airflow/.local/lib/python3.8/site-packages/airflow/example_dags/example_time_delta_sensor_async.py
[2025-10-17T07:35:42.694+0000] {logging_mixin.py:154} INFO - [2025-10-17T07:35:42.693+0000] {manager.py:499} INFO - Created Permission View: %s
[2025-10-17T07:35:42.712+0000] {logging_mixin.py:154} INFO - [2025-10-17T07:35:42.711+0000] {manager.py:499} INFO - Created Permission View: %s
[2025-10-17T07:35:42.726+0000] {logging_mixin.py:154} INFO - [2025-10-17T07:35:42.725+0000] {manager.py:499} INFO - Created Permission View: %s
[2025-10-17T07:35:42.726+0000] {logging_mixin.py:154} INFO - [2025-10-17T07:35:42.726+0000] {dag.py:2941} INFO - Sync 1 DAGs
[2025-10-17T07:35:42.753+0000] {logging_mixin.py:154} INFO - [2025-10-17T07:35:42.753+0000] {dag.py:2963} INFO - Creating ORM DAG for example_time_delta_sensor_async
[2025-10-17T07:35:42.755+0000] {logging_mixin.py:154} INFO - [2025-10-17T07:35:42.754+0000] {dag.py:3722} INFO - Setting next_dagrun for example_time_delta_sensor_async to None, run_after=None
[2025-10-17T07:35:42.794+0000] {processor.py:179} INFO - Processing /home/airflow/.local/lib/python3.8/site-packages/airflow/example_dags/example_time_delta_sensor_async.py took 0.322 seconds
[2025-10-17T07:36:12.840+0000] {processor.py:157} INFO - Started process (PID=119) to work on /home/airflow/.local/lib/python3.8/site-packages/airflow/example_dags/example_time_delta_sensor_async.py
[2025-10-17T07:36:12.842+0000] {processor.py:829} INFO - Processing file /home/airflow/.local/lib/python3.8/site-packages/airflow/example_dags/example_time_delta_sensor_async.py for tasks to queue
[2025-10-17T07:36:12.844+0000] {logging_mixin.py:154} INFO - [2025-10-17T07:36:12.844+0000] {dagbag.py:536} INFO - Filling up the DagBag from /home/airflow/.local/lib/python3.8/site-packages/airflow/example_dags/example_time_delta_sensor_async.py
[2025-10-17T07:36:12.849+0000] {processor.py:839} INFO - DAG(s) dict_keys(['example_time_delta_sensor_async']) retrieved from /home/airflow/.local/lib/python3.8/site-packages/airflow/example_dags/example_time_delta_sensor_async.py
[2025-10-17T07:36:12.866+0000] {logging_mixin.py:154} INFO - [2025-10-17T07:36:12.866+0000] {dag.py:2941} INFO - Sync 1 DAGs
[2025-10-17T07:36:12.876+0000] {logging_mixin.py:154} INFO - [2025-10-17T07:36:12.876+0000] {dag.py:3722} INFO - Setting next_dagrun for example_time_delta_sensor_async to None, run_after=None
[2025-10-17T07:36:12.891+0000] {processor.py:179} INFO - Processing /home/airflow/.local/lib/python3.8/site-packages/airflow/example_dags/example_time_delta_sensor_async.py took 0.054 seconds
[2025-10-17T07:36:43.281+0000] {processor.py:157} INFO - Started process (PID=182) to work on /home/airflow/.local/lib/python3.8/site-packages/airflow/example_dags/example_time_delta_sensor_async.py
[2025-10-17T07:36:43.282+0000] {processor.py:829} INFO - Processing file /home/airflow/.local/lib/python3.8/site-packages/airflow/example_dags/example_time_delta_sensor_async.py for tasks to queue
[2025-10-17T07:36:43.284+0000] {logging_mixin.py:154} INFO - [2025-10-17T07:36:43.284+0000] {dagbag.py:536} INFO - Filling up the DagBag from /home/airflow/.local/lib/python3.8/site-packages/airflow/example_dags/example_time_delta_sensor_async.py
[2025-10-17T07:36:43.289+0000] {processor.py:839} INFO - DAG(s) dict_keys(['example_time_delta_sensor_async']) retrieved from /home/airflow/.local/lib/python3.8/site-packages/airflow/example_dags/example_time_delta_sensor_async.py
[2025-10-17T07:36:43.310+0000] {logging_mixin.py:154} INFO - [2025-10-17T07:36:43.310+0000] {dag.py:2941} INFO - Sync 1 DAGs
[2025-10-17T07:36:43.322+0000] {logging_mixin.py:154} INFO - [2025-10-17T07:36:43.322+0000] {dag.py:3722} INFO - Setting next_dagrun for example_time_delta_sensor_async to None, run_after=None
[2025-10-17T07:36:43.340+0000] {processor.py:179} INFO - Processing /home/airflow/.local/lib/python3.8/site-packages/airflow/example_dags/example_time_delta_sensor_async.py took 0.062 seconds
[2025-10-17T07:37:13.686+0000] {processor.py:157} INFO - Started process (PID=237) to work on /home/airflow/.local/lib/python3.8/site-packages/airflow/example_dags/example_time_delta_sensor_async.py
[2025-10-17T07:37:13.687+0000] {processor.py:829} INFO - Processing file /home/airflow/.local/lib/python3.8/site-packages/airflow/example_dags/example_time_delta_sensor_async.py for tasks to queue
[2025-10-17T07:37:13.689+0000] {logging_mixin.py:154} INFO - [2025-10-17T07:37:13.689+0000] {dagbag.py:536} INFO - Filling up the DagBag from /home/airflow/.local/lib/python3.8/site-packages/airflow/example_dags/example_time_delta_sensor_async.py
[2025-10-17T07:37:13.694+0000] {processor.py:839} INFO - DAG(s) dict_keys(['example_time_delta_sensor_async']) retrieved from /home/airflow/.local/lib/python3.8/site-packages/airflow/example_dags/example_time_delta_sensor_async.py
[2025-10-17T07:37:13.716+0000] {logging_mixin.py:154} INFO - [2025-10-17T07:37:13.716+0000] {dag.py:2941} INFO - Sync 1 DAGs
[2025-10-17T07:37:13.729+0000] {logging_mixin.py:154} INFO - [2025-10-17T07:37:13.728+0000] {dag.py:3722} INFO - Setting next_dagrun for example_time_delta_sensor_async to None, run_after=None
[2025-10-17T07:37:13.750+0000] {processor.py:179} INFO - Processing /home/airflow/.local/lib/python3.8/site-packages/airflow/example_dags/example_time_delta_sensor_async.py took 0.068 seconds
[2025-10-17T07:38:43.858+0000] {processor.py:157} INFO - Started process (PID=64) to work on /home/airflow/.local/lib/python3.8/site-packages/airflow/example_dags/example_time_delta_sensor_async.py
[2025-10-17T07:38:43.860+0000] {processor.py:829} INFO - Processing file /home/airflow/.local/lib/python3.8/site-packages/airflow/example_dags/example_time_delta_sensor_async.py for tasks to queue
[2025-10-17T07:38:43.864+0000] {logging_mixin.py:154} INFO - [2025-10-17T07:38:43.863+0000] {dagbag.py:536} INFO - Filling up the DagBag from /home/airflow/.local/lib/python3.8/site-packages/airflow/example_dags/example_time_delta_sensor_async.py
[2025-10-17T07:38:43.874+0000] {processor.py:839} INFO - DAG(s) dict_keys(['example_time_delta_sensor_async']) retrieved from /home/airflow/.local/lib/python3.8/site-packages/airflow/example_dags/example_time_delta_sensor_async.py
[2025-10-17T07:38:44.033+0000] {logging_mixin.py:154} INFO - [2025-10-17T07:38:44.032+0000] {manager.py:499} INFO - Created Permission View: %s
[2025-10-17T07:38:44.053+0000] {logging_mixin.py:154} INFO - [2025-10-17T07:38:44.052+0000] {manager.py:499} INFO - Created Permission View: %s
[2025-10-17T07:38:44.096+0000] {logging_mixin.py:154} INFO - [2025-10-17T07:38:44.096+0000] {manager.py:499} INFO - Created Permission View: %s
[2025-10-17T07:38:44.097+0000] {logging_mixin.py:154} INFO - [2025-10-17T07:38:44.097+0000] {dag.py:2941} INFO - Sync 1 DAGs
[2025-10-17T07:38:44.114+0000] {logging_mixin.py:154} INFO - [2025-10-17T07:38:44.114+0000] {dag.py:2963} INFO - Creating ORM DAG for example_time_delta_sensor_async
[2025-10-17T07:38:44.115+0000] {logging_mixin.py:154} INFO - [2025-10-17T07:38:44.115+0000] {dag.py:3722} INFO - Setting next_dagrun for example_time_delta_sensor_async to None, run_after=None
[2025-10-17T07:38:44.147+0000] {processor.py:179} INFO - Processing /home/airflow/.local/lib/python3.8/site-packages/airflow/example_dags/example_time_delta_sensor_async.py took 0.294 seconds
[2025-10-17T07:39:15.079+0000] {processor.py:157} INFO - Started process (PID=127) to work on /home/airflow/.local/lib/python3.8/site-packages/airflow/example_dags/example_time_delta_sensor_async.py
[2025-10-17T07:39:15.080+0000] {processor.py:829} INFO - Processing file /home/airflow/.local/lib/python3.8/site-packages/airflow/example_dags/example_time_delta_sensor_async.py for tasks to queue
[2025-10-17T07:39:15.083+0000] {logging_mixin.py:154} INFO - [2025-10-17T07:39:15.082+0000] {dagbag.py:536} INFO - Filling up the DagBag from /home/airflow/.local/lib/python3.8/site-packages/airflow/example_dags/example_time_delta_sensor_async.py
[2025-10-17T07:39:15.088+0000] {processor.py:839} INFO - DAG(s) dict_keys(['example_time_delta_sensor_async']) retrieved from /home/airflow/.local/lib/python3.8/site-packages/airflow/example_dags/example_time_delta_sensor_async.py
[2025-10-17T07:39:15.109+0000] {logging_mixin.py:154} INFO - [2025-10-17T07:39:15.109+0000] {dag.py:2941} INFO - Sync 1 DAGs
[2025-10-17T07:39:15.120+0000] {logging_mixin.py:154} INFO - [2025-10-17T07:39:15.119+0000] {dag.py:3722} INFO - Setting next_dagrun for example_time_delta_sensor_async to None, run_after=None
[2025-10-17T07:39:15.139+0000] {processor.py:179} INFO - Processing /home/airflow/.local/lib/python3.8/site-packages/airflow/example_dags/example_time_delta_sensor_async.py took 0.063 seconds
[2025-10-17T07:39:45.240+0000] {processor.py:157} INFO - Started process (PID=183) to work on /home/airflow/.local/lib/python3.8/site-packages/airflow/example_dags/example_time_delta_sensor_async.py
[2025-10-17T07:39:45.242+0000] {processor.py:829} INFO - Processing file /home/airflow/.local/lib/python3.8/site-packages/airflow/example_dags/example_time_delta_sensor_async.py for tasks to queue
[2025-10-17T07:39:45.244+0000] {logging_mixin.py:154} INFO - [2025-10-17T07:39:45.243+0000] {dagbag.py:536} INFO - Filling up the DagBag from /home/airflow/.local/lib/python3.8/site-packages/airflow/example_dags/example_time_delta_sensor_async.py
[2025-10-17T07:39:45.248+0000] {processor.py:839} INFO - DAG(s) dict_keys(['example_time_delta_sensor_async']) retrieved from /home/airflow/.local/lib/python3.8/site-packages/airflow/example_dags/example_time_delta_sensor_async.py
[2025-10-17T07:39:45.268+0000] {logging_mixin.py:154} INFO - [2025-10-17T07:39:45.268+0000] {dag.py:2941} INFO - Sync 1 DAGs
[2025-10-17T07:39:45.279+0000] {logging_mixin.py:154} INFO - [2025-10-17T07:39:45.278+0000] {dag.py:3722} INFO - Setting next_dagrun for example_time_delta_sensor_async to None, run_after=None
[2025-10-17T07:39:45.294+0000] {processor.py:179} INFO - Processing /home/airflow/.local/lib/python3.8/site-packages/airflow/example_dags/example_time_delta_sensor_async.py took 0.057 seconds
[2025-10-17T07:40:16.541+0000] {processor.py:157} INFO - Started process (PID=239) to work on /home/airflow/.local/lib/python3.8/site-packages/airflow/example_dags/example_time_delta_sensor_async.py
[2025-10-17T07:40:16.542+0000] {processor.py:829} INFO - Processing file /home/airflow/.local/lib/python3.8/site-packages/airflow/example_dags/example_time_delta_sensor_async.py for tasks to queue
[2025-10-17T07:40:16.544+0000] {logging_mixin.py:154} INFO - [2025-10-17T07:40:16.544+0000] {dagbag.py:536} INFO - Filling up the DagBag from /home/airflow/.local/lib/python3.8/site-packages/airflow/example_dags/example_time_delta_sensor_async.py
[2025-10-17T07:40:16.549+0000] {processor.py:839} INFO - DAG(s) dict_keys(['example_time_delta_sensor_async']) retrieved from /home/airflow/.local/lib/python3.8/site-packages/airflow/example_dags/example_time_delta_sensor_async.py
[2025-10-17T07:40:16.570+0000] {logging_mixin.py:154} INFO - [2025-10-17T07:40:16.570+0000] {dag.py:2941} INFO - Sync 1 DAGs
[2025-10-17T07:40:16.580+0000] {logging_mixin.py:154} INFO - [2025-10-17T07:40:16.580+0000] {dag.py:3722} INFO - Setting next_dagrun for example_time_delta_sensor_async to None, run_after=None
[2025-10-17T07:40:16.598+0000] {processor.py:179} INFO - Processing /home/airflow/.local/lib/python3.8/site-packages/airflow/example_dags/example_time_delta_sensor_async.py took 0.061 seconds
[2025-10-17T07:40:47.247+0000] {processor.py:157} INFO - Started process (PID=295) to work on /home/airflow/.local/lib/python3.8/site-packages/airflow/example_dags/example_time_delta_sensor_async.py
[2025-10-17T07:40:47.248+0000] {processor.py:829} INFO - Processing file /home/airflow/.local/lib/python3.8/site-packages/airflow/example_dags/example_time_delta_sensor_async.py for tasks to queue
[2025-10-17T07:40:47.250+0000] {logging_mixin.py:154} INFO - [2025-10-17T07:40:47.250+0000] {dagbag.py:536} INFO - Filling up the DagBag from /home/airflow/.local/lib/python3.8/site-packages/airflow/example_dags/example_time_delta_sensor_async.py
[2025-10-17T07:40:47.255+0000] {processor.py:839} INFO - DAG(s) dict_keys(['example_time_delta_sensor_async']) retrieved from /home/airflow/.local/lib/python3.8/site-packages/airflow/example_dags/example_time_delta_sensor_async.py
[2025-10-17T07:40:47.274+0000] {logging_mixin.py:154} INFO - [2025-10-17T07:40:47.274+0000] {dag.py:2941} INFO - Sync 1 DAGs
[2025-10-17T07:40:47.286+0000] {logging_mixin.py:154} INFO - [2025-10-17T07:40:47.286+0000] {dag.py:3722} INFO - Setting next_dagrun for example_time_delta_sensor_async to None, run_after=None
[2025-10-17T07:40:47.303+0000] {processor.py:179} INFO - Processing /home/airflow/.local/lib/python3.8/site-packages/airflow/example_dags/example_time_delta_sensor_async.py took 0.059 seconds
[2025-10-17T07:41:17.538+0000] {processor.py:157} INFO - Started process (PID=350) to work on /home/airflow/.local/lib/python3.8/site-packages/airflow/example_dags/example_time_delta_sensor_async.py
[2025-10-17T07:41:17.539+0000] {processor.py:829} INFO - Processing file /home/airflow/.local/lib/python3.8/site-packages/airflow/example_dags/example_time_delta_sensor_async.py for tasks to queue
[2025-10-17T07:41:17.542+0000] {logging_mixin.py:154} INFO - [2025-10-17T07:41:17.542+0000] {dagbag.py:536} INFO - Filling up the DagBag from /home/airflow/.local/lib/python3.8/site-packages/airflow/example_dags/example_time_delta_sensor_async.py
[2025-10-17T07:41:17.547+0000] {processor.py:839} INFO - DAG(s) dict_keys(['example_time_delta_sensor_async']) retrieved from /home/airflow/.local/lib/python3.8/site-packages/airflow/example_dags/example_time_delta_sensor_async.py
[2025-10-17T07:41:17.575+0000] {logging_mixin.py:154} INFO - [2025-10-17T07:41:17.574+0000] {dag.py:2941} INFO - Sync 1 DAGs
[2025-10-17T07:41:17.590+0000] {logging_mixin.py:154} INFO - [2025-10-17T07:41:17.589+0000] {dag.py:3722} INFO - Setting next_dagrun for example_time_delta_sensor_async to None, run_after=None
[2025-10-17T07:41:17.612+0000] {processor.py:179} INFO - Processing /home/airflow/.local/lib/python3.8/site-packages/airflow/example_dags/example_time_delta_sensor_async.py took 0.078 seconds
[2025-10-17T07:42:27.157+0000] {processor.py:157} INFO - Started process (PID=63) to work on /home/airflow/.local/lib/python3.8/site-packages/airflow/example_dags/example_time_delta_sensor_async.py
[2025-10-17T07:42:27.158+0000] {processor.py:829} INFO - Processing file /home/airflow/.local/lib/python3.8/site-packages/airflow/example_dags/example_time_delta_sensor_async.py for tasks to queue
[2025-10-17T07:42:27.161+0000] {logging_mixin.py:154} INFO - [2025-10-17T07:42:27.161+0000] {dagbag.py:536} INFO - Filling up the DagBag from /home/airflow/.local/lib/python3.8/site-packages/airflow/example_dags/example_time_delta_sensor_async.py
[2025-10-17T07:42:27.169+0000] {processor.py:839} INFO - DAG(s) dict_keys(['example_time_delta_sensor_async']) retrieved from /home/airflow/.local/lib/python3.8/site-packages/airflow/example_dags/example_time_delta_sensor_async.py
[2025-10-17T07:42:27.290+0000] {logging_mixin.py:154} INFO - [2025-10-17T07:42:27.289+0000] {manager.py:499} INFO - Created Permission View: %s
[2025-10-17T07:42:27.300+0000] {logging_mixin.py:154} INFO - [2025-10-17T07:42:27.300+0000] {manager.py:499} INFO - Created Permission View: %s
[2025-10-17T07:42:27.308+0000] {logging_mixin.py:154} INFO - [2025-10-17T07:42:27.308+0000] {manager.py:499} INFO - Created Permission View: %s
[2025-10-17T07:42:27.308+0000] {logging_mixin.py:154} INFO - [2025-10-17T07:42:27.308+0000] {dag.py:2941} INFO - Sync 1 DAGs
[2025-10-17T07:42:27.318+0000] {logging_mixin.py:154} INFO - [2025-10-17T07:42:27.318+0000] {dag.py:2963} INFO - Creating ORM DAG for example_time_delta_sensor_async
[2025-10-17T07:42:27.319+0000] {logging_mixin.py:154} INFO - [2025-10-17T07:42:27.319+0000] {dag.py:3722} INFO - Setting next_dagrun for example_time_delta_sensor_async to None, run_after=None
[2025-10-17T07:42:27.340+0000] {processor.py:179} INFO - Processing /home/airflow/.local/lib/python3.8/site-packages/airflow/example_dags/example_time_delta_sensor_async.py took 0.186 seconds
[2025-10-17T07:42:57.726+0000] {processor.py:157} INFO - Started process (PID=119) to work on /home/airflow/.local/lib/python3.8/site-packages/airflow/example_dags/example_time_delta_sensor_async.py
[2025-10-17T07:42:57.727+0000] {processor.py:829} INFO - Processing file /home/airflow/.local/lib/python3.8/site-packages/airflow/example_dags/example_time_delta_sensor_async.py for tasks to queue
[2025-10-17T07:42:57.729+0000] {logging_mixin.py:154} INFO - [2025-10-17T07:42:57.729+0000] {dagbag.py:536} INFO - Filling up the DagBag from /home/airflow/.local/lib/python3.8/site-packages/airflow/example_dags/example_time_delta_sensor_async.py
[2025-10-17T07:42:57.734+0000] {processor.py:839} INFO - DAG(s) dict_keys(['example_time_delta_sensor_async']) retrieved from /home/airflow/.local/lib/python3.8/site-packages/airflow/example_dags/example_time_delta_sensor_async.py
[2025-10-17T07:42:57.753+0000] {logging_mixin.py:154} INFO - [2025-10-17T07:42:57.753+0000] {dag.py:2941} INFO - Sync 1 DAGs
[2025-10-17T07:42:57.766+0000] {logging_mixin.py:154} INFO - [2025-10-17T07:42:57.765+0000] {dag.py:3722} INFO - Setting next_dagrun for example_time_delta_sensor_async to None, run_after=None
[2025-10-17T07:42:57.783+0000] {processor.py:179} INFO - Processing /home/airflow/.local/lib/python3.8/site-packages/airflow/example_dags/example_time_delta_sensor_async.py took 0.061 seconds
[2025-10-17T07:44:24.714+0000] {processor.py:157} INFO - Started process (PID=63) to work on /home/airflow/.local/lib/python3.8/site-packages/airflow/example_dags/example_time_delta_sensor_async.py
[2025-10-17T07:44:24.715+0000] {processor.py:829} INFO - Processing file /home/airflow/.local/lib/python3.8/site-packages/airflow/example_dags/example_time_delta_sensor_async.py for tasks to queue
[2025-10-17T07:44:24.718+0000] {logging_mixin.py:154} INFO - [2025-10-17T07:44:24.717+0000] {dagbag.py:536} INFO - Filling up the DagBag from /home/airflow/.local/lib/python3.8/site-packages/airflow/example_dags/example_time_delta_sensor_async.py
[2025-10-17T07:44:24.725+0000] {processor.py:839} INFO - DAG(s) dict_keys(['example_time_delta_sensor_async']) retrieved from /home/airflow/.local/lib/python3.8/site-packages/airflow/example_dags/example_time_delta_sensor_async.py
[2025-10-17T07:44:24.846+0000] {logging_mixin.py:154} INFO - [2025-10-17T07:44:24.846+0000] {manager.py:499} INFO - Created Permission View: %s
[2025-10-17T07:44:24.856+0000] {logging_mixin.py:154} INFO - [2025-10-17T07:44:24.855+0000] {manager.py:499} INFO - Created Permission View: %s
[2025-10-17T07:44:24.864+0000] {logging_mixin.py:154} INFO - [2025-10-17T07:44:24.863+0000] {manager.py:499} INFO - Created Permission View: %s
[2025-10-17T07:44:24.864+0000] {logging_mixin.py:154} INFO - [2025-10-17T07:44:24.864+0000] {dag.py:2941} INFO - Sync 1 DAGs
[2025-10-17T07:44:24.878+0000] {logging_mixin.py:154} INFO - [2025-10-17T07:44:24.878+0000] {dag.py:2963} INFO - Creating ORM DAG for example_time_delta_sensor_async
[2025-10-17T07:44:24.879+0000] {logging_mixin.py:154} INFO - [2025-10-17T07:44:24.879+0000] {dag.py:3722} INFO - Setting next_dagrun for example_time_delta_sensor_async to None, run_after=None
[2025-10-17T07:44:24.900+0000] {processor.py:179} INFO - Processing /home/airflow/.local/lib/python3.8/site-packages/airflow/example_dags/example_time_delta_sensor_async.py took 0.190 seconds
[2025-10-17T07:44:35.752+0000] {processor.py:157} INFO - Started process (PID=55) to work on /home/airflow/.local/lib/python3.8/site-packages/airflow/example_dags/example_time_delta_sensor_async.py
[2025-10-17T07:44:35.754+0000] {processor.py:829} INFO - Processing file /home/airflow/.local/lib/python3.8/site-packages/airflow/example_dags/example_time_delta_sensor_async.py for tasks to queue
[2025-10-17T07:44:35.756+0000] {logging_mixin.py:154} INFO - [2025-10-17T07:44:35.756+0000] {dagbag.py:536} INFO - Filling up the DagBag from /home/airflow/.local/lib/python3.8/site-packages/airflow/example_dags/example_time_delta_sensor_async.py
[2025-10-17T07:44:35.762+0000] {processor.py:839} INFO - DAG(s) dict_keys(['example_time_delta_sensor_async']) retrieved from /home/airflow/.local/lib/python3.8/site-packages/airflow/example_dags/example_time_delta_sensor_async.py
[2025-10-17T07:44:35.774+0000] {logging_mixin.py:154} INFO - [2025-10-17T07:44:35.773+0000] {dag.py:2941} INFO - Sync 1 DAGs
[2025-10-17T07:44:35.786+0000] {logging_mixin.py:154} INFO - [2025-10-17T07:44:35.786+0000] {dag.py:3722} INFO - Setting next_dagrun for example_time_delta_sensor_async to None, run_after=None
[2025-10-17T07:44:35.804+0000] {processor.py:179} INFO - Processing /home/airflow/.local/lib/python3.8/site-packages/airflow/example_dags/example_time_delta_sensor_async.py took 0.055 seconds
[2025-10-17T07:45:06.317+0000] {processor.py:157} INFO - Started process (PID=111) to work on /home/airflow/.local/lib/python3.8/site-packages/airflow/example_dags/example_time_delta_sensor_async.py
[2025-10-17T07:45:06.318+0000] {processor.py:829} INFO - Processing file /home/airflow/.local/lib/python3.8/site-packages/airflow/example_dags/example_time_delta_sensor_async.py for tasks to queue
[2025-10-17T07:45:06.320+0000] {logging_mixin.py:154} INFO - [2025-10-17T07:45:06.320+0000] {dagbag.py:536} INFO - Filling up the DagBag from /home/airflow/.local/lib/python3.8/site-packages/airflow/example_dags/example_time_delta_sensor_async.py
[2025-10-17T07:45:06.324+0000] {processor.py:839} INFO - DAG(s) dict_keys(['example_time_delta_sensor_async']) retrieved from /home/airflow/.local/lib/python3.8/site-packages/airflow/example_dags/example_time_delta_sensor_async.py
[2025-10-17T07:45:06.343+0000] {logging_mixin.py:154} INFO - [2025-10-17T07:45:06.342+0000] {dag.py:2941} INFO - Sync 1 DAGs
[2025-10-17T07:45:06.355+0000] {logging_mixin.py:154} INFO - [2025-10-17T07:45:06.354+0000] {dag.py:3722} INFO - Setting next_dagrun for example_time_delta_sensor_async to None, run_after=None
[2025-10-17T07:45:06.371+0000] {processor.py:179} INFO - Processing /home/airflow/.local/lib/python3.8/site-packages/airflow/example_dags/example_time_delta_sensor_async.py took 0.058 seconds
[2025-10-17T07:46:19.314+0000] {processor.py:157} INFO - Started process (PID=63) to work on /home/airflow/.local/lib/python3.8/site-packages/airflow/example_dags/example_time_delta_sensor_async.py
[2025-10-17T07:46:19.315+0000] {processor.py:829} INFO - Processing file /home/airflow/.local/lib/python3.8/site-packages/airflow/example_dags/example_time_delta_sensor_async.py for tasks to queue
[2025-10-17T07:46:19.318+0000] {logging_mixin.py:154} INFO - [2025-10-17T07:46:19.318+0000] {dagbag.py:536} INFO - Filling up the DagBag from /home/airflow/.local/lib/python3.8/site-packages/airflow/example_dags/example_time_delta_sensor_async.py
[2025-10-17T07:46:19.326+0000] {processor.py:839} INFO - DAG(s) dict_keys(['example_time_delta_sensor_async']) retrieved from /home/airflow/.local/lib/python3.8/site-packages/airflow/example_dags/example_time_delta_sensor_async.py
[2025-10-17T07:46:19.442+0000] {logging_mixin.py:154} INFO - [2025-10-17T07:46:19.442+0000] {manager.py:499} INFO - Created Permission View: %s
[2025-10-17T07:46:19.453+0000] {logging_mixin.py:154} INFO - [2025-10-17T07:46:19.453+0000] {manager.py:499} INFO - Created Permission View: %s
[2025-10-17T07:46:19.463+0000] {logging_mixin.py:154} INFO - [2025-10-17T07:46:19.462+0000] {manager.py:499} INFO - Created Permission View: %s
[2025-10-17T07:46:19.463+0000] {logging_mixin.py:154} INFO - [2025-10-17T07:46:19.463+0000] {dag.py:2941} INFO - Sync 1 DAGs
[2025-10-17T07:46:19.478+0000] {logging_mixin.py:154} INFO - [2025-10-17T07:46:19.478+0000] {dag.py:2963} INFO - Creating ORM DAG for example_time_delta_sensor_async
[2025-10-17T07:46:19.479+0000] {logging_mixin.py:154} INFO - [2025-10-17T07:46:19.479+0000] {dag.py:3722} INFO - Setting next_dagrun for example_time_delta_sensor_async to None, run_after=None
[2025-10-17T07:46:19.500+0000] {processor.py:179} INFO - Processing /home/airflow/.local/lib/python3.8/site-packages/airflow/example_dags/example_time_delta_sensor_async.py took 0.191 seconds
[2025-10-17T07:46:50.131+0000] {processor.py:157} INFO - Started process (PID=119) to work on /home/airflow/.local/lib/python3.8/site-packages/airflow/example_dags/example_time_delta_sensor_async.py
[2025-10-17T07:46:50.132+0000] {processor.py:829} INFO - Processing file /home/airflow/.local/lib/python3.8/site-packages/airflow/example_dags/example_time_delta_sensor_async.py for tasks to queue
[2025-10-17T07:46:50.134+0000] {logging_mixin.py:154} INFO - [2025-10-17T07:46:50.134+0000] {dagbag.py:536} INFO - Filling up the DagBag from /home/airflow/.local/lib/python3.8/site-packages/airflow/example_dags/example_time_delta_sensor_async.py
[2025-10-17T07:46:50.139+0000] {processor.py:839} INFO - DAG(s) dict_keys(['example_time_delta_sensor_async']) retrieved from /home/airflow/.local/lib/python3.8/site-packages/airflow/example_dags/example_time_delta_sensor_async.py
[2025-10-17T07:46:50.158+0000] {logging_mixin.py:154} INFO - [2025-10-17T07:46:50.158+0000] {dag.py:2941} INFO - Sync 1 DAGs
[2025-10-17T07:46:50.168+0000] {logging_mixin.py:154} INFO - [2025-10-17T07:46:50.168+0000] {dag.py:3722} INFO - Setting next_dagrun for example_time_delta_sensor_async to None, run_after=None
[2025-10-17T07:46:50.185+0000] {processor.py:179} INFO - Processing /home/airflow/.local/lib/python3.8/site-packages/airflow/example_dags/example_time_delta_sensor_async.py took 0.057 seconds
[2025-10-17T07:47:21.010+0000] {processor.py:157} INFO - Started process (PID=175) to work on /home/airflow/.local/lib/python3.8/site-packages/airflow/example_dags/example_time_delta_sensor_async.py
[2025-10-17T07:47:21.011+0000] {processor.py:829} INFO - Processing file /home/airflow/.local/lib/python3.8/site-packages/airflow/example_dags/example_time_delta_sensor_async.py for tasks to queue
[2025-10-17T07:47:21.014+0000] {logging_mixin.py:154} INFO - [2025-10-17T07:47:21.013+0000] {dagbag.py:536} INFO - Filling up the DagBag from /home/airflow/.local/lib/python3.8/site-packages/airflow/example_dags/example_time_delta_sensor_async.py
[2025-10-17T07:47:21.018+0000] {processor.py:839} INFO - DAG(s) dict_keys(['example_time_delta_sensor_async']) retrieved from /home/airflow/.local/lib/python3.8/site-packages/airflow/example_dags/example_time_delta_sensor_async.py
[2025-10-17T07:47:21.041+0000] {logging_mixin.py:154} INFO - [2025-10-17T07:47:21.041+0000] {dag.py:2941} INFO - Sync 1 DAGs
[2025-10-17T07:47:21.056+0000] {logging_mixin.py:154} INFO - [2025-10-17T07:47:21.055+0000] {dag.py:3722} INFO - Setting next_dagrun for example_time_delta_sensor_async to None, run_after=None
[2025-10-17T07:47:21.077+0000] {processor.py:179} INFO - Processing /home/airflow/.local/lib/python3.8/site-packages/airflow/example_dags/example_time_delta_sensor_async.py took 0.071 seconds
[2025-10-17T07:47:51.507+0000] {processor.py:157} INFO - Started process (PID=231) to work on /home/airflow/.local/lib/python3.8/site-packages/airflow/example_dags/example_time_delta_sensor_async.py
[2025-10-17T07:47:51.508+0000] {processor.py:829} INFO - Processing file /home/airflow/.local/lib/python3.8/site-packages/airflow/example_dags/example_time_delta_sensor_async.py for tasks to queue
[2025-10-17T07:47:51.510+0000] {logging_mixin.py:154} INFO - [2025-10-17T07:47:51.510+0000] {dagbag.py:536} INFO - Filling up the DagBag from /home/airflow/.local/lib/python3.8/site-packages/airflow/example_dags/example_time_delta_sensor_async.py
[2025-10-17T07:47:51.515+0000] {processor.py:839} INFO - DAG(s) dict_keys(['example_time_delta_sensor_async']) retrieved from /home/airflow/.local/lib/python3.8/site-packages/airflow/example_dags/example_time_delta_sensor_async.py
[2025-10-17T07:47:51.541+0000] {logging_mixin.py:154} INFO - [2025-10-17T07:47:51.540+0000] {dag.py:2941} INFO - Sync 1 DAGs
[2025-10-17T07:47:51.553+0000] {logging_mixin.py:154} INFO - [2025-10-17T07:47:51.553+0000] {dag.py:3722} INFO - Setting next_dagrun for example_time_delta_sensor_async to None, run_after=None
[2025-10-17T07:47:51.576+0000] {processor.py:179} INFO - Processing /home/airflow/.local/lib/python3.8/site-packages/airflow/example_dags/example_time_delta_sensor_async.py took 0.072 seconds
[2025-10-17T07:48:22.075+0000] {processor.py:157} INFO - Started process (PID=294) to work on /home/airflow/.local/lib/python3.8/site-packages/airflow/example_dags/example_time_delta_sensor_async.py
[2025-10-17T07:48:22.076+0000] {processor.py:829} INFO - Processing file /home/airflow/.local/lib/python3.8/site-packages/airflow/example_dags/example_time_delta_sensor_async.py for tasks to queue
[2025-10-17T07:48:22.079+0000] {logging_mixin.py:154} INFO - [2025-10-17T07:48:22.078+0000] {dagbag.py:536} INFO - Filling up the DagBag from /home/airflow/.local/lib/python3.8/site-packages/airflow/example_dags/example_time_delta_sensor_async.py
[2025-10-17T07:48:22.084+0000] {processor.py:839} INFO - DAG(s) dict_keys(['example_time_delta_sensor_async']) retrieved from /home/airflow/.local/lib/python3.8/site-packages/airflow/example_dags/example_time_delta_sensor_async.py
[2025-10-17T07:48:22.103+0000] {logging_mixin.py:154} INFO - [2025-10-17T07:48:22.103+0000] {dag.py:2941} INFO - Sync 1 DAGs
[2025-10-17T07:48:22.113+0000] {logging_mixin.py:154} INFO - [2025-10-17T07:48:22.113+0000] {dag.py:3722} INFO - Setting next_dagrun for example_time_delta_sensor_async to None, run_after=None
[2025-10-17T07:48:22.130+0000] {processor.py:179} INFO - Processing /home/airflow/.local/lib/python3.8/site-packages/airflow/example_dags/example_time_delta_sensor_async.py took 0.058 seconds
[2025-10-17T07:48:53.077+0000] {processor.py:157} INFO - Started process (PID=350) to work on /home/airflow/.local/lib/python3.8/site-packages/airflow/example_dags/example_time_delta_sensor_async.py
[2025-10-17T07:48:53.078+0000] {processor.py:829} INFO - Processing file /home/airflow/.local/lib/python3.8/site-packages/airflow/example_dags/example_time_delta_sensor_async.py for tasks to queue
[2025-10-17T07:48:53.080+0000] {logging_mixin.py:154} INFO - [2025-10-17T07:48:53.080+0000] {dagbag.py:536} INFO - Filling up the DagBag from /home/airflow/.local/lib/python3.8/site-packages/airflow/example_dags/example_time_delta_sensor_async.py
[2025-10-17T07:48:53.085+0000] {processor.py:839} INFO - DAG(s) dict_keys(['example_time_delta_sensor_async']) retrieved from /home/airflow/.local/lib/python3.8/site-packages/airflow/example_dags/example_time_delta_sensor_async.py
[2025-10-17T07:48:53.103+0000] {logging_mixin.py:154} INFO - [2025-10-17T07:48:53.102+0000] {dag.py:2941} INFO - Sync 1 DAGs
[2025-10-17T07:48:53.112+0000] {logging_mixin.py:154} INFO - [2025-10-17T07:48:53.112+0000] {dag.py:3722} INFO - Setting next_dagrun for example_time_delta_sensor_async to None, run_after=None
[2025-10-17T07:48:53.130+0000] {processor.py:179} INFO - Processing /home/airflow/.local/lib/python3.8/site-packages/airflow/example_dags/example_time_delta_sensor_async.py took 0.056 seconds
[2025-10-17T07:49:23.242+0000] {processor.py:157} INFO - Started process (PID=404) to work on /home/airflow/.local/lib/python3.8/site-packages/airflow/example_dags/example_time_delta_sensor_async.py
[2025-10-17T07:49:23.243+0000] {processor.py:829} INFO - Processing file /home/airflow/.local/lib/python3.8/site-packages/airflow/example_dags/example_time_delta_sensor_async.py for tasks to queue
[2025-10-17T07:49:23.246+0000] {logging_mixin.py:154} INFO - [2025-10-17T07:49:23.245+0000] {dagbag.py:536} INFO - Filling up the DagBag from /home/airflow/.local/lib/python3.8/site-packages/airflow/example_dags/example_time_delta_sensor_async.py
[2025-10-17T07:49:23.250+0000] {processor.py:839} INFO - DAG(s) dict_keys(['example_time_delta_sensor_async']) retrieved from /home/airflow/.local/lib/python3.8/site-packages/airflow/example_dags/example_time_delta_sensor_async.py
[2025-10-17T07:49:23.268+0000] {logging_mixin.py:154} INFO - [2025-10-17T07:49:23.268+0000] {dag.py:2941} INFO - Sync 1 DAGs
[2025-10-17T07:49:23.278+0000] {logging_mixin.py:154} INFO - [2025-10-17T07:49:23.278+0000] {dag.py:3722} INFO - Setting next_dagrun for example_time_delta_sensor_async to None, run_after=None
[2025-10-17T07:49:23.294+0000] {processor.py:179} INFO - Processing /home/airflow/.local/lib/python3.8/site-packages/airflow/example_dags/example_time_delta_sensor_async.py took 0.055 seconds
[2025-10-17T07:49:53.831+0000] {processor.py:157} INFO - Started process (PID=460) to work on /home/airflow/.local/lib/python3.8/site-packages/airflow/example_dags/example_time_delta_sensor_async.py
[2025-10-17T07:49:53.832+0000] {processor.py:829} INFO - Processing file /home/airflow/.local/lib/python3.8/site-packages/airflow/example_dags/example_time_delta_sensor_async.py for tasks to queue
[2025-10-17T07:49:53.835+0000] {logging_mixin.py:154} INFO - [2025-10-17T07:49:53.834+0000] {dagbag.py:536} INFO - Filling up the DagBag from /home/airflow/.local/lib/python3.8/site-packages/airflow/example_dags/example_time_delta_sensor_async.py
[2025-10-17T07:49:53.839+0000] {processor.py:839} INFO - DAG(s) dict_keys(['example_time_delta_sensor_async']) retrieved from /home/airflow/.local/lib/python3.8/site-packages/airflow/example_dags/example_time_delta_sensor_async.py
[2025-10-17T07:49:53.859+0000] {logging_mixin.py:154} INFO - [2025-10-17T07:49:53.859+0000] {dag.py:2941} INFO - Sync 1 DAGs
[2025-10-17T07:49:53.871+0000] {logging_mixin.py:154} INFO - [2025-10-17T07:49:53.871+0000] {dag.py:3722} INFO - Setting next_dagrun for example_time_delta_sensor_async to None, run_after=None
[2025-10-17T07:49:53.889+0000] {processor.py:179} INFO - Processing /home/airflow/.local/lib/python3.8/site-packages/airflow/example_dags/example_time_delta_sensor_async.py took 0.063 seconds
[2025-10-17T07:50:23.943+0000] {processor.py:157} INFO - Started process (PID=515) to work on /home/airflow/.local/lib/python3.8/site-packages/airflow/example_dags/example_time_delta_sensor_async.py
[2025-10-17T07:50:23.944+0000] {processor.py:829} INFO - Processing file /home/airflow/.local/lib/python3.8/site-packages/airflow/example_dags/example_time_delta_sensor_async.py for tasks to queue
[2025-10-17T07:50:23.946+0000] {logging_mixin.py:154} INFO - [2025-10-17T07:50:23.946+0000] {dagbag.py:536} INFO - Filling up the DagBag from /home/airflow/.local/lib/python3.8/site-packages/airflow/example_dags/example_time_delta_sensor_async.py
[2025-10-17T07:50:23.951+0000] {processor.py:839} INFO - DAG(s) dict_keys(['example_time_delta_sensor_async']) retrieved from /home/airflow/.local/lib/python3.8/site-packages/airflow/example_dags/example_time_delta_sensor_async.py
[2025-10-17T07:50:23.971+0000] {logging_mixin.py:154} INFO - [2025-10-17T07:50:23.971+0000] {dag.py:2941} INFO - Sync 1 DAGs
[2025-10-17T07:50:23.982+0000] {logging_mixin.py:154} INFO - [2025-10-17T07:50:23.982+0000] {dag.py:3722} INFO - Setting next_dagrun for example_time_delta_sensor_async to None, run_after=None
[2025-10-17T07:50:23.997+0000] {processor.py:179} INFO - Processing /home/airflow/.local/lib/python3.8/site-packages/airflow/example_dags/example_time_delta_sensor_async.py took 0.058 seconds
[2025-10-17T07:50:54.022+0000] {processor.py:157} INFO - Started process (PID=571) to work on /home/airflow/.local/lib/python3.8/site-packages/airflow/example_dags/example_time_delta_sensor_async.py
[2025-10-17T07:50:54.023+0000] {processor.py:829} INFO - Processing file /home/airflow/.local/lib/python3.8/site-packages/airflow/example_dags/example_time_delta_sensor_async.py for tasks to queue
[2025-10-17T07:50:54.026+0000] {logging_mixin.py:154} INFO - [2025-10-17T07:50:54.025+0000] {dagbag.py:536} INFO - Filling up the DagBag from /home/airflow/.local/lib/python3.8/site-packages/airflow/example_dags/example_time_delta_sensor_async.py
[2025-10-17T07:50:54.031+0000] {processor.py:839} INFO - DAG(s) dict_keys(['example_time_delta_sensor_async']) retrieved from /home/airflow/.local/lib/python3.8/site-packages/airflow/example_dags/example_time_delta_sensor_async.py
[2025-10-17T07:50:54.051+0000] {logging_mixin.py:154} INFO - [2025-10-17T07:50:54.051+0000] {dag.py:2941} INFO - Sync 1 DAGs
[2025-10-17T07:50:54.062+0000] {logging_mixin.py:154} INFO - [2025-10-17T07:50:54.062+0000] {dag.py:3722} INFO - Setting next_dagrun for example_time_delta_sensor_async to None, run_after=None
[2025-10-17T07:50:54.080+0000] {processor.py:179} INFO - Processing /home/airflow/.local/lib/python3.8/site-packages/airflow/example_dags/example_time_delta_sensor_async.py took 0.061 seconds
[2025-10-17T07:51:24.463+0000] {processor.py:157} INFO - Started process (PID=627) to work on /home/airflow/.local/lib/python3.8/site-packages/airflow/example_dags/example_time_delta_sensor_async.py
[2025-10-17T07:51:24.464+0000] {processor.py:829} INFO - Processing file /home/airflow/.local/lib/python3.8/site-packages/airflow/example_dags/example_time_delta_sensor_async.py for tasks to queue
[2025-10-17T07:51:24.466+0000] {logging_mixin.py:154} INFO - [2025-10-17T07:51:24.466+0000] {dagbag.py:536} INFO - Filling up the DagBag from /home/airflow/.local/lib/python3.8/site-packages/airflow/example_dags/example_time_delta_sensor_async.py
[2025-10-17T07:51:24.471+0000] {processor.py:839} INFO - DAG(s) dict_keys(['example_time_delta_sensor_async']) retrieved from /home/airflow/.local/lib/python3.8/site-packages/airflow/example_dags/example_time_delta_sensor_async.py
[2025-10-17T07:51:24.491+0000] {logging_mixin.py:154} INFO - [2025-10-17T07:51:24.491+0000] {dag.py:2941} INFO - Sync 1 DAGs
[2025-10-17T07:51:24.502+0000] {logging_mixin.py:154} INFO - [2025-10-17T07:51:24.501+0000] {dag.py:3722} INFO - Setting next_dagrun for example_time_delta_sensor_async to None, run_after=None
[2025-10-17T07:51:24.519+0000] {processor.py:179} INFO - Processing /home/airflow/.local/lib/python3.8/site-packages/airflow/example_dags/example_time_delta_sensor_async.py took 0.060 seconds
[2025-10-17T07:51:55.150+0000] {processor.py:157} INFO - Started process (PID=683) to work on /home/airflow/.local/lib/python3.8/site-packages/airflow/example_dags/example_time_delta_sensor_async.py
[2025-10-17T07:51:55.151+0000] {processor.py:829} INFO - Processing file /home/airflow/.local/lib/python3.8/site-packages/airflow/example_dags/example_time_delta_sensor_async.py for tasks to queue
[2025-10-17T07:51:55.153+0000] {logging_mixin.py:154} INFO - [2025-10-17T07:51:55.153+0000] {dagbag.py:536} INFO - Filling up the DagBag from /home/airflow/.local/lib/python3.8/site-packages/airflow/example_dags/example_time_delta_sensor_async.py
[2025-10-17T07:51:55.157+0000] {processor.py:839} INFO - DAG(s) dict_keys(['example_time_delta_sensor_async']) retrieved from /home/airflow/.local/lib/python3.8/site-packages/airflow/example_dags/example_time_delta_sensor_async.py
[2025-10-17T07:51:55.177+0000] {logging_mixin.py:154} INFO - [2025-10-17T07:51:55.177+0000] {dag.py:2941} INFO - Sync 1 DAGs
[2025-10-17T07:51:55.187+0000] {logging_mixin.py:154} INFO - [2025-10-17T07:51:55.187+0000] {dag.py:3722} INFO - Setting next_dagrun for example_time_delta_sensor_async to None, run_after=None
[2025-10-17T07:51:55.204+0000] {processor.py:179} INFO - Processing /home/airflow/.local/lib/python3.8/site-packages/airflow/example_dags/example_time_delta_sensor_async.py took 0.057 seconds
[2025-10-17T08:08:51.660+0000] {processor.py:157} INFO - Started process (PID=63) to work on /home/airflow/.local/lib/python3.8/site-packages/airflow/example_dags/example_time_delta_sensor_async.py
[2025-10-17T08:08:51.662+0000] {processor.py:829} INFO - Processing file /home/airflow/.local/lib/python3.8/site-packages/airflow/example_dags/example_time_delta_sensor_async.py for tasks to queue
[2025-10-17T08:08:51.665+0000] {logging_mixin.py:154} INFO - [2025-10-17T08:08:51.665+0000] {dagbag.py:536} INFO - Filling up the DagBag from /home/airflow/.local/lib/python3.8/site-packages/airflow/example_dags/example_time_delta_sensor_async.py
[2025-10-17T08:08:51.676+0000] {processor.py:839} INFO - DAG(s) dict_keys(['example_time_delta_sensor_async']) retrieved from /home/airflow/.local/lib/python3.8/site-packages/airflow/example_dags/example_time_delta_sensor_async.py
[2025-10-17T08:08:51.851+0000] {logging_mixin.py:154} INFO - [2025-10-17T08:08:51.851+0000] {manager.py:499} INFO - Created Permission View: %s
[2025-10-17T08:08:51.867+0000] {logging_mixin.py:154} INFO - [2025-10-17T08:08:51.866+0000] {manager.py:499} INFO - Created Permission View: %s
[2025-10-17T08:08:51.880+0000] {logging_mixin.py:154} INFO - [2025-10-17T08:08:51.879+0000] {manager.py:499} INFO - Created Permission View: %s
[2025-10-17T08:08:51.880+0000] {logging_mixin.py:154} INFO - [2025-10-17T08:08:51.880+0000] {dag.py:2941} INFO - Sync 1 DAGs
[2025-10-17T08:08:51.901+0000] {logging_mixin.py:154} INFO - [2025-10-17T08:08:51.901+0000] {dag.py:2963} INFO - Creating ORM DAG for example_time_delta_sensor_async
[2025-10-17T08:08:51.902+0000] {logging_mixin.py:154} INFO - [2025-10-17T08:08:51.902+0000] {dag.py:3722} INFO - Setting next_dagrun for example_time_delta_sensor_async to None, run_after=None
[2025-10-17T08:08:51.933+0000] {processor.py:179} INFO - Processing /home/airflow/.local/lib/python3.8/site-packages/airflow/example_dags/example_time_delta_sensor_async.py took 0.278 seconds
[2025-10-17T08:09:22.177+0000] {processor.py:157} INFO - Started process (PID=120) to work on /home/airflow/.local/lib/python3.8/site-packages/airflow/example_dags/example_time_delta_sensor_async.py
[2025-10-17T08:09:22.179+0000] {processor.py:829} INFO - Processing file /home/airflow/.local/lib/python3.8/site-packages/airflow/example_dags/example_time_delta_sensor_async.py for tasks to queue
[2025-10-17T08:09:22.181+0000] {logging_mixin.py:154} INFO - [2025-10-17T08:09:22.181+0000] {dagbag.py:536} INFO - Filling up the DagBag from /home/airflow/.local/lib/python3.8/site-packages/airflow/example_dags/example_time_delta_sensor_async.py
[2025-10-17T08:09:22.186+0000] {processor.py:839} INFO - DAG(s) dict_keys(['example_time_delta_sensor_async']) retrieved from /home/airflow/.local/lib/python3.8/site-packages/airflow/example_dags/example_time_delta_sensor_async.py
[2025-10-17T08:09:22.212+0000] {logging_mixin.py:154} INFO - [2025-10-17T08:09:22.212+0000] {dag.py:2941} INFO - Sync 1 DAGs
[2025-10-17T08:09:22.225+0000] {logging_mixin.py:154} INFO - [2025-10-17T08:09:22.225+0000] {dag.py:3722} INFO - Setting next_dagrun for example_time_delta_sensor_async to None, run_after=None
[2025-10-17T08:09:22.244+0000] {processor.py:179} INFO - Processing /home/airflow/.local/lib/python3.8/site-packages/airflow/example_dags/example_time_delta_sensor_async.py took 0.070 seconds
[2025-10-17T08:09:53.012+0000] {processor.py:157} INFO - Started process (PID=183) to work on /home/airflow/.local/lib/python3.8/site-packages/airflow/example_dags/example_time_delta_sensor_async.py
[2025-10-17T08:09:53.013+0000] {processor.py:829} INFO - Processing file /home/airflow/.local/lib/python3.8/site-packages/airflow/example_dags/example_time_delta_sensor_async.py for tasks to queue
[2025-10-17T08:09:53.017+0000] {logging_mixin.py:154} INFO - [2025-10-17T08:09:53.016+0000] {dagbag.py:536} INFO - Filling up the DagBag from /home/airflow/.local/lib/python3.8/site-packages/airflow/example_dags/example_time_delta_sensor_async.py
[2025-10-17T08:09:53.024+0000] {processor.py:839} INFO - DAG(s) dict_keys(['example_time_delta_sensor_async']) retrieved from /home/airflow/.local/lib/python3.8/site-packages/airflow/example_dags/example_time_delta_sensor_async.py
[2025-10-17T08:09:53.053+0000] {logging_mixin.py:154} INFO - [2025-10-17T08:09:53.053+0000] {dag.py:2941} INFO - Sync 1 DAGs
[2025-10-17T08:09:53.070+0000] {logging_mixin.py:154} INFO - [2025-10-17T08:09:53.070+0000] {dag.py:3722} INFO - Setting next_dagrun for example_time_delta_sensor_async to None, run_after=None
[2025-10-17T08:09:53.098+0000] {processor.py:179} INFO - Processing /home/airflow/.local/lib/python3.8/site-packages/airflow/example_dags/example_time_delta_sensor_async.py took 0.090 seconds
[2025-10-17T08:10:24.179+0000] {processor.py:157} INFO - Started process (PID=239) to work on /home/airflow/.local/lib/python3.8/site-packages/airflow/example_dags/example_time_delta_sensor_async.py
[2025-10-17T08:10:24.180+0000] {processor.py:829} INFO - Processing file /home/airflow/.local/lib/python3.8/site-packages/airflow/example_dags/example_time_delta_sensor_async.py for tasks to queue
[2025-10-17T08:10:24.183+0000] {logging_mixin.py:154} INFO - [2025-10-17T08:10:24.183+0000] {dagbag.py:536} INFO - Filling up the DagBag from /home/airflow/.local/lib/python3.8/site-packages/airflow/example_dags/example_time_delta_sensor_async.py
[2025-10-17T08:10:24.187+0000] {processor.py:839} INFO - DAG(s) dict_keys(['example_time_delta_sensor_async']) retrieved from /home/airflow/.local/lib/python3.8/site-packages/airflow/example_dags/example_time_delta_sensor_async.py
[2025-10-17T08:10:24.212+0000] {logging_mixin.py:154} INFO - [2025-10-17T08:10:24.212+0000] {dag.py:2941} INFO - Sync 1 DAGs
[2025-10-17T08:10:24.224+0000] {logging_mixin.py:154} INFO - [2025-10-17T08:10:24.224+0000] {dag.py:3722} INFO - Setting next_dagrun for example_time_delta_sensor_async to None, run_after=None
[2025-10-17T08:10:24.242+0000] {processor.py:179} INFO - Processing /home/airflow/.local/lib/python3.8/site-packages/airflow/example_dags/example_time_delta_sensor_async.py took 0.066 seconds
[2025-10-17T08:10:55.005+0000] {processor.py:157} INFO - Started process (PID=295) to work on /home/airflow/.local/lib/python3.8/site-packages/airflow/example_dags/example_time_delta_sensor_async.py
[2025-10-17T08:10:55.007+0000] {processor.py:829} INFO - Processing file /home/airflow/.local/lib/python3.8/site-packages/airflow/example_dags/example_time_delta_sensor_async.py for tasks to queue
[2025-10-17T08:10:55.009+0000] {logging_mixin.py:154} INFO - [2025-10-17T08:10:55.009+0000] {dagbag.py:536} INFO - Filling up the DagBag from /home/airflow/.local/lib/python3.8/site-packages/airflow/example_dags/example_time_delta_sensor_async.py
[2025-10-17T08:10:55.015+0000] {processor.py:839} INFO - DAG(s) dict_keys(['example_time_delta_sensor_async']) retrieved from /home/airflow/.local/lib/python3.8/site-packages/airflow/example_dags/example_time_delta_sensor_async.py
[2025-10-17T08:10:55.036+0000] {logging_mixin.py:154} INFO - [2025-10-17T08:10:55.036+0000] {dag.py:2941} INFO - Sync 1 DAGs
[2025-10-17T08:10:55.047+0000] {logging_mixin.py:154} INFO - [2025-10-17T08:10:55.047+0000] {dag.py:3722} INFO - Setting next_dagrun for example_time_delta_sensor_async to None, run_after=None
[2025-10-17T08:10:55.066+0000] {processor.py:179} INFO - Processing /home/airflow/.local/lib/python3.8/site-packages/airflow/example_dags/example_time_delta_sensor_async.py took 0.064 seconds
[2025-10-17T08:11:25.823+0000] {processor.py:157} INFO - Started process (PID=350) to work on /home/airflow/.local/lib/python3.8/site-packages/airflow/example_dags/example_time_delta_sensor_async.py
[2025-10-17T08:11:25.824+0000] {processor.py:829} INFO - Processing file /home/airflow/.local/lib/python3.8/site-packages/airflow/example_dags/example_time_delta_sensor_async.py for tasks to queue
[2025-10-17T08:11:25.827+0000] {logging_mixin.py:154} INFO - [2025-10-17T08:11:25.827+0000] {dagbag.py:536} INFO - Filling up the DagBag from /home/airflow/.local/lib/python3.8/site-packages/airflow/example_dags/example_time_delta_sensor_async.py
[2025-10-17T08:11:25.834+0000] {processor.py:839} INFO - DAG(s) dict_keys(['example_time_delta_sensor_async']) retrieved from /home/airflow/.local/lib/python3.8/site-packages/airflow/example_dags/example_time_delta_sensor_async.py
[2025-10-17T08:11:25.859+0000] {logging_mixin.py:154} INFO - [2025-10-17T08:11:25.858+0000] {dag.py:2941} INFO - Sync 1 DAGs
[2025-10-17T08:11:25.872+0000] {logging_mixin.py:154} INFO - [2025-10-17T08:11:25.872+0000] {dag.py:3722} INFO - Setting next_dagrun for example_time_delta_sensor_async to None, run_after=None
[2025-10-17T08:11:25.896+0000] {processor.py:179} INFO - Processing /home/airflow/.local/lib/python3.8/site-packages/airflow/example_dags/example_time_delta_sensor_async.py took 0.078 seconds
[2025-10-17T08:12:34.092+0000] {processor.py:157} INFO - Started process (PID=72) to work on /home/airflow/.local/lib/python3.8/site-packages/airflow/example_dags/example_time_delta_sensor_async.py
[2025-10-17T08:12:34.095+0000] {processor.py:829} INFO - Processing file /home/airflow/.local/lib/python3.8/site-packages/airflow/example_dags/example_time_delta_sensor_async.py for tasks to queue
[2025-10-17T08:12:34.100+0000] {logging_mixin.py:154} INFO - [2025-10-17T08:12:34.099+0000] {dagbag.py:536} INFO - Filling up the DagBag from /home/airflow/.local/lib/python3.8/site-packages/airflow/example_dags/example_time_delta_sensor_async.py
[2025-10-17T08:12:34.115+0000] {processor.py:839} INFO - DAG(s) dict_keys(['example_time_delta_sensor_async']) retrieved from /home/airflow/.local/lib/python3.8/site-packages/airflow/example_dags/example_time_delta_sensor_async.py
[2025-10-17T08:12:34.308+0000] {logging_mixin.py:154} INFO - [2025-10-17T08:12:34.307+0000] {manager.py:499} INFO - Created Permission View: %s
[2025-10-17T08:12:34.326+0000] {logging_mixin.py:154} INFO - [2025-10-17T08:12:34.325+0000] {manager.py:499} INFO - Created Permission View: %s
[2025-10-17T08:12:34.341+0000] {logging_mixin.py:154} INFO - [2025-10-17T08:12:34.340+0000] {manager.py:499} INFO - Created Permission View: %s
[2025-10-17T08:12:34.341+0000] {logging_mixin.py:154} INFO - [2025-10-17T08:12:34.341+0000] {dag.py:2941} INFO - Sync 1 DAGs
[2025-10-17T08:12:34.359+0000] {logging_mixin.py:154} INFO - [2025-10-17T08:12:34.359+0000] {dag.py:2963} INFO - Creating ORM DAG for example_time_delta_sensor_async
[2025-10-17T08:12:34.360+0000] {logging_mixin.py:154} INFO - [2025-10-17T08:12:34.360+0000] {dag.py:3722} INFO - Setting next_dagrun for example_time_delta_sensor_async to None, run_after=None
[2025-10-17T08:12:34.396+0000] {processor.py:179} INFO - Processing /home/airflow/.local/lib/python3.8/site-packages/airflow/example_dags/example_time_delta_sensor_async.py took 0.309 seconds
[2025-10-17T08:13:04.424+0000] {processor.py:157} INFO - Started process (PID=128) to work on /home/airflow/.local/lib/python3.8/site-packages/airflow/example_dags/example_time_delta_sensor_async.py
[2025-10-17T08:13:04.425+0000] {processor.py:829} INFO - Processing file /home/airflow/.local/lib/python3.8/site-packages/airflow/example_dags/example_time_delta_sensor_async.py for tasks to queue
[2025-10-17T08:13:04.427+0000] {logging_mixin.py:154} INFO - [2025-10-17T08:13:04.427+0000] {dagbag.py:536} INFO - Filling up the DagBag from /home/airflow/.local/lib/python3.8/site-packages/airflow/example_dags/example_time_delta_sensor_async.py
[2025-10-17T08:13:04.431+0000] {processor.py:839} INFO - DAG(s) dict_keys(['example_time_delta_sensor_async']) retrieved from /home/airflow/.local/lib/python3.8/site-packages/airflow/example_dags/example_time_delta_sensor_async.py
[2025-10-17T08:13:04.451+0000] {logging_mixin.py:154} INFO - [2025-10-17T08:13:04.451+0000] {dag.py:2941} INFO - Sync 1 DAGs
[2025-10-17T08:13:04.463+0000] {logging_mixin.py:154} INFO - [2025-10-17T08:13:04.463+0000] {dag.py:3722} INFO - Setting next_dagrun for example_time_delta_sensor_async to None, run_after=None
[2025-10-17T08:13:04.481+0000] {processor.py:179} INFO - Processing /home/airflow/.local/lib/python3.8/site-packages/airflow/example_dags/example_time_delta_sensor_async.py took 0.061 seconds
[2025-10-17T08:13:35.003+0000] {processor.py:157} INFO - Started process (PID=184) to work on /home/airflow/.local/lib/python3.8/site-packages/airflow/example_dags/example_time_delta_sensor_async.py
[2025-10-17T08:13:35.004+0000] {processor.py:829} INFO - Processing file /home/airflow/.local/lib/python3.8/site-packages/airflow/example_dags/example_time_delta_sensor_async.py for tasks to queue
[2025-10-17T08:13:35.006+0000] {logging_mixin.py:154} INFO - [2025-10-17T08:13:35.006+0000] {dagbag.py:536} INFO - Filling up the DagBag from /home/airflow/.local/lib/python3.8/site-packages/airflow/example_dags/example_time_delta_sensor_async.py
[2025-10-17T08:13:35.011+0000] {processor.py:839} INFO - DAG(s) dict_keys(['example_time_delta_sensor_async']) retrieved from /home/airflow/.local/lib/python3.8/site-packages/airflow/example_dags/example_time_delta_sensor_async.py
[2025-10-17T08:13:35.030+0000] {logging_mixin.py:154} INFO - [2025-10-17T08:13:35.030+0000] {dag.py:2941} INFO - Sync 1 DAGs
[2025-10-17T08:13:35.041+0000] {logging_mixin.py:154} INFO - [2025-10-17T08:13:35.041+0000] {dag.py:3722} INFO - Setting next_dagrun for example_time_delta_sensor_async to None, run_after=None
[2025-10-17T08:13:35.060+0000] {processor.py:179} INFO - Processing /home/airflow/.local/lib/python3.8/site-packages/airflow/example_dags/example_time_delta_sensor_async.py took 0.060 seconds
