[2025-10-17T07:19:49.087+0000] {processor.py:157} INFO - Started process (PID=592) to work on /home/airflow/.local/lib/python3.8/site-packages/airflow/example_dags/example_latest_only.py
[2025-10-17T07:19:49.088+0000] {processor.py:829} INFO - Processing file /home/airflow/.local/lib/python3.8/site-packages/airflow/example_dags/example_latest_only.py for tasks to queue
[2025-10-17T07:19:49.094+0000] {logging_mixin.py:154} INFO - [2025-10-17T07:19:49.093+0000] {dagbag.py:536} INFO - Filling up the DagBag from /home/airflow/.local/lib/python3.8/site-packages/airflow/example_dags/example_latest_only.py
[2025-10-17T07:19:49.106+0000] {processor.py:839} INFO - DAG(s) dict_keys(['latest_only']) retrieved from /home/airflow/.local/lib/python3.8/site-packages/airflow/example_dags/example_latest_only.py
[2025-10-17T07:19:49.156+0000] {logging_mixin.py:154} INFO - [2025-10-17T07:19:49.155+0000] {dag.py:2941} INFO - Sync 1 DAGs
[2025-10-17T07:19:49.206+0000] {logging_mixin.py:154} INFO - [2025-10-17T07:19:49.206+0000] {dag.py:3722} INFO - Setting next_dagrun for latest_only to 2025-10-17T03:19:49.206013+00:00, run_after=2025-10-17T07:19:49.206013+00:00
[2025-10-17T07:19:49.245+0000] {processor.py:179} INFO - Processing /home/airflow/.local/lib/python3.8/site-packages/airflow/example_dags/example_latest_only.py took 0.174 seconds
[2025-10-17T07:20:19.532+0000] {processor.py:157} INFO - Started process (PID=648) to work on /home/airflow/.local/lib/python3.8/site-packages/airflow/example_dags/example_latest_only.py
[2025-10-17T07:20:19.533+0000] {processor.py:829} INFO - Processing file /home/airflow/.local/lib/python3.8/site-packages/airflow/example_dags/example_latest_only.py for tasks to queue
[2025-10-17T07:20:19.535+0000] {logging_mixin.py:154} INFO - [2025-10-17T07:20:19.535+0000] {dagbag.py:536} INFO - Filling up the DagBag from /home/airflow/.local/lib/python3.8/site-packages/airflow/example_dags/example_latest_only.py
[2025-10-17T07:20:19.540+0000] {processor.py:839} INFO - DAG(s) dict_keys(['latest_only']) retrieved from /home/airflow/.local/lib/python3.8/site-packages/airflow/example_dags/example_latest_only.py
[2025-10-17T07:20:19.563+0000] {logging_mixin.py:154} INFO - [2025-10-17T07:20:19.563+0000] {dag.py:2941} INFO - Sync 1 DAGs
[2025-10-17T07:20:19.588+0000] {logging_mixin.py:154} INFO - [2025-10-17T07:20:19.588+0000] {dag.py:3722} INFO - Setting next_dagrun for latest_only to 2025-10-17T03:20:19.587763+00:00, run_after=2025-10-17T07:20:19.587763+00:00
[2025-10-17T07:20:19.608+0000] {processor.py:179} INFO - Processing /home/airflow/.local/lib/python3.8/site-packages/airflow/example_dags/example_latest_only.py took 0.079 seconds
[2025-10-17T07:20:50.429+0000] {processor.py:157} INFO - Started process (PID=704) to work on /home/airflow/.local/lib/python3.8/site-packages/airflow/example_dags/example_latest_only.py
[2025-10-17T07:20:50.432+0000] {processor.py:829} INFO - Processing file /home/airflow/.local/lib/python3.8/site-packages/airflow/example_dags/example_latest_only.py for tasks to queue
[2025-10-17T07:20:50.435+0000] {logging_mixin.py:154} INFO - [2025-10-17T07:20:50.434+0000] {dagbag.py:536} INFO - Filling up the DagBag from /home/airflow/.local/lib/python3.8/site-packages/airflow/example_dags/example_latest_only.py
[2025-10-17T07:20:50.448+0000] {processor.py:839} INFO - DAG(s) dict_keys(['latest_only']) retrieved from /home/airflow/.local/lib/python3.8/site-packages/airflow/example_dags/example_latest_only.py
[2025-10-17T07:20:50.497+0000] {logging_mixin.py:154} INFO - [2025-10-17T07:20:50.496+0000] {dag.py:2941} INFO - Sync 1 DAGs
[2025-10-17T07:20:50.543+0000] {logging_mixin.py:154} INFO - [2025-10-17T07:20:50.542+0000] {dag.py:3722} INFO - Setting next_dagrun for latest_only to 2025-10-17T03:20:50.542109+00:00, run_after=2025-10-17T07:20:50.542109+00:00
[2025-10-17T07:20:50.583+0000] {processor.py:179} INFO - Processing /home/airflow/.local/lib/python3.8/site-packages/airflow/example_dags/example_latest_only.py took 0.160 seconds
[2025-10-17T07:21:20.809+0000] {processor.py:157} INFO - Started process (PID=760) to work on /home/airflow/.local/lib/python3.8/site-packages/airflow/example_dags/example_latest_only.py
[2025-10-17T07:21:20.811+0000] {processor.py:829} INFO - Processing file /home/airflow/.local/lib/python3.8/site-packages/airflow/example_dags/example_latest_only.py for tasks to queue
[2025-10-17T07:21:20.813+0000] {logging_mixin.py:154} INFO - [2025-10-17T07:21:20.813+0000] {dagbag.py:536} INFO - Filling up the DagBag from /home/airflow/.local/lib/python3.8/site-packages/airflow/example_dags/example_latest_only.py
[2025-10-17T07:21:20.818+0000] {processor.py:839} INFO - DAG(s) dict_keys(['latest_only']) retrieved from /home/airflow/.local/lib/python3.8/site-packages/airflow/example_dags/example_latest_only.py
[2025-10-17T07:21:20.836+0000] {logging_mixin.py:154} INFO - [2025-10-17T07:21:20.836+0000] {dag.py:2941} INFO - Sync 1 DAGs
[2025-10-17T07:21:20.854+0000] {logging_mixin.py:154} INFO - [2025-10-17T07:21:20.854+0000] {dag.py:3722} INFO - Setting next_dagrun for latest_only to 2025-10-17T03:21:20.854138+00:00, run_after=2025-10-17T07:21:20.854138+00:00
[2025-10-17T07:21:20.872+0000] {processor.py:179} INFO - Processing /home/airflow/.local/lib/python3.8/site-packages/airflow/example_dags/example_latest_only.py took 0.065 seconds
[2025-10-17T07:21:51.517+0000] {processor.py:157} INFO - Started process (PID=816) to work on /home/airflow/.local/lib/python3.8/site-packages/airflow/example_dags/example_latest_only.py
[2025-10-17T07:21:51.519+0000] {processor.py:829} INFO - Processing file /home/airflow/.local/lib/python3.8/site-packages/airflow/example_dags/example_latest_only.py for tasks to queue
[2025-10-17T07:21:51.522+0000] {logging_mixin.py:154} INFO - [2025-10-17T07:21:51.522+0000] {dagbag.py:536} INFO - Filling up the DagBag from /home/airflow/.local/lib/python3.8/site-packages/airflow/example_dags/example_latest_only.py
[2025-10-17T07:21:51.532+0000] {processor.py:839} INFO - DAG(s) dict_keys(['latest_only']) retrieved from /home/airflow/.local/lib/python3.8/site-packages/airflow/example_dags/example_latest_only.py
[2025-10-17T07:21:51.572+0000] {logging_mixin.py:154} INFO - [2025-10-17T07:21:51.572+0000] {dag.py:2941} INFO - Sync 1 DAGs
[2025-10-17T07:21:51.603+0000] {logging_mixin.py:154} INFO - [2025-10-17T07:21:51.603+0000] {dag.py:3722} INFO - Setting next_dagrun for latest_only to 2025-10-17T03:21:51.603092+00:00, run_after=2025-10-17T07:21:51.603092+00:00
[2025-10-17T07:21:51.644+0000] {processor.py:179} INFO - Processing /home/airflow/.local/lib/python3.8/site-packages/airflow/example_dags/example_latest_only.py took 0.133 seconds
[2025-10-17T07:22:22.268+0000] {processor.py:157} INFO - Started process (PID=872) to work on /home/airflow/.local/lib/python3.8/site-packages/airflow/example_dags/example_latest_only.py
[2025-10-17T07:22:22.284+0000] {processor.py:829} INFO - Processing file /home/airflow/.local/lib/python3.8/site-packages/airflow/example_dags/example_latest_only.py for tasks to queue
[2025-10-17T07:22:22.286+0000] {logging_mixin.py:154} INFO - [2025-10-17T07:22:22.286+0000] {dagbag.py:536} INFO - Filling up the DagBag from /home/airflow/.local/lib/python3.8/site-packages/airflow/example_dags/example_latest_only.py
[2025-10-17T07:22:22.291+0000] {processor.py:839} INFO - DAG(s) dict_keys(['latest_only']) retrieved from /home/airflow/.local/lib/python3.8/site-packages/airflow/example_dags/example_latest_only.py
[2025-10-17T07:22:22.311+0000] {logging_mixin.py:154} INFO - [2025-10-17T07:22:22.311+0000] {dag.py:2941} INFO - Sync 1 DAGs
[2025-10-17T07:22:22.330+0000] {logging_mixin.py:154} INFO - [2025-10-17T07:22:22.330+0000] {dag.py:3722} INFO - Setting next_dagrun for latest_only to 2025-10-17T03:22:22.330175+00:00, run_after=2025-10-17T07:22:22.330175+00:00
[2025-10-17T07:22:22.362+0000] {processor.py:179} INFO - Processing /home/airflow/.local/lib/python3.8/site-packages/airflow/example_dags/example_latest_only.py took 0.098 seconds
[2025-10-17T07:22:52.994+0000] {processor.py:157} INFO - Started process (PID=928) to work on /home/airflow/.local/lib/python3.8/site-packages/airflow/example_dags/example_latest_only.py
[2025-10-17T07:22:52.995+0000] {processor.py:829} INFO - Processing file /home/airflow/.local/lib/python3.8/site-packages/airflow/example_dags/example_latest_only.py for tasks to queue
[2025-10-17T07:22:52.998+0000] {logging_mixin.py:154} INFO - [2025-10-17T07:22:52.997+0000] {dagbag.py:536} INFO - Filling up the DagBag from /home/airflow/.local/lib/python3.8/site-packages/airflow/example_dags/example_latest_only.py
[2025-10-17T07:22:53.004+0000] {processor.py:839} INFO - DAG(s) dict_keys(['latest_only']) retrieved from /home/airflow/.local/lib/python3.8/site-packages/airflow/example_dags/example_latest_only.py
[2025-10-17T07:22:53.027+0000] {logging_mixin.py:154} INFO - [2025-10-17T07:22:53.026+0000] {dag.py:2941} INFO - Sync 1 DAGs
[2025-10-17T07:22:53.048+0000] {logging_mixin.py:154} INFO - [2025-10-17T07:22:53.048+0000] {dag.py:3722} INFO - Setting next_dagrun for latest_only to 2025-10-17T03:22:53.048431+00:00, run_after=2025-10-17T07:22:53.048431+00:00
[2025-10-17T07:22:53.069+0000] {processor.py:179} INFO - Processing /home/airflow/.local/lib/python3.8/site-packages/airflow/example_dags/example_latest_only.py took 0.078 seconds
[2025-10-17T07:23:23.383+0000] {processor.py:157} INFO - Started process (PID=984) to work on /home/airflow/.local/lib/python3.8/site-packages/airflow/example_dags/example_latest_only.py
[2025-10-17T07:23:23.385+0000] {processor.py:829} INFO - Processing file /home/airflow/.local/lib/python3.8/site-packages/airflow/example_dags/example_latest_only.py for tasks to queue
[2025-10-17T07:23:23.387+0000] {logging_mixin.py:154} INFO - [2025-10-17T07:23:23.387+0000] {dagbag.py:536} INFO - Filling up the DagBag from /home/airflow/.local/lib/python3.8/site-packages/airflow/example_dags/example_latest_only.py
[2025-10-17T07:23:23.392+0000] {processor.py:839} INFO - DAG(s) dict_keys(['latest_only']) retrieved from /home/airflow/.local/lib/python3.8/site-packages/airflow/example_dags/example_latest_only.py
[2025-10-17T07:23:23.413+0000] {logging_mixin.py:154} INFO - [2025-10-17T07:23:23.413+0000] {dag.py:2941} INFO - Sync 1 DAGs
[2025-10-17T07:23:23.568+0000] {logging_mixin.py:154} INFO - [2025-10-17T07:23:23.567+0000] {dag.py:3722} INFO - Setting next_dagrun for latest_only to 2025-10-17T03:23:23.567660+00:00, run_after=2025-10-17T07:23:23.567660+00:00
[2025-10-17T07:23:23.583+0000] {processor.py:179} INFO - Processing /home/airflow/.local/lib/python3.8/site-packages/airflow/example_dags/example_latest_only.py took 0.203 seconds
[2025-10-17T07:23:54.518+0000] {processor.py:157} INFO - Started process (PID=1047) to work on /home/airflow/.local/lib/python3.8/site-packages/airflow/example_dags/example_latest_only.py
[2025-10-17T07:23:54.519+0000] {processor.py:829} INFO - Processing file /home/airflow/.local/lib/python3.8/site-packages/airflow/example_dags/example_latest_only.py for tasks to queue
[2025-10-17T07:23:54.522+0000] {logging_mixin.py:154} INFO - [2025-10-17T07:23:54.522+0000] {dagbag.py:536} INFO - Filling up the DagBag from /home/airflow/.local/lib/python3.8/site-packages/airflow/example_dags/example_latest_only.py
[2025-10-17T07:23:54.529+0000] {processor.py:839} INFO - DAG(s) dict_keys(['latest_only']) retrieved from /home/airflow/.local/lib/python3.8/site-packages/airflow/example_dags/example_latest_only.py
[2025-10-17T07:23:54.554+0000] {logging_mixin.py:154} INFO - [2025-10-17T07:23:54.554+0000] {dag.py:2941} INFO - Sync 1 DAGs
[2025-10-17T07:23:54.574+0000] {logging_mixin.py:154} INFO - [2025-10-17T07:23:54.574+0000] {dag.py:3722} INFO - Setting next_dagrun for latest_only to 2025-10-17T03:23:54.574530+00:00, run_after=2025-10-17T07:23:54.574530+00:00
[2025-10-17T07:23:54.743+0000] {processor.py:179} INFO - Processing /home/airflow/.local/lib/python3.8/site-packages/airflow/example_dags/example_latest_only.py took 0.229 seconds
[2025-10-17T07:24:25.530+0000] {processor.py:157} INFO - Started process (PID=1103) to work on /home/airflow/.local/lib/python3.8/site-packages/airflow/example_dags/example_latest_only.py
[2025-10-17T07:24:25.531+0000] {processor.py:829} INFO - Processing file /home/airflow/.local/lib/python3.8/site-packages/airflow/example_dags/example_latest_only.py for tasks to queue
[2025-10-17T07:24:25.534+0000] {logging_mixin.py:154} INFO - [2025-10-17T07:24:25.533+0000] {dagbag.py:536} INFO - Filling up the DagBag from /home/airflow/.local/lib/python3.8/site-packages/airflow/example_dags/example_latest_only.py
[2025-10-17T07:24:25.539+0000] {processor.py:839} INFO - DAG(s) dict_keys(['latest_only']) retrieved from /home/airflow/.local/lib/python3.8/site-packages/airflow/example_dags/example_latest_only.py
[2025-10-17T07:24:25.559+0000] {logging_mixin.py:154} INFO - [2025-10-17T07:24:25.558+0000] {dag.py:2941} INFO - Sync 1 DAGs
[2025-10-17T07:24:25.577+0000] {logging_mixin.py:154} INFO - [2025-10-17T07:24:25.576+0000] {dag.py:3722} INFO - Setting next_dagrun for latest_only to 2025-10-17T03:24:25.576789+00:00, run_after=2025-10-17T07:24:25.576789+00:00
[2025-10-17T07:24:25.595+0000] {processor.py:179} INFO - Processing /home/airflow/.local/lib/python3.8/site-packages/airflow/example_dags/example_latest_only.py took 0.068 seconds
[2025-10-17T07:24:56.273+0000] {processor.py:157} INFO - Started process (PID=1165) to work on /home/airflow/.local/lib/python3.8/site-packages/airflow/example_dags/example_latest_only.py
[2025-10-17T07:24:56.274+0000] {processor.py:829} INFO - Processing file /home/airflow/.local/lib/python3.8/site-packages/airflow/example_dags/example_latest_only.py for tasks to queue
[2025-10-17T07:24:56.276+0000] {logging_mixin.py:154} INFO - [2025-10-17T07:24:56.276+0000] {dagbag.py:536} INFO - Filling up the DagBag from /home/airflow/.local/lib/python3.8/site-packages/airflow/example_dags/example_latest_only.py
[2025-10-17T07:24:56.282+0000] {processor.py:839} INFO - DAG(s) dict_keys(['latest_only']) retrieved from /home/airflow/.local/lib/python3.8/site-packages/airflow/example_dags/example_latest_only.py
[2025-10-17T07:24:56.302+0000] {logging_mixin.py:154} INFO - [2025-10-17T07:24:56.302+0000] {dag.py:2941} INFO - Sync 1 DAGs
[2025-10-17T07:24:56.464+0000] {logging_mixin.py:154} INFO - [2025-10-17T07:24:56.464+0000] {dag.py:3722} INFO - Setting next_dagrun for latest_only to 2025-10-17T03:24:56.464061+00:00, run_after=2025-10-17T07:24:56.464061+00:00
[2025-10-17T07:24:56.481+0000] {processor.py:179} INFO - Processing /home/airflow/.local/lib/python3.8/site-packages/airflow/example_dags/example_latest_only.py took 0.211 seconds
[2025-10-17T07:25:26.557+0000] {processor.py:157} INFO - Started process (PID=1221) to work on /home/airflow/.local/lib/python3.8/site-packages/airflow/example_dags/example_latest_only.py
[2025-10-17T07:25:26.558+0000] {processor.py:829} INFO - Processing file /home/airflow/.local/lib/python3.8/site-packages/airflow/example_dags/example_latest_only.py for tasks to queue
[2025-10-17T07:25:26.560+0000] {logging_mixin.py:154} INFO - [2025-10-17T07:25:26.560+0000] {dagbag.py:536} INFO - Filling up the DagBag from /home/airflow/.local/lib/python3.8/site-packages/airflow/example_dags/example_latest_only.py
[2025-10-17T07:25:26.565+0000] {processor.py:839} INFO - DAG(s) dict_keys(['latest_only']) retrieved from /home/airflow/.local/lib/python3.8/site-packages/airflow/example_dags/example_latest_only.py
[2025-10-17T07:25:26.583+0000] {logging_mixin.py:154} INFO - [2025-10-17T07:25:26.583+0000] {dag.py:2941} INFO - Sync 1 DAGs
[2025-10-17T07:25:26.601+0000] {logging_mixin.py:154} INFO - [2025-10-17T07:25:26.601+0000] {dag.py:3722} INFO - Setting next_dagrun for latest_only to 2025-10-17T03:25:26.601133+00:00, run_after=2025-10-17T07:25:26.601133+00:00
[2025-10-17T07:25:26.779+0000] {processor.py:179} INFO - Processing /home/airflow/.local/lib/python3.8/site-packages/airflow/example_dags/example_latest_only.py took 0.226 seconds
[2025-10-17T07:25:57.474+0000] {processor.py:157} INFO - Started process (PID=1277) to work on /home/airflow/.local/lib/python3.8/site-packages/airflow/example_dags/example_latest_only.py
[2025-10-17T07:25:57.475+0000] {processor.py:829} INFO - Processing file /home/airflow/.local/lib/python3.8/site-packages/airflow/example_dags/example_latest_only.py for tasks to queue
[2025-10-17T07:25:57.477+0000] {logging_mixin.py:154} INFO - [2025-10-17T07:25:57.477+0000] {dagbag.py:536} INFO - Filling up the DagBag from /home/airflow/.local/lib/python3.8/site-packages/airflow/example_dags/example_latest_only.py
[2025-10-17T07:25:57.482+0000] {processor.py:839} INFO - DAG(s) dict_keys(['latest_only']) retrieved from /home/airflow/.local/lib/python3.8/site-packages/airflow/example_dags/example_latest_only.py
[2025-10-17T07:25:57.503+0000] {logging_mixin.py:154} INFO - [2025-10-17T07:25:57.503+0000] {dag.py:2941} INFO - Sync 1 DAGs
[2025-10-17T07:25:57.521+0000] {logging_mixin.py:154} INFO - [2025-10-17T07:25:57.521+0000] {dag.py:3722} INFO - Setting next_dagrun for latest_only to 2025-10-17T03:25:57.521177+00:00, run_after=2025-10-17T07:25:57.521177+00:00
[2025-10-17T07:25:57.537+0000] {processor.py:179} INFO - Processing /home/airflow/.local/lib/python3.8/site-packages/airflow/example_dags/example_latest_only.py took 0.066 seconds
[2025-10-17T07:26:28.031+0000] {processor.py:157} INFO - Started process (PID=1335) to work on /home/airflow/.local/lib/python3.8/site-packages/airflow/example_dags/example_latest_only.py
[2025-10-17T07:26:28.033+0000] {processor.py:829} INFO - Processing file /home/airflow/.local/lib/python3.8/site-packages/airflow/example_dags/example_latest_only.py for tasks to queue
[2025-10-17T07:26:28.036+0000] {logging_mixin.py:154} INFO - [2025-10-17T07:26:28.036+0000] {dagbag.py:536} INFO - Filling up the DagBag from /home/airflow/.local/lib/python3.8/site-packages/airflow/example_dags/example_latest_only.py
[2025-10-17T07:26:28.043+0000] {processor.py:839} INFO - DAG(s) dict_keys(['latest_only']) retrieved from /home/airflow/.local/lib/python3.8/site-packages/airflow/example_dags/example_latest_only.py
[2025-10-17T07:26:28.061+0000] {logging_mixin.py:154} INFO - [2025-10-17T07:26:28.061+0000] {dag.py:2941} INFO - Sync 1 DAGs
[2025-10-17T07:26:28.078+0000] {logging_mixin.py:154} INFO - [2025-10-17T07:26:28.078+0000] {dag.py:3722} INFO - Setting next_dagrun for latest_only to 2025-10-17T03:26:28.078099+00:00, run_after=2025-10-17T07:26:28.078099+00:00
[2025-10-17T07:26:28.093+0000] {processor.py:179} INFO - Processing /home/airflow/.local/lib/python3.8/site-packages/airflow/example_dags/example_latest_only.py took 0.065 seconds
[2025-10-17T07:26:58.354+0000] {processor.py:157} INFO - Started process (PID=1390) to work on /home/airflow/.local/lib/python3.8/site-packages/airflow/example_dags/example_latest_only.py
[2025-10-17T07:26:58.355+0000] {processor.py:829} INFO - Processing file /home/airflow/.local/lib/python3.8/site-packages/airflow/example_dags/example_latest_only.py for tasks to queue
[2025-10-17T07:26:58.357+0000] {logging_mixin.py:154} INFO - [2025-10-17T07:26:58.357+0000] {dagbag.py:536} INFO - Filling up the DagBag from /home/airflow/.local/lib/python3.8/site-packages/airflow/example_dags/example_latest_only.py
[2025-10-17T07:26:58.362+0000] {processor.py:839} INFO - DAG(s) dict_keys(['latest_only']) retrieved from /home/airflow/.local/lib/python3.8/site-packages/airflow/example_dags/example_latest_only.py
[2025-10-17T07:26:58.379+0000] {logging_mixin.py:154} INFO - [2025-10-17T07:26:58.379+0000] {dag.py:2941} INFO - Sync 1 DAGs
[2025-10-17T07:26:58.398+0000] {logging_mixin.py:154} INFO - [2025-10-17T07:26:58.397+0000] {dag.py:3722} INFO - Setting next_dagrun for latest_only to 2025-10-17T03:26:58.397632+00:00, run_after=2025-10-17T07:26:58.397632+00:00
[2025-10-17T07:26:58.412+0000] {processor.py:179} INFO - Processing /home/airflow/.local/lib/python3.8/site-packages/airflow/example_dags/example_latest_only.py took 0.061 seconds
[2025-10-17T07:27:28.585+0000] {processor.py:157} INFO - Started process (PID=1445) to work on /home/airflow/.local/lib/python3.8/site-packages/airflow/example_dags/example_latest_only.py
[2025-10-17T07:27:28.587+0000] {processor.py:829} INFO - Processing file /home/airflow/.local/lib/python3.8/site-packages/airflow/example_dags/example_latest_only.py for tasks to queue
[2025-10-17T07:27:28.589+0000] {logging_mixin.py:154} INFO - [2025-10-17T07:27:28.588+0000] {dagbag.py:536} INFO - Filling up the DagBag from /home/airflow/.local/lib/python3.8/site-packages/airflow/example_dags/example_latest_only.py
[2025-10-17T07:27:28.594+0000] {processor.py:839} INFO - DAG(s) dict_keys(['latest_only']) retrieved from /home/airflow/.local/lib/python3.8/site-packages/airflow/example_dags/example_latest_only.py
[2025-10-17T07:27:28.613+0000] {logging_mixin.py:154} INFO - [2025-10-17T07:27:28.612+0000] {dag.py:2941} INFO - Sync 1 DAGs
[2025-10-17T07:27:28.633+0000] {logging_mixin.py:154} INFO - [2025-10-17T07:27:28.633+0000] {dag.py:3722} INFO - Setting next_dagrun for latest_only to 2025-10-17T03:27:28.632850+00:00, run_after=2025-10-17T07:27:28.632850+00:00
[2025-10-17T07:27:28.648+0000] {processor.py:179} INFO - Processing /home/airflow/.local/lib/python3.8/site-packages/airflow/example_dags/example_latest_only.py took 0.066 seconds
[2025-10-17T07:27:58.755+0000] {processor.py:157} INFO - Started process (PID=1500) to work on /home/airflow/.local/lib/python3.8/site-packages/airflow/example_dags/example_latest_only.py
[2025-10-17T07:27:58.756+0000] {processor.py:829} INFO - Processing file /home/airflow/.local/lib/python3.8/site-packages/airflow/example_dags/example_latest_only.py for tasks to queue
[2025-10-17T07:27:58.757+0000] {logging_mixin.py:154} INFO - [2025-10-17T07:27:58.757+0000] {dagbag.py:536} INFO - Filling up the DagBag from /home/airflow/.local/lib/python3.8/site-packages/airflow/example_dags/example_latest_only.py
[2025-10-17T07:27:58.764+0000] {processor.py:839} INFO - DAG(s) dict_keys(['latest_only']) retrieved from /home/airflow/.local/lib/python3.8/site-packages/airflow/example_dags/example_latest_only.py
[2025-10-17T07:27:58.783+0000] {logging_mixin.py:154} INFO - [2025-10-17T07:27:58.783+0000] {dag.py:2941} INFO - Sync 1 DAGs
[2025-10-17T07:27:58.802+0000] {logging_mixin.py:154} INFO - [2025-10-17T07:27:58.802+0000] {dag.py:3722} INFO - Setting next_dagrun for latest_only to 2025-10-17T03:27:58.802367+00:00, run_after=2025-10-17T07:27:58.802367+00:00
[2025-10-17T07:27:58.819+0000] {processor.py:179} INFO - Processing /home/airflow/.local/lib/python3.8/site-packages/airflow/example_dags/example_latest_only.py took 0.067 seconds
[2025-10-17T07:28:29.036+0000] {processor.py:157} INFO - Started process (PID=1558) to work on /home/airflow/.local/lib/python3.8/site-packages/airflow/example_dags/example_latest_only.py
[2025-10-17T07:28:29.037+0000] {processor.py:829} INFO - Processing file /home/airflow/.local/lib/python3.8/site-packages/airflow/example_dags/example_latest_only.py for tasks to queue
[2025-10-17T07:28:29.038+0000] {logging_mixin.py:154} INFO - [2025-10-17T07:28:29.038+0000] {dagbag.py:536} INFO - Filling up the DagBag from /home/airflow/.local/lib/python3.8/site-packages/airflow/example_dags/example_latest_only.py
[2025-10-17T07:28:29.044+0000] {processor.py:839} INFO - DAG(s) dict_keys(['latest_only']) retrieved from /home/airflow/.local/lib/python3.8/site-packages/airflow/example_dags/example_latest_only.py
[2025-10-17T07:28:29.064+0000] {logging_mixin.py:154} INFO - [2025-10-17T07:28:29.064+0000] {dag.py:2941} INFO - Sync 1 DAGs
[2025-10-17T07:28:29.083+0000] {logging_mixin.py:154} INFO - [2025-10-17T07:28:29.083+0000] {dag.py:3722} INFO - Setting next_dagrun for latest_only to 2025-10-17T03:28:29.082990+00:00, run_after=2025-10-17T07:28:29.082990+00:00
[2025-10-17T07:28:29.099+0000] {processor.py:179} INFO - Processing /home/airflow/.local/lib/python3.8/site-packages/airflow/example_dags/example_latest_only.py took 0.066 seconds
[2025-10-17T07:28:59.522+0000] {processor.py:157} INFO - Started process (PID=1614) to work on /home/airflow/.local/lib/python3.8/site-packages/airflow/example_dags/example_latest_only.py
[2025-10-17T07:28:59.523+0000] {processor.py:829} INFO - Processing file /home/airflow/.local/lib/python3.8/site-packages/airflow/example_dags/example_latest_only.py for tasks to queue
[2025-10-17T07:28:59.524+0000] {logging_mixin.py:154} INFO - [2025-10-17T07:28:59.524+0000] {dagbag.py:536} INFO - Filling up the DagBag from /home/airflow/.local/lib/python3.8/site-packages/airflow/example_dags/example_latest_only.py
[2025-10-17T07:28:59.534+0000] {processor.py:839} INFO - DAG(s) dict_keys(['latest_only']) retrieved from /home/airflow/.local/lib/python3.8/site-packages/airflow/example_dags/example_latest_only.py
[2025-10-17T07:28:59.560+0000] {logging_mixin.py:154} INFO - [2025-10-17T07:28:59.560+0000] {dag.py:2941} INFO - Sync 1 DAGs
[2025-10-17T07:28:59.586+0000] {logging_mixin.py:154} INFO - [2025-10-17T07:28:59.586+0000] {dag.py:3722} INFO - Setting next_dagrun for latest_only to 2025-10-17T03:28:59.586298+00:00, run_after=2025-10-17T07:28:59.586298+00:00
[2025-10-17T07:28:59.608+0000] {processor.py:179} INFO - Processing /home/airflow/.local/lib/python3.8/site-packages/airflow/example_dags/example_latest_only.py took 0.092 seconds
[2025-10-17T07:30:24.883+0000] {processor.py:157} INFO - Started process (PID=98) to work on /home/airflow/.local/lib/python3.8/site-packages/airflow/example_dags/example_latest_only.py
[2025-10-17T07:30:24.885+0000] {processor.py:829} INFO - Processing file /home/airflow/.local/lib/python3.8/site-packages/airflow/example_dags/example_latest_only.py for tasks to queue
[2025-10-17T07:30:24.893+0000] {logging_mixin.py:154} INFO - [2025-10-17T07:30:24.891+0000] {dagbag.py:536} INFO - Filling up the DagBag from /home/airflow/.local/lib/python3.8/site-packages/airflow/example_dags/example_latest_only.py
[2025-10-17T07:30:24.908+0000] {processor.py:839} INFO - DAG(s) dict_keys(['latest_only']) retrieved from /home/airflow/.local/lib/python3.8/site-packages/airflow/example_dags/example_latest_only.py
[2025-10-17T07:30:25.158+0000] {logging_mixin.py:154} INFO - [2025-10-17T07:30:25.157+0000] {manager.py:499} INFO - Created Permission View: %s
[2025-10-17T07:30:25.188+0000] {logging_mixin.py:154} INFO - [2025-10-17T07:30:25.188+0000] {manager.py:499} INFO - Created Permission View: %s
[2025-10-17T07:30:25.206+0000] {logging_mixin.py:154} INFO - [2025-10-17T07:30:25.206+0000] {manager.py:499} INFO - Created Permission View: %s
[2025-10-17T07:30:25.207+0000] {logging_mixin.py:154} INFO - [2025-10-17T07:30:25.207+0000] {dag.py:2941} INFO - Sync 1 DAGs
[2025-10-17T07:30:25.232+0000] {logging_mixin.py:154} INFO - [2025-10-17T07:30:25.232+0000] {dag.py:2963} INFO - Creating ORM DAG for latest_only
[2025-10-17T07:30:25.258+0000] {logging_mixin.py:154} INFO - [2025-10-17T07:30:25.257+0000] {dag.py:3722} INFO - Setting next_dagrun for latest_only to 2025-10-17T03:30:25.257314+00:00, run_after=2025-10-17T07:30:25.257314+00:00
[2025-10-17T07:30:25.312+0000] {processor.py:179} INFO - Processing /home/airflow/.local/lib/python3.8/site-packages/airflow/example_dags/example_latest_only.py took 0.437 seconds
[2025-10-17T07:30:55.664+0000] {processor.py:157} INFO - Started process (PID=154) to work on /home/airflow/.local/lib/python3.8/site-packages/airflow/example_dags/example_latest_only.py
[2025-10-17T07:30:55.665+0000] {processor.py:829} INFO - Processing file /home/airflow/.local/lib/python3.8/site-packages/airflow/example_dags/example_latest_only.py for tasks to queue
[2025-10-17T07:30:55.669+0000] {logging_mixin.py:154} INFO - [2025-10-17T07:30:55.668+0000] {dagbag.py:536} INFO - Filling up the DagBag from /home/airflow/.local/lib/python3.8/site-packages/airflow/example_dags/example_latest_only.py
[2025-10-17T07:30:55.677+0000] {processor.py:839} INFO - DAG(s) dict_keys(['latest_only']) retrieved from /home/airflow/.local/lib/python3.8/site-packages/airflow/example_dags/example_latest_only.py
[2025-10-17T07:30:55.708+0000] {logging_mixin.py:154} INFO - [2025-10-17T07:30:55.708+0000] {dag.py:2941} INFO - Sync 1 DAGs
[2025-10-17T07:30:55.739+0000] {logging_mixin.py:154} INFO - [2025-10-17T07:30:55.738+0000] {dag.py:3722} INFO - Setting next_dagrun for latest_only to 2025-10-17T03:30:55.738358+00:00, run_after=2025-10-17T07:30:55.738358+00:00
[2025-10-17T07:30:55.771+0000] {processor.py:179} INFO - Processing /home/airflow/.local/lib/python3.8/site-packages/airflow/example_dags/example_latest_only.py took 0.111 seconds
[2025-10-17T07:31:26.124+0000] {processor.py:157} INFO - Started process (PID=210) to work on /home/airflow/.local/lib/python3.8/site-packages/airflow/example_dags/example_latest_only.py
[2025-10-17T07:31:26.125+0000] {processor.py:829} INFO - Processing file /home/airflow/.local/lib/python3.8/site-packages/airflow/example_dags/example_latest_only.py for tasks to queue
[2025-10-17T07:31:26.128+0000] {logging_mixin.py:154} INFO - [2025-10-17T07:31:26.128+0000] {dagbag.py:536} INFO - Filling up the DagBag from /home/airflow/.local/lib/python3.8/site-packages/airflow/example_dags/example_latest_only.py
[2025-10-17T07:31:26.133+0000] {processor.py:839} INFO - DAG(s) dict_keys(['latest_only']) retrieved from /home/airflow/.local/lib/python3.8/site-packages/airflow/example_dags/example_latest_only.py
[2025-10-17T07:31:26.152+0000] {logging_mixin.py:154} INFO - [2025-10-17T07:31:26.152+0000] {dag.py:2941} INFO - Sync 1 DAGs
[2025-10-17T07:31:26.172+0000] {logging_mixin.py:154} INFO - [2025-10-17T07:31:26.171+0000] {dag.py:3722} INFO - Setting next_dagrun for latest_only to 2025-10-17T03:31:26.171700+00:00, run_after=2025-10-17T07:31:26.171700+00:00
[2025-10-17T07:31:26.187+0000] {processor.py:179} INFO - Processing /home/airflow/.local/lib/python3.8/site-packages/airflow/example_dags/example_latest_only.py took 0.066 seconds
[2025-10-17T07:31:56.435+0000] {processor.py:157} INFO - Started process (PID=266) to work on /home/airflow/.local/lib/python3.8/site-packages/airflow/example_dags/example_latest_only.py
[2025-10-17T07:31:56.436+0000] {processor.py:829} INFO - Processing file /home/airflow/.local/lib/python3.8/site-packages/airflow/example_dags/example_latest_only.py for tasks to queue
[2025-10-17T07:31:56.439+0000] {logging_mixin.py:154} INFO - [2025-10-17T07:31:56.438+0000] {dagbag.py:536} INFO - Filling up the DagBag from /home/airflow/.local/lib/python3.8/site-packages/airflow/example_dags/example_latest_only.py
[2025-10-17T07:31:56.445+0000] {processor.py:839} INFO - DAG(s) dict_keys(['latest_only']) retrieved from /home/airflow/.local/lib/python3.8/site-packages/airflow/example_dags/example_latest_only.py
[2025-10-17T07:31:56.467+0000] {logging_mixin.py:154} INFO - [2025-10-17T07:31:56.467+0000] {dag.py:2941} INFO - Sync 1 DAGs
[2025-10-17T07:31:56.492+0000] {logging_mixin.py:154} INFO - [2025-10-17T07:31:56.491+0000] {dag.py:3722} INFO - Setting next_dagrun for latest_only to 2025-10-17T03:31:56.491698+00:00, run_after=2025-10-17T07:31:56.491698+00:00
[2025-10-17T07:31:56.512+0000] {processor.py:179} INFO - Processing /home/airflow/.local/lib/python3.8/site-packages/airflow/example_dags/example_latest_only.py took 0.081 seconds
[2025-10-17T07:32:27.650+0000] {processor.py:157} INFO - Started process (PID=326) to work on /home/airflow/.local/lib/python3.8/site-packages/airflow/example_dags/example_latest_only.py
[2025-10-17T07:32:27.651+0000] {processor.py:829} INFO - Processing file /home/airflow/.local/lib/python3.8/site-packages/airflow/example_dags/example_latest_only.py for tasks to queue
[2025-10-17T07:32:27.653+0000] {logging_mixin.py:154} INFO - [2025-10-17T07:32:27.653+0000] {dagbag.py:536} INFO - Filling up the DagBag from /home/airflow/.local/lib/python3.8/site-packages/airflow/example_dags/example_latest_only.py
[2025-10-17T07:32:27.658+0000] {processor.py:839} INFO - DAG(s) dict_keys(['latest_only']) retrieved from /home/airflow/.local/lib/python3.8/site-packages/airflow/example_dags/example_latest_only.py
[2025-10-17T07:32:27.681+0000] {logging_mixin.py:154} INFO - [2025-10-17T07:32:27.681+0000] {dag.py:2941} INFO - Sync 1 DAGs
[2025-10-17T07:32:27.707+0000] {logging_mixin.py:154} INFO - [2025-10-17T07:32:27.707+0000] {dag.py:3722} INFO - Setting next_dagrun for latest_only to 2025-10-17T03:32:27.706720+00:00, run_after=2025-10-17T07:32:27.706720+00:00
[2025-10-17T07:32:27.729+0000] {processor.py:179} INFO - Processing /home/airflow/.local/lib/python3.8/site-packages/airflow/example_dags/example_latest_only.py took 0.082 seconds
[2025-10-17T07:35:45.894+0000] {processor.py:157} INFO - Started process (PID=94) to work on /home/airflow/.local/lib/python3.8/site-packages/airflow/example_dags/example_latest_only.py
[2025-10-17T07:35:45.896+0000] {processor.py:829} INFO - Processing file /home/airflow/.local/lib/python3.8/site-packages/airflow/example_dags/example_latest_only.py for tasks to queue
[2025-10-17T07:35:45.898+0000] {logging_mixin.py:154} INFO - [2025-10-17T07:35:45.898+0000] {dagbag.py:536} INFO - Filling up the DagBag from /home/airflow/.local/lib/python3.8/site-packages/airflow/example_dags/example_latest_only.py
[2025-10-17T07:35:45.903+0000] {processor.py:839} INFO - DAG(s) dict_keys(['latest_only']) retrieved from /home/airflow/.local/lib/python3.8/site-packages/airflow/example_dags/example_latest_only.py
[2025-10-17T07:35:46.000+0000] {logging_mixin.py:154} INFO - [2025-10-17T07:35:45.999+0000] {manager.py:499} INFO - Created Permission View: %s
[2025-10-17T07:35:46.016+0000] {logging_mixin.py:154} INFO - [2025-10-17T07:35:46.016+0000] {manager.py:499} INFO - Created Permission View: %s
[2025-10-17T07:35:46.029+0000] {logging_mixin.py:154} INFO - [2025-10-17T07:35:46.028+0000] {manager.py:499} INFO - Created Permission View: %s
[2025-10-17T07:35:46.029+0000] {logging_mixin.py:154} INFO - [2025-10-17T07:35:46.029+0000] {dag.py:2941} INFO - Sync 1 DAGs
[2025-10-17T07:35:46.047+0000] {logging_mixin.py:154} INFO - [2025-10-17T07:35:46.047+0000] {dag.py:2963} INFO - Creating ORM DAG for latest_only
[2025-10-17T07:35:46.060+0000] {logging_mixin.py:154} INFO - [2025-10-17T07:35:46.060+0000] {dag.py:3722} INFO - Setting next_dagrun for latest_only to 2025-10-17T03:35:46.059873+00:00, run_after=2025-10-17T07:35:46.059873+00:00
[2025-10-17T07:35:46.080+0000] {processor.py:179} INFO - Processing /home/airflow/.local/lib/python3.8/site-packages/airflow/example_dags/example_latest_only.py took 0.189 seconds
[2025-10-17T07:36:16.885+0000] {processor.py:157} INFO - Started process (PID=150) to work on /home/airflow/.local/lib/python3.8/site-packages/airflow/example_dags/example_latest_only.py
[2025-10-17T07:36:16.886+0000] {processor.py:829} INFO - Processing file /home/airflow/.local/lib/python3.8/site-packages/airflow/example_dags/example_latest_only.py for tasks to queue
[2025-10-17T07:36:16.888+0000] {logging_mixin.py:154} INFO - [2025-10-17T07:36:16.888+0000] {dagbag.py:536} INFO - Filling up the DagBag from /home/airflow/.local/lib/python3.8/site-packages/airflow/example_dags/example_latest_only.py
[2025-10-17T07:36:16.893+0000] {processor.py:839} INFO - DAG(s) dict_keys(['latest_only']) retrieved from /home/airflow/.local/lib/python3.8/site-packages/airflow/example_dags/example_latest_only.py
[2025-10-17T07:36:16.912+0000] {logging_mixin.py:154} INFO - [2025-10-17T07:36:16.912+0000] {dag.py:2941} INFO - Sync 1 DAGs
[2025-10-17T07:36:16.930+0000] {logging_mixin.py:154} INFO - [2025-10-17T07:36:16.930+0000] {dag.py:3722} INFO - Setting next_dagrun for latest_only to 2025-10-17T03:36:16.929811+00:00, run_after=2025-10-17T07:36:16.929811+00:00
[2025-10-17T07:36:16.945+0000] {processor.py:179} INFO - Processing /home/airflow/.local/lib/python3.8/site-packages/airflow/example_dags/example_latest_only.py took 0.063 seconds
[2025-10-17T07:36:47.409+0000] {processor.py:157} INFO - Started process (PID=206) to work on /home/airflow/.local/lib/python3.8/site-packages/airflow/example_dags/example_latest_only.py
[2025-10-17T07:36:47.410+0000] {processor.py:829} INFO - Processing file /home/airflow/.local/lib/python3.8/site-packages/airflow/example_dags/example_latest_only.py for tasks to queue
[2025-10-17T07:36:47.412+0000] {logging_mixin.py:154} INFO - [2025-10-17T07:36:47.412+0000] {dagbag.py:536} INFO - Filling up the DagBag from /home/airflow/.local/lib/python3.8/site-packages/airflow/example_dags/example_latest_only.py
[2025-10-17T07:36:47.417+0000] {processor.py:839} INFO - DAG(s) dict_keys(['latest_only']) retrieved from /home/airflow/.local/lib/python3.8/site-packages/airflow/example_dags/example_latest_only.py
[2025-10-17T07:36:47.437+0000] {logging_mixin.py:154} INFO - [2025-10-17T07:36:47.436+0000] {dag.py:2941} INFO - Sync 1 DAGs
[2025-10-17T07:36:47.455+0000] {logging_mixin.py:154} INFO - [2025-10-17T07:36:47.455+0000] {dag.py:3722} INFO - Setting next_dagrun for latest_only to 2025-10-17T03:36:47.455186+00:00, run_after=2025-10-17T07:36:47.455186+00:00
[2025-10-17T07:36:47.473+0000] {processor.py:179} INFO - Processing /home/airflow/.local/lib/python3.8/site-packages/airflow/example_dags/example_latest_only.py took 0.067 seconds
[2025-10-17T07:37:17.814+0000] {processor.py:157} INFO - Started process (PID=262) to work on /home/airflow/.local/lib/python3.8/site-packages/airflow/example_dags/example_latest_only.py
[2025-10-17T07:37:17.815+0000] {processor.py:829} INFO - Processing file /home/airflow/.local/lib/python3.8/site-packages/airflow/example_dags/example_latest_only.py for tasks to queue
[2025-10-17T07:37:17.817+0000] {logging_mixin.py:154} INFO - [2025-10-17T07:37:17.817+0000] {dagbag.py:536} INFO - Filling up the DagBag from /home/airflow/.local/lib/python3.8/site-packages/airflow/example_dags/example_latest_only.py
[2025-10-17T07:37:17.822+0000] {processor.py:839} INFO - DAG(s) dict_keys(['latest_only']) retrieved from /home/airflow/.local/lib/python3.8/site-packages/airflow/example_dags/example_latest_only.py
[2025-10-17T07:37:17.842+0000] {logging_mixin.py:154} INFO - [2025-10-17T07:37:17.842+0000] {dag.py:2941} INFO - Sync 1 DAGs
[2025-10-17T07:37:17.862+0000] {logging_mixin.py:154} INFO - [2025-10-17T07:37:17.862+0000] {dag.py:3722} INFO - Setting next_dagrun for latest_only to 2025-10-17T03:37:17.861913+00:00, run_after=2025-10-17T07:37:17.861913+00:00
[2025-10-17T07:37:17.878+0000] {processor.py:179} INFO - Processing /home/airflow/.local/lib/python3.8/site-packages/airflow/example_dags/example_latest_only.py took 0.068 seconds
[2025-10-17T07:38:47.369+0000] {processor.py:157} INFO - Started process (PID=95) to work on /home/airflow/.local/lib/python3.8/site-packages/airflow/example_dags/example_latest_only.py
[2025-10-17T07:38:47.370+0000] {processor.py:829} INFO - Processing file /home/airflow/.local/lib/python3.8/site-packages/airflow/example_dags/example_latest_only.py for tasks to queue
[2025-10-17T07:38:47.375+0000] {logging_mixin.py:154} INFO - [2025-10-17T07:38:47.374+0000] {dagbag.py:536} INFO - Filling up the DagBag from /home/airflow/.local/lib/python3.8/site-packages/airflow/example_dags/example_latest_only.py
[2025-10-17T07:38:47.384+0000] {processor.py:839} INFO - DAG(s) dict_keys(['latest_only']) retrieved from /home/airflow/.local/lib/python3.8/site-packages/airflow/example_dags/example_latest_only.py
[2025-10-17T07:38:47.520+0000] {logging_mixin.py:154} INFO - [2025-10-17T07:38:47.520+0000] {manager.py:499} INFO - Created Permission View: %s
[2025-10-17T07:38:47.532+0000] {logging_mixin.py:154} INFO - [2025-10-17T07:38:47.532+0000] {manager.py:499} INFO - Created Permission View: %s
[2025-10-17T07:38:47.540+0000] {logging_mixin.py:154} INFO - [2025-10-17T07:38:47.540+0000] {manager.py:499} INFO - Created Permission View: %s
[2025-10-17T07:38:47.540+0000] {logging_mixin.py:154} INFO - [2025-10-17T07:38:47.540+0000] {dag.py:2941} INFO - Sync 1 DAGs
[2025-10-17T07:38:47.553+0000] {logging_mixin.py:154} INFO - [2025-10-17T07:38:47.552+0000] {dag.py:2963} INFO - Creating ORM DAG for latest_only
[2025-10-17T07:38:47.564+0000] {logging_mixin.py:154} INFO - [2025-10-17T07:38:47.564+0000] {dag.py:3722} INFO - Setting next_dagrun for latest_only to 2025-10-17T03:38:47.564304+00:00, run_after=2025-10-17T07:38:47.564304+00:00
[2025-10-17T07:38:47.584+0000] {processor.py:179} INFO - Processing /home/airflow/.local/lib/python3.8/site-packages/airflow/example_dags/example_latest_only.py took 0.221 seconds
[2025-10-17T07:39:18.399+0000] {processor.py:157} INFO - Started process (PID=151) to work on /home/airflow/.local/lib/python3.8/site-packages/airflow/example_dags/example_latest_only.py
[2025-10-17T07:39:18.400+0000] {processor.py:829} INFO - Processing file /home/airflow/.local/lib/python3.8/site-packages/airflow/example_dags/example_latest_only.py for tasks to queue
[2025-10-17T07:39:18.403+0000] {logging_mixin.py:154} INFO - [2025-10-17T07:39:18.402+0000] {dagbag.py:536} INFO - Filling up the DagBag from /home/airflow/.local/lib/python3.8/site-packages/airflow/example_dags/example_latest_only.py
[2025-10-17T07:39:18.408+0000] {processor.py:839} INFO - DAG(s) dict_keys(['latest_only']) retrieved from /home/airflow/.local/lib/python3.8/site-packages/airflow/example_dags/example_latest_only.py
[2025-10-17T07:39:18.428+0000] {logging_mixin.py:154} INFO - [2025-10-17T07:39:18.427+0000] {dag.py:2941} INFO - Sync 1 DAGs
[2025-10-17T07:39:18.448+0000] {logging_mixin.py:154} INFO - [2025-10-17T07:39:18.448+0000] {dag.py:3722} INFO - Setting next_dagrun for latest_only to 2025-10-17T03:39:18.448350+00:00, run_after=2025-10-17T07:39:18.448350+00:00
[2025-10-17T07:39:18.471+0000] {processor.py:179} INFO - Processing /home/airflow/.local/lib/python3.8/site-packages/airflow/example_dags/example_latest_only.py took 0.075 seconds
[2025-10-17T07:39:48.784+0000] {processor.py:157} INFO - Started process (PID=207) to work on /home/airflow/.local/lib/python3.8/site-packages/airflow/example_dags/example_latest_only.py
[2025-10-17T07:39:48.787+0000] {processor.py:829} INFO - Processing file /home/airflow/.local/lib/python3.8/site-packages/airflow/example_dags/example_latest_only.py for tasks to queue
[2025-10-17T07:39:48.791+0000] {logging_mixin.py:154} INFO - [2025-10-17T07:39:48.791+0000] {dagbag.py:536} INFO - Filling up the DagBag from /home/airflow/.local/lib/python3.8/site-packages/airflow/example_dags/example_latest_only.py
[2025-10-17T07:39:48.800+0000] {processor.py:839} INFO - DAG(s) dict_keys(['latest_only']) retrieved from /home/airflow/.local/lib/python3.8/site-packages/airflow/example_dags/example_latest_only.py
[2025-10-17T07:39:48.828+0000] {logging_mixin.py:154} INFO - [2025-10-17T07:39:48.828+0000] {dag.py:2941} INFO - Sync 1 DAGs
[2025-10-17T07:39:48.854+0000] {logging_mixin.py:154} INFO - [2025-10-17T07:39:48.854+0000] {dag.py:3722} INFO - Setting next_dagrun for latest_only to 2025-10-17T03:39:48.854133+00:00, run_after=2025-10-17T07:39:48.854133+00:00
[2025-10-17T07:39:48.879+0000] {processor.py:179} INFO - Processing /home/airflow/.local/lib/python3.8/site-packages/airflow/example_dags/example_latest_only.py took 0.100 seconds
[2025-10-17T07:40:19.886+0000] {processor.py:157} INFO - Started process (PID=263) to work on /home/airflow/.local/lib/python3.8/site-packages/airflow/example_dags/example_latest_only.py
[2025-10-17T07:40:19.887+0000] {processor.py:829} INFO - Processing file /home/airflow/.local/lib/python3.8/site-packages/airflow/example_dags/example_latest_only.py for tasks to queue
[2025-10-17T07:40:19.890+0000] {logging_mixin.py:154} INFO - [2025-10-17T07:40:19.889+0000] {dagbag.py:536} INFO - Filling up the DagBag from /home/airflow/.local/lib/python3.8/site-packages/airflow/example_dags/example_latest_only.py
[2025-10-17T07:40:19.895+0000] {processor.py:839} INFO - DAG(s) dict_keys(['latest_only']) retrieved from /home/airflow/.local/lib/python3.8/site-packages/airflow/example_dags/example_latest_only.py
[2025-10-17T07:40:19.917+0000] {logging_mixin.py:154} INFO - [2025-10-17T07:40:19.917+0000] {dag.py:2941} INFO - Sync 1 DAGs
[2025-10-17T07:40:19.938+0000] {logging_mixin.py:154} INFO - [2025-10-17T07:40:19.937+0000] {dag.py:3722} INFO - Setting next_dagrun for latest_only to 2025-10-17T03:40:19.937613+00:00, run_after=2025-10-17T07:40:19.937613+00:00
[2025-10-17T07:40:19.958+0000] {processor.py:179} INFO - Processing /home/airflow/.local/lib/python3.8/site-packages/airflow/example_dags/example_latest_only.py took 0.076 seconds
[2025-10-17T07:40:50.471+0000] {processor.py:157} INFO - Started process (PID=319) to work on /home/airflow/.local/lib/python3.8/site-packages/airflow/example_dags/example_latest_only.py
[2025-10-17T07:40:50.472+0000] {processor.py:829} INFO - Processing file /home/airflow/.local/lib/python3.8/site-packages/airflow/example_dags/example_latest_only.py for tasks to queue
[2025-10-17T07:40:50.474+0000] {logging_mixin.py:154} INFO - [2025-10-17T07:40:50.474+0000] {dagbag.py:536} INFO - Filling up the DagBag from /home/airflow/.local/lib/python3.8/site-packages/airflow/example_dags/example_latest_only.py
[2025-10-17T07:40:50.479+0000] {processor.py:839} INFO - DAG(s) dict_keys(['latest_only']) retrieved from /home/airflow/.local/lib/python3.8/site-packages/airflow/example_dags/example_latest_only.py
[2025-10-17T07:40:50.499+0000] {logging_mixin.py:154} INFO - [2025-10-17T07:40:50.499+0000] {dag.py:2941} INFO - Sync 1 DAGs
[2025-10-17T07:40:50.516+0000] {logging_mixin.py:154} INFO - [2025-10-17T07:40:50.516+0000] {dag.py:3722} INFO - Setting next_dagrun for latest_only to 2025-10-17T03:40:50.516311+00:00, run_after=2025-10-17T07:40:50.516311+00:00
[2025-10-17T07:40:50.533+0000] {processor.py:179} INFO - Processing /home/airflow/.local/lib/python3.8/site-packages/airflow/example_dags/example_latest_only.py took 0.066 seconds
[2025-10-17T07:42:30.475+0000] {processor.py:157} INFO - Started process (PID=94) to work on /home/airflow/.local/lib/python3.8/site-packages/airflow/example_dags/example_latest_only.py
[2025-10-17T07:42:30.476+0000] {processor.py:829} INFO - Processing file /home/airflow/.local/lib/python3.8/site-packages/airflow/example_dags/example_latest_only.py for tasks to queue
[2025-10-17T07:42:30.479+0000] {logging_mixin.py:154} INFO - [2025-10-17T07:42:30.479+0000] {dagbag.py:536} INFO - Filling up the DagBag from /home/airflow/.local/lib/python3.8/site-packages/airflow/example_dags/example_latest_only.py
[2025-10-17T07:42:30.485+0000] {processor.py:839} INFO - DAG(s) dict_keys(['latest_only']) retrieved from /home/airflow/.local/lib/python3.8/site-packages/airflow/example_dags/example_latest_only.py
[2025-10-17T07:42:30.584+0000] {logging_mixin.py:154} INFO - [2025-10-17T07:42:30.584+0000] {manager.py:499} INFO - Created Permission View: %s
[2025-10-17T07:42:30.593+0000] {logging_mixin.py:154} INFO - [2025-10-17T07:42:30.593+0000] {manager.py:499} INFO - Created Permission View: %s
[2025-10-17T07:42:30.598+0000] {logging_mixin.py:154} INFO - [2025-10-17T07:42:30.598+0000] {manager.py:499} INFO - Created Permission View: %s
[2025-10-17T07:42:30.599+0000] {logging_mixin.py:154} INFO - [2025-10-17T07:42:30.599+0000] {dag.py:2941} INFO - Sync 1 DAGs
[2025-10-17T07:42:30.608+0000] {logging_mixin.py:154} INFO - [2025-10-17T07:42:30.607+0000] {dag.py:2963} INFO - Creating ORM DAG for latest_only
[2025-10-17T07:42:30.616+0000] {logging_mixin.py:154} INFO - [2025-10-17T07:42:30.616+0000] {dag.py:3722} INFO - Setting next_dagrun for latest_only to 2025-10-17T03:42:30.615923+00:00, run_after=2025-10-17T07:42:30.615923+00:00
[2025-10-17T07:42:30.632+0000] {processor.py:179} INFO - Processing /home/airflow/.local/lib/python3.8/site-packages/airflow/example_dags/example_latest_only.py took 0.160 seconds
[2025-10-17T07:43:00.998+0000] {processor.py:157} INFO - Started process (PID=150) to work on /home/airflow/.local/lib/python3.8/site-packages/airflow/example_dags/example_latest_only.py
[2025-10-17T07:43:00.999+0000] {processor.py:829} INFO - Processing file /home/airflow/.local/lib/python3.8/site-packages/airflow/example_dags/example_latest_only.py for tasks to queue
[2025-10-17T07:43:01.001+0000] {logging_mixin.py:154} INFO - [2025-10-17T07:43:01.001+0000] {dagbag.py:536} INFO - Filling up the DagBag from /home/airflow/.local/lib/python3.8/site-packages/airflow/example_dags/example_latest_only.py
[2025-10-17T07:43:01.006+0000] {processor.py:839} INFO - DAG(s) dict_keys(['latest_only']) retrieved from /home/airflow/.local/lib/python3.8/site-packages/airflow/example_dags/example_latest_only.py
[2025-10-17T07:43:01.024+0000] {logging_mixin.py:154} INFO - [2025-10-17T07:43:01.024+0000] {dag.py:2941} INFO - Sync 1 DAGs
[2025-10-17T07:43:01.044+0000] {logging_mixin.py:154} INFO - [2025-10-17T07:43:01.044+0000] {dag.py:3722} INFO - Setting next_dagrun for latest_only to 2025-10-17T03:43:01.044056+00:00, run_after=2025-10-17T07:43:01.044056+00:00
[2025-10-17T07:43:01.064+0000] {processor.py:179} INFO - Processing /home/airflow/.local/lib/python3.8/site-packages/airflow/example_dags/example_latest_only.py took 0.070 seconds
[2025-10-17T07:44:27.461+0000] {processor.py:157} INFO - Started process (PID=94) to work on /home/airflow/.local/lib/python3.8/site-packages/airflow/example_dags/example_latest_only.py
[2025-10-17T07:44:27.462+0000] {processor.py:829} INFO - Processing file /home/airflow/.local/lib/python3.8/site-packages/airflow/example_dags/example_latest_only.py for tasks to queue
[2025-10-17T07:44:27.465+0000] {logging_mixin.py:154} INFO - [2025-10-17T07:44:27.465+0000] {dagbag.py:536} INFO - Filling up the DagBag from /home/airflow/.local/lib/python3.8/site-packages/airflow/example_dags/example_latest_only.py
[2025-10-17T07:44:27.471+0000] {processor.py:839} INFO - DAG(s) dict_keys(['latest_only']) retrieved from /home/airflow/.local/lib/python3.8/site-packages/airflow/example_dags/example_latest_only.py
[2025-10-17T07:44:27.574+0000] {logging_mixin.py:154} INFO - [2025-10-17T07:44:27.574+0000] {manager.py:499} INFO - Created Permission View: %s
[2025-10-17T07:44:27.825+0000] {logging_mixin.py:154} INFO - [2025-10-17T07:44:27.825+0000] {process_utils.py:259} INFO - Waiting up to 5 seconds for processes to exit...
[2025-10-17T07:44:36.978+0000] {processor.py:157} INFO - Started process (PID=79) to work on /home/airflow/.local/lib/python3.8/site-packages/airflow/example_dags/example_latest_only.py
[2025-10-17T07:44:36.980+0000] {processor.py:829} INFO - Processing file /home/airflow/.local/lib/python3.8/site-packages/airflow/example_dags/example_latest_only.py for tasks to queue
[2025-10-17T07:44:36.982+0000] {logging_mixin.py:154} INFO - [2025-10-17T07:44:36.982+0000] {dagbag.py:536} INFO - Filling up the DagBag from /home/airflow/.local/lib/python3.8/site-packages/airflow/example_dags/example_latest_only.py
[2025-10-17T07:44:36.989+0000] {processor.py:839} INFO - DAG(s) dict_keys(['latest_only']) retrieved from /home/airflow/.local/lib/python3.8/site-packages/airflow/example_dags/example_latest_only.py
[2025-10-17T07:44:37.003+0000] {logging_mixin.py:154} INFO - [2025-10-17T07:44:37.003+0000] {dag.py:2941} INFO - Sync 1 DAGs
[2025-10-17T07:44:37.014+0000] {logging_mixin.py:154} INFO - [2025-10-17T07:44:37.014+0000] {dag.py:2963} INFO - Creating ORM DAG for latest_only
[2025-10-17T07:44:37.024+0000] {logging_mixin.py:154} INFO - [2025-10-17T07:44:37.023+0000] {dag.py:3722} INFO - Setting next_dagrun for latest_only to 2025-10-17T03:44:37.023622+00:00, run_after=2025-10-17T07:44:37.023622+00:00
[2025-10-17T07:44:37.045+0000] {processor.py:179} INFO - Processing /home/airflow/.local/lib/python3.8/site-packages/airflow/example_dags/example_latest_only.py took 0.071 seconds
[2025-10-17T07:45:07.475+0000] {processor.py:157} INFO - Started process (PID=135) to work on /home/airflow/.local/lib/python3.8/site-packages/airflow/example_dags/example_latest_only.py
[2025-10-17T07:45:07.476+0000] {processor.py:829} INFO - Processing file /home/airflow/.local/lib/python3.8/site-packages/airflow/example_dags/example_latest_only.py for tasks to queue
[2025-10-17T07:45:07.478+0000] {logging_mixin.py:154} INFO - [2025-10-17T07:45:07.477+0000] {dagbag.py:536} INFO - Filling up the DagBag from /home/airflow/.local/lib/python3.8/site-packages/airflow/example_dags/example_latest_only.py
[2025-10-17T07:45:07.482+0000] {processor.py:839} INFO - DAG(s) dict_keys(['latest_only']) retrieved from /home/airflow/.local/lib/python3.8/site-packages/airflow/example_dags/example_latest_only.py
[2025-10-17T07:45:07.500+0000] {logging_mixin.py:154} INFO - [2025-10-17T07:45:07.500+0000] {dag.py:2941} INFO - Sync 1 DAGs
[2025-10-17T07:45:07.518+0000] {logging_mixin.py:154} INFO - [2025-10-17T07:45:07.518+0000] {dag.py:3722} INFO - Setting next_dagrun for latest_only to 2025-10-17T03:45:07.518208+00:00, run_after=2025-10-17T07:45:07.518208+00:00
[2025-10-17T07:45:07.533+0000] {processor.py:179} INFO - Processing /home/airflow/.local/lib/python3.8/site-packages/airflow/example_dags/example_latest_only.py took 0.062 seconds
[2025-10-17T07:46:22.247+0000] {processor.py:157} INFO - Started process (PID=94) to work on /home/airflow/.local/lib/python3.8/site-packages/airflow/example_dags/example_latest_only.py
[2025-10-17T07:46:22.248+0000] {processor.py:829} INFO - Processing file /home/airflow/.local/lib/python3.8/site-packages/airflow/example_dags/example_latest_only.py for tasks to queue
[2025-10-17T07:46:22.250+0000] {logging_mixin.py:154} INFO - [2025-10-17T07:46:22.250+0000] {dagbag.py:536} INFO - Filling up the DagBag from /home/airflow/.local/lib/python3.8/site-packages/airflow/example_dags/example_latest_only.py
[2025-10-17T07:46:22.257+0000] {processor.py:839} INFO - DAG(s) dict_keys(['latest_only']) retrieved from /home/airflow/.local/lib/python3.8/site-packages/airflow/example_dags/example_latest_only.py
[2025-10-17T07:46:22.366+0000] {logging_mixin.py:154} INFO - [2025-10-17T07:46:22.366+0000] {manager.py:499} INFO - Created Permission View: %s
[2025-10-17T07:46:22.380+0000] {logging_mixin.py:154} INFO - [2025-10-17T07:46:22.380+0000] {manager.py:499} INFO - Created Permission View: %s
[2025-10-17T07:46:22.389+0000] {logging_mixin.py:154} INFO - [2025-10-17T07:46:22.389+0000] {manager.py:499} INFO - Created Permission View: %s
[2025-10-17T07:46:22.390+0000] {logging_mixin.py:154} INFO - [2025-10-17T07:46:22.390+0000] {dag.py:2941} INFO - Sync 1 DAGs
[2025-10-17T07:46:22.401+0000] {logging_mixin.py:154} INFO - [2025-10-17T07:46:22.400+0000] {dag.py:2963} INFO - Creating ORM DAG for latest_only
[2025-10-17T07:46:22.413+0000] {logging_mixin.py:154} INFO - [2025-10-17T07:46:22.413+0000] {dag.py:3722} INFO - Setting next_dagrun for latest_only to 2025-10-17T03:46:22.412634+00:00, run_after=2025-10-17T07:46:22.412634+00:00
[2025-10-17T07:46:22.439+0000] {processor.py:179} INFO - Processing /home/airflow/.local/lib/python3.8/site-packages/airflow/example_dags/example_latest_only.py took 0.195 seconds
[2025-10-17T07:46:53.421+0000] {processor.py:157} INFO - Started process (PID=150) to work on /home/airflow/.local/lib/python3.8/site-packages/airflow/example_dags/example_latest_only.py
[2025-10-17T07:46:53.423+0000] {processor.py:829} INFO - Processing file /home/airflow/.local/lib/python3.8/site-packages/airflow/example_dags/example_latest_only.py for tasks to queue
[2025-10-17T07:46:53.426+0000] {logging_mixin.py:154} INFO - [2025-10-17T07:46:53.425+0000] {dagbag.py:536} INFO - Filling up the DagBag from /home/airflow/.local/lib/python3.8/site-packages/airflow/example_dags/example_latest_only.py
[2025-10-17T07:46:53.433+0000] {processor.py:839} INFO - DAG(s) dict_keys(['latest_only']) retrieved from /home/airflow/.local/lib/python3.8/site-packages/airflow/example_dags/example_latest_only.py
[2025-10-17T07:46:53.456+0000] {logging_mixin.py:154} INFO - [2025-10-17T07:46:53.456+0000] {dag.py:2941} INFO - Sync 1 DAGs
[2025-10-17T07:46:53.479+0000] {logging_mixin.py:154} INFO - [2025-10-17T07:46:53.479+0000] {dag.py:3722} INFO - Setting next_dagrun for latest_only to 2025-10-17T03:46:53.479327+00:00, run_after=2025-10-17T07:46:53.479327+00:00
[2025-10-17T07:46:53.499+0000] {processor.py:179} INFO - Processing /home/airflow/.local/lib/python3.8/site-packages/airflow/example_dags/example_latest_only.py took 0.081 seconds
[2025-10-17T07:47:24.417+0000] {processor.py:157} INFO - Started process (PID=206) to work on /home/airflow/.local/lib/python3.8/site-packages/airflow/example_dags/example_latest_only.py
[2025-10-17T07:47:24.418+0000] {processor.py:829} INFO - Processing file /home/airflow/.local/lib/python3.8/site-packages/airflow/example_dags/example_latest_only.py for tasks to queue
[2025-10-17T07:47:24.421+0000] {logging_mixin.py:154} INFO - [2025-10-17T07:47:24.420+0000] {dagbag.py:536} INFO - Filling up the DagBag from /home/airflow/.local/lib/python3.8/site-packages/airflow/example_dags/example_latest_only.py
[2025-10-17T07:47:24.426+0000] {processor.py:839} INFO - DAG(s) dict_keys(['latest_only']) retrieved from /home/airflow/.local/lib/python3.8/site-packages/airflow/example_dags/example_latest_only.py
[2025-10-17T07:47:24.453+0000] {logging_mixin.py:154} INFO - [2025-10-17T07:47:24.453+0000] {dag.py:2941} INFO - Sync 1 DAGs
[2025-10-17T07:47:24.479+0000] {logging_mixin.py:154} INFO - [2025-10-17T07:47:24.479+0000] {dag.py:3722} INFO - Setting next_dagrun for latest_only to 2025-10-17T03:47:24.479026+00:00, run_after=2025-10-17T07:47:24.479026+00:00
[2025-10-17T07:47:24.503+0000] {processor.py:179} INFO - Processing /home/airflow/.local/lib/python3.8/site-packages/airflow/example_dags/example_latest_only.py took 0.089 seconds
[2025-10-17T07:47:54.921+0000] {processor.py:157} INFO - Started process (PID=262) to work on /home/airflow/.local/lib/python3.8/site-packages/airflow/example_dags/example_latest_only.py
[2025-10-17T07:47:54.923+0000] {processor.py:829} INFO - Processing file /home/airflow/.local/lib/python3.8/site-packages/airflow/example_dags/example_latest_only.py for tasks to queue
[2025-10-17T07:47:54.925+0000] {logging_mixin.py:154} INFO - [2025-10-17T07:47:54.924+0000] {dagbag.py:536} INFO - Filling up the DagBag from /home/airflow/.local/lib/python3.8/site-packages/airflow/example_dags/example_latest_only.py
[2025-10-17T07:47:54.930+0000] {processor.py:839} INFO - DAG(s) dict_keys(['latest_only']) retrieved from /home/airflow/.local/lib/python3.8/site-packages/airflow/example_dags/example_latest_only.py
[2025-10-17T07:47:54.950+0000] {logging_mixin.py:154} INFO - [2025-10-17T07:47:54.950+0000] {dag.py:2941} INFO - Sync 1 DAGs
[2025-10-17T07:47:54.968+0000] {logging_mixin.py:154} INFO - [2025-10-17T07:47:54.968+0000] {dag.py:3722} INFO - Setting next_dagrun for latest_only to 2025-10-17T03:47:54.968233+00:00, run_after=2025-10-17T07:47:54.968233+00:00
[2025-10-17T07:47:54.985+0000] {processor.py:179} INFO - Processing /home/airflow/.local/lib/python3.8/site-packages/airflow/example_dags/example_latest_only.py took 0.067 seconds
[2025-10-17T07:48:25.347+0000] {processor.py:157} INFO - Started process (PID=318) to work on /home/airflow/.local/lib/python3.8/site-packages/airflow/example_dags/example_latest_only.py
[2025-10-17T07:48:25.348+0000] {processor.py:829} INFO - Processing file /home/airflow/.local/lib/python3.8/site-packages/airflow/example_dags/example_latest_only.py for tasks to queue
[2025-10-17T07:48:25.350+0000] {logging_mixin.py:154} INFO - [2025-10-17T07:48:25.350+0000] {dagbag.py:536} INFO - Filling up the DagBag from /home/airflow/.local/lib/python3.8/site-packages/airflow/example_dags/example_latest_only.py
[2025-10-17T07:48:25.354+0000] {processor.py:839} INFO - DAG(s) dict_keys(['latest_only']) retrieved from /home/airflow/.local/lib/python3.8/site-packages/airflow/example_dags/example_latest_only.py
[2025-10-17T07:48:25.374+0000] {logging_mixin.py:154} INFO - [2025-10-17T07:48:25.374+0000] {dag.py:2941} INFO - Sync 1 DAGs
[2025-10-17T07:48:25.393+0000] {logging_mixin.py:154} INFO - [2025-10-17T07:48:25.393+0000] {dag.py:3722} INFO - Setting next_dagrun for latest_only to 2025-10-17T03:48:25.393040+00:00, run_after=2025-10-17T07:48:25.393040+00:00
[2025-10-17T07:48:25.410+0000] {processor.py:179} INFO - Processing /home/airflow/.local/lib/python3.8/site-packages/airflow/example_dags/example_latest_only.py took 0.067 seconds
[2025-10-17T07:48:56.279+0000] {processor.py:157} INFO - Started process (PID=374) to work on /home/airflow/.local/lib/python3.8/site-packages/airflow/example_dags/example_latest_only.py
[2025-10-17T07:48:56.280+0000] {processor.py:829} INFO - Processing file /home/airflow/.local/lib/python3.8/site-packages/airflow/example_dags/example_latest_only.py for tasks to queue
[2025-10-17T07:48:56.282+0000] {logging_mixin.py:154} INFO - [2025-10-17T07:48:56.282+0000] {dagbag.py:536} INFO - Filling up the DagBag from /home/airflow/.local/lib/python3.8/site-packages/airflow/example_dags/example_latest_only.py
[2025-10-17T07:48:56.287+0000] {processor.py:839} INFO - DAG(s) dict_keys(['latest_only']) retrieved from /home/airflow/.local/lib/python3.8/site-packages/airflow/example_dags/example_latest_only.py
[2025-10-17T07:48:56.308+0000] {logging_mixin.py:154} INFO - [2025-10-17T07:48:56.308+0000] {dag.py:2941} INFO - Sync 1 DAGs
[2025-10-17T07:48:56.328+0000] {logging_mixin.py:154} INFO - [2025-10-17T07:48:56.327+0000] {dag.py:3722} INFO - Setting next_dagrun for latest_only to 2025-10-17T03:48:56.327593+00:00, run_after=2025-10-17T07:48:56.327593+00:00
[2025-10-17T07:48:56.346+0000] {processor.py:179} INFO - Processing /home/airflow/.local/lib/python3.8/site-packages/airflow/example_dags/example_latest_only.py took 0.071 seconds
[2025-10-17T07:49:26.783+0000] {processor.py:157} INFO - Started process (PID=430) to work on /home/airflow/.local/lib/python3.8/site-packages/airflow/example_dags/example_latest_only.py
[2025-10-17T07:49:26.785+0000] {processor.py:829} INFO - Processing file /home/airflow/.local/lib/python3.8/site-packages/airflow/example_dags/example_latest_only.py for tasks to queue
[2025-10-17T07:49:26.787+0000] {logging_mixin.py:154} INFO - [2025-10-17T07:49:26.787+0000] {dagbag.py:536} INFO - Filling up the DagBag from /home/airflow/.local/lib/python3.8/site-packages/airflow/example_dags/example_latest_only.py
[2025-10-17T07:49:26.792+0000] {processor.py:839} INFO - DAG(s) dict_keys(['latest_only']) retrieved from /home/airflow/.local/lib/python3.8/site-packages/airflow/example_dags/example_latest_only.py
[2025-10-17T07:49:26.812+0000] {logging_mixin.py:154} INFO - [2025-10-17T07:49:26.812+0000] {dag.py:2941} INFO - Sync 1 DAGs
[2025-10-17T07:49:26.831+0000] {logging_mixin.py:154} INFO - [2025-10-17T07:49:26.831+0000] {dag.py:3722} INFO - Setting next_dagrun for latest_only to 2025-10-17T03:49:26.831107+00:00, run_after=2025-10-17T07:49:26.831107+00:00
[2025-10-17T07:49:26.848+0000] {processor.py:179} INFO - Processing /home/airflow/.local/lib/python3.8/site-packages/airflow/example_dags/example_latest_only.py took 0.068 seconds
[2025-10-17T07:49:57.582+0000] {processor.py:157} INFO - Started process (PID=486) to work on /home/airflow/.local/lib/python3.8/site-packages/airflow/example_dags/example_latest_only.py
[2025-10-17T07:49:57.584+0000] {processor.py:829} INFO - Processing file /home/airflow/.local/lib/python3.8/site-packages/airflow/example_dags/example_latest_only.py for tasks to queue
[2025-10-17T07:49:57.586+0000] {logging_mixin.py:154} INFO - [2025-10-17T07:49:57.586+0000] {dagbag.py:536} INFO - Filling up the DagBag from /home/airflow/.local/lib/python3.8/site-packages/airflow/example_dags/example_latest_only.py
[2025-10-17T07:49:57.591+0000] {processor.py:839} INFO - DAG(s) dict_keys(['latest_only']) retrieved from /home/airflow/.local/lib/python3.8/site-packages/airflow/example_dags/example_latest_only.py
[2025-10-17T07:49:57.612+0000] {logging_mixin.py:154} INFO - [2025-10-17T07:49:57.612+0000] {dag.py:2941} INFO - Sync 1 DAGs
[2025-10-17T07:49:57.630+0000] {logging_mixin.py:154} INFO - [2025-10-17T07:49:57.630+0000] {dag.py:3722} INFO - Setting next_dagrun for latest_only to 2025-10-17T03:49:57.630197+00:00, run_after=2025-10-17T07:49:57.630197+00:00
[2025-10-17T07:49:57.649+0000] {processor.py:179} INFO - Processing /home/airflow/.local/lib/python3.8/site-packages/airflow/example_dags/example_latest_only.py took 0.070 seconds
[2025-10-17T07:50:27.747+0000] {processor.py:157} INFO - Started process (PID=542) to work on /home/airflow/.local/lib/python3.8/site-packages/airflow/example_dags/example_latest_only.py
[2025-10-17T07:50:27.749+0000] {processor.py:829} INFO - Processing file /home/airflow/.local/lib/python3.8/site-packages/airflow/example_dags/example_latest_only.py for tasks to queue
[2025-10-17T07:50:27.751+0000] {logging_mixin.py:154} INFO - [2025-10-17T07:50:27.751+0000] {dagbag.py:536} INFO - Filling up the DagBag from /home/airflow/.local/lib/python3.8/site-packages/airflow/example_dags/example_latest_only.py
[2025-10-17T07:50:27.755+0000] {processor.py:839} INFO - DAG(s) dict_keys(['latest_only']) retrieved from /home/airflow/.local/lib/python3.8/site-packages/airflow/example_dags/example_latest_only.py
[2025-10-17T07:50:27.775+0000] {logging_mixin.py:154} INFO - [2025-10-17T07:50:27.775+0000] {dag.py:2941} INFO - Sync 1 DAGs
[2025-10-17T07:50:27.792+0000] {logging_mixin.py:154} INFO - [2025-10-17T07:50:27.792+0000] {dag.py:3722} INFO - Setting next_dagrun for latest_only to 2025-10-17T03:50:27.792168+00:00, run_after=2025-10-17T07:50:27.792168+00:00
[2025-10-17T07:50:27.809+0000] {processor.py:179} INFO - Processing /home/airflow/.local/lib/python3.8/site-packages/airflow/example_dags/example_latest_only.py took 0.065 seconds
[2025-10-17T07:50:58.534+0000] {processor.py:157} INFO - Started process (PID=598) to work on /home/airflow/.local/lib/python3.8/site-packages/airflow/example_dags/example_latest_only.py
[2025-10-17T07:50:58.535+0000] {processor.py:829} INFO - Processing file /home/airflow/.local/lib/python3.8/site-packages/airflow/example_dags/example_latest_only.py for tasks to queue
[2025-10-17T07:50:58.537+0000] {logging_mixin.py:154} INFO - [2025-10-17T07:50:58.537+0000] {dagbag.py:536} INFO - Filling up the DagBag from /home/airflow/.local/lib/python3.8/site-packages/airflow/example_dags/example_latest_only.py
[2025-10-17T07:50:58.542+0000] {processor.py:839} INFO - DAG(s) dict_keys(['latest_only']) retrieved from /home/airflow/.local/lib/python3.8/site-packages/airflow/example_dags/example_latest_only.py
[2025-10-17T07:50:58.564+0000] {logging_mixin.py:154} INFO - [2025-10-17T07:50:58.563+0000] {dag.py:2941} INFO - Sync 1 DAGs
[2025-10-17T07:50:58.583+0000] {logging_mixin.py:154} INFO - [2025-10-17T07:50:58.583+0000] {dag.py:3722} INFO - Setting next_dagrun for latest_only to 2025-10-17T03:50:58.583074+00:00, run_after=2025-10-17T07:50:58.583074+00:00
[2025-10-17T07:50:58.604+0000] {processor.py:179} INFO - Processing /home/airflow/.local/lib/python3.8/site-packages/airflow/example_dags/example_latest_only.py took 0.074 seconds
[2025-10-17T07:51:29.178+0000] {processor.py:157} INFO - Started process (PID=654) to work on /home/airflow/.local/lib/python3.8/site-packages/airflow/example_dags/example_latest_only.py
[2025-10-17T07:51:29.179+0000] {processor.py:829} INFO - Processing file /home/airflow/.local/lib/python3.8/site-packages/airflow/example_dags/example_latest_only.py for tasks to queue
[2025-10-17T07:51:29.181+0000] {logging_mixin.py:154} INFO - [2025-10-17T07:51:29.181+0000] {dagbag.py:536} INFO - Filling up the DagBag from /home/airflow/.local/lib/python3.8/site-packages/airflow/example_dags/example_latest_only.py
[2025-10-17T07:51:29.186+0000] {processor.py:839} INFO - DAG(s) dict_keys(['latest_only']) retrieved from /home/airflow/.local/lib/python3.8/site-packages/airflow/example_dags/example_latest_only.py
[2025-10-17T07:51:29.207+0000] {logging_mixin.py:154} INFO - [2025-10-17T07:51:29.206+0000] {dag.py:2941} INFO - Sync 1 DAGs
[2025-10-17T07:51:29.226+0000] {logging_mixin.py:154} INFO - [2025-10-17T07:51:29.226+0000] {dag.py:3722} INFO - Setting next_dagrun for latest_only to 2025-10-17T03:51:29.226329+00:00, run_after=2025-10-17T07:51:29.226329+00:00
[2025-10-17T07:51:29.249+0000] {processor.py:179} INFO - Processing /home/airflow/.local/lib/python3.8/site-packages/airflow/example_dags/example_latest_only.py took 0.074 seconds
[2025-10-17T07:51:59.765+0000] {processor.py:157} INFO - Started process (PID=710) to work on /home/airflow/.local/lib/python3.8/site-packages/airflow/example_dags/example_latest_only.py
[2025-10-17T07:51:59.766+0000] {processor.py:829} INFO - Processing file /home/airflow/.local/lib/python3.8/site-packages/airflow/example_dags/example_latest_only.py for tasks to queue
[2025-10-17T07:51:59.768+0000] {logging_mixin.py:154} INFO - [2025-10-17T07:51:59.768+0000] {dagbag.py:536} INFO - Filling up the DagBag from /home/airflow/.local/lib/python3.8/site-packages/airflow/example_dags/example_latest_only.py
[2025-10-17T07:51:59.773+0000] {processor.py:839} INFO - DAG(s) dict_keys(['latest_only']) retrieved from /home/airflow/.local/lib/python3.8/site-packages/airflow/example_dags/example_latest_only.py
[2025-10-17T07:51:59.793+0000] {logging_mixin.py:154} INFO - [2025-10-17T07:51:59.792+0000] {dag.py:2941} INFO - Sync 1 DAGs
[2025-10-17T07:51:59.810+0000] {logging_mixin.py:154} INFO - [2025-10-17T07:51:59.810+0000] {dag.py:3722} INFO - Setting next_dagrun for latest_only to 2025-10-17T03:51:59.810113+00:00, run_after=2025-10-17T07:51:59.810113+00:00
[2025-10-17T07:51:59.829+0000] {processor.py:179} INFO - Processing /home/airflow/.local/lib/python3.8/site-packages/airflow/example_dags/example_latest_only.py took 0.067 seconds
[2025-10-17T08:08:55.300+0000] {processor.py:157} INFO - Started process (PID=95) to work on /home/airflow/.local/lib/python3.8/site-packages/airflow/example_dags/example_latest_only.py
[2025-10-17T08:08:55.302+0000] {processor.py:829} INFO - Processing file /home/airflow/.local/lib/python3.8/site-packages/airflow/example_dags/example_latest_only.py for tasks to queue
[2025-10-17T08:08:55.304+0000] {logging_mixin.py:154} INFO - [2025-10-17T08:08:55.304+0000] {dagbag.py:536} INFO - Filling up the DagBag from /home/airflow/.local/lib/python3.8/site-packages/airflow/example_dags/example_latest_only.py
[2025-10-17T08:08:55.312+0000] {processor.py:839} INFO - DAG(s) dict_keys(['latest_only']) retrieved from /home/airflow/.local/lib/python3.8/site-packages/airflow/example_dags/example_latest_only.py
[2025-10-17T08:08:55.431+0000] {logging_mixin.py:154} INFO - [2025-10-17T08:08:55.430+0000] {manager.py:499} INFO - Created Permission View: %s
[2025-10-17T08:08:55.441+0000] {logging_mixin.py:154} INFO - [2025-10-17T08:08:55.441+0000] {manager.py:499} INFO - Created Permission View: %s
[2025-10-17T08:08:55.447+0000] {logging_mixin.py:154} INFO - [2025-10-17T08:08:55.447+0000] {manager.py:499} INFO - Created Permission View: %s
[2025-10-17T08:08:55.448+0000] {logging_mixin.py:154} INFO - [2025-10-17T08:08:55.448+0000] {dag.py:2941} INFO - Sync 1 DAGs
[2025-10-17T08:08:55.461+0000] {logging_mixin.py:154} INFO - [2025-10-17T08:08:55.461+0000] {dag.py:2963} INFO - Creating ORM DAG for latest_only
[2025-10-17T08:08:55.474+0000] {logging_mixin.py:154} INFO - [2025-10-17T08:08:55.474+0000] {dag.py:3722} INFO - Setting next_dagrun for latest_only to 2025-10-17T04:08:55.473836+00:00, run_after=2025-10-17T08:08:55.473836+00:00
[2025-10-17T08:08:55.493+0000] {processor.py:179} INFO - Processing /home/airflow/.local/lib/python3.8/site-packages/airflow/example_dags/example_latest_only.py took 0.198 seconds
[2025-10-17T08:09:25.532+0000] {processor.py:157} INFO - Started process (PID=151) to work on /home/airflow/.local/lib/python3.8/site-packages/airflow/example_dags/example_latest_only.py
[2025-10-17T08:09:25.533+0000] {processor.py:829} INFO - Processing file /home/airflow/.local/lib/python3.8/site-packages/airflow/example_dags/example_latest_only.py for tasks to queue
[2025-10-17T08:09:25.535+0000] {logging_mixin.py:154} INFO - [2025-10-17T08:09:25.535+0000] {dagbag.py:536} INFO - Filling up the DagBag from /home/airflow/.local/lib/python3.8/site-packages/airflow/example_dags/example_latest_only.py
[2025-10-17T08:09:25.540+0000] {processor.py:839} INFO - DAG(s) dict_keys(['latest_only']) retrieved from /home/airflow/.local/lib/python3.8/site-packages/airflow/example_dags/example_latest_only.py
[2025-10-17T08:09:25.561+0000] {logging_mixin.py:154} INFO - [2025-10-17T08:09:25.561+0000] {dag.py:2941} INFO - Sync 1 DAGs
[2025-10-17T08:09:25.581+0000] {logging_mixin.py:154} INFO - [2025-10-17T08:09:25.581+0000] {dag.py:3722} INFO - Setting next_dagrun for latest_only to 2025-10-17T04:09:25.581419+00:00, run_after=2025-10-17T08:09:25.581419+00:00
[2025-10-17T08:09:25.601+0000] {processor.py:179} INFO - Processing /home/airflow/.local/lib/python3.8/site-packages/airflow/example_dags/example_latest_only.py took 0.072 seconds
[2025-10-17T08:09:56.568+0000] {processor.py:157} INFO - Started process (PID=207) to work on /home/airflow/.local/lib/python3.8/site-packages/airflow/example_dags/example_latest_only.py
[2025-10-17T08:09:56.569+0000] {processor.py:829} INFO - Processing file /home/airflow/.local/lib/python3.8/site-packages/airflow/example_dags/example_latest_only.py for tasks to queue
[2025-10-17T08:09:56.572+0000] {logging_mixin.py:154} INFO - [2025-10-17T08:09:56.571+0000] {dagbag.py:536} INFO - Filling up the DagBag from /home/airflow/.local/lib/python3.8/site-packages/airflow/example_dags/example_latest_only.py
[2025-10-17T08:09:56.578+0000] {processor.py:839} INFO - DAG(s) dict_keys(['latest_only']) retrieved from /home/airflow/.local/lib/python3.8/site-packages/airflow/example_dags/example_latest_only.py
[2025-10-17T08:09:56.603+0000] {logging_mixin.py:154} INFO - [2025-10-17T08:09:56.603+0000] {dag.py:2941} INFO - Sync 1 DAGs
[2025-10-17T08:09:56.628+0000] {logging_mixin.py:154} INFO - [2025-10-17T08:09:56.628+0000] {dag.py:3722} INFO - Setting next_dagrun for latest_only to 2025-10-17T04:09:56.627836+00:00, run_after=2025-10-17T08:09:56.627836+00:00
[2025-10-17T08:09:56.647+0000] {processor.py:179} INFO - Processing /home/airflow/.local/lib/python3.8/site-packages/airflow/example_dags/example_latest_only.py took 0.083 seconds
[2025-10-17T08:10:27.572+0000] {processor.py:157} INFO - Started process (PID=263) to work on /home/airflow/.local/lib/python3.8/site-packages/airflow/example_dags/example_latest_only.py
[2025-10-17T08:10:27.574+0000] {processor.py:829} INFO - Processing file /home/airflow/.local/lib/python3.8/site-packages/airflow/example_dags/example_latest_only.py for tasks to queue
[2025-10-17T08:10:27.576+0000] {logging_mixin.py:154} INFO - [2025-10-17T08:10:27.576+0000] {dagbag.py:536} INFO - Filling up the DagBag from /home/airflow/.local/lib/python3.8/site-packages/airflow/example_dags/example_latest_only.py
[2025-10-17T08:10:27.583+0000] {processor.py:839} INFO - DAG(s) dict_keys(['latest_only']) retrieved from /home/airflow/.local/lib/python3.8/site-packages/airflow/example_dags/example_latest_only.py
[2025-10-17T08:10:27.615+0000] {logging_mixin.py:154} INFO - [2025-10-17T08:10:27.615+0000] {dag.py:2941} INFO - Sync 1 DAGs
[2025-10-17T08:10:27.643+0000] {logging_mixin.py:154} INFO - [2025-10-17T08:10:27.643+0000] {dag.py:3722} INFO - Setting next_dagrun for latest_only to 2025-10-17T04:10:27.643158+00:00, run_after=2025-10-17T08:10:27.643158+00:00
[2025-10-17T08:10:27.667+0000] {processor.py:179} INFO - Processing /home/airflow/.local/lib/python3.8/site-packages/airflow/example_dags/example_latest_only.py took 0.099 seconds
[2025-10-17T08:10:58.169+0000] {processor.py:157} INFO - Started process (PID=319) to work on /home/airflow/.local/lib/python3.8/site-packages/airflow/example_dags/example_latest_only.py
[2025-10-17T08:10:58.170+0000] {processor.py:829} INFO - Processing file /home/airflow/.local/lib/python3.8/site-packages/airflow/example_dags/example_latest_only.py for tasks to queue
[2025-10-17T08:10:58.172+0000] {logging_mixin.py:154} INFO - [2025-10-17T08:10:58.172+0000] {dagbag.py:536} INFO - Filling up the DagBag from /home/airflow/.local/lib/python3.8/site-packages/airflow/example_dags/example_latest_only.py
[2025-10-17T08:10:58.177+0000] {processor.py:839} INFO - DAG(s) dict_keys(['latest_only']) retrieved from /home/airflow/.local/lib/python3.8/site-packages/airflow/example_dags/example_latest_only.py
[2025-10-17T08:10:58.198+0000] {logging_mixin.py:154} INFO - [2025-10-17T08:10:58.198+0000] {dag.py:2941} INFO - Sync 1 DAGs
[2025-10-17T08:10:58.219+0000] {logging_mixin.py:154} INFO - [2025-10-17T08:10:58.219+0000] {dag.py:3722} INFO - Setting next_dagrun for latest_only to 2025-10-17T04:10:58.218887+00:00, run_after=2025-10-17T08:10:58.218887+00:00
[2025-10-17T08:10:58.236+0000] {processor.py:179} INFO - Processing /home/airflow/.local/lib/python3.8/site-packages/airflow/example_dags/example_latest_only.py took 0.071 seconds
[2025-10-17T08:12:37.228+0000] {processor.py:157} INFO - Started process (PID=96) to work on /home/airflow/.local/lib/python3.8/site-packages/airflow/example_dags/example_latest_only.py
[2025-10-17T08:12:37.229+0000] {processor.py:829} INFO - Processing file /home/airflow/.local/lib/python3.8/site-packages/airflow/example_dags/example_latest_only.py for tasks to queue
[2025-10-17T08:12:37.232+0000] {logging_mixin.py:154} INFO - [2025-10-17T08:12:37.232+0000] {dagbag.py:536} INFO - Filling up the DagBag from /home/airflow/.local/lib/python3.8/site-packages/airflow/example_dags/example_latest_only.py
[2025-10-17T08:12:37.239+0000] {processor.py:839} INFO - DAG(s) dict_keys(['latest_only']) retrieved from /home/airflow/.local/lib/python3.8/site-packages/airflow/example_dags/example_latest_only.py
[2025-10-17T08:12:37.347+0000] {logging_mixin.py:154} INFO - [2025-10-17T08:12:37.346+0000] {manager.py:499} INFO - Created Permission View: %s
[2025-10-17T08:12:37.357+0000] {logging_mixin.py:154} INFO - [2025-10-17T08:12:37.357+0000] {manager.py:499} INFO - Created Permission View: %s
[2025-10-17T08:12:37.365+0000] {logging_mixin.py:154} INFO - [2025-10-17T08:12:37.365+0000] {manager.py:499} INFO - Created Permission View: %s
[2025-10-17T08:12:37.365+0000] {logging_mixin.py:154} INFO - [2025-10-17T08:12:37.365+0000] {dag.py:2941} INFO - Sync 1 DAGs
[2025-10-17T08:12:37.376+0000] {logging_mixin.py:154} INFO - [2025-10-17T08:12:37.376+0000] {dag.py:2963} INFO - Creating ORM DAG for latest_only
[2025-10-17T08:12:37.385+0000] {logging_mixin.py:154} INFO - [2025-10-17T08:12:37.385+0000] {dag.py:3722} INFO - Setting next_dagrun for latest_only to 2025-10-17T04:12:37.384804+00:00, run_after=2025-10-17T08:12:37.384804+00:00
[2025-10-17T08:12:37.410+0000] {processor.py:179} INFO - Processing /home/airflow/.local/lib/python3.8/site-packages/airflow/example_dags/example_latest_only.py took 0.186 seconds
[2025-10-17T08:13:07.689+0000] {processor.py:157} INFO - Started process (PID=152) to work on /home/airflow/.local/lib/python3.8/site-packages/airflow/example_dags/example_latest_only.py
[2025-10-17T08:13:07.690+0000] {processor.py:829} INFO - Processing file /home/airflow/.local/lib/python3.8/site-packages/airflow/example_dags/example_latest_only.py for tasks to queue
[2025-10-17T08:13:07.692+0000] {logging_mixin.py:154} INFO - [2025-10-17T08:13:07.692+0000] {dagbag.py:536} INFO - Filling up the DagBag from /home/airflow/.local/lib/python3.8/site-packages/airflow/example_dags/example_latest_only.py
[2025-10-17T08:13:07.697+0000] {processor.py:839} INFO - DAG(s) dict_keys(['latest_only']) retrieved from /home/airflow/.local/lib/python3.8/site-packages/airflow/example_dags/example_latest_only.py
[2025-10-17T08:13:07.716+0000] {logging_mixin.py:154} INFO - [2025-10-17T08:13:07.715+0000] {dag.py:2941} INFO - Sync 1 DAGs
[2025-10-17T08:13:07.734+0000] {logging_mixin.py:154} INFO - [2025-10-17T08:13:07.734+0000] {dag.py:3722} INFO - Setting next_dagrun for latest_only to 2025-10-17T04:13:07.734101+00:00, run_after=2025-10-17T08:13:07.734101+00:00
[2025-10-17T08:13:07.751+0000] {processor.py:179} INFO - Processing /home/airflow/.local/lib/python3.8/site-packages/airflow/example_dags/example_latest_only.py took 0.066 seconds
[2025-10-17T08:13:38.264+0000] {processor.py:157} INFO - Started process (PID=208) to work on /home/airflow/.local/lib/python3.8/site-packages/airflow/example_dags/example_latest_only.py
[2025-10-17T08:13:38.265+0000] {processor.py:829} INFO - Processing file /home/airflow/.local/lib/python3.8/site-packages/airflow/example_dags/example_latest_only.py for tasks to queue
[2025-10-17T08:13:38.267+0000] {logging_mixin.py:154} INFO - [2025-10-17T08:13:38.267+0000] {dagbag.py:536} INFO - Filling up the DagBag from /home/airflow/.local/lib/python3.8/site-packages/airflow/example_dags/example_latest_only.py
[2025-10-17T08:13:38.272+0000] {processor.py:839} INFO - DAG(s) dict_keys(['latest_only']) retrieved from /home/airflow/.local/lib/python3.8/site-packages/airflow/example_dags/example_latest_only.py
[2025-10-17T08:13:38.293+0000] {logging_mixin.py:154} INFO - [2025-10-17T08:13:38.293+0000] {dag.py:2941} INFO - Sync 1 DAGs
[2025-10-17T08:13:38.312+0000] {logging_mixin.py:154} INFO - [2025-10-17T08:13:38.312+0000] {dag.py:3722} INFO - Setting next_dagrun for latest_only to 2025-10-17T04:13:38.312113+00:00, run_after=2025-10-17T08:13:38.312113+00:00
[2025-10-17T08:13:38.329+0000] {processor.py:179} INFO - Processing /home/airflow/.local/lib/python3.8/site-packages/airflow/example_dags/example_latest_only.py took 0.069 seconds
