[2025-10-17T07:19:48.345+0000] {processor.py:157} INFO - Started process (PID=588) to work on /home/airflow/.local/lib/python3.8/site-packages/airflow/example_dags/example_branch_day_of_week_operator.py
[2025-10-17T07:19:48.347+0000] {processor.py:829} INFO - Processing file /home/airflow/.local/lib/python3.8/site-packages/airflow/example_dags/example_branch_day_of_week_operator.py for tasks to queue
[2025-10-17T07:19:48.351+0000] {logging_mixin.py:154} INFO - [2025-10-17T07:19:48.350+0000] {dagbag.py:536} INFO - Filling up the DagBag from /home/airflow/.local/lib/python3.8/site-packages/airflow/example_dags/example_branch_day_of_week_operator.py
[2025-10-17T07:19:48.374+0000] {processor.py:839} INFO - DAG(s) dict_keys(['example_weekday_branch_operator']) retrieved from /home/airflow/.local/lib/python3.8/site-packages/airflow/example_dags/example_branch_day_of_week_operator.py
[2025-10-17T07:19:48.431+0000] {logging_mixin.py:154} INFO - [2025-10-17T07:19:48.431+0000] {dag.py:2941} INFO - Sync 1 DAGs
[2025-10-17T07:19:48.488+0000] {logging_mixin.py:154} INFO - [2025-10-17T07:19:48.487+0000] {dag.py:3722} INFO - Setting next_dagrun for example_weekday_branch_operator to 2025-10-16T00:00:00+00:00, run_after=2025-10-17T00:00:00+00:00
[2025-10-17T07:19:48.544+0000] {processor.py:179} INFO - Processing /home/airflow/.local/lib/python3.8/site-packages/airflow/example_dags/example_branch_day_of_week_operator.py took 0.214 seconds
[2025-10-17T07:20:19.263+0000] {processor.py:157} INFO - Started process (PID=644) to work on /home/airflow/.local/lib/python3.8/site-packages/airflow/example_dags/example_branch_day_of_week_operator.py
[2025-10-17T07:20:19.265+0000] {processor.py:829} INFO - Processing file /home/airflow/.local/lib/python3.8/site-packages/airflow/example_dags/example_branch_day_of_week_operator.py for tasks to queue
[2025-10-17T07:20:19.267+0000] {logging_mixin.py:154} INFO - [2025-10-17T07:20:19.266+0000] {dagbag.py:536} INFO - Filling up the DagBag from /home/airflow/.local/lib/python3.8/site-packages/airflow/example_dags/example_branch_day_of_week_operator.py
[2025-10-17T07:20:19.274+0000] {processor.py:839} INFO - DAG(s) dict_keys(['example_weekday_branch_operator']) retrieved from /home/airflow/.local/lib/python3.8/site-packages/airflow/example_dags/example_branch_day_of_week_operator.py
[2025-10-17T07:20:19.296+0000] {logging_mixin.py:154} INFO - [2025-10-17T07:20:19.296+0000] {dag.py:2941} INFO - Sync 1 DAGs
[2025-10-17T07:20:19.318+0000] {logging_mixin.py:154} INFO - [2025-10-17T07:20:19.317+0000] {dag.py:3722} INFO - Setting next_dagrun for example_weekday_branch_operator to 2025-10-16T00:00:00+00:00, run_after=2025-10-17T00:00:00+00:00
[2025-10-17T07:20:19.337+0000] {processor.py:179} INFO - Processing /home/airflow/.local/lib/python3.8/site-packages/airflow/example_dags/example_branch_day_of_week_operator.py took 0.077 seconds
[2025-10-17T07:20:50.034+0000] {processor.py:157} INFO - Started process (PID=700) to work on /home/airflow/.local/lib/python3.8/site-packages/airflow/example_dags/example_branch_day_of_week_operator.py
[2025-10-17T07:20:50.037+0000] {processor.py:829} INFO - Processing file /home/airflow/.local/lib/python3.8/site-packages/airflow/example_dags/example_branch_day_of_week_operator.py for tasks to queue
[2025-10-17T07:20:50.041+0000] {logging_mixin.py:154} INFO - [2025-10-17T07:20:50.040+0000] {dagbag.py:536} INFO - Filling up the DagBag from /home/airflow/.local/lib/python3.8/site-packages/airflow/example_dags/example_branch_day_of_week_operator.py
[2025-10-17T07:20:50.058+0000] {processor.py:839} INFO - DAG(s) dict_keys(['example_weekday_branch_operator']) retrieved from /home/airflow/.local/lib/python3.8/site-packages/airflow/example_dags/example_branch_day_of_week_operator.py
[2025-10-17T07:20:50.096+0000] {logging_mixin.py:154} INFO - [2025-10-17T07:20:50.096+0000] {dag.py:2941} INFO - Sync 1 DAGs
[2025-10-17T07:20:50.135+0000] {logging_mixin.py:154} INFO - [2025-10-17T07:20:50.135+0000] {dag.py:3722} INFO - Setting next_dagrun for example_weekday_branch_operator to 2025-10-16T00:00:00+00:00, run_after=2025-10-17T00:00:00+00:00
[2025-10-17T07:20:50.183+0000] {processor.py:179} INFO - Processing /home/airflow/.local/lib/python3.8/site-packages/airflow/example_dags/example_branch_day_of_week_operator.py took 0.155 seconds
[2025-10-17T07:21:20.559+0000] {processor.py:157} INFO - Started process (PID=756) to work on /home/airflow/.local/lib/python3.8/site-packages/airflow/example_dags/example_branch_day_of_week_operator.py
[2025-10-17T07:21:20.560+0000] {processor.py:829} INFO - Processing file /home/airflow/.local/lib/python3.8/site-packages/airflow/example_dags/example_branch_day_of_week_operator.py for tasks to queue
[2025-10-17T07:21:20.562+0000] {logging_mixin.py:154} INFO - [2025-10-17T07:21:20.562+0000] {dagbag.py:536} INFO - Filling up the DagBag from /home/airflow/.local/lib/python3.8/site-packages/airflow/example_dags/example_branch_day_of_week_operator.py
[2025-10-17T07:21:20.569+0000] {processor.py:839} INFO - DAG(s) dict_keys(['example_weekday_branch_operator']) retrieved from /home/airflow/.local/lib/python3.8/site-packages/airflow/example_dags/example_branch_day_of_week_operator.py
[2025-10-17T07:21:20.589+0000] {logging_mixin.py:154} INFO - [2025-10-17T07:21:20.589+0000] {dag.py:2941} INFO - Sync 1 DAGs
[2025-10-17T07:21:20.607+0000] {logging_mixin.py:154} INFO - [2025-10-17T07:21:20.607+0000] {dag.py:3722} INFO - Setting next_dagrun for example_weekday_branch_operator to 2025-10-16T00:00:00+00:00, run_after=2025-10-17T00:00:00+00:00
[2025-10-17T07:21:20.627+0000] {processor.py:179} INFO - Processing /home/airflow/.local/lib/python3.8/site-packages/airflow/example_dags/example_branch_day_of_week_operator.py took 0.072 seconds
[2025-10-17T07:21:51.246+0000] {processor.py:157} INFO - Started process (PID=812) to work on /home/airflow/.local/lib/python3.8/site-packages/airflow/example_dags/example_branch_day_of_week_operator.py
[2025-10-17T07:21:51.248+0000] {processor.py:829} INFO - Processing file /home/airflow/.local/lib/python3.8/site-packages/airflow/example_dags/example_branch_day_of_week_operator.py for tasks to queue
[2025-10-17T07:21:51.251+0000] {logging_mixin.py:154} INFO - [2025-10-17T07:21:51.251+0000] {dagbag.py:536} INFO - Filling up the DagBag from /home/airflow/.local/lib/python3.8/site-packages/airflow/example_dags/example_branch_day_of_week_operator.py
[2025-10-17T07:21:51.260+0000] {processor.py:839} INFO - DAG(s) dict_keys(['example_weekday_branch_operator']) retrieved from /home/airflow/.local/lib/python3.8/site-packages/airflow/example_dags/example_branch_day_of_week_operator.py
[2025-10-17T07:21:51.291+0000] {logging_mixin.py:154} INFO - [2025-10-17T07:21:51.290+0000] {dag.py:2941} INFO - Sync 1 DAGs
[2025-10-17T07:21:51.331+0000] {logging_mixin.py:154} INFO - [2025-10-17T07:21:51.330+0000] {dag.py:3722} INFO - Setting next_dagrun for example_weekday_branch_operator to 2025-10-16T00:00:00+00:00, run_after=2025-10-17T00:00:00+00:00
[2025-10-17T07:21:51.362+0000] {processor.py:179} INFO - Processing /home/airflow/.local/lib/python3.8/site-packages/airflow/example_dags/example_branch_day_of_week_operator.py took 0.120 seconds
[2025-10-17T07:22:22.088+0000] {processor.py:157} INFO - Started process (PID=868) to work on /home/airflow/.local/lib/python3.8/site-packages/airflow/example_dags/example_branch_day_of_week_operator.py
[2025-10-17T07:22:22.089+0000] {processor.py:829} INFO - Processing file /home/airflow/.local/lib/python3.8/site-packages/airflow/example_dags/example_branch_day_of_week_operator.py for tasks to queue
[2025-10-17T07:22:22.092+0000] {logging_mixin.py:154} INFO - [2025-10-17T07:22:22.091+0000] {dagbag.py:536} INFO - Filling up the DagBag from /home/airflow/.local/lib/python3.8/site-packages/airflow/example_dags/example_branch_day_of_week_operator.py
[2025-10-17T07:22:22.098+0000] {processor.py:839} INFO - DAG(s) dict_keys(['example_weekday_branch_operator']) retrieved from /home/airflow/.local/lib/python3.8/site-packages/airflow/example_dags/example_branch_day_of_week_operator.py
[2025-10-17T07:22:22.118+0000] {logging_mixin.py:154} INFO - [2025-10-17T07:22:22.118+0000] {dag.py:2941} INFO - Sync 1 DAGs
[2025-10-17T07:22:22.136+0000] {logging_mixin.py:154} INFO - [2025-10-17T07:22:22.136+0000] {dag.py:3722} INFO - Setting next_dagrun for example_weekday_branch_operator to 2025-10-16T00:00:00+00:00, run_after=2025-10-17T00:00:00+00:00
[2025-10-17T07:22:22.165+0000] {processor.py:179} INFO - Processing /home/airflow/.local/lib/python3.8/site-packages/airflow/example_dags/example_branch_day_of_week_operator.py took 0.080 seconds
[2025-10-17T07:22:52.807+0000] {processor.py:157} INFO - Started process (PID=924) to work on /home/airflow/.local/lib/python3.8/site-packages/airflow/example_dags/example_branch_day_of_week_operator.py
[2025-10-17T07:22:52.808+0000] {processor.py:829} INFO - Processing file /home/airflow/.local/lib/python3.8/site-packages/airflow/example_dags/example_branch_day_of_week_operator.py for tasks to queue
[2025-10-17T07:22:52.810+0000] {logging_mixin.py:154} INFO - [2025-10-17T07:22:52.810+0000] {dagbag.py:536} INFO - Filling up the DagBag from /home/airflow/.local/lib/python3.8/site-packages/airflow/example_dags/example_branch_day_of_week_operator.py
[2025-10-17T07:22:52.818+0000] {processor.py:839} INFO - DAG(s) dict_keys(['example_weekday_branch_operator']) retrieved from /home/airflow/.local/lib/python3.8/site-packages/airflow/example_dags/example_branch_day_of_week_operator.py
[2025-10-17T07:22:52.841+0000] {logging_mixin.py:154} INFO - [2025-10-17T07:22:52.840+0000] {dag.py:2941} INFO - Sync 1 DAGs
[2025-10-17T07:22:52.862+0000] {logging_mixin.py:154} INFO - [2025-10-17T07:22:52.862+0000] {dag.py:3722} INFO - Setting next_dagrun for example_weekday_branch_operator to 2025-10-16T00:00:00+00:00, run_after=2025-10-17T00:00:00+00:00
[2025-10-17T07:22:52.880+0000] {processor.py:179} INFO - Processing /home/airflow/.local/lib/python3.8/site-packages/airflow/example_dags/example_branch_day_of_week_operator.py took 0.077 seconds
[2025-10-17T07:23:23.029+0000] {processor.py:157} INFO - Started process (PID=980) to work on /home/airflow/.local/lib/python3.8/site-packages/airflow/example_dags/example_branch_day_of_week_operator.py
[2025-10-17T07:23:23.030+0000] {processor.py:829} INFO - Processing file /home/airflow/.local/lib/python3.8/site-packages/airflow/example_dags/example_branch_day_of_week_operator.py for tasks to queue
[2025-10-17T07:23:23.033+0000] {logging_mixin.py:154} INFO - [2025-10-17T07:23:23.032+0000] {dagbag.py:536} INFO - Filling up the DagBag from /home/airflow/.local/lib/python3.8/site-packages/airflow/example_dags/example_branch_day_of_week_operator.py
[2025-10-17T07:23:23.041+0000] {processor.py:839} INFO - DAG(s) dict_keys(['example_weekday_branch_operator']) retrieved from /home/airflow/.local/lib/python3.8/site-packages/airflow/example_dags/example_branch_day_of_week_operator.py
[2025-10-17T07:23:23.062+0000] {logging_mixin.py:154} INFO - [2025-10-17T07:23:23.062+0000] {dag.py:2941} INFO - Sync 1 DAGs
[2025-10-17T07:23:23.087+0000] {logging_mixin.py:154} INFO - [2025-10-17T07:23:23.086+0000] {dag.py:3722} INFO - Setting next_dagrun for example_weekday_branch_operator to 2025-10-16T00:00:00+00:00, run_after=2025-10-17T00:00:00+00:00
[2025-10-17T07:23:23.253+0000] {processor.py:179} INFO - Processing /home/airflow/.local/lib/python3.8/site-packages/airflow/example_dags/example_branch_day_of_week_operator.py took 0.227 seconds
[2025-10-17T07:23:53.386+0000] {processor.py:157} INFO - Started process (PID=1036) to work on /home/airflow/.local/lib/python3.8/site-packages/airflow/example_dags/example_branch_day_of_week_operator.py
[2025-10-17T07:23:53.388+0000] {processor.py:829} INFO - Processing file /home/airflow/.local/lib/python3.8/site-packages/airflow/example_dags/example_branch_day_of_week_operator.py for tasks to queue
[2025-10-17T07:23:53.390+0000] {logging_mixin.py:154} INFO - [2025-10-17T07:23:53.389+0000] {dagbag.py:536} INFO - Filling up the DagBag from /home/airflow/.local/lib/python3.8/site-packages/airflow/example_dags/example_branch_day_of_week_operator.py
[2025-10-17T07:23:53.398+0000] {processor.py:839} INFO - DAG(s) dict_keys(['example_weekday_branch_operator']) retrieved from /home/airflow/.local/lib/python3.8/site-packages/airflow/example_dags/example_branch_day_of_week_operator.py
[2025-10-17T07:23:53.421+0000] {logging_mixin.py:154} INFO - [2025-10-17T07:23:53.421+0000] {dag.py:2941} INFO - Sync 1 DAGs
[2025-10-17T07:23:53.443+0000] {logging_mixin.py:154} INFO - [2025-10-17T07:23:53.443+0000] {dag.py:3722} INFO - Setting next_dagrun for example_weekday_branch_operator to 2025-10-16T00:00:00+00:00, run_after=2025-10-17T00:00:00+00:00
[2025-10-17T07:23:53.460+0000] {processor.py:179} INFO - Processing /home/airflow/.local/lib/python3.8/site-packages/airflow/example_dags/example_branch_day_of_week_operator.py took 0.078 seconds
[2025-10-17T07:24:24.389+0000] {processor.py:157} INFO - Started process (PID=1092) to work on /home/airflow/.local/lib/python3.8/site-packages/airflow/example_dags/example_branch_day_of_week_operator.py
[2025-10-17T07:24:24.390+0000] {processor.py:829} INFO - Processing file /home/airflow/.local/lib/python3.8/site-packages/airflow/example_dags/example_branch_day_of_week_operator.py for tasks to queue
[2025-10-17T07:24:24.393+0000] {logging_mixin.py:154} INFO - [2025-10-17T07:24:24.392+0000] {dagbag.py:536} INFO - Filling up the DagBag from /home/airflow/.local/lib/python3.8/site-packages/airflow/example_dags/example_branch_day_of_week_operator.py
[2025-10-17T07:24:24.401+0000] {processor.py:839} INFO - DAG(s) dict_keys(['example_weekday_branch_operator']) retrieved from /home/airflow/.local/lib/python3.8/site-packages/airflow/example_dags/example_branch_day_of_week_operator.py
[2025-10-17T07:24:24.424+0000] {logging_mixin.py:154} INFO - [2025-10-17T07:24:24.424+0000] {dag.py:2941} INFO - Sync 1 DAGs
[2025-10-17T07:24:24.452+0000] {logging_mixin.py:154} INFO - [2025-10-17T07:24:24.452+0000] {dag.py:3722} INFO - Setting next_dagrun for example_weekday_branch_operator to 2025-10-16T00:00:00+00:00, run_after=2025-10-17T00:00:00+00:00
[2025-10-17T07:24:24.472+0000] {processor.py:179} INFO - Processing /home/airflow/.local/lib/python3.8/site-packages/airflow/example_dags/example_branch_day_of_week_operator.py took 0.087 seconds
[2025-10-17T07:24:55.823+0000] {processor.py:157} INFO - Started process (PID=1161) to work on /home/airflow/.local/lib/python3.8/site-packages/airflow/example_dags/example_branch_day_of_week_operator.py
[2025-10-17T07:24:55.824+0000] {processor.py:829} INFO - Processing file /home/airflow/.local/lib/python3.8/site-packages/airflow/example_dags/example_branch_day_of_week_operator.py for tasks to queue
[2025-10-17T07:24:55.826+0000] {logging_mixin.py:154} INFO - [2025-10-17T07:24:55.826+0000] {dagbag.py:536} INFO - Filling up the DagBag from /home/airflow/.local/lib/python3.8/site-packages/airflow/example_dags/example_branch_day_of_week_operator.py
[2025-10-17T07:24:55.834+0000] {processor.py:839} INFO - DAG(s) dict_keys(['example_weekday_branch_operator']) retrieved from /home/airflow/.local/lib/python3.8/site-packages/airflow/example_dags/example_branch_day_of_week_operator.py
[2025-10-17T07:24:55.854+0000] {logging_mixin.py:154} INFO - [2025-10-17T07:24:55.853+0000] {dag.py:2941} INFO - Sync 1 DAGs
[2025-10-17T07:24:55.876+0000] {logging_mixin.py:154} INFO - [2025-10-17T07:24:55.876+0000] {dag.py:3722} INFO - Setting next_dagrun for example_weekday_branch_operator to 2025-10-16T00:00:00+00:00, run_after=2025-10-17T00:00:00+00:00
[2025-10-17T07:24:56.028+0000] {processor.py:179} INFO - Processing /home/airflow/.local/lib/python3.8/site-packages/airflow/example_dags/example_branch_day_of_week_operator.py took 0.209 seconds
[2025-10-17T07:25:26.388+0000] {processor.py:157} INFO - Started process (PID=1217) to work on /home/airflow/.local/lib/python3.8/site-packages/airflow/example_dags/example_branch_day_of_week_operator.py
[2025-10-17T07:25:26.389+0000] {processor.py:829} INFO - Processing file /home/airflow/.local/lib/python3.8/site-packages/airflow/example_dags/example_branch_day_of_week_operator.py for tasks to queue
[2025-10-17T07:25:26.391+0000] {logging_mixin.py:154} INFO - [2025-10-17T07:25:26.391+0000] {dagbag.py:536} INFO - Filling up the DagBag from /home/airflow/.local/lib/python3.8/site-packages/airflow/example_dags/example_branch_day_of_week_operator.py
[2025-10-17T07:25:26.398+0000] {processor.py:839} INFO - DAG(s) dict_keys(['example_weekday_branch_operator']) retrieved from /home/airflow/.local/lib/python3.8/site-packages/airflow/example_dags/example_branch_day_of_week_operator.py
[2025-10-17T07:25:26.419+0000] {logging_mixin.py:154} INFO - [2025-10-17T07:25:26.419+0000] {dag.py:2941} INFO - Sync 1 DAGs
[2025-10-17T07:25:26.439+0000] {logging_mixin.py:154} INFO - [2025-10-17T07:25:26.439+0000] {dag.py:3722} INFO - Setting next_dagrun for example_weekday_branch_operator to 2025-10-16T00:00:00+00:00, run_after=2025-10-17T00:00:00+00:00
[2025-10-17T07:25:26.458+0000] {processor.py:179} INFO - Processing /home/airflow/.local/lib/python3.8/site-packages/airflow/example_dags/example_branch_day_of_week_operator.py took 0.073 seconds
[2025-10-17T07:25:57.223+0000] {processor.py:157} INFO - Started process (PID=1273) to work on /home/airflow/.local/lib/python3.8/site-packages/airflow/example_dags/example_branch_day_of_week_operator.py
[2025-10-17T07:25:57.224+0000] {processor.py:829} INFO - Processing file /home/airflow/.local/lib/python3.8/site-packages/airflow/example_dags/example_branch_day_of_week_operator.py for tasks to queue
[2025-10-17T07:25:57.227+0000] {logging_mixin.py:154} INFO - [2025-10-17T07:25:57.227+0000] {dagbag.py:536} INFO - Filling up the DagBag from /home/airflow/.local/lib/python3.8/site-packages/airflow/example_dags/example_branch_day_of_week_operator.py
[2025-10-17T07:25:57.234+0000] {processor.py:839} INFO - DAG(s) dict_keys(['example_weekday_branch_operator']) retrieved from /home/airflow/.local/lib/python3.8/site-packages/airflow/example_dags/example_branch_day_of_week_operator.py
[2025-10-17T07:25:57.255+0000] {logging_mixin.py:154} INFO - [2025-10-17T07:25:57.254+0000] {dag.py:2941} INFO - Sync 1 DAGs
[2025-10-17T07:25:57.272+0000] {logging_mixin.py:154} INFO - [2025-10-17T07:25:57.272+0000] {dag.py:3722} INFO - Setting next_dagrun for example_weekday_branch_operator to 2025-10-16T00:00:00+00:00, run_after=2025-10-17T00:00:00+00:00
[2025-10-17T07:25:57.289+0000] {processor.py:179} INFO - Processing /home/airflow/.local/lib/python3.8/site-packages/airflow/example_dags/example_branch_day_of_week_operator.py took 0.069 seconds
[2025-10-17T07:26:27.862+0000] {processor.py:157} INFO - Started process (PID=1331) to work on /home/airflow/.local/lib/python3.8/site-packages/airflow/example_dags/example_branch_day_of_week_operator.py
[2025-10-17T07:26:27.863+0000] {processor.py:829} INFO - Processing file /home/airflow/.local/lib/python3.8/site-packages/airflow/example_dags/example_branch_day_of_week_operator.py for tasks to queue
[2025-10-17T07:26:27.865+0000] {logging_mixin.py:154} INFO - [2025-10-17T07:26:27.865+0000] {dagbag.py:536} INFO - Filling up the DagBag from /home/airflow/.local/lib/python3.8/site-packages/airflow/example_dags/example_branch_day_of_week_operator.py
[2025-10-17T07:26:27.872+0000] {processor.py:839} INFO - DAG(s) dict_keys(['example_weekday_branch_operator']) retrieved from /home/airflow/.local/lib/python3.8/site-packages/airflow/example_dags/example_branch_day_of_week_operator.py
[2025-10-17T07:26:27.891+0000] {logging_mixin.py:154} INFO - [2025-10-17T07:26:27.891+0000] {dag.py:2941} INFO - Sync 1 DAGs
[2025-10-17T07:26:27.910+0000] {logging_mixin.py:154} INFO - [2025-10-17T07:26:27.910+0000] {dag.py:3722} INFO - Setting next_dagrun for example_weekday_branch_operator to 2025-10-16T00:00:00+00:00, run_after=2025-10-17T00:00:00+00:00
[2025-10-17T07:26:27.926+0000] {processor.py:179} INFO - Processing /home/airflow/.local/lib/python3.8/site-packages/airflow/example_dags/example_branch_day_of_week_operator.py took 0.066 seconds
[2025-10-17T07:26:58.188+0000] {processor.py:157} INFO - Started process (PID=1386) to work on /home/airflow/.local/lib/python3.8/site-packages/airflow/example_dags/example_branch_day_of_week_operator.py
[2025-10-17T07:26:58.190+0000] {processor.py:829} INFO - Processing file /home/airflow/.local/lib/python3.8/site-packages/airflow/example_dags/example_branch_day_of_week_operator.py for tasks to queue
[2025-10-17T07:26:58.192+0000] {logging_mixin.py:154} INFO - [2025-10-17T07:26:58.192+0000] {dagbag.py:536} INFO - Filling up the DagBag from /home/airflow/.local/lib/python3.8/site-packages/airflow/example_dags/example_branch_day_of_week_operator.py
[2025-10-17T07:26:58.199+0000] {processor.py:839} INFO - DAG(s) dict_keys(['example_weekday_branch_operator']) retrieved from /home/airflow/.local/lib/python3.8/site-packages/airflow/example_dags/example_branch_day_of_week_operator.py
[2025-10-17T07:26:58.219+0000] {logging_mixin.py:154} INFO - [2025-10-17T07:26:58.219+0000] {dag.py:2941} INFO - Sync 1 DAGs
[2025-10-17T07:26:58.238+0000] {logging_mixin.py:154} INFO - [2025-10-17T07:26:58.238+0000] {dag.py:3722} INFO - Setting next_dagrun for example_weekday_branch_operator to 2025-10-16T00:00:00+00:00, run_after=2025-10-17T00:00:00+00:00
[2025-10-17T07:26:58.255+0000] {processor.py:179} INFO - Processing /home/airflow/.local/lib/python3.8/site-packages/airflow/example_dags/example_branch_day_of_week_operator.py took 0.070 seconds
[2025-10-17T07:27:28.422+0000] {processor.py:157} INFO - Started process (PID=1441) to work on /home/airflow/.local/lib/python3.8/site-packages/airflow/example_dags/example_branch_day_of_week_operator.py
[2025-10-17T07:27:28.423+0000] {processor.py:829} INFO - Processing file /home/airflow/.local/lib/python3.8/site-packages/airflow/example_dags/example_branch_day_of_week_operator.py for tasks to queue
[2025-10-17T07:27:28.425+0000] {logging_mixin.py:154} INFO - [2025-10-17T07:27:28.425+0000] {dagbag.py:536} INFO - Filling up the DagBag from /home/airflow/.local/lib/python3.8/site-packages/airflow/example_dags/example_branch_day_of_week_operator.py
[2025-10-17T07:27:28.433+0000] {processor.py:839} INFO - DAG(s) dict_keys(['example_weekday_branch_operator']) retrieved from /home/airflow/.local/lib/python3.8/site-packages/airflow/example_dags/example_branch_day_of_week_operator.py
[2025-10-17T07:27:28.453+0000] {logging_mixin.py:154} INFO - [2025-10-17T07:27:28.453+0000] {dag.py:2941} INFO - Sync 1 DAGs
[2025-10-17T07:27:28.472+0000] {logging_mixin.py:154} INFO - [2025-10-17T07:27:28.472+0000] {dag.py:3722} INFO - Setting next_dagrun for example_weekday_branch_operator to 2025-10-16T00:00:00+00:00, run_after=2025-10-17T00:00:00+00:00
[2025-10-17T07:27:28.489+0000] {processor.py:179} INFO - Processing /home/airflow/.local/lib/python3.8/site-packages/airflow/example_dags/example_branch_day_of_week_operator.py took 0.070 seconds
[2025-10-17T07:27:58.582+0000] {processor.py:157} INFO - Started process (PID=1496) to work on /home/airflow/.local/lib/python3.8/site-packages/airflow/example_dags/example_branch_day_of_week_operator.py
[2025-10-17T07:27:58.583+0000] {processor.py:829} INFO - Processing file /home/airflow/.local/lib/python3.8/site-packages/airflow/example_dags/example_branch_day_of_week_operator.py for tasks to queue
[2025-10-17T07:27:58.584+0000] {logging_mixin.py:154} INFO - [2025-10-17T07:27:58.584+0000] {dagbag.py:536} INFO - Filling up the DagBag from /home/airflow/.local/lib/python3.8/site-packages/airflow/example_dags/example_branch_day_of_week_operator.py
[2025-10-17T07:27:58.591+0000] {processor.py:839} INFO - DAG(s) dict_keys(['example_weekday_branch_operator']) retrieved from /home/airflow/.local/lib/python3.8/site-packages/airflow/example_dags/example_branch_day_of_week_operator.py
[2025-10-17T07:27:58.614+0000] {logging_mixin.py:154} INFO - [2025-10-17T07:27:58.614+0000] {dag.py:2941} INFO - Sync 1 DAGs
[2025-10-17T07:27:58.635+0000] {logging_mixin.py:154} INFO - [2025-10-17T07:27:58.634+0000] {dag.py:3722} INFO - Setting next_dagrun for example_weekday_branch_operator to 2025-10-16T00:00:00+00:00, run_after=2025-10-17T00:00:00+00:00
[2025-10-17T07:27:58.652+0000] {processor.py:179} INFO - Processing /home/airflow/.local/lib/python3.8/site-packages/airflow/example_dags/example_branch_day_of_week_operator.py took 0.073 seconds
[2025-10-17T07:28:28.858+0000] {processor.py:157} INFO - Started process (PID=1554) to work on /home/airflow/.local/lib/python3.8/site-packages/airflow/example_dags/example_branch_day_of_week_operator.py
[2025-10-17T07:28:28.859+0000] {processor.py:829} INFO - Processing file /home/airflow/.local/lib/python3.8/site-packages/airflow/example_dags/example_branch_day_of_week_operator.py for tasks to queue
[2025-10-17T07:28:28.860+0000] {logging_mixin.py:154} INFO - [2025-10-17T07:28:28.860+0000] {dagbag.py:536} INFO - Filling up the DagBag from /home/airflow/.local/lib/python3.8/site-packages/airflow/example_dags/example_branch_day_of_week_operator.py
[2025-10-17T07:28:28.867+0000] {processor.py:839} INFO - DAG(s) dict_keys(['example_weekday_branch_operator']) retrieved from /home/airflow/.local/lib/python3.8/site-packages/airflow/example_dags/example_branch_day_of_week_operator.py
[2025-10-17T07:28:28.887+0000] {logging_mixin.py:154} INFO - [2025-10-17T07:28:28.887+0000] {dag.py:2941} INFO - Sync 1 DAGs
[2025-10-17T07:28:28.906+0000] {logging_mixin.py:154} INFO - [2025-10-17T07:28:28.906+0000] {dag.py:3722} INFO - Setting next_dagrun for example_weekday_branch_operator to 2025-10-16T00:00:00+00:00, run_after=2025-10-17T00:00:00+00:00
[2025-10-17T07:28:28.922+0000] {processor.py:179} INFO - Processing /home/airflow/.local/lib/python3.8/site-packages/airflow/example_dags/example_branch_day_of_week_operator.py took 0.067 seconds
[2025-10-17T07:28:59.248+0000] {processor.py:157} INFO - Started process (PID=1610) to work on /home/airflow/.local/lib/python3.8/site-packages/airflow/example_dags/example_branch_day_of_week_operator.py
[2025-10-17T07:28:59.249+0000] {processor.py:829} INFO - Processing file /home/airflow/.local/lib/python3.8/site-packages/airflow/example_dags/example_branch_day_of_week_operator.py for tasks to queue
[2025-10-17T07:28:59.250+0000] {logging_mixin.py:154} INFO - [2025-10-17T07:28:59.249+0000] {dagbag.py:536} INFO - Filling up the DagBag from /home/airflow/.local/lib/python3.8/site-packages/airflow/example_dags/example_branch_day_of_week_operator.py
[2025-10-17T07:28:59.260+0000] {processor.py:839} INFO - DAG(s) dict_keys(['example_weekday_branch_operator']) retrieved from /home/airflow/.local/lib/python3.8/site-packages/airflow/example_dags/example_branch_day_of_week_operator.py
[2025-10-17T07:28:59.287+0000] {logging_mixin.py:154} INFO - [2025-10-17T07:28:59.287+0000] {dag.py:2941} INFO - Sync 1 DAGs
[2025-10-17T07:28:59.320+0000] {logging_mixin.py:154} INFO - [2025-10-17T07:28:59.319+0000] {dag.py:3722} INFO - Setting next_dagrun for example_weekday_branch_operator to 2025-10-16T00:00:00+00:00, run_after=2025-10-17T00:00:00+00:00
[2025-10-17T07:28:59.340+0000] {processor.py:179} INFO - Processing /home/airflow/.local/lib/python3.8/site-packages/airflow/example_dags/example_branch_day_of_week_operator.py took 0.095 seconds
[2025-10-17T07:30:23.928+0000] {processor.py:157} INFO - Started process (PID=94) to work on /home/airflow/.local/lib/python3.8/site-packages/airflow/example_dags/example_branch_day_of_week_operator.py
[2025-10-17T07:30:23.931+0000] {processor.py:829} INFO - Processing file /home/airflow/.local/lib/python3.8/site-packages/airflow/example_dags/example_branch_day_of_week_operator.py for tasks to queue
[2025-10-17T07:30:23.936+0000] {logging_mixin.py:154} INFO - [2025-10-17T07:30:23.935+0000] {dagbag.py:536} INFO - Filling up the DagBag from /home/airflow/.local/lib/python3.8/site-packages/airflow/example_dags/example_branch_day_of_week_operator.py
[2025-10-17T07:30:23.956+0000] {processor.py:839} INFO - DAG(s) dict_keys(['example_weekday_branch_operator']) retrieved from /home/airflow/.local/lib/python3.8/site-packages/airflow/example_dags/example_branch_day_of_week_operator.py
[2025-10-17T07:30:24.194+0000] {logging_mixin.py:154} INFO - [2025-10-17T07:30:24.194+0000] {manager.py:499} INFO - Created Permission View: %s
[2025-10-17T07:30:24.227+0000] {logging_mixin.py:154} INFO - [2025-10-17T07:30:24.227+0000] {manager.py:499} INFO - Created Permission View: %s
[2025-10-17T07:30:24.249+0000] {logging_mixin.py:154} INFO - [2025-10-17T07:30:24.249+0000] {manager.py:499} INFO - Created Permission View: %s
[2025-10-17T07:30:24.251+0000] {logging_mixin.py:154} INFO - [2025-10-17T07:30:24.250+0000] {dag.py:2941} INFO - Sync 1 DAGs
[2025-10-17T07:30:24.280+0000] {logging_mixin.py:154} INFO - [2025-10-17T07:30:24.279+0000] {dag.py:2963} INFO - Creating ORM DAG for example_weekday_branch_operator
[2025-10-17T07:30:24.312+0000] {logging_mixin.py:154} INFO - [2025-10-17T07:30:24.312+0000] {dag.py:3722} INFO - Setting next_dagrun for example_weekday_branch_operator to 2025-10-16T00:00:00+00:00, run_after=2025-10-17T00:00:00+00:00
[2025-10-17T07:30:24.357+0000] {processor.py:179} INFO - Processing /home/airflow/.local/lib/python3.8/site-packages/airflow/example_dags/example_branch_day_of_week_operator.py took 0.438 seconds
[2025-10-17T07:30:55.277+0000] {processor.py:157} INFO - Started process (PID=150) to work on /home/airflow/.local/lib/python3.8/site-packages/airflow/example_dags/example_branch_day_of_week_operator.py
[2025-10-17T07:30:55.280+0000] {processor.py:829} INFO - Processing file /home/airflow/.local/lib/python3.8/site-packages/airflow/example_dags/example_branch_day_of_week_operator.py for tasks to queue
[2025-10-17T07:30:55.284+0000] {logging_mixin.py:154} INFO - [2025-10-17T07:30:55.283+0000] {dagbag.py:536} INFO - Filling up the DagBag from /home/airflow/.local/lib/python3.8/site-packages/airflow/example_dags/example_branch_day_of_week_operator.py
[2025-10-17T07:30:55.296+0000] {processor.py:839} INFO - DAG(s) dict_keys(['example_weekday_branch_operator']) retrieved from /home/airflow/.local/lib/python3.8/site-packages/airflow/example_dags/example_branch_day_of_week_operator.py
[2025-10-17T07:30:55.330+0000] {logging_mixin.py:154} INFO - [2025-10-17T07:30:55.329+0000] {dag.py:2941} INFO - Sync 1 DAGs
[2025-10-17T07:30:55.363+0000] {logging_mixin.py:154} INFO - [2025-10-17T07:30:55.363+0000] {dag.py:3722} INFO - Setting next_dagrun for example_weekday_branch_operator to 2025-10-16T00:00:00+00:00, run_after=2025-10-17T00:00:00+00:00
[2025-10-17T07:30:55.394+0000] {processor.py:179} INFO - Processing /home/airflow/.local/lib/python3.8/site-packages/airflow/example_dags/example_branch_day_of_week_operator.py took 0.121 seconds
[2025-10-17T07:31:25.950+0000] {processor.py:157} INFO - Started process (PID=206) to work on /home/airflow/.local/lib/python3.8/site-packages/airflow/example_dags/example_branch_day_of_week_operator.py
[2025-10-17T07:31:25.951+0000] {processor.py:829} INFO - Processing file /home/airflow/.local/lib/python3.8/site-packages/airflow/example_dags/example_branch_day_of_week_operator.py for tasks to queue
[2025-10-17T07:31:25.954+0000] {logging_mixin.py:154} INFO - [2025-10-17T07:31:25.954+0000] {dagbag.py:536} INFO - Filling up the DagBag from /home/airflow/.local/lib/python3.8/site-packages/airflow/example_dags/example_branch_day_of_week_operator.py
[2025-10-17T07:31:25.964+0000] {processor.py:839} INFO - DAG(s) dict_keys(['example_weekday_branch_operator']) retrieved from /home/airflow/.local/lib/python3.8/site-packages/airflow/example_dags/example_branch_day_of_week_operator.py
[2025-10-17T07:31:25.988+0000] {logging_mixin.py:154} INFO - [2025-10-17T07:31:25.987+0000] {dag.py:2941} INFO - Sync 1 DAGs
[2025-10-17T07:31:26.009+0000] {logging_mixin.py:154} INFO - [2025-10-17T07:31:26.009+0000] {dag.py:3722} INFO - Setting next_dagrun for example_weekday_branch_operator to 2025-10-16T00:00:00+00:00, run_after=2025-10-17T00:00:00+00:00
[2025-10-17T07:31:26.026+0000] {processor.py:179} INFO - Processing /home/airflow/.local/lib/python3.8/site-packages/airflow/example_dags/example_branch_day_of_week_operator.py took 0.080 seconds
[2025-10-17T07:31:56.250+0000] {processor.py:157} INFO - Started process (PID=262) to work on /home/airflow/.local/lib/python3.8/site-packages/airflow/example_dags/example_branch_day_of_week_operator.py
[2025-10-17T07:31:56.252+0000] {processor.py:829} INFO - Processing file /home/airflow/.local/lib/python3.8/site-packages/airflow/example_dags/example_branch_day_of_week_operator.py for tasks to queue
[2025-10-17T07:31:56.254+0000] {logging_mixin.py:154} INFO - [2025-10-17T07:31:56.254+0000] {dagbag.py:536} INFO - Filling up the DagBag from /home/airflow/.local/lib/python3.8/site-packages/airflow/example_dags/example_branch_day_of_week_operator.py
[2025-10-17T07:31:56.263+0000] {processor.py:839} INFO - DAG(s) dict_keys(['example_weekday_branch_operator']) retrieved from /home/airflow/.local/lib/python3.8/site-packages/airflow/example_dags/example_branch_day_of_week_operator.py
[2025-10-17T07:31:56.285+0000] {logging_mixin.py:154} INFO - [2025-10-17T07:31:56.284+0000] {dag.py:2941} INFO - Sync 1 DAGs
[2025-10-17T07:31:56.307+0000] {logging_mixin.py:154} INFO - [2025-10-17T07:31:56.306+0000] {dag.py:3722} INFO - Setting next_dagrun for example_weekday_branch_operator to 2025-10-16T00:00:00+00:00, run_after=2025-10-17T00:00:00+00:00
[2025-10-17T07:31:56.325+0000] {processor.py:179} INFO - Processing /home/airflow/.local/lib/python3.8/site-packages/airflow/example_dags/example_branch_day_of_week_operator.py took 0.078 seconds
[2025-10-17T07:32:27.247+0000] {processor.py:157} INFO - Started process (PID=321) to work on /home/airflow/.local/lib/python3.8/site-packages/airflow/example_dags/example_branch_day_of_week_operator.py
[2025-10-17T07:32:27.248+0000] {processor.py:829} INFO - Processing file /home/airflow/.local/lib/python3.8/site-packages/airflow/example_dags/example_branch_day_of_week_operator.py for tasks to queue
[2025-10-17T07:32:27.251+0000] {logging_mixin.py:154} INFO - [2025-10-17T07:32:27.250+0000] {dagbag.py:536} INFO - Filling up the DagBag from /home/airflow/.local/lib/python3.8/site-packages/airflow/example_dags/example_branch_day_of_week_operator.py
[2025-10-17T07:32:27.258+0000] {processor.py:839} INFO - DAG(s) dict_keys(['example_weekday_branch_operator']) retrieved from /home/airflow/.local/lib/python3.8/site-packages/airflow/example_dags/example_branch_day_of_week_operator.py
[2025-10-17T07:32:27.280+0000] {logging_mixin.py:154} INFO - [2025-10-17T07:32:27.280+0000] {dag.py:2941} INFO - Sync 1 DAGs
[2025-10-17T07:32:27.302+0000] {logging_mixin.py:154} INFO - [2025-10-17T07:32:27.302+0000] {dag.py:3722} INFO - Setting next_dagrun for example_weekday_branch_operator to 2025-10-16T00:00:00+00:00, run_after=2025-10-17T00:00:00+00:00
[2025-10-17T07:32:27.322+0000] {processor.py:179} INFO - Processing /home/airflow/.local/lib/python3.8/site-packages/airflow/example_dags/example_branch_day_of_week_operator.py took 0.079 seconds
[2025-10-17T07:35:45.496+0000] {processor.py:157} INFO - Started process (PID=90) to work on /home/airflow/.local/lib/python3.8/site-packages/airflow/example_dags/example_branch_day_of_week_operator.py
[2025-10-17T07:35:45.497+0000] {processor.py:829} INFO - Processing file /home/airflow/.local/lib/python3.8/site-packages/airflow/example_dags/example_branch_day_of_week_operator.py for tasks to queue
[2025-10-17T07:35:45.499+0000] {logging_mixin.py:154} INFO - [2025-10-17T07:35:45.499+0000] {dagbag.py:536} INFO - Filling up the DagBag from /home/airflow/.local/lib/python3.8/site-packages/airflow/example_dags/example_branch_day_of_week_operator.py
[2025-10-17T07:35:45.507+0000] {processor.py:839} INFO - DAG(s) dict_keys(['example_weekday_branch_operator']) retrieved from /home/airflow/.local/lib/python3.8/site-packages/airflow/example_dags/example_branch_day_of_week_operator.py
[2025-10-17T07:35:45.611+0000] {logging_mixin.py:154} INFO - [2025-10-17T07:35:45.611+0000] {manager.py:499} INFO - Created Permission View: %s
[2025-10-17T07:35:45.623+0000] {logging_mixin.py:154} INFO - [2025-10-17T07:35:45.622+0000] {manager.py:499} INFO - Created Permission View: %s
[2025-10-17T07:35:45.634+0000] {logging_mixin.py:154} INFO - [2025-10-17T07:35:45.633+0000] {manager.py:499} INFO - Created Permission View: %s
[2025-10-17T07:35:45.634+0000] {logging_mixin.py:154} INFO - [2025-10-17T07:35:45.634+0000] {dag.py:2941} INFO - Sync 1 DAGs
[2025-10-17T07:35:45.650+0000] {logging_mixin.py:154} INFO - [2025-10-17T07:35:45.650+0000] {dag.py:2963} INFO - Creating ORM DAG for example_weekday_branch_operator
[2025-10-17T07:35:45.664+0000] {logging_mixin.py:154} INFO - [2025-10-17T07:35:45.664+0000] {dag.py:3722} INFO - Setting next_dagrun for example_weekday_branch_operator to 2025-10-16T00:00:00+00:00, run_after=2025-10-17T00:00:00+00:00
[2025-10-17T07:35:45.689+0000] {processor.py:179} INFO - Processing /home/airflow/.local/lib/python3.8/site-packages/airflow/example_dags/example_branch_day_of_week_operator.py took 0.196 seconds
[2025-10-17T07:36:15.716+0000] {processor.py:157} INFO - Started process (PID=146) to work on /home/airflow/.local/lib/python3.8/site-packages/airflow/example_dags/example_branch_day_of_week_operator.py
[2025-10-17T07:36:15.718+0000] {processor.py:829} INFO - Processing file /home/airflow/.local/lib/python3.8/site-packages/airflow/example_dags/example_branch_day_of_week_operator.py for tasks to queue
[2025-10-17T07:36:15.720+0000] {logging_mixin.py:154} INFO - [2025-10-17T07:36:15.720+0000] {dagbag.py:536} INFO - Filling up the DagBag from /home/airflow/.local/lib/python3.8/site-packages/airflow/example_dags/example_branch_day_of_week_operator.py
[2025-10-17T07:36:15.727+0000] {processor.py:839} INFO - DAG(s) dict_keys(['example_weekday_branch_operator']) retrieved from /home/airflow/.local/lib/python3.8/site-packages/airflow/example_dags/example_branch_day_of_week_operator.py
[2025-10-17T07:36:15.748+0000] {logging_mixin.py:154} INFO - [2025-10-17T07:36:15.748+0000] {dag.py:2941} INFO - Sync 1 DAGs
[2025-10-17T07:36:15.767+0000] {logging_mixin.py:154} INFO - [2025-10-17T07:36:15.766+0000] {dag.py:3722} INFO - Setting next_dagrun for example_weekday_branch_operator to 2025-10-16T00:00:00+00:00, run_after=2025-10-17T00:00:00+00:00
[2025-10-17T07:36:15.783+0000] {processor.py:179} INFO - Processing /home/airflow/.local/lib/python3.8/site-packages/airflow/example_dags/example_branch_day_of_week_operator.py took 0.070 seconds
[2025-10-17T07:36:46.238+0000] {processor.py:157} INFO - Started process (PID=202) to work on /home/airflow/.local/lib/python3.8/site-packages/airflow/example_dags/example_branch_day_of_week_operator.py
[2025-10-17T07:36:46.238+0000] {processor.py:829} INFO - Processing file /home/airflow/.local/lib/python3.8/site-packages/airflow/example_dags/example_branch_day_of_week_operator.py for tasks to queue
[2025-10-17T07:36:46.241+0000] {logging_mixin.py:154} INFO - [2025-10-17T07:36:46.240+0000] {dagbag.py:536} INFO - Filling up the DagBag from /home/airflow/.local/lib/python3.8/site-packages/airflow/example_dags/example_branch_day_of_week_operator.py
[2025-10-17T07:36:46.248+0000] {processor.py:839} INFO - DAG(s) dict_keys(['example_weekday_branch_operator']) retrieved from /home/airflow/.local/lib/python3.8/site-packages/airflow/example_dags/example_branch_day_of_week_operator.py
[2025-10-17T07:36:46.269+0000] {logging_mixin.py:154} INFO - [2025-10-17T07:36:46.269+0000] {dag.py:2941} INFO - Sync 1 DAGs
[2025-10-17T07:36:46.291+0000] {logging_mixin.py:154} INFO - [2025-10-17T07:36:46.291+0000] {dag.py:3722} INFO - Setting next_dagrun for example_weekday_branch_operator to 2025-10-16T00:00:00+00:00, run_after=2025-10-17T00:00:00+00:00
[2025-10-17T07:36:46.310+0000] {processor.py:179} INFO - Processing /home/airflow/.local/lib/python3.8/site-packages/airflow/example_dags/example_branch_day_of_week_operator.py took 0.075 seconds
[2025-10-17T07:37:16.643+0000] {processor.py:157} INFO - Started process (PID=258) to work on /home/airflow/.local/lib/python3.8/site-packages/airflow/example_dags/example_branch_day_of_week_operator.py
[2025-10-17T07:37:16.645+0000] {processor.py:829} INFO - Processing file /home/airflow/.local/lib/python3.8/site-packages/airflow/example_dags/example_branch_day_of_week_operator.py for tasks to queue
[2025-10-17T07:37:16.647+0000] {logging_mixin.py:154} INFO - [2025-10-17T07:37:16.646+0000] {dagbag.py:536} INFO - Filling up the DagBag from /home/airflow/.local/lib/python3.8/site-packages/airflow/example_dags/example_branch_day_of_week_operator.py
[2025-10-17T07:37:16.653+0000] {processor.py:839} INFO - DAG(s) dict_keys(['example_weekday_branch_operator']) retrieved from /home/airflow/.local/lib/python3.8/site-packages/airflow/example_dags/example_branch_day_of_week_operator.py
[2025-10-17T07:37:16.674+0000] {logging_mixin.py:154} INFO - [2025-10-17T07:37:16.674+0000] {dag.py:2941} INFO - Sync 1 DAGs
[2025-10-17T07:37:16.693+0000] {logging_mixin.py:154} INFO - [2025-10-17T07:37:16.693+0000] {dag.py:3722} INFO - Setting next_dagrun for example_weekday_branch_operator to 2025-10-16T00:00:00+00:00, run_after=2025-10-17T00:00:00+00:00
[2025-10-17T07:37:16.710+0000] {processor.py:179} INFO - Processing /home/airflow/.local/lib/python3.8/site-packages/airflow/example_dags/example_branch_day_of_week_operator.py took 0.070 seconds
[2025-10-17T07:38:46.823+0000] {processor.py:157} INFO - Started process (PID=91) to work on /home/airflow/.local/lib/python3.8/site-packages/airflow/example_dags/example_branch_day_of_week_operator.py
[2025-10-17T07:38:46.824+0000] {processor.py:829} INFO - Processing file /home/airflow/.local/lib/python3.8/site-packages/airflow/example_dags/example_branch_day_of_week_operator.py for tasks to queue
[2025-10-17T07:38:46.827+0000] {logging_mixin.py:154} INFO - [2025-10-17T07:38:46.826+0000] {dagbag.py:536} INFO - Filling up the DagBag from /home/airflow/.local/lib/python3.8/site-packages/airflow/example_dags/example_branch_day_of_week_operator.py
[2025-10-17T07:38:46.837+0000] {processor.py:839} INFO - DAG(s) dict_keys(['example_weekday_branch_operator']) retrieved from /home/airflow/.local/lib/python3.8/site-packages/airflow/example_dags/example_branch_day_of_week_operator.py
[2025-10-17T07:38:46.935+0000] {logging_mixin.py:154} INFO - [2025-10-17T07:38:46.934+0000] {manager.py:499} INFO - Created Permission View: %s
[2025-10-17T07:38:46.944+0000] {logging_mixin.py:154} INFO - [2025-10-17T07:38:46.944+0000] {manager.py:499} INFO - Created Permission View: %s
[2025-10-17T07:38:46.951+0000] {logging_mixin.py:154} INFO - [2025-10-17T07:38:46.951+0000] {manager.py:499} INFO - Created Permission View: %s
[2025-10-17T07:38:46.951+0000] {logging_mixin.py:154} INFO - [2025-10-17T07:38:46.951+0000] {dag.py:2941} INFO - Sync 1 DAGs
[2025-10-17T07:38:46.961+0000] {logging_mixin.py:154} INFO - [2025-10-17T07:38:46.961+0000] {dag.py:2963} INFO - Creating ORM DAG for example_weekday_branch_operator
[2025-10-17T07:38:46.972+0000] {logging_mixin.py:154} INFO - [2025-10-17T07:38:46.972+0000] {dag.py:3722} INFO - Setting next_dagrun for example_weekday_branch_operator to 2025-10-16T00:00:00+00:00, run_after=2025-10-17T00:00:00+00:00
[2025-10-17T07:38:46.988+0000] {processor.py:179} INFO - Processing /home/airflow/.local/lib/python3.8/site-packages/airflow/example_dags/example_branch_day_of_week_operator.py took 0.170 seconds
[2025-10-17T07:39:17.193+0000] {processor.py:157} INFO - Started process (PID=147) to work on /home/airflow/.local/lib/python3.8/site-packages/airflow/example_dags/example_branch_day_of_week_operator.py
[2025-10-17T07:39:17.194+0000] {processor.py:829} INFO - Processing file /home/airflow/.local/lib/python3.8/site-packages/airflow/example_dags/example_branch_day_of_week_operator.py for tasks to queue
[2025-10-17T07:39:17.196+0000] {logging_mixin.py:154} INFO - [2025-10-17T07:39:17.196+0000] {dagbag.py:536} INFO - Filling up the DagBag from /home/airflow/.local/lib/python3.8/site-packages/airflow/example_dags/example_branch_day_of_week_operator.py
[2025-10-17T07:39:17.204+0000] {processor.py:839} INFO - DAG(s) dict_keys(['example_weekday_branch_operator']) retrieved from /home/airflow/.local/lib/python3.8/site-packages/airflow/example_dags/example_branch_day_of_week_operator.py
[2025-10-17T07:39:17.226+0000] {logging_mixin.py:154} INFO - [2025-10-17T07:39:17.226+0000] {dag.py:2941} INFO - Sync 1 DAGs
[2025-10-17T07:39:17.253+0000] {logging_mixin.py:154} INFO - [2025-10-17T07:39:17.253+0000] {dag.py:3722} INFO - Setting next_dagrun for example_weekday_branch_operator to 2025-10-16T00:00:00+00:00, run_after=2025-10-17T00:00:00+00:00
[2025-10-17T07:39:17.274+0000] {processor.py:179} INFO - Processing /home/airflow/.local/lib/python3.8/site-packages/airflow/example_dags/example_branch_day_of_week_operator.py took 0.086 seconds
[2025-10-17T07:39:47.476+0000] {processor.py:157} INFO - Started process (PID=203) to work on /home/airflow/.local/lib/python3.8/site-packages/airflow/example_dags/example_branch_day_of_week_operator.py
[2025-10-17T07:39:47.477+0000] {processor.py:829} INFO - Processing file /home/airflow/.local/lib/python3.8/site-packages/airflow/example_dags/example_branch_day_of_week_operator.py for tasks to queue
[2025-10-17T07:39:47.480+0000] {logging_mixin.py:154} INFO - [2025-10-17T07:39:47.479+0000] {dagbag.py:536} INFO - Filling up the DagBag from /home/airflow/.local/lib/python3.8/site-packages/airflow/example_dags/example_branch_day_of_week_operator.py
[2025-10-17T07:39:47.489+0000] {processor.py:839} INFO - DAG(s) dict_keys(['example_weekday_branch_operator']) retrieved from /home/airflow/.local/lib/python3.8/site-packages/airflow/example_dags/example_branch_day_of_week_operator.py
[2025-10-17T07:39:47.515+0000] {logging_mixin.py:154} INFO - [2025-10-17T07:39:47.514+0000] {dag.py:2941} INFO - Sync 1 DAGs
[2025-10-17T07:39:47.541+0000] {logging_mixin.py:154} INFO - [2025-10-17T07:39:47.541+0000] {dag.py:3722} INFO - Setting next_dagrun for example_weekday_branch_operator to 2025-10-16T00:00:00+00:00, run_after=2025-10-17T00:00:00+00:00
[2025-10-17T07:39:47.562+0000] {processor.py:179} INFO - Processing /home/airflow/.local/lib/python3.8/site-packages/airflow/example_dags/example_branch_day_of_week_operator.py took 0.091 seconds
[2025-10-17T07:40:17.712+0000] {processor.py:157} INFO - Started process (PID=259) to work on /home/airflow/.local/lib/python3.8/site-packages/airflow/example_dags/example_branch_day_of_week_operator.py
[2025-10-17T07:40:17.713+0000] {processor.py:829} INFO - Processing file /home/airflow/.local/lib/python3.8/site-packages/airflow/example_dags/example_branch_day_of_week_operator.py for tasks to queue
[2025-10-17T07:40:17.715+0000] {logging_mixin.py:154} INFO - [2025-10-17T07:40:17.715+0000] {dagbag.py:536} INFO - Filling up the DagBag from /home/airflow/.local/lib/python3.8/site-packages/airflow/example_dags/example_branch_day_of_week_operator.py
[2025-10-17T07:40:17.722+0000] {processor.py:839} INFO - DAG(s) dict_keys(['example_weekday_branch_operator']) retrieved from /home/airflow/.local/lib/python3.8/site-packages/airflow/example_dags/example_branch_day_of_week_operator.py
[2025-10-17T07:40:17.741+0000] {logging_mixin.py:154} INFO - [2025-10-17T07:40:17.741+0000] {dag.py:2941} INFO - Sync 1 DAGs
[2025-10-17T07:40:17.760+0000] {logging_mixin.py:154} INFO - [2025-10-17T07:40:17.760+0000] {dag.py:3722} INFO - Setting next_dagrun for example_weekday_branch_operator to 2025-10-16T00:00:00+00:00, run_after=2025-10-17T00:00:00+00:00
[2025-10-17T07:40:17.778+0000] {processor.py:179} INFO - Processing /home/airflow/.local/lib/python3.8/site-packages/airflow/example_dags/example_branch_day_of_week_operator.py took 0.069 seconds
[2025-10-17T07:40:48.217+0000] {processor.py:157} INFO - Started process (PID=315) to work on /home/airflow/.local/lib/python3.8/site-packages/airflow/example_dags/example_branch_day_of_week_operator.py
[2025-10-17T07:40:48.218+0000] {processor.py:829} INFO - Processing file /home/airflow/.local/lib/python3.8/site-packages/airflow/example_dags/example_branch_day_of_week_operator.py for tasks to queue
[2025-10-17T07:40:48.220+0000] {logging_mixin.py:154} INFO - [2025-10-17T07:40:48.220+0000] {dagbag.py:536} INFO - Filling up the DagBag from /home/airflow/.local/lib/python3.8/site-packages/airflow/example_dags/example_branch_day_of_week_operator.py
[2025-10-17T07:40:48.227+0000] {processor.py:839} INFO - DAG(s) dict_keys(['example_weekday_branch_operator']) retrieved from /home/airflow/.local/lib/python3.8/site-packages/airflow/example_dags/example_branch_day_of_week_operator.py
[2025-10-17T07:40:48.248+0000] {logging_mixin.py:154} INFO - [2025-10-17T07:40:48.247+0000] {dag.py:2941} INFO - Sync 1 DAGs
[2025-10-17T07:40:48.267+0000] {logging_mixin.py:154} INFO - [2025-10-17T07:40:48.266+0000] {dag.py:3722} INFO - Setting next_dagrun for example_weekday_branch_operator to 2025-10-16T00:00:00+00:00, run_after=2025-10-17T00:00:00+00:00
[2025-10-17T07:40:48.282+0000] {processor.py:179} INFO - Processing /home/airflow/.local/lib/python3.8/site-packages/airflow/example_dags/example_branch_day_of_week_operator.py took 0.069 seconds
[2025-10-17T07:41:19.070+0000] {processor.py:157} INFO - Started process (PID=371) to work on /home/airflow/.local/lib/python3.8/site-packages/airflow/example_dags/example_branch_day_of_week_operator.py
[2025-10-17T07:41:19.071+0000] {processor.py:829} INFO - Processing file /home/airflow/.local/lib/python3.8/site-packages/airflow/example_dags/example_branch_day_of_week_operator.py for tasks to queue
[2025-10-17T07:41:19.073+0000] {logging_mixin.py:154} INFO - [2025-10-17T07:41:19.073+0000] {dagbag.py:536} INFO - Filling up the DagBag from /home/airflow/.local/lib/python3.8/site-packages/airflow/example_dags/example_branch_day_of_week_operator.py
[2025-10-17T07:41:19.081+0000] {processor.py:839} INFO - DAG(s) dict_keys(['example_weekday_branch_operator']) retrieved from /home/airflow/.local/lib/python3.8/site-packages/airflow/example_dags/example_branch_day_of_week_operator.py
[2025-10-17T07:41:19.106+0000] {logging_mixin.py:154} INFO - [2025-10-17T07:41:19.105+0000] {dag.py:2941} INFO - Sync 1 DAGs
[2025-10-17T07:41:19.127+0000] {logging_mixin.py:154} INFO - [2025-10-17T07:41:19.127+0000] {dag.py:3722} INFO - Setting next_dagrun for example_weekday_branch_operator to 2025-10-16T00:00:00+00:00, run_after=2025-10-17T00:00:00+00:00
[2025-10-17T07:41:19.147+0000] {processor.py:179} INFO - Processing /home/airflow/.local/lib/python3.8/site-packages/airflow/example_dags/example_branch_day_of_week_operator.py took 0.081 seconds
[2025-10-17T07:42:30.060+0000] {processor.py:157} INFO - Started process (PID=90) to work on /home/airflow/.local/lib/python3.8/site-packages/airflow/example_dags/example_branch_day_of_week_operator.py
[2025-10-17T07:42:30.061+0000] {processor.py:829} INFO - Processing file /home/airflow/.local/lib/python3.8/site-packages/airflow/example_dags/example_branch_day_of_week_operator.py for tasks to queue
[2025-10-17T07:42:30.065+0000] {logging_mixin.py:154} INFO - [2025-10-17T07:42:30.064+0000] {dagbag.py:536} INFO - Filling up the DagBag from /home/airflow/.local/lib/python3.8/site-packages/airflow/example_dags/example_branch_day_of_week_operator.py
[2025-10-17T07:42:30.076+0000] {processor.py:839} INFO - DAG(s) dict_keys(['example_weekday_branch_operator']) retrieved from /home/airflow/.local/lib/python3.8/site-packages/airflow/example_dags/example_branch_day_of_week_operator.py
[2025-10-17T07:42:30.199+0000] {logging_mixin.py:154} INFO - [2025-10-17T07:42:30.198+0000] {manager.py:499} INFO - Created Permission View: %s
[2025-10-17T07:42:30.208+0000] {logging_mixin.py:154} INFO - [2025-10-17T07:42:30.207+0000] {manager.py:499} INFO - Created Permission View: %s
[2025-10-17T07:42:30.215+0000] {logging_mixin.py:154} INFO - [2025-10-17T07:42:30.214+0000] {manager.py:499} INFO - Created Permission View: %s
[2025-10-17T07:42:30.215+0000] {logging_mixin.py:154} INFO - [2025-10-17T07:42:30.215+0000] {dag.py:2941} INFO - Sync 1 DAGs
[2025-10-17T07:42:30.224+0000] {logging_mixin.py:154} INFO - [2025-10-17T07:42:30.224+0000] {dag.py:2963} INFO - Creating ORM DAG for example_weekday_branch_operator
[2025-10-17T07:42:30.233+0000] {logging_mixin.py:154} INFO - [2025-10-17T07:42:30.233+0000] {dag.py:3722} INFO - Setting next_dagrun for example_weekday_branch_operator to 2025-10-16T00:00:00+00:00, run_after=2025-10-17T00:00:00+00:00
[2025-10-17T07:42:30.250+0000] {processor.py:179} INFO - Processing /home/airflow/.local/lib/python3.8/site-packages/airflow/example_dags/example_branch_day_of_week_operator.py took 0.194 seconds
[2025-10-17T07:43:00.759+0000] {processor.py:157} INFO - Started process (PID=146) to work on /home/airflow/.local/lib/python3.8/site-packages/airflow/example_dags/example_branch_day_of_week_operator.py
[2025-10-17T07:43:00.760+0000] {processor.py:829} INFO - Processing file /home/airflow/.local/lib/python3.8/site-packages/airflow/example_dags/example_branch_day_of_week_operator.py for tasks to queue
[2025-10-17T07:43:00.762+0000] {logging_mixin.py:154} INFO - [2025-10-17T07:43:00.762+0000] {dagbag.py:536} INFO - Filling up the DagBag from /home/airflow/.local/lib/python3.8/site-packages/airflow/example_dags/example_branch_day_of_week_operator.py
[2025-10-17T07:43:00.769+0000] {processor.py:839} INFO - DAG(s) dict_keys(['example_weekday_branch_operator']) retrieved from /home/airflow/.local/lib/python3.8/site-packages/airflow/example_dags/example_branch_day_of_week_operator.py
[2025-10-17T07:43:00.791+0000] {logging_mixin.py:154} INFO - [2025-10-17T07:43:00.790+0000] {dag.py:2941} INFO - Sync 1 DAGs
[2025-10-17T07:43:00.811+0000] {logging_mixin.py:154} INFO - [2025-10-17T07:43:00.811+0000] {dag.py:3722} INFO - Setting next_dagrun for example_weekday_branch_operator to 2025-10-16T00:00:00+00:00, run_after=2025-10-17T00:00:00+00:00
[2025-10-17T07:43:00.830+0000] {processor.py:179} INFO - Processing /home/airflow/.local/lib/python3.8/site-packages/airflow/example_dags/example_branch_day_of_week_operator.py took 0.076 seconds
[2025-10-17T07:44:27.071+0000] {processor.py:157} INFO - Started process (PID=90) to work on /home/airflow/.local/lib/python3.8/site-packages/airflow/example_dags/example_branch_day_of_week_operator.py
[2025-10-17T07:44:27.073+0000] {processor.py:829} INFO - Processing file /home/airflow/.local/lib/python3.8/site-packages/airflow/example_dags/example_branch_day_of_week_operator.py for tasks to queue
[2025-10-17T07:44:27.075+0000] {logging_mixin.py:154} INFO - [2025-10-17T07:44:27.074+0000] {dagbag.py:536} INFO - Filling up the DagBag from /home/airflow/.local/lib/python3.8/site-packages/airflow/example_dags/example_branch_day_of_week_operator.py
[2025-10-17T07:44:27.083+0000] {processor.py:839} INFO - DAG(s) dict_keys(['example_weekday_branch_operator']) retrieved from /home/airflow/.local/lib/python3.8/site-packages/airflow/example_dags/example_branch_day_of_week_operator.py
[2025-10-17T07:44:27.188+0000] {logging_mixin.py:154} INFO - [2025-10-17T07:44:27.188+0000] {manager.py:499} INFO - Created Permission View: %s
[2025-10-17T07:44:27.197+0000] {logging_mixin.py:154} INFO - [2025-10-17T07:44:27.197+0000] {manager.py:499} INFO - Created Permission View: %s
[2025-10-17T07:44:27.204+0000] {logging_mixin.py:154} INFO - [2025-10-17T07:44:27.204+0000] {manager.py:499} INFO - Created Permission View: %s
[2025-10-17T07:44:27.205+0000] {logging_mixin.py:154} INFO - [2025-10-17T07:44:27.204+0000] {dag.py:2941} INFO - Sync 1 DAGs
[2025-10-17T07:44:27.215+0000] {logging_mixin.py:154} INFO - [2025-10-17T07:44:27.215+0000] {dag.py:2963} INFO - Creating ORM DAG for example_weekday_branch_operator
[2025-10-17T07:44:27.225+0000] {logging_mixin.py:154} INFO - [2025-10-17T07:44:27.225+0000] {dag.py:3722} INFO - Setting next_dagrun for example_weekday_branch_operator to 2025-10-16T00:00:00+00:00, run_after=2025-10-17T00:00:00+00:00
[2025-10-17T07:44:27.242+0000] {processor.py:179} INFO - Processing /home/airflow/.local/lib/python3.8/site-packages/airflow/example_dags/example_branch_day_of_week_operator.py took 0.174 seconds
[2025-10-17T07:44:36.722+0000] {processor.py:157} INFO - Started process (PID=75) to work on /home/airflow/.local/lib/python3.8/site-packages/airflow/example_dags/example_branch_day_of_week_operator.py
[2025-10-17T07:44:36.724+0000] {processor.py:829} INFO - Processing file /home/airflow/.local/lib/python3.8/site-packages/airflow/example_dags/example_branch_day_of_week_operator.py for tasks to queue
[2025-10-17T07:44:36.726+0000] {logging_mixin.py:154} INFO - [2025-10-17T07:44:36.725+0000] {dagbag.py:536} INFO - Filling up the DagBag from /home/airflow/.local/lib/python3.8/site-packages/airflow/example_dags/example_branch_day_of_week_operator.py
[2025-10-17T07:44:36.733+0000] {processor.py:839} INFO - DAG(s) dict_keys(['example_weekday_branch_operator']) retrieved from /home/airflow/.local/lib/python3.8/site-packages/airflow/example_dags/example_branch_day_of_week_operator.py
[2025-10-17T07:44:36.745+0000] {logging_mixin.py:154} INFO - [2025-10-17T07:44:36.745+0000] {dag.py:2941} INFO - Sync 1 DAGs
[2025-10-17T07:44:36.767+0000] {logging_mixin.py:154} INFO - [2025-10-17T07:44:36.766+0000] {dag.py:3722} INFO - Setting next_dagrun for example_weekday_branch_operator to 2025-10-16T00:00:00+00:00, run_after=2025-10-17T00:00:00+00:00
[2025-10-17T07:44:36.787+0000] {processor.py:179} INFO - Processing /home/airflow/.local/lib/python3.8/site-packages/airflow/example_dags/example_branch_day_of_week_operator.py took 0.068 seconds
[2025-10-17T07:45:07.243+0000] {processor.py:157} INFO - Started process (PID=131) to work on /home/airflow/.local/lib/python3.8/site-packages/airflow/example_dags/example_branch_day_of_week_operator.py
[2025-10-17T07:45:07.244+0000] {processor.py:829} INFO - Processing file /home/airflow/.local/lib/python3.8/site-packages/airflow/example_dags/example_branch_day_of_week_operator.py for tasks to queue
[2025-10-17T07:45:07.245+0000] {logging_mixin.py:154} INFO - [2025-10-17T07:45:07.245+0000] {dagbag.py:536} INFO - Filling up the DagBag from /home/airflow/.local/lib/python3.8/site-packages/airflow/example_dags/example_branch_day_of_week_operator.py
[2025-10-17T07:45:07.252+0000] {processor.py:839} INFO - DAG(s) dict_keys(['example_weekday_branch_operator']) retrieved from /home/airflow/.local/lib/python3.8/site-packages/airflow/example_dags/example_branch_day_of_week_operator.py
[2025-10-17T07:45:07.271+0000] {logging_mixin.py:154} INFO - [2025-10-17T07:45:07.271+0000] {dag.py:2941} INFO - Sync 1 DAGs
[2025-10-17T07:45:07.290+0000] {logging_mixin.py:154} INFO - [2025-10-17T07:45:07.290+0000] {dag.py:3722} INFO - Setting next_dagrun for example_weekday_branch_operator to 2025-10-16T00:00:00+00:00, run_after=2025-10-17T00:00:00+00:00
[2025-10-17T07:45:07.307+0000] {processor.py:179} INFO - Processing /home/airflow/.local/lib/python3.8/site-packages/airflow/example_dags/example_branch_day_of_week_operator.py took 0.067 seconds
[2025-10-17T07:46:21.837+0000] {processor.py:157} INFO - Started process (PID=90) to work on /home/airflow/.local/lib/python3.8/site-packages/airflow/example_dags/example_branch_day_of_week_operator.py
[2025-10-17T07:46:21.839+0000] {processor.py:829} INFO - Processing file /home/airflow/.local/lib/python3.8/site-packages/airflow/example_dags/example_branch_day_of_week_operator.py for tasks to queue
[2025-10-17T07:46:21.842+0000] {logging_mixin.py:154} INFO - [2025-10-17T07:46:21.842+0000] {dagbag.py:536} INFO - Filling up the DagBag from /home/airflow/.local/lib/python3.8/site-packages/airflow/example_dags/example_branch_day_of_week_operator.py
[2025-10-17T07:46:21.852+0000] {processor.py:839} INFO - DAG(s) dict_keys(['example_weekday_branch_operator']) retrieved from /home/airflow/.local/lib/python3.8/site-packages/airflow/example_dags/example_branch_day_of_week_operator.py
[2025-10-17T07:46:21.972+0000] {logging_mixin.py:154} INFO - [2025-10-17T07:46:21.972+0000] {manager.py:499} INFO - Created Permission View: %s
[2025-10-17T07:46:21.982+0000] {logging_mixin.py:154} INFO - [2025-10-17T07:46:21.982+0000] {manager.py:499} INFO - Created Permission View: %s
[2025-10-17T07:46:21.991+0000] {logging_mixin.py:154} INFO - [2025-10-17T07:46:21.991+0000] {manager.py:499} INFO - Created Permission View: %s
[2025-10-17T07:46:21.991+0000] {logging_mixin.py:154} INFO - [2025-10-17T07:46:21.991+0000] {dag.py:2941} INFO - Sync 1 DAGs
[2025-10-17T07:46:22.004+0000] {logging_mixin.py:154} INFO - [2025-10-17T07:46:22.003+0000] {dag.py:2963} INFO - Creating ORM DAG for example_weekday_branch_operator
[2025-10-17T07:46:22.016+0000] {logging_mixin.py:154} INFO - [2025-10-17T07:46:22.016+0000] {dag.py:3722} INFO - Setting next_dagrun for example_weekday_branch_operator to 2025-10-16T00:00:00+00:00, run_after=2025-10-17T00:00:00+00:00
[2025-10-17T07:46:22.040+0000] {processor.py:179} INFO - Processing /home/airflow/.local/lib/python3.8/site-packages/airflow/example_dags/example_branch_day_of_week_operator.py took 0.206 seconds
[2025-10-17T07:46:52.164+0000] {processor.py:157} INFO - Started process (PID=146) to work on /home/airflow/.local/lib/python3.8/site-packages/airflow/example_dags/example_branch_day_of_week_operator.py
[2025-10-17T07:46:52.165+0000] {processor.py:829} INFO - Processing file /home/airflow/.local/lib/python3.8/site-packages/airflow/example_dags/example_branch_day_of_week_operator.py for tasks to queue
[2025-10-17T07:46:52.167+0000] {logging_mixin.py:154} INFO - [2025-10-17T07:46:52.167+0000] {dagbag.py:536} INFO - Filling up the DagBag from /home/airflow/.local/lib/python3.8/site-packages/airflow/example_dags/example_branch_day_of_week_operator.py
[2025-10-17T07:46:52.175+0000] {processor.py:839} INFO - DAG(s) dict_keys(['example_weekday_branch_operator']) retrieved from /home/airflow/.local/lib/python3.8/site-packages/airflow/example_dags/example_branch_day_of_week_operator.py
[2025-10-17T07:46:52.198+0000] {logging_mixin.py:154} INFO - [2025-10-17T07:46:52.198+0000] {dag.py:2941} INFO - Sync 1 DAGs
[2025-10-17T07:46:52.218+0000] {logging_mixin.py:154} INFO - [2025-10-17T07:46:52.218+0000] {dag.py:3722} INFO - Setting next_dagrun for example_weekday_branch_operator to 2025-10-16T00:00:00+00:00, run_after=2025-10-17T00:00:00+00:00
[2025-10-17T07:46:52.235+0000] {processor.py:179} INFO - Processing /home/airflow/.local/lib/python3.8/site-packages/airflow/example_dags/example_branch_day_of_week_operator.py took 0.075 seconds
[2025-10-17T07:47:23.222+0000] {processor.py:157} INFO - Started process (PID=202) to work on /home/airflow/.local/lib/python3.8/site-packages/airflow/example_dags/example_branch_day_of_week_operator.py
[2025-10-17T07:47:23.223+0000] {processor.py:829} INFO - Processing file /home/airflow/.local/lib/python3.8/site-packages/airflow/example_dags/example_branch_day_of_week_operator.py for tasks to queue
[2025-10-17T07:47:23.226+0000] {logging_mixin.py:154} INFO - [2025-10-17T07:47:23.226+0000] {dagbag.py:536} INFO - Filling up the DagBag from /home/airflow/.local/lib/python3.8/site-packages/airflow/example_dags/example_branch_day_of_week_operator.py
[2025-10-17T07:47:23.236+0000] {processor.py:839} INFO - DAG(s) dict_keys(['example_weekday_branch_operator']) retrieved from /home/airflow/.local/lib/python3.8/site-packages/airflow/example_dags/example_branch_day_of_week_operator.py
[2025-10-17T07:47:23.260+0000] {logging_mixin.py:154} INFO - [2025-10-17T07:47:23.259+0000] {dag.py:2941} INFO - Sync 1 DAGs
[2025-10-17T07:47:23.281+0000] {logging_mixin.py:154} INFO - [2025-10-17T07:47:23.281+0000] {dag.py:3722} INFO - Setting next_dagrun for example_weekday_branch_operator to 2025-10-16T00:00:00+00:00, run_after=2025-10-17T00:00:00+00:00
[2025-10-17T07:47:23.303+0000] {processor.py:179} INFO - Processing /home/airflow/.local/lib/python3.8/site-packages/airflow/example_dags/example_branch_day_of_week_operator.py took 0.086 seconds
[2025-10-17T07:47:53.711+0000] {processor.py:157} INFO - Started process (PID=258) to work on /home/airflow/.local/lib/python3.8/site-packages/airflow/example_dags/example_branch_day_of_week_operator.py
[2025-10-17T07:47:53.713+0000] {processor.py:829} INFO - Processing file /home/airflow/.local/lib/python3.8/site-packages/airflow/example_dags/example_branch_day_of_week_operator.py for tasks to queue
[2025-10-17T07:47:53.716+0000] {logging_mixin.py:154} INFO - [2025-10-17T07:47:53.716+0000] {dagbag.py:536} INFO - Filling up the DagBag from /home/airflow/.local/lib/python3.8/site-packages/airflow/example_dags/example_branch_day_of_week_operator.py
[2025-10-17T07:47:53.724+0000] {processor.py:839} INFO - DAG(s) dict_keys(['example_weekday_branch_operator']) retrieved from /home/airflow/.local/lib/python3.8/site-packages/airflow/example_dags/example_branch_day_of_week_operator.py
[2025-10-17T07:47:53.746+0000] {logging_mixin.py:154} INFO - [2025-10-17T07:47:53.746+0000] {dag.py:2941} INFO - Sync 1 DAGs
[2025-10-17T07:47:53.774+0000] {logging_mixin.py:154} INFO - [2025-10-17T07:47:53.773+0000] {dag.py:3722} INFO - Setting next_dagrun for example_weekday_branch_operator to 2025-10-16T00:00:00+00:00, run_after=2025-10-17T00:00:00+00:00
[2025-10-17T07:47:53.797+0000] {processor.py:179} INFO - Processing /home/airflow/.local/lib/python3.8/site-packages/airflow/example_dags/example_branch_day_of_week_operator.py took 0.089 seconds
[2025-10-17T07:48:24.183+0000] {processor.py:157} INFO - Started process (PID=314) to work on /home/airflow/.local/lib/python3.8/site-packages/airflow/example_dags/example_branch_day_of_week_operator.py
[2025-10-17T07:48:24.184+0000] {processor.py:829} INFO - Processing file /home/airflow/.local/lib/python3.8/site-packages/airflow/example_dags/example_branch_day_of_week_operator.py for tasks to queue
[2025-10-17T07:48:24.186+0000] {logging_mixin.py:154} INFO - [2025-10-17T07:48:24.186+0000] {dagbag.py:536} INFO - Filling up the DagBag from /home/airflow/.local/lib/python3.8/site-packages/airflow/example_dags/example_branch_day_of_week_operator.py
[2025-10-17T07:48:24.193+0000] {processor.py:839} INFO - DAG(s) dict_keys(['example_weekday_branch_operator']) retrieved from /home/airflow/.local/lib/python3.8/site-packages/airflow/example_dags/example_branch_day_of_week_operator.py
[2025-10-17T07:48:24.212+0000] {logging_mixin.py:154} INFO - [2025-10-17T07:48:24.212+0000] {dag.py:2941} INFO - Sync 1 DAGs
[2025-10-17T07:48:24.231+0000] {logging_mixin.py:154} INFO - [2025-10-17T07:48:24.231+0000] {dag.py:3722} INFO - Setting next_dagrun for example_weekday_branch_operator to 2025-10-16T00:00:00+00:00, run_after=2025-10-17T00:00:00+00:00
[2025-10-17T07:48:24.246+0000] {processor.py:179} INFO - Processing /home/airflow/.local/lib/python3.8/site-packages/airflow/example_dags/example_branch_day_of_week_operator.py took 0.066 seconds
[2025-10-17T07:48:55.104+0000] {processor.py:157} INFO - Started process (PID=370) to work on /home/airflow/.local/lib/python3.8/site-packages/airflow/example_dags/example_branch_day_of_week_operator.py
[2025-10-17T07:48:55.105+0000] {processor.py:829} INFO - Processing file /home/airflow/.local/lib/python3.8/site-packages/airflow/example_dags/example_branch_day_of_week_operator.py for tasks to queue
[2025-10-17T07:48:55.107+0000] {logging_mixin.py:154} INFO - [2025-10-17T07:48:55.107+0000] {dagbag.py:536} INFO - Filling up the DagBag from /home/airflow/.local/lib/python3.8/site-packages/airflow/example_dags/example_branch_day_of_week_operator.py
[2025-10-17T07:48:55.114+0000] {processor.py:839} INFO - DAG(s) dict_keys(['example_weekday_branch_operator']) retrieved from /home/airflow/.local/lib/python3.8/site-packages/airflow/example_dags/example_branch_day_of_week_operator.py
[2025-10-17T07:48:55.135+0000] {logging_mixin.py:154} INFO - [2025-10-17T07:48:55.135+0000] {dag.py:2941} INFO - Sync 1 DAGs
[2025-10-17T07:48:55.156+0000] {logging_mixin.py:154} INFO - [2025-10-17T07:48:55.155+0000] {dag.py:3722} INFO - Setting next_dagrun for example_weekday_branch_operator to 2025-10-16T00:00:00+00:00, run_after=2025-10-17T00:00:00+00:00
[2025-10-17T07:48:55.171+0000] {processor.py:179} INFO - Processing /home/airflow/.local/lib/python3.8/site-packages/airflow/example_dags/example_branch_day_of_week_operator.py took 0.070 seconds
[2025-10-17T07:49:25.612+0000] {processor.py:157} INFO - Started process (PID=426) to work on /home/airflow/.local/lib/python3.8/site-packages/airflow/example_dags/example_branch_day_of_week_operator.py
[2025-10-17T07:49:25.613+0000] {processor.py:829} INFO - Processing file /home/airflow/.local/lib/python3.8/site-packages/airflow/example_dags/example_branch_day_of_week_operator.py for tasks to queue
[2025-10-17T07:49:25.615+0000] {logging_mixin.py:154} INFO - [2025-10-17T07:49:25.615+0000] {dagbag.py:536} INFO - Filling up the DagBag from /home/airflow/.local/lib/python3.8/site-packages/airflow/example_dags/example_branch_day_of_week_operator.py
[2025-10-17T07:49:25.622+0000] {processor.py:839} INFO - DAG(s) dict_keys(['example_weekday_branch_operator']) retrieved from /home/airflow/.local/lib/python3.8/site-packages/airflow/example_dags/example_branch_day_of_week_operator.py
[2025-10-17T07:49:25.643+0000] {logging_mixin.py:154} INFO - [2025-10-17T07:49:25.643+0000] {dag.py:2941} INFO - Sync 1 DAGs
[2025-10-17T07:49:25.663+0000] {logging_mixin.py:154} INFO - [2025-10-17T07:49:25.663+0000] {dag.py:3722} INFO - Setting next_dagrun for example_weekday_branch_operator to 2025-10-16T00:00:00+00:00, run_after=2025-10-17T00:00:00+00:00
[2025-10-17T07:49:25.680+0000] {processor.py:179} INFO - Processing /home/airflow/.local/lib/python3.8/site-packages/airflow/example_dags/example_branch_day_of_week_operator.py took 0.071 seconds
[2025-10-17T07:49:56.396+0000] {processor.py:157} INFO - Started process (PID=482) to work on /home/airflow/.local/lib/python3.8/site-packages/airflow/example_dags/example_branch_day_of_week_operator.py
[2025-10-17T07:49:56.397+0000] {processor.py:829} INFO - Processing file /home/airflow/.local/lib/python3.8/site-packages/airflow/example_dags/example_branch_day_of_week_operator.py for tasks to queue
[2025-10-17T07:49:56.399+0000] {logging_mixin.py:154} INFO - [2025-10-17T07:49:56.399+0000] {dagbag.py:536} INFO - Filling up the DagBag from /home/airflow/.local/lib/python3.8/site-packages/airflow/example_dags/example_branch_day_of_week_operator.py
[2025-10-17T07:49:56.407+0000] {processor.py:839} INFO - DAG(s) dict_keys(['example_weekday_branch_operator']) retrieved from /home/airflow/.local/lib/python3.8/site-packages/airflow/example_dags/example_branch_day_of_week_operator.py
[2025-10-17T07:49:56.428+0000] {logging_mixin.py:154} INFO - [2025-10-17T07:49:56.427+0000] {dag.py:2941} INFO - Sync 1 DAGs
[2025-10-17T07:49:56.446+0000] {logging_mixin.py:154} INFO - [2025-10-17T07:49:56.446+0000] {dag.py:3722} INFO - Setting next_dagrun for example_weekday_branch_operator to 2025-10-16T00:00:00+00:00, run_after=2025-10-17T00:00:00+00:00
[2025-10-17T07:49:56.461+0000] {processor.py:179} INFO - Processing /home/airflow/.local/lib/python3.8/site-packages/airflow/example_dags/example_branch_day_of_week_operator.py took 0.068 seconds
[2025-10-17T07:50:26.575+0000] {processor.py:157} INFO - Started process (PID=538) to work on /home/airflow/.local/lib/python3.8/site-packages/airflow/example_dags/example_branch_day_of_week_operator.py
[2025-10-17T07:50:26.577+0000] {processor.py:829} INFO - Processing file /home/airflow/.local/lib/python3.8/site-packages/airflow/example_dags/example_branch_day_of_week_operator.py for tasks to queue
[2025-10-17T07:50:26.579+0000] {logging_mixin.py:154} INFO - [2025-10-17T07:50:26.578+0000] {dagbag.py:536} INFO - Filling up the DagBag from /home/airflow/.local/lib/python3.8/site-packages/airflow/example_dags/example_branch_day_of_week_operator.py
[2025-10-17T07:50:26.585+0000] {processor.py:839} INFO - DAG(s) dict_keys(['example_weekday_branch_operator']) retrieved from /home/airflow/.local/lib/python3.8/site-packages/airflow/example_dags/example_branch_day_of_week_operator.py
[2025-10-17T07:50:26.606+0000] {logging_mixin.py:154} INFO - [2025-10-17T07:50:26.606+0000] {dag.py:2941} INFO - Sync 1 DAGs
[2025-10-17T07:50:26.624+0000] {logging_mixin.py:154} INFO - [2025-10-17T07:50:26.624+0000] {dag.py:3722} INFO - Setting next_dagrun for example_weekday_branch_operator to 2025-10-16T00:00:00+00:00, run_after=2025-10-17T00:00:00+00:00
[2025-10-17T07:50:26.639+0000] {processor.py:179} INFO - Processing /home/airflow/.local/lib/python3.8/site-packages/airflow/example_dags/example_branch_day_of_week_operator.py took 0.067 seconds
[2025-10-17T07:50:57.362+0000] {processor.py:157} INFO - Started process (PID=594) to work on /home/airflow/.local/lib/python3.8/site-packages/airflow/example_dags/example_branch_day_of_week_operator.py
[2025-10-17T07:50:57.363+0000] {processor.py:829} INFO - Processing file /home/airflow/.local/lib/python3.8/site-packages/airflow/example_dags/example_branch_day_of_week_operator.py for tasks to queue
[2025-10-17T07:50:57.366+0000] {logging_mixin.py:154} INFO - [2025-10-17T07:50:57.365+0000] {dagbag.py:536} INFO - Filling up the DagBag from /home/airflow/.local/lib/python3.8/site-packages/airflow/example_dags/example_branch_day_of_week_operator.py
[2025-10-17T07:50:57.372+0000] {processor.py:839} INFO - DAG(s) dict_keys(['example_weekday_branch_operator']) retrieved from /home/airflow/.local/lib/python3.8/site-packages/airflow/example_dags/example_branch_day_of_week_operator.py
[2025-10-17T07:50:57.392+0000] {logging_mixin.py:154} INFO - [2025-10-17T07:50:57.392+0000] {dag.py:2941} INFO - Sync 1 DAGs
[2025-10-17T07:50:57.411+0000] {logging_mixin.py:154} INFO - [2025-10-17T07:50:57.410+0000] {dag.py:3722} INFO - Setting next_dagrun for example_weekday_branch_operator to 2025-10-16T00:00:00+00:00, run_after=2025-10-17T00:00:00+00:00
[2025-10-17T07:50:57.426+0000] {processor.py:179} INFO - Processing /home/airflow/.local/lib/python3.8/site-packages/airflow/example_dags/example_branch_day_of_week_operator.py took 0.067 seconds
[2025-10-17T07:51:27.994+0000] {processor.py:157} INFO - Started process (PID=650) to work on /home/airflow/.local/lib/python3.8/site-packages/airflow/example_dags/example_branch_day_of_week_operator.py
[2025-10-17T07:51:27.995+0000] {processor.py:829} INFO - Processing file /home/airflow/.local/lib/python3.8/site-packages/airflow/example_dags/example_branch_day_of_week_operator.py for tasks to queue
[2025-10-17T07:51:27.997+0000] {logging_mixin.py:154} INFO - [2025-10-17T07:51:27.997+0000] {dagbag.py:536} INFO - Filling up the DagBag from /home/airflow/.local/lib/python3.8/site-packages/airflow/example_dags/example_branch_day_of_week_operator.py
[2025-10-17T07:51:28.004+0000] {processor.py:839} INFO - DAG(s) dict_keys(['example_weekday_branch_operator']) retrieved from /home/airflow/.local/lib/python3.8/site-packages/airflow/example_dags/example_branch_day_of_week_operator.py
[2025-10-17T07:51:28.026+0000] {logging_mixin.py:154} INFO - [2025-10-17T07:51:28.026+0000] {dag.py:2941} INFO - Sync 1 DAGs
[2025-10-17T07:51:28.046+0000] {logging_mixin.py:154} INFO - [2025-10-17T07:51:28.046+0000] {dag.py:3722} INFO - Setting next_dagrun for example_weekday_branch_operator to 2025-10-16T00:00:00+00:00, run_after=2025-10-17T00:00:00+00:00
[2025-10-17T07:51:28.063+0000] {processor.py:179} INFO - Processing /home/airflow/.local/lib/python3.8/site-packages/airflow/example_dags/example_branch_day_of_week_operator.py took 0.072 seconds
[2025-10-17T07:51:58.597+0000] {processor.py:157} INFO - Started process (PID=706) to work on /home/airflow/.local/lib/python3.8/site-packages/airflow/example_dags/example_branch_day_of_week_operator.py
[2025-10-17T07:51:58.598+0000] {processor.py:829} INFO - Processing file /home/airflow/.local/lib/python3.8/site-packages/airflow/example_dags/example_branch_day_of_week_operator.py for tasks to queue
[2025-10-17T07:51:58.600+0000] {logging_mixin.py:154} INFO - [2025-10-17T07:51:58.600+0000] {dagbag.py:536} INFO - Filling up the DagBag from /home/airflow/.local/lib/python3.8/site-packages/airflow/example_dags/example_branch_day_of_week_operator.py
[2025-10-17T07:51:58.608+0000] {processor.py:839} INFO - DAG(s) dict_keys(['example_weekday_branch_operator']) retrieved from /home/airflow/.local/lib/python3.8/site-packages/airflow/example_dags/example_branch_day_of_week_operator.py
[2025-10-17T07:51:58.629+0000] {logging_mixin.py:154} INFO - [2025-10-17T07:51:58.628+0000] {dag.py:2941} INFO - Sync 1 DAGs
[2025-10-17T07:51:58.648+0000] {logging_mixin.py:154} INFO - [2025-10-17T07:51:58.648+0000] {dag.py:3722} INFO - Setting next_dagrun for example_weekday_branch_operator to 2025-10-16T00:00:00+00:00, run_after=2025-10-17T00:00:00+00:00
[2025-10-17T07:51:58.666+0000] {processor.py:179} INFO - Processing /home/airflow/.local/lib/python3.8/site-packages/airflow/example_dags/example_branch_day_of_week_operator.py took 0.072 seconds
[2025-10-17T08:08:54.892+0000] {processor.py:157} INFO - Started process (PID=91) to work on /home/airflow/.local/lib/python3.8/site-packages/airflow/example_dags/example_branch_day_of_week_operator.py
[2025-10-17T08:08:54.893+0000] {processor.py:829} INFO - Processing file /home/airflow/.local/lib/python3.8/site-packages/airflow/example_dags/example_branch_day_of_week_operator.py for tasks to queue
[2025-10-17T08:08:54.895+0000] {logging_mixin.py:154} INFO - [2025-10-17T08:08:54.895+0000] {dagbag.py:536} INFO - Filling up the DagBag from /home/airflow/.local/lib/python3.8/site-packages/airflow/example_dags/example_branch_day_of_week_operator.py
[2025-10-17T08:08:54.904+0000] {processor.py:839} INFO - DAG(s) dict_keys(['example_weekday_branch_operator']) retrieved from /home/airflow/.local/lib/python3.8/site-packages/airflow/example_dags/example_branch_day_of_week_operator.py
[2025-10-17T08:08:55.015+0000] {logging_mixin.py:154} INFO - [2025-10-17T08:08:55.015+0000] {manager.py:499} INFO - Created Permission View: %s
[2025-10-17T08:08:55.027+0000] {logging_mixin.py:154} INFO - [2025-10-17T08:08:55.027+0000] {manager.py:499} INFO - Created Permission View: %s
[2025-10-17T08:08:55.035+0000] {logging_mixin.py:154} INFO - [2025-10-17T08:08:55.035+0000] {manager.py:499} INFO - Created Permission View: %s
[2025-10-17T08:08:55.035+0000] {logging_mixin.py:154} INFO - [2025-10-17T08:08:55.035+0000] {dag.py:2941} INFO - Sync 1 DAGs
[2025-10-17T08:08:55.049+0000] {logging_mixin.py:154} INFO - [2025-10-17T08:08:55.049+0000] {dag.py:2963} INFO - Creating ORM DAG for example_weekday_branch_operator
[2025-10-17T08:08:55.062+0000] {logging_mixin.py:154} INFO - [2025-10-17T08:08:55.061+0000] {dag.py:3722} INFO - Setting next_dagrun for example_weekday_branch_operator to 2025-10-16T00:00:00+00:00, run_after=2025-10-17T00:00:00+00:00
[2025-10-17T08:08:55.079+0000] {processor.py:179} INFO - Processing /home/airflow/.local/lib/python3.8/site-packages/airflow/example_dags/example_branch_day_of_week_operator.py took 0.191 seconds
[2025-10-17T08:09:25.341+0000] {processor.py:157} INFO - Started process (PID=147) to work on /home/airflow/.local/lib/python3.8/site-packages/airflow/example_dags/example_branch_day_of_week_operator.py
[2025-10-17T08:09:25.342+0000] {processor.py:829} INFO - Processing file /home/airflow/.local/lib/python3.8/site-packages/airflow/example_dags/example_branch_day_of_week_operator.py for tasks to queue
[2025-10-17T08:09:25.344+0000] {logging_mixin.py:154} INFO - [2025-10-17T08:09:25.344+0000] {dagbag.py:536} INFO - Filling up the DagBag from /home/airflow/.local/lib/python3.8/site-packages/airflow/example_dags/example_branch_day_of_week_operator.py
[2025-10-17T08:09:25.351+0000] {processor.py:839} INFO - DAG(s) dict_keys(['example_weekday_branch_operator']) retrieved from /home/airflow/.local/lib/python3.8/site-packages/airflow/example_dags/example_branch_day_of_week_operator.py
[2025-10-17T08:09:25.371+0000] {logging_mixin.py:154} INFO - [2025-10-17T08:09:25.370+0000] {dag.py:2941} INFO - Sync 1 DAGs
[2025-10-17T08:09:25.390+0000] {logging_mixin.py:154} INFO - [2025-10-17T08:09:25.390+0000] {dag.py:3722} INFO - Setting next_dagrun for example_weekday_branch_operator to 2025-10-16T00:00:00+00:00, run_after=2025-10-17T00:00:00+00:00
[2025-10-17T08:09:25.407+0000] {processor.py:179} INFO - Processing /home/airflow/.local/lib/python3.8/site-packages/airflow/example_dags/example_branch_day_of_week_operator.py took 0.069 seconds
[2025-10-17T08:09:56.367+0000] {processor.py:157} INFO - Started process (PID=203) to work on /home/airflow/.local/lib/python3.8/site-packages/airflow/example_dags/example_branch_day_of_week_operator.py
[2025-10-17T08:09:56.369+0000] {processor.py:829} INFO - Processing file /home/airflow/.local/lib/python3.8/site-packages/airflow/example_dags/example_branch_day_of_week_operator.py for tasks to queue
[2025-10-17T08:09:56.372+0000] {logging_mixin.py:154} INFO - [2025-10-17T08:09:56.371+0000] {dagbag.py:536} INFO - Filling up the DagBag from /home/airflow/.local/lib/python3.8/site-packages/airflow/example_dags/example_branch_day_of_week_operator.py
[2025-10-17T08:09:56.380+0000] {processor.py:839} INFO - DAG(s) dict_keys(['example_weekday_branch_operator']) retrieved from /home/airflow/.local/lib/python3.8/site-packages/airflow/example_dags/example_branch_day_of_week_operator.py
[2025-10-17T08:09:56.402+0000] {logging_mixin.py:154} INFO - [2025-10-17T08:09:56.401+0000] {dag.py:2941} INFO - Sync 1 DAGs
[2025-10-17T08:09:56.427+0000] {logging_mixin.py:154} INFO - [2025-10-17T08:09:56.427+0000] {dag.py:3722} INFO - Setting next_dagrun for example_weekday_branch_operator to 2025-10-16T00:00:00+00:00, run_after=2025-10-17T00:00:00+00:00
[2025-10-17T08:09:56.448+0000] {processor.py:179} INFO - Processing /home/airflow/.local/lib/python3.8/site-packages/airflow/example_dags/example_branch_day_of_week_operator.py took 0.084 seconds
[2025-10-17T08:10:27.297+0000] {processor.py:157} INFO - Started process (PID=259) to work on /home/airflow/.local/lib/python3.8/site-packages/airflow/example_dags/example_branch_day_of_week_operator.py
[2025-10-17T08:10:27.298+0000] {processor.py:829} INFO - Processing file /home/airflow/.local/lib/python3.8/site-packages/airflow/example_dags/example_branch_day_of_week_operator.py for tasks to queue
[2025-10-17T08:10:27.301+0000] {logging_mixin.py:154} INFO - [2025-10-17T08:10:27.301+0000] {dagbag.py:536} INFO - Filling up the DagBag from /home/airflow/.local/lib/python3.8/site-packages/airflow/example_dags/example_branch_day_of_week_operator.py
[2025-10-17T08:10:27.309+0000] {processor.py:839} INFO - DAG(s) dict_keys(['example_weekday_branch_operator']) retrieved from /home/airflow/.local/lib/python3.8/site-packages/airflow/example_dags/example_branch_day_of_week_operator.py
[2025-10-17T08:10:27.331+0000] {logging_mixin.py:154} INFO - [2025-10-17T08:10:27.331+0000] {dag.py:2941} INFO - Sync 1 DAGs
[2025-10-17T08:10:27.353+0000] {logging_mixin.py:154} INFO - [2025-10-17T08:10:27.353+0000] {dag.py:3722} INFO - Setting next_dagrun for example_weekday_branch_operator to 2025-10-16T00:00:00+00:00, run_after=2025-10-17T00:00:00+00:00
[2025-10-17T08:10:27.374+0000] {processor.py:179} INFO - Processing /home/airflow/.local/lib/python3.8/site-packages/airflow/example_dags/example_branch_day_of_week_operator.py took 0.080 seconds
[2025-10-17T08:10:57.998+0000] {processor.py:157} INFO - Started process (PID=315) to work on /home/airflow/.local/lib/python3.8/site-packages/airflow/example_dags/example_branch_day_of_week_operator.py
[2025-10-17T08:10:57.999+0000] {processor.py:829} INFO - Processing file /home/airflow/.local/lib/python3.8/site-packages/airflow/example_dags/example_branch_day_of_week_operator.py for tasks to queue
[2025-10-17T08:10:58.001+0000] {logging_mixin.py:154} INFO - [2025-10-17T08:10:58.001+0000] {dagbag.py:536} INFO - Filling up the DagBag from /home/airflow/.local/lib/python3.8/site-packages/airflow/example_dags/example_branch_day_of_week_operator.py
[2025-10-17T08:10:58.010+0000] {processor.py:839} INFO - DAG(s) dict_keys(['example_weekday_branch_operator']) retrieved from /home/airflow/.local/lib/python3.8/site-packages/airflow/example_dags/example_branch_day_of_week_operator.py
[2025-10-17T08:10:58.030+0000] {logging_mixin.py:154} INFO - [2025-10-17T08:10:58.030+0000] {dag.py:2941} INFO - Sync 1 DAGs
[2025-10-17T08:10:58.051+0000] {logging_mixin.py:154} INFO - [2025-10-17T08:10:58.050+0000] {dag.py:3722} INFO - Setting next_dagrun for example_weekday_branch_operator to 2025-10-16T00:00:00+00:00, run_after=2025-10-17T00:00:00+00:00
[2025-10-17T08:10:58.068+0000] {processor.py:179} INFO - Processing /home/airflow/.local/lib/python3.8/site-packages/airflow/example_dags/example_branch_day_of_week_operator.py took 0.074 seconds
[2025-10-17T08:12:36.772+0000] {processor.py:157} INFO - Started process (PID=92) to work on /home/airflow/.local/lib/python3.8/site-packages/airflow/example_dags/example_branch_day_of_week_operator.py
[2025-10-17T08:12:36.773+0000] {processor.py:829} INFO - Processing file /home/airflow/.local/lib/python3.8/site-packages/airflow/example_dags/example_branch_day_of_week_operator.py for tasks to queue
[2025-10-17T08:12:36.775+0000] {logging_mixin.py:154} INFO - [2025-10-17T08:12:36.775+0000] {dagbag.py:536} INFO - Filling up the DagBag from /home/airflow/.local/lib/python3.8/site-packages/airflow/example_dags/example_branch_day_of_week_operator.py
[2025-10-17T08:12:36.784+0000] {processor.py:839} INFO - DAG(s) dict_keys(['example_weekday_branch_operator']) retrieved from /home/airflow/.local/lib/python3.8/site-packages/airflow/example_dags/example_branch_day_of_week_operator.py
[2025-10-17T08:12:36.928+0000] {logging_mixin.py:154} INFO - [2025-10-17T08:12:36.927+0000] {manager.py:499} INFO - Created Permission View: %s
[2025-10-17T08:12:36.945+0000] {logging_mixin.py:154} INFO - [2025-10-17T08:12:36.945+0000] {manager.py:499} INFO - Created Permission View: %s
[2025-10-17T08:12:36.958+0000] {logging_mixin.py:154} INFO - [2025-10-17T08:12:36.958+0000] {manager.py:499} INFO - Created Permission View: %s
[2025-10-17T08:12:36.959+0000] {logging_mixin.py:154} INFO - [2025-10-17T08:12:36.959+0000] {dag.py:2941} INFO - Sync 1 DAGs
[2025-10-17T08:12:36.972+0000] {logging_mixin.py:154} INFO - [2025-10-17T08:12:36.972+0000] {dag.py:2963} INFO - Creating ORM DAG for example_weekday_branch_operator
[2025-10-17T08:12:36.985+0000] {logging_mixin.py:154} INFO - [2025-10-17T08:12:36.985+0000] {dag.py:3722} INFO - Setting next_dagrun for example_weekday_branch_operator to 2025-10-16T00:00:00+00:00, run_after=2025-10-17T00:00:00+00:00
[2025-10-17T08:12:37.007+0000] {processor.py:179} INFO - Processing /home/airflow/.local/lib/python3.8/site-packages/airflow/example_dags/example_branch_day_of_week_operator.py took 0.240 seconds
[2025-10-17T08:13:07.449+0000] {processor.py:157} INFO - Started process (PID=148) to work on /home/airflow/.local/lib/python3.8/site-packages/airflow/example_dags/example_branch_day_of_week_operator.py
[2025-10-17T08:13:07.450+0000] {processor.py:829} INFO - Processing file /home/airflow/.local/lib/python3.8/site-packages/airflow/example_dags/example_branch_day_of_week_operator.py for tasks to queue
[2025-10-17T08:13:07.452+0000] {logging_mixin.py:154} INFO - [2025-10-17T08:13:07.452+0000] {dagbag.py:536} INFO - Filling up the DagBag from /home/airflow/.local/lib/python3.8/site-packages/airflow/example_dags/example_branch_day_of_week_operator.py
[2025-10-17T08:13:07.460+0000] {processor.py:839} INFO - DAG(s) dict_keys(['example_weekday_branch_operator']) retrieved from /home/airflow/.local/lib/python3.8/site-packages/airflow/example_dags/example_branch_day_of_week_operator.py
[2025-10-17T08:13:07.481+0000] {logging_mixin.py:154} INFO - [2025-10-17T08:13:07.481+0000] {dag.py:2941} INFO - Sync 1 DAGs
[2025-10-17T08:13:07.500+0000] {logging_mixin.py:154} INFO - [2025-10-17T08:13:07.500+0000] {dag.py:3722} INFO - Setting next_dagrun for example_weekday_branch_operator to 2025-10-16T00:00:00+00:00, run_after=2025-10-17T00:00:00+00:00
[2025-10-17T08:13:07.516+0000] {processor.py:179} INFO - Processing /home/airflow/.local/lib/python3.8/site-packages/airflow/example_dags/example_branch_day_of_week_operator.py took 0.070 seconds
[2025-10-17T08:13:38.017+0000] {processor.py:157} INFO - Started process (PID=204) to work on /home/airflow/.local/lib/python3.8/site-packages/airflow/example_dags/example_branch_day_of_week_operator.py
[2025-10-17T08:13:38.018+0000] {processor.py:829} INFO - Processing file /home/airflow/.local/lib/python3.8/site-packages/airflow/example_dags/example_branch_day_of_week_operator.py for tasks to queue
[2025-10-17T08:13:38.020+0000] {logging_mixin.py:154} INFO - [2025-10-17T08:13:38.020+0000] {dagbag.py:536} INFO - Filling up the DagBag from /home/airflow/.local/lib/python3.8/site-packages/airflow/example_dags/example_branch_day_of_week_operator.py
[2025-10-17T08:13:38.027+0000] {processor.py:839} INFO - DAG(s) dict_keys(['example_weekday_branch_operator']) retrieved from /home/airflow/.local/lib/python3.8/site-packages/airflow/example_dags/example_branch_day_of_week_operator.py
[2025-10-17T08:13:38.047+0000] {logging_mixin.py:154} INFO - [2025-10-17T08:13:38.047+0000] {dag.py:2941} INFO - Sync 1 DAGs
[2025-10-17T08:13:38.067+0000] {logging_mixin.py:154} INFO - [2025-10-17T08:13:38.067+0000] {dag.py:3722} INFO - Setting next_dagrun for example_weekday_branch_operator to 2025-10-16T00:00:00+00:00, run_after=2025-10-17T00:00:00+00:00
[2025-10-17T08:13:38.086+0000] {processor.py:179} INFO - Processing /home/airflow/.local/lib/python3.8/site-packages/airflow/example_dags/example_branch_day_of_week_operator.py took 0.072 seconds
