[2025-10-17T07:19:48.799+0000] {processor.py:157} INFO - Started process (PID=591) to work on /home/airflow/.local/lib/python3.8/site-packages/airflow/example_dags/tutorial.py
[2025-10-17T07:19:48.801+0000] {processor.py:829} INFO - Processing file /home/airflow/.local/lib/python3.8/site-packages/airflow/example_dags/tutorial.py for tasks to queue
[2025-10-17T07:19:48.805+0000] {logging_mixin.py:154} INFO - [2025-10-17T07:19:48.804+0000] {dagbag.py:536} INFO - Filling up the DagBag from /home/airflow/.local/lib/python3.8/site-packages/airflow/example_dags/tutorial.py
[2025-10-17T07:19:48.821+0000] {processor.py:839} INFO - DAG(s) dict_keys(['tutorial']) retrieved from /home/airflow/.local/lib/python3.8/site-packages/airflow/example_dags/tutorial.py
[2025-10-17T07:19:48.878+0000] {logging_mixin.py:154} INFO - [2025-10-17T07:19:48.878+0000] {dag.py:2941} INFO - Sync 1 DAGs
[2025-10-17T07:19:48.925+0000] {logging_mixin.py:154} INFO - [2025-10-17T07:19:48.925+0000] {dag.py:3722} INFO - Setting next_dagrun for tutorial to 2025-10-16T07:19:48.924622+00:00, run_after=2025-10-17T07:19:48.924622+00:00
[2025-10-17T07:19:49.031+0000] {processor.py:179} INFO - Processing /home/airflow/.local/lib/python3.8/site-packages/airflow/example_dags/tutorial.py took 0.245 seconds
[2025-10-17T07:20:19.442+0000] {processor.py:157} INFO - Started process (PID=647) to work on /home/airflow/.local/lib/python3.8/site-packages/airflow/example_dags/tutorial.py
[2025-10-17T07:20:19.443+0000] {processor.py:829} INFO - Processing file /home/airflow/.local/lib/python3.8/site-packages/airflow/example_dags/tutorial.py for tasks to queue
[2025-10-17T07:20:19.445+0000] {logging_mixin.py:154} INFO - [2025-10-17T07:20:19.445+0000] {dagbag.py:536} INFO - Filling up the DagBag from /home/airflow/.local/lib/python3.8/site-packages/airflow/example_dags/tutorial.py
[2025-10-17T07:20:19.451+0000] {processor.py:839} INFO - DAG(s) dict_keys(['tutorial']) retrieved from /home/airflow/.local/lib/python3.8/site-packages/airflow/example_dags/tutorial.py
[2025-10-17T07:20:19.473+0000] {logging_mixin.py:154} INFO - [2025-10-17T07:20:19.473+0000] {dag.py:2941} INFO - Sync 1 DAGs
[2025-10-17T07:20:19.492+0000] {logging_mixin.py:154} INFO - [2025-10-17T07:20:19.491+0000] {dag.py:3722} INFO - Setting next_dagrun for tutorial to 2025-10-16T07:20:19.491713+00:00, run_after=2025-10-17T07:20:19.491713+00:00
[2025-10-17T07:20:19.510+0000] {processor.py:179} INFO - Processing /home/airflow/.local/lib/python3.8/site-packages/airflow/example_dags/tutorial.py took 0.072 seconds
[2025-10-17T07:20:50.417+0000] {processor.py:157} INFO - Started process (PID=703) to work on /home/airflow/.local/lib/python3.8/site-packages/airflow/example_dags/tutorial.py
[2025-10-17T07:20:50.420+0000] {processor.py:829} INFO - Processing file /home/airflow/.local/lib/python3.8/site-packages/airflow/example_dags/tutorial.py for tasks to queue
[2025-10-17T07:20:50.426+0000] {logging_mixin.py:154} INFO - [2025-10-17T07:20:50.424+0000] {dagbag.py:536} INFO - Filling up the DagBag from /home/airflow/.local/lib/python3.8/site-packages/airflow/example_dags/tutorial.py
[2025-10-17T07:20:50.439+0000] {processor.py:839} INFO - DAG(s) dict_keys(['tutorial']) retrieved from /home/airflow/.local/lib/python3.8/site-packages/airflow/example_dags/tutorial.py
[2025-10-17T07:20:50.486+0000] {logging_mixin.py:154} INFO - [2025-10-17T07:20:50.485+0000] {dag.py:2941} INFO - Sync 1 DAGs
[2025-10-17T07:20:50.532+0000] {logging_mixin.py:154} INFO - [2025-10-17T07:20:50.532+0000] {dag.py:3722} INFO - Setting next_dagrun for tutorial to 2025-10-16T07:20:50.532031+00:00, run_after=2025-10-17T07:20:50.532031+00:00
[2025-10-17T07:20:50.568+0000] {processor.py:179} INFO - Processing /home/airflow/.local/lib/python3.8/site-packages/airflow/example_dags/tutorial.py took 0.160 seconds
[2025-10-17T07:21:20.727+0000] {processor.py:157} INFO - Started process (PID=759) to work on /home/airflow/.local/lib/python3.8/site-packages/airflow/example_dags/tutorial.py
[2025-10-17T07:21:20.728+0000] {processor.py:829} INFO - Processing file /home/airflow/.local/lib/python3.8/site-packages/airflow/example_dags/tutorial.py for tasks to queue
[2025-10-17T07:21:20.730+0000] {logging_mixin.py:154} INFO - [2025-10-17T07:21:20.730+0000] {dagbag.py:536} INFO - Filling up the DagBag from /home/airflow/.local/lib/python3.8/site-packages/airflow/example_dags/tutorial.py
[2025-10-17T07:21:20.736+0000] {processor.py:839} INFO - DAG(s) dict_keys(['tutorial']) retrieved from /home/airflow/.local/lib/python3.8/site-packages/airflow/example_dags/tutorial.py
[2025-10-17T07:21:20.756+0000] {logging_mixin.py:154} INFO - [2025-10-17T07:21:20.756+0000] {dag.py:2941} INFO - Sync 1 DAGs
[2025-10-17T07:21:20.773+0000] {logging_mixin.py:154} INFO - [2025-10-17T07:21:20.773+0000] {dag.py:3722} INFO - Setting next_dagrun for tutorial to 2025-10-16T07:21:20.773538+00:00, run_after=2025-10-17T07:21:20.773538+00:00
[2025-10-17T07:21:20.791+0000] {processor.py:179} INFO - Processing /home/airflow/.local/lib/python3.8/site-packages/airflow/example_dags/tutorial.py took 0.067 seconds
[2025-10-17T07:21:51.414+0000] {processor.py:157} INFO - Started process (PID=815) to work on /home/airflow/.local/lib/python3.8/site-packages/airflow/example_dags/tutorial.py
[2025-10-17T07:21:51.422+0000] {processor.py:829} INFO - Processing file /home/airflow/.local/lib/python3.8/site-packages/airflow/example_dags/tutorial.py for tasks to queue
[2025-10-17T07:21:51.424+0000] {logging_mixin.py:154} INFO - [2025-10-17T07:21:51.424+0000] {dagbag.py:536} INFO - Filling up the DagBag from /home/airflow/.local/lib/python3.8/site-packages/airflow/example_dags/tutorial.py
[2025-10-17T07:21:51.431+0000] {processor.py:839} INFO - DAG(s) dict_keys(['tutorial']) retrieved from /home/airflow/.local/lib/python3.8/site-packages/airflow/example_dags/tutorial.py
[2025-10-17T07:21:51.457+0000] {logging_mixin.py:154} INFO - [2025-10-17T07:21:51.457+0000] {dag.py:2941} INFO - Sync 1 DAGs
[2025-10-17T07:21:51.487+0000] {logging_mixin.py:154} INFO - [2025-10-17T07:21:51.487+0000] {dag.py:3722} INFO - Setting next_dagrun for tutorial to 2025-10-16T07:21:51.486856+00:00, run_after=2025-10-17T07:21:51.486856+00:00
[2025-10-17T07:21:51.527+0000] {processor.py:179} INFO - Processing /home/airflow/.local/lib/python3.8/site-packages/airflow/example_dags/tutorial.py took 0.118 seconds
[2025-10-17T07:22:22.202+0000] {processor.py:157} INFO - Started process (PID=871) to work on /home/airflow/.local/lib/python3.8/site-packages/airflow/example_dags/tutorial.py
[2025-10-17T07:22:22.213+0000] {processor.py:829} INFO - Processing file /home/airflow/.local/lib/python3.8/site-packages/airflow/example_dags/tutorial.py for tasks to queue
[2025-10-17T07:22:22.216+0000] {logging_mixin.py:154} INFO - [2025-10-17T07:22:22.215+0000] {dagbag.py:536} INFO - Filling up the DagBag from /home/airflow/.local/lib/python3.8/site-packages/airflow/example_dags/tutorial.py
[2025-10-17T07:22:22.221+0000] {processor.py:839} INFO - DAG(s) dict_keys(['tutorial']) retrieved from /home/airflow/.local/lib/python3.8/site-packages/airflow/example_dags/tutorial.py
[2025-10-17T07:22:22.240+0000] {logging_mixin.py:154} INFO - [2025-10-17T07:22:22.240+0000] {dag.py:2941} INFO - Sync 1 DAGs
[2025-10-17T07:22:22.257+0000] {logging_mixin.py:154} INFO - [2025-10-17T07:22:22.257+0000] {dag.py:3722} INFO - Setting next_dagrun for tutorial to 2025-10-16T07:22:22.257516+00:00, run_after=2025-10-17T07:22:22.257516+00:00
[2025-10-17T07:22:22.291+0000] {processor.py:179} INFO - Processing /home/airflow/.local/lib/python3.8/site-packages/airflow/example_dags/tutorial.py took 0.092 seconds
[2025-10-17T07:22:52.988+0000] {processor.py:157} INFO - Started process (PID=927) to work on /home/airflow/.local/lib/python3.8/site-packages/airflow/example_dags/tutorial.py
[2025-10-17T07:22:52.989+0000] {processor.py:829} INFO - Processing file /home/airflow/.local/lib/python3.8/site-packages/airflow/example_dags/tutorial.py for tasks to queue
[2025-10-17T07:22:52.991+0000] {logging_mixin.py:154} INFO - [2025-10-17T07:22:52.991+0000] {dagbag.py:536} INFO - Filling up the DagBag from /home/airflow/.local/lib/python3.8/site-packages/airflow/example_dags/tutorial.py
[2025-10-17T07:22:52.998+0000] {processor.py:839} INFO - DAG(s) dict_keys(['tutorial']) retrieved from /home/airflow/.local/lib/python3.8/site-packages/airflow/example_dags/tutorial.py
[2025-10-17T07:22:53.021+0000] {logging_mixin.py:154} INFO - [2025-10-17T07:22:53.021+0000] {dag.py:2941} INFO - Sync 1 DAGs
[2025-10-17T07:22:53.044+0000] {logging_mixin.py:154} INFO - [2025-10-17T07:22:53.044+0000] {dag.py:3722} INFO - Setting next_dagrun for tutorial to 2025-10-16T07:22:53.044381+00:00, run_after=2025-10-17T07:22:53.044381+00:00
[2025-10-17T07:22:53.065+0000] {processor.py:179} INFO - Processing /home/airflow/.local/lib/python3.8/site-packages/airflow/example_dags/tutorial.py took 0.080 seconds
[2025-10-17T07:23:23.345+0000] {processor.py:157} INFO - Started process (PID=983) to work on /home/airflow/.local/lib/python3.8/site-packages/airflow/example_dags/tutorial.py
[2025-10-17T07:23:23.346+0000] {processor.py:829} INFO - Processing file /home/airflow/.local/lib/python3.8/site-packages/airflow/example_dags/tutorial.py for tasks to queue
[2025-10-17T07:23:23.348+0000] {logging_mixin.py:154} INFO - [2025-10-17T07:23:23.348+0000] {dagbag.py:536} INFO - Filling up the DagBag from /home/airflow/.local/lib/python3.8/site-packages/airflow/example_dags/tutorial.py
[2025-10-17T07:23:23.354+0000] {processor.py:839} INFO - DAG(s) dict_keys(['tutorial']) retrieved from /home/airflow/.local/lib/python3.8/site-packages/airflow/example_dags/tutorial.py
[2025-10-17T07:23:23.373+0000] {logging_mixin.py:154} INFO - [2025-10-17T07:23:23.373+0000] {dag.py:2941} INFO - Sync 1 DAGs
[2025-10-17T07:23:23.530+0000] {logging_mixin.py:154} INFO - [2025-10-17T07:23:23.530+0000] {dag.py:3722} INFO - Setting next_dagrun for tutorial to 2025-10-16T07:23:23.530188+00:00, run_after=2025-10-17T07:23:23.530188+00:00
[2025-10-17T07:23:23.548+0000] {processor.py:179} INFO - Processing /home/airflow/.local/lib/python3.8/site-packages/airflow/example_dags/tutorial.py took 0.206 seconds
[2025-10-17T07:23:54.511+0000] {processor.py:157} INFO - Started process (PID=1046) to work on /home/airflow/.local/lib/python3.8/site-packages/airflow/example_dags/tutorial.py
[2025-10-17T07:23:54.512+0000] {processor.py:829} INFO - Processing file /home/airflow/.local/lib/python3.8/site-packages/airflow/example_dags/tutorial.py for tasks to queue
[2025-10-17T07:23:54.514+0000] {logging_mixin.py:154} INFO - [2025-10-17T07:23:54.514+0000] {dagbag.py:536} INFO - Filling up the DagBag from /home/airflow/.local/lib/python3.8/site-packages/airflow/example_dags/tutorial.py
[2025-10-17T07:23:54.521+0000] {processor.py:839} INFO - DAG(s) dict_keys(['tutorial']) retrieved from /home/airflow/.local/lib/python3.8/site-packages/airflow/example_dags/tutorial.py
[2025-10-17T07:23:54.546+0000] {logging_mixin.py:154} INFO - [2025-10-17T07:23:54.546+0000] {dag.py:2941} INFO - Sync 1 DAGs
[2025-10-17T07:23:54.569+0000] {logging_mixin.py:154} INFO - [2025-10-17T07:23:54.568+0000] {dag.py:3722} INFO - Setting next_dagrun for tutorial to 2025-10-16T07:23:54.568511+00:00, run_after=2025-10-17T07:23:54.568511+00:00
[2025-10-17T07:23:54.737+0000] {processor.py:179} INFO - Processing /home/airflow/.local/lib/python3.8/site-packages/airflow/example_dags/tutorial.py took 0.229 seconds
[2025-10-17T07:24:25.524+0000] {processor.py:157} INFO - Started process (PID=1102) to work on /home/airflow/.local/lib/python3.8/site-packages/airflow/example_dags/tutorial.py
[2025-10-17T07:24:25.526+0000] {processor.py:829} INFO - Processing file /home/airflow/.local/lib/python3.8/site-packages/airflow/example_dags/tutorial.py for tasks to queue
[2025-10-17T07:24:25.528+0000] {logging_mixin.py:154} INFO - [2025-10-17T07:24:25.528+0000] {dagbag.py:536} INFO - Filling up the DagBag from /home/airflow/.local/lib/python3.8/site-packages/airflow/example_dags/tutorial.py
[2025-10-17T07:24:25.534+0000] {processor.py:839} INFO - DAG(s) dict_keys(['tutorial']) retrieved from /home/airflow/.local/lib/python3.8/site-packages/airflow/example_dags/tutorial.py
[2025-10-17T07:24:25.554+0000] {logging_mixin.py:154} INFO - [2025-10-17T07:24:25.553+0000] {dag.py:2941} INFO - Sync 1 DAGs
[2025-10-17T07:24:25.572+0000] {logging_mixin.py:154} INFO - [2025-10-17T07:24:25.571+0000] {dag.py:3722} INFO - Setting next_dagrun for tutorial to 2025-10-16T07:24:25.571757+00:00, run_after=2025-10-17T07:24:25.571757+00:00
[2025-10-17T07:24:25.589+0000] {processor.py:179} INFO - Processing /home/airflow/.local/lib/python3.8/site-packages/airflow/example_dags/tutorial.py took 0.068 seconds
[2025-10-17T07:24:56.074+0000] {processor.py:157} INFO - Started process (PID=1164) to work on /home/airflow/.local/lib/python3.8/site-packages/airflow/example_dags/tutorial.py
[2025-10-17T07:24:56.075+0000] {processor.py:829} INFO - Processing file /home/airflow/.local/lib/python3.8/site-packages/airflow/example_dags/tutorial.py for tasks to queue
[2025-10-17T07:24:56.078+0000] {logging_mixin.py:154} INFO - [2025-10-17T07:24:56.077+0000] {dagbag.py:536} INFO - Filling up the DagBag from /home/airflow/.local/lib/python3.8/site-packages/airflow/example_dags/tutorial.py
[2025-10-17T07:24:56.083+0000] {processor.py:839} INFO - DAG(s) dict_keys(['tutorial']) retrieved from /home/airflow/.local/lib/python3.8/site-packages/airflow/example_dags/tutorial.py
[2025-10-17T07:24:56.104+0000] {logging_mixin.py:154} INFO - [2025-10-17T07:24:56.104+0000] {dag.py:2941} INFO - Sync 1 DAGs
[2025-10-17T07:24:56.263+0000] {logging_mixin.py:154} INFO - [2025-10-17T07:24:56.262+0000] {dag.py:3722} INFO - Setting next_dagrun for tutorial to 2025-10-16T07:24:56.262812+00:00, run_after=2025-10-17T07:24:56.262812+00:00
[2025-10-17T07:24:56.278+0000] {processor.py:179} INFO - Processing /home/airflow/.local/lib/python3.8/site-packages/airflow/example_dags/tutorial.py took 0.207 seconds
[2025-10-17T07:25:26.507+0000] {processor.py:157} INFO - Started process (PID=1220) to work on /home/airflow/.local/lib/python3.8/site-packages/airflow/example_dags/tutorial.py
[2025-10-17T07:25:26.509+0000] {processor.py:829} INFO - Processing file /home/airflow/.local/lib/python3.8/site-packages/airflow/example_dags/tutorial.py for tasks to queue
[2025-10-17T07:25:26.511+0000] {logging_mixin.py:154} INFO - [2025-10-17T07:25:26.510+0000] {dagbag.py:536} INFO - Filling up the DagBag from /home/airflow/.local/lib/python3.8/site-packages/airflow/example_dags/tutorial.py
[2025-10-17T07:25:26.517+0000] {processor.py:839} INFO - DAG(s) dict_keys(['tutorial']) retrieved from /home/airflow/.local/lib/python3.8/site-packages/airflow/example_dags/tutorial.py
[2025-10-17T07:25:26.537+0000] {logging_mixin.py:154} INFO - [2025-10-17T07:25:26.537+0000] {dag.py:2941} INFO - Sync 1 DAGs
[2025-10-17T07:25:26.557+0000] {logging_mixin.py:154} INFO - [2025-10-17T07:25:26.557+0000] {dag.py:3722} INFO - Setting next_dagrun for tutorial to 2025-10-16T07:25:26.557356+00:00, run_after=2025-10-17T07:25:26.557356+00:00
[2025-10-17T07:25:26.731+0000] {processor.py:179} INFO - Processing /home/airflow/.local/lib/python3.8/site-packages/airflow/example_dags/tutorial.py took 0.227 seconds
[2025-10-17T07:25:57.396+0000] {processor.py:157} INFO - Started process (PID=1276) to work on /home/airflow/.local/lib/python3.8/site-packages/airflow/example_dags/tutorial.py
[2025-10-17T07:25:57.398+0000] {processor.py:829} INFO - Processing file /home/airflow/.local/lib/python3.8/site-packages/airflow/example_dags/tutorial.py for tasks to queue
[2025-10-17T07:25:57.400+0000] {logging_mixin.py:154} INFO - [2025-10-17T07:25:57.399+0000] {dagbag.py:536} INFO - Filling up the DagBag from /home/airflow/.local/lib/python3.8/site-packages/airflow/example_dags/tutorial.py
[2025-10-17T07:25:57.405+0000] {processor.py:839} INFO - DAG(s) dict_keys(['tutorial']) retrieved from /home/airflow/.local/lib/python3.8/site-packages/airflow/example_dags/tutorial.py
[2025-10-17T07:25:57.424+0000] {logging_mixin.py:154} INFO - [2025-10-17T07:25:57.424+0000] {dag.py:2941} INFO - Sync 1 DAGs
[2025-10-17T07:25:57.442+0000] {logging_mixin.py:154} INFO - [2025-10-17T07:25:57.442+0000] {dag.py:3722} INFO - Setting next_dagrun for tutorial to 2025-10-16T07:25:57.441760+00:00, run_after=2025-10-17T07:25:57.441760+00:00
[2025-10-17T07:25:57.456+0000] {processor.py:179} INFO - Processing /home/airflow/.local/lib/python3.8/site-packages/airflow/example_dags/tutorial.py took 0.063 seconds
[2025-10-17T07:26:28.025+0000] {processor.py:157} INFO - Started process (PID=1334) to work on /home/airflow/.local/lib/python3.8/site-packages/airflow/example_dags/tutorial.py
[2025-10-17T07:26:28.026+0000] {processor.py:829} INFO - Processing file /home/airflow/.local/lib/python3.8/site-packages/airflow/example_dags/tutorial.py for tasks to queue
[2025-10-17T07:26:28.029+0000] {logging_mixin.py:154} INFO - [2025-10-17T07:26:28.028+0000] {dagbag.py:536} INFO - Filling up the DagBag from /home/airflow/.local/lib/python3.8/site-packages/airflow/example_dags/tutorial.py
[2025-10-17T07:26:28.036+0000] {processor.py:839} INFO - DAG(s) dict_keys(['tutorial']) retrieved from /home/airflow/.local/lib/python3.8/site-packages/airflow/example_dags/tutorial.py
[2025-10-17T07:26:28.058+0000] {logging_mixin.py:154} INFO - [2025-10-17T07:26:28.057+0000] {dag.py:2941} INFO - Sync 1 DAGs
[2025-10-17T07:26:28.075+0000] {logging_mixin.py:154} INFO - [2025-10-17T07:26:28.074+0000] {dag.py:3722} INFO - Setting next_dagrun for tutorial to 2025-10-16T07:26:28.074731+00:00, run_after=2025-10-17T07:26:28.074731+00:00
[2025-10-17T07:26:28.090+0000] {processor.py:179} INFO - Processing /home/airflow/.local/lib/python3.8/site-packages/airflow/example_dags/tutorial.py took 0.068 seconds
[2025-10-17T07:26:58.289+0000] {processor.py:157} INFO - Started process (PID=1389) to work on /home/airflow/.local/lib/python3.8/site-packages/airflow/example_dags/tutorial.py
[2025-10-17T07:26:58.290+0000] {processor.py:829} INFO - Processing file /home/airflow/.local/lib/python3.8/site-packages/airflow/example_dags/tutorial.py for tasks to queue
[2025-10-17T07:26:58.293+0000] {logging_mixin.py:154} INFO - [2025-10-17T07:26:58.292+0000] {dagbag.py:536} INFO - Filling up the DagBag from /home/airflow/.local/lib/python3.8/site-packages/airflow/example_dags/tutorial.py
[2025-10-17T07:26:58.298+0000] {processor.py:839} INFO - DAG(s) dict_keys(['tutorial']) retrieved from /home/airflow/.local/lib/python3.8/site-packages/airflow/example_dags/tutorial.py
[2025-10-17T07:26:58.318+0000] {logging_mixin.py:154} INFO - [2025-10-17T07:26:58.318+0000] {dag.py:2941} INFO - Sync 1 DAGs
[2025-10-17T07:26:58.336+0000] {logging_mixin.py:154} INFO - [2025-10-17T07:26:58.335+0000] {dag.py:3722} INFO - Setting next_dagrun for tutorial to 2025-10-16T07:26:58.335660+00:00, run_after=2025-10-17T07:26:58.335660+00:00
[2025-10-17T07:26:58.351+0000] {processor.py:179} INFO - Processing /home/airflow/.local/lib/python3.8/site-packages/airflow/example_dags/tutorial.py took 0.065 seconds
[2025-10-17T07:27:28.531+0000] {processor.py:157} INFO - Started process (PID=1444) to work on /home/airflow/.local/lib/python3.8/site-packages/airflow/example_dags/tutorial.py
[2025-10-17T07:27:28.532+0000] {processor.py:829} INFO - Processing file /home/airflow/.local/lib/python3.8/site-packages/airflow/example_dags/tutorial.py for tasks to queue
[2025-10-17T07:27:28.534+0000] {logging_mixin.py:154} INFO - [2025-10-17T07:27:28.534+0000] {dagbag.py:536} INFO - Filling up the DagBag from /home/airflow/.local/lib/python3.8/site-packages/airflow/example_dags/tutorial.py
[2025-10-17T07:27:28.540+0000] {processor.py:839} INFO - DAG(s) dict_keys(['tutorial']) retrieved from /home/airflow/.local/lib/python3.8/site-packages/airflow/example_dags/tutorial.py
[2025-10-17T07:27:28.558+0000] {logging_mixin.py:154} INFO - [2025-10-17T07:27:28.558+0000] {dag.py:2941} INFO - Sync 1 DAGs
[2025-10-17T07:27:28.576+0000] {logging_mixin.py:154} INFO - [2025-10-17T07:27:28.576+0000] {dag.py:3722} INFO - Setting next_dagrun for tutorial to 2025-10-16T07:27:28.576169+00:00, run_after=2025-10-17T07:27:28.576169+00:00
[2025-10-17T07:27:28.592+0000] {processor.py:179} INFO - Processing /home/airflow/.local/lib/python3.8/site-packages/airflow/example_dags/tutorial.py took 0.064 seconds
[2025-10-17T07:27:58.696+0000] {processor.py:157} INFO - Started process (PID=1499) to work on /home/airflow/.local/lib/python3.8/site-packages/airflow/example_dags/tutorial.py
[2025-10-17T07:27:58.697+0000] {processor.py:829} INFO - Processing file /home/airflow/.local/lib/python3.8/site-packages/airflow/example_dags/tutorial.py for tasks to queue
[2025-10-17T07:27:58.698+0000] {logging_mixin.py:154} INFO - [2025-10-17T07:27:58.697+0000] {dagbag.py:536} INFO - Filling up the DagBag from /home/airflow/.local/lib/python3.8/site-packages/airflow/example_dags/tutorial.py
[2025-10-17T07:27:58.706+0000] {processor.py:839} INFO - DAG(s) dict_keys(['tutorial']) retrieved from /home/airflow/.local/lib/python3.8/site-packages/airflow/example_dags/tutorial.py
[2025-10-17T07:27:58.727+0000] {logging_mixin.py:154} INFO - [2025-10-17T07:27:58.727+0000] {dag.py:2941} INFO - Sync 1 DAGs
[2025-10-17T07:27:58.746+0000] {logging_mixin.py:154} INFO - [2025-10-17T07:27:58.746+0000] {dag.py:3722} INFO - Setting next_dagrun for tutorial to 2025-10-16T07:27:58.746068+00:00, run_after=2025-10-17T07:27:58.746068+00:00
[2025-10-17T07:27:58.763+0000] {processor.py:179} INFO - Processing /home/airflow/.local/lib/python3.8/site-packages/airflow/example_dags/tutorial.py took 0.070 seconds
[2025-10-17T07:28:28.961+0000] {processor.py:157} INFO - Started process (PID=1557) to work on /home/airflow/.local/lib/python3.8/site-packages/airflow/example_dags/tutorial.py
[2025-10-17T07:28:28.962+0000] {processor.py:829} INFO - Processing file /home/airflow/.local/lib/python3.8/site-packages/airflow/example_dags/tutorial.py for tasks to queue
[2025-10-17T07:28:28.963+0000] {logging_mixin.py:154} INFO - [2025-10-17T07:28:28.962+0000] {dagbag.py:536} INFO - Filling up the DagBag from /home/airflow/.local/lib/python3.8/site-packages/airflow/example_dags/tutorial.py
[2025-10-17T07:28:28.970+0000] {processor.py:839} INFO - DAG(s) dict_keys(['tutorial']) retrieved from /home/airflow/.local/lib/python3.8/site-packages/airflow/example_dags/tutorial.py
[2025-10-17T07:28:28.996+0000] {logging_mixin.py:154} INFO - [2025-10-17T07:28:28.995+0000] {dag.py:2941} INFO - Sync 1 DAGs
[2025-10-17T07:28:29.025+0000] {logging_mixin.py:154} INFO - [2025-10-17T07:28:29.025+0000] {dag.py:3722} INFO - Setting next_dagrun for tutorial to 2025-10-16T07:28:29.025230+00:00, run_after=2025-10-17T07:28:29.025230+00:00
[2025-10-17T07:28:29.044+0000] {processor.py:179} INFO - Processing /home/airflow/.local/lib/python3.8/site-packages/airflow/example_dags/tutorial.py took 0.086 seconds
[2025-10-17T07:28:59.443+0000] {processor.py:157} INFO - Started process (PID=1613) to work on /home/airflow/.local/lib/python3.8/site-packages/airflow/example_dags/tutorial.py
[2025-10-17T07:28:59.446+0000] {processor.py:829} INFO - Processing file /home/airflow/.local/lib/python3.8/site-packages/airflow/example_dags/tutorial.py for tasks to queue
[2025-10-17T07:28:59.449+0000] {logging_mixin.py:154} INFO - [2025-10-17T07:28:59.448+0000] {dagbag.py:536} INFO - Filling up the DagBag from /home/airflow/.local/lib/python3.8/site-packages/airflow/example_dags/tutorial.py
[2025-10-17T07:28:59.479+0000] {processor.py:839} INFO - DAG(s) dict_keys(['tutorial']) retrieved from /home/airflow/.local/lib/python3.8/site-packages/airflow/example_dags/tutorial.py
[2025-10-17T07:28:59.507+0000] {logging_mixin.py:154} INFO - [2025-10-17T07:28:59.506+0000] {dag.py:2941} INFO - Sync 1 DAGs
[2025-10-17T07:28:59.534+0000] {logging_mixin.py:154} INFO - [2025-10-17T07:28:59.534+0000] {dag.py:3722} INFO - Setting next_dagrun for tutorial to 2025-10-16T07:28:59.533686+00:00, run_after=2025-10-17T07:28:59.533686+00:00
[2025-10-17T07:28:59.556+0000] {processor.py:179} INFO - Processing /home/airflow/.local/lib/python3.8/site-packages/airflow/example_dags/tutorial.py took 0.128 seconds
[2025-10-17T07:30:24.608+0000] {processor.py:157} INFO - Started process (PID=97) to work on /home/airflow/.local/lib/python3.8/site-packages/airflow/example_dags/tutorial.py
[2025-10-17T07:30:24.610+0000] {processor.py:829} INFO - Processing file /home/airflow/.local/lib/python3.8/site-packages/airflow/example_dags/tutorial.py for tasks to queue
[2025-10-17T07:30:24.614+0000] {logging_mixin.py:154} INFO - [2025-10-17T07:30:24.614+0000] {dagbag.py:536} INFO - Filling up the DagBag from /home/airflow/.local/lib/python3.8/site-packages/airflow/example_dags/tutorial.py
[2025-10-17T07:30:24.625+0000] {processor.py:839} INFO - DAG(s) dict_keys(['tutorial']) retrieved from /home/airflow/.local/lib/python3.8/site-packages/airflow/example_dags/tutorial.py
[2025-10-17T07:30:24.851+0000] {logging_mixin.py:154} INFO - [2025-10-17T07:30:24.851+0000] {manager.py:499} INFO - Created Permission View: %s
[2025-10-17T07:30:24.883+0000] {logging_mixin.py:154} INFO - [2025-10-17T07:30:24.883+0000] {manager.py:499} INFO - Created Permission View: %s
[2025-10-17T07:30:24.908+0000] {logging_mixin.py:154} INFO - [2025-10-17T07:30:24.908+0000] {manager.py:499} INFO - Created Permission View: %s
[2025-10-17T07:30:24.910+0000] {logging_mixin.py:154} INFO - [2025-10-17T07:30:24.910+0000] {dag.py:2941} INFO - Sync 1 DAGs
[2025-10-17T07:30:24.943+0000] {logging_mixin.py:154} INFO - [2025-10-17T07:30:24.942+0000] {dag.py:2963} INFO - Creating ORM DAG for tutorial
[2025-10-17T07:30:24.967+0000] {logging_mixin.py:154} INFO - [2025-10-17T07:30:24.966+0000] {dag.py:3722} INFO - Setting next_dagrun for tutorial to 2025-10-16T07:30:24.966232+00:00, run_after=2025-10-17T07:30:24.966232+00:00
[2025-10-17T07:30:25.015+0000] {processor.py:179} INFO - Processing /home/airflow/.local/lib/python3.8/site-packages/airflow/example_dags/tutorial.py took 0.415 seconds
[2025-10-17T07:30:55.537+0000] {processor.py:157} INFO - Started process (PID=153) to work on /home/airflow/.local/lib/python3.8/site-packages/airflow/example_dags/tutorial.py
[2025-10-17T07:30:55.539+0000] {processor.py:829} INFO - Processing file /home/airflow/.local/lib/python3.8/site-packages/airflow/example_dags/tutorial.py for tasks to queue
[2025-10-17T07:30:55.542+0000] {logging_mixin.py:154} INFO - [2025-10-17T07:30:55.542+0000] {dagbag.py:536} INFO - Filling up the DagBag from /home/airflow/.local/lib/python3.8/site-packages/airflow/example_dags/tutorial.py
[2025-10-17T07:30:55.550+0000] {processor.py:839} INFO - DAG(s) dict_keys(['tutorial']) retrieved from /home/airflow/.local/lib/python3.8/site-packages/airflow/example_dags/tutorial.py
[2025-10-17T07:30:55.577+0000] {logging_mixin.py:154} INFO - [2025-10-17T07:30:55.576+0000] {dag.py:2941} INFO - Sync 1 DAGs
[2025-10-17T07:30:55.603+0000] {logging_mixin.py:154} INFO - [2025-10-17T07:30:55.603+0000] {dag.py:3722} INFO - Setting next_dagrun for tutorial to 2025-10-16T07:30:55.603072+00:00, run_after=2025-10-17T07:30:55.603072+00:00
[2025-10-17T07:30:55.634+0000] {processor.py:179} INFO - Processing /home/airflow/.local/lib/python3.8/site-packages/airflow/example_dags/tutorial.py took 0.101 seconds
[2025-10-17T07:31:26.052+0000] {processor.py:157} INFO - Started process (PID=209) to work on /home/airflow/.local/lib/python3.8/site-packages/airflow/example_dags/tutorial.py
[2025-10-17T07:31:26.053+0000] {processor.py:829} INFO - Processing file /home/airflow/.local/lib/python3.8/site-packages/airflow/example_dags/tutorial.py for tasks to queue
[2025-10-17T07:31:26.055+0000] {logging_mixin.py:154} INFO - [2025-10-17T07:31:26.055+0000] {dagbag.py:536} INFO - Filling up the DagBag from /home/airflow/.local/lib/python3.8/site-packages/airflow/example_dags/tutorial.py
[2025-10-17T07:31:26.061+0000] {processor.py:839} INFO - DAG(s) dict_keys(['tutorial']) retrieved from /home/airflow/.local/lib/python3.8/site-packages/airflow/example_dags/tutorial.py
[2025-10-17T07:31:26.080+0000] {logging_mixin.py:154} INFO - [2025-10-17T07:31:26.080+0000] {dag.py:2941} INFO - Sync 1 DAGs
[2025-10-17T07:31:26.099+0000] {logging_mixin.py:154} INFO - [2025-10-17T07:31:26.099+0000] {dag.py:3722} INFO - Setting next_dagrun for tutorial to 2025-10-16T07:31:26.098767+00:00, run_after=2025-10-17T07:31:26.098767+00:00
[2025-10-17T07:31:26.117+0000] {processor.py:179} INFO - Processing /home/airflow/.local/lib/python3.8/site-packages/airflow/example_dags/tutorial.py took 0.068 seconds
[2025-10-17T07:31:56.427+0000] {processor.py:157} INFO - Started process (PID=265) to work on /home/airflow/.local/lib/python3.8/site-packages/airflow/example_dags/tutorial.py
[2025-10-17T07:31:56.428+0000] {processor.py:829} INFO - Processing file /home/airflow/.local/lib/python3.8/site-packages/airflow/example_dags/tutorial.py for tasks to queue
[2025-10-17T07:31:56.430+0000] {logging_mixin.py:154} INFO - [2025-10-17T07:31:56.430+0000] {dagbag.py:536} INFO - Filling up the DagBag from /home/airflow/.local/lib/python3.8/site-packages/airflow/example_dags/tutorial.py
[2025-10-17T07:31:56.437+0000] {processor.py:839} INFO - DAG(s) dict_keys(['tutorial']) retrieved from /home/airflow/.local/lib/python3.8/site-packages/airflow/example_dags/tutorial.py
[2025-10-17T07:31:56.459+0000] {logging_mixin.py:154} INFO - [2025-10-17T07:31:56.459+0000] {dag.py:2941} INFO - Sync 1 DAGs
[2025-10-17T07:31:56.489+0000] {logging_mixin.py:154} INFO - [2025-10-17T07:31:56.488+0000] {dag.py:3722} INFO - Setting next_dagrun for tutorial to 2025-10-16T07:31:56.488536+00:00, run_after=2025-10-17T07:31:56.488536+00:00
[2025-10-17T07:31:56.509+0000] {processor.py:179} INFO - Processing /home/airflow/.local/lib/python3.8/site-packages/airflow/example_dags/tutorial.py took 0.086 seconds
[2025-10-17T07:32:27.550+0000] {processor.py:157} INFO - Started process (PID=325) to work on /home/airflow/.local/lib/python3.8/site-packages/airflow/example_dags/tutorial.py
[2025-10-17T07:32:27.552+0000] {processor.py:829} INFO - Processing file /home/airflow/.local/lib/python3.8/site-packages/airflow/example_dags/tutorial.py for tasks to queue
[2025-10-17T07:32:27.554+0000] {logging_mixin.py:154} INFO - [2025-10-17T07:32:27.554+0000] {dagbag.py:536} INFO - Filling up the DagBag from /home/airflow/.local/lib/python3.8/site-packages/airflow/example_dags/tutorial.py
[2025-10-17T07:32:27.561+0000] {processor.py:839} INFO - DAG(s) dict_keys(['tutorial']) retrieved from /home/airflow/.local/lib/python3.8/site-packages/airflow/example_dags/tutorial.py
[2025-10-17T07:32:27.585+0000] {logging_mixin.py:154} INFO - [2025-10-17T07:32:27.585+0000] {dag.py:2941} INFO - Sync 1 DAGs
[2025-10-17T07:32:27.608+0000] {logging_mixin.py:154} INFO - [2025-10-17T07:32:27.608+0000] {dag.py:3722} INFO - Setting next_dagrun for tutorial to 2025-10-16T07:32:27.608195+00:00, run_after=2025-10-17T07:32:27.608195+00:00
[2025-10-17T07:32:27.629+0000] {processor.py:179} INFO - Processing /home/airflow/.local/lib/python3.8/site-packages/airflow/example_dags/tutorial.py took 0.083 seconds
[2025-10-17T07:35:45.772+0000] {processor.py:157} INFO - Started process (PID=93) to work on /home/airflow/.local/lib/python3.8/site-packages/airflow/example_dags/tutorial.py
[2025-10-17T07:35:45.773+0000] {processor.py:829} INFO - Processing file /home/airflow/.local/lib/python3.8/site-packages/airflow/example_dags/tutorial.py for tasks to queue
[2025-10-17T07:35:45.775+0000] {logging_mixin.py:154} INFO - [2025-10-17T07:35:45.775+0000] {dagbag.py:536} INFO - Filling up the DagBag from /home/airflow/.local/lib/python3.8/site-packages/airflow/example_dags/tutorial.py
[2025-10-17T07:35:45.782+0000] {processor.py:839} INFO - DAG(s) dict_keys(['tutorial']) retrieved from /home/airflow/.local/lib/python3.8/site-packages/airflow/example_dags/tutorial.py
[2025-10-17T07:35:45.879+0000] {logging_mixin.py:154} INFO - [2025-10-17T07:35:45.879+0000] {manager.py:499} INFO - Created Permission View: %s
[2025-10-17T07:35:45.888+0000] {logging_mixin.py:154} INFO - [2025-10-17T07:35:45.888+0000] {manager.py:499} INFO - Created Permission View: %s
[2025-10-17T07:35:45.896+0000] {logging_mixin.py:154} INFO - [2025-10-17T07:35:45.896+0000] {manager.py:499} INFO - Created Permission View: %s
[2025-10-17T07:35:45.896+0000] {logging_mixin.py:154} INFO - [2025-10-17T07:35:45.896+0000] {dag.py:2941} INFO - Sync 1 DAGs
[2025-10-17T07:35:45.905+0000] {logging_mixin.py:154} INFO - [2025-10-17T07:35:45.905+0000] {dag.py:2963} INFO - Creating ORM DAG for tutorial
[2025-10-17T07:35:45.915+0000] {logging_mixin.py:154} INFO - [2025-10-17T07:35:45.915+0000] {dag.py:3722} INFO - Setting next_dagrun for tutorial to 2025-10-16T07:35:45.914819+00:00, run_after=2025-10-17T07:35:45.914819+00:00
[2025-10-17T07:35:45.930+0000] {processor.py:179} INFO - Processing /home/airflow/.local/lib/python3.8/site-packages/airflow/example_dags/tutorial.py took 0.162 seconds
[2025-10-17T07:36:16.816+0000] {processor.py:157} INFO - Started process (PID=149) to work on /home/airflow/.local/lib/python3.8/site-packages/airflow/example_dags/tutorial.py
[2025-10-17T07:36:16.817+0000] {processor.py:829} INFO - Processing file /home/airflow/.local/lib/python3.8/site-packages/airflow/example_dags/tutorial.py for tasks to queue
[2025-10-17T07:36:16.819+0000] {logging_mixin.py:154} INFO - [2025-10-17T07:36:16.819+0000] {dagbag.py:536} INFO - Filling up the DagBag from /home/airflow/.local/lib/python3.8/site-packages/airflow/example_dags/tutorial.py
[2025-10-17T07:36:16.825+0000] {processor.py:839} INFO - DAG(s) dict_keys(['tutorial']) retrieved from /home/airflow/.local/lib/python3.8/site-packages/airflow/example_dags/tutorial.py
[2025-10-17T07:36:16.843+0000] {logging_mixin.py:154} INFO - [2025-10-17T07:36:16.843+0000] {dag.py:2941} INFO - Sync 1 DAGs
[2025-10-17T07:36:16.861+0000] {logging_mixin.py:154} INFO - [2025-10-17T07:36:16.860+0000] {dag.py:3722} INFO - Setting next_dagrun for tutorial to 2025-10-16T07:36:16.860700+00:00, run_after=2025-10-17T07:36:16.860700+00:00
[2025-10-17T07:36:16.877+0000] {processor.py:179} INFO - Processing /home/airflow/.local/lib/python3.8/site-packages/airflow/example_dags/tutorial.py took 0.064 seconds
[2025-10-17T07:36:47.342+0000] {processor.py:157} INFO - Started process (PID=205) to work on /home/airflow/.local/lib/python3.8/site-packages/airflow/example_dags/tutorial.py
[2025-10-17T07:36:47.343+0000] {processor.py:829} INFO - Processing file /home/airflow/.local/lib/python3.8/site-packages/airflow/example_dags/tutorial.py for tasks to queue
[2025-10-17T07:36:47.345+0000] {logging_mixin.py:154} INFO - [2025-10-17T07:36:47.344+0000] {dagbag.py:536} INFO - Filling up the DagBag from /home/airflow/.local/lib/python3.8/site-packages/airflow/example_dags/tutorial.py
[2025-10-17T07:36:47.350+0000] {processor.py:839} INFO - DAG(s) dict_keys(['tutorial']) retrieved from /home/airflow/.local/lib/python3.8/site-packages/airflow/example_dags/tutorial.py
[2025-10-17T07:36:47.369+0000] {logging_mixin.py:154} INFO - [2025-10-17T07:36:47.369+0000] {dag.py:2941} INFO - Sync 1 DAGs
[2025-10-17T07:36:47.388+0000] {logging_mixin.py:154} INFO - [2025-10-17T07:36:47.388+0000] {dag.py:3722} INFO - Setting next_dagrun for tutorial to 2025-10-16T07:36:47.388381+00:00, run_after=2025-10-17T07:36:47.388381+00:00
[2025-10-17T07:36:47.405+0000] {processor.py:179} INFO - Processing /home/airflow/.local/lib/python3.8/site-packages/airflow/example_dags/tutorial.py took 0.067 seconds
[2025-10-17T07:37:17.740+0000] {processor.py:157} INFO - Started process (PID=261) to work on /home/airflow/.local/lib/python3.8/site-packages/airflow/example_dags/tutorial.py
[2025-10-17T07:37:17.741+0000] {processor.py:829} INFO - Processing file /home/airflow/.local/lib/python3.8/site-packages/airflow/example_dags/tutorial.py for tasks to queue
[2025-10-17T07:37:17.744+0000] {logging_mixin.py:154} INFO - [2025-10-17T07:37:17.743+0000] {dagbag.py:536} INFO - Filling up the DagBag from /home/airflow/.local/lib/python3.8/site-packages/airflow/example_dags/tutorial.py
[2025-10-17T07:37:17.750+0000] {processor.py:839} INFO - DAG(s) dict_keys(['tutorial']) retrieved from /home/airflow/.local/lib/python3.8/site-packages/airflow/example_dags/tutorial.py
[2025-10-17T07:37:17.769+0000] {logging_mixin.py:154} INFO - [2025-10-17T07:37:17.769+0000] {dag.py:2941} INFO - Sync 1 DAGs
[2025-10-17T07:37:17.789+0000] {logging_mixin.py:154} INFO - [2025-10-17T07:37:17.789+0000] {dag.py:3722} INFO - Setting next_dagrun for tutorial to 2025-10-16T07:37:17.789536+00:00, run_after=2025-10-17T07:37:17.789536+00:00
[2025-10-17T07:37:17.809+0000] {processor.py:179} INFO - Processing /home/airflow/.local/lib/python3.8/site-packages/airflow/example_dags/tutorial.py took 0.072 seconds
[2025-10-17T07:38:47.175+0000] {processor.py:157} INFO - Started process (PID=94) to work on /home/airflow/.local/lib/python3.8/site-packages/airflow/example_dags/tutorial.py
[2025-10-17T07:38:47.176+0000] {processor.py:829} INFO - Processing file /home/airflow/.local/lib/python3.8/site-packages/airflow/example_dags/tutorial.py for tasks to queue
[2025-10-17T07:38:47.178+0000] {logging_mixin.py:154} INFO - [2025-10-17T07:38:47.178+0000] {dagbag.py:536} INFO - Filling up the DagBag from /home/airflow/.local/lib/python3.8/site-packages/airflow/example_dags/tutorial.py
[2025-10-17T07:38:47.184+0000] {processor.py:839} INFO - DAG(s) dict_keys(['tutorial']) retrieved from /home/airflow/.local/lib/python3.8/site-packages/airflow/example_dags/tutorial.py
[2025-10-17T07:38:47.287+0000] {logging_mixin.py:154} INFO - [2025-10-17T07:38:47.286+0000] {manager.py:499} INFO - Created Permission View: %s
[2025-10-17T07:38:47.297+0000] {logging_mixin.py:154} INFO - [2025-10-17T07:38:47.297+0000] {manager.py:499} INFO - Created Permission View: %s
[2025-10-17T07:38:47.304+0000] {logging_mixin.py:154} INFO - [2025-10-17T07:38:47.303+0000] {manager.py:499} INFO - Created Permission View: %s
[2025-10-17T07:38:47.304+0000] {logging_mixin.py:154} INFO - [2025-10-17T07:38:47.304+0000] {dag.py:2941} INFO - Sync 1 DAGs
[2025-10-17T07:38:47.315+0000] {logging_mixin.py:154} INFO - [2025-10-17T07:38:47.314+0000] {dag.py:2963} INFO - Creating ORM DAG for tutorial
[2025-10-17T07:38:47.325+0000] {logging_mixin.py:154} INFO - [2025-10-17T07:38:47.325+0000] {dag.py:3722} INFO - Setting next_dagrun for tutorial to 2025-10-16T07:38:47.324880+00:00, run_after=2025-10-17T07:38:47.324880+00:00
[2025-10-17T07:38:47.341+0000] {processor.py:179} INFO - Processing /home/airflow/.local/lib/python3.8/site-packages/airflow/example_dags/tutorial.py took 0.170 seconds
[2025-10-17T07:39:17.389+0000] {processor.py:157} INFO - Started process (PID=150) to work on /home/airflow/.local/lib/python3.8/site-packages/airflow/example_dags/tutorial.py
[2025-10-17T07:39:17.391+0000] {processor.py:829} INFO - Processing file /home/airflow/.local/lib/python3.8/site-packages/airflow/example_dags/tutorial.py for tasks to queue
[2025-10-17T07:39:17.393+0000] {logging_mixin.py:154} INFO - [2025-10-17T07:39:17.393+0000] {dagbag.py:536} INFO - Filling up the DagBag from /home/airflow/.local/lib/python3.8/site-packages/airflow/example_dags/tutorial.py
[2025-10-17T07:39:17.399+0000] {processor.py:839} INFO - DAG(s) dict_keys(['tutorial']) retrieved from /home/airflow/.local/lib/python3.8/site-packages/airflow/example_dags/tutorial.py
[2025-10-17T07:39:17.420+0000] {logging_mixin.py:154} INFO - [2025-10-17T07:39:17.420+0000] {dag.py:2941} INFO - Sync 1 DAGs
[2025-10-17T07:39:17.442+0000] {logging_mixin.py:154} INFO - [2025-10-17T07:39:17.442+0000] {dag.py:3722} INFO - Setting next_dagrun for tutorial to 2025-10-16T07:39:17.441795+00:00, run_after=2025-10-17T07:39:17.441795+00:00
[2025-10-17T07:39:17.463+0000] {processor.py:179} INFO - Processing /home/airflow/.local/lib/python3.8/site-packages/airflow/example_dags/tutorial.py took 0.077 seconds
[2025-10-17T07:39:47.692+0000] {processor.py:157} INFO - Started process (PID=206) to work on /home/airflow/.local/lib/python3.8/site-packages/airflow/example_dags/tutorial.py
[2025-10-17T07:39:47.694+0000] {processor.py:829} INFO - Processing file /home/airflow/.local/lib/python3.8/site-packages/airflow/example_dags/tutorial.py for tasks to queue
[2025-10-17T07:39:47.696+0000] {logging_mixin.py:154} INFO - [2025-10-17T07:39:47.696+0000] {dagbag.py:536} INFO - Filling up the DagBag from /home/airflow/.local/lib/python3.8/site-packages/airflow/example_dags/tutorial.py
[2025-10-17T07:39:47.705+0000] {processor.py:839} INFO - DAG(s) dict_keys(['tutorial']) retrieved from /home/airflow/.local/lib/python3.8/site-packages/airflow/example_dags/tutorial.py
[2025-10-17T07:39:47.728+0000] {logging_mixin.py:154} INFO - [2025-10-17T07:39:47.728+0000] {dag.py:2941} INFO - Sync 1 DAGs
[2025-10-17T07:39:47.751+0000] {logging_mixin.py:154} INFO - [2025-10-17T07:39:47.750+0000] {dag.py:3722} INFO - Setting next_dagrun for tutorial to 2025-10-16T07:39:47.750534+00:00, run_after=2025-10-17T07:39:47.750534+00:00
[2025-10-17T07:39:47.767+0000] {processor.py:179} INFO - Processing /home/airflow/.local/lib/python3.8/site-packages/airflow/example_dags/tutorial.py took 0.080 seconds
[2025-10-17T07:40:17.810+0000] {processor.py:157} INFO - Started process (PID=262) to work on /home/airflow/.local/lib/python3.8/site-packages/airflow/example_dags/tutorial.py
[2025-10-17T07:40:17.811+0000] {processor.py:829} INFO - Processing file /home/airflow/.local/lib/python3.8/site-packages/airflow/example_dags/tutorial.py for tasks to queue
[2025-10-17T07:40:17.813+0000] {logging_mixin.py:154} INFO - [2025-10-17T07:40:17.813+0000] {dagbag.py:536} INFO - Filling up the DagBag from /home/airflow/.local/lib/python3.8/site-packages/airflow/example_dags/tutorial.py
[2025-10-17T07:40:17.819+0000] {processor.py:839} INFO - DAG(s) dict_keys(['tutorial']) retrieved from /home/airflow/.local/lib/python3.8/site-packages/airflow/example_dags/tutorial.py
[2025-10-17T07:40:17.840+0000] {logging_mixin.py:154} INFO - [2025-10-17T07:40:17.840+0000] {dag.py:2941} INFO - Sync 1 DAGs
[2025-10-17T07:40:17.859+0000] {logging_mixin.py:154} INFO - [2025-10-17T07:40:17.859+0000] {dag.py:3722} INFO - Setting next_dagrun for tutorial to 2025-10-16T07:40:17.859211+00:00, run_after=2025-10-17T07:40:17.859211+00:00
[2025-10-17T07:40:17.875+0000] {processor.py:179} INFO - Processing /home/airflow/.local/lib/python3.8/site-packages/airflow/example_dags/tutorial.py took 0.068 seconds
[2025-10-17T07:40:48.387+0000] {processor.py:157} INFO - Started process (PID=318) to work on /home/airflow/.local/lib/python3.8/site-packages/airflow/example_dags/tutorial.py
[2025-10-17T07:40:48.388+0000] {processor.py:829} INFO - Processing file /home/airflow/.local/lib/python3.8/site-packages/airflow/example_dags/tutorial.py for tasks to queue
[2025-10-17T07:40:48.390+0000] {logging_mixin.py:154} INFO - [2025-10-17T07:40:48.390+0000] {dagbag.py:536} INFO - Filling up the DagBag from /home/airflow/.local/lib/python3.8/site-packages/airflow/example_dags/tutorial.py
[2025-10-17T07:40:48.396+0000] {processor.py:839} INFO - DAG(s) dict_keys(['tutorial']) retrieved from /home/airflow/.local/lib/python3.8/site-packages/airflow/example_dags/tutorial.py
[2025-10-17T07:40:48.415+0000] {logging_mixin.py:154} INFO - [2025-10-17T07:40:48.415+0000] {dag.py:2941} INFO - Sync 1 DAGs
[2025-10-17T07:40:48.437+0000] {logging_mixin.py:154} INFO - [2025-10-17T07:40:48.437+0000] {dag.py:3722} INFO - Setting next_dagrun for tutorial to 2025-10-16T07:40:48.437033+00:00, run_after=2025-10-17T07:40:48.437033+00:00
[2025-10-17T07:40:48.458+0000] {processor.py:179} INFO - Processing /home/airflow/.local/lib/python3.8/site-packages/airflow/example_dags/tutorial.py took 0.074 seconds
[2025-10-17T07:41:19.224+0000] {processor.py:157} INFO - Started process (PID=374) to work on /home/airflow/.local/lib/python3.8/site-packages/airflow/example_dags/tutorial.py
[2025-10-17T07:41:19.225+0000] {processor.py:829} INFO - Processing file /home/airflow/.local/lib/python3.8/site-packages/airflow/example_dags/tutorial.py for tasks to queue
[2025-10-17T07:41:19.227+0000] {logging_mixin.py:154} INFO - [2025-10-17T07:41:19.227+0000] {dagbag.py:536} INFO - Filling up the DagBag from /home/airflow/.local/lib/python3.8/site-packages/airflow/example_dags/tutorial.py
[2025-10-17T07:41:19.233+0000] {processor.py:839} INFO - DAG(s) dict_keys(['tutorial']) retrieved from /home/airflow/.local/lib/python3.8/site-packages/airflow/example_dags/tutorial.py
[2025-10-17T07:41:19.252+0000] {logging_mixin.py:154} INFO - [2025-10-17T07:41:19.252+0000] {dag.py:2941} INFO - Sync 1 DAGs
[2025-10-17T07:41:19.271+0000] {logging_mixin.py:154} INFO - [2025-10-17T07:41:19.271+0000] {dag.py:3722} INFO - Setting next_dagrun for tutorial to 2025-10-16T07:41:19.271262+00:00, run_after=2025-10-17T07:41:19.271262+00:00
[2025-10-17T07:41:19.287+0000] {processor.py:179} INFO - Processing /home/airflow/.local/lib/python3.8/site-packages/airflow/example_dags/tutorial.py took 0.067 seconds
[2025-10-17T07:42:30.298+0000] {processor.py:157} INFO - Started process (PID=93) to work on /home/airflow/.local/lib/python3.8/site-packages/airflow/example_dags/tutorial.py
[2025-10-17T07:42:30.300+0000] {processor.py:829} INFO - Processing file /home/airflow/.local/lib/python3.8/site-packages/airflow/example_dags/tutorial.py for tasks to queue
[2025-10-17T07:42:30.302+0000] {logging_mixin.py:154} INFO - [2025-10-17T07:42:30.301+0000] {dagbag.py:536} INFO - Filling up the DagBag from /home/airflow/.local/lib/python3.8/site-packages/airflow/example_dags/tutorial.py
[2025-10-17T07:42:30.309+0000] {processor.py:839} INFO - DAG(s) dict_keys(['tutorial']) retrieved from /home/airflow/.local/lib/python3.8/site-packages/airflow/example_dags/tutorial.py
[2025-10-17T07:42:30.419+0000] {logging_mixin.py:154} INFO - [2025-10-17T07:42:30.419+0000] {manager.py:499} INFO - Created Permission View: %s
[2025-10-17T07:42:30.435+0000] {logging_mixin.py:154} INFO - [2025-10-17T07:42:30.434+0000] {manager.py:499} INFO - Created Permission View: %s
[2025-10-17T07:42:30.445+0000] {logging_mixin.py:154} INFO - [2025-10-17T07:42:30.444+0000] {manager.py:499} INFO - Created Permission View: %s
[2025-10-17T07:42:30.445+0000] {logging_mixin.py:154} INFO - [2025-10-17T07:42:30.445+0000] {dag.py:2941} INFO - Sync 1 DAGs
[2025-10-17T07:42:30.458+0000] {logging_mixin.py:154} INFO - [2025-10-17T07:42:30.458+0000] {dag.py:2963} INFO - Creating ORM DAG for tutorial
[2025-10-17T07:42:30.468+0000] {logging_mixin.py:154} INFO - [2025-10-17T07:42:30.468+0000] {dag.py:3722} INFO - Setting next_dagrun for tutorial to 2025-10-16T07:42:30.468165+00:00, run_after=2025-10-17T07:42:30.468165+00:00
[2025-10-17T07:42:30.487+0000] {processor.py:179} INFO - Processing /home/airflow/.local/lib/python3.8/site-packages/airflow/example_dags/tutorial.py took 0.192 seconds
[2025-10-17T07:43:00.925+0000] {processor.py:157} INFO - Started process (PID=149) to work on /home/airflow/.local/lib/python3.8/site-packages/airflow/example_dags/tutorial.py
[2025-10-17T07:43:00.926+0000] {processor.py:829} INFO - Processing file /home/airflow/.local/lib/python3.8/site-packages/airflow/example_dags/tutorial.py for tasks to queue
[2025-10-17T07:43:00.928+0000] {logging_mixin.py:154} INFO - [2025-10-17T07:43:00.928+0000] {dagbag.py:536} INFO - Filling up the DagBag from /home/airflow/.local/lib/python3.8/site-packages/airflow/example_dags/tutorial.py
[2025-10-17T07:43:00.934+0000] {processor.py:839} INFO - DAG(s) dict_keys(['tutorial']) retrieved from /home/airflow/.local/lib/python3.8/site-packages/airflow/example_dags/tutorial.py
[2025-10-17T07:43:00.957+0000] {logging_mixin.py:154} INFO - [2025-10-17T07:43:00.957+0000] {dag.py:2941} INFO - Sync 1 DAGs
[2025-10-17T07:43:00.977+0000] {logging_mixin.py:154} INFO - [2025-10-17T07:43:00.977+0000] {dag.py:3722} INFO - Setting next_dagrun for tutorial to 2025-10-16T07:43:00.977129+00:00, run_after=2025-10-17T07:43:00.977129+00:00
[2025-10-17T07:43:00.996+0000] {processor.py:179} INFO - Processing /home/airflow/.local/lib/python3.8/site-packages/airflow/example_dags/tutorial.py took 0.074 seconds
[2025-10-17T07:44:27.286+0000] {processor.py:157} INFO - Started process (PID=93) to work on /home/airflow/.local/lib/python3.8/site-packages/airflow/example_dags/tutorial.py
[2025-10-17T07:44:27.287+0000] {processor.py:829} INFO - Processing file /home/airflow/.local/lib/python3.8/site-packages/airflow/example_dags/tutorial.py for tasks to queue
[2025-10-17T07:44:27.289+0000] {logging_mixin.py:154} INFO - [2025-10-17T07:44:27.289+0000] {dagbag.py:536} INFO - Filling up the DagBag from /home/airflow/.local/lib/python3.8/site-packages/airflow/example_dags/tutorial.py
[2025-10-17T07:44:27.296+0000] {processor.py:839} INFO - DAG(s) dict_keys(['tutorial']) retrieved from /home/airflow/.local/lib/python3.8/site-packages/airflow/example_dags/tutorial.py
[2025-10-17T07:44:27.397+0000] {logging_mixin.py:154} INFO - [2025-10-17T07:44:27.397+0000] {manager.py:499} INFO - Created Permission View: %s
[2025-10-17T07:44:27.411+0000] {logging_mixin.py:154} INFO - [2025-10-17T07:44:27.411+0000] {manager.py:499} INFO - Created Permission View: %s
[2025-10-17T07:44:27.421+0000] {logging_mixin.py:154} INFO - [2025-10-17T07:44:27.421+0000] {manager.py:499} INFO - Created Permission View: %s
[2025-10-17T07:44:27.422+0000] {logging_mixin.py:154} INFO - [2025-10-17T07:44:27.421+0000] {dag.py:2941} INFO - Sync 1 DAGs
[2025-10-17T07:44:27.433+0000] {logging_mixin.py:154} INFO - [2025-10-17T07:44:27.433+0000] {dag.py:2963} INFO - Creating ORM DAG for tutorial
[2025-10-17T07:44:27.442+0000] {logging_mixin.py:154} INFO - [2025-10-17T07:44:27.442+0000] {dag.py:3722} INFO - Setting next_dagrun for tutorial to 2025-10-16T07:44:27.441758+00:00, run_after=2025-10-17T07:44:27.441758+00:00
[2025-10-17T07:44:27.463+0000] {processor.py:179} INFO - Processing /home/airflow/.local/lib/python3.8/site-packages/airflow/example_dags/tutorial.py took 0.182 seconds
[2025-10-17T07:44:36.894+0000] {processor.py:157} INFO - Started process (PID=78) to work on /home/airflow/.local/lib/python3.8/site-packages/airflow/example_dags/tutorial.py
[2025-10-17T07:44:36.895+0000] {processor.py:829} INFO - Processing file /home/airflow/.local/lib/python3.8/site-packages/airflow/example_dags/tutorial.py for tasks to queue
[2025-10-17T07:44:36.898+0000] {logging_mixin.py:154} INFO - [2025-10-17T07:44:36.898+0000] {dagbag.py:536} INFO - Filling up the DagBag from /home/airflow/.local/lib/python3.8/site-packages/airflow/example_dags/tutorial.py
[2025-10-17T07:44:36.905+0000] {processor.py:839} INFO - DAG(s) dict_keys(['tutorial']) retrieved from /home/airflow/.local/lib/python3.8/site-packages/airflow/example_dags/tutorial.py
[2025-10-17T07:44:36.918+0000] {logging_mixin.py:154} INFO - [2025-10-17T07:44:36.918+0000] {dag.py:2941} INFO - Sync 1 DAGs
[2025-10-17T07:44:36.940+0000] {logging_mixin.py:154} INFO - [2025-10-17T07:44:36.939+0000] {dag.py:3722} INFO - Setting next_dagrun for tutorial to 2025-10-16T07:44:36.939653+00:00, run_after=2025-10-17T07:44:36.939653+00:00
[2025-10-17T07:44:36.957+0000] {processor.py:179} INFO - Processing /home/airflow/.local/lib/python3.8/site-packages/airflow/example_dags/tutorial.py took 0.068 seconds
[2025-10-17T07:45:07.399+0000] {processor.py:157} INFO - Started process (PID=134) to work on /home/airflow/.local/lib/python3.8/site-packages/airflow/example_dags/tutorial.py
[2025-10-17T07:45:07.400+0000] {processor.py:829} INFO - Processing file /home/airflow/.local/lib/python3.8/site-packages/airflow/example_dags/tutorial.py for tasks to queue
[2025-10-17T07:45:07.402+0000] {logging_mixin.py:154} INFO - [2025-10-17T07:45:07.402+0000] {dagbag.py:536} INFO - Filling up the DagBag from /home/airflow/.local/lib/python3.8/site-packages/airflow/example_dags/tutorial.py
[2025-10-17T07:45:07.407+0000] {processor.py:839} INFO - DAG(s) dict_keys(['tutorial']) retrieved from /home/airflow/.local/lib/python3.8/site-packages/airflow/example_dags/tutorial.py
[2025-10-17T07:45:07.426+0000] {logging_mixin.py:154} INFO - [2025-10-17T07:45:07.426+0000] {dag.py:2941} INFO - Sync 1 DAGs
[2025-10-17T07:45:07.442+0000] {logging_mixin.py:154} INFO - [2025-10-17T07:45:07.442+0000] {dag.py:3722} INFO - Setting next_dagrun for tutorial to 2025-10-16T07:45:07.442087+00:00, run_after=2025-10-17T07:45:07.442087+00:00
[2025-10-17T07:45:07.456+0000] {processor.py:179} INFO - Processing /home/airflow/.local/lib/python3.8/site-packages/airflow/example_dags/tutorial.py took 0.060 seconds
[2025-10-17T07:46:22.082+0000] {processor.py:157} INFO - Started process (PID=93) to work on /home/airflow/.local/lib/python3.8/site-packages/airflow/example_dags/tutorial.py
[2025-10-17T07:46:22.083+0000] {processor.py:829} INFO - Processing file /home/airflow/.local/lib/python3.8/site-packages/airflow/example_dags/tutorial.py for tasks to queue
[2025-10-17T07:46:22.085+0000] {logging_mixin.py:154} INFO - [2025-10-17T07:46:22.085+0000] {dagbag.py:536} INFO - Filling up the DagBag from /home/airflow/.local/lib/python3.8/site-packages/airflow/example_dags/tutorial.py
[2025-10-17T07:46:22.092+0000] {processor.py:839} INFO - DAG(s) dict_keys(['tutorial']) retrieved from /home/airflow/.local/lib/python3.8/site-packages/airflow/example_dags/tutorial.py
[2025-10-17T07:46:22.205+0000] {logging_mixin.py:154} INFO - [2025-10-17T07:46:22.205+0000] {manager.py:499} INFO - Created Permission View: %s
[2025-10-17T07:46:22.216+0000] {logging_mixin.py:154} INFO - [2025-10-17T07:46:22.216+0000] {manager.py:499} INFO - Created Permission View: %s
[2025-10-17T07:46:22.226+0000] {logging_mixin.py:154} INFO - [2025-10-17T07:46:22.225+0000] {manager.py:499} INFO - Created Permission View: %s
[2025-10-17T07:46:22.226+0000] {logging_mixin.py:154} INFO - [2025-10-17T07:46:22.226+0000] {dag.py:2941} INFO - Sync 1 DAGs
[2025-10-17T07:46:22.237+0000] {logging_mixin.py:154} INFO - [2025-10-17T07:46:22.237+0000] {dag.py:2963} INFO - Creating ORM DAG for tutorial
[2025-10-17T07:46:22.246+0000] {logging_mixin.py:154} INFO - [2025-10-17T07:46:22.246+0000] {dag.py:3722} INFO - Setting next_dagrun for tutorial to 2025-10-16T07:46:22.246291+00:00, run_after=2025-10-17T07:46:22.246291+00:00
[2025-10-17T07:46:22.265+0000] {processor.py:179} INFO - Processing /home/airflow/.local/lib/python3.8/site-packages/airflow/example_dags/tutorial.py took 0.187 seconds
[2025-10-17T07:46:52.342+0000] {processor.py:157} INFO - Started process (PID=149) to work on /home/airflow/.local/lib/python3.8/site-packages/airflow/example_dags/tutorial.py
[2025-10-17T07:46:52.343+0000] {processor.py:829} INFO - Processing file /home/airflow/.local/lib/python3.8/site-packages/airflow/example_dags/tutorial.py for tasks to queue
[2025-10-17T07:46:52.346+0000] {logging_mixin.py:154} INFO - [2025-10-17T07:46:52.345+0000] {dagbag.py:536} INFO - Filling up the DagBag from /home/airflow/.local/lib/python3.8/site-packages/airflow/example_dags/tutorial.py
[2025-10-17T07:46:52.351+0000] {processor.py:839} INFO - DAG(s) dict_keys(['tutorial']) retrieved from /home/airflow/.local/lib/python3.8/site-packages/airflow/example_dags/tutorial.py
[2025-10-17T07:46:52.372+0000] {logging_mixin.py:154} INFO - [2025-10-17T07:46:52.372+0000] {dag.py:2941} INFO - Sync 1 DAGs
[2025-10-17T07:46:52.390+0000] {logging_mixin.py:154} INFO - [2025-10-17T07:46:52.390+0000] {dag.py:3722} INFO - Setting next_dagrun for tutorial to 2025-10-16T07:46:52.390409+00:00, run_after=2025-10-17T07:46:52.390409+00:00
[2025-10-17T07:46:52.408+0000] {processor.py:179} INFO - Processing /home/airflow/.local/lib/python3.8/site-packages/airflow/example_dags/tutorial.py took 0.069 seconds
[2025-10-17T07:47:23.408+0000] {processor.py:157} INFO - Started process (PID=205) to work on /home/airflow/.local/lib/python3.8/site-packages/airflow/example_dags/tutorial.py
[2025-10-17T07:47:23.409+0000] {processor.py:829} INFO - Processing file /home/airflow/.local/lib/python3.8/site-packages/airflow/example_dags/tutorial.py for tasks to queue
[2025-10-17T07:47:23.411+0000] {logging_mixin.py:154} INFO - [2025-10-17T07:47:23.410+0000] {dagbag.py:536} INFO - Filling up the DagBag from /home/airflow/.local/lib/python3.8/site-packages/airflow/example_dags/tutorial.py
[2025-10-17T07:47:23.416+0000] {processor.py:839} INFO - DAG(s) dict_keys(['tutorial']) retrieved from /home/airflow/.local/lib/python3.8/site-packages/airflow/example_dags/tutorial.py
[2025-10-17T07:47:23.437+0000] {logging_mixin.py:154} INFO - [2025-10-17T07:47:23.437+0000] {dag.py:2941} INFO - Sync 1 DAGs
[2025-10-17T07:47:23.457+0000] {logging_mixin.py:154} INFO - [2025-10-17T07:47:23.457+0000] {dag.py:3722} INFO - Setting next_dagrun for tutorial to 2025-10-16T07:47:23.457028+00:00, run_after=2025-10-17T07:47:23.457028+00:00
[2025-10-17T07:47:23.474+0000] {processor.py:179} INFO - Processing /home/airflow/.local/lib/python3.8/site-packages/airflow/example_dags/tutorial.py took 0.070 seconds
[2025-10-17T07:47:53.913+0000] {processor.py:157} INFO - Started process (PID=261) to work on /home/airflow/.local/lib/python3.8/site-packages/airflow/example_dags/tutorial.py
[2025-10-17T07:47:53.914+0000] {processor.py:829} INFO - Processing file /home/airflow/.local/lib/python3.8/site-packages/airflow/example_dags/tutorial.py for tasks to queue
[2025-10-17T07:47:53.916+0000] {logging_mixin.py:154} INFO - [2025-10-17T07:47:53.916+0000] {dagbag.py:536} INFO - Filling up the DagBag from /home/airflow/.local/lib/python3.8/site-packages/airflow/example_dags/tutorial.py
[2025-10-17T07:47:53.922+0000] {processor.py:839} INFO - DAG(s) dict_keys(['tutorial']) retrieved from /home/airflow/.local/lib/python3.8/site-packages/airflow/example_dags/tutorial.py
[2025-10-17T07:47:53.944+0000] {logging_mixin.py:154} INFO - [2025-10-17T07:47:53.944+0000] {dag.py:2941} INFO - Sync 1 DAGs
[2025-10-17T07:47:53.965+0000] {logging_mixin.py:154} INFO - [2025-10-17T07:47:53.964+0000] {dag.py:3722} INFO - Setting next_dagrun for tutorial to 2025-10-16T07:47:53.964552+00:00, run_after=2025-10-17T07:47:53.964552+00:00
[2025-10-17T07:47:53.984+0000] {processor.py:179} INFO - Processing /home/airflow/.local/lib/python3.8/site-packages/airflow/example_dags/tutorial.py took 0.075 seconds
[2025-10-17T07:48:24.337+0000] {processor.py:157} INFO - Started process (PID=317) to work on /home/airflow/.local/lib/python3.8/site-packages/airflow/example_dags/tutorial.py
[2025-10-17T07:48:24.338+0000] {processor.py:829} INFO - Processing file /home/airflow/.local/lib/python3.8/site-packages/airflow/example_dags/tutorial.py for tasks to queue
[2025-10-17T07:48:24.340+0000] {logging_mixin.py:154} INFO - [2025-10-17T07:48:24.340+0000] {dagbag.py:536} INFO - Filling up the DagBag from /home/airflow/.local/lib/python3.8/site-packages/airflow/example_dags/tutorial.py
[2025-10-17T07:48:24.345+0000] {processor.py:839} INFO - DAG(s) dict_keys(['tutorial']) retrieved from /home/airflow/.local/lib/python3.8/site-packages/airflow/example_dags/tutorial.py
[2025-10-17T07:48:24.366+0000] {logging_mixin.py:154} INFO - [2025-10-17T07:48:24.365+0000] {dag.py:2941} INFO - Sync 1 DAGs
[2025-10-17T07:48:24.384+0000] {logging_mixin.py:154} INFO - [2025-10-17T07:48:24.383+0000] {dag.py:3722} INFO - Setting next_dagrun for tutorial to 2025-10-16T07:48:24.383645+00:00, run_after=2025-10-17T07:48:24.383645+00:00
[2025-10-17T07:48:24.399+0000] {processor.py:179} INFO - Processing /home/airflow/.local/lib/python3.8/site-packages/airflow/example_dags/tutorial.py took 0.065 seconds
[2025-10-17T07:48:55.269+0000] {processor.py:157} INFO - Started process (PID=373) to work on /home/airflow/.local/lib/python3.8/site-packages/airflow/example_dags/tutorial.py
[2025-10-17T07:48:55.271+0000] {processor.py:829} INFO - Processing file /home/airflow/.local/lib/python3.8/site-packages/airflow/example_dags/tutorial.py for tasks to queue
[2025-10-17T07:48:55.273+0000] {logging_mixin.py:154} INFO - [2025-10-17T07:48:55.272+0000] {dagbag.py:536} INFO - Filling up the DagBag from /home/airflow/.local/lib/python3.8/site-packages/airflow/example_dags/tutorial.py
[2025-10-17T07:48:55.278+0000] {processor.py:839} INFO - DAG(s) dict_keys(['tutorial']) retrieved from /home/airflow/.local/lib/python3.8/site-packages/airflow/example_dags/tutorial.py
[2025-10-17T07:48:55.298+0000] {logging_mixin.py:154} INFO - [2025-10-17T07:48:55.297+0000] {dag.py:2941} INFO - Sync 1 DAGs
[2025-10-17T07:48:55.316+0000] {logging_mixin.py:154} INFO - [2025-10-17T07:48:55.316+0000] {dag.py:3722} INFO - Setting next_dagrun for tutorial to 2025-10-16T07:48:55.316190+00:00, run_after=2025-10-17T07:48:55.316190+00:00
[2025-10-17T07:48:55.331+0000] {processor.py:179} INFO - Processing /home/airflow/.local/lib/python3.8/site-packages/airflow/example_dags/tutorial.py took 0.065 seconds
[2025-10-17T07:49:25.775+0000] {processor.py:157} INFO - Started process (PID=429) to work on /home/airflow/.local/lib/python3.8/site-packages/airflow/example_dags/tutorial.py
[2025-10-17T07:49:25.776+0000] {processor.py:829} INFO - Processing file /home/airflow/.local/lib/python3.8/site-packages/airflow/example_dags/tutorial.py for tasks to queue
[2025-10-17T07:49:25.778+0000] {logging_mixin.py:154} INFO - [2025-10-17T07:49:25.778+0000] {dagbag.py:536} INFO - Filling up the DagBag from /home/airflow/.local/lib/python3.8/site-packages/airflow/example_dags/tutorial.py
[2025-10-17T07:49:25.783+0000] {processor.py:839} INFO - DAG(s) dict_keys(['tutorial']) retrieved from /home/airflow/.local/lib/python3.8/site-packages/airflow/example_dags/tutorial.py
[2025-10-17T07:49:25.803+0000] {logging_mixin.py:154} INFO - [2025-10-17T07:49:25.802+0000] {dag.py:2941} INFO - Sync 1 DAGs
[2025-10-17T07:49:25.821+0000] {logging_mixin.py:154} INFO - [2025-10-17T07:49:25.821+0000] {dag.py:3722} INFO - Setting next_dagrun for tutorial to 2025-10-16T07:49:25.821550+00:00, run_after=2025-10-17T07:49:25.821550+00:00
[2025-10-17T07:49:25.836+0000] {processor.py:179} INFO - Processing /home/airflow/.local/lib/python3.8/site-packages/airflow/example_dags/tutorial.py took 0.065 seconds
[2025-10-17T07:49:56.574+0000] {processor.py:157} INFO - Started process (PID=485) to work on /home/airflow/.local/lib/python3.8/site-packages/airflow/example_dags/tutorial.py
[2025-10-17T07:49:56.575+0000] {processor.py:829} INFO - Processing file /home/airflow/.local/lib/python3.8/site-packages/airflow/example_dags/tutorial.py for tasks to queue
[2025-10-17T07:49:56.578+0000] {logging_mixin.py:154} INFO - [2025-10-17T07:49:56.578+0000] {dagbag.py:536} INFO - Filling up the DagBag from /home/airflow/.local/lib/python3.8/site-packages/airflow/example_dags/tutorial.py
[2025-10-17T07:49:56.585+0000] {processor.py:839} INFO - DAG(s) dict_keys(['tutorial']) retrieved from /home/airflow/.local/lib/python3.8/site-packages/airflow/example_dags/tutorial.py
[2025-10-17T07:49:56.606+0000] {logging_mixin.py:154} INFO - [2025-10-17T07:49:56.606+0000] {dag.py:2941} INFO - Sync 1 DAGs
[2025-10-17T07:49:56.627+0000] {logging_mixin.py:154} INFO - [2025-10-17T07:49:56.626+0000] {dag.py:3722} INFO - Setting next_dagrun for tutorial to 2025-10-16T07:49:56.626501+00:00, run_after=2025-10-17T07:49:56.626501+00:00
[2025-10-17T07:49:56.646+0000] {processor.py:179} INFO - Processing /home/airflow/.local/lib/python3.8/site-packages/airflow/example_dags/tutorial.py took 0.076 seconds
[2025-10-17T07:50:26.737+0000] {processor.py:157} INFO - Started process (PID=541) to work on /home/airflow/.local/lib/python3.8/site-packages/airflow/example_dags/tutorial.py
[2025-10-17T07:50:26.739+0000] {processor.py:829} INFO - Processing file /home/airflow/.local/lib/python3.8/site-packages/airflow/example_dags/tutorial.py for tasks to queue
[2025-10-17T07:50:26.741+0000] {logging_mixin.py:154} INFO - [2025-10-17T07:50:26.740+0000] {dagbag.py:536} INFO - Filling up the DagBag from /home/airflow/.local/lib/python3.8/site-packages/airflow/example_dags/tutorial.py
[2025-10-17T07:50:26.746+0000] {processor.py:839} INFO - DAG(s) dict_keys(['tutorial']) retrieved from /home/airflow/.local/lib/python3.8/site-packages/airflow/example_dags/tutorial.py
[2025-10-17T07:50:26.765+0000] {logging_mixin.py:154} INFO - [2025-10-17T07:50:26.765+0000] {dag.py:2941} INFO - Sync 1 DAGs
[2025-10-17T07:50:26.782+0000] {logging_mixin.py:154} INFO - [2025-10-17T07:50:26.782+0000] {dag.py:3722} INFO - Setting next_dagrun for tutorial to 2025-10-16T07:50:26.782356+00:00, run_after=2025-10-17T07:50:26.782356+00:00
[2025-10-17T07:50:26.797+0000] {processor.py:179} INFO - Processing /home/airflow/.local/lib/python3.8/site-packages/airflow/example_dags/tutorial.py took 0.063 seconds
[2025-10-17T07:50:57.526+0000] {processor.py:157} INFO - Started process (PID=597) to work on /home/airflow/.local/lib/python3.8/site-packages/airflow/example_dags/tutorial.py
[2025-10-17T07:50:57.527+0000] {processor.py:829} INFO - Processing file /home/airflow/.local/lib/python3.8/site-packages/airflow/example_dags/tutorial.py for tasks to queue
[2025-10-17T07:50:57.529+0000] {logging_mixin.py:154} INFO - [2025-10-17T07:50:57.529+0000] {dagbag.py:536} INFO - Filling up the DagBag from /home/airflow/.local/lib/python3.8/site-packages/airflow/example_dags/tutorial.py
[2025-10-17T07:50:57.535+0000] {processor.py:839} INFO - DAG(s) dict_keys(['tutorial']) retrieved from /home/airflow/.local/lib/python3.8/site-packages/airflow/example_dags/tutorial.py
[2025-10-17T07:50:57.553+0000] {logging_mixin.py:154} INFO - [2025-10-17T07:50:57.553+0000] {dag.py:2941} INFO - Sync 1 DAGs
[2025-10-17T07:50:57.571+0000] {logging_mixin.py:154} INFO - [2025-10-17T07:50:57.570+0000] {dag.py:3722} INFO - Setting next_dagrun for tutorial to 2025-10-16T07:50:57.570611+00:00, run_after=2025-10-17T07:50:57.570611+00:00
[2025-10-17T07:50:57.586+0000] {processor.py:179} INFO - Processing /home/airflow/.local/lib/python3.8/site-packages/airflow/example_dags/tutorial.py took 0.063 seconds
[2025-10-17T07:51:28.170+0000] {processor.py:157} INFO - Started process (PID=653) to work on /home/airflow/.local/lib/python3.8/site-packages/airflow/example_dags/tutorial.py
[2025-10-17T07:51:28.171+0000] {processor.py:829} INFO - Processing file /home/airflow/.local/lib/python3.8/site-packages/airflow/example_dags/tutorial.py for tasks to queue
[2025-10-17T07:51:28.174+0000] {logging_mixin.py:154} INFO - [2025-10-17T07:51:28.173+0000] {dagbag.py:536} INFO - Filling up the DagBag from /home/airflow/.local/lib/python3.8/site-packages/airflow/example_dags/tutorial.py
[2025-10-17T07:51:28.180+0000] {processor.py:839} INFO - DAG(s) dict_keys(['tutorial']) retrieved from /home/airflow/.local/lib/python3.8/site-packages/airflow/example_dags/tutorial.py
[2025-10-17T07:51:28.203+0000] {logging_mixin.py:154} INFO - [2025-10-17T07:51:28.203+0000] {dag.py:2941} INFO - Sync 1 DAGs
[2025-10-17T07:51:28.225+0000] {logging_mixin.py:154} INFO - [2025-10-17T07:51:28.224+0000] {dag.py:3722} INFO - Setting next_dagrun for tutorial to 2025-10-16T07:51:28.224700+00:00, run_after=2025-10-17T07:51:28.224700+00:00
[2025-10-17T07:51:28.245+0000] {processor.py:179} INFO - Processing /home/airflow/.local/lib/python3.8/site-packages/airflow/example_dags/tutorial.py took 0.079 seconds
[2025-10-17T07:51:58.715+0000] {processor.py:157} INFO - Started process (PID=709) to work on /home/airflow/.local/lib/python3.8/site-packages/airflow/example_dags/tutorial.py
[2025-10-17T07:51:58.716+0000] {processor.py:829} INFO - Processing file /home/airflow/.local/lib/python3.8/site-packages/airflow/example_dags/tutorial.py for tasks to queue
[2025-10-17T07:51:58.718+0000] {logging_mixin.py:154} INFO - [2025-10-17T07:51:58.718+0000] {dagbag.py:536} INFO - Filling up the DagBag from /home/airflow/.local/lib/python3.8/site-packages/airflow/example_dags/tutorial.py
[2025-10-17T07:51:58.724+0000] {processor.py:839} INFO - DAG(s) dict_keys(['tutorial']) retrieved from /home/airflow/.local/lib/python3.8/site-packages/airflow/example_dags/tutorial.py
[2025-10-17T07:51:58.745+0000] {logging_mixin.py:154} INFO - [2025-10-17T07:51:58.745+0000] {dag.py:2941} INFO - Sync 1 DAGs
[2025-10-17T07:51:58.765+0000] {logging_mixin.py:154} INFO - [2025-10-17T07:51:58.764+0000] {dag.py:3722} INFO - Setting next_dagrun for tutorial to 2025-10-16T07:51:58.764525+00:00, run_after=2025-10-17T07:51:58.764525+00:00
[2025-10-17T07:51:58.780+0000] {processor.py:179} INFO - Processing /home/airflow/.local/lib/python3.8/site-packages/airflow/example_dags/tutorial.py took 0.068 seconds
[2025-10-17T08:08:55.186+0000] {processor.py:157} INFO - Started process (PID=94) to work on /home/airflow/.local/lib/python3.8/site-packages/airflow/example_dags/tutorial.py
[2025-10-17T08:08:55.188+0000] {processor.py:829} INFO - Processing file /home/airflow/.local/lib/python3.8/site-packages/airflow/example_dags/tutorial.py for tasks to queue
[2025-10-17T08:08:55.190+0000] {logging_mixin.py:154} INFO - [2025-10-17T08:08:55.190+0000] {dagbag.py:536} INFO - Filling up the DagBag from /home/airflow/.local/lib/python3.8/site-packages/airflow/example_dags/tutorial.py
[2025-10-17T08:08:55.197+0000] {processor.py:839} INFO - DAG(s) dict_keys(['tutorial']) retrieved from /home/airflow/.local/lib/python3.8/site-packages/airflow/example_dags/tutorial.py
[2025-10-17T08:08:55.315+0000] {logging_mixin.py:154} INFO - [2025-10-17T08:08:55.314+0000] {manager.py:499} INFO - Created Permission View: %s
[2025-10-17T08:08:55.328+0000] {logging_mixin.py:154} INFO - [2025-10-17T08:08:55.328+0000] {manager.py:499} INFO - Created Permission View: %s
[2025-10-17T08:08:55.337+0000] {logging_mixin.py:154} INFO - [2025-10-17T08:08:55.336+0000] {manager.py:499} INFO - Created Permission View: %s
[2025-10-17T08:08:55.337+0000] {logging_mixin.py:154} INFO - [2025-10-17T08:08:55.337+0000] {dag.py:2941} INFO - Sync 1 DAGs
[2025-10-17T08:08:55.348+0000] {logging_mixin.py:154} INFO - [2025-10-17T08:08:55.347+0000] {dag.py:2963} INFO - Creating ORM DAG for tutorial
[2025-10-17T08:08:55.358+0000] {logging_mixin.py:154} INFO - [2025-10-17T08:08:55.357+0000] {dag.py:3722} INFO - Setting next_dagrun for tutorial to 2025-10-16T08:08:55.356928+00:00, run_after=2025-10-17T08:08:55.356928+00:00
[2025-10-17T08:08:55.377+0000] {processor.py:179} INFO - Processing /home/airflow/.local/lib/python3.8/site-packages/airflow/example_dags/tutorial.py took 0.196 seconds
[2025-10-17T08:09:25.445+0000] {processor.py:157} INFO - Started process (PID=150) to work on /home/airflow/.local/lib/python3.8/site-packages/airflow/example_dags/tutorial.py
[2025-10-17T08:09:25.446+0000] {processor.py:829} INFO - Processing file /home/airflow/.local/lib/python3.8/site-packages/airflow/example_dags/tutorial.py for tasks to queue
[2025-10-17T08:09:25.448+0000] {logging_mixin.py:154} INFO - [2025-10-17T08:09:25.448+0000] {dagbag.py:536} INFO - Filling up the DagBag from /home/airflow/.local/lib/python3.8/site-packages/airflow/example_dags/tutorial.py
[2025-10-17T08:09:25.454+0000] {processor.py:839} INFO - DAG(s) dict_keys(['tutorial']) retrieved from /home/airflow/.local/lib/python3.8/site-packages/airflow/example_dags/tutorial.py
[2025-10-17T08:09:25.474+0000] {logging_mixin.py:154} INFO - [2025-10-17T08:09:25.474+0000] {dag.py:2941} INFO - Sync 1 DAGs
[2025-10-17T08:09:25.495+0000] {logging_mixin.py:154} INFO - [2025-10-17T08:09:25.495+0000] {dag.py:3722} INFO - Setting next_dagrun for tutorial to 2025-10-16T08:09:25.495368+00:00, run_after=2025-10-17T08:09:25.495368+00:00
[2025-10-17T08:09:25.513+0000] {processor.py:179} INFO - Processing /home/airflow/.local/lib/python3.8/site-packages/airflow/example_dags/tutorial.py took 0.073 seconds
[2025-10-17T08:09:56.500+0000] {processor.py:157} INFO - Started process (PID=206) to work on /home/airflow/.local/lib/python3.8/site-packages/airflow/example_dags/tutorial.py
[2025-10-17T08:09:56.501+0000] {processor.py:829} INFO - Processing file /home/airflow/.local/lib/python3.8/site-packages/airflow/example_dags/tutorial.py for tasks to queue
[2025-10-17T08:09:56.504+0000] {logging_mixin.py:154} INFO - [2025-10-17T08:09:56.503+0000] {dagbag.py:536} INFO - Filling up the DagBag from /home/airflow/.local/lib/python3.8/site-packages/airflow/example_dags/tutorial.py
[2025-10-17T08:09:56.510+0000] {processor.py:839} INFO - DAG(s) dict_keys(['tutorial']) retrieved from /home/airflow/.local/lib/python3.8/site-packages/airflow/example_dags/tutorial.py
[2025-10-17T08:09:56.532+0000] {logging_mixin.py:154} INFO - [2025-10-17T08:09:56.531+0000] {dag.py:2941} INFO - Sync 1 DAGs
[2025-10-17T08:09:56.556+0000] {logging_mixin.py:154} INFO - [2025-10-17T08:09:56.555+0000] {dag.py:3722} INFO - Setting next_dagrun for tutorial to 2025-10-16T08:09:56.555411+00:00, run_after=2025-10-17T08:09:56.555411+00:00
[2025-10-17T08:09:56.577+0000] {processor.py:179} INFO - Processing /home/airflow/.local/lib/python3.8/site-packages/airflow/example_dags/tutorial.py took 0.080 seconds
[2025-10-17T08:10:27.484+0000] {processor.py:157} INFO - Started process (PID=262) to work on /home/airflow/.local/lib/python3.8/site-packages/airflow/example_dags/tutorial.py
[2025-10-17T08:10:27.485+0000] {processor.py:829} INFO - Processing file /home/airflow/.local/lib/python3.8/site-packages/airflow/example_dags/tutorial.py for tasks to queue
[2025-10-17T08:10:27.487+0000] {logging_mixin.py:154} INFO - [2025-10-17T08:10:27.487+0000] {dagbag.py:536} INFO - Filling up the DagBag from /home/airflow/.local/lib/python3.8/site-packages/airflow/example_dags/tutorial.py
[2025-10-17T08:10:27.493+0000] {processor.py:839} INFO - DAG(s) dict_keys(['tutorial']) retrieved from /home/airflow/.local/lib/python3.8/site-packages/airflow/example_dags/tutorial.py
[2025-10-17T08:10:27.513+0000] {logging_mixin.py:154} INFO - [2025-10-17T08:10:27.512+0000] {dag.py:2941} INFO - Sync 1 DAGs
[2025-10-17T08:10:27.533+0000] {logging_mixin.py:154} INFO - [2025-10-17T08:10:27.532+0000] {dag.py:3722} INFO - Setting next_dagrun for tutorial to 2025-10-16T08:10:27.532416+00:00, run_after=2025-10-17T08:10:27.532416+00:00
[2025-10-17T08:10:27.549+0000] {processor.py:179} INFO - Processing /home/airflow/.local/lib/python3.8/site-packages/airflow/example_dags/tutorial.py took 0.068 seconds
[2025-10-17T08:10:58.112+0000] {processor.py:157} INFO - Started process (PID=318) to work on /home/airflow/.local/lib/python3.8/site-packages/airflow/example_dags/tutorial.py
[2025-10-17T08:10:58.114+0000] {processor.py:829} INFO - Processing file /home/airflow/.local/lib/python3.8/site-packages/airflow/example_dags/tutorial.py for tasks to queue
[2025-10-17T08:10:58.116+0000] {logging_mixin.py:154} INFO - [2025-10-17T08:10:58.115+0000] {dagbag.py:536} INFO - Filling up the DagBag from /home/airflow/.local/lib/python3.8/site-packages/airflow/example_dags/tutorial.py
[2025-10-17T08:10:58.122+0000] {processor.py:839} INFO - DAG(s) dict_keys(['tutorial']) retrieved from /home/airflow/.local/lib/python3.8/site-packages/airflow/example_dags/tutorial.py
[2025-10-17T08:10:58.142+0000] {logging_mixin.py:154} INFO - [2025-10-17T08:10:58.141+0000] {dag.py:2941} INFO - Sync 1 DAGs
[2025-10-17T08:10:58.161+0000] {logging_mixin.py:154} INFO - [2025-10-17T08:10:58.161+0000] {dag.py:3722} INFO - Setting next_dagrun for tutorial to 2025-10-16T08:10:58.160750+00:00, run_after=2025-10-17T08:10:58.160750+00:00
[2025-10-17T08:10:58.179+0000] {processor.py:179} INFO - Processing /home/airflow/.local/lib/python3.8/site-packages/airflow/example_dags/tutorial.py took 0.070 seconds
[2025-10-17T08:12:37.073+0000] {processor.py:157} INFO - Started process (PID=95) to work on /home/airflow/.local/lib/python3.8/site-packages/airflow/example_dags/tutorial.py
[2025-10-17T08:12:37.074+0000] {processor.py:829} INFO - Processing file /home/airflow/.local/lib/python3.8/site-packages/airflow/example_dags/tutorial.py for tasks to queue
[2025-10-17T08:12:37.076+0000] {logging_mixin.py:154} INFO - [2025-10-17T08:12:37.076+0000] {dagbag.py:536} INFO - Filling up the DagBag from /home/airflow/.local/lib/python3.8/site-packages/airflow/example_dags/tutorial.py
[2025-10-17T08:12:37.083+0000] {processor.py:839} INFO - DAG(s) dict_keys(['tutorial']) retrieved from /home/airflow/.local/lib/python3.8/site-packages/airflow/example_dags/tutorial.py
[2025-10-17T08:12:37.181+0000] {logging_mixin.py:154} INFO - [2025-10-17T08:12:37.181+0000] {manager.py:499} INFO - Created Permission View: %s
[2025-10-17T08:12:37.191+0000] {logging_mixin.py:154} INFO - [2025-10-17T08:12:37.191+0000] {manager.py:499} INFO - Created Permission View: %s
[2025-10-17T08:12:37.198+0000] {logging_mixin.py:154} INFO - [2025-10-17T08:12:37.198+0000] {manager.py:499} INFO - Created Permission View: %s
[2025-10-17T08:12:37.199+0000] {logging_mixin.py:154} INFO - [2025-10-17T08:12:37.198+0000] {dag.py:2941} INFO - Sync 1 DAGs
[2025-10-17T08:12:37.210+0000] {logging_mixin.py:154} INFO - [2025-10-17T08:12:37.210+0000] {dag.py:2963} INFO - Creating ORM DAG for tutorial
[2025-10-17T08:12:37.222+0000] {logging_mixin.py:154} INFO - [2025-10-17T08:12:37.221+0000] {dag.py:3722} INFO - Setting next_dagrun for tutorial to 2025-10-16T08:12:37.221678+00:00, run_after=2025-10-17T08:12:37.221678+00:00
[2025-10-17T08:12:37.243+0000] {processor.py:179} INFO - Processing /home/airflow/.local/lib/python3.8/site-packages/airflow/example_dags/tutorial.py took 0.175 seconds
[2025-10-17T08:13:07.622+0000] {processor.py:157} INFO - Started process (PID=151) to work on /home/airflow/.local/lib/python3.8/site-packages/airflow/example_dags/tutorial.py
[2025-10-17T08:13:07.624+0000] {processor.py:829} INFO - Processing file /home/airflow/.local/lib/python3.8/site-packages/airflow/example_dags/tutorial.py for tasks to queue
[2025-10-17T08:13:07.625+0000] {logging_mixin.py:154} INFO - [2025-10-17T08:13:07.625+0000] {dagbag.py:536} INFO - Filling up the DagBag from /home/airflow/.local/lib/python3.8/site-packages/airflow/example_dags/tutorial.py
[2025-10-17T08:13:07.631+0000] {processor.py:839} INFO - DAG(s) dict_keys(['tutorial']) retrieved from /home/airflow/.local/lib/python3.8/site-packages/airflow/example_dags/tutorial.py
[2025-10-17T08:13:07.649+0000] {logging_mixin.py:154} INFO - [2025-10-17T08:13:07.649+0000] {dag.py:2941} INFO - Sync 1 DAGs
[2025-10-17T08:13:07.666+0000] {logging_mixin.py:154} INFO - [2025-10-17T08:13:07.666+0000] {dag.py:3722} INFO - Setting next_dagrun for tutorial to 2025-10-16T08:13:07.665802+00:00, run_after=2025-10-17T08:13:07.665802+00:00
[2025-10-17T08:13:07.682+0000] {processor.py:179} INFO - Processing /home/airflow/.local/lib/python3.8/site-packages/airflow/example_dags/tutorial.py took 0.062 seconds
[2025-10-17T08:13:38.183+0000] {processor.py:157} INFO - Started process (PID=207) to work on /home/airflow/.local/lib/python3.8/site-packages/airflow/example_dags/tutorial.py
[2025-10-17T08:13:38.184+0000] {processor.py:829} INFO - Processing file /home/airflow/.local/lib/python3.8/site-packages/airflow/example_dags/tutorial.py for tasks to queue
[2025-10-17T08:13:38.186+0000] {logging_mixin.py:154} INFO - [2025-10-17T08:13:38.186+0000] {dagbag.py:536} INFO - Filling up the DagBag from /home/airflow/.local/lib/python3.8/site-packages/airflow/example_dags/tutorial.py
[2025-10-17T08:13:38.191+0000] {processor.py:839} INFO - DAG(s) dict_keys(['tutorial']) retrieved from /home/airflow/.local/lib/python3.8/site-packages/airflow/example_dags/tutorial.py
[2025-10-17T08:13:38.210+0000] {logging_mixin.py:154} INFO - [2025-10-17T08:13:38.210+0000] {dag.py:2941} INFO - Sync 1 DAGs
[2025-10-17T08:13:38.229+0000] {logging_mixin.py:154} INFO - [2025-10-17T08:13:38.229+0000] {dag.py:3722} INFO - Setting next_dagrun for tutorial to 2025-10-16T08:13:38.229270+00:00, run_after=2025-10-17T08:13:38.229270+00:00
[2025-10-17T08:13:38.245+0000] {processor.py:179} INFO - Processing /home/airflow/.local/lib/python3.8/site-packages/airflow/example_dags/tutorial.py took 0.065 seconds
