[2025-10-17T07:19:50.084+0000] {processor.py:157} INFO - Started process (PID=601) to work on /home/airflow/.local/lib/python3.8/site-packages/airflow/example_dags/tutorial_dag.py
[2025-10-17T07:19:50.085+0000] {processor.py:829} INFO - Processing file /home/airflow/.local/lib/python3.8/site-packages/airflow/example_dags/tutorial_dag.py for tasks to queue
[2025-10-17T07:19:50.089+0000] {logging_mixin.py:154} INFO - [2025-10-17T07:19:50.089+0000] {dagbag.py:536} INFO - Filling up the DagBag from /home/airflow/.local/lib/python3.8/site-packages/airflow/example_dags/tutorial_dag.py
[2025-10-17T07:19:50.099+0000] {processor.py:839} INFO - DAG(s) dict_keys(['tutorial_dag']) retrieved from /home/airflow/.local/lib/python3.8/site-packages/airflow/example_dags/tutorial_dag.py
[2025-10-17T07:19:50.138+0000] {logging_mixin.py:154} INFO - [2025-10-17T07:19:50.138+0000] {dag.py:2941} INFO - Sync 1 DAGs
[2025-10-17T07:19:50.172+0000] {logging_mixin.py:154} INFO - [2025-10-17T07:19:50.171+0000] {dag.py:3722} INFO - Setting next_dagrun for tutorial_dag to None, run_after=None
[2025-10-17T07:19:50.219+0000] {processor.py:179} INFO - Processing /home/airflow/.local/lib/python3.8/site-packages/airflow/example_dags/tutorial_dag.py took 0.140 seconds
[2025-10-17T07:20:21.056+0000] {processor.py:157} INFO - Started process (PID=657) to work on /home/airflow/.local/lib/python3.8/site-packages/airflow/example_dags/tutorial_dag.py
[2025-10-17T07:20:21.057+0000] {processor.py:829} INFO - Processing file /home/airflow/.local/lib/python3.8/site-packages/airflow/example_dags/tutorial_dag.py for tasks to queue
[2025-10-17T07:20:21.059+0000] {logging_mixin.py:154} INFO - [2025-10-17T07:20:21.059+0000] {dagbag.py:536} INFO - Filling up the DagBag from /home/airflow/.local/lib/python3.8/site-packages/airflow/example_dags/tutorial_dag.py
[2025-10-17T07:20:21.065+0000] {processor.py:839} INFO - DAG(s) dict_keys(['tutorial_dag']) retrieved from /home/airflow/.local/lib/python3.8/site-packages/airflow/example_dags/tutorial_dag.py
[2025-10-17T07:20:21.084+0000] {logging_mixin.py:154} INFO - [2025-10-17T07:20:21.084+0000] {dag.py:2941} INFO - Sync 1 DAGs
[2025-10-17T07:20:21.095+0000] {logging_mixin.py:154} INFO - [2025-10-17T07:20:21.095+0000] {dag.py:3722} INFO - Setting next_dagrun for tutorial_dag to None, run_after=None
[2025-10-17T07:20:21.113+0000] {processor.py:179} INFO - Processing /home/airflow/.local/lib/python3.8/site-packages/airflow/example_dags/tutorial_dag.py took 0.060 seconds
[2025-10-17T07:20:51.535+0000] {processor.py:157} INFO - Started process (PID=713) to work on /home/airflow/.local/lib/python3.8/site-packages/airflow/example_dags/tutorial_dag.py
[2025-10-17T07:20:51.537+0000] {processor.py:829} INFO - Processing file /home/airflow/.local/lib/python3.8/site-packages/airflow/example_dags/tutorial_dag.py for tasks to queue
[2025-10-17T07:20:51.540+0000] {logging_mixin.py:154} INFO - [2025-10-17T07:20:51.540+0000] {dagbag.py:536} INFO - Filling up the DagBag from /home/airflow/.local/lib/python3.8/site-packages/airflow/example_dags/tutorial_dag.py
[2025-10-17T07:20:51.548+0000] {processor.py:839} INFO - DAG(s) dict_keys(['tutorial_dag']) retrieved from /home/airflow/.local/lib/python3.8/site-packages/airflow/example_dags/tutorial_dag.py
[2025-10-17T07:20:51.580+0000] {logging_mixin.py:154} INFO - [2025-10-17T07:20:51.580+0000] {dag.py:2941} INFO - Sync 1 DAGs
[2025-10-17T07:20:51.598+0000] {logging_mixin.py:154} INFO - [2025-10-17T07:20:51.597+0000] {dag.py:3722} INFO - Setting next_dagrun for tutorial_dag to None, run_after=None
[2025-10-17T07:20:51.630+0000] {processor.py:179} INFO - Processing /home/airflow/.local/lib/python3.8/site-packages/airflow/example_dags/tutorial_dag.py took 0.101 seconds
[2025-10-17T07:21:22.440+0000] {processor.py:157} INFO - Started process (PID=769) to work on /home/airflow/.local/lib/python3.8/site-packages/airflow/example_dags/tutorial_dag.py
[2025-10-17T07:21:22.442+0000] {processor.py:829} INFO - Processing file /home/airflow/.local/lib/python3.8/site-packages/airflow/example_dags/tutorial_dag.py for tasks to queue
[2025-10-17T07:21:22.445+0000] {logging_mixin.py:154} INFO - [2025-10-17T07:21:22.445+0000] {dagbag.py:536} INFO - Filling up the DagBag from /home/airflow/.local/lib/python3.8/site-packages/airflow/example_dags/tutorial_dag.py
[2025-10-17T07:21:22.457+0000] {processor.py:839} INFO - DAG(s) dict_keys(['tutorial_dag']) retrieved from /home/airflow/.local/lib/python3.8/site-packages/airflow/example_dags/tutorial_dag.py
[2025-10-17T07:21:22.493+0000] {logging_mixin.py:154} INFO - [2025-10-17T07:21:22.493+0000] {dag.py:2941} INFO - Sync 1 DAGs
[2025-10-17T07:21:22.513+0000] {logging_mixin.py:154} INFO - [2025-10-17T07:21:22.513+0000] {dag.py:3722} INFO - Setting next_dagrun for tutorial_dag to None, run_after=None
[2025-10-17T07:21:22.553+0000] {processor.py:179} INFO - Processing /home/airflow/.local/lib/python3.8/site-packages/airflow/example_dags/tutorial_dag.py took 0.117 seconds
[2025-10-17T07:21:53.117+0000] {processor.py:157} INFO - Started process (PID=825) to work on /home/airflow/.local/lib/python3.8/site-packages/airflow/example_dags/tutorial_dag.py
[2025-10-17T07:21:53.119+0000] {processor.py:829} INFO - Processing file /home/airflow/.local/lib/python3.8/site-packages/airflow/example_dags/tutorial_dag.py for tasks to queue
[2025-10-17T07:21:53.122+0000] {logging_mixin.py:154} INFO - [2025-10-17T07:21:53.121+0000] {dagbag.py:536} INFO - Filling up the DagBag from /home/airflow/.local/lib/python3.8/site-packages/airflow/example_dags/tutorial_dag.py
[2025-10-17T07:21:53.127+0000] {processor.py:839} INFO - DAG(s) dict_keys(['tutorial_dag']) retrieved from /home/airflow/.local/lib/python3.8/site-packages/airflow/example_dags/tutorial_dag.py
[2025-10-17T07:21:53.155+0000] {logging_mixin.py:154} INFO - [2025-10-17T07:21:53.154+0000] {dag.py:2941} INFO - Sync 1 DAGs
[2025-10-17T07:21:53.167+0000] {logging_mixin.py:154} INFO - [2025-10-17T07:21:53.167+0000] {dag.py:3722} INFO - Setting next_dagrun for tutorial_dag to None, run_after=None
[2025-10-17T07:21:53.188+0000] {processor.py:179} INFO - Processing /home/airflow/.local/lib/python3.8/site-packages/airflow/example_dags/tutorial_dag.py took 0.076 seconds
[2025-10-17T07:22:23.663+0000] {processor.py:157} INFO - Started process (PID=881) to work on /home/airflow/.local/lib/python3.8/site-packages/airflow/example_dags/tutorial_dag.py
[2025-10-17T07:22:23.664+0000] {processor.py:829} INFO - Processing file /home/airflow/.local/lib/python3.8/site-packages/airflow/example_dags/tutorial_dag.py for tasks to queue
[2025-10-17T07:22:23.666+0000] {logging_mixin.py:154} INFO - [2025-10-17T07:22:23.666+0000] {dagbag.py:536} INFO - Filling up the DagBag from /home/airflow/.local/lib/python3.8/site-packages/airflow/example_dags/tutorial_dag.py
[2025-10-17T07:22:23.671+0000] {processor.py:839} INFO - DAG(s) dict_keys(['tutorial_dag']) retrieved from /home/airflow/.local/lib/python3.8/site-packages/airflow/example_dags/tutorial_dag.py
[2025-10-17T07:22:23.690+0000] {logging_mixin.py:154} INFO - [2025-10-17T07:22:23.690+0000] {dag.py:2941} INFO - Sync 1 DAGs
[2025-10-17T07:22:23.700+0000] {logging_mixin.py:154} INFO - [2025-10-17T07:22:23.700+0000] {dag.py:3722} INFO - Setting next_dagrun for tutorial_dag to None, run_after=None
[2025-10-17T07:22:23.719+0000] {processor.py:179} INFO - Processing /home/airflow/.local/lib/python3.8/site-packages/airflow/example_dags/tutorial_dag.py took 0.059 seconds
[2025-10-17T07:22:54.440+0000] {processor.py:157} INFO - Started process (PID=944) to work on /home/airflow/.local/lib/python3.8/site-packages/airflow/example_dags/tutorial_dag.py
[2025-10-17T07:22:54.442+0000] {processor.py:829} INFO - Processing file /home/airflow/.local/lib/python3.8/site-packages/airflow/example_dags/tutorial_dag.py for tasks to queue
[2025-10-17T07:22:54.444+0000] {logging_mixin.py:154} INFO - [2025-10-17T07:22:54.444+0000] {dagbag.py:536} INFO - Filling up the DagBag from /home/airflow/.local/lib/python3.8/site-packages/airflow/example_dags/tutorial_dag.py
[2025-10-17T07:22:54.449+0000] {processor.py:839} INFO - DAG(s) dict_keys(['tutorial_dag']) retrieved from /home/airflow/.local/lib/python3.8/site-packages/airflow/example_dags/tutorial_dag.py
[2025-10-17T07:22:54.467+0000] {logging_mixin.py:154} INFO - [2025-10-17T07:22:54.467+0000] {dag.py:2941} INFO - Sync 1 DAGs
[2025-10-17T07:22:54.477+0000] {logging_mixin.py:154} INFO - [2025-10-17T07:22:54.476+0000] {dag.py:3722} INFO - Setting next_dagrun for tutorial_dag to None, run_after=None
[2025-10-17T07:22:54.492+0000] {processor.py:179} INFO - Processing /home/airflow/.local/lib/python3.8/site-packages/airflow/example_dags/tutorial_dag.py took 0.055 seconds
[2025-10-17T07:23:24.967+0000] {processor.py:157} INFO - Started process (PID=1000) to work on /home/airflow/.local/lib/python3.8/site-packages/airflow/example_dags/tutorial_dag.py
[2025-10-17T07:23:24.969+0000] {processor.py:829} INFO - Processing file /home/airflow/.local/lib/python3.8/site-packages/airflow/example_dags/tutorial_dag.py for tasks to queue
[2025-10-17T07:23:24.971+0000] {logging_mixin.py:154} INFO - [2025-10-17T07:23:24.971+0000] {dagbag.py:536} INFO - Filling up the DagBag from /home/airflow/.local/lib/python3.8/site-packages/airflow/example_dags/tutorial_dag.py
[2025-10-17T07:23:24.978+0000] {processor.py:839} INFO - DAG(s) dict_keys(['tutorial_dag']) retrieved from /home/airflow/.local/lib/python3.8/site-packages/airflow/example_dags/tutorial_dag.py
[2025-10-17T07:23:24.999+0000] {logging_mixin.py:154} INFO - [2025-10-17T07:23:24.999+0000] {dag.py:2941} INFO - Sync 1 DAGs
[2025-10-17T07:23:25.011+0000] {logging_mixin.py:154} INFO - [2025-10-17T07:23:25.011+0000] {dag.py:3722} INFO - Setting next_dagrun for tutorial_dag to None, run_after=None
[2025-10-17T07:23:25.028+0000] {processor.py:179} INFO - Processing /home/airflow/.local/lib/python3.8/site-packages/airflow/example_dags/tutorial_dag.py took 0.065 seconds
[2025-10-17T07:23:55.691+0000] {processor.py:157} INFO - Started process (PID=1056) to work on /home/airflow/.local/lib/python3.8/site-packages/airflow/example_dags/tutorial_dag.py
[2025-10-17T07:23:55.692+0000] {processor.py:829} INFO - Processing file /home/airflow/.local/lib/python3.8/site-packages/airflow/example_dags/tutorial_dag.py for tasks to queue
[2025-10-17T07:23:55.695+0000] {logging_mixin.py:154} INFO - [2025-10-17T07:23:55.694+0000] {dagbag.py:536} INFO - Filling up the DagBag from /home/airflow/.local/lib/python3.8/site-packages/airflow/example_dags/tutorial_dag.py
[2025-10-17T07:23:55.700+0000] {processor.py:839} INFO - DAG(s) dict_keys(['tutorial_dag']) retrieved from /home/airflow/.local/lib/python3.8/site-packages/airflow/example_dags/tutorial_dag.py
[2025-10-17T07:23:55.723+0000] {logging_mixin.py:154} INFO - [2025-10-17T07:23:55.723+0000] {dag.py:2941} INFO - Sync 1 DAGs
[2025-10-17T07:23:55.736+0000] {logging_mixin.py:154} INFO - [2025-10-17T07:23:55.736+0000] {dag.py:3722} INFO - Setting next_dagrun for tutorial_dag to None, run_after=None
[2025-10-17T07:23:55.907+0000] {processor.py:179} INFO - Processing /home/airflow/.local/lib/python3.8/site-packages/airflow/example_dags/tutorial_dag.py took 0.220 seconds
[2025-10-17T07:24:26.390+0000] {processor.py:157} INFO - Started process (PID=1112) to work on /home/airflow/.local/lib/python3.8/site-packages/airflow/example_dags/tutorial_dag.py
[2025-10-17T07:24:26.391+0000] {processor.py:829} INFO - Processing file /home/airflow/.local/lib/python3.8/site-packages/airflow/example_dags/tutorial_dag.py for tasks to queue
[2025-10-17T07:24:26.393+0000] {logging_mixin.py:154} INFO - [2025-10-17T07:24:26.393+0000] {dagbag.py:536} INFO - Filling up the DagBag from /home/airflow/.local/lib/python3.8/site-packages/airflow/example_dags/tutorial_dag.py
[2025-10-17T07:24:26.398+0000] {processor.py:839} INFO - DAG(s) dict_keys(['tutorial_dag']) retrieved from /home/airflow/.local/lib/python3.8/site-packages/airflow/example_dags/tutorial_dag.py
[2025-10-17T07:24:26.419+0000] {logging_mixin.py:154} INFO - [2025-10-17T07:24:26.418+0000] {dag.py:2941} INFO - Sync 1 DAGs
[2025-10-17T07:24:26.430+0000] {logging_mixin.py:154} INFO - [2025-10-17T07:24:26.430+0000] {dag.py:3722} INFO - Setting next_dagrun for tutorial_dag to None, run_after=None
[2025-10-17T07:24:26.449+0000] {processor.py:179} INFO - Processing /home/airflow/.local/lib/python3.8/site-packages/airflow/example_dags/tutorial_dag.py took 0.062 seconds
[2025-10-17T07:24:57.244+0000] {processor.py:157} INFO - Started process (PID=1174) to work on /home/airflow/.local/lib/python3.8/site-packages/airflow/example_dags/tutorial_dag.py
[2025-10-17T07:24:57.246+0000] {processor.py:829} INFO - Processing file /home/airflow/.local/lib/python3.8/site-packages/airflow/example_dags/tutorial_dag.py for tasks to queue
[2025-10-17T07:24:57.248+0000] {logging_mixin.py:154} INFO - [2025-10-17T07:24:57.247+0000] {dagbag.py:536} INFO - Filling up the DagBag from /home/airflow/.local/lib/python3.8/site-packages/airflow/example_dags/tutorial_dag.py
[2025-10-17T07:24:57.253+0000] {processor.py:839} INFO - DAG(s) dict_keys(['tutorial_dag']) retrieved from /home/airflow/.local/lib/python3.8/site-packages/airflow/example_dags/tutorial_dag.py
[2025-10-17T07:24:57.272+0000] {logging_mixin.py:154} INFO - [2025-10-17T07:24:57.272+0000] {dag.py:2941} INFO - Sync 1 DAGs
[2025-10-17T07:24:57.430+0000] {logging_mixin.py:154} INFO - [2025-10-17T07:24:57.429+0000] {dag.py:3722} INFO - Setting next_dagrun for tutorial_dag to None, run_after=None
[2025-10-17T07:24:57.446+0000] {processor.py:179} INFO - Processing /home/airflow/.local/lib/python3.8/site-packages/airflow/example_dags/tutorial_dag.py took 0.205 seconds
[2025-10-17T07:25:27.512+0000] {processor.py:157} INFO - Started process (PID=1230) to work on /home/airflow/.local/lib/python3.8/site-packages/airflow/example_dags/tutorial_dag.py
[2025-10-17T07:25:27.513+0000] {processor.py:829} INFO - Processing file /home/airflow/.local/lib/python3.8/site-packages/airflow/example_dags/tutorial_dag.py for tasks to queue
[2025-10-17T07:25:27.515+0000] {logging_mixin.py:154} INFO - [2025-10-17T07:25:27.515+0000] {dagbag.py:536} INFO - Filling up the DagBag from /home/airflow/.local/lib/python3.8/site-packages/airflow/example_dags/tutorial_dag.py
[2025-10-17T07:25:27.521+0000] {processor.py:839} INFO - DAG(s) dict_keys(['tutorial_dag']) retrieved from /home/airflow/.local/lib/python3.8/site-packages/airflow/example_dags/tutorial_dag.py
[2025-10-17T07:25:27.541+0000] {logging_mixin.py:154} INFO - [2025-10-17T07:25:27.541+0000] {dag.py:2941} INFO - Sync 1 DAGs
[2025-10-17T07:25:27.552+0000] {logging_mixin.py:154} INFO - [2025-10-17T07:25:27.551+0000] {dag.py:3722} INFO - Setting next_dagrun for tutorial_dag to None, run_after=None
[2025-10-17T07:25:27.571+0000] {processor.py:179} INFO - Processing /home/airflow/.local/lib/python3.8/site-packages/airflow/example_dags/tutorial_dag.py took 0.063 seconds
[2025-10-17T07:25:57.899+0000] {processor.py:157} INFO - Started process (PID=1285) to work on /home/airflow/.local/lib/python3.8/site-packages/airflow/example_dags/tutorial_dag.py
[2025-10-17T07:25:57.900+0000] {processor.py:829} INFO - Processing file /home/airflow/.local/lib/python3.8/site-packages/airflow/example_dags/tutorial_dag.py for tasks to queue
[2025-10-17T07:25:57.903+0000] {logging_mixin.py:154} INFO - [2025-10-17T07:25:57.902+0000] {dagbag.py:536} INFO - Filling up the DagBag from /home/airflow/.local/lib/python3.8/site-packages/airflow/example_dags/tutorial_dag.py
[2025-10-17T07:25:57.907+0000] {processor.py:839} INFO - DAG(s) dict_keys(['tutorial_dag']) retrieved from /home/airflow/.local/lib/python3.8/site-packages/airflow/example_dags/tutorial_dag.py
[2025-10-17T07:25:57.927+0000] {logging_mixin.py:154} INFO - [2025-10-17T07:25:57.926+0000] {dag.py:2941} INFO - Sync 1 DAGs
[2025-10-17T07:25:57.937+0000] {logging_mixin.py:154} INFO - [2025-10-17T07:25:57.937+0000] {dag.py:3722} INFO - Setting next_dagrun for tutorial_dag to None, run_after=None
[2025-10-17T07:25:57.957+0000] {processor.py:179} INFO - Processing /home/airflow/.local/lib/python3.8/site-packages/airflow/example_dags/tutorial_dag.py took 0.061 seconds
[2025-10-17T07:26:28.520+0000] {processor.py:157} INFO - Started process (PID=1344) to work on /home/airflow/.local/lib/python3.8/site-packages/airflow/example_dags/tutorial_dag.py
[2025-10-17T07:26:28.521+0000] {processor.py:829} INFO - Processing file /home/airflow/.local/lib/python3.8/site-packages/airflow/example_dags/tutorial_dag.py for tasks to queue
[2025-10-17T07:26:28.523+0000] {logging_mixin.py:154} INFO - [2025-10-17T07:26:28.523+0000] {dagbag.py:536} INFO - Filling up the DagBag from /home/airflow/.local/lib/python3.8/site-packages/airflow/example_dags/tutorial_dag.py
[2025-10-17T07:26:28.529+0000] {processor.py:839} INFO - DAG(s) dict_keys(['tutorial_dag']) retrieved from /home/airflow/.local/lib/python3.8/site-packages/airflow/example_dags/tutorial_dag.py
[2025-10-17T07:26:28.547+0000] {logging_mixin.py:154} INFO - [2025-10-17T07:26:28.546+0000] {dag.py:2941} INFO - Sync 1 DAGs
[2025-10-17T07:26:28.557+0000] {logging_mixin.py:154} INFO - [2025-10-17T07:26:28.557+0000] {dag.py:3722} INFO - Setting next_dagrun for tutorial_dag to None, run_after=None
[2025-10-17T07:26:28.571+0000] {processor.py:179} INFO - Processing /home/airflow/.local/lib/python3.8/site-packages/airflow/example_dags/tutorial_dag.py took 0.054 seconds
[2025-10-17T07:26:58.711+0000] {processor.py:157} INFO - Started process (PID=1399) to work on /home/airflow/.local/lib/python3.8/site-packages/airflow/example_dags/tutorial_dag.py
[2025-10-17T07:26:58.713+0000] {processor.py:829} INFO - Processing file /home/airflow/.local/lib/python3.8/site-packages/airflow/example_dags/tutorial_dag.py for tasks to queue
[2025-10-17T07:26:58.715+0000] {logging_mixin.py:154} INFO - [2025-10-17T07:26:58.714+0000] {dagbag.py:536} INFO - Filling up the DagBag from /home/airflow/.local/lib/python3.8/site-packages/airflow/example_dags/tutorial_dag.py
[2025-10-17T07:26:58.720+0000] {processor.py:839} INFO - DAG(s) dict_keys(['tutorial_dag']) retrieved from /home/airflow/.local/lib/python3.8/site-packages/airflow/example_dags/tutorial_dag.py
[2025-10-17T07:26:58.739+0000] {logging_mixin.py:154} INFO - [2025-10-17T07:26:58.739+0000] {dag.py:2941} INFO - Sync 1 DAGs
[2025-10-17T07:26:58.749+0000] {logging_mixin.py:154} INFO - [2025-10-17T07:26:58.749+0000] {dag.py:3722} INFO - Setting next_dagrun for tutorial_dag to None, run_after=None
[2025-10-17T07:26:58.766+0000] {processor.py:179} INFO - Processing /home/airflow/.local/lib/python3.8/site-packages/airflow/example_dags/tutorial_dag.py took 0.058 seconds
[2025-10-17T07:27:28.948+0000] {processor.py:157} INFO - Started process (PID=1454) to work on /home/airflow/.local/lib/python3.8/site-packages/airflow/example_dags/tutorial_dag.py
[2025-10-17T07:27:28.949+0000] {processor.py:829} INFO - Processing file /home/airflow/.local/lib/python3.8/site-packages/airflow/example_dags/tutorial_dag.py for tasks to queue
[2025-10-17T07:27:28.951+0000] {logging_mixin.py:154} INFO - [2025-10-17T07:27:28.951+0000] {dagbag.py:536} INFO - Filling up the DagBag from /home/airflow/.local/lib/python3.8/site-packages/airflow/example_dags/tutorial_dag.py
[2025-10-17T07:27:28.957+0000] {processor.py:839} INFO - DAG(s) dict_keys(['tutorial_dag']) retrieved from /home/airflow/.local/lib/python3.8/site-packages/airflow/example_dags/tutorial_dag.py
[2025-10-17T07:27:28.977+0000] {logging_mixin.py:154} INFO - [2025-10-17T07:27:28.976+0000] {dag.py:2941} INFO - Sync 1 DAGs
[2025-10-17T07:27:28.987+0000] {logging_mixin.py:154} INFO - [2025-10-17T07:27:28.987+0000] {dag.py:3722} INFO - Setting next_dagrun for tutorial_dag to None, run_after=None
[2025-10-17T07:27:29.004+0000] {processor.py:179} INFO - Processing /home/airflow/.local/lib/python3.8/site-packages/airflow/example_dags/tutorial_dag.py took 0.059 seconds
[2025-10-17T07:27:59.160+0000] {processor.py:157} INFO - Started process (PID=1510) to work on /home/airflow/.local/lib/python3.8/site-packages/airflow/example_dags/tutorial_dag.py
[2025-10-17T07:27:59.161+0000] {processor.py:829} INFO - Processing file /home/airflow/.local/lib/python3.8/site-packages/airflow/example_dags/tutorial_dag.py for tasks to queue
[2025-10-17T07:27:59.162+0000] {logging_mixin.py:154} INFO - [2025-10-17T07:27:59.162+0000] {dagbag.py:536} INFO - Filling up the DagBag from /home/airflow/.local/lib/python3.8/site-packages/airflow/example_dags/tutorial_dag.py
[2025-10-17T07:27:59.167+0000] {processor.py:839} INFO - DAG(s) dict_keys(['tutorial_dag']) retrieved from /home/airflow/.local/lib/python3.8/site-packages/airflow/example_dags/tutorial_dag.py
[2025-10-17T07:27:59.188+0000] {logging_mixin.py:154} INFO - [2025-10-17T07:27:59.188+0000] {dag.py:2941} INFO - Sync 1 DAGs
[2025-10-17T07:27:59.199+0000] {logging_mixin.py:154} INFO - [2025-10-17T07:27:59.198+0000] {dag.py:3722} INFO - Setting next_dagrun for tutorial_dag to None, run_after=None
[2025-10-17T07:27:59.217+0000] {processor.py:179} INFO - Processing /home/airflow/.local/lib/python3.8/site-packages/airflow/example_dags/tutorial_dag.py took 0.060 seconds
[2025-10-17T07:28:29.401+0000] {processor.py:157} INFO - Started process (PID=1567) to work on /home/airflow/.local/lib/python3.8/site-packages/airflow/example_dags/tutorial_dag.py
[2025-10-17T07:28:29.402+0000] {processor.py:829} INFO - Processing file /home/airflow/.local/lib/python3.8/site-packages/airflow/example_dags/tutorial_dag.py for tasks to queue
[2025-10-17T07:28:29.403+0000] {logging_mixin.py:154} INFO - [2025-10-17T07:28:29.403+0000] {dagbag.py:536} INFO - Filling up the DagBag from /home/airflow/.local/lib/python3.8/site-packages/airflow/example_dags/tutorial_dag.py
[2025-10-17T07:28:29.408+0000] {processor.py:839} INFO - DAG(s) dict_keys(['tutorial_dag']) retrieved from /home/airflow/.local/lib/python3.8/site-packages/airflow/example_dags/tutorial_dag.py
[2025-10-17T07:28:29.428+0000] {logging_mixin.py:154} INFO - [2025-10-17T07:28:29.427+0000] {dag.py:2941} INFO - Sync 1 DAGs
[2025-10-17T07:28:29.438+0000] {logging_mixin.py:154} INFO - [2025-10-17T07:28:29.438+0000] {dag.py:3722} INFO - Setting next_dagrun for tutorial_dag to None, run_after=None
[2025-10-17T07:28:29.454+0000] {processor.py:179} INFO - Processing /home/airflow/.local/lib/python3.8/site-packages/airflow/example_dags/tutorial_dag.py took 0.056 seconds
[2025-10-17T07:29:00.172+0000] {processor.py:157} INFO - Started process (PID=1623) to work on /home/airflow/.local/lib/python3.8/site-packages/airflow/example_dags/tutorial_dag.py
[2025-10-17T07:29:00.173+0000] {processor.py:829} INFO - Processing file /home/airflow/.local/lib/python3.8/site-packages/airflow/example_dags/tutorial_dag.py for tasks to queue
[2025-10-17T07:29:00.174+0000] {logging_mixin.py:154} INFO - [2025-10-17T07:29:00.174+0000] {dagbag.py:536} INFO - Filling up the DagBag from /home/airflow/.local/lib/python3.8/site-packages/airflow/example_dags/tutorial_dag.py
[2025-10-17T07:29:00.182+0000] {processor.py:839} INFO - DAG(s) dict_keys(['tutorial_dag']) retrieved from /home/airflow/.local/lib/python3.8/site-packages/airflow/example_dags/tutorial_dag.py
[2025-10-17T07:29:00.208+0000] {logging_mixin.py:154} INFO - [2025-10-17T07:29:00.208+0000] {dag.py:2941} INFO - Sync 1 DAGs
[2025-10-17T07:29:00.223+0000] {logging_mixin.py:154} INFO - [2025-10-17T07:29:00.223+0000] {dag.py:3722} INFO - Setting next_dagrun for tutorial_dag to None, run_after=None
[2025-10-17T07:29:00.242+0000] {processor.py:179} INFO - Processing /home/airflow/.local/lib/python3.8/site-packages/airflow/example_dags/tutorial_dag.py took 0.073 seconds
[2025-10-17T07:30:26.702+0000] {processor.py:157} INFO - Started process (PID=107) to work on /home/airflow/.local/lib/python3.8/site-packages/airflow/example_dags/tutorial_dag.py
[2025-10-17T07:30:26.704+0000] {processor.py:829} INFO - Processing file /home/airflow/.local/lib/python3.8/site-packages/airflow/example_dags/tutorial_dag.py for tasks to queue
[2025-10-17T07:30:26.709+0000] {logging_mixin.py:154} INFO - [2025-10-17T07:30:26.708+0000] {dagbag.py:536} INFO - Filling up the DagBag from /home/airflow/.local/lib/python3.8/site-packages/airflow/example_dags/tutorial_dag.py
[2025-10-17T07:30:26.723+0000] {processor.py:839} INFO - DAG(s) dict_keys(['tutorial_dag']) retrieved from /home/airflow/.local/lib/python3.8/site-packages/airflow/example_dags/tutorial_dag.py
[2025-10-17T07:30:26.905+0000] {logging_mixin.py:154} INFO - [2025-10-17T07:30:26.905+0000] {manager.py:499} INFO - Created Permission View: %s
[2025-10-17T07:30:26.928+0000] {logging_mixin.py:154} INFO - [2025-10-17T07:30:26.927+0000] {manager.py:499} INFO - Created Permission View: %s
[2025-10-17T07:30:26.943+0000] {logging_mixin.py:154} INFO - [2025-10-17T07:30:26.943+0000] {manager.py:499} INFO - Created Permission View: %s
[2025-10-17T07:30:26.944+0000] {logging_mixin.py:154} INFO - [2025-10-17T07:30:26.944+0000] {dag.py:2941} INFO - Sync 1 DAGs
[2025-10-17T07:30:26.965+0000] {logging_mixin.py:154} INFO - [2025-10-17T07:30:26.965+0000] {dag.py:2963} INFO - Creating ORM DAG for tutorial_dag
[2025-10-17T07:30:26.966+0000] {logging_mixin.py:154} INFO - [2025-10-17T07:30:26.966+0000] {dag.py:3722} INFO - Setting next_dagrun for tutorial_dag to None, run_after=None
[2025-10-17T07:30:27.005+0000] {processor.py:179} INFO - Processing /home/airflow/.local/lib/python3.8/site-packages/airflow/example_dags/tutorial_dag.py took 0.309 seconds
[2025-10-17T07:30:57.332+0000] {processor.py:157} INFO - Started process (PID=163) to work on /home/airflow/.local/lib/python3.8/site-packages/airflow/example_dags/tutorial_dag.py
[2025-10-17T07:30:57.334+0000] {processor.py:829} INFO - Processing file /home/airflow/.local/lib/python3.8/site-packages/airflow/example_dags/tutorial_dag.py for tasks to queue
[2025-10-17T07:30:57.338+0000] {logging_mixin.py:154} INFO - [2025-10-17T07:30:57.337+0000] {dagbag.py:536} INFO - Filling up the DagBag from /home/airflow/.local/lib/python3.8/site-packages/airflow/example_dags/tutorial_dag.py
[2025-10-17T07:30:57.347+0000] {processor.py:839} INFO - DAG(s) dict_keys(['tutorial_dag']) retrieved from /home/airflow/.local/lib/python3.8/site-packages/airflow/example_dags/tutorial_dag.py
[2025-10-17T07:30:57.384+0000] {logging_mixin.py:154} INFO - [2025-10-17T07:30:57.384+0000] {dag.py:2941} INFO - Sync 1 DAGs
[2025-10-17T07:30:57.405+0000] {logging_mixin.py:154} INFO - [2025-10-17T07:30:57.405+0000] {dag.py:3722} INFO - Setting next_dagrun for tutorial_dag to None, run_after=None
[2025-10-17T07:30:57.442+0000] {processor.py:179} INFO - Processing /home/airflow/.local/lib/python3.8/site-packages/airflow/example_dags/tutorial_dag.py took 0.116 seconds
[2025-10-17T07:31:27.478+0000] {processor.py:157} INFO - Started process (PID=218) to work on /home/airflow/.local/lib/python3.8/site-packages/airflow/example_dags/tutorial_dag.py
[2025-10-17T07:31:27.479+0000] {processor.py:829} INFO - Processing file /home/airflow/.local/lib/python3.8/site-packages/airflow/example_dags/tutorial_dag.py for tasks to queue
[2025-10-17T07:31:27.481+0000] {logging_mixin.py:154} INFO - [2025-10-17T07:31:27.481+0000] {dagbag.py:536} INFO - Filling up the DagBag from /home/airflow/.local/lib/python3.8/site-packages/airflow/example_dags/tutorial_dag.py
[2025-10-17T07:31:27.486+0000] {processor.py:839} INFO - DAG(s) dict_keys(['tutorial_dag']) retrieved from /home/airflow/.local/lib/python3.8/site-packages/airflow/example_dags/tutorial_dag.py
[2025-10-17T07:31:27.505+0000] {logging_mixin.py:154} INFO - [2025-10-17T07:31:27.505+0000] {dag.py:2941} INFO - Sync 1 DAGs
[2025-10-17T07:31:27.521+0000] {logging_mixin.py:154} INFO - [2025-10-17T07:31:27.521+0000] {dag.py:3722} INFO - Setting next_dagrun for tutorial_dag to None, run_after=None
[2025-10-17T07:31:27.537+0000] {processor.py:179} INFO - Processing /home/airflow/.local/lib/python3.8/site-packages/airflow/example_dags/tutorial_dag.py took 0.062 seconds
[2025-10-17T07:31:57.922+0000] {processor.py:157} INFO - Started process (PID=275) to work on /home/airflow/.local/lib/python3.8/site-packages/airflow/example_dags/tutorial_dag.py
[2025-10-17T07:31:57.923+0000] {processor.py:829} INFO - Processing file /home/airflow/.local/lib/python3.8/site-packages/airflow/example_dags/tutorial_dag.py for tasks to queue
[2025-10-17T07:31:57.925+0000] {logging_mixin.py:154} INFO - [2025-10-17T07:31:57.925+0000] {dagbag.py:536} INFO - Filling up the DagBag from /home/airflow/.local/lib/python3.8/site-packages/airflow/example_dags/tutorial_dag.py
[2025-10-17T07:31:57.930+0000] {processor.py:839} INFO - DAG(s) dict_keys(['tutorial_dag']) retrieved from /home/airflow/.local/lib/python3.8/site-packages/airflow/example_dags/tutorial_dag.py
[2025-10-17T07:31:57.948+0000] {logging_mixin.py:154} INFO - [2025-10-17T07:31:57.948+0000] {dag.py:2941} INFO - Sync 1 DAGs
[2025-10-17T07:31:57.959+0000] {logging_mixin.py:154} INFO - [2025-10-17T07:31:57.959+0000] {dag.py:3722} INFO - Setting next_dagrun for tutorial_dag to None, run_after=None
[2025-10-17T07:31:57.976+0000] {processor.py:179} INFO - Processing /home/airflow/.local/lib/python3.8/site-packages/airflow/example_dags/tutorial_dag.py took 0.058 seconds
[2025-10-17T07:32:28.188+0000] {processor.py:157} INFO - Started process (PID=335) to work on /home/airflow/.local/lib/python3.8/site-packages/airflow/example_dags/tutorial_dag.py
[2025-10-17T07:32:28.189+0000] {processor.py:829} INFO - Processing file /home/airflow/.local/lib/python3.8/site-packages/airflow/example_dags/tutorial_dag.py for tasks to queue
[2025-10-17T07:32:28.191+0000] {logging_mixin.py:154} INFO - [2025-10-17T07:32:28.191+0000] {dagbag.py:536} INFO - Filling up the DagBag from /home/airflow/.local/lib/python3.8/site-packages/airflow/example_dags/tutorial_dag.py
[2025-10-17T07:32:28.197+0000] {processor.py:839} INFO - DAG(s) dict_keys(['tutorial_dag']) retrieved from /home/airflow/.local/lib/python3.8/site-packages/airflow/example_dags/tutorial_dag.py
[2025-10-17T07:32:28.221+0000] {logging_mixin.py:154} INFO - [2025-10-17T07:32:28.221+0000] {dag.py:2941} INFO - Sync 1 DAGs
[2025-10-17T07:32:28.233+0000] {logging_mixin.py:154} INFO - [2025-10-17T07:32:28.232+0000] {dag.py:3722} INFO - Setting next_dagrun for tutorial_dag to None, run_after=None
[2025-10-17T07:32:28.252+0000] {processor.py:179} INFO - Processing /home/airflow/.local/lib/python3.8/site-packages/airflow/example_dags/tutorial_dag.py took 0.067 seconds
[2025-10-17T07:35:46.782+0000] {processor.py:157} INFO - Started process (PID=103) to work on /home/airflow/.local/lib/python3.8/site-packages/airflow/example_dags/tutorial_dag.py
[2025-10-17T07:35:46.783+0000] {processor.py:829} INFO - Processing file /home/airflow/.local/lib/python3.8/site-packages/airflow/example_dags/tutorial_dag.py for tasks to queue
[2025-10-17T07:35:46.786+0000] {logging_mixin.py:154} INFO - [2025-10-17T07:35:46.786+0000] {dagbag.py:536} INFO - Filling up the DagBag from /home/airflow/.local/lib/python3.8/site-packages/airflow/example_dags/tutorial_dag.py
[2025-10-17T07:35:46.797+0000] {processor.py:839} INFO - DAG(s) dict_keys(['tutorial_dag']) retrieved from /home/airflow/.local/lib/python3.8/site-packages/airflow/example_dags/tutorial_dag.py
[2025-10-17T07:35:46.905+0000] {logging_mixin.py:154} INFO - [2025-10-17T07:35:46.905+0000] {manager.py:499} INFO - Created Permission View: %s
[2025-10-17T07:35:46.914+0000] {logging_mixin.py:154} INFO - [2025-10-17T07:35:46.914+0000] {manager.py:499} INFO - Created Permission View: %s
[2025-10-17T07:35:46.920+0000] {logging_mixin.py:154} INFO - [2025-10-17T07:35:46.920+0000] {manager.py:499} INFO - Created Permission View: %s
[2025-10-17T07:35:46.921+0000] {logging_mixin.py:154} INFO - [2025-10-17T07:35:46.921+0000] {dag.py:2941} INFO - Sync 1 DAGs
[2025-10-17T07:35:46.930+0000] {logging_mixin.py:154} INFO - [2025-10-17T07:35:46.930+0000] {dag.py:2963} INFO - Creating ORM DAG for tutorial_dag
[2025-10-17T07:35:46.930+0000] {logging_mixin.py:154} INFO - [2025-10-17T07:35:46.930+0000] {dag.py:3722} INFO - Setting next_dagrun for tutorial_dag to None, run_after=None
[2025-10-17T07:35:46.945+0000] {processor.py:179} INFO - Processing /home/airflow/.local/lib/python3.8/site-packages/airflow/example_dags/tutorial_dag.py took 0.168 seconds
[2025-10-17T07:36:17.306+0000] {processor.py:157} INFO - Started process (PID=159) to work on /home/airflow/.local/lib/python3.8/site-packages/airflow/example_dags/tutorial_dag.py
[2025-10-17T07:36:17.308+0000] {processor.py:829} INFO - Processing file /home/airflow/.local/lib/python3.8/site-packages/airflow/example_dags/tutorial_dag.py for tasks to queue
[2025-10-17T07:36:17.310+0000] {logging_mixin.py:154} INFO - [2025-10-17T07:36:17.309+0000] {dagbag.py:536} INFO - Filling up the DagBag from /home/airflow/.local/lib/python3.8/site-packages/airflow/example_dags/tutorial_dag.py
[2025-10-17T07:36:17.315+0000] {processor.py:839} INFO - DAG(s) dict_keys(['tutorial_dag']) retrieved from /home/airflow/.local/lib/python3.8/site-packages/airflow/example_dags/tutorial_dag.py
[2025-10-17T07:36:17.333+0000] {logging_mixin.py:154} INFO - [2025-10-17T07:36:17.333+0000] {dag.py:2941} INFO - Sync 1 DAGs
[2025-10-17T07:36:17.344+0000] {logging_mixin.py:154} INFO - [2025-10-17T07:36:17.344+0000] {dag.py:3722} INFO - Setting next_dagrun for tutorial_dag to None, run_after=None
[2025-10-17T07:36:17.364+0000] {processor.py:179} INFO - Processing /home/airflow/.local/lib/python3.8/site-packages/airflow/example_dags/tutorial_dag.py took 0.060 seconds
[2025-10-17T07:36:47.775+0000] {processor.py:157} INFO - Started process (PID=215) to work on /home/airflow/.local/lib/python3.8/site-packages/airflow/example_dags/tutorial_dag.py
[2025-10-17T07:36:47.776+0000] {processor.py:829} INFO - Processing file /home/airflow/.local/lib/python3.8/site-packages/airflow/example_dags/tutorial_dag.py for tasks to queue
[2025-10-17T07:36:47.778+0000] {logging_mixin.py:154} INFO - [2025-10-17T07:36:47.778+0000] {dagbag.py:536} INFO - Filling up the DagBag from /home/airflow/.local/lib/python3.8/site-packages/airflow/example_dags/tutorial_dag.py
[2025-10-17T07:36:47.783+0000] {processor.py:839} INFO - DAG(s) dict_keys(['tutorial_dag']) retrieved from /home/airflow/.local/lib/python3.8/site-packages/airflow/example_dags/tutorial_dag.py
[2025-10-17T07:36:47.803+0000] {logging_mixin.py:154} INFO - [2025-10-17T07:36:47.802+0000] {dag.py:2941} INFO - Sync 1 DAGs
[2025-10-17T07:36:47.814+0000] {logging_mixin.py:154} INFO - [2025-10-17T07:36:47.814+0000] {dag.py:3722} INFO - Setting next_dagrun for tutorial_dag to None, run_after=None
[2025-10-17T07:36:47.833+0000] {processor.py:179} INFO - Processing /home/airflow/.local/lib/python3.8/site-packages/airflow/example_dags/tutorial_dag.py took 0.061 seconds
[2025-10-17T07:37:18.279+0000] {processor.py:157} INFO - Started process (PID=271) to work on /home/airflow/.local/lib/python3.8/site-packages/airflow/example_dags/tutorial_dag.py
[2025-10-17T07:37:18.280+0000] {processor.py:829} INFO - Processing file /home/airflow/.local/lib/python3.8/site-packages/airflow/example_dags/tutorial_dag.py for tasks to queue
[2025-10-17T07:37:18.283+0000] {logging_mixin.py:154} INFO - [2025-10-17T07:37:18.283+0000] {dagbag.py:536} INFO - Filling up the DagBag from /home/airflow/.local/lib/python3.8/site-packages/airflow/example_dags/tutorial_dag.py
[2025-10-17T07:37:18.289+0000] {processor.py:839} INFO - DAG(s) dict_keys(['tutorial_dag']) retrieved from /home/airflow/.local/lib/python3.8/site-packages/airflow/example_dags/tutorial_dag.py
[2025-10-17T07:37:18.311+0000] {logging_mixin.py:154} INFO - [2025-10-17T07:37:18.311+0000] {dag.py:2941} INFO - Sync 1 DAGs
[2025-10-17T07:37:18.323+0000] {logging_mixin.py:154} INFO - [2025-10-17T07:37:18.322+0000] {dag.py:3722} INFO - Setting next_dagrun for tutorial_dag to None, run_after=None
[2025-10-17T07:37:18.339+0000] {processor.py:179} INFO - Processing /home/airflow/.local/lib/python3.8/site-packages/airflow/example_dags/tutorial_dag.py took 0.063 seconds
[2025-10-17T07:38:48.373+0000] {processor.py:157} INFO - Started process (PID=104) to work on /home/airflow/.local/lib/python3.8/site-packages/airflow/example_dags/tutorial_dag.py
[2025-10-17T07:38:48.374+0000] {processor.py:829} INFO - Processing file /home/airflow/.local/lib/python3.8/site-packages/airflow/example_dags/tutorial_dag.py for tasks to queue
[2025-10-17T07:38:48.377+0000] {logging_mixin.py:154} INFO - [2025-10-17T07:38:48.376+0000] {dagbag.py:536} INFO - Filling up the DagBag from /home/airflow/.local/lib/python3.8/site-packages/airflow/example_dags/tutorial_dag.py
[2025-10-17T07:38:48.384+0000] {processor.py:839} INFO - DAG(s) dict_keys(['tutorial_dag']) retrieved from /home/airflow/.local/lib/python3.8/site-packages/airflow/example_dags/tutorial_dag.py
[2025-10-17T07:38:48.473+0000] {logging_mixin.py:154} INFO - [2025-10-17T07:38:48.473+0000] {manager.py:499} INFO - Created Permission View: %s
[2025-10-17T07:38:48.482+0000] {logging_mixin.py:154} INFO - [2025-10-17T07:38:48.482+0000] {manager.py:499} INFO - Created Permission View: %s
[2025-10-17T07:38:48.488+0000] {logging_mixin.py:154} INFO - [2025-10-17T07:38:48.488+0000] {manager.py:499} INFO - Created Permission View: %s
[2025-10-17T07:38:48.488+0000] {logging_mixin.py:154} INFO - [2025-10-17T07:38:48.488+0000] {dag.py:2941} INFO - Sync 1 DAGs
[2025-10-17T07:38:48.497+0000] {logging_mixin.py:154} INFO - [2025-10-17T07:38:48.497+0000] {dag.py:2963} INFO - Creating ORM DAG for tutorial_dag
[2025-10-17T07:38:48.498+0000] {logging_mixin.py:154} INFO - [2025-10-17T07:38:48.498+0000] {dag.py:3722} INFO - Setting next_dagrun for tutorial_dag to None, run_after=None
[2025-10-17T07:38:48.513+0000] {processor.py:179} INFO - Processing /home/airflow/.local/lib/python3.8/site-packages/airflow/example_dags/tutorial_dag.py took 0.144 seconds
[2025-10-17T07:39:18.840+0000] {processor.py:157} INFO - Started process (PID=160) to work on /home/airflow/.local/lib/python3.8/site-packages/airflow/example_dags/tutorial_dag.py
[2025-10-17T07:39:18.841+0000] {processor.py:829} INFO - Processing file /home/airflow/.local/lib/python3.8/site-packages/airflow/example_dags/tutorial_dag.py for tasks to queue
[2025-10-17T07:39:18.844+0000] {logging_mixin.py:154} INFO - [2025-10-17T07:39:18.843+0000] {dagbag.py:536} INFO - Filling up the DagBag from /home/airflow/.local/lib/python3.8/site-packages/airflow/example_dags/tutorial_dag.py
[2025-10-17T07:39:18.849+0000] {processor.py:839} INFO - DAG(s) dict_keys(['tutorial_dag']) retrieved from /home/airflow/.local/lib/python3.8/site-packages/airflow/example_dags/tutorial_dag.py
[2025-10-17T07:39:18.870+0000] {logging_mixin.py:154} INFO - [2025-10-17T07:39:18.869+0000] {dag.py:2941} INFO - Sync 1 DAGs
[2025-10-17T07:39:18.882+0000] {logging_mixin.py:154} INFO - [2025-10-17T07:39:18.881+0000] {dag.py:3722} INFO - Setting next_dagrun for tutorial_dag to None, run_after=None
[2025-10-17T07:39:18.901+0000] {processor.py:179} INFO - Processing /home/airflow/.local/lib/python3.8/site-packages/airflow/example_dags/tutorial_dag.py took 0.064 seconds
[2025-10-17T07:39:49.297+0000] {processor.py:157} INFO - Started process (PID=216) to work on /home/airflow/.local/lib/python3.8/site-packages/airflow/example_dags/tutorial_dag.py
[2025-10-17T07:39:49.299+0000] {processor.py:829} INFO - Processing file /home/airflow/.local/lib/python3.8/site-packages/airflow/example_dags/tutorial_dag.py for tasks to queue
[2025-10-17T07:39:49.301+0000] {logging_mixin.py:154} INFO - [2025-10-17T07:39:49.300+0000] {dagbag.py:536} INFO - Filling up the DagBag from /home/airflow/.local/lib/python3.8/site-packages/airflow/example_dags/tutorial_dag.py
[2025-10-17T07:39:49.306+0000] {processor.py:839} INFO - DAG(s) dict_keys(['tutorial_dag']) retrieved from /home/airflow/.local/lib/python3.8/site-packages/airflow/example_dags/tutorial_dag.py
[2025-10-17T07:39:49.327+0000] {logging_mixin.py:154} INFO - [2025-10-17T07:39:49.326+0000] {dag.py:2941} INFO - Sync 1 DAGs
[2025-10-17T07:39:49.338+0000] {logging_mixin.py:154} INFO - [2025-10-17T07:39:49.337+0000] {dag.py:3722} INFO - Setting next_dagrun for tutorial_dag to None, run_after=None
[2025-10-17T07:39:49.356+0000] {processor.py:179} INFO - Processing /home/airflow/.local/lib/python3.8/site-packages/airflow/example_dags/tutorial_dag.py took 0.063 seconds
[2025-10-17T07:40:20.347+0000] {processor.py:157} INFO - Started process (PID=272) to work on /home/airflow/.local/lib/python3.8/site-packages/airflow/example_dags/tutorial_dag.py
[2025-10-17T07:40:20.348+0000] {processor.py:829} INFO - Processing file /home/airflow/.local/lib/python3.8/site-packages/airflow/example_dags/tutorial_dag.py for tasks to queue
[2025-10-17T07:40:20.350+0000] {logging_mixin.py:154} INFO - [2025-10-17T07:40:20.350+0000] {dagbag.py:536} INFO - Filling up the DagBag from /home/airflow/.local/lib/python3.8/site-packages/airflow/example_dags/tutorial_dag.py
[2025-10-17T07:40:20.355+0000] {processor.py:839} INFO - DAG(s) dict_keys(['tutorial_dag']) retrieved from /home/airflow/.local/lib/python3.8/site-packages/airflow/example_dags/tutorial_dag.py
[2025-10-17T07:40:20.375+0000] {logging_mixin.py:154} INFO - [2025-10-17T07:40:20.374+0000] {dag.py:2941} INFO - Sync 1 DAGs
[2025-10-17T07:40:20.387+0000] {logging_mixin.py:154} INFO - [2025-10-17T07:40:20.387+0000] {dag.py:3722} INFO - Setting next_dagrun for tutorial_dag to None, run_after=None
[2025-10-17T07:40:20.404+0000] {processor.py:179} INFO - Processing /home/airflow/.local/lib/python3.8/site-packages/airflow/example_dags/tutorial_dag.py took 0.061 seconds
[2025-10-17T07:40:50.888+0000] {processor.py:157} INFO - Started process (PID=328) to work on /home/airflow/.local/lib/python3.8/site-packages/airflow/example_dags/tutorial_dag.py
[2025-10-17T07:40:50.889+0000] {processor.py:829} INFO - Processing file /home/airflow/.local/lib/python3.8/site-packages/airflow/example_dags/tutorial_dag.py for tasks to queue
[2025-10-17T07:40:50.891+0000] {logging_mixin.py:154} INFO - [2025-10-17T07:40:50.891+0000] {dagbag.py:536} INFO - Filling up the DagBag from /home/airflow/.local/lib/python3.8/site-packages/airflow/example_dags/tutorial_dag.py
[2025-10-17T07:40:50.896+0000] {processor.py:839} INFO - DAG(s) dict_keys(['tutorial_dag']) retrieved from /home/airflow/.local/lib/python3.8/site-packages/airflow/example_dags/tutorial_dag.py
[2025-10-17T07:40:50.916+0000] {logging_mixin.py:154} INFO - [2025-10-17T07:40:50.916+0000] {dag.py:2941} INFO - Sync 1 DAGs
[2025-10-17T07:40:50.926+0000] {logging_mixin.py:154} INFO - [2025-10-17T07:40:50.926+0000] {dag.py:3722} INFO - Setting next_dagrun for tutorial_dag to None, run_after=None
[2025-10-17T07:40:50.944+0000] {processor.py:179} INFO - Processing /home/airflow/.local/lib/python3.8/site-packages/airflow/example_dags/tutorial_dag.py took 0.059 seconds
[2025-10-17T07:42:31.261+0000] {processor.py:157} INFO - Started process (PID=103) to work on /home/airflow/.local/lib/python3.8/site-packages/airflow/example_dags/tutorial_dag.py
[2025-10-17T07:42:31.262+0000] {processor.py:829} INFO - Processing file /home/airflow/.local/lib/python3.8/site-packages/airflow/example_dags/tutorial_dag.py for tasks to queue
[2025-10-17T07:42:31.264+0000] {logging_mixin.py:154} INFO - [2025-10-17T07:42:31.264+0000] {dagbag.py:536} INFO - Filling up the DagBag from /home/airflow/.local/lib/python3.8/site-packages/airflow/example_dags/tutorial_dag.py
[2025-10-17T07:42:31.271+0000] {processor.py:839} INFO - DAG(s) dict_keys(['tutorial_dag']) retrieved from /home/airflow/.local/lib/python3.8/site-packages/airflow/example_dags/tutorial_dag.py
[2025-10-17T07:42:31.367+0000] {logging_mixin.py:154} INFO - [2025-10-17T07:42:31.367+0000] {manager.py:499} INFO - Created Permission View: %s
[2025-10-17T07:42:31.381+0000] {logging_mixin.py:154} INFO - [2025-10-17T07:42:31.380+0000] {manager.py:499} INFO - Created Permission View: %s
[2025-10-17T07:42:31.388+0000] {logging_mixin.py:154} INFO - [2025-10-17T07:42:31.388+0000] {manager.py:499} INFO - Created Permission View: %s
[2025-10-17T07:42:31.388+0000] {logging_mixin.py:154} INFO - [2025-10-17T07:42:31.388+0000] {dag.py:2941} INFO - Sync 1 DAGs
[2025-10-17T07:42:31.397+0000] {logging_mixin.py:154} INFO - [2025-10-17T07:42:31.397+0000] {dag.py:2963} INFO - Creating ORM DAG for tutorial_dag
[2025-10-17T07:42:31.398+0000] {logging_mixin.py:154} INFO - [2025-10-17T07:42:31.398+0000] {dag.py:3722} INFO - Setting next_dagrun for tutorial_dag to None, run_after=None
[2025-10-17T07:42:31.415+0000] {processor.py:179} INFO - Processing /home/airflow/.local/lib/python3.8/site-packages/airflow/example_dags/tutorial_dag.py took 0.160 seconds
[2025-10-17T07:43:02.374+0000] {processor.py:157} INFO - Started process (PID=159) to work on /home/airflow/.local/lib/python3.8/site-packages/airflow/example_dags/tutorial_dag.py
[2025-10-17T07:43:02.375+0000] {processor.py:829} INFO - Processing file /home/airflow/.local/lib/python3.8/site-packages/airflow/example_dags/tutorial_dag.py for tasks to queue
[2025-10-17T07:43:02.377+0000] {logging_mixin.py:154} INFO - [2025-10-17T07:43:02.377+0000] {dagbag.py:536} INFO - Filling up the DagBag from /home/airflow/.local/lib/python3.8/site-packages/airflow/example_dags/tutorial_dag.py
[2025-10-17T07:43:02.382+0000] {processor.py:839} INFO - DAG(s) dict_keys(['tutorial_dag']) retrieved from /home/airflow/.local/lib/python3.8/site-packages/airflow/example_dags/tutorial_dag.py
[2025-10-17T07:43:02.399+0000] {logging_mixin.py:154} INFO - [2025-10-17T07:43:02.399+0000] {dag.py:2941} INFO - Sync 1 DAGs
[2025-10-17T07:43:02.409+0000] {logging_mixin.py:154} INFO - [2025-10-17T07:43:02.409+0000] {dag.py:3722} INFO - Setting next_dagrun for tutorial_dag to None, run_after=None
[2025-10-17T07:43:02.425+0000] {processor.py:179} INFO - Processing /home/airflow/.local/lib/python3.8/site-packages/airflow/example_dags/tutorial_dag.py took 0.054 seconds
[2025-10-17T07:44:37.903+0000] {processor.py:157} INFO - Started process (PID=88) to work on /home/airflow/.local/lib/python3.8/site-packages/airflow/example_dags/tutorial_dag.py
[2025-10-17T07:44:37.904+0000] {processor.py:829} INFO - Processing file /home/airflow/.local/lib/python3.8/site-packages/airflow/example_dags/tutorial_dag.py for tasks to queue
[2025-10-17T07:44:37.906+0000] {logging_mixin.py:154} INFO - [2025-10-17T07:44:37.906+0000] {dagbag.py:536} INFO - Filling up the DagBag from /home/airflow/.local/lib/python3.8/site-packages/airflow/example_dags/tutorial_dag.py
[2025-10-17T07:44:37.912+0000] {processor.py:839} INFO - DAG(s) dict_keys(['tutorial_dag']) retrieved from /home/airflow/.local/lib/python3.8/site-packages/airflow/example_dags/tutorial_dag.py
[2025-10-17T07:44:38.006+0000] {logging_mixin.py:154} INFO - [2025-10-17T07:44:38.005+0000] {manager.py:499} INFO - Created Permission View: %s
[2025-10-17T07:44:38.016+0000] {logging_mixin.py:154} INFO - [2025-10-17T07:44:38.016+0000] {manager.py:499} INFO - Created Permission View: %s
[2025-10-17T07:44:38.024+0000] {logging_mixin.py:154} INFO - [2025-10-17T07:44:38.024+0000] {manager.py:499} INFO - Created Permission View: %s
[2025-10-17T07:44:38.025+0000] {logging_mixin.py:154} INFO - [2025-10-17T07:44:38.025+0000] {dag.py:2941} INFO - Sync 1 DAGs
[2025-10-17T07:44:38.040+0000] {logging_mixin.py:154} INFO - [2025-10-17T07:44:38.040+0000] {dag.py:2963} INFO - Creating ORM DAG for tutorial_dag
[2025-10-17T07:44:38.041+0000] {logging_mixin.py:154} INFO - [2025-10-17T07:44:38.040+0000] {dag.py:3722} INFO - Setting next_dagrun for tutorial_dag to None, run_after=None
[2025-10-17T07:44:38.061+0000] {processor.py:179} INFO - Processing /home/airflow/.local/lib/python3.8/site-packages/airflow/example_dags/tutorial_dag.py took 0.162 seconds
[2025-10-17T07:45:08.091+0000] {processor.py:157} INFO - Started process (PID=144) to work on /home/airflow/.local/lib/python3.8/site-packages/airflow/example_dags/tutorial_dag.py
[2025-10-17T07:45:08.092+0000] {processor.py:829} INFO - Processing file /home/airflow/.local/lib/python3.8/site-packages/airflow/example_dags/tutorial_dag.py for tasks to queue
[2025-10-17T07:45:08.094+0000] {logging_mixin.py:154} INFO - [2025-10-17T07:45:08.093+0000] {dagbag.py:536} INFO - Filling up the DagBag from /home/airflow/.local/lib/python3.8/site-packages/airflow/example_dags/tutorial_dag.py
[2025-10-17T07:45:08.098+0000] {processor.py:839} INFO - DAG(s) dict_keys(['tutorial_dag']) retrieved from /home/airflow/.local/lib/python3.8/site-packages/airflow/example_dags/tutorial_dag.py
[2025-10-17T07:45:08.118+0000] {logging_mixin.py:154} INFO - [2025-10-17T07:45:08.118+0000] {dag.py:2941} INFO - Sync 1 DAGs
[2025-10-17T07:45:08.131+0000] {logging_mixin.py:154} INFO - [2025-10-17T07:45:08.131+0000] {dag.py:3722} INFO - Setting next_dagrun for tutorial_dag to None, run_after=None
[2025-10-17T07:45:08.150+0000] {processor.py:179} INFO - Processing /home/airflow/.local/lib/python3.8/site-packages/airflow/example_dags/tutorial_dag.py took 0.063 seconds
[2025-10-17T07:46:23.101+0000] {processor.py:157} INFO - Started process (PID=103) to work on /home/airflow/.local/lib/python3.8/site-packages/airflow/example_dags/tutorial_dag.py
[2025-10-17T07:46:23.103+0000] {processor.py:829} INFO - Processing file /home/airflow/.local/lib/python3.8/site-packages/airflow/example_dags/tutorial_dag.py for tasks to queue
[2025-10-17T07:46:23.105+0000] {logging_mixin.py:154} INFO - [2025-10-17T07:46:23.105+0000] {dagbag.py:536} INFO - Filling up the DagBag from /home/airflow/.local/lib/python3.8/site-packages/airflow/example_dags/tutorial_dag.py
[2025-10-17T07:46:23.112+0000] {processor.py:839} INFO - DAG(s) dict_keys(['tutorial_dag']) retrieved from /home/airflow/.local/lib/python3.8/site-packages/airflow/example_dags/tutorial_dag.py
[2025-10-17T07:46:23.207+0000] {logging_mixin.py:154} INFO - [2025-10-17T07:46:23.207+0000] {manager.py:499} INFO - Created Permission View: %s
[2025-10-17T07:46:23.217+0000] {logging_mixin.py:154} INFO - [2025-10-17T07:46:23.216+0000] {manager.py:499} INFO - Created Permission View: %s
[2025-10-17T07:46:23.224+0000] {logging_mixin.py:154} INFO - [2025-10-17T07:46:23.224+0000] {manager.py:499} INFO - Created Permission View: %s
[2025-10-17T07:46:23.224+0000] {logging_mixin.py:154} INFO - [2025-10-17T07:46:23.224+0000] {dag.py:2941} INFO - Sync 1 DAGs
[2025-10-17T07:46:23.234+0000] {logging_mixin.py:154} INFO - [2025-10-17T07:46:23.233+0000] {dag.py:2963} INFO - Creating ORM DAG for tutorial_dag
[2025-10-17T07:46:23.234+0000] {logging_mixin.py:154} INFO - [2025-10-17T07:46:23.234+0000] {dag.py:3722} INFO - Setting next_dagrun for tutorial_dag to None, run_after=None
[2025-10-17T07:46:23.252+0000] {processor.py:179} INFO - Processing /home/airflow/.local/lib/python3.8/site-packages/airflow/example_dags/tutorial_dag.py took 0.154 seconds
[2025-10-17T07:46:53.898+0000] {processor.py:157} INFO - Started process (PID=159) to work on /home/airflow/.local/lib/python3.8/site-packages/airflow/example_dags/tutorial_dag.py
[2025-10-17T07:46:53.899+0000] {processor.py:829} INFO - Processing file /home/airflow/.local/lib/python3.8/site-packages/airflow/example_dags/tutorial_dag.py for tasks to queue
[2025-10-17T07:46:53.902+0000] {logging_mixin.py:154} INFO - [2025-10-17T07:46:53.902+0000] {dagbag.py:536} INFO - Filling up the DagBag from /home/airflow/.local/lib/python3.8/site-packages/airflow/example_dags/tutorial_dag.py
[2025-10-17T07:46:53.910+0000] {processor.py:839} INFO - DAG(s) dict_keys(['tutorial_dag']) retrieved from /home/airflow/.local/lib/python3.8/site-packages/airflow/example_dags/tutorial_dag.py
[2025-10-17T07:46:53.934+0000] {logging_mixin.py:154} INFO - [2025-10-17T07:46:53.934+0000] {dag.py:2941} INFO - Sync 1 DAGs
[2025-10-17T07:46:53.947+0000] {logging_mixin.py:154} INFO - [2025-10-17T07:46:53.947+0000] {dag.py:3722} INFO - Setting next_dagrun for tutorial_dag to None, run_after=None
[2025-10-17T07:46:53.971+0000] {processor.py:179} INFO - Processing /home/airflow/.local/lib/python3.8/site-packages/airflow/example_dags/tutorial_dag.py took 0.076 seconds
[2025-10-17T07:47:24.961+0000] {processor.py:157} INFO - Started process (PID=215) to work on /home/airflow/.local/lib/python3.8/site-packages/airflow/example_dags/tutorial_dag.py
[2025-10-17T07:47:24.962+0000] {processor.py:829} INFO - Processing file /home/airflow/.local/lib/python3.8/site-packages/airflow/example_dags/tutorial_dag.py for tasks to queue
[2025-10-17T07:47:24.964+0000] {logging_mixin.py:154} INFO - [2025-10-17T07:47:24.964+0000] {dagbag.py:536} INFO - Filling up the DagBag from /home/airflow/.local/lib/python3.8/site-packages/airflow/example_dags/tutorial_dag.py
[2025-10-17T07:47:24.970+0000] {processor.py:839} INFO - DAG(s) dict_keys(['tutorial_dag']) retrieved from /home/airflow/.local/lib/python3.8/site-packages/airflow/example_dags/tutorial_dag.py
[2025-10-17T07:47:24.991+0000] {logging_mixin.py:154} INFO - [2025-10-17T07:47:24.991+0000] {dag.py:2941} INFO - Sync 1 DAGs
[2025-10-17T07:47:25.006+0000] {logging_mixin.py:154} INFO - [2025-10-17T07:47:25.006+0000] {dag.py:3722} INFO - Setting next_dagrun for tutorial_dag to None, run_after=None
[2025-10-17T07:47:25.024+0000] {processor.py:179} INFO - Processing /home/airflow/.local/lib/python3.8/site-packages/airflow/example_dags/tutorial_dag.py took 0.066 seconds
[2025-10-17T07:47:55.391+0000] {processor.py:157} INFO - Started process (PID=271) to work on /home/airflow/.local/lib/python3.8/site-packages/airflow/example_dags/tutorial_dag.py
[2025-10-17T07:47:55.392+0000] {processor.py:829} INFO - Processing file /home/airflow/.local/lib/python3.8/site-packages/airflow/example_dags/tutorial_dag.py for tasks to queue
[2025-10-17T07:47:55.394+0000] {logging_mixin.py:154} INFO - [2025-10-17T07:47:55.394+0000] {dagbag.py:536} INFO - Filling up the DagBag from /home/airflow/.local/lib/python3.8/site-packages/airflow/example_dags/tutorial_dag.py
[2025-10-17T07:47:55.399+0000] {processor.py:839} INFO - DAG(s) dict_keys(['tutorial_dag']) retrieved from /home/airflow/.local/lib/python3.8/site-packages/airflow/example_dags/tutorial_dag.py
[2025-10-17T07:47:55.419+0000] {logging_mixin.py:154} INFO - [2025-10-17T07:47:55.419+0000] {dag.py:2941} INFO - Sync 1 DAGs
[2025-10-17T07:47:55.431+0000] {logging_mixin.py:154} INFO - [2025-10-17T07:47:55.431+0000] {dag.py:3722} INFO - Setting next_dagrun for tutorial_dag to None, run_after=None
[2025-10-17T07:47:55.446+0000] {processor.py:179} INFO - Processing /home/airflow/.local/lib/python3.8/site-packages/airflow/example_dags/tutorial_dag.py took 0.059 seconds
[2025-10-17T07:48:25.762+0000] {processor.py:157} INFO - Started process (PID=327) to work on /home/airflow/.local/lib/python3.8/site-packages/airflow/example_dags/tutorial_dag.py
[2025-10-17T07:48:25.762+0000] {processor.py:829} INFO - Processing file /home/airflow/.local/lib/python3.8/site-packages/airflow/example_dags/tutorial_dag.py for tasks to queue
[2025-10-17T07:48:25.765+0000] {logging_mixin.py:154} INFO - [2025-10-17T07:48:25.764+0000] {dagbag.py:536} INFO - Filling up the DagBag from /home/airflow/.local/lib/python3.8/site-packages/airflow/example_dags/tutorial_dag.py
[2025-10-17T07:48:25.770+0000] {processor.py:839} INFO - DAG(s) dict_keys(['tutorial_dag']) retrieved from /home/airflow/.local/lib/python3.8/site-packages/airflow/example_dags/tutorial_dag.py
[2025-10-17T07:48:25.789+0000] {logging_mixin.py:154} INFO - [2025-10-17T07:48:25.789+0000] {dag.py:2941} INFO - Sync 1 DAGs
[2025-10-17T07:48:25.799+0000] {logging_mixin.py:154} INFO - [2025-10-17T07:48:25.799+0000] {dag.py:3722} INFO - Setting next_dagrun for tutorial_dag to None, run_after=None
[2025-10-17T07:48:25.817+0000] {processor.py:179} INFO - Processing /home/airflow/.local/lib/python3.8/site-packages/airflow/example_dags/tutorial_dag.py took 0.058 seconds
[2025-10-17T07:48:56.715+0000] {processor.py:157} INFO - Started process (PID=383) to work on /home/airflow/.local/lib/python3.8/site-packages/airflow/example_dags/tutorial_dag.py
[2025-10-17T07:48:56.717+0000] {processor.py:829} INFO - Processing file /home/airflow/.local/lib/python3.8/site-packages/airflow/example_dags/tutorial_dag.py for tasks to queue
[2025-10-17T07:48:56.719+0000] {logging_mixin.py:154} INFO - [2025-10-17T07:48:56.719+0000] {dagbag.py:536} INFO - Filling up the DagBag from /home/airflow/.local/lib/python3.8/site-packages/airflow/example_dags/tutorial_dag.py
[2025-10-17T07:48:56.724+0000] {processor.py:839} INFO - DAG(s) dict_keys(['tutorial_dag']) retrieved from /home/airflow/.local/lib/python3.8/site-packages/airflow/example_dags/tutorial_dag.py
[2025-10-17T07:48:56.743+0000] {logging_mixin.py:154} INFO - [2025-10-17T07:48:56.743+0000] {dag.py:2941} INFO - Sync 1 DAGs
[2025-10-17T07:48:56.753+0000] {logging_mixin.py:154} INFO - [2025-10-17T07:48:56.753+0000] {dag.py:3722} INFO - Setting next_dagrun for tutorial_dag to None, run_after=None
[2025-10-17T07:48:56.770+0000] {processor.py:179} INFO - Processing /home/airflow/.local/lib/python3.8/site-packages/airflow/example_dags/tutorial_dag.py took 0.058 seconds
[2025-10-17T07:49:27.218+0000] {processor.py:157} INFO - Started process (PID=440) to work on /home/airflow/.local/lib/python3.8/site-packages/airflow/example_dags/tutorial_dag.py
[2025-10-17T07:49:27.219+0000] {processor.py:829} INFO - Processing file /home/airflow/.local/lib/python3.8/site-packages/airflow/example_dags/tutorial_dag.py for tasks to queue
[2025-10-17T07:49:27.221+0000] {logging_mixin.py:154} INFO - [2025-10-17T07:49:27.221+0000] {dagbag.py:536} INFO - Filling up the DagBag from /home/airflow/.local/lib/python3.8/site-packages/airflow/example_dags/tutorial_dag.py
[2025-10-17T07:49:27.226+0000] {processor.py:839} INFO - DAG(s) dict_keys(['tutorial_dag']) retrieved from /home/airflow/.local/lib/python3.8/site-packages/airflow/example_dags/tutorial_dag.py
[2025-10-17T07:49:27.244+0000] {logging_mixin.py:154} INFO - [2025-10-17T07:49:27.244+0000] {dag.py:2941} INFO - Sync 1 DAGs
[2025-10-17T07:49:27.255+0000] {logging_mixin.py:154} INFO - [2025-10-17T07:49:27.255+0000] {dag.py:3722} INFO - Setting next_dagrun for tutorial_dag to None, run_after=None
[2025-10-17T07:49:27.272+0000] {processor.py:179} INFO - Processing /home/airflow/.local/lib/python3.8/site-packages/airflow/example_dags/tutorial_dag.py took 0.058 seconds
[2025-10-17T07:49:58.006+0000] {processor.py:157} INFO - Started process (PID=495) to work on /home/airflow/.local/lib/python3.8/site-packages/airflow/example_dags/tutorial_dag.py
[2025-10-17T07:49:58.007+0000] {processor.py:829} INFO - Processing file /home/airflow/.local/lib/python3.8/site-packages/airflow/example_dags/tutorial_dag.py for tasks to queue
[2025-10-17T07:49:58.009+0000] {logging_mixin.py:154} INFO - [2025-10-17T07:49:58.009+0000] {dagbag.py:536} INFO - Filling up the DagBag from /home/airflow/.local/lib/python3.8/site-packages/airflow/example_dags/tutorial_dag.py
[2025-10-17T07:49:58.014+0000] {processor.py:839} INFO - DAG(s) dict_keys(['tutorial_dag']) retrieved from /home/airflow/.local/lib/python3.8/site-packages/airflow/example_dags/tutorial_dag.py
[2025-10-17T07:49:58.032+0000] {logging_mixin.py:154} INFO - [2025-10-17T07:49:58.032+0000] {dag.py:2941} INFO - Sync 1 DAGs
[2025-10-17T07:49:58.049+0000] {logging_mixin.py:154} INFO - [2025-10-17T07:49:58.049+0000] {dag.py:3722} INFO - Setting next_dagrun for tutorial_dag to None, run_after=None
[2025-10-17T07:49:58.069+0000] {processor.py:179} INFO - Processing /home/airflow/.local/lib/python3.8/site-packages/airflow/example_dags/tutorial_dag.py took 0.066 seconds
[2025-10-17T07:50:28.183+0000] {processor.py:157} INFO - Started process (PID=552) to work on /home/airflow/.local/lib/python3.8/site-packages/airflow/example_dags/tutorial_dag.py
[2025-10-17T07:50:28.184+0000] {processor.py:829} INFO - Processing file /home/airflow/.local/lib/python3.8/site-packages/airflow/example_dags/tutorial_dag.py for tasks to queue
[2025-10-17T07:50:28.186+0000] {logging_mixin.py:154} INFO - [2025-10-17T07:50:28.186+0000] {dagbag.py:536} INFO - Filling up the DagBag from /home/airflow/.local/lib/python3.8/site-packages/airflow/example_dags/tutorial_dag.py
[2025-10-17T07:50:28.191+0000] {processor.py:839} INFO - DAG(s) dict_keys(['tutorial_dag']) retrieved from /home/airflow/.local/lib/python3.8/site-packages/airflow/example_dags/tutorial_dag.py
[2025-10-17T07:50:28.210+0000] {logging_mixin.py:154} INFO - [2025-10-17T07:50:28.210+0000] {dag.py:2941} INFO - Sync 1 DAGs
[2025-10-17T07:50:28.220+0000] {logging_mixin.py:154} INFO - [2025-10-17T07:50:28.220+0000] {dag.py:3722} INFO - Setting next_dagrun for tutorial_dag to None, run_after=None
[2025-10-17T07:50:28.237+0000] {processor.py:179} INFO - Processing /home/airflow/.local/lib/python3.8/site-packages/airflow/example_dags/tutorial_dag.py took 0.057 seconds
[2025-10-17T07:50:58.964+0000] {processor.py:157} INFO - Started process (PID=607) to work on /home/airflow/.local/lib/python3.8/site-packages/airflow/example_dags/tutorial_dag.py
[2025-10-17T07:50:58.965+0000] {processor.py:829} INFO - Processing file /home/airflow/.local/lib/python3.8/site-packages/airflow/example_dags/tutorial_dag.py for tasks to queue
[2025-10-17T07:50:58.967+0000] {logging_mixin.py:154} INFO - [2025-10-17T07:50:58.967+0000] {dagbag.py:536} INFO - Filling up the DagBag from /home/airflow/.local/lib/python3.8/site-packages/airflow/example_dags/tutorial_dag.py
[2025-10-17T07:50:58.972+0000] {processor.py:839} INFO - DAG(s) dict_keys(['tutorial_dag']) retrieved from /home/airflow/.local/lib/python3.8/site-packages/airflow/example_dags/tutorial_dag.py
[2025-10-17T07:50:58.993+0000] {logging_mixin.py:154} INFO - [2025-10-17T07:50:58.992+0000] {dag.py:2941} INFO - Sync 1 DAGs
[2025-10-17T07:50:59.003+0000] {logging_mixin.py:154} INFO - [2025-10-17T07:50:59.003+0000] {dag.py:3722} INFO - Setting next_dagrun for tutorial_dag to None, run_after=None
[2025-10-17T07:50:59.031+0000] {processor.py:179} INFO - Processing /home/airflow/.local/lib/python3.8/site-packages/airflow/example_dags/tutorial_dag.py took 0.070 seconds
[2025-10-17T07:51:29.661+0000] {processor.py:157} INFO - Started process (PID=663) to work on /home/airflow/.local/lib/python3.8/site-packages/airflow/example_dags/tutorial_dag.py
[2025-10-17T07:51:29.663+0000] {processor.py:829} INFO - Processing file /home/airflow/.local/lib/python3.8/site-packages/airflow/example_dags/tutorial_dag.py for tasks to queue
[2025-10-17T07:51:29.665+0000] {logging_mixin.py:154} INFO - [2025-10-17T07:51:29.664+0000] {dagbag.py:536} INFO - Filling up the DagBag from /home/airflow/.local/lib/python3.8/site-packages/airflow/example_dags/tutorial_dag.py
[2025-10-17T07:51:29.670+0000] {processor.py:839} INFO - DAG(s) dict_keys(['tutorial_dag']) retrieved from /home/airflow/.local/lib/python3.8/site-packages/airflow/example_dags/tutorial_dag.py
[2025-10-17T07:51:29.688+0000] {logging_mixin.py:154} INFO - [2025-10-17T07:51:29.688+0000] {dag.py:2941} INFO - Sync 1 DAGs
[2025-10-17T07:51:29.699+0000] {logging_mixin.py:154} INFO - [2025-10-17T07:51:29.699+0000] {dag.py:3722} INFO - Setting next_dagrun for tutorial_dag to None, run_after=None
[2025-10-17T07:51:29.717+0000] {processor.py:179} INFO - Processing /home/airflow/.local/lib/python3.8/site-packages/airflow/example_dags/tutorial_dag.py took 0.059 seconds
[2025-10-17T07:52:00.268+0000] {processor.py:157} INFO - Started process (PID=719) to work on /home/airflow/.local/lib/python3.8/site-packages/airflow/example_dags/tutorial_dag.py
[2025-10-17T07:52:00.269+0000] {processor.py:829} INFO - Processing file /home/airflow/.local/lib/python3.8/site-packages/airflow/example_dags/tutorial_dag.py for tasks to queue
[2025-10-17T07:52:00.271+0000] {logging_mixin.py:154} INFO - [2025-10-17T07:52:00.271+0000] {dagbag.py:536} INFO - Filling up the DagBag from /home/airflow/.local/lib/python3.8/site-packages/airflow/example_dags/tutorial_dag.py
[2025-10-17T07:52:00.276+0000] {processor.py:839} INFO - DAG(s) dict_keys(['tutorial_dag']) retrieved from /home/airflow/.local/lib/python3.8/site-packages/airflow/example_dags/tutorial_dag.py
[2025-10-17T07:52:00.295+0000] {logging_mixin.py:154} INFO - [2025-10-17T07:52:00.295+0000] {dag.py:2941} INFO - Sync 1 DAGs
[2025-10-17T07:52:00.306+0000] {logging_mixin.py:154} INFO - [2025-10-17T07:52:00.305+0000] {dag.py:3722} INFO - Setting next_dagrun for tutorial_dag to None, run_after=None
[2025-10-17T07:52:00.322+0000] {processor.py:179} INFO - Processing /home/airflow/.local/lib/python3.8/site-packages/airflow/example_dags/tutorial_dag.py took 0.057 seconds
[2025-10-17T08:08:56.217+0000] {processor.py:157} INFO - Started process (PID=104) to work on /home/airflow/.local/lib/python3.8/site-packages/airflow/example_dags/tutorial_dag.py
[2025-10-17T08:08:56.218+0000] {processor.py:829} INFO - Processing file /home/airflow/.local/lib/python3.8/site-packages/airflow/example_dags/tutorial_dag.py for tasks to queue
[2025-10-17T08:08:56.221+0000] {logging_mixin.py:154} INFO - [2025-10-17T08:08:56.220+0000] {dagbag.py:536} INFO - Filling up the DagBag from /home/airflow/.local/lib/python3.8/site-packages/airflow/example_dags/tutorial_dag.py
[2025-10-17T08:08:56.227+0000] {processor.py:839} INFO - DAG(s) dict_keys(['tutorial_dag']) retrieved from /home/airflow/.local/lib/python3.8/site-packages/airflow/example_dags/tutorial_dag.py
[2025-10-17T08:08:56.316+0000] {logging_mixin.py:154} INFO - [2025-10-17T08:08:56.316+0000] {manager.py:499} INFO - Created Permission View: %s
[2025-10-17T08:08:56.325+0000] {logging_mixin.py:154} INFO - [2025-10-17T08:08:56.325+0000] {manager.py:499} INFO - Created Permission View: %s
[2025-10-17T08:08:56.331+0000] {logging_mixin.py:154} INFO - [2025-10-17T08:08:56.331+0000] {manager.py:499} INFO - Created Permission View: %s
[2025-10-17T08:08:56.332+0000] {logging_mixin.py:154} INFO - [2025-10-17T08:08:56.332+0000] {dag.py:2941} INFO - Sync 1 DAGs
[2025-10-17T08:08:56.341+0000] {logging_mixin.py:154} INFO - [2025-10-17T08:08:56.341+0000] {dag.py:2963} INFO - Creating ORM DAG for tutorial_dag
[2025-10-17T08:08:56.342+0000] {logging_mixin.py:154} INFO - [2025-10-17T08:08:56.341+0000] {dag.py:3722} INFO - Setting next_dagrun for tutorial_dag to None, run_after=None
[2025-10-17T08:08:56.356+0000] {processor.py:179} INFO - Processing /home/airflow/.local/lib/python3.8/site-packages/airflow/example_dags/tutorial_dag.py took 0.142 seconds
[2025-10-17T08:09:26.875+0000] {processor.py:157} INFO - Started process (PID=160) to work on /home/airflow/.local/lib/python3.8/site-packages/airflow/example_dags/tutorial_dag.py
[2025-10-17T08:09:26.876+0000] {processor.py:829} INFO - Processing file /home/airflow/.local/lib/python3.8/site-packages/airflow/example_dags/tutorial_dag.py for tasks to queue
[2025-10-17T08:09:26.878+0000] {logging_mixin.py:154} INFO - [2025-10-17T08:09:26.878+0000] {dagbag.py:536} INFO - Filling up the DagBag from /home/airflow/.local/lib/python3.8/site-packages/airflow/example_dags/tutorial_dag.py
[2025-10-17T08:09:26.883+0000] {processor.py:839} INFO - DAG(s) dict_keys(['tutorial_dag']) retrieved from /home/airflow/.local/lib/python3.8/site-packages/airflow/example_dags/tutorial_dag.py
[2025-10-17T08:09:26.902+0000] {logging_mixin.py:154} INFO - [2025-10-17T08:09:26.902+0000] {dag.py:2941} INFO - Sync 1 DAGs
[2025-10-17T08:09:26.913+0000] {logging_mixin.py:154} INFO - [2025-10-17T08:09:26.913+0000] {dag.py:3722} INFO - Setting next_dagrun for tutorial_dag to None, run_after=None
[2025-10-17T08:09:26.930+0000] {processor.py:179} INFO - Processing /home/airflow/.local/lib/python3.8/site-packages/airflow/example_dags/tutorial_dag.py took 0.058 seconds
[2025-10-17T08:09:57.058+0000] {processor.py:157} INFO - Started process (PID=216) to work on /home/airflow/.local/lib/python3.8/site-packages/airflow/example_dags/tutorial_dag.py
[2025-10-17T08:09:57.059+0000] {processor.py:829} INFO - Processing file /home/airflow/.local/lib/python3.8/site-packages/airflow/example_dags/tutorial_dag.py for tasks to queue
[2025-10-17T08:09:57.062+0000] {logging_mixin.py:154} INFO - [2025-10-17T08:09:57.061+0000] {dagbag.py:536} INFO - Filling up the DagBag from /home/airflow/.local/lib/python3.8/site-packages/airflow/example_dags/tutorial_dag.py
[2025-10-17T08:09:57.068+0000] {processor.py:839} INFO - DAG(s) dict_keys(['tutorial_dag']) retrieved from /home/airflow/.local/lib/python3.8/site-packages/airflow/example_dags/tutorial_dag.py
[2025-10-17T08:09:57.090+0000] {logging_mixin.py:154} INFO - [2025-10-17T08:09:57.090+0000] {dag.py:2941} INFO - Sync 1 DAGs
[2025-10-17T08:09:57.103+0000] {logging_mixin.py:154} INFO - [2025-10-17T08:09:57.103+0000] {dag.py:3722} INFO - Setting next_dagrun for tutorial_dag to None, run_after=None
[2025-10-17T08:09:57.126+0000] {processor.py:179} INFO - Processing /home/airflow/.local/lib/python3.8/site-packages/airflow/example_dags/tutorial_dag.py took 0.072 seconds
[2025-10-17T08:10:28.155+0000] {processor.py:157} INFO - Started process (PID=272) to work on /home/airflow/.local/lib/python3.8/site-packages/airflow/example_dags/tutorial_dag.py
[2025-10-17T08:10:28.156+0000] {processor.py:829} INFO - Processing file /home/airflow/.local/lib/python3.8/site-packages/airflow/example_dags/tutorial_dag.py for tasks to queue
[2025-10-17T08:10:28.159+0000] {logging_mixin.py:154} INFO - [2025-10-17T08:10:28.159+0000] {dagbag.py:536} INFO - Filling up the DagBag from /home/airflow/.local/lib/python3.8/site-packages/airflow/example_dags/tutorial_dag.py
[2025-10-17T08:10:28.167+0000] {processor.py:839} INFO - DAG(s) dict_keys(['tutorial_dag']) retrieved from /home/airflow/.local/lib/python3.8/site-packages/airflow/example_dags/tutorial_dag.py
[2025-10-17T08:10:28.193+0000] {logging_mixin.py:154} INFO - [2025-10-17T08:10:28.193+0000] {dag.py:2941} INFO - Sync 1 DAGs
[2025-10-17T08:10:28.210+0000] {logging_mixin.py:154} INFO - [2025-10-17T08:10:28.210+0000] {dag.py:3722} INFO - Setting next_dagrun for tutorial_dag to None, run_after=None
[2025-10-17T08:10:28.235+0000] {processor.py:179} INFO - Processing /home/airflow/.local/lib/python3.8/site-packages/airflow/example_dags/tutorial_dag.py took 0.083 seconds
[2025-10-17T08:10:58.548+0000] {processor.py:157} INFO - Started process (PID=328) to work on /home/airflow/.local/lib/python3.8/site-packages/airflow/example_dags/tutorial_dag.py
[2025-10-17T08:10:58.549+0000] {processor.py:829} INFO - Processing file /home/airflow/.local/lib/python3.8/site-packages/airflow/example_dags/tutorial_dag.py for tasks to queue
[2025-10-17T08:10:58.552+0000] {logging_mixin.py:154} INFO - [2025-10-17T08:10:58.551+0000] {dagbag.py:536} INFO - Filling up the DagBag from /home/airflow/.local/lib/python3.8/site-packages/airflow/example_dags/tutorial_dag.py
[2025-10-17T08:10:58.557+0000] {processor.py:839} INFO - DAG(s) dict_keys(['tutorial_dag']) retrieved from /home/airflow/.local/lib/python3.8/site-packages/airflow/example_dags/tutorial_dag.py
[2025-10-17T08:10:58.576+0000] {logging_mixin.py:154} INFO - [2025-10-17T08:10:58.576+0000] {dag.py:2941} INFO - Sync 1 DAGs
[2025-10-17T08:10:58.586+0000] {logging_mixin.py:154} INFO - [2025-10-17T08:10:58.586+0000] {dag.py:3722} INFO - Setting next_dagrun for tutorial_dag to None, run_after=None
[2025-10-17T08:10:58.605+0000] {processor.py:179} INFO - Processing /home/airflow/.local/lib/python3.8/site-packages/airflow/example_dags/tutorial_dag.py took 0.060 seconds
[2025-10-17T08:12:38.142+0000] {processor.py:157} INFO - Started process (PID=105) to work on /home/airflow/.local/lib/python3.8/site-packages/airflow/example_dags/tutorial_dag.py
[2025-10-17T08:12:38.144+0000] {processor.py:829} INFO - Processing file /home/airflow/.local/lib/python3.8/site-packages/airflow/example_dags/tutorial_dag.py for tasks to queue
[2025-10-17T08:12:38.146+0000] {logging_mixin.py:154} INFO - [2025-10-17T08:12:38.146+0000] {dagbag.py:536} INFO - Filling up the DagBag from /home/airflow/.local/lib/python3.8/site-packages/airflow/example_dags/tutorial_dag.py
[2025-10-17T08:12:38.156+0000] {processor.py:839} INFO - DAG(s) dict_keys(['tutorial_dag']) retrieved from /home/airflow/.local/lib/python3.8/site-packages/airflow/example_dags/tutorial_dag.py
[2025-10-17T08:12:38.325+0000] {logging_mixin.py:154} INFO - [2025-10-17T08:12:38.325+0000] {manager.py:499} INFO - Created Permission View: %s
[2025-10-17T08:12:38.337+0000] {logging_mixin.py:154} INFO - [2025-10-17T08:12:38.337+0000] {manager.py:499} INFO - Created Permission View: %s
[2025-10-17T08:12:38.346+0000] {logging_mixin.py:154} INFO - [2025-10-17T08:12:38.346+0000] {manager.py:499} INFO - Created Permission View: %s
[2025-10-17T08:12:38.346+0000] {logging_mixin.py:154} INFO - [2025-10-17T08:12:38.346+0000] {dag.py:2941} INFO - Sync 1 DAGs
[2025-10-17T08:12:38.364+0000] {logging_mixin.py:154} INFO - [2025-10-17T08:12:38.364+0000] {dag.py:2963} INFO - Creating ORM DAG for tutorial_dag
[2025-10-17T08:12:38.365+0000] {logging_mixin.py:154} INFO - [2025-10-17T08:12:38.365+0000] {dag.py:3722} INFO - Setting next_dagrun for tutorial_dag to None, run_after=None
[2025-10-17T08:12:38.388+0000] {processor.py:179} INFO - Processing /home/airflow/.local/lib/python3.8/site-packages/airflow/example_dags/tutorial_dag.py took 0.250 seconds
[2025-10-17T08:13:09.124+0000] {processor.py:157} INFO - Started process (PID=161) to work on /home/airflow/.local/lib/python3.8/site-packages/airflow/example_dags/tutorial_dag.py
[2025-10-17T08:13:09.125+0000] {processor.py:829} INFO - Processing file /home/airflow/.local/lib/python3.8/site-packages/airflow/example_dags/tutorial_dag.py for tasks to queue
[2025-10-17T08:13:09.127+0000] {logging_mixin.py:154} INFO - [2025-10-17T08:13:09.127+0000] {dagbag.py:536} INFO - Filling up the DagBag from /home/airflow/.local/lib/python3.8/site-packages/airflow/example_dags/tutorial_dag.py
[2025-10-17T08:13:09.132+0000] {processor.py:839} INFO - DAG(s) dict_keys(['tutorial_dag']) retrieved from /home/airflow/.local/lib/python3.8/site-packages/airflow/example_dags/tutorial_dag.py
[2025-10-17T08:13:09.151+0000] {logging_mixin.py:154} INFO - [2025-10-17T08:13:09.151+0000] {dag.py:2941} INFO - Sync 1 DAGs
[2025-10-17T08:13:09.162+0000] {logging_mixin.py:154} INFO - [2025-10-17T08:13:09.162+0000] {dag.py:3722} INFO - Setting next_dagrun for tutorial_dag to None, run_after=None
[2025-10-17T08:13:09.179+0000] {processor.py:179} INFO - Processing /home/airflow/.local/lib/python3.8/site-packages/airflow/example_dags/tutorial_dag.py took 0.058 seconds
[2025-10-17T08:13:39.639+0000] {processor.py:157} INFO - Started process (PID=217) to work on /home/airflow/.local/lib/python3.8/site-packages/airflow/example_dags/tutorial_dag.py
[2025-10-17T08:13:39.639+0000] {processor.py:829} INFO - Processing file /home/airflow/.local/lib/python3.8/site-packages/airflow/example_dags/tutorial_dag.py for tasks to queue
[2025-10-17T08:13:39.642+0000] {logging_mixin.py:154} INFO - [2025-10-17T08:13:39.641+0000] {dagbag.py:536} INFO - Filling up the DagBag from /home/airflow/.local/lib/python3.8/site-packages/airflow/example_dags/tutorial_dag.py
[2025-10-17T08:13:39.646+0000] {processor.py:839} INFO - DAG(s) dict_keys(['tutorial_dag']) retrieved from /home/airflow/.local/lib/python3.8/site-packages/airflow/example_dags/tutorial_dag.py
[2025-10-17T08:13:39.667+0000] {logging_mixin.py:154} INFO - [2025-10-17T08:13:39.667+0000] {dag.py:2941} INFO - Sync 1 DAGs
[2025-10-17T08:13:39.678+0000] {logging_mixin.py:154} INFO - [2025-10-17T08:13:39.677+0000] {dag.py:3722} INFO - Setting next_dagrun for tutorial_dag to None, run_after=None
[2025-10-17T08:13:39.698+0000] {processor.py:179} INFO - Processing /home/airflow/.local/lib/python3.8/site-packages/airflow/example_dags/tutorial_dag.py took 0.063 seconds
