[2025-10-17T07:19:47.832+0000] {processor.py:157} INFO - Started process (PID=585) to work on /home/airflow/.local/lib/python3.8/site-packages/airflow/example_dags/tutorial_taskflow_api_virtualenv.py
[2025-10-17T07:19:47.833+0000] {processor.py:829} INFO - Processing file /home/airflow/.local/lib/python3.8/site-packages/airflow/example_dags/tutorial_taskflow_api_virtualenv.py for tasks to queue
[2025-10-17T07:19:47.841+0000] {logging_mixin.py:154} INFO - [2025-10-17T07:19:47.840+0000] {dagbag.py:536} INFO - Filling up the DagBag from /home/airflow/.local/lib/python3.8/site-packages/airflow/example_dags/tutorial_taskflow_api_virtualenv.py
[2025-10-17T07:19:47.861+0000] {processor.py:839} INFO - DAG(s) dict_keys(['tutorial_taskflow_api_virtualenv']) retrieved from /home/airflow/.local/lib/python3.8/site-packages/airflow/example_dags/tutorial_taskflow_api_virtualenv.py
[2025-10-17T07:19:47.915+0000] {logging_mixin.py:154} INFO - [2025-10-17T07:19:47.914+0000] {dag.py:2941} INFO - Sync 1 DAGs
[2025-10-17T07:19:47.939+0000] {logging_mixin.py:154} INFO - [2025-10-17T07:19:47.938+0000] {dag.py:3722} INFO - Setting next_dagrun for tutorial_taskflow_api_virtualenv to None, run_after=None
[2025-10-17T07:19:47.985+0000] {processor.py:179} INFO - Processing /home/airflow/.local/lib/python3.8/site-packages/airflow/example_dags/tutorial_taskflow_api_virtualenv.py took 0.159 seconds
[2025-10-17T07:20:18.070+0000] {processor.py:157} INFO - Started process (PID=641) to work on /home/airflow/.local/lib/python3.8/site-packages/airflow/example_dags/tutorial_taskflow_api_virtualenv.py
[2025-10-17T07:20:18.072+0000] {processor.py:829} INFO - Processing file /home/airflow/.local/lib/python3.8/site-packages/airflow/example_dags/tutorial_taskflow_api_virtualenv.py for tasks to queue
[2025-10-17T07:20:18.073+0000] {logging_mixin.py:154} INFO - [2025-10-17T07:20:18.073+0000] {dagbag.py:536} INFO - Filling up the DagBag from /home/airflow/.local/lib/python3.8/site-packages/airflow/example_dags/tutorial_taskflow_api_virtualenv.py
[2025-10-17T07:20:18.080+0000] {processor.py:839} INFO - DAG(s) dict_keys(['tutorial_taskflow_api_virtualenv']) retrieved from /home/airflow/.local/lib/python3.8/site-packages/airflow/example_dags/tutorial_taskflow_api_virtualenv.py
[2025-10-17T07:20:18.104+0000] {logging_mixin.py:154} INFO - [2025-10-17T07:20:18.103+0000] {dag.py:2941} INFO - Sync 1 DAGs
[2025-10-17T07:20:18.115+0000] {logging_mixin.py:154} INFO - [2025-10-17T07:20:18.115+0000] {dag.py:3722} INFO - Setting next_dagrun for tutorial_taskflow_api_virtualenv to None, run_after=None
[2025-10-17T07:20:18.137+0000] {processor.py:179} INFO - Processing /home/airflow/.local/lib/python3.8/site-packages/airflow/example_dags/tutorial_taskflow_api_virtualenv.py took 0.070 seconds
[2025-10-17T07:20:48.712+0000] {processor.py:157} INFO - Started process (PID=697) to work on /home/airflow/.local/lib/python3.8/site-packages/airflow/example_dags/tutorial_taskflow_api_virtualenv.py
[2025-10-17T07:20:48.714+0000] {processor.py:829} INFO - Processing file /home/airflow/.local/lib/python3.8/site-packages/airflow/example_dags/tutorial_taskflow_api_virtualenv.py for tasks to queue
[2025-10-17T07:20:48.723+0000] {logging_mixin.py:154} INFO - [2025-10-17T07:20:48.719+0000] {dagbag.py:536} INFO - Filling up the DagBag from /home/airflow/.local/lib/python3.8/site-packages/airflow/example_dags/tutorial_taskflow_api_virtualenv.py
[2025-10-17T07:20:48.741+0000] {processor.py:839} INFO - DAG(s) dict_keys(['tutorial_taskflow_api_virtualenv']) retrieved from /home/airflow/.local/lib/python3.8/site-packages/airflow/example_dags/tutorial_taskflow_api_virtualenv.py
[2025-10-17T07:20:48.783+0000] {logging_mixin.py:154} INFO - [2025-10-17T07:20:48.783+0000] {dag.py:2941} INFO - Sync 1 DAGs
[2025-10-17T07:20:48.801+0000] {logging_mixin.py:154} INFO - [2025-10-17T07:20:48.801+0000] {dag.py:3722} INFO - Setting next_dagrun for tutorial_taskflow_api_virtualenv to None, run_after=None
[2025-10-17T07:20:48.835+0000] {processor.py:179} INFO - Processing /home/airflow/.local/lib/python3.8/site-packages/airflow/example_dags/tutorial_taskflow_api_virtualenv.py took 0.133 seconds
[2025-10-17T07:21:19.452+0000] {processor.py:157} INFO - Started process (PID=753) to work on /home/airflow/.local/lib/python3.8/site-packages/airflow/example_dags/tutorial_taskflow_api_virtualenv.py
[2025-10-17T07:21:19.453+0000] {processor.py:829} INFO - Processing file /home/airflow/.local/lib/python3.8/site-packages/airflow/example_dags/tutorial_taskflow_api_virtualenv.py for tasks to queue
[2025-10-17T07:21:19.455+0000] {logging_mixin.py:154} INFO - [2025-10-17T07:21:19.455+0000] {dagbag.py:536} INFO - Filling up the DagBag from /home/airflow/.local/lib/python3.8/site-packages/airflow/example_dags/tutorial_taskflow_api_virtualenv.py
[2025-10-17T07:21:19.462+0000] {processor.py:839} INFO - DAG(s) dict_keys(['tutorial_taskflow_api_virtualenv']) retrieved from /home/airflow/.local/lib/python3.8/site-packages/airflow/example_dags/tutorial_taskflow_api_virtualenv.py
[2025-10-17T07:21:19.481+0000] {logging_mixin.py:154} INFO - [2025-10-17T07:21:19.481+0000] {dag.py:2941} INFO - Sync 1 DAGs
[2025-10-17T07:21:19.492+0000] {logging_mixin.py:154} INFO - [2025-10-17T07:21:19.492+0000] {dag.py:3722} INFO - Setting next_dagrun for tutorial_taskflow_api_virtualenv to None, run_after=None
[2025-10-17T07:21:19.508+0000] {processor.py:179} INFO - Processing /home/airflow/.local/lib/python3.8/site-packages/airflow/example_dags/tutorial_taskflow_api_virtualenv.py took 0.059 seconds
[2025-10-17T07:21:50.091+0000] {processor.py:157} INFO - Started process (PID=809) to work on /home/airflow/.local/lib/python3.8/site-packages/airflow/example_dags/tutorial_taskflow_api_virtualenv.py
[2025-10-17T07:21:50.102+0000] {processor.py:829} INFO - Processing file /home/airflow/.local/lib/python3.8/site-packages/airflow/example_dags/tutorial_taskflow_api_virtualenv.py for tasks to queue
[2025-10-17T07:21:50.104+0000] {logging_mixin.py:154} INFO - [2025-10-17T07:21:50.104+0000] {dagbag.py:536} INFO - Filling up the DagBag from /home/airflow/.local/lib/python3.8/site-packages/airflow/example_dags/tutorial_taskflow_api_virtualenv.py
[2025-10-17T07:21:50.111+0000] {processor.py:839} INFO - DAG(s) dict_keys(['tutorial_taskflow_api_virtualenv']) retrieved from /home/airflow/.local/lib/python3.8/site-packages/airflow/example_dags/tutorial_taskflow_api_virtualenv.py
[2025-10-17T07:21:50.131+0000] {logging_mixin.py:154} INFO - [2025-10-17T07:21:50.130+0000] {dag.py:2941} INFO - Sync 1 DAGs
[2025-10-17T07:21:50.143+0000] {logging_mixin.py:154} INFO - [2025-10-17T07:21:50.143+0000] {dag.py:3722} INFO - Setting next_dagrun for tutorial_taskflow_api_virtualenv to None, run_after=None
[2025-10-17T07:21:50.178+0000] {processor.py:179} INFO - Processing /home/airflow/.local/lib/python3.8/site-packages/airflow/example_dags/tutorial_taskflow_api_virtualenv.py took 0.090 seconds
[2025-10-17T07:22:20.915+0000] {processor.py:157} INFO - Started process (PID=865) to work on /home/airflow/.local/lib/python3.8/site-packages/airflow/example_dags/tutorial_taskflow_api_virtualenv.py
[2025-10-17T07:22:20.916+0000] {processor.py:829} INFO - Processing file /home/airflow/.local/lib/python3.8/site-packages/airflow/example_dags/tutorial_taskflow_api_virtualenv.py for tasks to queue
[2025-10-17T07:22:20.918+0000] {logging_mixin.py:154} INFO - [2025-10-17T07:22:20.918+0000] {dagbag.py:536} INFO - Filling up the DagBag from /home/airflow/.local/lib/python3.8/site-packages/airflow/example_dags/tutorial_taskflow_api_virtualenv.py
[2025-10-17T07:22:20.924+0000] {processor.py:839} INFO - DAG(s) dict_keys(['tutorial_taskflow_api_virtualenv']) retrieved from /home/airflow/.local/lib/python3.8/site-packages/airflow/example_dags/tutorial_taskflow_api_virtualenv.py
[2025-10-17T07:22:20.943+0000] {logging_mixin.py:154} INFO - [2025-10-17T07:22:20.943+0000] {dag.py:2941} INFO - Sync 1 DAGs
[2025-10-17T07:22:20.953+0000] {logging_mixin.py:154} INFO - [2025-10-17T07:22:20.953+0000] {dag.py:3722} INFO - Setting next_dagrun for tutorial_taskflow_api_virtualenv to None, run_after=None
[2025-10-17T07:22:20.971+0000] {processor.py:179} INFO - Processing /home/airflow/.local/lib/python3.8/site-packages/airflow/example_dags/tutorial_taskflow_api_virtualenv.py took 0.059 seconds
[2025-10-17T07:22:51.648+0000] {processor.py:157} INFO - Started process (PID=921) to work on /home/airflow/.local/lib/python3.8/site-packages/airflow/example_dags/tutorial_taskflow_api_virtualenv.py
[2025-10-17T07:22:51.649+0000] {processor.py:829} INFO - Processing file /home/airflow/.local/lib/python3.8/site-packages/airflow/example_dags/tutorial_taskflow_api_virtualenv.py for tasks to queue
[2025-10-17T07:22:51.652+0000] {logging_mixin.py:154} INFO - [2025-10-17T07:22:51.651+0000] {dagbag.py:536} INFO - Filling up the DagBag from /home/airflow/.local/lib/python3.8/site-packages/airflow/example_dags/tutorial_taskflow_api_virtualenv.py
[2025-10-17T07:22:51.660+0000] {processor.py:839} INFO - DAG(s) dict_keys(['tutorial_taskflow_api_virtualenv']) retrieved from /home/airflow/.local/lib/python3.8/site-packages/airflow/example_dags/tutorial_taskflow_api_virtualenv.py
[2025-10-17T07:22:51.681+0000] {logging_mixin.py:154} INFO - [2025-10-17T07:22:51.681+0000] {dag.py:2941} INFO - Sync 1 DAGs
[2025-10-17T07:22:51.694+0000] {logging_mixin.py:154} INFO - [2025-10-17T07:22:51.694+0000] {dag.py:3722} INFO - Setting next_dagrun for tutorial_taskflow_api_virtualenv to None, run_after=None
[2025-10-17T07:22:51.721+0000] {processor.py:179} INFO - Processing /home/airflow/.local/lib/python3.8/site-packages/airflow/example_dags/tutorial_taskflow_api_virtualenv.py took 0.077 seconds
[2025-10-17T07:23:22.727+0000] {processor.py:157} INFO - Started process (PID=977) to work on /home/airflow/.local/lib/python3.8/site-packages/airflow/example_dags/tutorial_taskflow_api_virtualenv.py
[2025-10-17T07:23:22.728+0000] {processor.py:829} INFO - Processing file /home/airflow/.local/lib/python3.8/site-packages/airflow/example_dags/tutorial_taskflow_api_virtualenv.py for tasks to queue
[2025-10-17T07:23:22.730+0000] {logging_mixin.py:154} INFO - [2025-10-17T07:23:22.730+0000] {dagbag.py:536} INFO - Filling up the DagBag from /home/airflow/.local/lib/python3.8/site-packages/airflow/example_dags/tutorial_taskflow_api_virtualenv.py
[2025-10-17T07:23:22.737+0000] {processor.py:839} INFO - DAG(s) dict_keys(['tutorial_taskflow_api_virtualenv']) retrieved from /home/airflow/.local/lib/python3.8/site-packages/airflow/example_dags/tutorial_taskflow_api_virtualenv.py
[2025-10-17T07:23:22.757+0000] {logging_mixin.py:154} INFO - [2025-10-17T07:23:22.757+0000] {dag.py:2941} INFO - Sync 1 DAGs
[2025-10-17T07:23:22.768+0000] {logging_mixin.py:154} INFO - [2025-10-17T07:23:22.768+0000] {dag.py:3722} INFO - Setting next_dagrun for tutorial_taskflow_api_virtualenv to None, run_after=None
[2025-10-17T07:23:22.787+0000] {processor.py:179} INFO - Processing /home/airflow/.local/lib/python3.8/site-packages/airflow/example_dags/tutorial_taskflow_api_virtualenv.py took 0.064 seconds
[2025-10-17T07:23:53.213+0000] {processor.py:157} INFO - Started process (PID=1033) to work on /home/airflow/.local/lib/python3.8/site-packages/airflow/example_dags/tutorial_taskflow_api_virtualenv.py
[2025-10-17T07:23:53.214+0000] {processor.py:829} INFO - Processing file /home/airflow/.local/lib/python3.8/site-packages/airflow/example_dags/tutorial_taskflow_api_virtualenv.py for tasks to queue
[2025-10-17T07:23:53.217+0000] {logging_mixin.py:154} INFO - [2025-10-17T07:23:53.217+0000] {dagbag.py:536} INFO - Filling up the DagBag from /home/airflow/.local/lib/python3.8/site-packages/airflow/example_dags/tutorial_taskflow_api_virtualenv.py
[2025-10-17T07:23:53.224+0000] {processor.py:839} INFO - DAG(s) dict_keys(['tutorial_taskflow_api_virtualenv']) retrieved from /home/airflow/.local/lib/python3.8/site-packages/airflow/example_dags/tutorial_taskflow_api_virtualenv.py
[2025-10-17T07:23:53.250+0000] {logging_mixin.py:154} INFO - [2025-10-17T07:23:53.250+0000] {dag.py:2941} INFO - Sync 1 DAGs
[2025-10-17T07:23:53.266+0000] {logging_mixin.py:154} INFO - [2025-10-17T07:23:53.266+0000] {dag.py:3722} INFO - Setting next_dagrun for tutorial_taskflow_api_virtualenv to None, run_after=None
[2025-10-17T07:23:53.289+0000] {processor.py:179} INFO - Processing /home/airflow/.local/lib/python3.8/site-packages/airflow/example_dags/tutorial_taskflow_api_virtualenv.py took 0.079 seconds
[2025-10-17T07:24:24.241+0000] {processor.py:157} INFO - Started process (PID=1089) to work on /home/airflow/.local/lib/python3.8/site-packages/airflow/example_dags/tutorial_taskflow_api_virtualenv.py
[2025-10-17T07:24:24.242+0000] {processor.py:829} INFO - Processing file /home/airflow/.local/lib/python3.8/site-packages/airflow/example_dags/tutorial_taskflow_api_virtualenv.py for tasks to queue
[2025-10-17T07:24:24.244+0000] {logging_mixin.py:154} INFO - [2025-10-17T07:24:24.244+0000] {dagbag.py:536} INFO - Filling up the DagBag from /home/airflow/.local/lib/python3.8/site-packages/airflow/example_dags/tutorial_taskflow_api_virtualenv.py
[2025-10-17T07:24:24.251+0000] {processor.py:839} INFO - DAG(s) dict_keys(['tutorial_taskflow_api_virtualenv']) retrieved from /home/airflow/.local/lib/python3.8/site-packages/airflow/example_dags/tutorial_taskflow_api_virtualenv.py
[2025-10-17T07:24:24.273+0000] {logging_mixin.py:154} INFO - [2025-10-17T07:24:24.272+0000] {dag.py:2941} INFO - Sync 1 DAGs
[2025-10-17T07:24:24.286+0000] {logging_mixin.py:154} INFO - [2025-10-17T07:24:24.286+0000] {dag.py:3722} INFO - Setting next_dagrun for tutorial_taskflow_api_virtualenv to None, run_after=None
[2025-10-17T07:24:24.305+0000] {processor.py:179} INFO - Processing /home/airflow/.local/lib/python3.8/site-packages/airflow/example_dags/tutorial_taskflow_api_virtualenv.py took 0.067 seconds
[2025-10-17T07:24:55.518+0000] {processor.py:157} INFO - Started process (PID=1158) to work on /home/airflow/.local/lib/python3.8/site-packages/airflow/example_dags/tutorial_taskflow_api_virtualenv.py
[2025-10-17T07:24:55.519+0000] {processor.py:829} INFO - Processing file /home/airflow/.local/lib/python3.8/site-packages/airflow/example_dags/tutorial_taskflow_api_virtualenv.py for tasks to queue
[2025-10-17T07:24:55.522+0000] {logging_mixin.py:154} INFO - [2025-10-17T07:24:55.521+0000] {dagbag.py:536} INFO - Filling up the DagBag from /home/airflow/.local/lib/python3.8/site-packages/airflow/example_dags/tutorial_taskflow_api_virtualenv.py
[2025-10-17T07:24:55.528+0000] {processor.py:839} INFO - DAG(s) dict_keys(['tutorial_taskflow_api_virtualenv']) retrieved from /home/airflow/.local/lib/python3.8/site-packages/airflow/example_dags/tutorial_taskflow_api_virtualenv.py
[2025-10-17T07:24:55.549+0000] {logging_mixin.py:154} INFO - [2025-10-17T07:24:55.549+0000] {dag.py:2941} INFO - Sync 1 DAGs
[2025-10-17T07:24:55.560+0000] {logging_mixin.py:154} INFO - [2025-10-17T07:24:55.560+0000] {dag.py:3722} INFO - Setting next_dagrun for tutorial_taskflow_api_virtualenv to None, run_after=None
[2025-10-17T07:24:55.579+0000] {processor.py:179} INFO - Processing /home/airflow/.local/lib/python3.8/site-packages/airflow/example_dags/tutorial_taskflow_api_virtualenv.py took 0.064 seconds
[2025-10-17T07:25:26.250+0000] {processor.py:157} INFO - Started process (PID=1214) to work on /home/airflow/.local/lib/python3.8/site-packages/airflow/example_dags/tutorial_taskflow_api_virtualenv.py
[2025-10-17T07:25:26.251+0000] {processor.py:829} INFO - Processing file /home/airflow/.local/lib/python3.8/site-packages/airflow/example_dags/tutorial_taskflow_api_virtualenv.py for tasks to queue
[2025-10-17T07:25:26.253+0000] {logging_mixin.py:154} INFO - [2025-10-17T07:25:26.253+0000] {dagbag.py:536} INFO - Filling up the DagBag from /home/airflow/.local/lib/python3.8/site-packages/airflow/example_dags/tutorial_taskflow_api_virtualenv.py
[2025-10-17T07:25:26.261+0000] {processor.py:839} INFO - DAG(s) dict_keys(['tutorial_taskflow_api_virtualenv']) retrieved from /home/airflow/.local/lib/python3.8/site-packages/airflow/example_dags/tutorial_taskflow_api_virtualenv.py
[2025-10-17T07:25:26.281+0000] {logging_mixin.py:154} INFO - [2025-10-17T07:25:26.280+0000] {dag.py:2941} INFO - Sync 1 DAGs
[2025-10-17T07:25:26.291+0000] {logging_mixin.py:154} INFO - [2025-10-17T07:25:26.291+0000] {dag.py:3722} INFO - Setting next_dagrun for tutorial_taskflow_api_virtualenv to None, run_after=None
[2025-10-17T07:25:26.311+0000] {processor.py:179} INFO - Processing /home/airflow/.local/lib/python3.8/site-packages/airflow/example_dags/tutorial_taskflow_api_virtualenv.py took 0.064 seconds
[2025-10-17T07:25:57.062+0000] {processor.py:157} INFO - Started process (PID=1270) to work on /home/airflow/.local/lib/python3.8/site-packages/airflow/example_dags/tutorial_taskflow_api_virtualenv.py
[2025-10-17T07:25:57.063+0000] {processor.py:829} INFO - Processing file /home/airflow/.local/lib/python3.8/site-packages/airflow/example_dags/tutorial_taskflow_api_virtualenv.py for tasks to queue
[2025-10-17T07:25:57.065+0000] {logging_mixin.py:154} INFO - [2025-10-17T07:25:57.065+0000] {dagbag.py:536} INFO - Filling up the DagBag from /home/airflow/.local/lib/python3.8/site-packages/airflow/example_dags/tutorial_taskflow_api_virtualenv.py
[2025-10-17T07:25:57.071+0000] {processor.py:839} INFO - DAG(s) dict_keys(['tutorial_taskflow_api_virtualenv']) retrieved from /home/airflow/.local/lib/python3.8/site-packages/airflow/example_dags/tutorial_taskflow_api_virtualenv.py
[2025-10-17T07:25:57.090+0000] {logging_mixin.py:154} INFO - [2025-10-17T07:25:57.090+0000] {dag.py:2941} INFO - Sync 1 DAGs
[2025-10-17T07:25:57.100+0000] {logging_mixin.py:154} INFO - [2025-10-17T07:25:57.100+0000] {dag.py:3722} INFO - Setting next_dagrun for tutorial_taskflow_api_virtualenv to None, run_after=None
[2025-10-17T07:25:57.115+0000] {processor.py:179} INFO - Processing /home/airflow/.local/lib/python3.8/site-packages/airflow/example_dags/tutorial_taskflow_api_virtualenv.py took 0.056 seconds
[2025-10-17T07:26:27.717+0000] {processor.py:157} INFO - Started process (PID=1328) to work on /home/airflow/.local/lib/python3.8/site-packages/airflow/example_dags/tutorial_taskflow_api_virtualenv.py
[2025-10-17T07:26:27.718+0000] {processor.py:829} INFO - Processing file /home/airflow/.local/lib/python3.8/site-packages/airflow/example_dags/tutorial_taskflow_api_virtualenv.py for tasks to queue
[2025-10-17T07:26:27.720+0000] {logging_mixin.py:154} INFO - [2025-10-17T07:26:27.720+0000] {dagbag.py:536} INFO - Filling up the DagBag from /home/airflow/.local/lib/python3.8/site-packages/airflow/example_dags/tutorial_taskflow_api_virtualenv.py
[2025-10-17T07:26:27.727+0000] {processor.py:839} INFO - DAG(s) dict_keys(['tutorial_taskflow_api_virtualenv']) retrieved from /home/airflow/.local/lib/python3.8/site-packages/airflow/example_dags/tutorial_taskflow_api_virtualenv.py
[2025-10-17T07:26:27.744+0000] {logging_mixin.py:154} INFO - [2025-10-17T07:26:27.744+0000] {dag.py:2941} INFO - Sync 1 DAGs
[2025-10-17T07:26:27.755+0000] {logging_mixin.py:154} INFO - [2025-10-17T07:26:27.754+0000] {dag.py:3722} INFO - Setting next_dagrun for tutorial_taskflow_api_virtualenv to None, run_after=None
[2025-10-17T07:26:27.770+0000] {processor.py:179} INFO - Processing /home/airflow/.local/lib/python3.8/site-packages/airflow/example_dags/tutorial_taskflow_api_virtualenv.py took 0.056 seconds
[2025-10-17T07:26:58.050+0000] {processor.py:157} INFO - Started process (PID=1383) to work on /home/airflow/.local/lib/python3.8/site-packages/airflow/example_dags/tutorial_taskflow_api_virtualenv.py
[2025-10-17T07:26:58.051+0000] {processor.py:829} INFO - Processing file /home/airflow/.local/lib/python3.8/site-packages/airflow/example_dags/tutorial_taskflow_api_virtualenv.py for tasks to queue
[2025-10-17T07:26:58.053+0000] {logging_mixin.py:154} INFO - [2025-10-17T07:26:58.053+0000] {dagbag.py:536} INFO - Filling up the DagBag from /home/airflow/.local/lib/python3.8/site-packages/airflow/example_dags/tutorial_taskflow_api_virtualenv.py
[2025-10-17T07:26:58.059+0000] {processor.py:839} INFO - DAG(s) dict_keys(['tutorial_taskflow_api_virtualenv']) retrieved from /home/airflow/.local/lib/python3.8/site-packages/airflow/example_dags/tutorial_taskflow_api_virtualenv.py
[2025-10-17T07:26:58.078+0000] {logging_mixin.py:154} INFO - [2025-10-17T07:26:58.078+0000] {dag.py:2941} INFO - Sync 1 DAGs
[2025-10-17T07:26:58.088+0000] {logging_mixin.py:154} INFO - [2025-10-17T07:26:58.088+0000] {dag.py:3722} INFO - Setting next_dagrun for tutorial_taskflow_api_virtualenv to None, run_after=None
[2025-10-17T07:26:58.105+0000] {processor.py:179} INFO - Processing /home/airflow/.local/lib/python3.8/site-packages/airflow/example_dags/tutorial_taskflow_api_virtualenv.py took 0.059 seconds
[2025-10-17T07:27:28.298+0000] {processor.py:157} INFO - Started process (PID=1438) to work on /home/airflow/.local/lib/python3.8/site-packages/airflow/example_dags/tutorial_taskflow_api_virtualenv.py
[2025-10-17T07:27:28.299+0000] {processor.py:829} INFO - Processing file /home/airflow/.local/lib/python3.8/site-packages/airflow/example_dags/tutorial_taskflow_api_virtualenv.py for tasks to queue
[2025-10-17T07:27:28.301+0000] {logging_mixin.py:154} INFO - [2025-10-17T07:27:28.301+0000] {dagbag.py:536} INFO - Filling up the DagBag from /home/airflow/.local/lib/python3.8/site-packages/airflow/example_dags/tutorial_taskflow_api_virtualenv.py
[2025-10-17T07:27:28.308+0000] {processor.py:839} INFO - DAG(s) dict_keys(['tutorial_taskflow_api_virtualenv']) retrieved from /home/airflow/.local/lib/python3.8/site-packages/airflow/example_dags/tutorial_taskflow_api_virtualenv.py
[2025-10-17T07:27:28.326+0000] {logging_mixin.py:154} INFO - [2025-10-17T07:27:28.326+0000] {dag.py:2941} INFO - Sync 1 DAGs
[2025-10-17T07:27:28.336+0000] {logging_mixin.py:154} INFO - [2025-10-17T07:27:28.335+0000] {dag.py:3722} INFO - Setting next_dagrun for tutorial_taskflow_api_virtualenv to None, run_after=None
[2025-10-17T07:27:28.351+0000] {processor.py:179} INFO - Processing /home/airflow/.local/lib/python3.8/site-packages/airflow/example_dags/tutorial_taskflow_api_virtualenv.py took 0.056 seconds
[2025-10-17T07:27:58.438+0000] {processor.py:157} INFO - Started process (PID=1493) to work on /home/airflow/.local/lib/python3.8/site-packages/airflow/example_dags/tutorial_taskflow_api_virtualenv.py
[2025-10-17T07:27:58.439+0000] {processor.py:829} INFO - Processing file /home/airflow/.local/lib/python3.8/site-packages/airflow/example_dags/tutorial_taskflow_api_virtualenv.py for tasks to queue
[2025-10-17T07:27:58.440+0000] {logging_mixin.py:154} INFO - [2025-10-17T07:27:58.439+0000] {dagbag.py:536} INFO - Filling up the DagBag from /home/airflow/.local/lib/python3.8/site-packages/airflow/example_dags/tutorial_taskflow_api_virtualenv.py
[2025-10-17T07:27:58.447+0000] {processor.py:839} INFO - DAG(s) dict_keys(['tutorial_taskflow_api_virtualenv']) retrieved from /home/airflow/.local/lib/python3.8/site-packages/airflow/example_dags/tutorial_taskflow_api_virtualenv.py
[2025-10-17T07:27:58.469+0000] {logging_mixin.py:154} INFO - [2025-10-17T07:27:58.468+0000] {dag.py:2941} INFO - Sync 1 DAGs
[2025-10-17T07:27:58.480+0000] {logging_mixin.py:154} INFO - [2025-10-17T07:27:58.480+0000] {dag.py:3722} INFO - Setting next_dagrun for tutorial_taskflow_api_virtualenv to None, run_after=None
[2025-10-17T07:27:58.501+0000] {processor.py:179} INFO - Processing /home/airflow/.local/lib/python3.8/site-packages/airflow/example_dags/tutorial_taskflow_api_virtualenv.py took 0.067 seconds
[2025-10-17T07:28:28.713+0000] {processor.py:157} INFO - Started process (PID=1551) to work on /home/airflow/.local/lib/python3.8/site-packages/airflow/example_dags/tutorial_taskflow_api_virtualenv.py
[2025-10-17T07:28:28.714+0000] {processor.py:829} INFO - Processing file /home/airflow/.local/lib/python3.8/site-packages/airflow/example_dags/tutorial_taskflow_api_virtualenv.py for tasks to queue
[2025-10-17T07:28:28.715+0000] {logging_mixin.py:154} INFO - [2025-10-17T07:28:28.715+0000] {dagbag.py:536} INFO - Filling up the DagBag from /home/airflow/.local/lib/python3.8/site-packages/airflow/example_dags/tutorial_taskflow_api_virtualenv.py
[2025-10-17T07:28:28.722+0000] {processor.py:839} INFO - DAG(s) dict_keys(['tutorial_taskflow_api_virtualenv']) retrieved from /home/airflow/.local/lib/python3.8/site-packages/airflow/example_dags/tutorial_taskflow_api_virtualenv.py
[2025-10-17T07:28:28.743+0000] {logging_mixin.py:154} INFO - [2025-10-17T07:28:28.743+0000] {dag.py:2941} INFO - Sync 1 DAGs
[2025-10-17T07:28:28.754+0000] {logging_mixin.py:154} INFO - [2025-10-17T07:28:28.753+0000] {dag.py:3722} INFO - Setting next_dagrun for tutorial_taskflow_api_virtualenv to None, run_after=None
[2025-10-17T07:28:28.769+0000] {processor.py:179} INFO - Processing /home/airflow/.local/lib/python3.8/site-packages/airflow/example_dags/tutorial_taskflow_api_virtualenv.py took 0.059 seconds
[2025-10-17T07:28:59.079+0000] {processor.py:157} INFO - Started process (PID=1607) to work on /home/airflow/.local/lib/python3.8/site-packages/airflow/example_dags/tutorial_taskflow_api_virtualenv.py
[2025-10-17T07:28:59.080+0000] {processor.py:829} INFO - Processing file /home/airflow/.local/lib/python3.8/site-packages/airflow/example_dags/tutorial_taskflow_api_virtualenv.py for tasks to queue
[2025-10-17T07:28:59.081+0000] {logging_mixin.py:154} INFO - [2025-10-17T07:28:59.081+0000] {dagbag.py:536} INFO - Filling up the DagBag from /home/airflow/.local/lib/python3.8/site-packages/airflow/example_dags/tutorial_taskflow_api_virtualenv.py
[2025-10-17T07:28:59.088+0000] {processor.py:839} INFO - DAG(s) dict_keys(['tutorial_taskflow_api_virtualenv']) retrieved from /home/airflow/.local/lib/python3.8/site-packages/airflow/example_dags/tutorial_taskflow_api_virtualenv.py
[2025-10-17T07:28:59.108+0000] {logging_mixin.py:154} INFO - [2025-10-17T07:28:59.108+0000] {dag.py:2941} INFO - Sync 1 DAGs
[2025-10-17T07:28:59.120+0000] {logging_mixin.py:154} INFO - [2025-10-17T07:28:59.120+0000] {dag.py:3722} INFO - Setting next_dagrun for tutorial_taskflow_api_virtualenv to None, run_after=None
[2025-10-17T07:28:59.141+0000] {processor.py:179} INFO - Processing /home/airflow/.local/lib/python3.8/site-packages/airflow/example_dags/tutorial_taskflow_api_virtualenv.py took 0.065 seconds
[2025-10-17T07:30:23.230+0000] {processor.py:157} INFO - Started process (PID=91) to work on /home/airflow/.local/lib/python3.8/site-packages/airflow/example_dags/tutorial_taskflow_api_virtualenv.py
[2025-10-17T07:30:23.233+0000] {processor.py:829} INFO - Processing file /home/airflow/.local/lib/python3.8/site-packages/airflow/example_dags/tutorial_taskflow_api_virtualenv.py for tasks to queue
[2025-10-17T07:30:23.238+0000] {logging_mixin.py:154} INFO - [2025-10-17T07:30:23.237+0000] {dagbag.py:536} INFO - Filling up the DagBag from /home/airflow/.local/lib/python3.8/site-packages/airflow/example_dags/tutorial_taskflow_api_virtualenv.py
[2025-10-17T07:30:23.254+0000] {processor.py:839} INFO - DAG(s) dict_keys(['tutorial_taskflow_api_virtualenv']) retrieved from /home/airflow/.local/lib/python3.8/site-packages/airflow/example_dags/tutorial_taskflow_api_virtualenv.py
[2025-10-17T07:30:23.473+0000] {logging_mixin.py:154} INFO - [2025-10-17T07:30:23.473+0000] {manager.py:499} INFO - Created Permission View: %s
[2025-10-17T07:30:23.495+0000] {logging_mixin.py:154} INFO - [2025-10-17T07:30:23.495+0000] {manager.py:499} INFO - Created Permission View: %s
[2025-10-17T07:30:23.515+0000] {logging_mixin.py:154} INFO - [2025-10-17T07:30:23.514+0000] {manager.py:499} INFO - Created Permission View: %s
[2025-10-17T07:30:23.515+0000] {logging_mixin.py:154} INFO - [2025-10-17T07:30:23.515+0000] {dag.py:2941} INFO - Sync 1 DAGs
[2025-10-17T07:30:23.541+0000] {logging_mixin.py:154} INFO - [2025-10-17T07:30:23.541+0000] {dag.py:2963} INFO - Creating ORM DAG for tutorial_taskflow_api_virtualenv
[2025-10-17T07:30:23.542+0000] {logging_mixin.py:154} INFO - [2025-10-17T07:30:23.542+0000] {dag.py:3722} INFO - Setting next_dagrun for tutorial_taskflow_api_virtualenv to None, run_after=None
[2025-10-17T07:30:23.586+0000] {processor.py:179} INFO - Processing /home/airflow/.local/lib/python3.8/site-packages/airflow/example_dags/tutorial_taskflow_api_virtualenv.py took 0.365 seconds
[2025-10-17T07:30:53.981+0000] {processor.py:157} INFO - Started process (PID=147) to work on /home/airflow/.local/lib/python3.8/site-packages/airflow/example_dags/tutorial_taskflow_api_virtualenv.py
[2025-10-17T07:30:53.983+0000] {processor.py:829} INFO - Processing file /home/airflow/.local/lib/python3.8/site-packages/airflow/example_dags/tutorial_taskflow_api_virtualenv.py for tasks to queue
[2025-10-17T07:30:53.986+0000] {logging_mixin.py:154} INFO - [2025-10-17T07:30:53.985+0000] {dagbag.py:536} INFO - Filling up the DagBag from /home/airflow/.local/lib/python3.8/site-packages/airflow/example_dags/tutorial_taskflow_api_virtualenv.py
[2025-10-17T07:30:53.996+0000] {processor.py:839} INFO - DAG(s) dict_keys(['tutorial_taskflow_api_virtualenv']) retrieved from /home/airflow/.local/lib/python3.8/site-packages/airflow/example_dags/tutorial_taskflow_api_virtualenv.py
[2025-10-17T07:30:54.028+0000] {logging_mixin.py:154} INFO - [2025-10-17T07:30:54.027+0000] {dag.py:2941} INFO - Sync 1 DAGs
[2025-10-17T07:30:54.044+0000] {logging_mixin.py:154} INFO - [2025-10-17T07:30:54.044+0000] {dag.py:3722} INFO - Setting next_dagrun for tutorial_taskflow_api_virtualenv to None, run_after=None
[2025-10-17T07:30:54.075+0000] {processor.py:179} INFO - Processing /home/airflow/.local/lib/python3.8/site-packages/airflow/example_dags/tutorial_taskflow_api_virtualenv.py took 0.100 seconds
[2025-10-17T07:31:24.785+0000] {processor.py:157} INFO - Started process (PID=203) to work on /home/airflow/.local/lib/python3.8/site-packages/airflow/example_dags/tutorial_taskflow_api_virtualenv.py
[2025-10-17T07:31:24.787+0000] {processor.py:829} INFO - Processing file /home/airflow/.local/lib/python3.8/site-packages/airflow/example_dags/tutorial_taskflow_api_virtualenv.py for tasks to queue
[2025-10-17T07:31:24.789+0000] {logging_mixin.py:154} INFO - [2025-10-17T07:31:24.789+0000] {dagbag.py:536} INFO - Filling up the DagBag from /home/airflow/.local/lib/python3.8/site-packages/airflow/example_dags/tutorial_taskflow_api_virtualenv.py
[2025-10-17T07:31:24.799+0000] {processor.py:839} INFO - DAG(s) dict_keys(['tutorial_taskflow_api_virtualenv']) retrieved from /home/airflow/.local/lib/python3.8/site-packages/airflow/example_dags/tutorial_taskflow_api_virtualenv.py
[2025-10-17T07:31:24.823+0000] {logging_mixin.py:154} INFO - [2025-10-17T07:31:24.823+0000] {dag.py:2941} INFO - Sync 1 DAGs
[2025-10-17T07:31:24.842+0000] {logging_mixin.py:154} INFO - [2025-10-17T07:31:24.841+0000] {dag.py:3722} INFO - Setting next_dagrun for tutorial_taskflow_api_virtualenv to None, run_after=None
[2025-10-17T07:31:24.864+0000] {processor.py:179} INFO - Processing /home/airflow/.local/lib/python3.8/site-packages/airflow/example_dags/tutorial_taskflow_api_virtualenv.py took 0.083 seconds
[2025-10-17T07:31:55.102+0000] {processor.py:157} INFO - Started process (PID=259) to work on /home/airflow/.local/lib/python3.8/site-packages/airflow/example_dags/tutorial_taskflow_api_virtualenv.py
[2025-10-17T07:31:55.103+0000] {processor.py:829} INFO - Processing file /home/airflow/.local/lib/python3.8/site-packages/airflow/example_dags/tutorial_taskflow_api_virtualenv.py for tasks to queue
[2025-10-17T07:31:55.106+0000] {logging_mixin.py:154} INFO - [2025-10-17T07:31:55.106+0000] {dagbag.py:536} INFO - Filling up the DagBag from /home/airflow/.local/lib/python3.8/site-packages/airflow/example_dags/tutorial_taskflow_api_virtualenv.py
[2025-10-17T07:31:55.113+0000] {processor.py:839} INFO - DAG(s) dict_keys(['tutorial_taskflow_api_virtualenv']) retrieved from /home/airflow/.local/lib/python3.8/site-packages/airflow/example_dags/tutorial_taskflow_api_virtualenv.py
[2025-10-17T07:31:55.135+0000] {logging_mixin.py:154} INFO - [2025-10-17T07:31:55.135+0000] {dag.py:2941} INFO - Sync 1 DAGs
[2025-10-17T07:31:55.146+0000] {logging_mixin.py:154} INFO - [2025-10-17T07:31:55.146+0000] {dag.py:3722} INFO - Setting next_dagrun for tutorial_taskflow_api_virtualenv to None, run_after=None
[2025-10-17T07:31:55.165+0000] {processor.py:179} INFO - Processing /home/airflow/.local/lib/python3.8/site-packages/airflow/example_dags/tutorial_taskflow_api_virtualenv.py took 0.067 seconds
[2025-10-17T07:32:26.098+0000] {processor.py:157} INFO - Started process (PID=317) to work on /home/airflow/.local/lib/python3.8/site-packages/airflow/example_dags/tutorial_taskflow_api_virtualenv.py
[2025-10-17T07:32:26.099+0000] {processor.py:829} INFO - Processing file /home/airflow/.local/lib/python3.8/site-packages/airflow/example_dags/tutorial_taskflow_api_virtualenv.py for tasks to queue
[2025-10-17T07:32:26.101+0000] {logging_mixin.py:154} INFO - [2025-10-17T07:32:26.101+0000] {dagbag.py:536} INFO - Filling up the DagBag from /home/airflow/.local/lib/python3.8/site-packages/airflow/example_dags/tutorial_taskflow_api_virtualenv.py
[2025-10-17T07:32:26.107+0000] {processor.py:839} INFO - DAG(s) dict_keys(['tutorial_taskflow_api_virtualenv']) retrieved from /home/airflow/.local/lib/python3.8/site-packages/airflow/example_dags/tutorial_taskflow_api_virtualenv.py
[2025-10-17T07:32:26.126+0000] {logging_mixin.py:154} INFO - [2025-10-17T07:32:26.126+0000] {dag.py:2941} INFO - Sync 1 DAGs
[2025-10-17T07:32:26.136+0000] {logging_mixin.py:154} INFO - [2025-10-17T07:32:26.136+0000] {dag.py:3722} INFO - Setting next_dagrun for tutorial_taskflow_api_virtualenv to None, run_after=None
[2025-10-17T07:32:26.153+0000] {processor.py:179} INFO - Processing /home/airflow/.local/lib/python3.8/site-packages/airflow/example_dags/tutorial_taskflow_api_virtualenv.py took 0.059 seconds
[2025-10-17T07:35:45.144+0000] {processor.py:157} INFO - Started process (PID=87) to work on /home/airflow/.local/lib/python3.8/site-packages/airflow/example_dags/tutorial_taskflow_api_virtualenv.py
[2025-10-17T07:35:45.145+0000] {processor.py:829} INFO - Processing file /home/airflow/.local/lib/python3.8/site-packages/airflow/example_dags/tutorial_taskflow_api_virtualenv.py for tasks to queue
[2025-10-17T07:35:45.148+0000] {logging_mixin.py:154} INFO - [2025-10-17T07:35:45.147+0000] {dagbag.py:536} INFO - Filling up the DagBag from /home/airflow/.local/lib/python3.8/site-packages/airflow/example_dags/tutorial_taskflow_api_virtualenv.py
[2025-10-17T07:35:45.156+0000] {processor.py:839} INFO - DAG(s) dict_keys(['tutorial_taskflow_api_virtualenv']) retrieved from /home/airflow/.local/lib/python3.8/site-packages/airflow/example_dags/tutorial_taskflow_api_virtualenv.py
[2025-10-17T07:35:45.261+0000] {logging_mixin.py:154} INFO - [2025-10-17T07:35:45.260+0000] {manager.py:499} INFO - Created Permission View: %s
[2025-10-17T07:35:45.275+0000] {logging_mixin.py:154} INFO - [2025-10-17T07:35:45.275+0000] {manager.py:499} INFO - Created Permission View: %s
[2025-10-17T07:35:45.287+0000] {logging_mixin.py:154} INFO - [2025-10-17T07:35:45.286+0000] {manager.py:499} INFO - Created Permission View: %s
[2025-10-17T07:35:45.287+0000] {logging_mixin.py:154} INFO - [2025-10-17T07:35:45.287+0000] {dag.py:2941} INFO - Sync 1 DAGs
[2025-10-17T07:35:45.307+0000] {logging_mixin.py:154} INFO - [2025-10-17T07:35:45.306+0000] {dag.py:2963} INFO - Creating ORM DAG for tutorial_taskflow_api_virtualenv
[2025-10-17T07:35:45.308+0000] {logging_mixin.py:154} INFO - [2025-10-17T07:35:45.307+0000] {dag.py:3722} INFO - Setting next_dagrun for tutorial_taskflow_api_virtualenv to None, run_after=None
[2025-10-17T07:35:45.338+0000] {processor.py:179} INFO - Processing /home/airflow/.local/lib/python3.8/site-packages/airflow/example_dags/tutorial_taskflow_api_virtualenv.py took 0.198 seconds
[2025-10-17T07:36:15.560+0000] {processor.py:157} INFO - Started process (PID=143) to work on /home/airflow/.local/lib/python3.8/site-packages/airflow/example_dags/tutorial_taskflow_api_virtualenv.py
[2025-10-17T07:36:15.562+0000] {processor.py:829} INFO - Processing file /home/airflow/.local/lib/python3.8/site-packages/airflow/example_dags/tutorial_taskflow_api_virtualenv.py for tasks to queue
[2025-10-17T07:36:15.564+0000] {logging_mixin.py:154} INFO - [2025-10-17T07:36:15.564+0000] {dagbag.py:536} INFO - Filling up the DagBag from /home/airflow/.local/lib/python3.8/site-packages/airflow/example_dags/tutorial_taskflow_api_virtualenv.py
[2025-10-17T07:36:15.570+0000] {processor.py:839} INFO - DAG(s) dict_keys(['tutorial_taskflow_api_virtualenv']) retrieved from /home/airflow/.local/lib/python3.8/site-packages/airflow/example_dags/tutorial_taskflow_api_virtualenv.py
[2025-10-17T07:36:15.589+0000] {logging_mixin.py:154} INFO - [2025-10-17T07:36:15.589+0000] {dag.py:2941} INFO - Sync 1 DAGs
[2025-10-17T07:36:15.600+0000] {logging_mixin.py:154} INFO - [2025-10-17T07:36:15.599+0000] {dag.py:3722} INFO - Setting next_dagrun for tutorial_taskflow_api_virtualenv to None, run_after=None
[2025-10-17T07:36:15.615+0000] {processor.py:179} INFO - Processing /home/airflow/.local/lib/python3.8/site-packages/airflow/example_dags/tutorial_taskflow_api_virtualenv.py took 0.058 seconds
[2025-10-17T07:36:46.084+0000] {processor.py:157} INFO - Started process (PID=199) to work on /home/airflow/.local/lib/python3.8/site-packages/airflow/example_dags/tutorial_taskflow_api_virtualenv.py
[2025-10-17T07:36:46.085+0000] {processor.py:829} INFO - Processing file /home/airflow/.local/lib/python3.8/site-packages/airflow/example_dags/tutorial_taskflow_api_virtualenv.py for tasks to queue
[2025-10-17T07:36:46.087+0000] {logging_mixin.py:154} INFO - [2025-10-17T07:36:46.087+0000] {dagbag.py:536} INFO - Filling up the DagBag from /home/airflow/.local/lib/python3.8/site-packages/airflow/example_dags/tutorial_taskflow_api_virtualenv.py
[2025-10-17T07:36:46.094+0000] {processor.py:839} INFO - DAG(s) dict_keys(['tutorial_taskflow_api_virtualenv']) retrieved from /home/airflow/.local/lib/python3.8/site-packages/airflow/example_dags/tutorial_taskflow_api_virtualenv.py
[2025-10-17T07:36:46.116+0000] {logging_mixin.py:154} INFO - [2025-10-17T07:36:46.116+0000] {dag.py:2941} INFO - Sync 1 DAGs
[2025-10-17T07:36:46.128+0000] {logging_mixin.py:154} INFO - [2025-10-17T07:36:46.128+0000] {dag.py:3722} INFO - Setting next_dagrun for tutorial_taskflow_api_virtualenv to None, run_after=None
[2025-10-17T07:36:46.148+0000] {processor.py:179} INFO - Processing /home/airflow/.local/lib/python3.8/site-packages/airflow/example_dags/tutorial_taskflow_api_virtualenv.py took 0.067 seconds
[2025-10-17T07:37:16.493+0000] {processor.py:157} INFO - Started process (PID=255) to work on /home/airflow/.local/lib/python3.8/site-packages/airflow/example_dags/tutorial_taskflow_api_virtualenv.py
[2025-10-17T07:37:16.495+0000] {processor.py:829} INFO - Processing file /home/airflow/.local/lib/python3.8/site-packages/airflow/example_dags/tutorial_taskflow_api_virtualenv.py for tasks to queue
[2025-10-17T07:37:16.497+0000] {logging_mixin.py:154} INFO - [2025-10-17T07:37:16.496+0000] {dagbag.py:536} INFO - Filling up the DagBag from /home/airflow/.local/lib/python3.8/site-packages/airflow/example_dags/tutorial_taskflow_api_virtualenv.py
[2025-10-17T07:37:16.503+0000] {processor.py:839} INFO - DAG(s) dict_keys(['tutorial_taskflow_api_virtualenv']) retrieved from /home/airflow/.local/lib/python3.8/site-packages/airflow/example_dags/tutorial_taskflow_api_virtualenv.py
[2025-10-17T07:37:16.524+0000] {logging_mixin.py:154} INFO - [2025-10-17T07:37:16.524+0000] {dag.py:2941} INFO - Sync 1 DAGs
[2025-10-17T07:37:16.535+0000] {logging_mixin.py:154} INFO - [2025-10-17T07:37:16.535+0000] {dag.py:3722} INFO - Setting next_dagrun for tutorial_taskflow_api_virtualenv to None, run_after=None
[2025-10-17T07:37:16.553+0000] {processor.py:179} INFO - Processing /home/airflow/.local/lib/python3.8/site-packages/airflow/example_dags/tutorial_taskflow_api_virtualenv.py took 0.063 seconds
[2025-10-17T07:38:46.312+0000] {processor.py:157} INFO - Started process (PID=88) to work on /home/airflow/.local/lib/python3.8/site-packages/airflow/example_dags/tutorial_taskflow_api_virtualenv.py
[2025-10-17T07:38:46.313+0000] {processor.py:829} INFO - Processing file /home/airflow/.local/lib/python3.8/site-packages/airflow/example_dags/tutorial_taskflow_api_virtualenv.py for tasks to queue
[2025-10-17T07:38:46.316+0000] {logging_mixin.py:154} INFO - [2025-10-17T07:38:46.315+0000] {dagbag.py:536} INFO - Filling up the DagBag from /home/airflow/.local/lib/python3.8/site-packages/airflow/example_dags/tutorial_taskflow_api_virtualenv.py
[2025-10-17T07:38:46.323+0000] {processor.py:839} INFO - DAG(s) dict_keys(['tutorial_taskflow_api_virtualenv']) retrieved from /home/airflow/.local/lib/python3.8/site-packages/airflow/example_dags/tutorial_taskflow_api_virtualenv.py
[2025-10-17T07:38:46.451+0000] {logging_mixin.py:154} INFO - [2025-10-17T07:38:46.450+0000] {manager.py:499} INFO - Created Permission View: %s
[2025-10-17T07:38:46.465+0000] {logging_mixin.py:154} INFO - [2025-10-17T07:38:46.465+0000] {manager.py:499} INFO - Created Permission View: %s
[2025-10-17T07:38:46.474+0000] {logging_mixin.py:154} INFO - [2025-10-17T07:38:46.474+0000] {manager.py:499} INFO - Created Permission View: %s
[2025-10-17T07:38:46.475+0000] {logging_mixin.py:154} INFO - [2025-10-17T07:38:46.474+0000] {dag.py:2941} INFO - Sync 1 DAGs
[2025-10-17T07:38:46.486+0000] {logging_mixin.py:154} INFO - [2025-10-17T07:38:46.486+0000] {dag.py:2963} INFO - Creating ORM DAG for tutorial_taskflow_api_virtualenv
[2025-10-17T07:38:46.486+0000] {logging_mixin.py:154} INFO - [2025-10-17T07:38:46.486+0000] {dag.py:3722} INFO - Setting next_dagrun for tutorial_taskflow_api_virtualenv to None, run_after=None
[2025-10-17T07:38:46.506+0000] {processor.py:179} INFO - Processing /home/airflow/.local/lib/python3.8/site-packages/airflow/example_dags/tutorial_taskflow_api_virtualenv.py took 0.198 seconds
[2025-10-17T07:39:17.026+0000] {processor.py:157} INFO - Started process (PID=144) to work on /home/airflow/.local/lib/python3.8/site-packages/airflow/example_dags/tutorial_taskflow_api_virtualenv.py
[2025-10-17T07:39:17.028+0000] {processor.py:829} INFO - Processing file /home/airflow/.local/lib/python3.8/site-packages/airflow/example_dags/tutorial_taskflow_api_virtualenv.py for tasks to queue
[2025-10-17T07:39:17.030+0000] {logging_mixin.py:154} INFO - [2025-10-17T07:39:17.030+0000] {dagbag.py:536} INFO - Filling up the DagBag from /home/airflow/.local/lib/python3.8/site-packages/airflow/example_dags/tutorial_taskflow_api_virtualenv.py
[2025-10-17T07:39:17.037+0000] {processor.py:839} INFO - DAG(s) dict_keys(['tutorial_taskflow_api_virtualenv']) retrieved from /home/airflow/.local/lib/python3.8/site-packages/airflow/example_dags/tutorial_taskflow_api_virtualenv.py
[2025-10-17T07:39:17.056+0000] {logging_mixin.py:154} INFO - [2025-10-17T07:39:17.056+0000] {dag.py:2941} INFO - Sync 1 DAGs
[2025-10-17T07:39:17.068+0000] {logging_mixin.py:154} INFO - [2025-10-17T07:39:17.068+0000] {dag.py:3722} INFO - Setting next_dagrun for tutorial_taskflow_api_virtualenv to None, run_after=None
[2025-10-17T07:39:17.086+0000] {processor.py:179} INFO - Processing /home/airflow/.local/lib/python3.8/site-packages/airflow/example_dags/tutorial_taskflow_api_virtualenv.py took 0.063 seconds
[2025-10-17T07:39:47.257+0000] {processor.py:157} INFO - Started process (PID=200) to work on /home/airflow/.local/lib/python3.8/site-packages/airflow/example_dags/tutorial_taskflow_api_virtualenv.py
[2025-10-17T07:39:47.259+0000] {processor.py:829} INFO - Processing file /home/airflow/.local/lib/python3.8/site-packages/airflow/example_dags/tutorial_taskflow_api_virtualenv.py for tasks to queue
[2025-10-17T07:39:47.261+0000] {logging_mixin.py:154} INFO - [2025-10-17T07:39:47.260+0000] {dagbag.py:536} INFO - Filling up the DagBag from /home/airflow/.local/lib/python3.8/site-packages/airflow/example_dags/tutorial_taskflow_api_virtualenv.py
[2025-10-17T07:39:47.268+0000] {processor.py:839} INFO - DAG(s) dict_keys(['tutorial_taskflow_api_virtualenv']) retrieved from /home/airflow/.local/lib/python3.8/site-packages/airflow/example_dags/tutorial_taskflow_api_virtualenv.py
[2025-10-17T07:39:47.289+0000] {logging_mixin.py:154} INFO - [2025-10-17T07:39:47.289+0000] {dag.py:2941} INFO - Sync 1 DAGs
[2025-10-17T07:39:47.300+0000] {logging_mixin.py:154} INFO - [2025-10-17T07:39:47.300+0000] {dag.py:3722} INFO - Setting next_dagrun for tutorial_taskflow_api_virtualenv to None, run_after=None
[2025-10-17T07:39:47.321+0000] {processor.py:179} INFO - Processing /home/airflow/.local/lib/python3.8/site-packages/airflow/example_dags/tutorial_taskflow_api_virtualenv.py took 0.067 seconds
[2025-10-17T07:40:17.532+0000] {processor.py:157} INFO - Started process (PID=256) to work on /home/airflow/.local/lib/python3.8/site-packages/airflow/example_dags/tutorial_taskflow_api_virtualenv.py
[2025-10-17T07:40:17.534+0000] {processor.py:829} INFO - Processing file /home/airflow/.local/lib/python3.8/site-packages/airflow/example_dags/tutorial_taskflow_api_virtualenv.py for tasks to queue
[2025-10-17T07:40:17.536+0000] {logging_mixin.py:154} INFO - [2025-10-17T07:40:17.535+0000] {dagbag.py:536} INFO - Filling up the DagBag from /home/airflow/.local/lib/python3.8/site-packages/airflow/example_dags/tutorial_taskflow_api_virtualenv.py
[2025-10-17T07:40:17.542+0000] {processor.py:839} INFO - DAG(s) dict_keys(['tutorial_taskflow_api_virtualenv']) retrieved from /home/airflow/.local/lib/python3.8/site-packages/airflow/example_dags/tutorial_taskflow_api_virtualenv.py
[2025-10-17T07:40:17.562+0000] {logging_mixin.py:154} INFO - [2025-10-17T07:40:17.562+0000] {dag.py:2941} INFO - Sync 1 DAGs
[2025-10-17T07:40:17.573+0000] {logging_mixin.py:154} INFO - [2025-10-17T07:40:17.573+0000] {dag.py:3722} INFO - Setting next_dagrun for tutorial_taskflow_api_virtualenv to None, run_after=None
[2025-10-17T07:40:17.590+0000] {processor.py:179} INFO - Processing /home/airflow/.local/lib/python3.8/site-packages/airflow/example_dags/tutorial_taskflow_api_virtualenv.py took 0.061 seconds
[2025-10-17T07:40:48.060+0000] {processor.py:157} INFO - Started process (PID=312) to work on /home/airflow/.local/lib/python3.8/site-packages/airflow/example_dags/tutorial_taskflow_api_virtualenv.py
[2025-10-17T07:40:48.062+0000] {processor.py:829} INFO - Processing file /home/airflow/.local/lib/python3.8/site-packages/airflow/example_dags/tutorial_taskflow_api_virtualenv.py for tasks to queue
[2025-10-17T07:40:48.064+0000] {logging_mixin.py:154} INFO - [2025-10-17T07:40:48.064+0000] {dagbag.py:536} INFO - Filling up the DagBag from /home/airflow/.local/lib/python3.8/site-packages/airflow/example_dags/tutorial_taskflow_api_virtualenv.py
[2025-10-17T07:40:48.070+0000] {processor.py:839} INFO - DAG(s) dict_keys(['tutorial_taskflow_api_virtualenv']) retrieved from /home/airflow/.local/lib/python3.8/site-packages/airflow/example_dags/tutorial_taskflow_api_virtualenv.py
[2025-10-17T07:40:48.092+0000] {logging_mixin.py:154} INFO - [2025-10-17T07:40:48.092+0000] {dag.py:2941} INFO - Sync 1 DAGs
[2025-10-17T07:40:48.102+0000] {logging_mixin.py:154} INFO - [2025-10-17T07:40:48.102+0000] {dag.py:3722} INFO - Setting next_dagrun for tutorial_taskflow_api_virtualenv to None, run_after=None
[2025-10-17T07:40:48.118+0000] {processor.py:179} INFO - Processing /home/airflow/.local/lib/python3.8/site-packages/airflow/example_dags/tutorial_taskflow_api_virtualenv.py took 0.060 seconds
[2025-10-17T07:41:18.948+0000] {processor.py:157} INFO - Started process (PID=368) to work on /home/airflow/.local/lib/python3.8/site-packages/airflow/example_dags/tutorial_taskflow_api_virtualenv.py
[2025-10-17T07:41:18.949+0000] {processor.py:829} INFO - Processing file /home/airflow/.local/lib/python3.8/site-packages/airflow/example_dags/tutorial_taskflow_api_virtualenv.py for tasks to queue
[2025-10-17T07:41:18.952+0000] {logging_mixin.py:154} INFO - [2025-10-17T07:41:18.952+0000] {dagbag.py:536} INFO - Filling up the DagBag from /home/airflow/.local/lib/python3.8/site-packages/airflow/example_dags/tutorial_taskflow_api_virtualenv.py
[2025-10-17T07:41:18.958+0000] {processor.py:839} INFO - DAG(s) dict_keys(['tutorial_taskflow_api_virtualenv']) retrieved from /home/airflow/.local/lib/python3.8/site-packages/airflow/example_dags/tutorial_taskflow_api_virtualenv.py
[2025-10-17T07:41:18.979+0000] {logging_mixin.py:154} INFO - [2025-10-17T07:41:18.979+0000] {dag.py:2941} INFO - Sync 1 DAGs
[2025-10-17T07:41:18.990+0000] {logging_mixin.py:154} INFO - [2025-10-17T07:41:18.990+0000] {dag.py:3722} INFO - Setting next_dagrun for tutorial_taskflow_api_virtualenv to None, run_after=None
[2025-10-17T07:41:19.008+0000] {processor.py:179} INFO - Processing /home/airflow/.local/lib/python3.8/site-packages/airflow/example_dags/tutorial_taskflow_api_virtualenv.py took 0.063 seconds
[2025-10-17T07:42:29.629+0000] {processor.py:157} INFO - Started process (PID=87) to work on /home/airflow/.local/lib/python3.8/site-packages/airflow/example_dags/tutorial_taskflow_api_virtualenv.py
[2025-10-17T07:42:29.630+0000] {processor.py:829} INFO - Processing file /home/airflow/.local/lib/python3.8/site-packages/airflow/example_dags/tutorial_taskflow_api_virtualenv.py for tasks to queue
[2025-10-17T07:42:29.633+0000] {logging_mixin.py:154} INFO - [2025-10-17T07:42:29.633+0000] {dagbag.py:536} INFO - Filling up the DagBag from /home/airflow/.local/lib/python3.8/site-packages/airflow/example_dags/tutorial_taskflow_api_virtualenv.py
[2025-10-17T07:42:29.643+0000] {processor.py:839} INFO - DAG(s) dict_keys(['tutorial_taskflow_api_virtualenv']) retrieved from /home/airflow/.local/lib/python3.8/site-packages/airflow/example_dags/tutorial_taskflow_api_virtualenv.py
[2025-10-17T07:42:29.781+0000] {logging_mixin.py:154} INFO - [2025-10-17T07:42:29.780+0000] {manager.py:499} INFO - Created Permission View: %s
[2025-10-17T07:42:29.790+0000] {logging_mixin.py:154} INFO - [2025-10-17T07:42:29.790+0000] {manager.py:499} INFO - Created Permission View: %s
[2025-10-17T07:42:29.797+0000] {logging_mixin.py:154} INFO - [2025-10-17T07:42:29.797+0000] {manager.py:499} INFO - Created Permission View: %s
[2025-10-17T07:42:29.797+0000] {logging_mixin.py:154} INFO - [2025-10-17T07:42:29.797+0000] {dag.py:2941} INFO - Sync 1 DAGs
[2025-10-17T07:42:29.810+0000] {logging_mixin.py:154} INFO - [2025-10-17T07:42:29.810+0000] {dag.py:2963} INFO - Creating ORM DAG for tutorial_taskflow_api_virtualenv
[2025-10-17T07:42:29.811+0000] {logging_mixin.py:154} INFO - [2025-10-17T07:42:29.811+0000] {dag.py:3722} INFO - Setting next_dagrun for tutorial_taskflow_api_virtualenv to None, run_after=None
[2025-10-17T07:42:29.830+0000] {processor.py:179} INFO - Processing /home/airflow/.local/lib/python3.8/site-packages/airflow/example_dags/tutorial_taskflow_api_virtualenv.py took 0.206 seconds
[2025-10-17T07:43:00.559+0000] {processor.py:157} INFO - Started process (PID=143) to work on /home/airflow/.local/lib/python3.8/site-packages/airflow/example_dags/tutorial_taskflow_api_virtualenv.py
[2025-10-17T07:43:00.560+0000] {processor.py:829} INFO - Processing file /home/airflow/.local/lib/python3.8/site-packages/airflow/example_dags/tutorial_taskflow_api_virtualenv.py for tasks to queue
[2025-10-17T07:43:00.563+0000] {logging_mixin.py:154} INFO - [2025-10-17T07:43:00.562+0000] {dagbag.py:536} INFO - Filling up the DagBag from /home/airflow/.local/lib/python3.8/site-packages/airflow/example_dags/tutorial_taskflow_api_virtualenv.py
[2025-10-17T07:43:00.569+0000] {processor.py:839} INFO - DAG(s) dict_keys(['tutorial_taskflow_api_virtualenv']) retrieved from /home/airflow/.local/lib/python3.8/site-packages/airflow/example_dags/tutorial_taskflow_api_virtualenv.py
[2025-10-17T07:43:00.592+0000] {logging_mixin.py:154} INFO - [2025-10-17T07:43:00.591+0000] {dag.py:2941} INFO - Sync 1 DAGs
[2025-10-17T07:43:00.605+0000] {logging_mixin.py:154} INFO - [2025-10-17T07:43:00.604+0000] {dag.py:3722} INFO - Setting next_dagrun for tutorial_taskflow_api_virtualenv to None, run_after=None
[2025-10-17T07:43:00.624+0000] {processor.py:179} INFO - Processing /home/airflow/.local/lib/python3.8/site-packages/airflow/example_dags/tutorial_taskflow_api_virtualenv.py took 0.070 seconds
[2025-10-17T07:44:26.637+0000] {processor.py:157} INFO - Started process (PID=87) to work on /home/airflow/.local/lib/python3.8/site-packages/airflow/example_dags/tutorial_taskflow_api_virtualenv.py
[2025-10-17T07:44:26.638+0000] {processor.py:829} INFO - Processing file /home/airflow/.local/lib/python3.8/site-packages/airflow/example_dags/tutorial_taskflow_api_virtualenv.py for tasks to queue
[2025-10-17T07:44:26.641+0000] {logging_mixin.py:154} INFO - [2025-10-17T07:44:26.640+0000] {dagbag.py:536} INFO - Filling up the DagBag from /home/airflow/.local/lib/python3.8/site-packages/airflow/example_dags/tutorial_taskflow_api_virtualenv.py
[2025-10-17T07:44:26.650+0000] {processor.py:839} INFO - DAG(s) dict_keys(['tutorial_taskflow_api_virtualenv']) retrieved from /home/airflow/.local/lib/python3.8/site-packages/airflow/example_dags/tutorial_taskflow_api_virtualenv.py
[2025-10-17T07:44:26.777+0000] {logging_mixin.py:154} INFO - [2025-10-17T07:44:26.776+0000] {manager.py:499} INFO - Created Permission View: %s
[2025-10-17T07:44:26.790+0000] {logging_mixin.py:154} INFO - [2025-10-17T07:44:26.789+0000] {manager.py:499} INFO - Created Permission View: %s
[2025-10-17T07:44:26.796+0000] {logging_mixin.py:154} INFO - [2025-10-17T07:44:26.796+0000] {manager.py:499} INFO - Created Permission View: %s
[2025-10-17T07:44:26.797+0000] {logging_mixin.py:154} INFO - [2025-10-17T07:44:26.797+0000] {dag.py:2941} INFO - Sync 1 DAGs
[2025-10-17T07:44:26.808+0000] {logging_mixin.py:154} INFO - [2025-10-17T07:44:26.807+0000] {dag.py:2963} INFO - Creating ORM DAG for tutorial_taskflow_api_virtualenv
[2025-10-17T07:44:26.808+0000] {logging_mixin.py:154} INFO - [2025-10-17T07:44:26.808+0000] {dag.py:3722} INFO - Setting next_dagrun for tutorial_taskflow_api_virtualenv to None, run_after=None
[2025-10-17T07:44:26.826+0000] {processor.py:179} INFO - Processing /home/airflow/.local/lib/python3.8/site-packages/airflow/example_dags/tutorial_taskflow_api_virtualenv.py took 0.193 seconds
[2025-10-17T07:44:36.580+0000] {processor.py:157} INFO - Started process (PID=72) to work on /home/airflow/.local/lib/python3.8/site-packages/airflow/example_dags/tutorial_taskflow_api_virtualenv.py
[2025-10-17T07:44:36.581+0000] {processor.py:829} INFO - Processing file /home/airflow/.local/lib/python3.8/site-packages/airflow/example_dags/tutorial_taskflow_api_virtualenv.py for tasks to queue
[2025-10-17T07:44:36.583+0000] {logging_mixin.py:154} INFO - [2025-10-17T07:44:36.583+0000] {dagbag.py:536} INFO - Filling up the DagBag from /home/airflow/.local/lib/python3.8/site-packages/airflow/example_dags/tutorial_taskflow_api_virtualenv.py
[2025-10-17T07:44:36.589+0000] {processor.py:839} INFO - DAG(s) dict_keys(['tutorial_taskflow_api_virtualenv']) retrieved from /home/airflow/.local/lib/python3.8/site-packages/airflow/example_dags/tutorial_taskflow_api_virtualenv.py
[2025-10-17T07:44:36.601+0000] {logging_mixin.py:154} INFO - [2025-10-17T07:44:36.601+0000] {dag.py:2941} INFO - Sync 1 DAGs
[2025-10-17T07:44:36.612+0000] {logging_mixin.py:154} INFO - [2025-10-17T07:44:36.612+0000] {dag.py:3722} INFO - Setting next_dagrun for tutorial_taskflow_api_virtualenv to None, run_after=None
[2025-10-17T07:44:36.629+0000] {processor.py:179} INFO - Processing /home/airflow/.local/lib/python3.8/site-packages/airflow/example_dags/tutorial_taskflow_api_virtualenv.py took 0.053 seconds
[2025-10-17T07:45:07.102+0000] {processor.py:157} INFO - Started process (PID=128) to work on /home/airflow/.local/lib/python3.8/site-packages/airflow/example_dags/tutorial_taskflow_api_virtualenv.py
[2025-10-17T07:45:07.103+0000] {processor.py:829} INFO - Processing file /home/airflow/.local/lib/python3.8/site-packages/airflow/example_dags/tutorial_taskflow_api_virtualenv.py for tasks to queue
[2025-10-17T07:45:07.105+0000] {logging_mixin.py:154} INFO - [2025-10-17T07:45:07.104+0000] {dagbag.py:536} INFO - Filling up the DagBag from /home/airflow/.local/lib/python3.8/site-packages/airflow/example_dags/tutorial_taskflow_api_virtualenv.py
[2025-10-17T07:45:07.111+0000] {processor.py:839} INFO - DAG(s) dict_keys(['tutorial_taskflow_api_virtualenv']) retrieved from /home/airflow/.local/lib/python3.8/site-packages/airflow/example_dags/tutorial_taskflow_api_virtualenv.py
[2025-10-17T07:45:07.129+0000] {logging_mixin.py:154} INFO - [2025-10-17T07:45:07.129+0000] {dag.py:2941} INFO - Sync 1 DAGs
[2025-10-17T07:45:07.139+0000] {logging_mixin.py:154} INFO - [2025-10-17T07:45:07.139+0000] {dag.py:3722} INFO - Setting next_dagrun for tutorial_taskflow_api_virtualenv to None, run_after=None
[2025-10-17T07:45:07.154+0000] {processor.py:179} INFO - Processing /home/airflow/.local/lib/python3.8/site-packages/airflow/example_dags/tutorial_taskflow_api_virtualenv.py took 0.056 seconds
[2025-10-17T07:46:21.402+0000] {processor.py:157} INFO - Started process (PID=80) to work on /home/airflow/.local/lib/python3.8/site-packages/airflow/example_dags/tutorial_taskflow_api_virtualenv.py
[2025-10-17T07:46:21.404+0000] {processor.py:829} INFO - Processing file /home/airflow/.local/lib/python3.8/site-packages/airflow/example_dags/tutorial_taskflow_api_virtualenv.py for tasks to queue
[2025-10-17T07:46:21.406+0000] {logging_mixin.py:154} INFO - [2025-10-17T07:46:21.406+0000] {dagbag.py:536} INFO - Filling up the DagBag from /home/airflow/.local/lib/python3.8/site-packages/airflow/example_dags/tutorial_taskflow_api_virtualenv.py
[2025-10-17T07:46:21.416+0000] {processor.py:839} INFO - DAG(s) dict_keys(['tutorial_taskflow_api_virtualenv']) retrieved from /home/airflow/.local/lib/python3.8/site-packages/airflow/example_dags/tutorial_taskflow_api_virtualenv.py
[2025-10-17T07:46:21.530+0000] {logging_mixin.py:154} INFO - [2025-10-17T07:46:21.530+0000] {manager.py:499} INFO - Created Permission View: %s
[2025-10-17T07:46:21.541+0000] {logging_mixin.py:154} INFO - [2025-10-17T07:46:21.541+0000] {manager.py:499} INFO - Created Permission View: %s
[2025-10-17T07:46:21.549+0000] {logging_mixin.py:154} INFO - [2025-10-17T07:46:21.549+0000] {manager.py:499} INFO - Created Permission View: %s
[2025-10-17T07:46:21.550+0000] {logging_mixin.py:154} INFO - [2025-10-17T07:46:21.549+0000] {dag.py:2941} INFO - Sync 1 DAGs
[2025-10-17T07:46:21.565+0000] {logging_mixin.py:154} INFO - [2025-10-17T07:46:21.565+0000] {dag.py:2963} INFO - Creating ORM DAG for tutorial_taskflow_api_virtualenv
[2025-10-17T07:46:21.566+0000] {logging_mixin.py:154} INFO - [2025-10-17T07:46:21.566+0000] {dag.py:3722} INFO - Setting next_dagrun for tutorial_taskflow_api_virtualenv to None, run_after=None
[2025-10-17T07:46:21.591+0000] {processor.py:179} INFO - Processing /home/airflow/.local/lib/python3.8/site-packages/airflow/example_dags/tutorial_taskflow_api_virtualenv.py took 0.193 seconds
[2025-10-17T07:46:51.979+0000] {processor.py:157} INFO - Started process (PID=143) to work on /home/airflow/.local/lib/python3.8/site-packages/airflow/example_dags/tutorial_taskflow_api_virtualenv.py
[2025-10-17T07:46:51.981+0000] {processor.py:829} INFO - Processing file /home/airflow/.local/lib/python3.8/site-packages/airflow/example_dags/tutorial_taskflow_api_virtualenv.py for tasks to queue
[2025-10-17T07:46:51.983+0000] {logging_mixin.py:154} INFO - [2025-10-17T07:46:51.983+0000] {dagbag.py:536} INFO - Filling up the DagBag from /home/airflow/.local/lib/python3.8/site-packages/airflow/example_dags/tutorial_taskflow_api_virtualenv.py
[2025-10-17T07:46:51.990+0000] {processor.py:839} INFO - DAG(s) dict_keys(['tutorial_taskflow_api_virtualenv']) retrieved from /home/airflow/.local/lib/python3.8/site-packages/airflow/example_dags/tutorial_taskflow_api_virtualenv.py
[2025-10-17T07:46:52.011+0000] {logging_mixin.py:154} INFO - [2025-10-17T07:46:52.011+0000] {dag.py:2941} INFO - Sync 1 DAGs
[2025-10-17T07:46:52.022+0000] {logging_mixin.py:154} INFO - [2025-10-17T07:46:52.021+0000] {dag.py:3722} INFO - Setting next_dagrun for tutorial_taskflow_api_virtualenv to None, run_after=None
[2025-10-17T07:46:52.039+0000] {processor.py:179} INFO - Processing /home/airflow/.local/lib/python3.8/site-packages/airflow/example_dags/tutorial_taskflow_api_virtualenv.py took 0.063 seconds
[2025-10-17T07:47:23.019+0000] {processor.py:157} INFO - Started process (PID=199) to work on /home/airflow/.local/lib/python3.8/site-packages/airflow/example_dags/tutorial_taskflow_api_virtualenv.py
[2025-10-17T07:47:23.020+0000] {processor.py:829} INFO - Processing file /home/airflow/.local/lib/python3.8/site-packages/airflow/example_dags/tutorial_taskflow_api_virtualenv.py for tasks to queue
[2025-10-17T07:47:23.023+0000] {logging_mixin.py:154} INFO - [2025-10-17T07:47:23.023+0000] {dagbag.py:536} INFO - Filling up the DagBag from /home/airflow/.local/lib/python3.8/site-packages/airflow/example_dags/tutorial_taskflow_api_virtualenv.py
[2025-10-17T07:47:23.031+0000] {processor.py:839} INFO - DAG(s) dict_keys(['tutorial_taskflow_api_virtualenv']) retrieved from /home/airflow/.local/lib/python3.8/site-packages/airflow/example_dags/tutorial_taskflow_api_virtualenv.py
[2025-10-17T07:47:23.053+0000] {logging_mixin.py:154} INFO - [2025-10-17T07:47:23.053+0000] {dag.py:2941} INFO - Sync 1 DAGs
[2025-10-17T07:47:23.067+0000] {logging_mixin.py:154} INFO - [2025-10-17T07:47:23.067+0000] {dag.py:3722} INFO - Setting next_dagrun for tutorial_taskflow_api_virtualenv to None, run_after=None
[2025-10-17T07:47:23.089+0000] {processor.py:179} INFO - Processing /home/airflow/.local/lib/python3.8/site-packages/airflow/example_dags/tutorial_taskflow_api_virtualenv.py took 0.074 seconds
[2025-10-17T07:47:53.505+0000] {processor.py:157} INFO - Started process (PID=255) to work on /home/airflow/.local/lib/python3.8/site-packages/airflow/example_dags/tutorial_taskflow_api_virtualenv.py
[2025-10-17T07:47:53.506+0000] {processor.py:829} INFO - Processing file /home/airflow/.local/lib/python3.8/site-packages/airflow/example_dags/tutorial_taskflow_api_virtualenv.py for tasks to queue
[2025-10-17T07:47:53.509+0000] {logging_mixin.py:154} INFO - [2025-10-17T07:47:53.508+0000] {dagbag.py:536} INFO - Filling up the DagBag from /home/airflow/.local/lib/python3.8/site-packages/airflow/example_dags/tutorial_taskflow_api_virtualenv.py
[2025-10-17T07:47:53.516+0000] {processor.py:839} INFO - DAG(s) dict_keys(['tutorial_taskflow_api_virtualenv']) retrieved from /home/airflow/.local/lib/python3.8/site-packages/airflow/example_dags/tutorial_taskflow_api_virtualenv.py
[2025-10-17T07:47:53.536+0000] {logging_mixin.py:154} INFO - [2025-10-17T07:47:53.536+0000] {dag.py:2941} INFO - Sync 1 DAGs
[2025-10-17T07:47:53.548+0000] {logging_mixin.py:154} INFO - [2025-10-17T07:47:53.548+0000] {dag.py:3722} INFO - Setting next_dagrun for tutorial_taskflow_api_virtualenv to None, run_after=None
[2025-10-17T07:47:53.567+0000] {processor.py:179} INFO - Processing /home/airflow/.local/lib/python3.8/site-packages/airflow/example_dags/tutorial_taskflow_api_virtualenv.py took 0.066 seconds
[2025-10-17T07:48:24.010+0000] {processor.py:157} INFO - Started process (PID=311) to work on /home/airflow/.local/lib/python3.8/site-packages/airflow/example_dags/tutorial_taskflow_api_virtualenv.py
[2025-10-17T07:48:24.011+0000] {processor.py:829} INFO - Processing file /home/airflow/.local/lib/python3.8/site-packages/airflow/example_dags/tutorial_taskflow_api_virtualenv.py for tasks to queue
[2025-10-17T07:48:24.013+0000] {logging_mixin.py:154} INFO - [2025-10-17T07:48:24.013+0000] {dagbag.py:536} INFO - Filling up the DagBag from /home/airflow/.local/lib/python3.8/site-packages/airflow/example_dags/tutorial_taskflow_api_virtualenv.py
[2025-10-17T07:48:24.020+0000] {processor.py:839} INFO - DAG(s) dict_keys(['tutorial_taskflow_api_virtualenv']) retrieved from /home/airflow/.local/lib/python3.8/site-packages/airflow/example_dags/tutorial_taskflow_api_virtualenv.py
[2025-10-17T07:48:24.039+0000] {logging_mixin.py:154} INFO - [2025-10-17T07:48:24.039+0000] {dag.py:2941} INFO - Sync 1 DAGs
[2025-10-17T07:48:24.050+0000] {logging_mixin.py:154} INFO - [2025-10-17T07:48:24.050+0000] {dag.py:3722} INFO - Setting next_dagrun for tutorial_taskflow_api_virtualenv to None, run_after=None
[2025-10-17T07:48:24.066+0000] {processor.py:179} INFO - Processing /home/airflow/.local/lib/python3.8/site-packages/airflow/example_dags/tutorial_taskflow_api_virtualenv.py took 0.058 seconds
[2025-10-17T07:48:54.924+0000] {processor.py:157} INFO - Started process (PID=367) to work on /home/airflow/.local/lib/python3.8/site-packages/airflow/example_dags/tutorial_taskflow_api_virtualenv.py
[2025-10-17T07:48:54.925+0000] {processor.py:829} INFO - Processing file /home/airflow/.local/lib/python3.8/site-packages/airflow/example_dags/tutorial_taskflow_api_virtualenv.py for tasks to queue
[2025-10-17T07:48:54.927+0000] {logging_mixin.py:154} INFO - [2025-10-17T07:48:54.927+0000] {dagbag.py:536} INFO - Filling up the DagBag from /home/airflow/.local/lib/python3.8/site-packages/airflow/example_dags/tutorial_taskflow_api_virtualenv.py
[2025-10-17T07:48:54.934+0000] {processor.py:839} INFO - DAG(s) dict_keys(['tutorial_taskflow_api_virtualenv']) retrieved from /home/airflow/.local/lib/python3.8/site-packages/airflow/example_dags/tutorial_taskflow_api_virtualenv.py
[2025-10-17T07:48:54.953+0000] {logging_mixin.py:154} INFO - [2025-10-17T07:48:54.953+0000] {dag.py:2941} INFO - Sync 1 DAGs
[2025-10-17T07:48:54.965+0000] {logging_mixin.py:154} INFO - [2025-10-17T07:48:54.964+0000] {dag.py:3722} INFO - Setting next_dagrun for tutorial_taskflow_api_virtualenv to None, run_after=None
[2025-10-17T07:48:54.982+0000] {processor.py:179} INFO - Processing /home/airflow/.local/lib/python3.8/site-packages/airflow/example_dags/tutorial_taskflow_api_virtualenv.py took 0.061 seconds
[2025-10-17T07:49:25.437+0000] {processor.py:157} INFO - Started process (PID=423) to work on /home/airflow/.local/lib/python3.8/site-packages/airflow/example_dags/tutorial_taskflow_api_virtualenv.py
[2025-10-17T07:49:25.438+0000] {processor.py:829} INFO - Processing file /home/airflow/.local/lib/python3.8/site-packages/airflow/example_dags/tutorial_taskflow_api_virtualenv.py for tasks to queue
[2025-10-17T07:49:25.440+0000] {logging_mixin.py:154} INFO - [2025-10-17T07:49:25.440+0000] {dagbag.py:536} INFO - Filling up the DagBag from /home/airflow/.local/lib/python3.8/site-packages/airflow/example_dags/tutorial_taskflow_api_virtualenv.py
[2025-10-17T07:49:25.446+0000] {processor.py:839} INFO - DAG(s) dict_keys(['tutorial_taskflow_api_virtualenv']) retrieved from /home/airflow/.local/lib/python3.8/site-packages/airflow/example_dags/tutorial_taskflow_api_virtualenv.py
[2025-10-17T07:49:25.466+0000] {logging_mixin.py:154} INFO - [2025-10-17T07:49:25.465+0000] {dag.py:2941} INFO - Sync 1 DAGs
[2025-10-17T07:49:25.476+0000] {logging_mixin.py:154} INFO - [2025-10-17T07:49:25.476+0000] {dag.py:3722} INFO - Setting next_dagrun for tutorial_taskflow_api_virtualenv to None, run_after=None
[2025-10-17T07:49:25.494+0000] {processor.py:179} INFO - Processing /home/airflow/.local/lib/python3.8/site-packages/airflow/example_dags/tutorial_taskflow_api_virtualenv.py took 0.060 seconds
[2025-10-17T07:49:56.188+0000] {processor.py:157} INFO - Started process (PID=479) to work on /home/airflow/.local/lib/python3.8/site-packages/airflow/example_dags/tutorial_taskflow_api_virtualenv.py
[2025-10-17T07:49:56.189+0000] {processor.py:829} INFO - Processing file /home/airflow/.local/lib/python3.8/site-packages/airflow/example_dags/tutorial_taskflow_api_virtualenv.py for tasks to queue
[2025-10-17T07:49:56.192+0000] {logging_mixin.py:154} INFO - [2025-10-17T07:49:56.191+0000] {dagbag.py:536} INFO - Filling up the DagBag from /home/airflow/.local/lib/python3.8/site-packages/airflow/example_dags/tutorial_taskflow_api_virtualenv.py
[2025-10-17T07:49:56.200+0000] {processor.py:839} INFO - DAG(s) dict_keys(['tutorial_taskflow_api_virtualenv']) retrieved from /home/airflow/.local/lib/python3.8/site-packages/airflow/example_dags/tutorial_taskflow_api_virtualenv.py
[2025-10-17T07:49:56.223+0000] {logging_mixin.py:154} INFO - [2025-10-17T07:49:56.223+0000] {dag.py:2941} INFO - Sync 1 DAGs
[2025-10-17T07:49:56.238+0000] {logging_mixin.py:154} INFO - [2025-10-17T07:49:56.238+0000] {dag.py:3722} INFO - Setting next_dagrun for tutorial_taskflow_api_virtualenv to None, run_after=None
[2025-10-17T07:49:56.262+0000] {processor.py:179} INFO - Processing /home/airflow/.local/lib/python3.8/site-packages/airflow/example_dags/tutorial_taskflow_api_virtualenv.py took 0.077 seconds
[2025-10-17T07:50:26.381+0000] {processor.py:157} INFO - Started process (PID=535) to work on /home/airflow/.local/lib/python3.8/site-packages/airflow/example_dags/tutorial_taskflow_api_virtualenv.py
[2025-10-17T07:50:26.382+0000] {processor.py:829} INFO - Processing file /home/airflow/.local/lib/python3.8/site-packages/airflow/example_dags/tutorial_taskflow_api_virtualenv.py for tasks to queue
[2025-10-17T07:50:26.385+0000] {logging_mixin.py:154} INFO - [2025-10-17T07:50:26.384+0000] {dagbag.py:536} INFO - Filling up the DagBag from /home/airflow/.local/lib/python3.8/site-packages/airflow/example_dags/tutorial_taskflow_api_virtualenv.py
[2025-10-17T07:50:26.392+0000] {processor.py:839} INFO - DAG(s) dict_keys(['tutorial_taskflow_api_virtualenv']) retrieved from /home/airflow/.local/lib/python3.8/site-packages/airflow/example_dags/tutorial_taskflow_api_virtualenv.py
[2025-10-17T07:50:26.413+0000] {logging_mixin.py:154} INFO - [2025-10-17T07:50:26.413+0000] {dag.py:2941} INFO - Sync 1 DAGs
[2025-10-17T07:50:26.425+0000] {logging_mixin.py:154} INFO - [2025-10-17T07:50:26.425+0000] {dag.py:3722} INFO - Setting next_dagrun for tutorial_taskflow_api_virtualenv to None, run_after=None
[2025-10-17T07:50:26.445+0000] {processor.py:179} INFO - Processing /home/airflow/.local/lib/python3.8/site-packages/airflow/example_dags/tutorial_taskflow_api_virtualenv.py took 0.067 seconds
[2025-10-17T07:50:57.201+0000] {processor.py:157} INFO - Started process (PID=591) to work on /home/airflow/.local/lib/python3.8/site-packages/airflow/example_dags/tutorial_taskflow_api_virtualenv.py
[2025-10-17T07:50:57.202+0000] {processor.py:829} INFO - Processing file /home/airflow/.local/lib/python3.8/site-packages/airflow/example_dags/tutorial_taskflow_api_virtualenv.py for tasks to queue
[2025-10-17T07:50:57.204+0000] {logging_mixin.py:154} INFO - [2025-10-17T07:50:57.204+0000] {dagbag.py:536} INFO - Filling up the DagBag from /home/airflow/.local/lib/python3.8/site-packages/airflow/example_dags/tutorial_taskflow_api_virtualenv.py
[2025-10-17T07:50:57.210+0000] {processor.py:839} INFO - DAG(s) dict_keys(['tutorial_taskflow_api_virtualenv']) retrieved from /home/airflow/.local/lib/python3.8/site-packages/airflow/example_dags/tutorial_taskflow_api_virtualenv.py
[2025-10-17T07:50:57.230+0000] {logging_mixin.py:154} INFO - [2025-10-17T07:50:57.229+0000] {dag.py:2941} INFO - Sync 1 DAGs
[2025-10-17T07:50:57.240+0000] {logging_mixin.py:154} INFO - [2025-10-17T07:50:57.240+0000] {dag.py:3722} INFO - Setting next_dagrun for tutorial_taskflow_api_virtualenv to None, run_after=None
[2025-10-17T07:50:57.257+0000] {processor.py:179} INFO - Processing /home/airflow/.local/lib/python3.8/site-packages/airflow/example_dags/tutorial_taskflow_api_virtualenv.py took 0.059 seconds
[2025-10-17T07:51:27.830+0000] {processor.py:157} INFO - Started process (PID=647) to work on /home/airflow/.local/lib/python3.8/site-packages/airflow/example_dags/tutorial_taskflow_api_virtualenv.py
[2025-10-17T07:51:27.831+0000] {processor.py:829} INFO - Processing file /home/airflow/.local/lib/python3.8/site-packages/airflow/example_dags/tutorial_taskflow_api_virtualenv.py for tasks to queue
[2025-10-17T07:51:27.833+0000] {logging_mixin.py:154} INFO - [2025-10-17T07:51:27.833+0000] {dagbag.py:536} INFO - Filling up the DagBag from /home/airflow/.local/lib/python3.8/site-packages/airflow/example_dags/tutorial_taskflow_api_virtualenv.py
[2025-10-17T07:51:27.840+0000] {processor.py:839} INFO - DAG(s) dict_keys(['tutorial_taskflow_api_virtualenv']) retrieved from /home/airflow/.local/lib/python3.8/site-packages/airflow/example_dags/tutorial_taskflow_api_virtualenv.py
[2025-10-17T07:51:27.859+0000] {logging_mixin.py:154} INFO - [2025-10-17T07:51:27.859+0000] {dag.py:2941} INFO - Sync 1 DAGs
[2025-10-17T07:51:27.870+0000] {logging_mixin.py:154} INFO - [2025-10-17T07:51:27.870+0000] {dag.py:3722} INFO - Setting next_dagrun for tutorial_taskflow_api_virtualenv to None, run_after=None
[2025-10-17T07:51:27.888+0000] {processor.py:179} INFO - Processing /home/airflow/.local/lib/python3.8/site-packages/airflow/example_dags/tutorial_taskflow_api_virtualenv.py took 0.062 seconds
[2025-10-17T07:51:58.466+0000] {processor.py:157} INFO - Started process (PID=703) to work on /home/airflow/.local/lib/python3.8/site-packages/airflow/example_dags/tutorial_taskflow_api_virtualenv.py
[2025-10-17T07:51:58.467+0000] {processor.py:829} INFO - Processing file /home/airflow/.local/lib/python3.8/site-packages/airflow/example_dags/tutorial_taskflow_api_virtualenv.py for tasks to queue
[2025-10-17T07:51:58.469+0000] {logging_mixin.py:154} INFO - [2025-10-17T07:51:58.469+0000] {dagbag.py:536} INFO - Filling up the DagBag from /home/airflow/.local/lib/python3.8/site-packages/airflow/example_dags/tutorial_taskflow_api_virtualenv.py
[2025-10-17T07:51:58.476+0000] {processor.py:839} INFO - DAG(s) dict_keys(['tutorial_taskflow_api_virtualenv']) retrieved from /home/airflow/.local/lib/python3.8/site-packages/airflow/example_dags/tutorial_taskflow_api_virtualenv.py
[2025-10-17T07:51:58.495+0000] {logging_mixin.py:154} INFO - [2025-10-17T07:51:58.495+0000] {dag.py:2941} INFO - Sync 1 DAGs
[2025-10-17T07:51:58.506+0000] {logging_mixin.py:154} INFO - [2025-10-17T07:51:58.506+0000] {dag.py:3722} INFO - Setting next_dagrun for tutorial_taskflow_api_virtualenv to None, run_after=None
[2025-10-17T07:51:58.522+0000] {processor.py:179} INFO - Processing /home/airflow/.local/lib/python3.8/site-packages/airflow/example_dags/tutorial_taskflow_api_virtualenv.py took 0.060 seconds
[2025-10-17T08:08:54.572+0000] {processor.py:157} INFO - Started process (PID=88) to work on /home/airflow/.local/lib/python3.8/site-packages/airflow/example_dags/tutorial_taskflow_api_virtualenv.py
[2025-10-17T08:08:54.573+0000] {processor.py:829} INFO - Processing file /home/airflow/.local/lib/python3.8/site-packages/airflow/example_dags/tutorial_taskflow_api_virtualenv.py for tasks to queue
[2025-10-17T08:08:54.575+0000] {logging_mixin.py:154} INFO - [2025-10-17T08:08:54.575+0000] {dagbag.py:536} INFO - Filling up the DagBag from /home/airflow/.local/lib/python3.8/site-packages/airflow/example_dags/tutorial_taskflow_api_virtualenv.py
[2025-10-17T08:08:54.583+0000] {processor.py:839} INFO - DAG(s) dict_keys(['tutorial_taskflow_api_virtualenv']) retrieved from /home/airflow/.local/lib/python3.8/site-packages/airflow/example_dags/tutorial_taskflow_api_virtualenv.py
[2025-10-17T08:08:54.711+0000] {logging_mixin.py:154} INFO - [2025-10-17T08:08:54.710+0000] {manager.py:499} INFO - Created Permission View: %s
[2025-10-17T08:08:54.724+0000] {logging_mixin.py:154} INFO - [2025-10-17T08:08:54.723+0000] {manager.py:499} INFO - Created Permission View: %s
[2025-10-17T08:08:54.732+0000] {logging_mixin.py:154} INFO - [2025-10-17T08:08:54.732+0000] {manager.py:499} INFO - Created Permission View: %s
[2025-10-17T08:08:54.732+0000] {logging_mixin.py:154} INFO - [2025-10-17T08:08:54.732+0000] {dag.py:2941} INFO - Sync 1 DAGs
[2025-10-17T08:08:54.744+0000] {logging_mixin.py:154} INFO - [2025-10-17T08:08:54.744+0000] {dag.py:2963} INFO - Creating ORM DAG for tutorial_taskflow_api_virtualenv
[2025-10-17T08:08:54.745+0000] {logging_mixin.py:154} INFO - [2025-10-17T08:08:54.745+0000] {dag.py:3722} INFO - Setting next_dagrun for tutorial_taskflow_api_virtualenv to None, run_after=None
[2025-10-17T08:08:54.761+0000] {processor.py:179} INFO - Processing /home/airflow/.local/lib/python3.8/site-packages/airflow/example_dags/tutorial_taskflow_api_virtualenv.py took 0.193 seconds
[2025-10-17T08:09:25.178+0000] {processor.py:157} INFO - Started process (PID=144) to work on /home/airflow/.local/lib/python3.8/site-packages/airflow/example_dags/tutorial_taskflow_api_virtualenv.py
[2025-10-17T08:09:25.179+0000] {processor.py:829} INFO - Processing file /home/airflow/.local/lib/python3.8/site-packages/airflow/example_dags/tutorial_taskflow_api_virtualenv.py for tasks to queue
[2025-10-17T08:09:25.181+0000] {logging_mixin.py:154} INFO - [2025-10-17T08:09:25.181+0000] {dagbag.py:536} INFO - Filling up the DagBag from /home/airflow/.local/lib/python3.8/site-packages/airflow/example_dags/tutorial_taskflow_api_virtualenv.py
[2025-10-17T08:09:25.188+0000] {processor.py:839} INFO - DAG(s) dict_keys(['tutorial_taskflow_api_virtualenv']) retrieved from /home/airflow/.local/lib/python3.8/site-packages/airflow/example_dags/tutorial_taskflow_api_virtualenv.py
[2025-10-17T08:09:25.208+0000] {logging_mixin.py:154} INFO - [2025-10-17T08:09:25.208+0000] {dag.py:2941} INFO - Sync 1 DAGs
[2025-10-17T08:09:25.219+0000] {logging_mixin.py:154} INFO - [2025-10-17T08:09:25.219+0000] {dag.py:3722} INFO - Setting next_dagrun for tutorial_taskflow_api_virtualenv to None, run_after=None
[2025-10-17T08:09:25.236+0000] {processor.py:179} INFO - Processing /home/airflow/.local/lib/python3.8/site-packages/airflow/example_dags/tutorial_taskflow_api_virtualenv.py took 0.062 seconds
[2025-10-17T08:09:56.157+0000] {processor.py:157} INFO - Started process (PID=200) to work on /home/airflow/.local/lib/python3.8/site-packages/airflow/example_dags/tutorial_taskflow_api_virtualenv.py
[2025-10-17T08:09:56.159+0000] {processor.py:829} INFO - Processing file /home/airflow/.local/lib/python3.8/site-packages/airflow/example_dags/tutorial_taskflow_api_virtualenv.py for tasks to queue
[2025-10-17T08:09:56.162+0000] {logging_mixin.py:154} INFO - [2025-10-17T08:09:56.161+0000] {dagbag.py:536} INFO - Filling up the DagBag from /home/airflow/.local/lib/python3.8/site-packages/airflow/example_dags/tutorial_taskflow_api_virtualenv.py
[2025-10-17T08:09:56.171+0000] {processor.py:839} INFO - DAG(s) dict_keys(['tutorial_taskflow_api_virtualenv']) retrieved from /home/airflow/.local/lib/python3.8/site-packages/airflow/example_dags/tutorial_taskflow_api_virtualenv.py
[2025-10-17T08:09:56.195+0000] {logging_mixin.py:154} INFO - [2025-10-17T08:09:56.194+0000] {dag.py:2941} INFO - Sync 1 DAGs
[2025-10-17T08:09:56.212+0000] {logging_mixin.py:154} INFO - [2025-10-17T08:09:56.212+0000] {dag.py:3722} INFO - Setting next_dagrun for tutorial_taskflow_api_virtualenv to None, run_after=None
[2025-10-17T08:09:56.271+0000] {processor.py:179} INFO - Processing /home/airflow/.local/lib/python3.8/site-packages/airflow/example_dags/tutorial_taskflow_api_virtualenv.py took 0.118 seconds
[2025-10-17T08:10:27.127+0000] {processor.py:157} INFO - Started process (PID=256) to work on /home/airflow/.local/lib/python3.8/site-packages/airflow/example_dags/tutorial_taskflow_api_virtualenv.py
[2025-10-17T08:10:27.129+0000] {processor.py:829} INFO - Processing file /home/airflow/.local/lib/python3.8/site-packages/airflow/example_dags/tutorial_taskflow_api_virtualenv.py for tasks to queue
[2025-10-17T08:10:27.131+0000] {logging_mixin.py:154} INFO - [2025-10-17T08:10:27.131+0000] {dagbag.py:536} INFO - Filling up the DagBag from /home/airflow/.local/lib/python3.8/site-packages/airflow/example_dags/tutorial_taskflow_api_virtualenv.py
[2025-10-17T08:10:27.137+0000] {processor.py:839} INFO - DAG(s) dict_keys(['tutorial_taskflow_api_virtualenv']) retrieved from /home/airflow/.local/lib/python3.8/site-packages/airflow/example_dags/tutorial_taskflow_api_virtualenv.py
[2025-10-17T08:10:27.156+0000] {logging_mixin.py:154} INFO - [2025-10-17T08:10:27.156+0000] {dag.py:2941} INFO - Sync 1 DAGs
[2025-10-17T08:10:27.167+0000] {logging_mixin.py:154} INFO - [2025-10-17T08:10:27.167+0000] {dag.py:3722} INFO - Setting next_dagrun for tutorial_taskflow_api_virtualenv to None, run_after=None
[2025-10-17T08:10:27.183+0000] {processor.py:179} INFO - Processing /home/airflow/.local/lib/python3.8/site-packages/airflow/example_dags/tutorial_taskflow_api_virtualenv.py took 0.059 seconds
[2025-10-17T08:10:57.845+0000] {processor.py:157} INFO - Started process (PID=312) to work on /home/airflow/.local/lib/python3.8/site-packages/airflow/example_dags/tutorial_taskflow_api_virtualenv.py
[2025-10-17T08:10:57.846+0000] {processor.py:829} INFO - Processing file /home/airflow/.local/lib/python3.8/site-packages/airflow/example_dags/tutorial_taskflow_api_virtualenv.py for tasks to queue
[2025-10-17T08:10:57.849+0000] {logging_mixin.py:154} INFO - [2025-10-17T08:10:57.848+0000] {dagbag.py:536} INFO - Filling up the DagBag from /home/airflow/.local/lib/python3.8/site-packages/airflow/example_dags/tutorial_taskflow_api_virtualenv.py
[2025-10-17T08:10:57.855+0000] {processor.py:839} INFO - DAG(s) dict_keys(['tutorial_taskflow_api_virtualenv']) retrieved from /home/airflow/.local/lib/python3.8/site-packages/airflow/example_dags/tutorial_taskflow_api_virtualenv.py
[2025-10-17T08:10:57.875+0000] {logging_mixin.py:154} INFO - [2025-10-17T08:10:57.875+0000] {dag.py:2941} INFO - Sync 1 DAGs
[2025-10-17T08:10:57.887+0000] {logging_mixin.py:154} INFO - [2025-10-17T08:10:57.887+0000] {dag.py:3722} INFO - Setting next_dagrun for tutorial_taskflow_api_virtualenv to None, run_after=None
[2025-10-17T08:10:57.905+0000] {processor.py:179} INFO - Processing /home/airflow/.local/lib/python3.8/site-packages/airflow/example_dags/tutorial_taskflow_api_virtualenv.py took 0.064 seconds
[2025-10-17T08:12:36.321+0000] {processor.py:157} INFO - Started process (PID=89) to work on /home/airflow/.local/lib/python3.8/site-packages/airflow/example_dags/tutorial_taskflow_api_virtualenv.py
[2025-10-17T08:12:36.322+0000] {processor.py:829} INFO - Processing file /home/airflow/.local/lib/python3.8/site-packages/airflow/example_dags/tutorial_taskflow_api_virtualenv.py for tasks to queue
[2025-10-17T08:12:36.324+0000] {logging_mixin.py:154} INFO - [2025-10-17T08:12:36.324+0000] {dagbag.py:536} INFO - Filling up the DagBag from /home/airflow/.local/lib/python3.8/site-packages/airflow/example_dags/tutorial_taskflow_api_virtualenv.py
[2025-10-17T08:12:36.331+0000] {processor.py:839} INFO - DAG(s) dict_keys(['tutorial_taskflow_api_virtualenv']) retrieved from /home/airflow/.local/lib/python3.8/site-packages/airflow/example_dags/tutorial_taskflow_api_virtualenv.py
[2025-10-17T08:12:36.465+0000] {logging_mixin.py:154} INFO - [2025-10-17T08:12:36.465+0000] {manager.py:499} INFO - Created Permission View: %s
[2025-10-17T08:12:36.477+0000] {logging_mixin.py:154} INFO - [2025-10-17T08:12:36.477+0000] {manager.py:499} INFO - Created Permission View: %s
[2025-10-17T08:12:36.486+0000] {logging_mixin.py:154} INFO - [2025-10-17T08:12:36.485+0000] {manager.py:499} INFO - Created Permission View: %s
[2025-10-17T08:12:36.486+0000] {logging_mixin.py:154} INFO - [2025-10-17T08:12:36.486+0000] {dag.py:2941} INFO - Sync 1 DAGs
[2025-10-17T08:12:36.500+0000] {logging_mixin.py:154} INFO - [2025-10-17T08:12:36.500+0000] {dag.py:2963} INFO - Creating ORM DAG for tutorial_taskflow_api_virtualenv
[2025-10-17T08:12:36.501+0000] {logging_mixin.py:154} INFO - [2025-10-17T08:12:36.501+0000] {dag.py:3722} INFO - Setting next_dagrun for tutorial_taskflow_api_virtualenv to None, run_after=None
[2025-10-17T08:12:36.523+0000] {processor.py:179} INFO - Processing /home/airflow/.local/lib/python3.8/site-packages/airflow/example_dags/tutorial_taskflow_api_virtualenv.py took 0.205 seconds
[2025-10-17T08:13:07.269+0000] {processor.py:157} INFO - Started process (PID=145) to work on /home/airflow/.local/lib/python3.8/site-packages/airflow/example_dags/tutorial_taskflow_api_virtualenv.py
[2025-10-17T08:13:07.270+0000] {processor.py:829} INFO - Processing file /home/airflow/.local/lib/python3.8/site-packages/airflow/example_dags/tutorial_taskflow_api_virtualenv.py for tasks to queue
[2025-10-17T08:13:07.272+0000] {logging_mixin.py:154} INFO - [2025-10-17T08:13:07.272+0000] {dagbag.py:536} INFO - Filling up the DagBag from /home/airflow/.local/lib/python3.8/site-packages/airflow/example_dags/tutorial_taskflow_api_virtualenv.py
[2025-10-17T08:13:07.279+0000] {processor.py:839} INFO - DAG(s) dict_keys(['tutorial_taskflow_api_virtualenv']) retrieved from /home/airflow/.local/lib/python3.8/site-packages/airflow/example_dags/tutorial_taskflow_api_virtualenv.py
[2025-10-17T08:13:07.298+0000] {logging_mixin.py:154} INFO - [2025-10-17T08:13:07.298+0000] {dag.py:2941} INFO - Sync 1 DAGs
[2025-10-17T08:13:07.308+0000] {logging_mixin.py:154} INFO - [2025-10-17T08:13:07.308+0000] {dag.py:3722} INFO - Setting next_dagrun for tutorial_taskflow_api_virtualenv to None, run_after=None
[2025-10-17T08:13:07.325+0000] {processor.py:179} INFO - Processing /home/airflow/.local/lib/python3.8/site-packages/airflow/example_dags/tutorial_taskflow_api_virtualenv.py took 0.058 seconds
[2025-10-17T08:13:37.816+0000] {processor.py:157} INFO - Started process (PID=201) to work on /home/airflow/.local/lib/python3.8/site-packages/airflow/example_dags/tutorial_taskflow_api_virtualenv.py
[2025-10-17T08:13:37.817+0000] {processor.py:829} INFO - Processing file /home/airflow/.local/lib/python3.8/site-packages/airflow/example_dags/tutorial_taskflow_api_virtualenv.py for tasks to queue
[2025-10-17T08:13:37.819+0000] {logging_mixin.py:154} INFO - [2025-10-17T08:13:37.819+0000] {dagbag.py:536} INFO - Filling up the DagBag from /home/airflow/.local/lib/python3.8/site-packages/airflow/example_dags/tutorial_taskflow_api_virtualenv.py
[2025-10-17T08:13:37.825+0000] {processor.py:839} INFO - DAG(s) dict_keys(['tutorial_taskflow_api_virtualenv']) retrieved from /home/airflow/.local/lib/python3.8/site-packages/airflow/example_dags/tutorial_taskflow_api_virtualenv.py
[2025-10-17T08:13:37.845+0000] {logging_mixin.py:154} INFO - [2025-10-17T08:13:37.845+0000] {dag.py:2941} INFO - Sync 1 DAGs
[2025-10-17T08:13:37.861+0000] {logging_mixin.py:154} INFO - [2025-10-17T08:13:37.861+0000] {dag.py:3722} INFO - Setting next_dagrun for tutorial_taskflow_api_virtualenv to None, run_after=None
[2025-10-17T08:13:37.882+0000] {processor.py:179} INFO - Processing /home/airflow/.local/lib/python3.8/site-packages/airflow/example_dags/tutorial_taskflow_api_virtualenv.py took 0.070 seconds
